#
# There is insufficient memory for the Java Runtime Environment to continue.
# Native memory allocation (mmap) failed to map 33554432 bytes for Failed to commit area from 0x000000008a000000 to 0x000000008c000000 of length 33554432.
# Possible reasons:
#   The system is out of physical RAM or swap space
#   The process is running with CompressedOops enabled, and the Java Heap may be blocking the growth of the native heap
# Possible solutions:
#   Reduce memory load on the system
#   Increase physical memory or swap space
#   Check if swap backing store is full
#   Decrease Java heap size (-Xmx/-Xms)
#   Decrease number of Java threads
#   Decrease Java thread stack sizes (-Xss)
#   Set larger code cache with -XX:ReservedCodeCacheSize=
#   JVM is running with Unscaled Compressed Oops mode in which the Java heap is
#     placed in the first 4GB address space. The Java Heap base address is the
#     maximum limit for the native heap growth. Please use -XX:HeapBaseMinAddress
#     to set the Java Heap base and to place the Java Heap above 4GB virtual address.
# This output file may be truncated or incomplete.
#
#  Out of Memory Error (./src/hotspot/os/windows/os_windows.cpp:3619), pid=6272, tid=1960
#
# JRE version: OpenJDK Runtime Environment (11.0.13) (build 11.0.13+0-b1751.21-8125866)
# Java VM: OpenJDK 64-Bit Server VM (11.0.13+0-b1751.21-8125866, mixed mode, tiered, compressed oops, g1 gc, windows-amd64)
# No core dump will be written. Minidumps are not enabled by default on client versions of Windows
#

---------------  S U M M A R Y ------------

Command Line: --add-opens=java.base/java.util=ALL-UNNAMED --add-opens=java.base/java.lang=ALL-UNNAMED --add-opens=java.base/java.lang.invoke=ALL-UNNAMED --add-opens=java.base/java.util=ALL-UNNAMED --add-opens=java.prefs/java.util.prefs=ALL-UNNAMED --add-opens=java.prefs/java.util.prefs=ALL-UNNAMED --add-opens=java.base/java.nio.charset=ALL-UNNAMED --add-opens=java.base/java.net=ALL-UNNAMED --add-opens=java.base/java.util.concurrent.atomic=ALL-UNNAMED -Xmx2048m -Dfile.encoding=UTF-8 -Duser.country=US -Duser.language=en -Duser.variant org.gradle.launcher.daemon.bootstrap.GradleDaemon 7.4

Host: Intel(R) Core(TM) i3-7020U CPU @ 2.30GHz, 4 cores, 7G,  Windows 11 , 64 bit Build 22000 (10.0.22000.1335)
Time: Sat Jan  7 23:34:26 2023 SE Asia Standard Time elapsed time: 39.608166 seconds (0d 0h 0m 39s)

---------------  T H R E A D  ---------------

Current thread (0x0000021fe4881800):  VMThread "VM Thread" [stack: 0x0000005ecab00000,0x0000005ecac00000] [id=1960]

Stack: [0x0000005ecab00000,0x0000005ecac00000]
[error occurred during error reporting (printing stack bounds), id 0xc0000005, EXCEPTION_ACCESS_VIOLATION (0xc0000005) at pc=0x0000021fce7a112d]

Native frames: (J=compiled Java code, j=interpreted, Vv=VM code, C=native code)
V  [jvm.dll+0x6100fa]
V  [jvm.dll+0x747090]
V  [jvm.dll+0x7486ad]
V  [jvm.dll+0x748ce5]
V  [jvm.dll+0x748c9b]
V  [jvm.dll+0x60f224]
V  [jvm.dll+0x60f9b8]
C  [ntdll.dll+0xa8b1f]
C  [ntdll.dll+0x35b9a]
C  [ntdll.dll+0xa7b2e]
C  0x0000021fce7a112d

VM_Operation (0x0000005ecbef8f70): G1CollectForAllocation, mode: safepoint, requested by thread 0x0000021fe82ef800


---------------  P R O C E S S  ---------------

Threads class SMR info:
_java_thread_list=0x0000021feed76e40, length=83, elements={
0x0000021fcac7f800, 0x0000021fe4886000, 0x0000021fe4887000, 0x0000021fe5212800,
0x0000021fe48a2800, 0x0000021fe48a5800, 0x0000021fe48a6800, 0x0000021fe48ac000,
0x0000021fe48b7800, 0x0000021fe5359800, 0x0000021fe7190800, 0x0000021fe714f000,
0x0000021fe6531000, 0x0000021fe6971000, 0x0000021fe6778800, 0x0000021fe754b000,
0x0000021fe82ef800, 0x0000021fe750f800, 0x0000021fe81b5800, 0x0000021fe5c04800,
0x0000021fe79f4800, 0x0000021fe79f5000, 0x0000021fe79ef800, 0x0000021fe79f2800,
0x0000021fe79f3800, 0x0000021fe79f1000, 0x0000021fe79f0800, 0x0000021fe79f6000,
0x0000021fe79f2000, 0x0000021fe7aee000, 0x0000021fe7af1000, 0x0000021fe7aef800,
0x0000021fe7af0800, 0x0000021fe7aee800, 0x0000021fe7af2000, 0x0000021fe7aed000,
0x0000021fe7af4800, 0x0000021fe7af7000, 0x0000021fe7af7800, 0x0000021fe7af3800,
0x0000021fe7af5000, 0x0000021fe7af8800, 0x0000021fe7af2800, 0x0000021fe7afb800,
0x0000021fe7af9000, 0x0000021fe7afb000, 0x0000021fe7afa000, 0x0000021fead60000,
0x0000021fead61000, 0x0000021fead62800, 0x0000021fead5f800, 0x0000021fead67800,
0x0000021fead62000, 0x0000021fead63800, 0x0000021fead66000, 0x0000021fead68800,
0x0000021fead66800, 0x0000021fead69000, 0x0000021fead6a000, 0x0000021fead64800,
0x0000021fead6b000, 0x0000021fead65000, 0x0000021fead6c800, 0x0000021fead6b800,
0x0000021fead6d000, 0x0000021fead6e000, 0x0000021fe850d000, 0x0000021fe850e000,
0x0000021fe850c800, 0x0000021fe850a000, 0x0000021fe8508800, 0x0000021fe850f000,
0x0000021fe8509000, 0x0000021fe850f800, 0x0000021fe8510800, 0x0000021fe850a800,
0x0000021fe8511800, 0x0000021fe850b800, 0x0000021fe8513800, 0x0000021fe8513000,
0x0000021fe8516000, 0x0000021fe8515800, 0x0000021feec5b000
}

Java Threads: ( => current thread )
  0x0000021fcac7f800 JavaThread "main" [_thread_blocked, id=6984, stack(0x0000005eca500000,0x0000005eca600000)]
  0x0000021fe4886000 JavaThread "Reference Handler" daemon [_thread_blocked, id=6488, stack(0x0000005ecac00000,0x0000005ecad00000)]
  0x0000021fe4887000 JavaThread "Finalizer" daemon [_thread_blocked, id=3444, stack(0x0000005ecad00000,0x0000005ecae00000)]
  0x0000021fe5212800 JavaThread "Signal Dispatcher" daemon [_thread_blocked, id=12676, stack(0x0000005ecae00000,0x0000005ecaf00000)]
  0x0000021fe48a2800 JavaThread "Attach Listener" daemon [_thread_blocked, id=10624, stack(0x0000005ecaf00000,0x0000005ecb000000)]
  0x0000021fe48a5800 JavaThread "Service Thread" daemon [_thread_blocked, id=8632, stack(0x0000005ecb000000,0x0000005ecb100000)]
  0x0000021fe48a6800 JavaThread "C2 CompilerThread0" daemon [_thread_blocked, id=5596, stack(0x0000005ecb100000,0x0000005ecb200000)]
  0x0000021fe48ac000 JavaThread "C1 CompilerThread0" daemon [_thread_blocked, id=14968, stack(0x0000005ecb200000,0x0000005ecb300000)]
  0x0000021fe48b7800 JavaThread "Sweeper thread" daemon [_thread_blocked, id=6584, stack(0x0000005ecb300000,0x0000005ecb400000)]
  0x0000021fe5359800 JavaThread "Common-Cleaner" daemon [_thread_blocked, id=13100, stack(0x0000005ecb400000,0x0000005ecb500000)]
  0x0000021fe7190800 JavaThread "Daemon health stats" [_thread_blocked, id=14744, stack(0x0000005ecb900000,0x0000005ecba00000)]
  0x0000021fe714f000 JavaThread "Incoming local TCP Connector on port 3688" [_thread_in_native, id=6848, stack(0x0000005ecb600000,0x0000005ecb700000)]
  0x0000021fe6531000 JavaThread "Daemon periodic checks" [_thread_blocked, id=13524, stack(0x0000005ecba00000,0x0000005ecbb00000)]
  0x0000021fe6971000 JavaThread "Daemon" [_thread_blocked, id=7400, stack(0x0000005ecbb00000,0x0000005ecbc00000)]
  0x0000021fe6778800 JavaThread "Handler for socket connection from /127.0.0.1:3688 to /127.0.0.1:3689" [_thread_in_native, id=7036, stack(0x0000005ecbc00000,0x0000005ecbd00000)]
  0x0000021fe754b000 JavaThread "Cancel handler" [_thread_blocked, id=13804, stack(0x0000005ecbd00000,0x0000005ecbe00000)]
  0x0000021fe82ef800 JavaThread "Daemon worker" [_thread_blocked, id=7140, stack(0x0000005ecbe00000,0x0000005ecbf00000)]
  0x0000021fe750f800 JavaThread "Asynchronous log dispatcher for DefaultDaemonConnection: socket connection from /127.0.0.1:3688 to /127.0.0.1:3689" [_thread_blocked, id=2060, stack(0x0000005ecc000000,0x0000005ecc100000)]
  0x0000021fe81b5800 JavaThread "Stdin handler" [_thread_blocked, id=14240, stack(0x0000005ecc100000,0x0000005ecc200000)]
  0x0000021fe5c04800 JavaThread "Daemon client event forwarder" [_thread_blocked, id=2988, stack(0x0000005ecc200000,0x0000005ecc300000)]
  0x0000021fe79f4800 JavaThread "Cache worker for journal cache (C:\Users\Administrator\.gradle\caches\journal-1)" [_thread_blocked, id=6200, stack(0x0000005ecc400000,0x0000005ecc500000)]
  0x0000021fe79f5000 JavaThread "File lock request listener" [_thread_in_native, id=3068, stack(0x0000005ecc500000,0x0000005ecc600000)]
  0x0000021fe79ef800 JavaThread "Cache worker for file hash cache (C:\Users\Administrator\.gradle\caches\7.4\fileHashes)" [_thread_blocked, id=2656, stack(0x0000005ecc600000,0x0000005ecc700000)]
  0x0000021fe79f2800 JavaThread "File watcher server" daemon [_thread_in_native, id=1044, stack(0x0000005ecc700000,0x0000005ecc800000)]
  0x0000021fe79f3800 JavaThread "File watcher consumer" daemon [_thread_blocked, id=4796, stack(0x0000005ecc800000,0x0000005ecc900000)]
  0x0000021fe79f1000 JavaThread "jar transforms" [_thread_blocked, id=12936, stack(0x0000005ecc900000,0x0000005ecca00000)]
  0x0000021fe79f0800 JavaThread "jar transforms Thread 2" [_thread_blocked, id=1280, stack(0x0000005ecca00000,0x0000005eccb00000)]
  0x0000021fe79f6000 JavaThread "jar transforms Thread 3" [_thread_blocked, id=14484, stack(0x0000005eccb00000,0x0000005eccc00000)]
  0x0000021fe79f2000 JavaThread "jar transforms Thread 4" [_thread_blocked, id=8956, stack(0x0000005eccc00000,0x0000005eccd00000)]
  0x0000021fe7aee000 JavaThread "Cache worker for checksums cache (D:\SETIK\findbarber\.gradle\7.4\checksums)" [_thread_blocked, id=10004, stack(0x0000005ecbf00000,0x0000005ecc000000)]
  0x0000021fe7af1000 JavaThread "Cache worker for cache directory md-rule (C:\Users\Administrator\.gradle\caches\7.4\md-rule)" [_thread_blocked, id=9500, stack(0x0000005eccd00000,0x0000005ecce00000)]
  0x0000021fe7aef800 JavaThread "Cache worker for file hash cache (D:\SETIK\findbarber\.gradle\7.4\fileHashes)" [_thread_blocked, id=14352, stack(0x0000005ecce00000,0x0000005eccf00000)]
  0x0000021fe7af0800 JavaThread "Cache worker for cache directory md-supplier (C:\Users\Administrator\.gradle\caches\7.4\md-supplier)" [_thread_blocked, id=4836, stack(0x0000005eccf00000,0x0000005ecd000000)]
  0x0000021fe7aee800 JavaThread "Cache worker for execution history cache (C:\Users\Administrator\.gradle\caches\7.4\executionHistory)" [_thread_blocked, id=11608, stack(0x0000005ecd000000,0x0000005ecd100000)]
  0x0000021fe7af2000 JavaThread "Daemon Thread 2" [_thread_blocked, id=12752, stack(0x0000005ecd200000,0x0000005ecd300000)]
  0x0000021fe7aed000 JavaThread "Cache worker for file content cache (C:\Users\Administrator\.gradle\caches\7.4\fileContent)" [_thread_blocked, id=2620, stack(0x0000005ecd400000,0x0000005ecd500000)]
  0x0000021fe7af4800 JavaThread "Cache worker for dependencies-accessors (D:\SETIK\findbarber\.gradle\7.4\dependencies-accessors)" [_thread_blocked, id=7636, stack(0x0000005ecd300000,0x0000005ecd400000)]
  0x0000021fe7af7000 JavaThread "Cache worker for Build Output Cleanup Cache (D:\SETIK\findbarber\.gradle\buildOutputCleanup)" [_thread_blocked, id=9968, stack(0x0000005ecd100000,0x0000005ecd200000)]
  0x0000021fe7af7800 JavaThread "Unconstrained build operations" [_thread_blocked, id=12100, stack(0x0000005ecd500000,0x0000005ecd600000)]
  0x0000021fe7af3800 JavaThread "Unconstrained build operations Thread 2" [_thread_blocked, id=7908, stack(0x0000005ecd600000,0x0000005ecd700000)]
  0x0000021fe7af5000 JavaThread "Unconstrained build operations Thread 3" [_thread_blocked, id=15292, stack(0x0000005ecd700000,0x0000005ecd800000)]
  0x0000021fe7af8800 JavaThread "Unconstrained build operations Thread 4" [_thread_blocked, id=3168, stack(0x0000005ecd800000,0x0000005ecd900000)]
  0x0000021fe7af2800 JavaThread "Unconstrained build operations Thread 5" [_thread_blocked, id=9680, stack(0x0000005ecd900000,0x0000005ecda00000)]
  0x0000021fe7afb800 JavaThread "Unconstrained build operations Thread 6" [_thread_blocked, id=11944, stack(0x0000005ecda00000,0x0000005ecdb00000)]
  0x0000021fe7af9000 JavaThread "Unconstrained build operations Thread 7" [_thread_blocked, id=13552, stack(0x0000005ecdb00000,0x0000005ecdc00000)]
  0x0000021fe7afb000 JavaThread "Unconstrained build operations Thread 8" [_thread_blocked, id=1668, stack(0x0000005ecdc00000,0x0000005ecdd00000)]
  0x0000021fe7afa000 JavaThread "Unconstrained build operations Thread 9" [_thread_blocked, id=4292, stack(0x0000005ecdd00000,0x0000005ecde00000)]
  0x0000021fead60000 JavaThread "Unconstrained build operations Thread 10" [_thread_blocked, id=13748, stack(0x0000005ecde00000,0x0000005ecdf00000)]
  0x0000021fead61000 JavaThread "Unconstrained build operations Thread 11" [_thread_blocked, id=1428, stack(0x0000005ecdf00000,0x0000005ece000000)]
  0x0000021fead62800 JavaThread "Unconstrained build operations Thread 12" [_thread_blocked, id=11804, stack(0x0000005ece000000,0x0000005ece100000)]
  0x0000021fead5f800 JavaThread "Unconstrained build operations Thread 13" [_thread_blocked, id=5184, stack(0x0000005ece100000,0x0000005ece200000)]
  0x0000021fead67800 JavaThread "Unconstrained build operations Thread 14" [_thread_blocked, id=7776, stack(0x0000005ece200000,0x0000005ece300000)]
  0x0000021fead62000 JavaThread "Unconstrained build operations Thread 15" [_thread_blocked, id=10564, stack(0x0000005ece300000,0x0000005ece400000)]
  0x0000021fead63800 JavaThread "Unconstrained build operations Thread 16" [_thread_blocked, id=7356, stack(0x0000005ece400000,0x0000005ece500000)]
  0x0000021fead66000 JavaThread "Unconstrained build operations Thread 17" [_thread_blocked, id=5944, stack(0x0000005ece500000,0x0000005ece600000)]
  0x0000021fead68800 JavaThread "Unconstrained build operations Thread 18" [_thread_blocked, id=3204, stack(0x0000005ece600000,0x0000005ece700000)]
  0x0000021fead66800 JavaThread "Unconstrained build operations Thread 19" [_thread_blocked, id=14668, stack(0x0000005ece700000,0x0000005ece800000)]
  0x0000021fead69000 JavaThread "Unconstrained build operations Thread 20" [_thread_blocked, id=6636, stack(0x0000005ece800000,0x0000005ece900000)]
  0x0000021fead6a000 JavaThread "Unconstrained build operations Thread 21" [_thread_blocked, id=8440, stack(0x0000005ece900000,0x0000005ecea00000)]
  0x0000021fead64800 JavaThread "Unconstrained build operations Thread 22" [_thread_blocked, id=4988, stack(0x0000005ecea00000,0x0000005eceb00000)]
  0x0000021fead6b000 JavaThread "Unconstrained build operations Thread 23" [_thread_blocked, id=4172, stack(0x0000005eceb00000,0x0000005ecec00000)]
  0x0000021fead65000 JavaThread "Unconstrained build operations Thread 24" [_thread_blocked, id=8968, stack(0x0000005ecec00000,0x0000005eced00000)]
  0x0000021fead6c800 JavaThread "Unconstrained build operations Thread 25" [_thread_blocked, id=4036, stack(0x0000005eced00000,0x0000005ecee00000)]
  0x0000021fead6b800 JavaThread "Unconstrained build operations Thread 26" [_thread_blocked, id=6732, stack(0x0000005ecee00000,0x0000005ecef00000)]
  0x0000021fead6d000 JavaThread "Unconstrained build operations Thread 27" [_thread_blocked, id=7756, stack(0x0000005ecef00000,0x0000005ecf000000)]
  0x0000021fead6e000 JavaThread "Unconstrained build operations Thread 28" [_thread_blocked, id=5580, stack(0x0000005ecf000000,0x0000005ecf100000)]
  0x0000021fe850d000 JavaThread "Unconstrained build operations Thread 29" [_thread_blocked, id=14300, stack(0x0000005ecf100000,0x0000005ecf200000)]
  0x0000021fe850e000 JavaThread "Unconstrained build operations Thread 30" [_thread_blocked, id=2684, stack(0x0000005ecf200000,0x0000005ecf300000)]
  0x0000021fe850c800 JavaThread "Unconstrained build operations Thread 31" [_thread_blocked, id=4592, stack(0x0000005ecf300000,0x0000005ecf400000)]
  0x0000021fe850a000 JavaThread "Unconstrained build operations Thread 32" [_thread_blocked, id=14076, stack(0x0000005ecf400000,0x0000005ecf500000)]
  0x0000021fe8508800 JavaThread "Unconstrained build operations Thread 33" [_thread_blocked, id=9084, stack(0x0000005ecf500000,0x0000005ecf600000)]
  0x0000021fe850f000 JavaThread "Unconstrained build operations Thread 34" [_thread_blocked, id=10408, stack(0x0000005ecf600000,0x0000005ecf700000)]
  0x0000021fe8509000 JavaThread "Unconstrained build operations Thread 35" [_thread_blocked, id=2680, stack(0x0000005ecf700000,0x0000005ecf800000)]
  0x0000021fe850f800 JavaThread "Unconstrained build operations Thread 36" [_thread_blocked, id=5040, stack(0x0000005ecf800000,0x0000005ecf900000)]
  0x0000021fe8510800 JavaThread "Unconstrained build operations Thread 37" [_thread_blocked, id=2936, stack(0x0000005ecf900000,0x0000005ecfa00000)]
  0x0000021fe850a800 JavaThread "Unconstrained build operations Thread 38" [_thread_blocked, id=6968, stack(0x0000005ecfa00000,0x0000005ecfb00000)]
  0x0000021fe8511800 JavaThread "Unconstrained build operations Thread 39" [_thread_blocked, id=2384, stack(0x0000005ecfb00000,0x0000005ecfc00000)]
  0x0000021fe850b800 JavaThread "Unconstrained build operations Thread 40" [_thread_blocked, id=14560, stack(0x0000005ecfc00000,0x0000005ecfd00000)]
  0x0000021fe8513800 JavaThread "File lock release action executor" [_thread_blocked, id=7324, stack(0x0000005ecfe00000,0x0000005ecff00000)]
  0x0000021fe8513000 JavaThread "Memory manager" [_thread_blocked, id=12168, stack(0x0000005ecff00000,0x0000005ed0000000)]
  0x0000021fe8516000 JavaThread "included builds" [_thread_blocked, id=14040, stack(0x0000005ed0100000,0x0000005ed0200000)]
  0x0000021fe8515800 JavaThread "Cache worker for execution history cache (D:\SETIK\findbarber\.gradle\7.4\executionHistory)" [_thread_blocked, id=8508, stack(0x0000005ed0500000,0x0000005ed0600000)]
  0x0000021feec5b000 JavaThread "C2 CompilerThread1" daemon [_thread_blocked, id=8348, stack(0x0000005ed0200000,0x0000005ed0300000)]

Other Threads:
=>0x0000021fe4881800 VMThread "VM Thread" [stack: 0x0000005ecab00000,0x0000005ecac00000] [id=1960]
  0x0000021fe537a800 WatcherThread [stack: 0x0000005ecb500000,0x0000005ecb600000] [id=13832]
  0x0000021fcac98000 GCTaskThread "GC Thread#0" [stack: 0x0000005eca600000,0x0000005eca700000] [id=14800]
  0x0000021fe55c2800 GCTaskThread "GC Thread#1" [stack: 0x0000005ecb700000,0x0000005ecb800000] [id=10500]
  0x0000021fe5aea000 GCTaskThread "GC Thread#2" [stack: 0x0000005ecb800000,0x0000005ecb900000] [id=1912]
  0x0000021fe7510800 GCTaskThread "GC Thread#3" [stack: 0x0000005ecc300000,0x0000005ecc400000] [id=2824]
  0x0000021fcacca800 ConcurrentGCThread "G1 Main Marker" [stack: 0x0000005eca700000,0x0000005eca800000] [id=7744]
  0x0000021fcaccc800 ConcurrentGCThread "G1 Conc#0" [stack: 0x0000005eca800000,0x0000005eca900000] [id=13520]
  0x0000021fcad5d000 ConcurrentGCThread "G1 Refine#0" [stack: 0x0000005eca900000,0x0000005ecaa00000] [id=14548]
  0x0000021fcad5e000 ConcurrentGCThread "G1 Young RemSet Sampling" [stack: 0x0000005ecaa00000,0x0000005ecab00000] [id=12432]

Threads with active compile tasks:
C2 CompilerThread1  39623 8344 %     4       groovy.lang.MetaClassImpl::inheritInterfaceNewMetaMethods @ 100 (195 bytes)

VM state:at safepoint (normal execution)

VM Mutex/Monitor currently owned by a thread:  ([mutex/lock_event])
[0x0000021fcac7ce90] Threads_lock - owner thread: 0x0000021fe4881800
[0x0000021fcac7d0d0] Heap_lock - owner thread: 0x0000021fe82ef800

Heap address: 0x0000000080000000, size: 2048 MB, Compressed Oops mode: 32-bit
Narrow klass base: 0x0000000000000000, Narrow klass shift: 3
Compressed class space size: 1073741824 Address: 0x0000000100000000

Heap:
 garbage-first heap   total 196608K, used 139653K [0x0000000080000000, 0x0000000100000000)
  region size 1024K, 1 young (1024K), 1 survivors (1024K)
 Metaspace       used 81687K, capacity 83752K, committed 84016K, reserved 1122304K
  class space    used 10536K, capacity 11306K, committed 11392K, reserved 1048576K
Heap Regions: E=young(eden), S=young(survivor), O=old, HS=humongous(starts), HC=humongous(continues), CS=collection set, F=free, A=archive, TAMS=top-at-mark-start (previous, next)
|   0|0x0000000080000000, 0x0000000080100000, 0x0000000080100000|100%|HS|  |TAMS 0x0000000080100000, 0x0000000080000000| Complete 
|   1|0x0000000080100000, 0x0000000080200000, 0x0000000080200000|100%|HC|  |TAMS 0x0000000080200000, 0x0000000080100000| Complete 
|   2|0x0000000080200000, 0x0000000080300000, 0x0000000080300000|100%|HC|  |TAMS 0x0000000080300000, 0x0000000080200000| Complete 
|   3|0x0000000080300000, 0x0000000080400000, 0x0000000080400000|100%| O|  |TAMS 0x0000000080400000, 0x0000000080300000| Updating 
|   4|0x0000000080400000, 0x0000000080500000, 0x0000000080500000|100%| O|  |TAMS 0x0000000080500000, 0x0000000080400000| Updating 
|   5|0x0000000080500000, 0x0000000080600000, 0x0000000080600000|100%| O|  |TAMS 0x0000000080600000, 0x0000000080500000| Updating 
|   6|0x0000000080600000, 0x0000000080700000, 0x0000000080700000|100%| O|  |TAMS 0x0000000080700000, 0x0000000080600000| Updating 
|   7|0x0000000080700000, 0x0000000080800000, 0x0000000080800000|100%| O|  |TAMS 0x0000000080800000, 0x0000000080700000| Updating 
|   8|0x0000000080800000, 0x0000000080900000, 0x0000000080900000|100%| O|  |TAMS 0x0000000080900000, 0x0000000080800000| Updating 
|   9|0x0000000080900000, 0x0000000080a00000, 0x0000000080a00000|100%| O|  |TAMS 0x0000000080a00000, 0x0000000080900000| Updating 
|  10|0x0000000080a00000, 0x0000000080b00000, 0x0000000080b00000|100%| O|  |TAMS 0x0000000080b00000, 0x0000000080a00000| Updating 
|  11|0x0000000080b00000, 0x0000000080c00000, 0x0000000080c00000|100%| O|  |TAMS 0x0000000080c00000, 0x0000000080b00000| Updating 
|  12|0x0000000080c00000, 0x0000000080d00000, 0x0000000080d00000|100%| O|  |TAMS 0x0000000080d00000, 0x0000000080c00000| Updating 
|  13|0x0000000080d00000, 0x0000000080e00000, 0x0000000080e00000|100%| O|  |TAMS 0x0000000080e00000, 0x0000000080d00000| Updating 
|  14|0x0000000080e00000, 0x0000000080f00000, 0x0000000080f00000|100%| O|  |TAMS 0x0000000080f00000, 0x0000000080e00000| Updating 
|  15|0x0000000080f00000, 0x0000000081000000, 0x0000000081000000|100%| O|  |TAMS 0x0000000081000000, 0x0000000080f00000| Updating 
|  16|0x0000000081000000, 0x0000000081100000, 0x0000000081100000|100%| O|  |TAMS 0x0000000081100000, 0x0000000081000000| Updating 
|  17|0x0000000081100000, 0x0000000081200000, 0x0000000081200000|100%| O|  |TAMS 0x0000000081200000, 0x0000000081100000| Updating 
|  18|0x0000000081200000, 0x0000000081300000, 0x0000000081300000|100%|HS|  |TAMS 0x0000000081300000, 0x0000000081200000| Complete 
|  19|0x0000000081300000, 0x0000000081400000, 0x0000000081400000|100%|HC|  |TAMS 0x0000000081400000, 0x0000000081300000| Complete 
|  20|0x0000000081400000, 0x0000000081500000, 0x0000000081500000|100%|HS|  |TAMS 0x0000000081500000, 0x0000000081400000| Complete 
|  21|0x0000000081500000, 0x0000000081600000, 0x0000000081600000|100%|HC|  |TAMS 0x0000000081600000, 0x0000000081500000| Complete 
|  22|0x0000000081600000, 0x0000000081700000, 0x0000000081700000|100%|HC|  |TAMS 0x0000000081700000, 0x0000000081600000| Complete 
|  23|0x0000000081700000, 0x0000000081800000, 0x0000000081800000|100%|HS|  |TAMS 0x0000000081800000, 0x0000000081700000| Complete 
|  24|0x0000000081800000, 0x0000000081900000, 0x0000000081900000|100%|HC|  |TAMS 0x0000000081900000, 0x0000000081800000| Complete 
|  25|0x0000000081900000, 0x0000000081a00000, 0x0000000081a00000|100%|HC|  |TAMS 0x0000000081a00000, 0x0000000081900000| Complete 
|  26|0x0000000081a00000, 0x0000000081b00000, 0x0000000081b00000|100%|HS|  |TAMS 0x0000000081b00000, 0x0000000081a00000| Complete 
|  27|0x0000000081b00000, 0x0000000081c00000, 0x0000000081c00000|100%|HC|  |TAMS 0x0000000081c00000, 0x0000000081b00000| Complete 
|  28|0x0000000081c00000, 0x0000000081d00000, 0x0000000081d00000|100%|HC|  |TAMS 0x0000000081d00000, 0x0000000081c00000| Complete 
|  29|0x0000000081d00000, 0x0000000081e00000, 0x0000000081e00000|100%|HC|  |TAMS 0x0000000081e00000, 0x0000000081d00000| Complete 
|  30|0x0000000081e00000, 0x0000000081f00000, 0x0000000081f00000|100%|HS|  |TAMS 0x0000000081f00000, 0x0000000081e00000| Complete 
|  31|0x0000000081f00000, 0x0000000082000000, 0x0000000082000000|100%|HC|  |TAMS 0x0000000082000000, 0x0000000081f00000| Complete 
|  32|0x0000000082000000, 0x0000000082100000, 0x0000000082100000|100%|HC|  |TAMS 0x0000000082100000, 0x0000000082000000| Complete 
|  33|0x0000000082100000, 0x0000000082200000, 0x0000000082200000|100%|HC|  |TAMS 0x0000000082200000, 0x0000000082100000| Complete 
|  34|0x0000000082200000, 0x0000000082300000, 0x0000000082300000|100%|HC|  |TAMS 0x0000000082300000, 0x0000000082200000| Complete 
|  35|0x0000000082300000, 0x0000000082400000, 0x0000000082400000|100%| O|  |TAMS 0x0000000082400000, 0x0000000082300000| Updating 
|  36|0x0000000082400000, 0x0000000082500000, 0x0000000082500000|100%| O|  |TAMS 0x0000000082500000, 0x0000000082400000| Updating 
|  37|0x0000000082500000, 0x0000000082600000, 0x0000000082600000|100%| O|  |TAMS 0x0000000082600000, 0x0000000082500000| Updating 
|  38|0x0000000082600000, 0x0000000082700000, 0x0000000082700000|100%| O|  |TAMS 0x0000000082700000, 0x0000000082600000| Updating 
|  39|0x0000000082700000, 0x0000000082800000, 0x0000000082800000|100%| O|  |TAMS 0x0000000082800000, 0x0000000082700000| Updating 
|  40|0x0000000082800000, 0x0000000082900000, 0x0000000082900000|100%| O|  |TAMS 0x0000000082900000, 0x0000000082800000| Updating 
|  41|0x0000000082900000, 0x0000000082a00000, 0x0000000082a00000|100%| O|  |TAMS 0x0000000082a00000, 0x0000000082900000| Updating 
|  42|0x0000000082a00000, 0x0000000082b00000, 0x0000000082b00000|100%|HS|  |TAMS 0x0000000082b00000, 0x0000000082a00000| Complete 
|  43|0x0000000082b00000, 0x0000000082c00000, 0x0000000082c00000|100%|HC|  |TAMS 0x0000000082c00000, 0x0000000082b00000| Complete 
|  44|0x0000000082c00000, 0x0000000082d00000, 0x0000000082d00000|100%|HC|  |TAMS 0x0000000082d00000, 0x0000000082c00000| Complete 
|  45|0x0000000082d00000, 0x0000000082e00000, 0x0000000082e00000|100%|HC|  |TAMS 0x0000000082e00000, 0x0000000082d00000| Complete 
|  46|0x0000000082e00000, 0x0000000082f00000, 0x0000000082f00000|100%|HS|  |TAMS 0x0000000082f00000, 0x0000000082e00000| Complete 
|  47|0x0000000082f00000, 0x0000000083000000, 0x0000000083000000|100%|HC|  |TAMS 0x0000000083000000, 0x0000000082f00000| Complete 
|  48|0x0000000083000000, 0x0000000083100000, 0x0000000083100000|100%|HC|  |TAMS 0x0000000083100000, 0x0000000083000000| Complete 
|  49|0x0000000083100000, 0x0000000083200000, 0x0000000083200000|100%|HS|  |TAMS 0x0000000083200000, 0x0000000083100000| Complete 
|  50|0x0000000083200000, 0x0000000083300000, 0x0000000083300000|100%|HC|  |TAMS 0x0000000083300000, 0x0000000083200000| Complete 
|  51|0x0000000083300000, 0x0000000083400000, 0x0000000083400000|100%|HS|  |TAMS 0x0000000083400000, 0x0000000083300000| Complete 
|  52|0x0000000083400000, 0x0000000083500000, 0x0000000083500000|100%|HC|  |TAMS 0x0000000083500000, 0x0000000083400000| Complete 
|  53|0x0000000083500000, 0x0000000083600000, 0x0000000083600000|100%|HC|  |TAMS 0x0000000083600000, 0x0000000083500000| Complete 
|  54|0x0000000083600000, 0x0000000083700000, 0x0000000083700000|100%| O|  |TAMS 0x0000000083700000, 0x0000000083600000| Updating 
|  55|0x0000000083700000, 0x0000000083800000, 0x0000000083800000|100%| O|  |TAMS 0x0000000083800000, 0x0000000083700000| Updating 
|  56|0x0000000083800000, 0x0000000083900000, 0x0000000083900000|100%| O|  |TAMS 0x0000000083900000, 0x0000000083800000| Updating 
|  57|0x0000000083900000, 0x0000000083a00000, 0x0000000083a00000|100%| O|  |TAMS 0x0000000083a00000, 0x0000000083900000| Updating 
|  58|0x0000000083a00000, 0x0000000083b00000, 0x0000000083b00000|100%| O|  |TAMS 0x0000000083b00000, 0x0000000083a00000| Updating 
|  59|0x0000000083b00000, 0x0000000083c00000, 0x0000000083c00000|100%| O|  |TAMS 0x0000000083c00000, 0x0000000083b00000| Updating 
|  60|0x0000000083c00000, 0x0000000083d00000, 0x0000000083d00000|100%| O|  |TAMS 0x0000000083d00000, 0x0000000083c00000| Updating 
|  61|0x0000000083d00000, 0x0000000083e00000, 0x0000000083e00000|100%|HS|  |TAMS 0x0000000083e00000, 0x0000000083d00000| Complete 
|  62|0x0000000083e00000, 0x0000000083f00000, 0x0000000083f00000|100%|HC|  |TAMS 0x0000000083f00000, 0x0000000083e00000| Complete 
|  63|0x0000000083f00000, 0x0000000084000000, 0x0000000084000000|100%|HC|  |TAMS 0x0000000084000000, 0x0000000083f00000| Complete 
|  64|0x0000000084000000, 0x0000000084100000, 0x0000000084100000|100%|HC|  |TAMS 0x0000000084100000, 0x0000000084000000| Complete 
|  65|0x0000000084100000, 0x0000000084200000, 0x0000000084200000|100%|HC|  |TAMS 0x0000000084200000, 0x0000000084100000| Complete 
|  66|0x0000000084200000, 0x0000000084300000, 0x0000000084300000|100%| O|  |TAMS 0x0000000084300000, 0x0000000084200000| Updating 
|  67|0x0000000084300000, 0x0000000084400000, 0x0000000084400000|100%| O|  |TAMS 0x0000000084400000, 0x0000000084300000| Updating 
|  68|0x0000000084400000, 0x0000000084500000, 0x0000000084500000|100%| O|  |TAMS 0x0000000084500000, 0x0000000084400000| Updating 
|  69|0x0000000084500000, 0x0000000084600000, 0x0000000084600000|100%| O|  |TAMS 0x0000000084600000, 0x0000000084500000| Updating 
|  70|0x0000000084600000, 0x0000000084700000, 0x0000000084700000|100%| O|  |TAMS 0x0000000084700000, 0x0000000084600000| Updating 
|  71|0x0000000084700000, 0x0000000084800000, 0x0000000084800000|100%|HS|  |TAMS 0x0000000084800000, 0x0000000084700000| Complete 
|  72|0x0000000084800000, 0x0000000084900000, 0x0000000084900000|100%|HS|  |TAMS 0x0000000084900000, 0x0000000084800000| Complete 
|  73|0x0000000084900000, 0x0000000084a00000, 0x0000000084a00000|100%|HS|  |TAMS 0x0000000084a00000, 0x0000000084900000| Complete 
|  74|0x0000000084a00000, 0x0000000084b00000, 0x0000000084b00000|100%|HS|  |TAMS 0x0000000084b00000, 0x0000000084a00000| Complete 
|  75|0x0000000084b00000, 0x0000000084c00000, 0x0000000084c00000|100%|HC|  |TAMS 0x0000000084c00000, 0x0000000084b00000| Complete 
|  76|0x0000000084c00000, 0x0000000084d00000, 0x0000000084d00000|100%|HC|  |TAMS 0x0000000084d00000, 0x0000000084c00000| Complete 
|  77|0x0000000084d00000, 0x0000000084e00000, 0x0000000084e00000|100%|HC|  |TAMS 0x0000000084e00000, 0x0000000084d00000| Complete 
|  78|0x0000000084e00000, 0x0000000084f00000, 0x0000000084f00000|100%| O|  |TAMS 0x0000000084f00000, 0x0000000084e00000| Updating 
|  79|0x0000000084f00000, 0x0000000085000000, 0x0000000085000000|100%| O|  |TAMS 0x0000000085000000, 0x0000000084f00000| Updating 
|  80|0x0000000085000000, 0x0000000085100000, 0x0000000085100000|100%| O|  |TAMS 0x0000000085100000, 0x0000000085000000| Updating 
|  81|0x0000000085100000, 0x0000000085200000, 0x0000000085200000|100%| O|  |TAMS 0x0000000085200000, 0x0000000085100000| Updating 
|  82|0x0000000085200000, 0x0000000085300000, 0x0000000085300000|100%| O|  |TAMS 0x0000000085300000, 0x0000000085200000| Updating 
|  83|0x0000000085300000, 0x0000000085400000, 0x0000000085400000|100%|HS|  |TAMS 0x0000000085400000, 0x0000000085300000| Complete 
|  84|0x0000000085400000, 0x0000000085500000, 0x0000000085500000|100%|HC|  |TAMS 0x0000000085500000, 0x0000000085400000| Complete 
|  85|0x0000000085500000, 0x0000000085600000, 0x0000000085600000|100%| O|  |TAMS 0x0000000085600000, 0x0000000085500000| Updating 
|  86|0x0000000085600000, 0x0000000085700000, 0x0000000085700000|100%| O|  |TAMS 0x0000000085700000, 0x0000000085600000| Updating 
|  87|0x0000000085700000, 0x0000000085800000, 0x0000000085800000|100%| O|  |TAMS 0x0000000085800000, 0x0000000085700000| Updating 
|  88|0x0000000085800000, 0x0000000085900000, 0x0000000085900000|100%| O|  |TAMS 0x0000000085900000, 0x0000000085800000| Updating 
|  89|0x0000000085900000, 0x0000000085a00000, 0x0000000085a00000|100%| O|  |TAMS 0x0000000085a00000, 0x0000000085900000| Updating 
|  90|0x0000000085a00000, 0x0000000085b00000, 0x0000000085b00000|100%| O|  |TAMS 0x0000000085b00000, 0x0000000085a00000| Updating 
|  91|0x0000000085b00000, 0x0000000085c00000, 0x0000000085c00000|100%| O|  |TAMS 0x0000000085c00000, 0x0000000085b00000| Updating 
|  92|0x0000000085c00000, 0x0000000085d00000, 0x0000000085d00000|100%| O|  |TAMS 0x0000000085d00000, 0x0000000085c00000| Updating 
|  93|0x0000000085d00000, 0x0000000085e00000, 0x0000000085e00000|100%| O|  |TAMS 0x0000000085e00000, 0x0000000085d00000| Updating 
|  94|0x0000000085e00000, 0x0000000085f00000, 0x0000000085f00000|100%| O|  |TAMS 0x0000000085f00000, 0x0000000085e00000| Updating 
|  95|0x0000000085f00000, 0x0000000086000000, 0x0000000086000000|100%| O|  |TAMS 0x0000000086000000, 0x0000000085f00000| Updating 
|  96|0x0000000086000000, 0x0000000086100000, 0x0000000086100000|100%| O|  |TAMS 0x0000000086100000, 0x0000000086000000| Updating 
|  97|0x0000000086100000, 0x0000000086200000, 0x0000000086200000|100%| O|  |TAMS 0x0000000086200000, 0x0000000086100000| Updating 
|  98|0x0000000086200000, 0x0000000086300000, 0x0000000086300000|100%| O|  |TAMS 0x0000000086300000, 0x0000000086200000| Updating 
|  99|0x0000000086300000, 0x0000000086400000, 0x0000000086400000|100%| O|  |TAMS 0x0000000086400000, 0x0000000086300000| Updating 
| 100|0x0000000086400000, 0x0000000086500000, 0x0000000086500000|100%| O|  |TAMS 0x0000000086500000, 0x0000000086400000| Updating 
| 101|0x0000000086500000, 0x0000000086600000, 0x0000000086600000|100%| O|  |TAMS 0x0000000086600000, 0x0000000086500000| Updating 
| 102|0x0000000086600000, 0x0000000086700000, 0x0000000086700000|100%| O|  |TAMS 0x0000000086700000, 0x0000000086600000| Updating 
| 103|0x0000000086700000, 0x0000000086800000, 0x0000000086800000|100%| O|  |TAMS 0x0000000086800000, 0x0000000086700000| Updating 
| 104|0x0000000086800000, 0x0000000086900000, 0x0000000086900000|100%| O|  |TAMS 0x0000000086900000, 0x0000000086800000| Updating 
| 105|0x0000000086900000, 0x0000000086a00000, 0x0000000086a00000|100%| O|  |TAMS 0x0000000086a00000, 0x0000000086900000| Updating 
| 106|0x0000000086a00000, 0x0000000086b00000, 0x0000000086b00000|100%| O|  |TAMS 0x0000000086b00000, 0x0000000086a00000| Updating 
| 107|0x0000000086b00000, 0x0000000086c00000, 0x0000000086c00000|100%|HS|  |TAMS 0x0000000086c00000, 0x0000000086b00000| Complete 
| 108|0x0000000086c00000, 0x0000000086d00000, 0x0000000086d00000|100%|HS|  |TAMS 0x0000000086d00000, 0x0000000086c00000| Complete 
| 109|0x0000000086d00000, 0x0000000086e00000, 0x0000000086e00000|100%|HC|  |TAMS 0x0000000086e00000, 0x0000000086d00000| Complete 
| 110|0x0000000086e00000, 0x0000000086f00000, 0x0000000086f00000|100%|HS|  |TAMS 0x0000000086f00000, 0x0000000086e00000| Complete 
| 111|0x0000000086f00000, 0x0000000087000000, 0x0000000087000000|100%|HC|  |TAMS 0x0000000087000000, 0x0000000086f00000| Complete 
| 112|0x0000000087000000, 0x0000000087100000, 0x0000000087100000|100%|HC|  |TAMS 0x0000000087100000, 0x0000000087000000| Complete 
| 113|0x0000000087100000, 0x0000000087200000, 0x0000000087200000|100%|HS|  |TAMS 0x0000000087200000, 0x0000000087100000| Complete 
| 114|0x0000000087200000, 0x0000000087300000, 0x0000000087300000|100%|HC|  |TAMS 0x0000000087300000, 0x0000000087200000| Complete 
| 115|0x0000000087300000, 0x0000000087400000, 0x0000000087400000|100%|HC|  |TAMS 0x0000000087400000, 0x0000000087300000| Complete 
| 116|0x0000000087400000, 0x0000000087500000, 0x0000000087500000|100%|HS|  |TAMS 0x0000000087500000, 0x0000000087400000| Complete 
| 117|0x0000000087500000, 0x0000000087600000, 0x0000000087600000|100%|HC|  |TAMS 0x0000000087600000, 0x0000000087500000| Complete 
| 118|0x0000000087600000, 0x0000000087700000, 0x0000000087700000|100%|HC|  |TAMS 0x0000000087700000, 0x0000000087600000| Complete 
| 119|0x0000000087700000, 0x0000000087800000, 0x0000000087800000|100%|HC|  |TAMS 0x0000000087800000, 0x0000000087700000| Complete 
| 120|0x0000000087800000, 0x0000000087900000, 0x0000000087900000|100%|HS|  |TAMS 0x0000000087900000, 0x0000000087800000| Complete 
| 121|0x0000000087900000, 0x0000000087a00000, 0x0000000087a00000|100%|HC|  |TAMS 0x0000000087a00000, 0x0000000087900000| Complete 
| 122|0x0000000087a00000, 0x0000000087b00000, 0x0000000087b00000|100%|HC|  |TAMS 0x0000000087b00000, 0x0000000087a00000| Complete 
| 123|0x0000000087b00000, 0x0000000087c00000, 0x0000000087c00000|100%|HC|  |TAMS 0x0000000087c00000, 0x0000000087b00000| Complete 
| 124|0x0000000087c00000, 0x0000000087d00000, 0x0000000087d00000|100%|HC|  |TAMS 0x0000000087d00000, 0x0000000087c00000| Complete 
| 125|0x0000000087d00000, 0x0000000087e00000, 0x0000000087e00000|100%|HS|  |TAMS 0x0000000087e00000, 0x0000000087d00000| Complete 
| 126|0x0000000087e00000, 0x0000000087f00000, 0x0000000087f00000|100%| O|  |TAMS 0x0000000087f00000, 0x0000000087e00000| Updating 
| 127|0x0000000087f00000, 0x0000000087ff2400, 0x0000000088000000| 94%| O|  |TAMS 0x0000000087ff2400, 0x0000000087f00000| Updating 
| 128|0x0000000088000000, 0x0000000088100000, 0x0000000088100000|100%| O|  |TAMS 0x0000000088100000, 0x0000000088000000| Updating 
| 129|0x0000000088100000, 0x0000000088100000, 0x0000000088200000|  0%| F|  |TAMS 0x0000000088100000, 0x0000000088100000| Untracked 
| 130|0x0000000088200000, 0x0000000088300000, 0x0000000088300000|100%| O|  |TAMS 0x0000000088300000, 0x0000000088200000| Updating 
| 131|0x0000000088300000, 0x0000000088400000, 0x0000000088400000|100%| O|  |TAMS 0x0000000088400000, 0x0000000088300000| Updating 
| 132|0x0000000088400000, 0x0000000088500000, 0x0000000088500000|100%| O|  |TAMS 0x0000000088500000, 0x0000000088400000| Updating 
| 133|0x0000000088500000, 0x0000000088500000, 0x0000000088600000|  0%| F|  |TAMS 0x0000000088500000, 0x0000000088500000| Untracked 
| 134|0x0000000088600000, 0x0000000088600000, 0x0000000088700000|  0%| F|  |TAMS 0x0000000088600000, 0x0000000088600000| Untracked 
| 135|0x0000000088700000, 0x0000000088700000, 0x0000000088800000|  0%| F|  |TAMS 0x0000000088700000, 0x0000000088700000| Untracked 
| 136|0x0000000088800000, 0x0000000088800000, 0x0000000088900000|  0%| F|  |TAMS 0x0000000088800000, 0x0000000088800000| Untracked 
| 137|0x0000000088900000, 0x0000000088900000, 0x0000000088a00000|  0%| F|  |TAMS 0x0000000088900000, 0x0000000088900000| Untracked 
| 138|0x0000000088a00000, 0x0000000088a00000, 0x0000000088b00000|  0%| F|  |TAMS 0x0000000088a00000, 0x0000000088a00000| Untracked 
| 139|0x0000000088b00000, 0x0000000088b00000, 0x0000000088c00000|  0%| F|  |TAMS 0x0000000088b00000, 0x0000000088b00000| Untracked 
| 140|0x0000000088c00000, 0x0000000088c00000, 0x0000000088d00000|  0%| F|  |TAMS 0x0000000088c00000, 0x0000000088c00000| Untracked 
| 141|0x0000000088d00000, 0x0000000088d00000, 0x0000000088e00000|  0%| F|  |TAMS 0x0000000088d00000, 0x0000000088d00000| Untracked 
| 142|0x0000000088e00000, 0x0000000088e00000, 0x0000000088f00000|  0%| F|  |TAMS 0x0000000088e00000, 0x0000000088e00000| Untracked 
| 143|0x0000000088f00000, 0x0000000088f00000, 0x0000000089000000|  0%| F|  |TAMS 0x0000000088f00000, 0x0000000088f00000| Untracked 
| 144|0x0000000089000000, 0x0000000089000000, 0x0000000089100000|  0%| F|  |TAMS 0x0000000089000000, 0x0000000089000000| Untracked 
| 145|0x0000000089100000, 0x0000000089100000, 0x0000000089200000|  0%| F|  |TAMS 0x0000000089100000, 0x0000000089100000| Untracked 
| 146|0x0000000089200000, 0x0000000089200000, 0x0000000089300000|  0%| F|  |TAMS 0x0000000089200000, 0x0000000089200000| Untracked 
| 147|0x0000000089300000, 0x0000000089300000, 0x0000000089400000|  0%| F|  |TAMS 0x0000000089300000, 0x0000000089300000| Untracked 
| 148|0x0000000089400000, 0x000000008946f368, 0x0000000089500000| 43%| S|CS|TAMS 0x0000000089400000, 0x0000000089400000| Complete 
| 149|0x0000000089500000, 0x0000000089500000, 0x0000000089600000|  0%| F|  |TAMS 0x0000000089500000, 0x0000000089500000| Untracked 
| 150|0x0000000089600000, 0x0000000089600000, 0x0000000089700000|  0%| F|  |TAMS 0x0000000089600000, 0x0000000089600000| Untracked 
| 151|0x0000000089700000, 0x0000000089700000, 0x0000000089800000|  0%| F|  |TAMS 0x0000000089700000, 0x0000000089700000| Untracked 
| 152|0x0000000089800000, 0x0000000089800000, 0x0000000089900000|  0%| F|  |TAMS 0x0000000089800000, 0x0000000089800000| Untracked 
| 153|0x0000000089900000, 0x0000000089900000, 0x0000000089a00000|  0%| F|  |TAMS 0x0000000089900000, 0x0000000089900000| Untracked 
| 154|0x0000000089a00000, 0x0000000089a00000, 0x0000000089b00000|  0%| F|  |TAMS 0x0000000089a00000, 0x0000000089a00000| Untracked 
| 155|0x0000000089b00000, 0x0000000089b00000, 0x0000000089c00000|  0%| F|  |TAMS 0x0000000089b00000, 0x0000000089b00000| Untracked 
| 156|0x0000000089c00000, 0x0000000089d00000, 0x0000000089d00000|100%| O|  |TAMS 0x0000000089d00000, 0x0000000089c00000| Updating 
| 157|0x0000000089d00000, 0x0000000089e00000, 0x0000000089e00000|100%| O|  |TAMS 0x0000000089e00000, 0x0000000089d00000| Updating 
| 158|0x0000000089e00000, 0x0000000089f00000, 0x0000000089f00000|100%| O|  |TAMS 0x0000000089f00000, 0x0000000089e00000| Updating 
| 159|0x0000000089f00000, 0x000000008a000000, 0x000000008a000000|100%| O|  |TAMS 0x000000008a000000, 0x0000000089f00000| Updating 

Card table byte_map: [0x0000021fddba0000,0x0000021fddfa0000] _byte_map_base: 0x0000021fdd7a0000

Marking Bits (Prev, Next): (CMBitMap*) 0x0000021fcacc1df0, (CMBitMap*) 0x0000021fcacc1db8
 Prev Bits: [0x0000021fe03a0000, 0x0000021fe23a0000)
 Next Bits: [0x0000021fde3a0000, 0x0000021fe03a0000)

Polling page: 0x0000021fca460000

Metaspace:

Usage:
  Non-class:     70.75 MB capacity,    69.48 MB ( 98%) used,     1.05 MB (  1%) free+waste,   218.75 KB ( <1%) overhead. 
      Class:     11.04 MB capacity,    10.29 MB ( 93%) used,   667.55 KB (  6%) free+waste,   101.94 KB ( <1%) overhead. 
       Both:     81.79 MB capacity,    79.77 MB ( 98%) used,     1.70 MB (  2%) free+waste,   320.69 KB ( <1%) overhead. 

Virtual space:
  Non-class space:       72.00 MB reserved,      70.92 MB ( 99%) committed 
      Class space:        1.00 GB reserved,      11.13 MB (  1%) committed 
             Both:        1.07 GB reserved,      82.05 MB (  7%) committed 

Chunk freelists:
   Non-Class:  50.00 KB
       Class:  22.00 KB
        Both:  72.00 KB

MaxMetaspaceSize: 17179869184.00 GB
CompressedClassSpaceSize: 1.00 GB
Initial GC threshold: 20.80 MB
Current GC threshold: 136.33 MB
CDS: off

CodeHeap 'non-profiled nmethods': size=120064Kb used=5490Kb max_used=5490Kb free=114573Kb
 bounds [0x0000021fd6260000, 0x0000021fd67c0000, 0x0000021fdd7a0000]
CodeHeap 'profiled nmethods': size=120000Kb used=18490Kb max_used=18490Kb free=101509Kb
 bounds [0x0000021fced30000, 0x0000021fcff40000, 0x0000021fd6260000]
CodeHeap 'non-nmethods': size=5696Kb used=2370Kb max_used=2423Kb free=3325Kb
 bounds [0x0000021fce7a0000, 0x0000021fcea10000, 0x0000021fced30000]
 total_blobs=9231 nmethods=8342 adapters=800
 compilation: enabled
              stopped_count=0, restarted_count=0
 full_count=0

Compilation events (20 events):
Event: 39.108 Thread 0x0000021fe48ac000 8369       1       org.gradle.internal.logging.events.ProgressCompleteEvent::getStatus (5 bytes)
Event: 39.109 Thread 0x0000021fe48ac000 nmethod 8369 0x0000021fd67baf90 code [0x0000021fd67bb140, 0x0000021fd67bb1f8]
Event: 39.109 Thread 0x0000021fe48ac000 8370       1       org.gradle.internal.logging.events.ProgressCompleteEvent::getTimestamp (5 bytes)
Event: 39.109 Thread 0x0000021fe48ac000 nmethod 8370 0x0000021fd67bb290 code [0x0000021fd67bb440, 0x0000021fd67bb4f8]
Event: 39.109 Thread 0x0000021fe48ac000 8371       3       org.codehaus.groovy.runtime.InvokerHelper::asArray (29 bytes)
Event: 39.109 Thread 0x0000021fe48ac000 nmethod 8371 0x0000021fcff3a090 code [0x0000021fcff3a260, 0x0000021fcff3a7b8]
Event: 39.109 Thread 0x0000021fe48ac000 8372       3       org.codehaus.groovy.runtime.InvokerHelper::invokeMethod (66 bytes)
Event: 39.111 Thread 0x0000021fe48ac000 nmethod 8372 0x0000021fcff3a890 code [0x0000021fcff3ac40, 0x0000021fcff3cd88]
Event: 39.111 Thread 0x0000021fe48ac000 8373   !   3       com.sun.proxy.$Proxy0::onOutput (34 bytes)
Event: 39.118 Thread 0x0000021fe48ac000 nmethod 8373 0x0000021fcff3d490 code [0x0000021fcff3d680, 0x0000021fcff3db78]
Event: 39.118 Thread 0x0000021fe48ac000 8375       3       java.nio.Buffer::checkBounds (25 bytes)
Event: 39.118 Thread 0x0000021fe48ac000 nmethod 8375 0x0000021fcff3dd90 code [0x0000021fcff3df60, 0x0000021fcff3e148]
Event: 39.118 Thread 0x0000021fe48ac000 8374       1       org.gradle.launcher.daemon.protocol.OutputMessage::getEvent (5 bytes)
Event: 39.118 Thread 0x0000021fe48ac000 nmethod 8374 0x0000021fd67bb590 code [0x0000021fd67bb740, 0x0000021fd67bb7f8]
Event: 39.124 Thread 0x0000021fe48ac000 8376       3       org.gradle.tooling.internal.adapter.ProtocolToModelAdapter::access$200 (4 bytes)
Event: 39.124 Thread 0x0000021fe48ac000 nmethod 8376 0x0000021fcff3e210 code [0x0000021fcff3e3c0, 0x0000021fcff3e4b8]
Event: 39.133 Thread 0x0000021fe48a6800 8377   !   4       java.util.zip.ZipFile::getMetaInfEntryNames (106 bytes)
Event: 39.153 Thread 0x0000021fe48a6800 nmethod 8377 0x0000021fd67bb890 code [0x0000021fd67bba60, 0x0000021fd67bc4e8]
Event: 39.425 Thread 0x0000021fe48ac000 8378       3       java.util.HashMap$ValueSpliterator::characteristics (28 bytes)
Event: 39.425 Thread 0x0000021fe48ac000 nmethod 8378 0x0000021fcff3e590 code [0x0000021fcff3e740, 0x0000021fcff3e8f8]

GC Heap History (20 events):
Event: 36.423 GC heap after
{Heap after GC invocations=37 (full 0):
 garbage-first heap   total 157696K, used 112536K [0x0000000080000000, 0x0000000100000000)
  region size 1024K, 4 young (4096K), 4 survivors (4096K)
 Metaspace       used 78348K, capacity 80228K, committed 80432K, reserved 1118208K
  class space    used 10093K, capacity 10764K, committed 10880K, reserved 1048576K
}
Event: 37.450 GC heap before
{Heap before GC invocations=38 (full 0):
 garbage-first heap   total 157696K, used 152472K [0x0000000080000000, 0x0000000100000000)
  region size 1024K, 25 young (25600K), 4 survivors (4096K)
 Metaspace       used 79978K, capacity 81993K, committed 82224K, reserved 1120256K
  class space    used 10333K, capacity 11066K, committed 11136K, reserved 1048576K
}
Event: 37.463 GC heap after
{Heap after GC invocations=39 (full 0):
 garbage-first heap   total 163840K, used 137713K [0x0000000080000000, 0x0000000100000000)
  region size 1024K, 4 young (4096K), 4 survivors (4096K)
 Metaspace       used 79978K, capacity 81993K, committed 82224K, reserved 1120256K
  class space    used 10333K, capacity 11066K, committed 11136K, reserved 1048576K
}
Event: 37.899 GC heap before
{Heap before GC invocations=39 (full 0):
 garbage-first heap   total 163840K, used 142833K [0x0000000080000000, 0x0000000100000000)
  region size 1024K, 9 young (9216K), 4 survivors (4096K)
 Metaspace       used 80057K, capacity 82128K, committed 82224K, reserved 1120256K
  class space    used 10333K, capacity 11066K, committed 11136K, reserved 1048576K
}
Event: 37.914 GC heap after
{Heap after GC invocations=40 (full 0):
 garbage-first heap   total 163840K, used 138427K [0x0000000080000000, 0x0000000100000000)
  region size 1024K, 1 young (1024K), 1 survivors (1024K)
 Metaspace       used 80057K, capacity 82128K, committed 82224K, reserved 1120256K
  class space    used 10333K, capacity 11066K, committed 11136K, reserved 1048576K
}
Event: 38.373 GC heap before
{Heap before GC invocations=41 (full 0):
 garbage-first heap   total 163840K, used 145595K [0x0000000080000000, 0x0000000100000000)
  region size 1024K, 8 young (8192K), 1 survivors (1024K)
 Metaspace       used 80185K, capacity 82262K, committed 82480K, reserved 1120256K
  class space    used 10342K, capacity 11066K, committed 11136K, reserved 1048576K
}
Event: 38.377 GC heap after
{Heap after GC invocations=42 (full 0):
 garbage-first heap   total 163840K, used 138923K [0x0000000080000000, 0x0000000100000000)
  region size 1024K, 1 young (1024K), 1 survivors (1024K)
 Metaspace       used 80185K, capacity 82262K, committed 82480K, reserved 1120256K
  class space    used 10342K, capacity 11066K, committed 11136K, reserved 1048576K
}
Event: 38.644 GC heap before
{Heap before GC invocations=42 (full 0):
 garbage-first heap   total 163840K, used 146091K [0x0000000080000000, 0x0000000100000000)
  region size 1024K, 8 young (8192K), 1 survivors (1024K)
 Metaspace       used 80567K, capacity 82685K, committed 82864K, reserved 1120256K
  class space    used 10399K, capacity 11143K, committed 11264K, reserved 1048576K
}
Event: 38.649 GC heap after
{Heap after GC invocations=43 (full 0):
 garbage-first heap   total 163840K, used 139293K [0x0000000080000000, 0x0000000100000000)
  region size 1024K, 1 young (1024K), 1 survivors (1024K)
 Metaspace       used 80567K, capacity 82685K, committed 82864K, reserved 1120256K
  class space    used 10399K, capacity 11143K, committed 11264K, reserved 1048576K
}
Event: 38.988 GC heap before
{Heap before GC invocations=43 (full 0):
 garbage-first heap   total 163840K, used 146461K [0x0000000080000000, 0x0000000100000000)
  region size 1024K, 8 young (8192K), 1 survivors (1024K)
 Metaspace       used 80755K, capacity 82810K, committed 83120K, reserved 1122304K
  class space    used 10422K, capacity 11142K, committed 11264K, reserved 1048576K
}
Event: 38.992 GC heap after
{Heap after GC invocations=44 (full 0):
 garbage-first heap   total 163840K, used 139353K [0x0000000080000000, 0x0000000100000000)
  region size 1024K, 1 young (1024K), 1 survivors (1024K)
 Metaspace       used 80755K, capacity 82810K, committed 83120K, reserved 1122304K
  class space    used 10422K, capacity 11142K, committed 11264K, reserved 1048576K
}
Event: 39.182 GC heap before
{Heap before GC invocations=45 (full 0):
 garbage-first heap   total 163840K, used 146521K [0x0000000080000000, 0x0000000100000000)
  region size 1024K, 8 young (8192K), 1 survivors (1024K)
 Metaspace       used 80903K, capacity 83016K, committed 83120K, reserved 1122304K
  class space    used 10436K, capacity 11210K, committed 11264K, reserved 1048576K
}
Event: 39.187 GC heap after
{Heap after GC invocations=46 (full 0):
 garbage-first heap   total 163840K, used 139707K [0x0000000080000000, 0x0000000100000000)
  region size 1024K, 1 young (1024K), 1 survivors (1024K)
 Metaspace       used 80903K, capacity 83016K, committed 83120K, reserved 1122304K
  class space    used 10436K, capacity 11210K, committed 11264K, reserved 1048576K
}
Event: 39.306 GC heap before
{Heap before GC invocations=46 (full 0):
 garbage-first heap   total 163840K, used 146875K [0x0000000080000000, 0x0000000100000000)
  region size 1024K, 8 young (8192K), 1 survivors (1024K)
 Metaspace       used 81032K, capacity 83080K, committed 83376K, reserved 1122304K
  class space    used 10456K, capacity 11210K, committed 11264K, reserved 1048576K
}
Event: 39.308 GC heap after
{Heap after GC invocations=47 (full 0):
 garbage-first heap   total 163840K, used 139602K [0x0000000080000000, 0x0000000100000000)
  region size 1024K, 1 young (1024K), 1 survivors (1024K)
 Metaspace       used 81032K, capacity 83080K, committed 83376K, reserved 1122304K
  class space    used 10456K, capacity 11210K, committed 11264K, reserved 1048576K
}
Event: 39.384 GC heap before
{Heap before GC invocations=47 (full 0):
 garbage-first heap   total 163840K, used 146770K [0x0000000080000000, 0x0000000100000000)
  region size 1024K, 8 young (8192K), 1 survivors (1024K)
 Metaspace       used 81247K, capacity 83304K, committed 83376K, reserved 1122304K
  class space    used 10480K, capacity 11242K, committed 11264K, reserved 1048576K
}
Event: 39.386 GC heap after
{Heap after GC invocations=48 (full 0):
 garbage-first heap   total 163840K, used 139713K [0x0000000080000000, 0x0000000100000000)
  region size 1024K, 1 young (1024K), 1 survivors (1024K)
 Metaspace       used 81247K, capacity 83304K, committed 83376K, reserved 1122304K
  class space    used 10480K, capacity 11242K, committed 11264K, reserved 1048576K
}
Event: 39.471 GC heap before
{Heap before GC invocations=48 (full 0):
 garbage-first heap   total 163840K, used 146881K [0x0000000080000000, 0x0000000100000000)
  region size 1024K, 8 young (8192K), 1 survivors (1024K)
 Metaspace       used 81450K, capacity 83528K, committed 83760K, reserved 1122304K
  class space    used 10500K, capacity 11274K, committed 11392K, reserved 1048576K
}
Event: 39.474 GC heap after
{Heap after GC invocations=49 (full 0):
 garbage-first heap   total 163840K, used 139649K [0x0000000080000000, 0x0000000100000000)
  region size 1024K, 1 young (1024K), 1 survivors (1024K)
 Metaspace       used 81450K, capacity 83528K, committed 83760K, reserved 1122304K
  class space    used 10500K, capacity 11274K, committed 11392K, reserved 1048576K
}
Event: 39.604 GC heap before
{Heap before GC invocations=49 (full 0):
 garbage-first heap   total 163840K, used 146817K [0x0000000080000000, 0x0000000100000000)
  region size 1024K, 8 young (8192K), 1 survivors (1024K)
 Metaspace       used 81687K, capacity 83752K, committed 84016K, reserved 1122304K
  class space    used 10536K, capacity 11306K, committed 11392K, reserved 1048576K
}

Deoptimization events (20 events):
Event: 38.517 Thread 0x0000021fe82ef800 Uncommon trap: trap_request=0xffffffde fr.pc=0x0000021fd66c6bf8 relative=0x0000000000000058
Event: 38.517 Thread 0x0000021fe82ef800 Uncommon trap: reason=class_check action=maybe_recompile pc=0x0000021fd66c6bf8 method=groovy.lang.MetaMethod.isStatic()Z @ 1 c2
Event: 38.517 Thread 0x0000021fe82ef800 DEOPT PACKING pc=0x0000021fd66c6bf8 sp=0x0000005ecbef9da0
Event: 38.517 Thread 0x0000021fe82ef800 DEOPT UNPACKING pc=0x0000021fce7ea1af sp=0x0000005ecbef9d28 mode 2
Event: 38.533 Thread 0x0000021fe82ef800 Uncommon trap: trap_request=0xffffffde fr.pc=0x0000021fd66c6bf8 relative=0x0000000000000058
Event: 38.534 Thread 0x0000021fe82ef800 Uncommon trap: reason=class_check action=maybe_recompile pc=0x0000021fd66c6bf8 method=groovy.lang.MetaMethod.isStatic()Z @ 1 c2
Event: 38.534 Thread 0x0000021fe82ef800 DEOPT PACKING pc=0x0000021fd66c6bf8 sp=0x0000005ecbef9da0
Event: 38.534 Thread 0x0000021fe82ef800 DEOPT UNPACKING pc=0x0000021fce7ea1af sp=0x0000005ecbef9d28 mode 2
Event: 38.712 Thread 0x0000021fe82ef800 Uncommon trap: trap_request=0xffffffc6 fr.pc=0x0000021fd64767d0 relative=0x00000000000008f0
Event: 38.712 Thread 0x0000021fe82ef800 Uncommon trap: reason=bimorphic_or_optimized_type_check action=maybe_recompile pc=0x0000021fd64767d0 method=java.lang.Throwable.<init>(Ljava/lang/String;Ljava/lang/Throwable;)V @ 24 c2
Event: 38.712 Thread 0x0000021fe82ef800 DEOPT PACKING pc=0x0000021fd64767d0 sp=0x0000005ecbefbec0
Event: 38.712 Thread 0x0000021fe82ef800 DEOPT UNPACKING pc=0x0000021fce7ea1af sp=0x0000005ecbefbe88 mode 2
Event: 38.755 Thread 0x0000021fe82ef800 Uncommon trap: trap_request=0xffffffc6 fr.pc=0x0000021fd64767d0 relative=0x00000000000008f0
Event: 38.755 Thread 0x0000021fe82ef800 Uncommon trap: reason=bimorphic_or_optimized_type_check action=maybe_recompile pc=0x0000021fd64767d0 method=java.lang.Throwable.<init>(Ljava/lang/String;Ljava/lang/Throwable;)V @ 24 c2
Event: 38.756 Thread 0x0000021fe82ef800 DEOPT PACKING pc=0x0000021fd64767d0 sp=0x0000005ecbefbec0
Event: 38.756 Thread 0x0000021fe82ef800 DEOPT UNPACKING pc=0x0000021fce7ea1af sp=0x0000005ecbefbe88 mode 2
Event: 39.129 Thread 0x0000021fe82ef800 Uncommon trap: trap_request=0xffffff4d fr.pc=0x0000021fd66094c0 relative=0x00000000000000a0
Event: 39.129 Thread 0x0000021fe82ef800 Uncommon trap: reason=unstable_if action=reinterpret pc=0x0000021fd66094c0 method=java.lang.Integer.stringSize(I)I @ 3 c2
Event: 39.129 Thread 0x0000021fe82ef800 DEOPT PACKING pc=0x0000021fd66094c0 sp=0x0000005ecbefc540
Event: 39.129 Thread 0x0000021fe82ef800 DEOPT UNPACKING pc=0x0000021fce7ea1af sp=0x0000005ecbefc4c0 mode 2

Classes redefined (0 events):
No events

Internal exceptions (20 events):
Event: 38.386 Thread 0x0000021fe82ef800 Exception <a 'java/lang/ClassNotFoundException'{0x0000000089ab5568}: org/gradle/api/internal/AbstractValidatingNamedDomainObjectContainerCustomizer> (0x0000000089ab5568) thrown at [./src/hotspot/share/classfile/systemDictionary.cpp, line 231]
Event: 38.388 Thread 0x0000021fe82ef800 Exception <a 'java/lang/ClassNotFoundException'{0x0000000089aec3d8}: org/gradle/api/internal/artifacts/configurations/DefaultConfigurationContainerCustomizer> (0x0000000089aec3d8) thrown at [./src/hotspot/share/classfile/systemDictionary.cpp, line 231]
Event: 38.391 Thread 0x0000021fe82ef800 Exception <a 'java/lang/ClassNotFoundException'{0x000000008992eb80}: org/gradle/api/internal/artifacts/configurations/DefaultConfigurationContainer_DecoratedCustomizer> (0x000000008992eb80) thrown at [./src/hotspot/share/classfile/systemDictionary.cpp, line 231]
Event: 38.537 Thread 0x0000021fe82ef800 Exception <a 'java/lang/ClassNotFoundException'{0x00000000898c40d8}: java/lang/IntegerBeanInfo> (0x00000000898c40d8) thrown at [./src/hotspot/share/classfile/systemDictionary.cpp, line 231]
Event: 38.537 Thread 0x0000021fe82ef800 Exception <a 'java/lang/ClassNotFoundException'{0x00000000898cde38}: java/lang/NumberBeanInfo> (0x00000000898cde38) thrown at [./src/hotspot/share/classfile/systemDictionary.cpp, line 231]
Event: 38.539 Thread 0x0000021fe82ef800 Exception <a 'java/lang/ClassNotFoundException'{0x00000000898d7fc0}: java/lang/NumberCustomizer> (0x00000000898d7fc0) thrown at [./src/hotspot/share/classfile/systemDictionary.cpp, line 231]
Event: 38.541 Thread 0x0000021fe82ef800 Exception <a 'java/lang/ClassNotFoundException'{0x00000000898e52a0}: java/lang/IntegerCustomizer> (0x00000000898e52a0) thrown at [./src/hotspot/share/classfile/systemDictionary.cpp, line 231]
Event: 38.554 Thread 0x0000021fe82ef800 Exception <a 'java/lang/ClassNotFoundException'{0x000000008974d658}: org/gradle/internal/extensibility/DefaultConventionBeanInfo> (0x000000008974d658) thrown at [./src/hotspot/share/classfile/systemDictionary.cpp, line 231]
Event: 38.555 Thread 0x0000021fe82ef800 Exception <a 'java/lang/ClassNotFoundException'{0x00000000897652c0}: org/gradle/internal/extensibility/DefaultConventionCustomizer> (0x00000000897652c0) thrown at [./src/hotspot/share/classfile/systemDictionary.cpp, line 231]
Event: 38.613 Thread 0x0000021fe82ef800 Exception <a 'java/lang/ClassNotFoundException'{0x0000000089614798}: org/gradle/internal/extensibility/DefaultExtensionsSchemaBeanInfo> (0x0000000089614798) thrown at [./src/hotspot/share/classfile/systemDictionary.cpp, line 231]
Event: 38.614 Thread 0x0000021fe82ef800 Exception <a 'java/lang/ClassNotFoundException'{0x000000008962d780}: org/gradle/internal/extensibility/DefaultExtensionsSchemaCustomizer> (0x000000008962d780) thrown at [./src/hotspot/share/classfile/systemDictionary.cpp, line 231]
Event: 38.620 Thread 0x0000021fe82ef800 Exception <a 'java/lang/ClassNotFoundException'{0x000000008966fb20}: org/gradle/internal/extensibility/ExtensionsStorage$ExtensionHolderBeanInfo> (0x000000008966fb20) thrown at [./src/hotspot/share/classfile/systemDictionary.cpp, line 231]
Event: 38.621 Thread 0x0000021fe82ef800 Exception <a 'java/lang/ClassNotFoundException'{0x0000000089689fa8}: org/gradle/internal/extensibility/ExtensionsStorage$ExtensionHolderCustomizer> (0x0000000089689fa8) thrown at [./src/hotspot/share/classfile/systemDictionary.cpp, line 231]
Event: 38.686 Thread 0x0000021fe82ef800 Exception <a 'java/lang/ClassNotFoundException'{0x0000000089bc6cc0}: org/codehaus/groovy/runtime/NullObjectBeanInfo> (0x0000000089bc6cc0) thrown at [./src/hotspot/share/classfile/systemDictionary.cpp, line 231]
Event: 38.703 Thread 0x0000021fe82ef800 Exception <a 'java/lang/ClassNotFoundException'{0x000000008999ee78}: org/codehaus/groovy/runtime/NullObjectCustomizer> (0x000000008999ee78) thrown at [./src/hotspot/share/classfile/systemDictionary.cpp, line 231]
Event: 39.074 Thread 0x0000021fe82ef800 Exception <a 'java/lang/ClassNotFoundException'{0x00000000898baef8}: org/gradle/api/internal/tasks/DefaultSourceSetContainer_DecoratedBeanInfo> (0x00000000898baef8) thrown at [./src/hotspot/share/classfile/systemDictionary.cpp, line 231]
Event: 39.076 Thread 0x0000021fe82ef800 Exception <a 'java/lang/ClassNotFoundException'{0x00000000898dd328}: org/gradle/api/internal/tasks/DefaultSourceSetContainerBeanInfo> (0x00000000898dd328) thrown at [./src/hotspot/share/classfile/systemDictionary.cpp, line 231]
Event: 39.079 Thread 0x0000021fe82ef800 Exception <a 'java/lang/ClassNotFoundException'{0x00000000898ff7c8}: org/gradle/api/internal/tasks/DefaultSourceSetContainerCustomizer> (0x00000000898ff7c8) thrown at [./src/hotspot/share/classfile/systemDictionary.cpp, line 231]
Event: 39.081 Thread 0x0000021fe82ef800 Exception <a 'java/lang/ClassNotFoundException'{0x0000000089730fa0}: org/gradle/api/internal/tasks/DefaultSourceSetContainer_DecoratedCustomizer> (0x0000000089730fa0) thrown at [./src/hotspot/share/classfile/systemDictionary.cpp, line 231]
Event: 39.126 Thread 0x0000021fe82ef800 Exception <a 'java/lang/NoSuchMethodError'{0x000000008966a248}: <clinit>> (0x000000008966a248) thrown at [./src/hotspot/share/prims/jni.cpp, line 1366]

Events (20 events):
Event: 39.572 loading class com/amazon/ion/IonLoader done
Event: 39.573 loading class com/amazon/ion/UnexpectedEofException
Event: 39.573 loading class com/amazon/ion/UnexpectedEofException done
Event: 39.574 loading class com/amazon/ion/IonDatagram
Event: 39.574 loading class com/amazon/ion/IonDatagram done
Event: 39.576 loading class com/amazon/ion/UnsupportedIonVersionException
Event: 39.576 loading class com/amazon/ion/UnsupportedIonVersionException done
Event: 39.578 loading class com/amazon/ion/impl/LocalSymbolTableAsStruct$Factory
Event: 39.578 loading class com/amazon/ion/impl/LocalSymbolTableAsStruct$Factory done
Event: 39.579 loading class com/amazon/ion/impl/LocalSymbolTableAsStruct
Event: 39.579 loading class com/amazon/ion/impl/LocalSymbolTableAsStruct done
Event: 39.580 loading class com/amazon/ion/impl/LocalSymbolTable
Event: 39.580 loading class com/amazon/ion/impl/LocalSymbolTable done
Event: 39.601 loading class com/amazon/ion/impl/lite/IonLoaderLite
Event: 39.601 loading class com/amazon/ion/impl/lite/IonLoaderLite done
Event: 39.603 loading class com/amazon/ion/impl/lite/ContainerlessContext
Event: 39.603 loading class com/amazon/ion/impl/lite/ContainerlessContext done
Event: 39.604 loading class com/amazon/ion/impl/_Private_SymtabExtendsCache
Event: 39.604 loading class com/amazon/ion/impl/_Private_SymtabExtendsCache done
Event: 39.604 Executing VM operation: G1CollectForAllocation


Dynamic libraries:
0x00007ff612a10000 - 0x00007ff612a1a000 	C:\Program Files\Android\Android Studio\jre\bin\java.exe
0x00007ff85a720000 - 0x00007ff85a929000 	C:\Windows\SYSTEM32\ntdll.dll
0x00007ff85a330000 - 0x00007ff85a3ee000 	C:\Windows\System32\KERNEL32.DLL
0x00007ff857ff0000 - 0x00007ff85836b000 	C:\Windows\System32\KERNELBASE.dll
0x00007ff857c60000 - 0x00007ff857d71000 	C:\Windows\System32\ucrtbase.dll
0x00007ff848d70000 - 0x00007ff848d87000 	C:\Program Files\Android\Android Studio\jre\bin\VCRUNTIME140.dll
0x00007ff848d50000 - 0x00007ff848d69000 	C:\Program Files\Android\Android Studio\jre\bin\jli.dll
0x00007ff85a530000 - 0x00007ff85a6dd000 	C:\Windows\System32\USER32.dll
0x00007ff857fc0000 - 0x00007ff857fe6000 	C:\Windows\System32\win32u.dll
0x00007ff858da0000 - 0x00007ff858dc9000 	C:\Windows\System32\GDI32.dll
0x00007ff857d80000 - 0x00007ff857e98000 	C:\Windows\System32\gdi32full.dll
0x00007ff857f20000 - 0x00007ff857fbd000 	C:\Windows\System32\msvcp_win.dll
0x00007ff842350000 - 0x00007ff8425f5000 	C:\Windows\WinSxS\amd64_microsoft.windows.common-controls_6595b64144ccf1df_6.0.22000.120_none_9d947278b86cc467\COMCTL32.dll
0x00007ff85a480000 - 0x00007ff85a523000 	C:\Windows\System32\msvcrt.dll
0x00007ff85a0b0000 - 0x00007ff85a0e2000 	C:\Windows\System32\IMM32.DLL
0x00007ff823da0000 - 0x00007ff823e3d000 	C:\Program Files\Android\Android Studio\jre\bin\msvcp140.dll
0x00007ff81b010000 - 0x00007ff81bb12000 	C:\Program Files\Android\Android Studio\jre\bin\server\jvm.dll
0x00007ff85a000000 - 0x00007ff85a0ae000 	C:\Windows\System32\ADVAPI32.dll
0x00007ff858850000 - 0x00007ff8588ee000 	C:\Windows\System32\sechost.dll
0x00007ff858c80000 - 0x00007ff858da0000 	C:\Windows\System32\RPCRT4.dll
0x00007ff858690000 - 0x00007ff858698000 	C:\Windows\System32\PSAPI.DLL
0x00007ff853d70000 - 0x00007ff853d79000 	C:\Windows\SYSTEM32\WSOCK32.dll
0x00007ff8597a0000 - 0x00007ff85980f000 	C:\Windows\System32\WS2_32.dll
0x00007ff8501d0000 - 0x00007ff850203000 	C:\Windows\SYSTEM32\WINMM.dll
0x00007ff84ac80000 - 0x00007ff84ac8a000 	C:\Windows\SYSTEM32\VERSION.dll
0x00007ff856d60000 - 0x00007ff856d78000 	C:\Windows\SYSTEM32\kernel.appcore.dll
0x00007ff849e40000 - 0x00007ff849e51000 	C:\Program Files\Android\Android Studio\jre\bin\verify.dll
0x00007ff855770000 - 0x00007ff855991000 	C:\Windows\SYSTEM32\DBGHELP.DLL
0x00007ff848f30000 - 0x00007ff848f61000 	C:\Windows\SYSTEM32\dbgcore.DLL
0x00007ff857ea0000 - 0x00007ff857f1f000 	C:\Windows\System32\bcryptPrimitives.dll
0x00007ff848f00000 - 0x00007ff848f29000 	C:\Program Files\Android\Android Studio\jre\bin\java.dll
0x00007ff851c40000 - 0x00007ff851c4b000 	C:\Program Files\Android\Android Studio\jre\bin\jimage.dll
0x00007ff8497a0000 - 0x00007ff8497b8000 	C:\Program Files\Android\Android Studio\jre\bin\zip.dll
0x00007ff858dd0000 - 0x00007ff859587000 	C:\Windows\System32\SHELL32.dll
0x00007ff855c20000 - 0x00007ff856485000 	C:\Windows\SYSTEM32\windows.storage.dll
0x00007ff858900000 - 0x00007ff858c78000 	C:\Windows\System32\combase.dll
0x00007ff8559a0000 - 0x00007ff855b06000 	C:\Windows\SYSTEM32\wintypes.dll
0x00007ff858760000 - 0x00007ff85884a000 	C:\Windows\System32\SHCORE.dll
0x00007ff859810000 - 0x00007ff85986d000 	C:\Windows\System32\shlwapi.dll
0x00007ff857b20000 - 0x00007ff857b41000 	C:\Windows\SYSTEM32\profapi.dll
0x00007ff848930000 - 0x00007ff84894a000 	C:\Program Files\Android\Android Studio\jre\bin\net.dll
0x00007ff84fbc0000 - 0x00007ff84fcd4000 	C:\Windows\SYSTEM32\WINHTTP.dll
0x00007ff857200000 - 0x00007ff857267000 	C:\Windows\system32\mswsock.dll
0x00007ff8488d0000 - 0x00007ff8488e4000 	C:\Program Files\Android\Android Studio\jre\bin\nio.dll
0x00007ff8456b0000 - 0x00007ff8456d7000 	C:\Users\Administrator\.gradle\native\e1d6ef7f7dcc3fd88c89a11ec53ec762bb8ba0a96d01ffa2cd45eb1d1d8dd5c5\windows-amd64\native-platform.dll
0x00007ff81e240000 - 0x00007ff81e384000 	C:\Users\Administrator\.gradle\native\0d407fdbe67a94daf76414ababcb853783967236a71b16ec16e742cd7a986fd3\windows-amd64\native-platform-file-events.dll
0x00007ff850c90000 - 0x00007ff850c9a000 	C:\Program Files\Android\Android Studio\jre\bin\management.dll
0x00007ff850740000 - 0x00007ff85074d000 	C:\Program Files\Android\Android Studio\jre\bin\management_ext.dll
0x00007ff857450000 - 0x00007ff857468000 	C:\Windows\SYSTEM32\CRYPTSP.dll
0x00007ff856cc0000 - 0x00007ff856cf5000 	C:\Windows\system32\rsaenh.dll
0x00007ff8572f0000 - 0x00007ff857319000 	C:\Windows\SYSTEM32\USERENV.dll
0x00007ff8575d0000 - 0x00007ff8575f7000 	C:\Windows\SYSTEM32\bcrypt.dll
0x00007ff857440000 - 0x00007ff85744c000 	C:\Windows\SYSTEM32\CRYPTBASE.dll
0x00007ff856890000 - 0x00007ff8568bd000 	C:\Windows\SYSTEM32\IPHLPAPI.DLL
0x00007ff859590000 - 0x00007ff859599000 	C:\Windows\System32\NSI.dll
0x00007ff84f380000 - 0x00007ff84f399000 	C:\Windows\SYSTEM32\dhcpcsvc6.DLL
0x00007ff850590000 - 0x00007ff8505ae000 	C:\Windows\SYSTEM32\dhcpcsvc.DLL
0x00007ff8568c0000 - 0x00007ff8569a8000 	C:\Windows\SYSTEM32\DNSAPI.dll

dbghelp: loaded successfully - version: 4.0.5 - missing functions: none
symbol engine: initialized successfully - sym options: 0x614 - pdb path: .;C:\Program Files\Android\Android Studio\jre\bin;C:\Windows\SYSTEM32;C:\Windows\WinSxS\amd64_microsoft.windows.common-controls_6595b64144ccf1df_6.0.22000.120_none_9d947278b86cc467;C:\Program Files\Android\Android Studio\jre\bin\server;C:\Users\Administrator\.gradle\native\e1d6ef7f7dcc3fd88c89a11ec53ec762bb8ba0a96d01ffa2cd45eb1d1d8dd5c5\windows-amd64;C:\Users\Administrator\.gradle\native\0d407fdbe67a94daf76414ababcb853783967236a71b16ec16e742cd7a986fd3\windows-amd64

VM Arguments:
jvm_args: --add-opens=java.base/java.util=ALL-UNNAMED --add-opens=java.base/java.lang=ALL-UNNAMED --add-opens=java.base/java.lang.invoke=ALL-UNNAMED --add-opens=java.base/java.util=ALL-UNNAMED --add-opens=java.prefs/java.util.prefs=ALL-UNNAMED --add-opens=java.prefs/java.util.prefs=ALL-UNNAMED --add-opens=java.base/java.nio.charset=ALL-UNNAMED --add-opens=java.base/java.net=ALL-UNNAMED --add-opens=java.base/java.util.concurrent.atomic=ALL-UNNAMED -Xmx2048m -Dfile.encoding=UTF-8 -Duser.country=US -Duser.language=en -Duser.variant 
java_command: org.gradle.launcher.daemon.bootstrap.GradleDaemon 7.4
java_class_path (initial): C:\Users\Administrator\.gradle\wrapper\dists\gradle-7.4-bin\c0gwcg53nkjbqw7r0h0umtfvt\gradle-7.4\lib\gradle-launcher-7.4.jar
Launcher Type: SUN_STANDARD

[Global flags]
     intx CICompilerCount                          = 3                                         {product} {ergonomic}
     uint ConcGCThreads                            = 1                                         {product} {ergonomic}
     uint G1ConcRefinementThreads                  = 4                                         {product} {ergonomic}
   size_t G1HeapRegionSize                         = 1048576                                   {product} {ergonomic}
    uintx GCDrainStackTargetSize                   = 64                                        {product} {ergonomic}
   size_t InitialHeapSize                          = 134217728                                 {product} {ergonomic}
   size_t MarkStackSize                            = 4194304                                   {product} {ergonomic}
   size_t MaxHeapSize                              = 2147483648                                {product} {command line}
   size_t MaxNewSize                               = 1287651328                                {product} {ergonomic}
   size_t MinHeapDeltaBytes                        = 1048576                                   {product} {ergonomic}
    uintx NonNMethodCodeHeapSize                   = 5830732                                {pd product} {ergonomic}
    uintx NonProfiledCodeHeapSize                  = 122913754                              {pd product} {ergonomic}
    uintx ProfiledCodeHeapSize                     = 122913754                              {pd product} {ergonomic}
    uintx ReservedCodeCacheSize                    = 251658240                              {pd product} {ergonomic}
     bool SegmentedCodeCache                       = true                                      {product} {ergonomic}
     bool UseCompressedClassPointers               = true                                 {lp64_product} {ergonomic}
     bool UseCompressedOops                        = true                                 {lp64_product} {ergonomic}
     bool UseG1GC                                  = true                                      {product} {ergonomic}
     bool UseLargePagesIndividualAllocation        = false                                  {pd product} {ergonomic}

Logging:
Log output configuration:
 #0: stdout all=warning uptime,level,tags
 #1: stderr all=off uptime,level,tags

Environment Variables:
PATH=C:\Program Files (x86)\Common Files\Oracle\Java\javapath;C:\Windows\system32;C:\Windows;C:\Windows\System32\Wbem;C:\Windows\System32\WindowsPowerShell\v1.0\;C:\Windows\System32\OpenSSH\;C:\Program Files\Git\cmd;C:\xampp\php;C:\ProgramData\ComposerSetup\bin;C:\Program Files (x86)\NVIDIA Corporation\PhysX\Common;C:\Program Files\NVIDIA Corporation\NVIDIA NvDLISR;C:\Program Files\nodejs\;C:\Program Files\dotnet\;C:\Users\Administrator\AppData\Local\Microsoft\WindowsApps;C:\Users\Administrator\AppData\Local\Programs\Microsoft VS Code\bin;C:\Users\Administrator\AppData\Roaming\Composer\vendor\bin;D:\xampp\php\php.exe;C:\Users\Administrator\AppData\Roaming\npm;C:\Program Files\Java\jdk-19.0.1\bin;
USERNAME=Administrator
OS=Windows_NT
PROCESSOR_IDENTIFIER=Intel64 Family 6 Model 142 Stepping 9, GenuineIntel



---------------  S Y S T E M  ---------------

OS: Windows 11 , 64 bit Build 22000 (10.0.22000.1335)
OS uptime: 2 days 2:11 hours

CPU:total 4 (initial active 4) (2 cores per cpu, 2 threads per core) family 6 model 142 stepping 9 microcode 0xde, cmov, cx8, fxsr, mmx, sse, sse2, sse3, ssse3, sse4.1, sse4.2, popcnt, avx, avx2, aes, clmul, erms, 3dnowpref, lzcnt, ht, tsc, tscinvbit, bmi1, bmi2, adx, fma

Memory: 4k page, system-wide physical 8073M (448M free)
TotalPageFile size 8073M (AvailPageFile size 21M)
current process WorkingSet (physical memory assigned to process): 397M, peak: 401M
current process commit charge ("private bytes"): 427M, peak: 459M

vm_info: OpenJDK 64-Bit Server VM (11.0.13+0-b1751.21-8125866) for windows-amd64 JRE (11.0.13+0-b1751.21-8125866), built on Feb  2 2022 03:00:22 by "builder" with MS VC++ 14.0 (VS2015)

END.
