#
# There is insufficient memory for the Java Runtime Environment to continue.
# Native memory allocation (mmap) failed to map 170917888 bytes for Failed to commit area from 0x0000000091b00000 to 0x000000009be00000 of length 170917888.
# Possible reasons:
#   The system is out of physical RAM or swap space
#   The process is running with CompressedOops enabled, and the Java Heap may be blocking the growth of the native heap
# Possible solutions:
#   Reduce memory load on the system
#   Increase physical memory or swap space
#   Check if swap backing store is full
#   Decrease Java heap size (-Xmx/-Xms)
#   Decrease number of Java threads
#   Decrease Java thread stack sizes (-Xss)
#   Set larger code cache with -XX:ReservedCodeCacheSize=
#   JVM is running with Unscaled Compressed Oops mode in which the Java heap is
#     placed in the first 4GB address space. The Java Heap base address is the
#     maximum limit for the native heap growth. Please use -XX:HeapBaseMinAddress
#     to set the Java Heap base and to place the Java Heap above 4GB virtual address.
# This output file may be truncated or incomplete.
#
#  Out of Memory Error (./src/hotspot/os/windows/os_windows.cpp:3619), pid=10472, tid=7548
#
# JRE version: OpenJDK Runtime Environment (11.0.13) (build 11.0.13+0-b1751.21-8125866)
# Java VM: OpenJDK 64-Bit Server VM (11.0.13+0-b1751.21-8125866, mixed mode, tiered, compressed oops, g1 gc, windows-amd64)
# No core dump will be written. Minidumps are not enabled by default on client versions of Windows
#

---------------  S U M M A R Y ------------

Command Line: --add-opens=java.base/java.util=ALL-UNNAMED --add-opens=java.base/java.lang=ALL-UNNAMED --add-opens=java.base/java.lang.invoke=ALL-UNNAMED --add-opens=java.base/java.util=ALL-UNNAMED --add-opens=java.prefs/java.util.prefs=ALL-UNNAMED --add-opens=java.prefs/java.util.prefs=ALL-UNNAMED --add-opens=java.base/java.nio.charset=ALL-UNNAMED --add-opens=java.base/java.net=ALL-UNNAMED --add-opens=java.base/java.util.concurrent.atomic=ALL-UNNAMED -Xmx2048m -Dfile.encoding=UTF-8 -Duser.country=US -Duser.language=en -Duser.variant org.gradle.launcher.daemon.bootstrap.GradleDaemon 7.4

Host: Intel(R) Core(TM) i3-7020U CPU @ 2.30GHz, 4 cores, 7G,  Windows 11 , 64 bit Build 22000 (10.0.22000.1335)
Time: Sat Jan  7 23:35:08 2023 SE Asia Standard Time elapsed time: 71.460161 seconds (0d 0h 1m 11s)

---------------  T H R E A D  ---------------

Current thread (0x0000026430dc9000):  VMThread "VM Thread" [stack: 0x000000b729100000,0x000000b729200000] [id=7548]

Stack: [0x000000b729100000,0x000000b729200000]
[error occurred during error reporting (printing stack bounds), id 0xc0000005, EXCEPTION_ACCESS_VIOLATION (0xc0000005) at pc=0x000002641ad2112d]

Native frames: (J=compiled Java code, j=interpreted, Vv=VM code, C=native code)
V  [jvm.dll+0x6100fa]
V  [jvm.dll+0x747090]
V  [jvm.dll+0x7486ad]
V  [jvm.dll+0x748ce5]
V  [jvm.dll+0x748c9b]
V  [jvm.dll+0x60f224]
V  [jvm.dll+0x60f9b8]
C  [ntdll.dll+0xa8b1f]
C  [ntdll.dll+0x35b9a]
C  [ntdll.dll+0xa7b2e]
C  0x000002641ad2112d

VM_Operation (0x000000b72f3fde10): G1CollectForAllocation, mode: safepoint, requested by thread 0x0000026434e64000


---------------  P R O C E S S  ---------------

Threads class SMR info:
_java_thread_list=0x00000264326fb4e0, length=95, elements={
0x00000264171fc800, 0x0000026430e01000, 0x0000026430e02000, 0x0000026431792800,
0x0000026430e1e800, 0x0000026430e21800, 0x0000026430e24000, 0x0000026430e45800,
0x0000026430e48000, 0x00000264318c8000, 0x0000026432c9f800, 0x000002643384a000,
0x0000026431e95800, 0x0000026433768800, 0x0000026433640800, 0x0000026432236000,
0x0000026432237000, 0x0000026432234800, 0x0000026432235800, 0x0000026433e84000,
0x0000026433e85800, 0x0000026433e83800, 0x0000026433e8a000, 0x0000026433e8a800,
0x0000026433e85000, 0x0000026433e8e800, 0x0000026433e8f800, 0x0000026434c56000,
0x000002643b594000, 0x0000026434c4c000, 0x0000026434c4d000, 0x0000026434c4b000,
0x0000026434c47000, 0x0000026434c4d800, 0x0000026434c4a800, 0x0000026434c48000,
0x0000026434c4e800, 0x0000026434c48800, 0x0000026434c4f800, 0x0000026434c49800,
0x0000026434c54000, 0x0000026434c55000, 0x0000026434c50000, 0x0000026434c53800,
0x0000026434c51000, 0x0000026434c52800, 0x0000026434c51800, 0x000002643b593000,
0x000002643b58e000, 0x000002643b592800, 0x000002643b595000, 0x000002643b58f000,
0x000002643b595800, 0x000002643b590000, 0x000002643b596800, 0x000002643b590800,
0x000002643b591800, 0x000002643b59c000, 0x000002643b597000, 0x000002643b59d000,
0x000002643b59b800, 0x000002643b598000, 0x000002643b599800, 0x000002643b59a800,
0x000002643b599000, 0x0000026433e88000, 0x0000026433e86800, 0x0000026433e8b800,
0x0000026433e87800, 0x0000026433e8e000, 0x0000026433e89000, 0x0000026433e92000,
0x0000026433e90800, 0x0000026433e91000, 0x0000026434d2d000, 0x0000026434d2c800,
0x0000026434d31000, 0x0000026434d2b800, 0x0000026434d33800, 0x0000026434d2e000,
0x0000026434d2f800, 0x0000026434d34800, 0x0000026434d2f000, 0x0000026434d30800,
0x0000026434d36000, 0x0000026434d37800, 0x0000026434d35800, 0x0000026434d32000,
0x0000026434d38800, 0x0000026434d37000, 0x0000026434fb9000, 0x0000026434d33000,
0x0000026434d39800, 0x0000026434d3a000, 0x0000026434e64000
}

Java Threads: ( => current thread )
  0x00000264171fc800 JavaThread "main" [_thread_blocked, id=10648, stack(0x000000b728b00000,0x000000b728c00000)]
  0x0000026430e01000 JavaThread "Reference Handler" daemon [_thread_blocked, id=12556, stack(0x000000b729200000,0x000000b729300000)]
  0x0000026430e02000 JavaThread "Finalizer" daemon [_thread_blocked, id=14276, stack(0x000000b729300000,0x000000b729400000)]
  0x0000026431792800 JavaThread "Signal Dispatcher" daemon [_thread_blocked, id=13148, stack(0x000000b729400000,0x000000b729500000)]
  0x0000026430e1e800 JavaThread "Attach Listener" daemon [_thread_blocked, id=14032, stack(0x000000b729500000,0x000000b729600000)]
  0x0000026430e21800 JavaThread "Service Thread" daemon [_thread_blocked, id=11908, stack(0x000000b729600000,0x000000b729700000)]
  0x0000026430e24000 JavaThread "C2 CompilerThread0" daemon [_thread_blocked, id=13400, stack(0x000000b729700000,0x000000b729800000)]
  0x0000026430e45800 JavaThread "C1 CompilerThread0" daemon [_thread_blocked, id=15188, stack(0x000000b729800000,0x000000b729900000)]
  0x0000026430e48000 JavaThread "Sweeper thread" daemon [_thread_blocked, id=8928, stack(0x000000b729900000,0x000000b729a00000)]
  0x00000264318c8000 JavaThread "Common-Cleaner" daemon [_thread_blocked, id=13452, stack(0x000000b729a00000,0x000000b729b00000)]
  0x0000026432c9f800 JavaThread "Daemon health stats" [_thread_blocked, id=1544, stack(0x000000b729e00000,0x000000b729f00000)]
  0x000002643384a000 JavaThread "Incoming local TCP Connector on port 3762" [_thread_in_native, id=8204, stack(0x000000b729f00000,0x000000b72a000000)]
  0x0000026431e95800 JavaThread "Daemon periodic checks" [_thread_blocked, id=15284, stack(0x000000b72a100000,0x000000b72a200000)]
  0x0000026433768800 JavaThread "Daemon" [_thread_blocked, id=2332, stack(0x000000b72a200000,0x000000b72a300000)]
  0x0000026433640800 JavaThread "Daemon worker" [_thread_blocked, id=5672, stack(0x000000b72a500000,0x000000b72a600000)]
  0x0000026432236000 JavaThread "Cache worker for journal cache (C:\Users\Administrator\.gradle\caches\journal-1)" [_thread_blocked, id=13960, stack(0x000000b72a900000,0x000000b72aa00000)]
  0x0000026432237000 JavaThread "File lock request listener" [_thread_in_native, id=12440, stack(0x000000b72aa00000,0x000000b72ab00000)]
  0x0000026432234800 JavaThread "Cache worker for file hash cache (C:\Users\Administrator\.gradle\caches\7.4\fileHashes)" [_thread_blocked, id=6392, stack(0x000000b72ab00000,0x000000b72ac00000)]
  0x0000026432235800 JavaThread "File watcher server" daemon [_thread_blocked, id=10732, stack(0x000000b72ac00000,0x000000b72ad00000)]
  0x0000026433e84000 JavaThread "File watcher consumer" daemon [_thread_blocked, id=10852, stack(0x000000b72ad00000,0x000000b72ae00000)]
  0x0000026433e85800 JavaThread "jar transforms" [_thread_blocked, id=2320, stack(0x000000b72af00000,0x000000b72b000000)]
  0x0000026433e83800 JavaThread "jar transforms Thread 2" [_thread_blocked, id=14388, stack(0x000000b72b000000,0x000000b72b100000)]
  0x0000026433e8a000 JavaThread "jar transforms Thread 3" [_thread_blocked, id=13428, stack(0x000000b72b100000,0x000000b72b200000)]
  0x0000026433e8a800 JavaThread "jar transforms Thread 4" [_thread_blocked, id=7280, stack(0x000000b72b200000,0x000000b72b300000)]
  0x0000026433e85000 JavaThread "Cache worker for execution history cache (C:\Users\Administrator\.gradle\caches\7.4\executionHistory)" [_thread_blocked, id=5068, stack(0x000000b72b600000,0x000000b72b700000)]
  0x0000026433e8e800 JavaThread "File lock release action executor" [_thread_blocked, id=9564, stack(0x000000b72b700000,0x000000b72b800000)]
  0x0000026433e8f800 JavaThread "Cache worker for file content cache (C:\Users\Administrator\.gradle\caches\7.4\fileContent)" [_thread_blocked, id=15172, stack(0x000000b72b900000,0x000000b72ba00000)]
  0x0000026434c56000 JavaThread "Memory manager" [_thread_blocked, id=4652, stack(0x000000b72e400000,0x000000b72e500000)]
  0x000002643b594000 JavaThread "included builds" [_thread_blocked, id=3528, stack(0x000000b72e700000,0x000000b72e800000)]
  0x0000026434c4c000 JavaThread "Handler for socket connection from /127.0.0.1:3762 to /127.0.0.1:3970" [_thread_in_native, id=2472, stack(0x000000b728900000,0x000000b728a00000)]
  0x0000026434c4d000 JavaThread "Cancel handler" [_thread_blocked, id=14316, stack(0x000000b728a00000,0x000000b728b00000)]
  0x0000026434c4b000 JavaThread "Asynchronous log dispatcher for DefaultDaemonConnection: socket connection from /127.0.0.1:3762 to /127.0.0.1:3970" [_thread_blocked, id=14120, stack(0x000000b72a300000,0x000000b72a400000)]
  0x0000026434c47000 JavaThread "Stdin handler" [_thread_blocked, id=5304, stack(0x000000b72a400000,0x000000b72a500000)]
  0x0000026434c4d800 JavaThread "Daemon client event forwarder" [_thread_blocked, id=3164, stack(0x000000b72a600000,0x000000b72a700000)]
  0x0000026434c4a800 JavaThread "Cache worker for checksums cache (D:\SETIK\findbarber\.gradle\7.4\checksums)" [_thread_blocked, id=3228, stack(0x000000b72a700000,0x000000b72a800000)]
  0x0000026434c48000 JavaThread "Cache worker for cache directory md-rule (C:\Users\Administrator\.gradle\caches\7.4\md-rule)" [_thread_blocked, id=7348, stack(0x000000b72ae00000,0x000000b72af00000)]
  0x0000026434c4e800 JavaThread "Cache worker for file hash cache (D:\SETIK\findbarber\.gradle\7.4\fileHashes)" [_thread_blocked, id=4048, stack(0x000000b72b300000,0x000000b72b400000)]
  0x0000026434c48800 JavaThread "Cache worker for cache directory md-supplier (C:\Users\Administrator\.gradle\caches\7.4\md-supplier)" [_thread_blocked, id=2152, stack(0x000000b72b400000,0x000000b72b500000)]
  0x0000026434c4f800 JavaThread "Cache worker for dependencies-accessors (D:\SETIK\findbarber\.gradle\7.4\dependencies-accessors)" [_thread_blocked, id=14284, stack(0x000000b72b500000,0x000000b72b600000)]
  0x0000026434c49800 JavaThread "Cache worker for Build Output Cleanup Cache (D:\SETIK\findbarber\.gradle\buildOutputCleanup)" [_thread_blocked, id=1752, stack(0x000000b72b800000,0x000000b72b900000)]
  0x0000026434c54000 JavaThread "Unconstrained build operations" [_thread_blocked, id=12640, stack(0x000000b72ba00000,0x000000b72bb00000)]
  0x0000026434c55000 JavaThread "Unconstrained build operations Thread 2" [_thread_blocked, id=9172, stack(0x000000b72bb00000,0x000000b72bc00000)]
  0x0000026434c50000 JavaThread "Unconstrained build operations Thread 3" [_thread_blocked, id=3428, stack(0x000000b72bc00000,0x000000b72bd00000)]
  0x0000026434c53800 JavaThread "Unconstrained build operations Thread 4" [_thread_blocked, id=14800, stack(0x000000b72bd00000,0x000000b72be00000)]
  0x0000026434c51000 JavaThread "Unconstrained build operations Thread 5" [_thread_blocked, id=7744, stack(0x000000b72be00000,0x000000b72bf00000)]
  0x0000026434c52800 JavaThread "Unconstrained build operations Thread 6" [_thread_blocked, id=13520, stack(0x000000b72bf00000,0x000000b72c000000)]
  0x0000026434c51800 JavaThread "Unconstrained build operations Thread 7" [_thread_blocked, id=14548, stack(0x000000b72c000000,0x000000b72c100000)]
  0x000002643b593000 JavaThread "Unconstrained build operations Thread 8" [_thread_blocked, id=12432, stack(0x000000b72c100000,0x000000b72c200000)]
  0x000002643b58e000 JavaThread "Unconstrained build operations Thread 9" [_thread_blocked, id=6488, stack(0x000000b72c200000,0x000000b72c300000)]
  0x000002643b592800 JavaThread "Unconstrained build operations Thread 10" [_thread_blocked, id=3444, stack(0x000000b72c300000,0x000000b72c400000)]
  0x000002643b595000 JavaThread "Unconstrained build operations Thread 11" [_thread_blocked, id=12676, stack(0x000000b72c400000,0x000000b72c500000)]
  0x000002643b58f000 JavaThread "Unconstrained build operations Thread 12" [_thread_blocked, id=10624, stack(0x000000b72c500000,0x000000b72c600000)]
  0x000002643b595800 JavaThread "Unconstrained build operations Thread 13" [_thread_blocked, id=8632, stack(0x000000b72c600000,0x000000b72c700000)]
  0x000002643b590000 JavaThread "Unconstrained build operations Thread 14" [_thread_blocked, id=5596, stack(0x000000b72c700000,0x000000b72c800000)]
  0x000002643b596800 JavaThread "Unconstrained build operations Thread 15" [_thread_blocked, id=14968, stack(0x000000b72c800000,0x000000b72c900000)]
  0x000002643b590800 JavaThread "Unconstrained build operations Thread 16" [_thread_blocked, id=6584, stack(0x000000b72c900000,0x000000b72ca00000)]
  0x000002643b591800 JavaThread "Unconstrained build operations Thread 17" [_thread_blocked, id=13100, stack(0x000000b72ca00000,0x000000b72cb00000)]
  0x000002643b59c000 JavaThread "Unconstrained build operations Thread 18" [_thread_blocked, id=13832, stack(0x000000b72cb00000,0x000000b72cc00000)]
  0x000002643b597000 JavaThread "Unconstrained build operations Thread 19" [_thread_blocked, id=10500, stack(0x000000b72cc00000,0x000000b72cd00000)]
  0x000002643b59d000 JavaThread "Unconstrained build operations Thread 20" [_thread_blocked, id=1912, stack(0x000000b72cd00000,0x000000b72ce00000)]
  0x000002643b59b800 JavaThread "Unconstrained build operations Thread 21" [_thread_blocked, id=14744, stack(0x000000b72ce00000,0x000000b72cf00000)]
  0x000002643b598000 JavaThread "Unconstrained build operations Thread 22" [_thread_blocked, id=1960, stack(0x000000b72cf00000,0x000000b72d000000)]
  0x000002643b599800 JavaThread "Unconstrained build operations Thread 23" [_thread_blocked, id=6984, stack(0x000000b72d000000,0x000000b72d100000)]
  0x000002643b59a800 JavaThread "Unconstrained build operations Thread 24" [_thread_blocked, id=13524, stack(0x000000b72d100000,0x000000b72d200000)]
  0x000002643b599000 JavaThread "Unconstrained build operations Thread 25" [_thread_blocked, id=6848, stack(0x000000b72d200000,0x000000b72d300000)]
  0x0000026433e88000 JavaThread "Unconstrained build operations Thread 26" [_thread_blocked, id=7400, stack(0x000000b72d300000,0x000000b72d400000)]
  0x0000026433e86800 JavaThread "Unconstrained build operations Thread 27" [_thread_blocked, id=7036, stack(0x000000b72d400000,0x000000b72d500000)]
  0x0000026433e8b800 JavaThread "Unconstrained build operations Thread 28" [_thread_blocked, id=13804, stack(0x000000b72d500000,0x000000b72d600000)]
  0x0000026433e87800 JavaThread "Unconstrained build operations Thread 29" [_thread_blocked, id=7140, stack(0x000000b72d600000,0x000000b72d700000)]
  0x0000026433e8e000 JavaThread "Unconstrained build operations Thread 30" [_thread_blocked, id=8924, stack(0x000000b72d700000,0x000000b72d800000)]
  0x0000026433e89000 JavaThread "Unconstrained build operations Thread 31" [_thread_blocked, id=7856, stack(0x000000b72d800000,0x000000b72d900000)]
  0x0000026433e92000 JavaThread "Unconstrained build operations Thread 32" [_thread_blocked, id=8100, stack(0x000000b72d900000,0x000000b72da00000)]
  0x0000026433e90800 JavaThread "Unconstrained build operations Thread 33" [_thread_blocked, id=1012, stack(0x000000b72da00000,0x000000b72db00000)]
  0x0000026433e91000 JavaThread "Unconstrained build operations Thread 34" [_thread_blocked, id=844, stack(0x000000b72db00000,0x000000b72dc00000)]
  0x0000026434d2d000 JavaThread "Unconstrained build operations Thread 35" [_thread_blocked, id=14240, stack(0x000000b72dc00000,0x000000b72dd00000)]
  0x0000026434d2c800 JavaThread "Unconstrained build operations Thread 36" [_thread_blocked, id=2824, stack(0x000000b72dd00000,0x000000b72de00000)]
  0x0000026434d31000 JavaThread "Unconstrained build operations Thread 37" [_thread_blocked, id=2060, stack(0x000000b72de00000,0x000000b72df00000)]
  0x0000026434d2b800 JavaThread "Unconstrained build operations Thread 38" [_thread_blocked, id=3068, stack(0x000000b72df00000,0x000000b72e000000)]
  0x0000026434d33800 JavaThread "Unconstrained build operations Thread 39" [_thread_blocked, id=2656, stack(0x000000b72e000000,0x000000b72e100000)]
  0x0000026434d2e000 JavaThread "Unconstrained build operations Thread 40" [_thread_blocked, id=14984, stack(0x000000b72e100000,0x000000b72e200000)]
  0x0000026434d2f800 JavaThread "build event listener" [_thread_blocked, id=12936, stack(0x000000b72e200000,0x000000b72e300000)]
  0x0000026434d34800 JavaThread "included builds" [_thread_blocked, id=1280, stack(0x000000b72e300000,0x000000b72e400000)]
  0x0000026434d2f000 JavaThread "Execution worker for ':'" [_thread_blocked, id=14484, stack(0x000000b72e800000,0x000000b72e900000)]
  0x0000026434d30800 JavaThread "Execution worker for ':' Thread 2" [_thread_blocked, id=8956, stack(0x000000b72e900000,0x000000b72ea00000)]
  0x0000026434d36000 JavaThread "Execution worker for ':' Thread 3" [_thread_blocked, id=9500, stack(0x000000b72ea00000,0x000000b72eb00000)]
  0x0000026434d37800 JavaThread "Cache worker for execution history cache (D:\SETIK\findbarber\.gradle\7.4\executionHistory)" [_thread_blocked, id=14352, stack(0x000000b72eb00000,0x000000b72ec00000)]
  0x0000026434d35800 JavaThread "WorkerExecutor Queue" [_thread_in_native, id=9480, stack(0x000000b72ec00000,0x000000b72ed00000)]
  0x0000026434d32000 JavaThread "WorkerExecutor Queue Thread 2" [_thread_blocked, id=1336, stack(0x000000b72ed00000,0x000000b72ee00000)]
  0x0000026434d38800 JavaThread "WorkerExecutor Queue Thread 3" [_thread_blocked, id=13740, stack(0x000000b72ee00000,0x000000b72ef00000)]
  0x0000026434d37000 JavaThread "WorkerExecutor Queue Thread 4" [_thread_blocked, id=14632, stack(0x000000b72ef00000,0x000000b72f000000)]
  0x0000026434fb9000 JavaThread "C2 CompilerThread1" daemon [_thread_in_native, id=13112, stack(0x000000b72a800000,0x000000b72a900000)]
  0x0000026434d33000 JavaThread "ForkJoinPool-1-worker-3" daemon [_thread_blocked, id=13924, stack(0x000000b72f000000,0x000000b72f100000)]
  0x0000026434d39800 JavaThread "ForkJoinPool-1-worker-5" daemon [_thread_blocked, id=9468, stack(0x000000b72f100000,0x000000b72f200000)]
  0x0000026434d3a000 JavaThread "ForkJoinPool-1-worker-7" daemon [_thread_blocked, id=12356, stack(0x000000b72f200000,0x000000b72f300000)]
  0x0000026434e64000 JavaThread "ForkJoinPool-1-worker-1" daemon [_thread_blocked, id=10924, stack(0x000000b72f300000,0x000000b72f400000)]

Other Threads:
=>0x0000026430dc9000 VMThread "VM Thread" [stack: 0x000000b729100000,0x000000b729200000] [id=7548]
  0x0000026431902000 WatcherThread [stack: 0x000000b729b00000,0x000000b729c00000] [id=7148]
  0x0000026417216000 GCTaskThread "GC Thread#0" [stack: 0x000000b728c00000,0x000000b728d00000] [id=10660]
  0x0000026431e6c800 GCTaskThread "GC Thread#1" [stack: 0x000000b729c00000,0x000000b729d00000] [id=956]
  0x0000026431ed2000 GCTaskThread "GC Thread#2" [stack: 0x000000b729d00000,0x000000b729e00000] [id=5828]
  0x00000264325b4000 GCTaskThread "GC Thread#3" [stack: 0x000000b72a000000,0x000000b72a100000] [id=5228]
  0x0000026417248000 ConcurrentGCThread "G1 Main Marker" [stack: 0x000000b728d00000,0x000000b728e00000] [id=10632]
  0x000002641724a800 ConcurrentGCThread "G1 Conc#0" [stack: 0x000000b728e00000,0x000000b728f00000] [id=13468]
  0x00000264172d8800 ConcurrentGCThread "G1 Refine#0" [stack: 0x000000b728f00000,0x000000b729000000] [id=11484]
  0x00000264172d9800 ConcurrentGCThread "G1 Young RemSet Sampling" [stack: 0x000000b729000000,0x000000b729100000] [id=8064]

Threads with active compile tasks:
C2 CompilerThread0  71476 14985       4       com.android.tools.r8.dex.i::a (1036 bytes)
C2 CompilerThread1  71476 14819       4       com.android.tools.r8.dex.i::a (829 bytes)

VM state:at safepoint (normal execution)

VM Mutex/Monitor currently owned by a thread:  ([mutex/lock_event])
[0x00000264171f95f0] Threads_lock - owner thread: 0x0000026430dc9000
[0x00000264171f97a0] Heap_lock - owner thread: 0x0000026434e64000

Heap address: 0x0000000080000000, size: 2048 MB, Compressed Oops mode: 32-bit
Narrow klass base: 0x0000000000000000, Narrow klass shift: 3
Compressed class space size: 1073741824 Address: 0x0000000100000000

Heap:
 garbage-first heap   total 456704K, used 260747K [0x0000000080000000, 0x0000000100000000)
  region size 1024K, 2 young (2048K), 2 survivors (2048K)
 Metaspace       used 116296K, capacity 119465K, committed 119728K, reserved 1153024K
  class space    used 14905K, capacity 16036K, committed 16128K, reserved 1048576K
Heap Regions: E=young(eden), S=young(survivor), O=old, HS=humongous(starts), HC=humongous(continues), CS=collection set, F=free, A=archive, TAMS=top-at-mark-start (previous, next)
|   0|0x0000000080000000, 0x0000000080100000, 0x0000000080100000|100%|HS|  |TAMS 0x0000000080100000, 0x0000000080100000| Complete 
|   1|0x0000000080100000, 0x0000000080200000, 0x0000000080200000|100%|HC|  |TAMS 0x0000000080200000, 0x0000000080200000| Complete 
|   2|0x0000000080200000, 0x0000000080300000, 0x0000000080300000|100%|HC|  |TAMS 0x0000000080300000, 0x0000000080300000| Complete 
|   3|0x0000000080300000, 0x0000000080400000, 0x0000000080400000|100%| O|  |TAMS 0x0000000080400000, 0x0000000080400000| Untracked 
|   4|0x0000000080400000, 0x0000000080500000, 0x0000000080500000|100%| O|  |TAMS 0x0000000080500000, 0x0000000080500000| Untracked 
|   5|0x0000000080500000, 0x0000000080600000, 0x0000000080600000|100%| O|  |TAMS 0x0000000080600000, 0x0000000080600000| Untracked 
|   6|0x0000000080600000, 0x0000000080700000, 0x0000000080700000|100%| O|  |TAMS 0x0000000080700000, 0x0000000080700000| Untracked 
|   7|0x0000000080700000, 0x0000000080800000, 0x0000000080800000|100%| O|  |TAMS 0x0000000080800000, 0x0000000080800000| Untracked 
|   8|0x0000000080800000, 0x0000000080900000, 0x0000000080900000|100%| O|  |TAMS 0x0000000080900000, 0x0000000080900000| Untracked 
|   9|0x0000000080900000, 0x0000000080a00000, 0x0000000080a00000|100%| O|  |TAMS 0x0000000080a00000, 0x0000000080a00000| Untracked 
|  10|0x0000000080a00000, 0x0000000080b00000, 0x0000000080b00000|100%| O|  |TAMS 0x0000000080b00000, 0x0000000080b00000| Untracked 
|  11|0x0000000080b00000, 0x0000000080c00000, 0x0000000080c00000|100%| O|  |TAMS 0x0000000080c00000, 0x0000000080c00000| Untracked 
|  12|0x0000000080c00000, 0x0000000080d00000, 0x0000000080d00000|100%| O|  |TAMS 0x0000000080d00000, 0x0000000080d00000| Untracked 
|  13|0x0000000080d00000, 0x0000000080e00000, 0x0000000080e00000|100%| O|  |TAMS 0x0000000080e00000, 0x0000000080e00000| Untracked 
|  14|0x0000000080e00000, 0x0000000080f00000, 0x0000000080f00000|100%| O|  |TAMS 0x0000000080f00000, 0x0000000080f00000| Untracked 
|  15|0x0000000080f00000, 0x0000000081000000, 0x0000000081000000|100%| O|  |TAMS 0x0000000081000000, 0x0000000081000000| Untracked 
|  16|0x0000000081000000, 0x0000000081100000, 0x0000000081100000|100%|HS|  |TAMS 0x0000000081100000, 0x0000000081100000| Complete 
|  17|0x0000000081100000, 0x0000000081200000, 0x0000000081200000|100%|HC|  |TAMS 0x0000000081200000, 0x0000000081200000| Complete 
|  18|0x0000000081200000, 0x0000000081300000, 0x0000000081300000|100%|HS|  |TAMS 0x0000000081300000, 0x0000000081300000| Complete 
|  19|0x0000000081300000, 0x0000000081400000, 0x0000000081400000|100%|HC|  |TAMS 0x0000000081400000, 0x0000000081400000| Complete 
|  20|0x0000000081400000, 0x0000000081500000, 0x0000000081500000|100%|HC|  |TAMS 0x0000000081500000, 0x0000000081500000| Complete 
|  21|0x0000000081500000, 0x0000000081600000, 0x0000000081600000|100%|HS|  |TAMS 0x0000000081600000, 0x0000000081600000| Complete 
|  22|0x0000000081600000, 0x0000000081700000, 0x0000000081700000|100%|HC|  |TAMS 0x0000000081700000, 0x0000000081700000| Complete 
|  23|0x0000000081700000, 0x0000000081800000, 0x0000000081800000|100%|HC|  |TAMS 0x0000000081800000, 0x0000000081800000| Complete 
|  24|0x0000000081800000, 0x0000000081900000, 0x0000000081900000|100%|HS|  |TAMS 0x0000000081900000, 0x0000000081900000| Complete 
|  25|0x0000000081900000, 0x0000000081a00000, 0x0000000081a00000|100%|HC|  |TAMS 0x0000000081a00000, 0x0000000081a00000| Complete 
|  26|0x0000000081a00000, 0x0000000081b00000, 0x0000000081b00000|100%|HC|  |TAMS 0x0000000081b00000, 0x0000000081b00000| Complete 
|  27|0x0000000081b00000, 0x0000000081c00000, 0x0000000081c00000|100%|HC|  |TAMS 0x0000000081c00000, 0x0000000081c00000| Complete 
|  28|0x0000000081c00000, 0x0000000081d00000, 0x0000000081d00000|100%|HS|  |TAMS 0x0000000081d00000, 0x0000000081d00000| Complete 
|  29|0x0000000081d00000, 0x0000000081e00000, 0x0000000081e00000|100%|HC|  |TAMS 0x0000000081e00000, 0x0000000081e00000| Complete 
|  30|0x0000000081e00000, 0x0000000081f00000, 0x0000000081f00000|100%|HC|  |TAMS 0x0000000081f00000, 0x0000000081f00000| Complete 
|  31|0x0000000081f00000, 0x0000000082000000, 0x0000000082000000|100%|HC|  |TAMS 0x0000000082000000, 0x0000000082000000| Complete 
|  32|0x0000000082000000, 0x0000000082100000, 0x0000000082100000|100%|HC|  |TAMS 0x0000000082100000, 0x0000000082100000| Complete 
|  33|0x0000000082100000, 0x0000000082200000, 0x0000000082200000|100%| O|  |TAMS 0x0000000082200000, 0x0000000082200000| Untracked 
|  34|0x0000000082200000, 0x0000000082300000, 0x0000000082300000|100%| O|  |TAMS 0x0000000082300000, 0x0000000082300000| Untracked 
|  35|0x0000000082300000, 0x0000000082400000, 0x0000000082400000|100%| O|  |TAMS 0x0000000082400000, 0x0000000082400000| Untracked 
|  36|0x0000000082400000, 0x0000000082500000, 0x0000000082500000|100%| O|  |TAMS 0x0000000082500000, 0x0000000082500000| Untracked 
|  37|0x0000000082500000, 0x0000000082600000, 0x0000000082600000|100%| O|  |TAMS 0x0000000082600000, 0x0000000082600000| Untracked 
|  38|0x0000000082600000, 0x0000000082700000, 0x0000000082700000|100%| O|  |TAMS 0x0000000082700000, 0x0000000082700000| Untracked 
|  39|0x0000000082700000, 0x0000000082800000, 0x0000000082800000|100%| O|  |TAMS 0x0000000082800000, 0x0000000082800000| Untracked 
|  40|0x0000000082800000, 0x0000000082900000, 0x0000000082900000|100%| O|  |TAMS 0x0000000082900000, 0x0000000082900000| Untracked 
|  41|0x0000000082900000, 0x0000000082a00000, 0x0000000082a00000|100%|HS|  |TAMS 0x0000000082a00000, 0x0000000082a00000| Complete 
|  42|0x0000000082a00000, 0x0000000082b00000, 0x0000000082b00000|100%|HC|  |TAMS 0x0000000082b00000, 0x0000000082b00000| Complete 
|  43|0x0000000082b00000, 0x0000000082c00000, 0x0000000082c00000|100%|HC|  |TAMS 0x0000000082c00000, 0x0000000082c00000| Complete 
|  44|0x0000000082c00000, 0x0000000082d00000, 0x0000000082d00000|100%| O|  |TAMS 0x0000000082d00000, 0x0000000082d00000| Untracked 
|  45|0x0000000082d00000, 0x0000000082e00000, 0x0000000082e00000|100%| O|  |TAMS 0x0000000082e00000, 0x0000000082e00000| Untracked 
|  46|0x0000000082e00000, 0x0000000082f00000, 0x0000000082f00000|100%| O|  |TAMS 0x0000000082f00000, 0x0000000082f00000| Untracked 
|  47|0x0000000082f00000, 0x0000000083000000, 0x0000000083000000|100%| O|  |TAMS 0x0000000083000000, 0x0000000083000000| Untracked 
|  48|0x0000000083000000, 0x0000000083100000, 0x0000000083100000|100%| O|  |TAMS 0x0000000083000000, 0x0000000083100000| Untracked 
|  49|0x0000000083100000, 0x0000000083200000, 0x0000000083200000|100%|HS|  |TAMS 0x0000000083200000, 0x0000000083200000| Complete 
|  50|0x0000000083200000, 0x0000000083300000, 0x0000000083300000|100%|HC|  |TAMS 0x0000000083300000, 0x0000000083300000| Complete 
|  51|0x0000000083300000, 0x0000000083400000, 0x0000000083400000|100%|HC|  |TAMS 0x0000000083400000, 0x0000000083400000| Complete 
|  52|0x0000000083400000, 0x0000000083500000, 0x0000000083500000|100%|HC|  |TAMS 0x0000000083500000, 0x0000000083500000| Complete 
|  53|0x0000000083500000, 0x0000000083600000, 0x0000000083600000|100%|HS|  |TAMS 0x0000000083600000, 0x0000000083600000| Complete 
|  54|0x0000000083600000, 0x0000000083700000, 0x0000000083700000|100%|HC|  |TAMS 0x0000000083700000, 0x0000000083700000| Complete 
|  55|0x0000000083700000, 0x0000000083800000, 0x0000000083800000|100%|HS|  |TAMS 0x0000000083800000, 0x0000000083800000| Complete 
|  56|0x0000000083800000, 0x0000000083900000, 0x0000000083900000|100%|HC|  |TAMS 0x0000000083900000, 0x0000000083900000| Complete 
|  57|0x0000000083900000, 0x0000000083a00000, 0x0000000083a00000|100%|HC|  |TAMS 0x0000000083a00000, 0x0000000083a00000| Complete 
|  58|0x0000000083a00000, 0x0000000083b00000, 0x0000000083b00000|100%| O|  |TAMS 0x0000000083b00000, 0x0000000083b00000| Untracked 
|  59|0x0000000083b00000, 0x0000000083c00000, 0x0000000083c00000|100%| O|  |TAMS 0x0000000083c00000, 0x0000000083c00000| Untracked 
|  60|0x0000000083c00000, 0x0000000083d00000, 0x0000000083d00000|100%| O|  |TAMS 0x0000000083d00000, 0x0000000083d00000| Untracked 
|  61|0x0000000083d00000, 0x0000000083e00000, 0x0000000083e00000|100%| O|  |TAMS 0x0000000083e00000, 0x0000000083e00000| Untracked 
|  62|0x0000000083e00000, 0x0000000083f00000, 0x0000000083f00000|100%| O|  |TAMS 0x0000000083f00000, 0x0000000083f00000| Untracked 
|  63|0x0000000083f00000, 0x0000000084000000, 0x0000000084000000|100%| O|  |TAMS 0x0000000084000000, 0x0000000084000000| Untracked 
|  64|0x0000000084000000, 0x0000000084100000, 0x0000000084100000|100%| O|  |TAMS 0x0000000084100000, 0x0000000084100000| Untracked 
|  65|0x0000000084100000, 0x0000000084200000, 0x0000000084200000|100%| O|  |TAMS 0x0000000084200000, 0x0000000084200000| Untracked 
|  66|0x0000000084200000, 0x0000000084300000, 0x0000000084300000|100%| O|  |TAMS 0x0000000084300000, 0x0000000084300000| Untracked 
|  67|0x0000000084300000, 0x0000000084400000, 0x0000000084400000|100%|HS|  |TAMS 0x0000000084400000, 0x0000000084400000| Complete 
|  68|0x0000000084400000, 0x0000000084500000, 0x0000000084500000|100%|HC|  |TAMS 0x0000000084500000, 0x0000000084500000| Complete 
|  69|0x0000000084500000, 0x0000000084600000, 0x0000000084600000|100%|HC|  |TAMS 0x0000000084600000, 0x0000000084600000| Complete 
|  70|0x0000000084600000, 0x0000000084700000, 0x0000000084700000|100%|HC|  |TAMS 0x0000000084700000, 0x0000000084700000| Complete 
|  71|0x0000000084700000, 0x0000000084800000, 0x0000000084800000|100%|HC|  |TAMS 0x0000000084800000, 0x0000000084800000| Complete 
|  72|0x0000000084800000, 0x0000000084900000, 0x0000000084900000|100%| O|  |TAMS 0x0000000084900000, 0x0000000084900000| Untracked 
|  73|0x0000000084900000, 0x0000000084a00000, 0x0000000084a00000|100%| O|  |TAMS 0x0000000084a00000, 0x0000000084a00000| Untracked 
|  74|0x0000000084a00000, 0x0000000084b00000, 0x0000000084b00000|100%| O|  |TAMS 0x0000000084b00000, 0x0000000084b00000| Untracked 
|  75|0x0000000084b00000, 0x0000000084c00000, 0x0000000084c00000|100%|HS|  |TAMS 0x0000000084c00000, 0x0000000084c00000| Complete 
|  76|0x0000000084c00000, 0x0000000084d00000, 0x0000000084d00000|100%|HS|  |TAMS 0x0000000084d00000, 0x0000000084d00000| Complete 
|  77|0x0000000084d00000, 0x0000000084e00000, 0x0000000084e00000|100%|HS|  |TAMS 0x0000000084e00000, 0x0000000084e00000| Complete 
|  78|0x0000000084e00000, 0x0000000084f00000, 0x0000000084f00000|100%|HS|  |TAMS 0x0000000084f00000, 0x0000000084f00000| Complete 
|  79|0x0000000084f00000, 0x0000000085000000, 0x0000000085000000|100%|HC|  |TAMS 0x0000000085000000, 0x0000000085000000| Complete 
|  80|0x0000000085000000, 0x0000000085100000, 0x0000000085100000|100%|HC|  |TAMS 0x0000000085100000, 0x0000000085100000| Complete 
|  81|0x0000000085100000, 0x0000000085200000, 0x0000000085200000|100%|HC|  |TAMS 0x0000000085200000, 0x0000000085200000| Complete 
|  82|0x0000000085200000, 0x0000000085300000, 0x0000000085300000|100%| O|  |TAMS 0x0000000085300000, 0x0000000085300000| Untracked 
|  83|0x0000000085300000, 0x0000000085400000, 0x0000000085400000|100%|HS|  |TAMS 0x0000000085400000, 0x0000000085400000| Complete 
|  84|0x0000000085400000, 0x0000000085500000, 0x0000000085500000|100%| O|  |TAMS 0x0000000085400000, 0x0000000085500000| Untracked 
|  85|0x0000000085500000, 0x0000000085600000, 0x0000000085600000|100%| O|  |TAMS 0x0000000085600000, 0x0000000085600000| Untracked 
|  86|0x0000000085600000, 0x0000000085700000, 0x0000000085700000|100%|HS|  |TAMS 0x0000000085700000, 0x0000000085700000| Complete 
|  87|0x0000000085700000, 0x0000000085800000, 0x0000000085800000|100%|HC|  |TAMS 0x0000000085800000, 0x0000000085800000| Complete 
|  88|0x0000000085800000, 0x0000000085900000, 0x0000000085900000|100%| O|  |TAMS 0x0000000085900000, 0x0000000085900000| Untracked 
|  89|0x0000000085900000, 0x0000000085a00000, 0x0000000085a00000|100%| O|  |TAMS 0x0000000085a00000, 0x0000000085a00000| Untracked 
|  90|0x0000000085a00000, 0x0000000085b00000, 0x0000000085b00000|100%| O|  |TAMS 0x0000000085b00000, 0x0000000085b00000| Untracked 
|  91|0x0000000085b00000, 0x0000000085c00000, 0x0000000085c00000|100%| O|  |TAMS 0x0000000085c00000, 0x0000000085c00000| Untracked 
|  92|0x0000000085c00000, 0x0000000085d00000, 0x0000000085d00000|100%| O|  |TAMS 0x0000000085d00000, 0x0000000085d00000| Untracked 
|  93|0x0000000085d00000, 0x0000000085e00000, 0x0000000085e00000|100%| O|  |TAMS 0x0000000085e00000, 0x0000000085e00000| Untracked 
|  94|0x0000000085e00000, 0x0000000085f00000, 0x0000000085f00000|100%| O|  |TAMS 0x0000000085f00000, 0x0000000085f00000| Untracked 
|  95|0x0000000085f00000, 0x0000000086000000, 0x0000000086000000|100%| O|  |TAMS 0x0000000086000000, 0x0000000086000000| Untracked 
|  96|0x0000000086000000, 0x0000000086100000, 0x0000000086100000|100%| O|  |TAMS 0x0000000086100000, 0x0000000086100000| Untracked 
|  97|0x0000000086100000, 0x0000000086200000, 0x0000000086200000|100%| O|  |TAMS 0x0000000086200000, 0x0000000086200000| Untracked 
|  98|0x0000000086200000, 0x0000000086300000, 0x0000000086300000|100%| O|  |TAMS 0x0000000086300000, 0x0000000086300000| Untracked 
|  99|0x0000000086300000, 0x0000000086400000, 0x0000000086400000|100%| O|  |TAMS 0x0000000086400000, 0x0000000086400000| Untracked 
| 100|0x0000000086400000, 0x0000000086500000, 0x0000000086500000|100%| O|  |TAMS 0x0000000086500000, 0x0000000086500000| Untracked 
| 101|0x0000000086500000, 0x0000000086600000, 0x0000000086600000|100%| O|  |TAMS 0x0000000086600000, 0x0000000086600000| Untracked 
| 102|0x0000000086600000, 0x0000000086700000, 0x0000000086700000|100%|HS|  |TAMS 0x0000000086700000, 0x0000000086700000| Complete 
| 103|0x0000000086700000, 0x0000000086800000, 0x0000000086800000|100%|HC|  |TAMS 0x0000000086800000, 0x0000000086800000| Complete 
| 104|0x0000000086800000, 0x0000000086900000, 0x0000000086900000|100%| O|  |TAMS 0x0000000086900000, 0x0000000086900000| Untracked 
| 105|0x0000000086900000, 0x0000000086a00000, 0x0000000086a00000|100%| O|  |TAMS 0x0000000086a00000, 0x0000000086a00000| Untracked 
| 106|0x0000000086a00000, 0x0000000086b00000, 0x0000000086b00000|100%| O|  |TAMS 0x0000000086b00000, 0x0000000086b00000| Untracked 
| 107|0x0000000086b00000, 0x0000000086c00000, 0x0000000086c00000|100%| O|  |TAMS 0x0000000086c00000, 0x0000000086c00000| Untracked 
| 108|0x0000000086c00000, 0x0000000086d00000, 0x0000000086d00000|100%| O|  |TAMS 0x0000000086d00000, 0x0000000086d00000| Untracked 
| 109|0x0000000086d00000, 0x0000000086e00000, 0x0000000086e00000|100%|HS|  |TAMS 0x0000000086e00000, 0x0000000086e00000| Complete 
| 110|0x0000000086e00000, 0x0000000086f00000, 0x0000000086f00000|100%|HS|  |TAMS 0x0000000086f00000, 0x0000000086f00000| Complete 
| 111|0x0000000086f00000, 0x0000000087000000, 0x0000000087000000|100%|HC|  |TAMS 0x0000000087000000, 0x0000000087000000| Complete 
| 112|0x0000000087000000, 0x0000000087100000, 0x0000000087100000|100%|HS|  |TAMS 0x0000000087100000, 0x0000000087100000| Complete 
| 113|0x0000000087100000, 0x0000000087200000, 0x0000000087200000|100%|HC|  |TAMS 0x0000000087200000, 0x0000000087200000| Complete 
| 114|0x0000000087200000, 0x0000000087300000, 0x0000000087300000|100%|HC|  |TAMS 0x0000000087300000, 0x0000000087300000| Complete 
| 115|0x0000000087300000, 0x0000000087400000, 0x0000000087400000|100%|HS|  |TAMS 0x0000000087400000, 0x0000000087400000| Complete 
| 116|0x0000000087400000, 0x0000000087500000, 0x0000000087500000|100%|HC|  |TAMS 0x0000000087500000, 0x0000000087500000| Complete 
| 117|0x0000000087500000, 0x0000000087600000, 0x0000000087600000|100%|HC|  |TAMS 0x0000000087600000, 0x0000000087600000| Complete 
| 118|0x0000000087600000, 0x0000000087700000, 0x0000000087700000|100%|HS|  |TAMS 0x0000000087700000, 0x0000000087700000| Complete 
| 119|0x0000000087700000, 0x0000000087800000, 0x0000000087800000|100%|HC|  |TAMS 0x0000000087800000, 0x0000000087800000| Complete 
| 120|0x0000000087800000, 0x0000000087900000, 0x0000000087900000|100%|HC|  |TAMS 0x0000000087900000, 0x0000000087900000| Complete 
| 121|0x0000000087900000, 0x0000000087a00000, 0x0000000087a00000|100%|HC|  |TAMS 0x0000000087a00000, 0x0000000087a00000| Complete 
| 122|0x0000000087a00000, 0x0000000087b00000, 0x0000000087b00000|100%|HS|  |TAMS 0x0000000087b00000, 0x0000000087b00000| Complete 
| 123|0x0000000087b00000, 0x0000000087c00000, 0x0000000087c00000|100%|HC|  |TAMS 0x0000000087c00000, 0x0000000087c00000| Complete 
| 124|0x0000000087c00000, 0x0000000087d00000, 0x0000000087d00000|100%|HC|  |TAMS 0x0000000087d00000, 0x0000000087d00000| Complete 
| 125|0x0000000087d00000, 0x0000000087e00000, 0x0000000087e00000|100%|HC|  |TAMS 0x0000000087e00000, 0x0000000087e00000| Complete 
| 126|0x0000000087e00000, 0x0000000087f00000, 0x0000000087f00000|100%|HC|  |TAMS 0x0000000087f00000, 0x0000000087f00000| Complete 
| 127|0x0000000087f00000, 0x0000000088000000, 0x0000000088000000|100%|HS|  |TAMS 0x0000000088000000, 0x0000000088000000| Complete 
| 128|0x0000000088000000, 0x0000000088100000, 0x0000000088100000|100%| O|  |TAMS 0x0000000088100000, 0x0000000088100000| Untracked 
| 129|0x0000000088100000, 0x0000000088200000, 0x0000000088200000|100%|HS|  |TAMS 0x0000000088200000, 0x0000000088200000| Complete 
| 130|0x0000000088200000, 0x0000000088300000, 0x0000000088300000|100%| O|  |TAMS 0x0000000088200000, 0x0000000088300000| Untracked 
| 131|0x0000000088300000, 0x0000000088400000, 0x0000000088400000|100%| O|  |TAMS 0x0000000088400000, 0x0000000088400000| Untracked 
| 132|0x0000000088400000, 0x0000000088500000, 0x0000000088500000|100%| O|  |TAMS 0x0000000088500000, 0x0000000088500000| Untracked 
| 133|0x0000000088500000, 0x0000000088600000, 0x0000000088600000|100%| O|  |TAMS 0x0000000088600000, 0x0000000088600000| Untracked 
| 134|0x0000000088600000, 0x0000000088700000, 0x0000000088700000|100%| O|  |TAMS 0x0000000088700000, 0x0000000088700000| Untracked 
| 135|0x0000000088700000, 0x0000000088800000, 0x0000000088800000|100%| O|  |TAMS 0x0000000088800000, 0x0000000088800000| Untracked 
| 136|0x0000000088800000, 0x0000000088900000, 0x0000000088900000|100%| O|  |TAMS 0x0000000088900000, 0x0000000088900000| Untracked 
| 137|0x0000000088900000, 0x0000000088a00000, 0x0000000088a00000|100%| O|  |TAMS 0x0000000088a00000, 0x0000000088a00000| Untracked 
| 138|0x0000000088a00000, 0x0000000088b00000, 0x0000000088b00000|100%| O|  |TAMS 0x0000000088b00000, 0x0000000088b00000| Untracked 
| 139|0x0000000088b00000, 0x0000000088c00000, 0x0000000088c00000|100%| O|  |TAMS 0x0000000088c00000, 0x0000000088c00000| Untracked 
| 140|0x0000000088c00000, 0x0000000088d00000, 0x0000000088d00000|100%| O|  |TAMS 0x0000000088d00000, 0x0000000088d00000| Untracked 
| 141|0x0000000088d00000, 0x0000000088e00000, 0x0000000088e00000|100%| O|  |TAMS 0x0000000088e00000, 0x0000000088e00000| Untracked 
| 142|0x0000000088e00000, 0x0000000088f00000, 0x0000000088f00000|100%| O|  |TAMS 0x0000000088f00000, 0x0000000088f00000| Untracked 
| 143|0x0000000088f00000, 0x0000000089000000, 0x0000000089000000|100%| O|  |TAMS 0x0000000089000000, 0x0000000089000000| Untracked 
| 144|0x0000000089000000, 0x0000000089100000, 0x0000000089100000|100%| O|  |TAMS 0x0000000089100000, 0x0000000089100000| Untracked 
| 145|0x0000000089100000, 0x0000000089200000, 0x0000000089200000|100%| O|  |TAMS 0x0000000089200000, 0x0000000089200000| Untracked 
| 146|0x0000000089200000, 0x0000000089300000, 0x0000000089300000|100%| O|  |TAMS 0x0000000089300000, 0x0000000089300000| Untracked 
| 147|0x0000000089300000, 0x0000000089400000, 0x0000000089400000|100%| O|  |TAMS 0x0000000089400000, 0x0000000089400000| Untracked 
| 148|0x0000000089400000, 0x0000000089500000, 0x0000000089500000|100%| O|  |TAMS 0x0000000089500000, 0x0000000089500000| Untracked 
| 149|0x0000000089500000, 0x0000000089600000, 0x0000000089600000|100%| O|  |TAMS 0x0000000089600000, 0x0000000089600000| Untracked 
| 150|0x0000000089600000, 0x0000000089700000, 0x0000000089700000|100%| O|  |TAMS 0x0000000089600000, 0x0000000089700000| Untracked 
| 151|0x0000000089700000, 0x0000000089800000, 0x0000000089800000|100%|HS|  |TAMS 0x0000000089800000, 0x0000000089800000| Complete 
| 152|0x0000000089800000, 0x0000000089900000, 0x0000000089900000|100%|HC|  |TAMS 0x0000000089900000, 0x0000000089900000| Complete 
| 153|0x0000000089900000, 0x0000000089a00000, 0x0000000089a00000|100%|HS|  |TAMS 0x0000000089a00000, 0x0000000089a00000| Complete 
| 154|0x0000000089a00000, 0x0000000089b00000, 0x0000000089b00000|100%| O|  |TAMS 0x0000000089b00000, 0x0000000089b00000| Untracked 
| 155|0x0000000089b00000, 0x0000000089c00000, 0x0000000089c00000|100%| O|  |TAMS 0x0000000089c00000, 0x0000000089c00000| Untracked 
| 156|0x0000000089c00000, 0x0000000089d00000, 0x0000000089d00000|100%| O|  |TAMS 0x0000000089d00000, 0x0000000089d00000| Untracked 
| 157|0x0000000089d00000, 0x0000000089e00000, 0x0000000089e00000|100%| O|  |TAMS 0x0000000089e00000, 0x0000000089e00000| Untracked 
| 158|0x0000000089e00000, 0x0000000089f00000, 0x0000000089f00000|100%| O|  |TAMS 0x0000000089f00000, 0x0000000089f00000| Untracked 
| 159|0x0000000089f00000, 0x000000008a000000, 0x000000008a000000|100%| O|  |TAMS 0x000000008a000000, 0x000000008a000000| Untracked 
| 160|0x000000008a000000, 0x000000008a100000, 0x000000008a100000|100%| O|  |TAMS 0x000000008a100000, 0x000000008a100000| Untracked 
| 161|0x000000008a100000, 0x000000008a200000, 0x000000008a200000|100%| O|  |TAMS 0x000000008a200000, 0x000000008a200000| Untracked 
| 162|0x000000008a200000, 0x000000008a300000, 0x000000008a300000|100%| O|  |TAMS 0x000000008a300000, 0x000000008a300000| Untracked 
| 163|0x000000008a300000, 0x000000008a400000, 0x000000008a400000|100%| O|  |TAMS 0x000000008a400000, 0x000000008a400000| Untracked 
| 164|0x000000008a400000, 0x000000008a500000, 0x000000008a500000|100%| O|  |TAMS 0x000000008a500000, 0x000000008a500000| Untracked 
| 165|0x000000008a500000, 0x000000008a600000, 0x000000008a600000|100%| O|  |TAMS 0x000000008a600000, 0x000000008a600000| Untracked 
| 166|0x000000008a600000, 0x000000008a700000, 0x000000008a700000|100%| O|  |TAMS 0x000000008a700000, 0x000000008a700000| Untracked 
| 167|0x000000008a700000, 0x000000008a800000, 0x000000008a800000|100%| O|  |TAMS 0x000000008a800000, 0x000000008a800000| Untracked 
| 168|0x000000008a800000, 0x000000008a900000, 0x000000008a900000|100%| O|  |TAMS 0x000000008a900000, 0x000000008a900000| Untracked 
| 169|0x000000008a900000, 0x000000008aa00000, 0x000000008aa00000|100%| O|  |TAMS 0x000000008a900000, 0x000000008aa00000| Untracked 
| 170|0x000000008aa00000, 0x000000008ab00000, 0x000000008ab00000|100%| O|  |TAMS 0x000000008ab00000, 0x000000008ab00000| Untracked 
| 171|0x000000008ab00000, 0x000000008ac00000, 0x000000008ac00000|100%| O|  |TAMS 0x000000008ac00000, 0x000000008ac00000| Untracked 
| 172|0x000000008ac00000, 0x000000008ad00000, 0x000000008ad00000|100%| O|  |TAMS 0x000000008ad00000, 0x000000008ad00000| Untracked 
| 173|0x000000008ad00000, 0x000000008ae00000, 0x000000008ae00000|100%| O|  |TAMS 0x000000008ae00000, 0x000000008ae00000| Untracked 
| 174|0x000000008ae00000, 0x000000008af00000, 0x000000008af00000|100%| O|  |TAMS 0x000000008ae00000, 0x000000008af00000| Untracked 
| 175|0x000000008af00000, 0x000000008b000000, 0x000000008b000000|100%| O|  |TAMS 0x000000008b000000, 0x000000008b000000| Untracked 
| 176|0x000000008b000000, 0x000000008b100000, 0x000000008b100000|100%| O|  |TAMS 0x000000008b100000, 0x000000008b100000| Untracked 
| 177|0x000000008b100000, 0x000000008b200000, 0x000000008b200000|100%| O|  |TAMS 0x000000008b200000, 0x000000008b200000| Untracked 
| 178|0x000000008b200000, 0x000000008b300000, 0x000000008b300000|100%| O|  |TAMS 0x000000008b300000, 0x000000008b300000| Untracked 
| 179|0x000000008b300000, 0x000000008b400000, 0x000000008b400000|100%| O|  |TAMS 0x000000008b400000, 0x000000008b400000| Untracked 
| 180|0x000000008b400000, 0x000000008b500000, 0x000000008b500000|100%| O|  |TAMS 0x000000008b500000, 0x000000008b500000| Untracked 
| 181|0x000000008b500000, 0x000000008b600000, 0x000000008b600000|100%|HS|  |TAMS 0x000000008b600000, 0x000000008b600000| Complete 
| 182|0x000000008b600000, 0x000000008b700000, 0x000000008b700000|100%|HC|  |TAMS 0x000000008b700000, 0x000000008b700000| Complete 
| 183|0x000000008b700000, 0x000000008b800000, 0x000000008b800000|100%|HC|  |TAMS 0x000000008b800000, 0x000000008b800000| Complete 
| 184|0x000000008b800000, 0x000000008b900000, 0x000000008b900000|100%|HS|  |TAMS 0x000000008b900000, 0x000000008b900000| Complete 
| 185|0x000000008b900000, 0x000000008ba00000, 0x000000008ba00000|100%|HC|  |TAMS 0x000000008ba00000, 0x000000008ba00000| Complete 
| 186|0x000000008ba00000, 0x000000008bb00000, 0x000000008bb00000|100%| O|  |TAMS 0x000000008bb00000, 0x000000008bb00000| Untracked 
| 187|0x000000008bb00000, 0x000000008bc00000, 0x000000008bc00000|100%| O|  |TAMS 0x000000008bc00000, 0x000000008bc00000| Untracked 
| 188|0x000000008bc00000, 0x000000008bd00000, 0x000000008bd00000|100%| O|  |TAMS 0x000000008bd00000, 0x000000008bd00000| Untracked 
| 189|0x000000008bd00000, 0x000000008be00000, 0x000000008be00000|100%|HS|  |TAMS 0x000000008be00000, 0x000000008be00000| Complete 
| 190|0x000000008be00000, 0x000000008bf00000, 0x000000008bf00000|100%|HC|  |TAMS 0x000000008bf00000, 0x000000008bf00000| Complete 
| 191|0x000000008bf00000, 0x000000008c000000, 0x000000008c000000|100%| O|  |TAMS 0x000000008c000000, 0x000000008c000000| Untracked 
| 192|0x000000008c000000, 0x000000008c100000, 0x000000008c100000|100%|HS|  |TAMS 0x000000008c100000, 0x000000008c100000| Complete 
| 193|0x000000008c100000, 0x000000008c200000, 0x000000008c200000|100%| O|  |TAMS 0x000000008c200000, 0x000000008c200000| Untracked 
| 194|0x000000008c200000, 0x000000008c300000, 0x000000008c300000|100%|HS|  |TAMS 0x000000008c300000, 0x000000008c300000| Complete 
| 195|0x000000008c300000, 0x000000008c400000, 0x000000008c400000|100%| O|  |TAMS 0x000000008c400000, 0x000000008c400000| Untracked 
| 196|0x000000008c400000, 0x000000008c500000, 0x000000008c500000|100%| O|  |TAMS 0x000000008c500000, 0x000000008c500000| Untracked 
| 197|0x000000008c500000, 0x000000008c600000, 0x000000008c600000|100%| O|  |TAMS 0x000000008c600000, 0x000000008c600000| Untracked 
| 198|0x000000008c600000, 0x000000008c700000, 0x000000008c700000|100%|HS|  |TAMS 0x000000008c700000, 0x000000008c700000| Complete 
| 199|0x000000008c700000, 0x000000008c800000, 0x000000008c800000|100%|HC|  |TAMS 0x000000008c800000, 0x000000008c800000| Complete 
| 200|0x000000008c800000, 0x000000008c900000, 0x000000008c900000|100%| O|  |TAMS 0x000000008c900000, 0x000000008c900000| Untracked 
| 201|0x000000008c900000, 0x000000008ca00000, 0x000000008ca00000|100%|HS|  |TAMS 0x000000008ca00000, 0x000000008ca00000| Complete 
| 202|0x000000008ca00000, 0x000000008cb00000, 0x000000008cb00000|100%| O|  |TAMS 0x000000008cb00000, 0x000000008cb00000| Untracked 
| 203|0x000000008cb00000, 0x000000008cc00000, 0x000000008cc00000|100%| O|  |TAMS 0x000000008cbcce00, 0x000000008cc00000| Untracked 
| 204|0x000000008cc00000, 0x000000008cd00000, 0x000000008cd00000|100%|HS|  |TAMS 0x000000008cc00000, 0x000000008cd00000| Complete 
| 205|0x000000008cd00000, 0x000000008ce00000, 0x000000008ce00000|100%|HS|  |TAMS 0x000000008cd00000, 0x000000008ce00000| Complete 
| 206|0x000000008ce00000, 0x000000008cf00000, 0x000000008cf00000|100%| O|  |TAMS 0x000000008ce00000, 0x000000008cf00000| Untracked 
| 207|0x000000008cf00000, 0x000000008d000000, 0x000000008d000000|100%| O|  |TAMS 0x000000008cf00000, 0x000000008d000000| Untracked 
| 208|0x000000008d000000, 0x000000008d100000, 0x000000008d100000|100%|HS|  |TAMS 0x000000008d100000, 0x000000008d100000| Complete 
| 209|0x000000008d100000, 0x000000008d200000, 0x000000008d200000|100%|HC|  |TAMS 0x000000008d200000, 0x000000008d200000| Complete 
| 210|0x000000008d200000, 0x000000008d300000, 0x000000008d300000|100%|HC|  |TAMS 0x000000008d300000, 0x000000008d300000| Complete 
| 211|0x000000008d300000, 0x000000008d400000, 0x000000008d400000|100%| O|  |TAMS 0x000000008d300000, 0x000000008d400000| Untracked 
| 212|0x000000008d400000, 0x000000008d500000, 0x000000008d500000|100%| O|  |TAMS 0x000000008d400000, 0x000000008d500000| Untracked 
| 213|0x000000008d500000, 0x000000008d600000, 0x000000008d600000|100%| O|  |TAMS 0x000000008d500000, 0x000000008d600000| Untracked 
| 214|0x000000008d600000, 0x000000008d700000, 0x000000008d700000|100%|HS|  |TAMS 0x000000008d700000, 0x000000008d700000| Complete 
| 215|0x000000008d700000, 0x000000008d800000, 0x000000008d800000|100%|HC|  |TAMS 0x000000008d800000, 0x000000008d800000| Complete 
| 216|0x000000008d800000, 0x000000008d900000, 0x000000008d900000|100%| O|  |TAMS 0x000000008d800000, 0x000000008d900000| Untracked 
| 217|0x000000008d900000, 0x000000008da00000, 0x000000008da00000|100%| O|  |TAMS 0x000000008d900000, 0x000000008da00000| Untracked 
| 218|0x000000008da00000, 0x000000008db00000, 0x000000008db00000|100%| O|  |TAMS 0x000000008da00000, 0x000000008db00000| Untracked 
| 219|0x000000008db00000, 0x000000008dc00000, 0x000000008dc00000|100%| O|  |TAMS 0x000000008db00000, 0x000000008dc00000| Untracked 
| 220|0x000000008dc00000, 0x000000008dd00000, 0x000000008dd00000|100%| O|  |TAMS 0x000000008dc00000, 0x000000008dd00000| Untracked 
| 221|0x000000008dd00000, 0x000000008de00000, 0x000000008de00000|100%| O|  |TAMS 0x000000008dd00000, 0x000000008de00000| Untracked 
| 222|0x000000008de00000, 0x000000008df00000, 0x000000008df00000|100%| O|  |TAMS 0x000000008de00000, 0x000000008df00000| Untracked 
| 223|0x000000008df00000, 0x000000008e000000, 0x000000008e000000|100%| O|  |TAMS 0x000000008df00000, 0x000000008e000000| Untracked 
| 224|0x000000008e000000, 0x000000008e100000, 0x000000008e100000|100%| O|  |TAMS 0x000000008e000000, 0x000000008e100000| Untracked 
| 225|0x000000008e100000, 0x000000008e200000, 0x000000008e200000|100%| O|  |TAMS 0x000000008e100000, 0x000000008e200000| Untracked 
| 226|0x000000008e200000, 0x000000008e300000, 0x000000008e300000|100%| O|  |TAMS 0x000000008e200000, 0x000000008e300000| Untracked 
| 227|0x000000008e300000, 0x000000008e400000, 0x000000008e400000|100%| O|  |TAMS 0x000000008e300000, 0x000000008e400000| Untracked 
| 228|0x000000008e400000, 0x000000008e500000, 0x000000008e500000|100%| O|  |TAMS 0x000000008e400000, 0x000000008e500000| Untracked 
| 229|0x000000008e500000, 0x000000008e600000, 0x000000008e600000|100%| O|  |TAMS 0x000000008e500000, 0x000000008e600000| Untracked 
| 230|0x000000008e600000, 0x000000008e700000, 0x000000008e700000|100%| O|  |TAMS 0x000000008e600000, 0x000000008e700000| Untracked 
| 231|0x000000008e700000, 0x000000008e800000, 0x000000008e800000|100%| O|  |TAMS 0x000000008e700000, 0x000000008e800000| Untracked 
| 232|0x000000008e800000, 0x000000008e900000, 0x000000008e900000|100%| O|  |TAMS 0x000000008e800000, 0x000000008e900000| Untracked 
| 233|0x000000008e900000, 0x000000008ea00000, 0x000000008ea00000|100%| O|  |TAMS 0x000000008e900000, 0x000000008ea00000| Untracked 
| 234|0x000000008ea00000, 0x000000008eb00000, 0x000000008eb00000|100%| O|  |TAMS 0x000000008ea00000, 0x000000008eb00000| Untracked 
| 235|0x000000008eb00000, 0x000000008ec00000, 0x000000008ec00000|100%| O|  |TAMS 0x000000008eb00000, 0x000000008eb00000| Untracked 
| 236|0x000000008ec00000, 0x000000008ed00000, 0x000000008ed00000|100%| O|  |TAMS 0x000000008ec00000, 0x000000008ec00000| Untracked 
| 237|0x000000008ed00000, 0x000000008ee00000, 0x000000008ee00000|100%| O|  |TAMS 0x000000008ed00000, 0x000000008ed00000| Untracked 
| 238|0x000000008ee00000, 0x000000008ef00000, 0x000000008ef00000|100%| O|  |TAMS 0x000000008ee00000, 0x000000008ee00000| Untracked 
| 239|0x000000008ef00000, 0x000000008f000000, 0x000000008f000000|100%| O|  |TAMS 0x000000008ef00000, 0x000000008ef00000| Untracked 
| 240|0x000000008f000000, 0x000000008f100000, 0x000000008f100000|100%| O|  |TAMS 0x000000008f000000, 0x000000008f000000| Untracked 
| 241|0x000000008f100000, 0x000000008f1a2c00, 0x000000008f200000| 63%| O|  |TAMS 0x000000008f100000, 0x000000008f100000| Untracked 
| 242|0x000000008f200000, 0x000000008f200000, 0x000000008f300000|  0%| F|  |TAMS 0x000000008f200000, 0x000000008f200000| Untracked 
| 243|0x000000008f300000, 0x000000008f300000, 0x000000008f400000|  0%| F|  |TAMS 0x000000008f300000, 0x000000008f300000| Untracked 
| 244|0x000000008f400000, 0x000000008f400000, 0x000000008f500000|  0%| F|  |TAMS 0x000000008f400000, 0x000000008f400000| Untracked 
| 245|0x000000008f500000, 0x000000008f500000, 0x000000008f600000|  0%| F|  |TAMS 0x000000008f500000, 0x000000008f500000| Untracked 
| 246|0x000000008f600000, 0x000000008f600000, 0x000000008f700000|  0%| F|  |TAMS 0x000000008f600000, 0x000000008f600000| Untracked 
| 247|0x000000008f700000, 0x000000008f700000, 0x000000008f800000|  0%| F|  |TAMS 0x000000008f700000, 0x000000008f700000| Untracked 
| 248|0x000000008f800000, 0x000000008f800000, 0x000000008f900000|  0%| F|  |TAMS 0x000000008f800000, 0x000000008f800000| Untracked 
| 249|0x000000008f900000, 0x000000008f900000, 0x000000008fa00000|  0%| F|  |TAMS 0x000000008f900000, 0x000000008f900000| Untracked 
| 250|0x000000008fa00000, 0x000000008fa00000, 0x000000008fb00000|  0%| F|  |TAMS 0x000000008fa00000, 0x000000008fa00000| Untracked 
| 251|0x000000008fb00000, 0x000000008fb00000, 0x000000008fc00000|  0%| F|  |TAMS 0x000000008fb00000, 0x000000008fb00000| Untracked 
| 252|0x000000008fc00000, 0x000000008fc00000, 0x000000008fd00000|  0%| F|  |TAMS 0x000000008fc00000, 0x000000008fc00000| Untracked 
| 253|0x000000008fd00000, 0x000000008fd00000, 0x000000008fe00000|  0%| F|  |TAMS 0x000000008fd00000, 0x000000008fd00000| Untracked 
| 254|0x000000008fe00000, 0x000000008fe00000, 0x000000008ff00000|  0%| F|  |TAMS 0x000000008fe00000, 0x000000008fe00000| Untracked 
| 255|0x000000008ff00000, 0x000000008ff00000, 0x0000000090000000|  0%| F|  |TAMS 0x000000008ff00000, 0x000000008ff00000| Untracked 
| 256|0x0000000090000000, 0x0000000090000000, 0x0000000090100000|  0%| F|  |TAMS 0x0000000090000000, 0x0000000090000000| Untracked 
| 257|0x0000000090100000, 0x0000000090100000, 0x0000000090200000|  0%| F|  |TAMS 0x0000000090100000, 0x0000000090100000| Untracked 
| 258|0x0000000090200000, 0x0000000090300000, 0x0000000090300000|100%| S|CS|TAMS 0x0000000090200000, 0x0000000090200000| Complete 
| 259|0x0000000090300000, 0x0000000090400000, 0x0000000090400000|100%| S|CS|TAMS 0x0000000090300000, 0x0000000090300000| Complete 
| 260|0x0000000090400000, 0x0000000090400000, 0x0000000090500000|  0%| F|  |TAMS 0x0000000090400000, 0x0000000090400000| Untracked 
| 261|0x0000000090500000, 0x0000000090500000, 0x0000000090600000|  0%| F|  |TAMS 0x0000000090500000, 0x0000000090500000| Untracked 
| 262|0x0000000090600000, 0x0000000090600000, 0x0000000090700000|  0%| F|  |TAMS 0x0000000090600000, 0x0000000090600000| Untracked 
| 263|0x0000000090700000, 0x0000000090700000, 0x0000000090800000|  0%| F|  |TAMS 0x0000000090700000, 0x0000000090700000| Untracked 
| 264|0x0000000090800000, 0x0000000090800000, 0x0000000090900000|  0%| F|  |TAMS 0x0000000090800000, 0x0000000090800000| Untracked 
| 265|0x0000000090900000, 0x0000000090900000, 0x0000000090a00000|  0%| F|  |TAMS 0x0000000090900000, 0x0000000090900000| Untracked 
| 266|0x0000000090a00000, 0x0000000090a00000, 0x0000000090b00000|  0%| F|  |TAMS 0x0000000090a00000, 0x0000000090a00000| Untracked 
| 267|0x0000000090b00000, 0x0000000090b00000, 0x0000000090c00000|  0%| F|  |TAMS 0x0000000090b00000, 0x0000000090b00000| Untracked 
| 268|0x0000000090c00000, 0x0000000090c00000, 0x0000000090d00000|  0%| F|  |TAMS 0x0000000090c00000, 0x0000000090c00000| Untracked 
| 269|0x0000000090d00000, 0x0000000090d00000, 0x0000000090e00000|  0%| F|  |TAMS 0x0000000090d00000, 0x0000000090d00000| Untracked 
| 270|0x0000000090e00000, 0x0000000090e00000, 0x0000000090f00000|  0%| F|  |TAMS 0x0000000090e00000, 0x0000000090e00000| Untracked 
| 271|0x0000000090f00000, 0x0000000090f00000, 0x0000000091000000|  0%| F|  |TAMS 0x0000000090f00000, 0x0000000090f00000| Untracked 
| 272|0x0000000091000000, 0x0000000091100000, 0x0000000091100000|100%| O|  |TAMS 0x0000000091100000, 0x0000000091100000| Untracked 
| 273|0x0000000091100000, 0x0000000091200000, 0x0000000091200000|100%| O|  |TAMS 0x0000000091200000, 0x0000000091200000| Untracked 
| 274|0x0000000091200000, 0x0000000091300000, 0x0000000091300000|100%| O|  |TAMS 0x0000000091300000, 0x0000000091300000| Untracked 
| 275|0x0000000091300000, 0x0000000091400000, 0x0000000091400000|100%| O|  |TAMS 0x0000000091400000, 0x0000000091400000| Untracked 
| 276|0x0000000091400000, 0x0000000091500000, 0x0000000091500000|100%| O|  |TAMS 0x0000000091500000, 0x0000000091500000| Untracked 
| 277|0x0000000091500000, 0x0000000091600000, 0x0000000091600000|100%| O|  |TAMS 0x0000000091600000, 0x0000000091600000| Untracked 
| 278|0x0000000091600000, 0x0000000091700000, 0x0000000091700000|100%| O|  |TAMS 0x0000000091700000, 0x0000000091700000| Untracked 
| 279|0x0000000091700000, 0x0000000091800000, 0x0000000091800000|100%| O|  |TAMS 0x0000000091800000, 0x0000000091800000| Untracked 
| 280|0x0000000091800000, 0x0000000091900000, 0x0000000091900000|100%| O|  |TAMS 0x0000000091900000, 0x0000000091900000| Untracked 
| 281|0x0000000091900000, 0x0000000091a00000, 0x0000000091a00000|100%| O|  |TAMS 0x0000000091a00000, 0x0000000091a00000| Untracked 
| 282|0x0000000091a00000, 0x0000000091b00000, 0x0000000091b00000|100%| O|  |TAMS 0x0000000091b00000, 0x0000000091b00000| Untracked 

Card table byte_map: [0x000002642a120000,0x000002642a520000] _byte_map_base: 0x0000026429d20000

Marking Bits (Prev, Next): (CMBitMap*) 0x000002641723f400, (CMBitMap*) 0x000002641723f3c8
 Prev Bits: [0x000002642c920000, 0x000002642e920000)
 Next Bits: [0x000002642a920000, 0x000002642c920000)

Polling page: 0x0000026415040000

Metaspace:

Usage:
  Non-class:    101.00 MB capacity,    99.01 MB ( 98%) used,     1.65 MB (  2%) free+waste,   346.00 KB ( <1%) overhead. 
      Class:     15.66 MB capacity,    14.56 MB ( 93%) used,   977.45 KB (  6%) free+waste,   153.06 KB ( <1%) overhead. 
       Both:    116.67 MB capacity,   113.57 MB ( 97%) used,     2.61 MB (  2%) free+waste,   499.06 KB ( <1%) overhead. 

Virtual space:
  Non-class space:      102.00 MB reserved,     101.17 MB (>99%) committed 
      Class space:        1.00 GB reserved,      15.75 MB (  2%) committed 
             Both:        1.10 GB reserved,     116.92 MB ( 10%) committed 

Chunk freelists:
   Non-Class:  43.00 KB
       Class:  28.00 KB
        Both:  71.00 KB

MaxMetaspaceSize: 17179869184.00 GB
CompressedClassSpaceSize: 1.00 GB
Initial GC threshold: 20.80 MB
Current GC threshold: 191.75 MB
CDS: off

CodeHeap 'non-profiled nmethods': size=120064Kb used=9451Kb max_used=9451Kb free=110612Kb
 bounds [0x00000264227e0000, 0x0000026423120000, 0x0000026429d20000]
CodeHeap 'profiled nmethods': size=120000Kb used=33862Kb max_used=33862Kb free=86137Kb
 bounds [0x000002641b2b0000, 0x000002641d3d0000, 0x00000264227e0000]
CodeHeap 'non-nmethods': size=5696Kb used=2462Kb max_used=2504Kb free=3233Kb
 bounds [0x000002641ad20000, 0x000002641afb0000, 0x000002641b2b0000]
 total_blobs=15848 nmethods=14852 adapters=907
 compilation: enabled
              stopped_count=0, restarted_count=0
 full_count=0

Compilation events (20 events):
Event: 71.315 Thread 0x0000026430e45800 14984       2       com.android.tools.r8.code.U2::<init> (58 bytes)
Event: 71.316 Thread 0x0000026430e45800 nmethod 14984 0x000002641d3bee90 code [0x000002641d3bf0a0, 0x000002641d3bf628]
Event: 71.365 Thread 0x0000026430e45800 14988       2       com.android.tools.r8.code.w2::<init> (7 bytes)
Event: 71.365 Thread 0x0000026430e45800 nmethod 14988 0x000002641d3bfa90 code [0x000002641d3bfc40, 0x000002641d3bfd98]
Event: 71.365 Thread 0x0000026430e45800 14989       2       com.android.tools.r8.code.c::<init> (7 bytes)
Event: 71.365 Thread 0x0000026430e45800 nmethod 14989 0x000002641d3bfe90 code [0x000002641d3c0040, 0x000002641d3c0198]
Event: 71.367 Thread 0x0000026430e45800 14990       2       com.android.tools.r8.graph.z::d (73 bytes)
Event: 71.368 Thread 0x0000026430e45800 nmethod 14990 0x000002641d3c0290 code [0x000002641d3c04c0, 0x000002641d3c09d8]
Event: 71.386 Thread 0x0000026430e45800 14992       2       com.android.tools.r8.code.P3::<init> (7 bytes)
Event: 71.387 Thread 0x0000026430e45800 nmethod 14992 0x000002641d3c0d90 code [0x000002641d3c0f40, 0x000002641d3c1098]
Event: 71.387 Thread 0x0000026430e45800 14993       2       com.android.tools.r8.internal.rK::<init> (10 bytes)
Event: 71.387 Thread 0x0000026430e45800 nmethod 14993 0x000002641d3c1190 code [0x000002641d3c1340, 0x000002641d3c1478]
Event: 71.387 Thread 0x0000026430e45800 14994       2       com.android.tools.r8.internal.d1::<init> (5 bytes)
Event: 71.388 Thread 0x0000026430e45800 nmethod 14994 0x000002641d3c1510 code [0x000002641d3c16c0, 0x000002641d3c17b8]
Event: 71.388 Thread 0x0000026430e45800 14995       2       com.android.tools.r8.internal.sK::<init> (6 bytes)
Event: 71.388 Thread 0x0000026430e45800 nmethod 14995 0x000002641d3c1890 code [0x000002641d3c1a40, 0x000002641d3c1b48]
Event: 71.402 Thread 0x0000026430e24000 nmethod 14926 0x000002642311a190 code [0x000002642311a500, 0x000002642311c3e8]
Event: 71.403 Thread 0x0000026430e24000 14986       4       com.android.tools.r8.internal.Gi::d (61 bytes)
Event: 71.414 Thread 0x0000026430e24000 nmethod 14986 0x0000026422859590 code [0x0000026422859720, 0x0000026422859978]
Event: 71.414 Thread 0x0000026430e24000 14985       4       com.android.tools.r8.dex.i::a (1036 bytes)

GC Heap History (20 events):
Event: 67.884 GC heap after
{Heap after GC invocations=72 (full 0):
 garbage-first heap   total 273408K, used 178148K [0x0000000080000000, 0x0000000100000000)
  region size 1024K, 1 young (1024K), 1 survivors (1024K)
 Metaspace       used 109857K, capacity 112867K, committed 113072K, reserved 1146880K
  class space    used 13960K, capacity 15034K, committed 15104K, reserved 1048576K
}
Event: 68.475 GC heap before
{Heap before GC invocations=72 (full 0):
 garbage-first heap   total 273408K, used 201700K [0x0000000080000000, 0x0000000100000000)
  region size 1024K, 26 young (26624K), 1 survivors (1024K)
 Metaspace       used 110811K, capacity 113855K, committed 114096K, reserved 1148928K
  class space    used 14013K, capacity 15104K, committed 15104K, reserved 1048576K
}
Event: 68.490 GC heap after
{Heap after GC invocations=73 (full 0):
 garbage-first heap   total 273408K, used 179233K [0x0000000080000000, 0x0000000100000000)
  region size 1024K, 2 young (2048K), 2 survivors (2048K)
 Metaspace       used 110811K, capacity 113855K, committed 114096K, reserved 1148928K
  class space    used 14013K, capacity 15104K, committed 15104K, reserved 1048576K
}
Event: 69.458 GC heap before
{Heap before GC invocations=74 (full 0):
 garbage-first heap   total 273408K, used 269345K [0x0000000080000000, 0x0000000100000000)
  region size 1024K, 49 young (50176K), 2 survivors (2048K)
 Metaspace       used 113937K, capacity 117055K, committed 117168K, reserved 1150976K
  class space    used 14452K, capacity 15555K, committed 15616K, reserved 1048576K
}
Event: 69.485 GC heap after
{Heap after GC invocations=75 (full 0):
 garbage-first heap   total 289792K, used 221058K [0x0000000080000000, 0x0000000100000000)
  region size 1024K, 7 young (7168K), 7 survivors (7168K)
 Metaspace       used 113937K, capacity 117055K, committed 117168K, reserved 1150976K
  class space    used 14452K, capacity 15555K, committed 15616K, reserved 1048576K
}
Event: 69.588 GC heap before
{Heap before GC invocations=75 (full 0):
 garbage-first heap   total 289792K, used 228226K [0x0000000080000000, 0x0000000100000000)
  region size 1024K, 14 young (14336K), 7 survivors (7168K)
 Metaspace       used 113937K, capacity 117055K, committed 117168K, reserved 1150976K
  class space    used 14452K, capacity 15555K, committed 15616K, reserved 1048576K
}
Event: 69.610 GC heap after
{Heap after GC invocations=76 (full 0):
 garbage-first heap   total 289792K, used 224522K [0x0000000080000000, 0x0000000100000000)
  region size 1024K, 2 young (2048K), 2 survivors (2048K)
 Metaspace       used 113937K, capacity 117055K, committed 117168K, reserved 1150976K
  class space    used 14452K, capacity 15555K, committed 15616K, reserved 1048576K
}
Event: 69.696 GC heap before
{Heap before GC invocations=76 (full 0):
 garbage-first heap   total 289792K, used 230666K [0x0000000080000000, 0x0000000100000000)
  region size 1024K, 9 young (9216K), 2 survivors (2048K)
 Metaspace       used 113939K, capacity 117055K, committed 117168K, reserved 1150976K
  class space    used 14452K, capacity 15555K, committed 15616K, reserved 1048576K
}
Event: 69.712 GC heap after
{Heap after GC invocations=77 (full 0):
 garbage-first heap   total 289792K, used 227701K [0x0000000080000000, 0x0000000100000000)
  region size 1024K, 3 young (3072K), 3 survivors (3072K)
 Metaspace       used 113939K, capacity 117055K, committed 117168K, reserved 1150976K
  class space    used 14452K, capacity 15555K, committed 15616K, reserved 1048576K
}
Event: 69.913 GC heap before
{Heap before GC invocations=77 (full 0):
 garbage-first heap   total 289792K, used 243061K [0x0000000080000000, 0x0000000100000000)
  region size 1024K, 17 young (17408K), 3 survivors (3072K)
 Metaspace       used 113939K, capacity 117055K, committed 117168K, reserved 1150976K
  class space    used 14452K, capacity 15555K, committed 15616K, reserved 1048576K
}
Event: 69.940 GC heap after
{Heap after GC invocations=78 (full 0):
 garbage-first heap   total 289792K, used 235355K [0x0000000080000000, 0x0000000100000000)
  region size 1024K, 3 young (3072K), 3 survivors (3072K)
 Metaspace       used 113939K, capacity 117055K, committed 117168K, reserved 1150976K
  class space    used 14452K, capacity 15555K, committed 15616K, reserved 1048576K
}
Event: 70.249 GC heap before
{Heap before GC invocations=78 (full 0):
 garbage-first heap   total 289792K, used 246619K [0x0000000080000000, 0x0000000100000000)
  region size 1024K, 14 young (14336K), 3 survivors (3072K)
 Metaspace       used 115179K, capacity 118250K, committed 118448K, reserved 1153024K
  class space    used 14773K, capacity 15871K, committed 15872K, reserved 1048576K
}
Event: 70.279 GC heap after
{Heap after GC invocations=79 (full 0):
 garbage-first heap   total 289792K, used 238592K [0x0000000080000000, 0x0000000100000000)
  region size 1024K, 2 young (2048K), 2 survivors (2048K)
 Metaspace       used 115179K, capacity 118250K, committed 118448K, reserved 1153024K
  class space    used 14773K, capacity 15871K, committed 15872K, reserved 1048576K
}
Event: 70.634 GC heap before
{Heap before GC invocations=80 (full 0):
 garbage-first heap   total 289792K, used 250880K [0x0000000080000000, 0x0000000100000000)
  region size 1024K, 14 young (14336K), 2 survivors (2048K)
 Metaspace       used 116199K, capacity 119392K, committed 119728K, reserved 1153024K
  class space    used 14904K, capacity 16035K, committed 16128K, reserved 1048576K
}
Event: 70.667 GC heap after
{Heap after GC invocations=81 (full 0):
 garbage-first heap   total 289792K, used 244114K [0x0000000080000000, 0x0000000100000000)
  region size 1024K, 2 young (2048K), 2 survivors (2048K)
 Metaspace       used 116199K, capacity 119392K, committed 119728K, reserved 1153024K
  class space    used 14904K, capacity 16035K, committed 16128K, reserved 1048576K
}
Event: 70.835 GC heap before
{Heap before GC invocations=81 (full 0):
 garbage-first heap   total 289792K, used 256402K [0x0000000080000000, 0x0000000100000000)
  region size 1024K, 14 young (14336K), 2 survivors (2048K)
 Metaspace       used 116226K, capacity 119395K, committed 119728K, reserved 1153024K
  class space    used 14904K, capacity 16035K, committed 16128K, reserved 1048576K
}
Event: 70.877 GC heap after
{Heap after GC invocations=82 (full 0):
 garbage-first heap   total 289792K, used 247508K [0x0000000080000000, 0x0000000100000000)
  region size 1024K, 2 young (2048K), 2 survivors (2048K)
 Metaspace       used 116226K, capacity 119395K, committed 119728K, reserved 1153024K
  class space    used 14904K, capacity 16035K, committed 16128K, reserved 1048576K
}
Event: 71.000 GC heap before
{Heap before GC invocations=82 (full 0):
 garbage-first heap   total 289792K, used 258772K [0x0000000080000000, 0x0000000100000000)
  region size 1024K, 14 young (14336K), 2 survivors (2048K)
 Metaspace       used 116284K, capacity 119462K, committed 119728K, reserved 1153024K
  class space    used 14905K, capacity 16036K, committed 16128K, reserved 1048576K
}
Event: 71.024 GC heap after
{Heap after GC invocations=83 (full 0):
 garbage-first heap   total 289792K, used 253952K [0x0000000080000000, 0x0000000100000000)
  region size 1024K, 2 young (2048K), 2 survivors (2048K)
 Metaspace       used 116284K, capacity 119462K, committed 119728K, reserved 1153024K
  class space    used 14905K, capacity 16036K, committed 16128K, reserved 1048576K
}
Event: 71.439 GC heap before
{Heap before GC invocations=83 (full 0):
 garbage-first heap   total 289792K, used 265216K [0x0000000080000000, 0x0000000100000000)
  region size 1024K, 14 young (14336K), 2 survivors (2048K)
 Metaspace       used 116296K, capacity 119465K, committed 119728K, reserved 1153024K
  class space    used 14905K, capacity 16036K, committed 16128K, reserved 1048576K
}

Deoptimization events (20 events):
Event: 71.261 Thread 0x0000026434d3a000 DEOPT PACKING pc=0x000002641d34bd03 sp=0x000000b72f2fde20
Event: 71.261 Thread 0x0000026434d3a000 DEOPT UNPACKING pc=0x000002641ad6a95e sp=0x000000b72f2fda70 mode 0
Event: 71.322 Thread 0x0000026434d33000 DEOPT PACKING pc=0x000002641d2bb18c sp=0x000000b72f0fe740
Event: 71.322 Thread 0x0000026434d33000 DEOPT UNPACKING pc=0x000002641ad6a95e sp=0x000000b72f0fdd80 mode 0
Event: 71.350 Thread 0x0000026434d33000 DEOPT PACKING pc=0x000002641d2bb18c sp=0x000000b72f0fe760
Event: 71.364 Thread 0x0000026434d39800 DEOPT PACKING pc=0x000002641d2bb18c sp=0x000000b72f1feb30
Event: 71.364 Thread 0x0000026434d39800 DEOPT UNPACKING pc=0x000002641ad6a95e sp=0x000000b72f1fe170 mode 0
Event: 71.370 Thread 0x0000026434d39800 DEOPT PACKING pc=0x000002641d2bb18c sp=0x000000b72f1feb30
Event: 71.370 Thread 0x0000026434d39800 DEOPT UNPACKING pc=0x000002641ad6a95e sp=0x000000b72f1fe170 mode 0
Event: 71.376 Thread 0x0000026434d39800 DEOPT PACKING pc=0x000002641d2bb18c sp=0x000000b72f1feb30
Event: 71.376 Thread 0x0000026434d39800 DEOPT UNPACKING pc=0x000002641ad6a95e sp=0x000000b72f1fe170 mode 0
Event: 71.382 Thread 0x0000026434d39800 DEOPT PACKING pc=0x000002641d2bb18c sp=0x000000b72f1feb30
Event: 71.382 Thread 0x0000026434d39800 DEOPT UNPACKING pc=0x000002641ad6a95e sp=0x000000b72f1fe170 mode 0
Event: 71.392 Thread 0x0000026434d33000 DEOPT UNPACKING pc=0x000002641ad6a95e sp=0x000000b72f0fdda0 mode 0
Event: 71.392 Thread 0x0000026434d33000 DEOPT PACKING pc=0x000002641d2bb18c sp=0x000000b72f0fe740
Event: 71.393 Thread 0x0000026434d33000 DEOPT UNPACKING pc=0x000002641ad6a95e sp=0x000000b72f0fdd80 mode 0
Event: 71.415 Thread 0x0000026434e64000 DEOPT PACKING pc=0x000002641d2bb18c sp=0x000000b72f3fea80
Event: 71.415 Thread 0x0000026434e64000 DEOPT UNPACKING pc=0x000002641ad6a95e sp=0x000000b72f3fe0c0 mode 0
Event: 71.437 Thread 0x0000026434e64000 DEOPT PACKING pc=0x000002641d2bb18c sp=0x000000b72f3fea60
Event: 71.437 Thread 0x0000026434e64000 DEOPT UNPACKING pc=0x000002641ad6a95e sp=0x000000b72f3fe0a0 mode 0

Classes redefined (0 events):
No events

Internal exceptions (20 events):
Event: 63.926 Thread 0x0000026434d34800 Exception <a 'java/lang/NoSuchMethodError'{0x000000008fb62ec0}: 'int java.lang.invoke.DirectMethodHandle$Holder.invokeSpecial(java.lang.Object, java.lang.Object, java.lang.Object, java.lang.Object, java.lang.Object)'> (0x000000008fb62ec0) thrown at [./src/hotspot/share/interpreter/linkResolver.cpp, line 773]
Event: 64.181 Thread 0x0000026434d34800 Exception <a 'java/lang/NoSuchMethodError'{0x000000008f245be0}: 'void java.lang.invoke.DirectMethodHandle$Holder.invokeVirtual(java.lang.Object, java.lang.Object)'> (0x000000008f245be0) thrown at [./src/hotspot/share/interpreter/linkResolver.cpp, line 773]
Event: 64.864 Thread 0x0000026434d34800 Exception <a 'java/lang/NoSuchMethodError'{0x000000008d9f5518}: 'void java.lang.invoke.DirectMethodHandle$Holder.invokeInterface(java.lang.Object, java.lang.Object, java.lang.Object, java.lang.Object)'> (0x000000008d9f5518) thrown at [./src/hotspot/share/interpreter/linkResolver.cpp, line 773]
Event: 65.360 Thread 0x0000026434d34800 Exception <a 'java/lang/NoSuchMethodError'{0x000000008ff229e8}: <clinit>> (0x000000008ff229e8) thrown at [./src/hotspot/share/prims/jni.cpp, line 1366]
Event: 65.363 Thread 0x0000026434d34800 Exception <a 'java/lang/NoSuchMethodError'{0x000000008ff24280}: <clinit>> (0x000000008ff24280) thrown at [./src/hotspot/share/prims/jni.cpp, line 1366]
Event: 65.364 Thread 0x0000026434d34800 Exception <a 'java/lang/NoSuchMethodError'{0x000000008ff273b0}: <clinit>> (0x000000008ff273b0) thrown at [./src/hotspot/share/prims/jni.cpp, line 1366]
Event: 65.365 Thread 0x0000026434d34800 Exception <a 'java/lang/NoSuchMethodError'{0x000000008ff41848}: <clinit>> (0x000000008ff41848) thrown at [./src/hotspot/share/prims/jni.cpp, line 1366]
Event: 65.366 Thread 0x0000026434d34800 Exception <a 'java/lang/NoSuchMethodError'{0x000000008ff42d28}: <clinit>> (0x000000008ff42d28) thrown at [./src/hotspot/share/prims/jni.cpp, line 1366]
Event: 66.798 Thread 0x0000026434d34800 Exception <a 'java/lang/NoSuchMethodError'{0x00000000901037c0}: <clinit>> (0x00000000901037c0) thrown at [./src/hotspot/share/prims/jni.cpp, line 1366]
Event: 66.803 Thread 0x0000026434d34800 Exception <a 'java/lang/NoSuchMethodError'{0x0000000090126598}: <clinit>> (0x0000000090126598) thrown at [./src/hotspot/share/prims/jni.cpp, line 1366]
Event: 66.803 Thread 0x0000026434d34800 Exception <a 'java/lang/NoSuchMethodError'{0x00000000901280b8}: <clinit>> (0x00000000901280b8) thrown at [./src/hotspot/share/prims/jni.cpp, line 1366]
Event: 66.821 Thread 0x0000026434d34800 Exception <a 'java/lang/NoSuchMethodError'{0x0000000090186170}: <clinit>> (0x0000000090186170) thrown at [./src/hotspot/share/prims/jni.cpp, line 1366]
Event: 68.859 Thread 0x0000026434d38800 Exception <a 'sun/nio/fs/WindowsException'{0x00000000904886f8}> (0x00000000904886f8) thrown at [./src/hotspot/share/prims/jni.cpp, line 616]
Event: 68.947 Thread 0x0000026434d38800 Exception <a 'java/lang/NoSuchMethodError'{0x00000000902447e8}: 'java.lang.Object java.lang.invoke.DirectMethodHandle$Holder.newInvokeSpecial(java.lang.Object, int)'> (0x00000000902447e8) thrown at [./src/hotspot/share/interpreter/linkResolver.cpp, line 773]
Event: 69.161 Thread 0x0000026434d38800 Exception <a 'java/lang/NoSuchMethodError'{0x000000008fc9d700}: 'java.lang.Object java.lang.invoke.DirectMethodHandle$Holder.invokeStaticInit(java.lang.Object, java.lang.Object, java.lang.Object, java.lang.Object, java.lang.Object, java.lang.Object, java.lang.Object, java.lang.Object, java.lang.Object, java.lang.Object, java.lang.Object, java.lang.Object, java.lang.Object, java.lang.Object, java.lang.Object, java.lang.Object, java.lang.Object, java.lang.Object, int, java.lang.Object, java.lang.Object)'> (0
Event: 69.360 Thread 0x0000026434d35800 Exception <a 'java/net/ConnectException'{0x000000008e1e7f80}: Connection refused: connect> (0x000000008e1e7f80) thrown at [./src/hotspot/share/prims/jni.cpp, line 637]
Event: 70.146 Thread 0x0000026434d33000 Exception <a 'java/lang/IncompatibleClassChangeError'{0x0000000090795e80}: Found class java.lang.Object, but interface was expected> (0x0000000090795e80) thrown at [./src/hotspot/share/interpreter/linkResolver.cpp, line 839]
Event: 70.176 Thread 0x0000026434d33000 Exception <a 'java/lang/IncompatibleClassChangeError'{0x00000000907dfd90}: Found class java.lang.Object, but interface was expected> (0x00000000907dfd90) thrown at [./src/hotspot/share/interpreter/linkResolver.cpp, line 839]
Event: 70.176 Thread 0x0000026434d33000 Exception <a 'java/lang/IncompatibleClassChangeError'{0x00000000907e9ec0}: Found class java.lang.Object, but interface was expected> (0x00000000907e9ec0) thrown at [./src/hotspot/share/interpreter/linkResolver.cpp, line 839]
Event: 70.314 Thread 0x0000026434d3a000 Exception <a 'java/lang/NoSuchMethodError'{0x0000000090ff4310}: 'long java.lang.invoke.DirectMethodHandle$Holder.invokeStatic(java.lang.Object, java.lang.Object, java.lang.Object)'> (0x0000000090ff4310) thrown at [./src/hotspot/share/interpreter/linkResolver.cpp, line 773]

Events (20 events):
Event: 70.835 Executing VM operation: G1CollectForAllocation
Event: 70.877 Executing VM operation: G1CollectForAllocation done
Event: 70.901 loading class com/android/tools/r8/internal/Ze
Event: 70.901 loading class com/android/tools/r8/internal/Ze done
Event: 70.903 loading class com/android/tools/r8/graph/a0$a
Event: 70.903 loading class com/android/tools/r8/graph/a0$a done
Event: 70.903 loading class com/android/tools/r8/graph/a0$a
Event: 70.903 loading class com/android/tools/r8/graph/a0$a done
Event: 70.903 loading class com/android/tools/r8/dex/i
Event: 70.903 loading class com/android/tools/r8/dex/i done
Event: 70.954 Thread 0x0000026430e48000 flushing nmethod 0x0000026422837c90
Event: 70.955 Thread 0x0000026430e48000 flushing nmethod 0x0000026422856c10
Event: 70.962 Thread 0x0000026430e48000 flushing nmethod 0x000002641b2b0010
Event: 70.962 Thread 0x0000026430e48000 flushing nmethod 0x000002641b2b0490
Event: 70.962 Thread 0x0000026430e48000 flushing nmethod 0x000002641b2b1210
Event: 70.962 Thread 0x0000026430e48000 flushing nmethod 0x000002641b2b4690
Event: 70.962 Thread 0x0000026430e48000 flushing nmethod 0x000002641b2c1f10
Event: 71.000 Executing VM operation: G1CollectForAllocation
Event: 71.025 Executing VM operation: G1CollectForAllocation done
Event: 71.438 Executing VM operation: G1CollectForAllocation


Dynamic libraries:
0x00007ff612a10000 - 0x00007ff612a1a000 	C:\Program Files\Android\Android Studio\jre\bin\java.exe
0x00007ff85a720000 - 0x00007ff85a929000 	C:\Windows\SYSTEM32\ntdll.dll
0x00007ff85a330000 - 0x00007ff85a3ee000 	C:\Windows\System32\KERNEL32.DLL
0x00007ff857ff0000 - 0x00007ff85836b000 	C:\Windows\System32\KERNELBASE.dll
0x00007ff857c60000 - 0x00007ff857d71000 	C:\Windows\System32\ucrtbase.dll
0x00007ff848d50000 - 0x00007ff848d69000 	C:\Program Files\Android\Android Studio\jre\bin\jli.dll
0x00007ff85a530000 - 0x00007ff85a6dd000 	C:\Windows\System32\USER32.dll
0x00007ff857fc0000 - 0x00007ff857fe6000 	C:\Windows\System32\win32u.dll
0x00007ff858da0000 - 0x00007ff858dc9000 	C:\Windows\System32\GDI32.dll
0x00007ff857d80000 - 0x00007ff857e98000 	C:\Windows\System32\gdi32full.dll
0x00007ff857f20000 - 0x00007ff857fbd000 	C:\Windows\System32\msvcp_win.dll
0x00007ff848d70000 - 0x00007ff848d87000 	C:\Program Files\Android\Android Studio\jre\bin\VCRUNTIME140.dll
0x00007ff842350000 - 0x00007ff8425f5000 	C:\Windows\WinSxS\amd64_microsoft.windows.common-controls_6595b64144ccf1df_6.0.22000.120_none_9d947278b86cc467\COMCTL32.dll
0x00007ff85a480000 - 0x00007ff85a523000 	C:\Windows\System32\msvcrt.dll
0x00007ff85a0b0000 - 0x00007ff85a0e2000 	C:\Windows\System32\IMM32.DLL
0x00007ff823da0000 - 0x00007ff823e3d000 	C:\Program Files\Android\Android Studio\jre\bin\msvcp140.dll
0x00007ff81b010000 - 0x00007ff81bb12000 	C:\Program Files\Android\Android Studio\jre\bin\server\jvm.dll
0x00007ff85a000000 - 0x00007ff85a0ae000 	C:\Windows\System32\ADVAPI32.dll
0x00007ff858850000 - 0x00007ff8588ee000 	C:\Windows\System32\sechost.dll
0x00007ff858c80000 - 0x00007ff858da0000 	C:\Windows\System32\RPCRT4.dll
0x00007ff858690000 - 0x00007ff858698000 	C:\Windows\System32\PSAPI.DLL
0x00007ff853d70000 - 0x00007ff853d79000 	C:\Windows\SYSTEM32\WSOCK32.dll
0x00007ff8597a0000 - 0x00007ff85980f000 	C:\Windows\System32\WS2_32.dll
0x00007ff8501d0000 - 0x00007ff850203000 	C:\Windows\SYSTEM32\WINMM.dll
0x00007ff84ac80000 - 0x00007ff84ac8a000 	C:\Windows\SYSTEM32\VERSION.dll
0x00007ff856d60000 - 0x00007ff856d78000 	C:\Windows\SYSTEM32\kernel.appcore.dll
0x00007ff849e40000 - 0x00007ff849e51000 	C:\Program Files\Android\Android Studio\jre\bin\verify.dll
0x00007ff855770000 - 0x00007ff855991000 	C:\Windows\SYSTEM32\DBGHELP.DLL
0x00007ff848f30000 - 0x00007ff848f61000 	C:\Windows\SYSTEM32\dbgcore.DLL
0x00007ff857ea0000 - 0x00007ff857f1f000 	C:\Windows\System32\bcryptPrimitives.dll
0x00007ff848f00000 - 0x00007ff848f29000 	C:\Program Files\Android\Android Studio\jre\bin\java.dll
0x00007ff851c40000 - 0x00007ff851c4b000 	C:\Program Files\Android\Android Studio\jre\bin\jimage.dll
0x00007ff8497a0000 - 0x00007ff8497b8000 	C:\Program Files\Android\Android Studio\jre\bin\zip.dll
0x00007ff858dd0000 - 0x00007ff859587000 	C:\Windows\System32\SHELL32.dll
0x00007ff855c20000 - 0x00007ff856485000 	C:\Windows\SYSTEM32\windows.storage.dll
0x00007ff858900000 - 0x00007ff858c78000 	C:\Windows\System32\combase.dll
0x00007ff8559a0000 - 0x00007ff855b06000 	C:\Windows\SYSTEM32\wintypes.dll
0x00007ff858760000 - 0x00007ff85884a000 	C:\Windows\System32\SHCORE.dll
0x00007ff859810000 - 0x00007ff85986d000 	C:\Windows\System32\shlwapi.dll
0x00007ff857b20000 - 0x00007ff857b41000 	C:\Windows\SYSTEM32\profapi.dll
0x00007ff848930000 - 0x00007ff84894a000 	C:\Program Files\Android\Android Studio\jre\bin\net.dll
0x00007ff84fbc0000 - 0x00007ff84fcd4000 	C:\Windows\SYSTEM32\WINHTTP.dll
0x00007ff857200000 - 0x00007ff857267000 	C:\Windows\system32\mswsock.dll
0x00007ff8488d0000 - 0x00007ff8488e4000 	C:\Program Files\Android\Android Studio\jre\bin\nio.dll
0x00007ff8456b0000 - 0x00007ff8456d7000 	C:\Users\Administrator\.gradle\native\e1d6ef7f7dcc3fd88c89a11ec53ec762bb8ba0a96d01ffa2cd45eb1d1d8dd5c5\windows-amd64\native-platform.dll
0x00007ff81e240000 - 0x00007ff81e384000 	C:\Users\Administrator\.gradle\native\0d407fdbe67a94daf76414ababcb853783967236a71b16ec16e742cd7a986fd3\windows-amd64\native-platform-file-events.dll
0x00007ff850c90000 - 0x00007ff850c9a000 	C:\Program Files\Android\Android Studio\jre\bin\management.dll
0x00007ff850740000 - 0x00007ff85074d000 	C:\Program Files\Android\Android Studio\jre\bin\management_ext.dll
0x00007ff857450000 - 0x00007ff857468000 	C:\Windows\SYSTEM32\CRYPTSP.dll
0x00007ff856cc0000 - 0x00007ff856cf5000 	C:\Windows\system32\rsaenh.dll
0x00007ff8572f0000 - 0x00007ff857319000 	C:\Windows\SYSTEM32\USERENV.dll
0x00007ff8575d0000 - 0x00007ff8575f7000 	C:\Windows\SYSTEM32\bcrypt.dll
0x00007ff857440000 - 0x00007ff85744c000 	C:\Windows\SYSTEM32\CRYPTBASE.dll
0x00007ff856890000 - 0x00007ff8568bd000 	C:\Windows\SYSTEM32\IPHLPAPI.DLL
0x00007ff859590000 - 0x00007ff859599000 	C:\Windows\System32\NSI.dll
0x00007ff84f380000 - 0x00007ff84f399000 	C:\Windows\SYSTEM32\dhcpcsvc6.DLL
0x00007ff850590000 - 0x00007ff8505ae000 	C:\Windows\SYSTEM32\dhcpcsvc.DLL
0x00007ff8568c0000 - 0x00007ff8569a8000 	C:\Windows\SYSTEM32\DNSAPI.dll

dbghelp: loaded successfully - version: 4.0.5 - missing functions: none
symbol engine: initialized successfully - sym options: 0x614 - pdb path: .;C:\Program Files\Android\Android Studio\jre\bin;C:\Windows\SYSTEM32;C:\Windows\WinSxS\amd64_microsoft.windows.common-controls_6595b64144ccf1df_6.0.22000.120_none_9d947278b86cc467;C:\Program Files\Android\Android Studio\jre\bin\server;C:\Users\Administrator\.gradle\native\e1d6ef7f7dcc3fd88c89a11ec53ec762bb8ba0a96d01ffa2cd45eb1d1d8dd5c5\windows-amd64;C:\Users\Administrator\.gradle\native\0d407fdbe67a94daf76414ababcb853783967236a71b16ec16e742cd7a986fd3\windows-amd64

VM Arguments:
jvm_args: --add-opens=java.base/java.util=ALL-UNNAMED --add-opens=java.base/java.lang=ALL-UNNAMED --add-opens=java.base/java.lang.invoke=ALL-UNNAMED --add-opens=java.base/java.util=ALL-UNNAMED --add-opens=java.prefs/java.util.prefs=ALL-UNNAMED --add-opens=java.prefs/java.util.prefs=ALL-UNNAMED --add-opens=java.base/java.nio.charset=ALL-UNNAMED --add-opens=java.base/java.net=ALL-UNNAMED --add-opens=java.base/java.util.concurrent.atomic=ALL-UNNAMED -Xmx2048m -Dfile.encoding=UTF-8 -Duser.country=US -Duser.language=en -Duser.variant 
java_command: org.gradle.launcher.daemon.bootstrap.GradleDaemon 7.4
java_class_path (initial): C:\Users\Administrator\.gradle\wrapper\dists\gradle-7.4-bin\c0gwcg53nkjbqw7r0h0umtfvt\gradle-7.4\lib\gradle-launcher-7.4.jar
Launcher Type: SUN_STANDARD

[Global flags]
     intx CICompilerCount                          = 3                                         {product} {ergonomic}
     uint ConcGCThreads                            = 1                                         {product} {ergonomic}
     uint G1ConcRefinementThreads                  = 4                                         {product} {ergonomic}
   size_t G1HeapRegionSize                         = 1048576                                   {product} {ergonomic}
    uintx GCDrainStackTargetSize                   = 64                                        {product} {ergonomic}
   size_t InitialHeapSize                          = 134217728                                 {product} {ergonomic}
   size_t MarkStackSize                            = 4194304                                   {product} {ergonomic}
   size_t MaxHeapSize                              = 2147483648                                {product} {command line}
   size_t MaxNewSize                               = 1287651328                                {product} {ergonomic}
   size_t MinHeapDeltaBytes                        = 1048576                                   {product} {ergonomic}
    uintx NonNMethodCodeHeapSize                   = 5830732                                {pd product} {ergonomic}
    uintx NonProfiledCodeHeapSize                  = 122913754                              {pd product} {ergonomic}
    uintx ProfiledCodeHeapSize                     = 122913754                              {pd product} {ergonomic}
    uintx ReservedCodeCacheSize                    = 251658240                              {pd product} {ergonomic}
     bool SegmentedCodeCache                       = true                                      {product} {ergonomic}
     bool UseCompressedClassPointers               = true                                 {lp64_product} {ergonomic}
     bool UseCompressedOops                        = true                                 {lp64_product} {ergonomic}
     bool UseG1GC                                  = true                                      {product} {ergonomic}
     bool UseLargePagesIndividualAllocation        = false                                  {pd product} {ergonomic}

Logging:
Log output configuration:
 #0: stdout all=warning uptime,level,tags
 #1: stderr all=off uptime,level,tags

Environment Variables:
PATH=C:\Program Files (x86)\Common Files\Oracle\Java\javapath;C:\Windows\system32;C:\Windows;C:\Windows\System32\Wbem;C:\Windows\System32\WindowsPowerShell\v1.0\;C:\Windows\System32\OpenSSH\;C:\Program Files\Git\cmd;C:\xampp\php;C:\ProgramData\ComposerSetup\bin;C:\Program Files (x86)\NVIDIA Corporation\PhysX\Common;C:\Program Files\NVIDIA Corporation\NVIDIA NvDLISR;C:\Program Files\nodejs\;C:\Program Files\dotnet\;C:\Users\Administrator\AppData\Local\Microsoft\WindowsApps;C:\Users\Administrator\AppData\Local\Programs\Microsoft VS Code\bin;C:\Users\Administrator\AppData\Roaming\Composer\vendor\bin;D:\xampp\php\php.exe;C:\Users\Administrator\AppData\Roaming\npm;C:\Program Files\Java\jdk-19.0.1\bin;
USERNAME=Administrator
OS=Windows_NT
PROCESSOR_IDENTIFIER=Intel64 Family 6 Model 142 Stepping 9, GenuineIntel



---------------  S Y S T E M  ---------------

OS: Windows 11 , 64 bit Build 22000 (10.0.22000.1335)
OS uptime: 2 days 2:12 hours

CPU:total 4 (initial active 4) (2 cores per cpu, 2 threads per core) family 6 model 142 stepping 9 microcode 0xde, cmov, cx8, fxsr, mmx, sse, sse2, sse3, ssse3, sse4.1, sse4.2, popcnt, avx, avx2, aes, clmul, erms, 3dnowpref, lzcnt, ht, tsc, tscinvbit, bmi1, bmi2, adx, fma

Memory: 4k page, system-wide physical 8073M (496M free)
TotalPageFile size 8073M (AvailPageFile size 128M)
current process WorkingSet (physical memory assigned to process): 605M, peak: 608M
current process commit charge ("private bytes"): 637M, peak: 800M

vm_info: OpenJDK 64-Bit Server VM (11.0.13+0-b1751.21-8125866) for windows-amd64 JRE (11.0.13+0-b1751.21-8125866), built on Feb  2 2022 03:00:22 by "builder" with MS VC++ 14.0 (VS2015)

END.
