#
# There is insufficient memory for the Java Runtime Environment to continue.
# Native memory allocation (malloc) failed to allocate 1264016 bytes for Chunk::new
# Possible reasons:
#   The system is out of physical RAM or swap space
#   The process is running with CompressedOops enabled, and the Java Heap may be blocking the growth of the native heap
# Possible solutions:
#   Reduce memory load on the system
#   Increase physical memory or swap space
#   Check if swap backing store is full
#   Decrease Java heap size (-Xmx/-Xms)
#   Decrease number of Java threads
#   Decrease Java thread stack sizes (-Xss)
#   Set larger code cache with -XX:ReservedCodeCacheSize=
#   JVM is running with Unscaled Compressed Oops mode in which the Java heap is
#     placed in the first 4GB address space. The Java Heap base address is the
#     maximum limit for the native heap growth. Please use -XX:HeapBaseMinAddress
#     to set the Java Heap base and to place the Java Heap above 4GB virtual address.
# This output file may be truncated or incomplete.
#
#  Out of Memory Error (./src/hotspot/share/memory/arena.cpp:197), pid=15064, tid=11412
#
# JRE version: OpenJDK Runtime Environment (11.0.13) (build 11.0.13+0-b1751.21-8125866)
# Java VM: OpenJDK 64-Bit Server VM (11.0.13+0-b1751.21-8125866, mixed mode, tiered, compressed oops, g1 gc, windows-amd64)
# No core dump will be written. Minidumps are not enabled by default on client versions of Windows
#

---------------  S U M M A R Y ------------

Command Line: --add-opens=java.base/java.util=ALL-UNNAMED --add-opens=java.base/java.lang=ALL-UNNAMED --add-opens=java.base/java.lang.invoke=ALL-UNNAMED --add-opens=java.base/java.util=ALL-UNNAMED --add-opens=java.prefs/java.util.prefs=ALL-UNNAMED --add-opens=java.prefs/java.util.prefs=ALL-UNNAMED --add-opens=java.base/java.nio.charset=ALL-UNNAMED --add-opens=java.base/java.net=ALL-UNNAMED --add-opens=java.base/java.util.concurrent.atomic=ALL-UNNAMED -Xmx2048m -Dfile.encoding=UTF-8 -Duser.country=US -Duser.language=en -Duser.variant org.gradle.launcher.daemon.bootstrap.GradleDaemon 7.4

Host: Intel(R) Core(TM) i3-7020U CPU @ 2.30GHz, 4 cores, 7G,  Windows 11 , 64 bit Build 22000 (10.0.22000.1335)
Time: Sat Jan  7 23:23:36 2023 SE Asia Standard Time elapsed time: 27.508742 seconds (0d 0h 0m 27s)

---------------  T H R E A D  ---------------

Current thread (0x000001eafeacb000):  JavaThread "C2 CompilerThread0" daemon [_thread_in_native, id=11412, stack(0x000000b561c00000,0x000000b561d00000)]


Current CompileTask:
C2:  27508 8411 %     4       org.gradle.internal.instantiation.generator.AbstractClassGenerator::inspectType @ 107 (560 bytes)

Stack: [0x000000b561c00000,0x000000b561d00000]
Native frames: (J=compiled Java code, j=interpreted, Vv=VM code, C=native code)
V  [jvm.dll+0x6100fa]
V  [jvm.dll+0x747090]
V  [jvm.dll+0x7486ad]
V  [jvm.dll+0x748d83]
V  [jvm.dll+0x24ab48]
V  [jvm.dll+0xc04dc]
V  [jvm.dll+0xc0a0c]
V  [jvm.dll+0x35eb9d]
V  [jvm.dll+0x19d7bc]
V  [jvm.dll+0x2033be]
V  [jvm.dll+0x202437]
V  [jvm.dll+0x188e01]
V  [jvm.dll+0x21106b]
V  [jvm.dll+0x20f8c1]
V  [jvm.dll+0x70de0f]
V  [jvm.dll+0x706a75]
V  [jvm.dll+0x60ed66]
C  [ucrtbase.dll+0x26c0c]
C  [KERNEL32.DLL+0x155a0]
C  [ntdll.dll+0x485b]


---------------  P R O C E S S  ---------------

Threads class SMR info:
_java_thread_list=0x000001ea8ef91b70, length=81, elements={
0x000001eaeae9e800, 0x000001eafeaa7000, 0x000001eafeab0000, 0x000001eaff433000,
0x000001eafeac6000, 0x000001eafeac9000, 0x000001eafeacb000, 0x000001eafeacc000,
0x000001eaff487800, 0x000001eaff569000, 0x000001ea8726e000, 0x000001ea874c8800,
0x000001ea86c89800, 0x000001ea87a2c000, 0x000001ea86887800, 0x000001ea867b9000,
0x000001ea87da3800, 0x000001ea87383000, 0x000001ea87686000, 0x000001ea87cbf000,
0x000001ea87be7000, 0x000001ea87be7800, 0x000001ea87be6000, 0x000001ea87bea000,
0x000001ea87be8800, 0x000001ea87beb000, 0x000001ea87be5000, 0x000001ea87beb800,
0x000001ea87be9000, 0x000001ea8674f000, 0x000001ea8674e000, 0x000001ea86749000,
0x000001ea8674a000, 0x000001ea8674c800, 0x000001ea86751800, 0x000001ea8674b800,
0x000001ea86752000, 0x000001ea86753000, 0x000001ea8674d800, 0x000001ea86756800,
0x000001ea86754000, 0x000001ea86755800, 0x000001ea86754800, 0x000001ea86757000,
0x000001ea86758000, 0x000001ea86b22000, 0x000001ea86b26000, 0x000001ea86b25800,
0x000001ea86b28800, 0x000001ea86b24800, 0x000001ea86b23000, 0x000001ea86b27800,
0x000001ea86b29800, 0x000001ea86b23800, 0x000001ea86b2c800, 0x000001ea86b2a000,
0x000001ea86b2b000, 0x000001ea86b2c000, 0x000001ea86b27000, 0x000001ea86b2d800,
0x000001ea86b30000, 0x000001ea86b2e800, 0x000001ea86b2f000, 0x000001ea86b30800,
0x000001ea87e8e000, 0x000001ea87e8d000, 0x000001ea87e8e800, 0x000001ea87e91000,
0x000001ea87e90000, 0x000001ea87e92000, 0x000001ea87e8c000, 0x000001ea87e92800,
0x000001ea87e8f800, 0x000001ea87e97800, 0x000001ea87e93800, 0x000001ea87e95000,
0x000001ea87e96000, 0x000001ea87e97000, 0x000001ea87e94800, 0x000001ea87e9b000,
0x000001ea89197800
}

Java Threads: ( => current thread )
  0x000001eaeae9e800 JavaThread "main" [_thread_blocked, id=11976, stack(0x000000b561000000,0x000000b561100000)]
  0x000001eafeaa7000 JavaThread "Reference Handler" daemon [_thread_blocked, id=7020, stack(0x000000b561700000,0x000000b561800000)]
  0x000001eafeab0000 JavaThread "Finalizer" daemon [_thread_blocked, id=7304, stack(0x000000b561800000,0x000000b561900000)]
  0x000001eaff433000 JavaThread "Signal Dispatcher" daemon [_thread_blocked, id=13444, stack(0x000000b561900000,0x000000b561a00000)]
  0x000001eafeac6000 JavaThread "Attach Listener" daemon [_thread_blocked, id=2912, stack(0x000000b561a00000,0x000000b561b00000)]
  0x000001eafeac9000 JavaThread "Service Thread" daemon [_thread_blocked, id=13668, stack(0x000000b561b00000,0x000000b561c00000)]
=>0x000001eafeacb000 JavaThread "C2 CompilerThread0" daemon [_thread_in_native, id=11412, stack(0x000000b561c00000,0x000000b561d00000)]
  0x000001eafeacc000 JavaThread "C1 CompilerThread0" daemon [_thread_blocked, id=1452, stack(0x000000b561d00000,0x000000b561e00000)]
  0x000001eaff487800 JavaThread "Sweeper thread" daemon [_thread_blocked, id=8820, stack(0x000000b561e00000,0x000000b561f00000)]
  0x000001eaff569000 JavaThread "Common-Cleaner" daemon [_thread_blocked, id=7096, stack(0x000000b561f00000,0x000000b562000000)]
  0x000001ea8726e000 JavaThread "Daemon health stats" [_thread_blocked, id=8492, stack(0x000000b562500000,0x000000b562600000)]
  0x000001ea874c8800 JavaThread "Incoming local TCP Connector on port 2420" [_thread_in_native, id=15012, stack(0x000000b562100000,0x000000b562200000)]
  0x000001ea86c89800 JavaThread "Daemon periodic checks" [_thread_blocked, id=1716, stack(0x000000b562600000,0x000000b562700000)]
  0x000001ea87a2c000 JavaThread "Daemon" [_thread_blocked, id=2468, stack(0x000000b562700000,0x000000b562800000)]
  0x000001ea86887800 JavaThread "Handler for socket connection from /127.0.0.1:2420 to /127.0.0.1:2421" [_thread_in_native, id=9324, stack(0x000000b562800000,0x000000b562900000)]
  0x000001ea867b9000 JavaThread "Cancel handler" [_thread_blocked, id=6260, stack(0x000000b562900000,0x000000b562a00000)]
  0x000001ea87da3800 JavaThread "Daemon worker" [_thread_in_vm, id=6584, stack(0x000000b562a00000,0x000000b562b00000)]
  0x000001ea87383000 JavaThread "Asynchronous log dispatcher for DefaultDaemonConnection: socket connection from /127.0.0.1:2420 to /127.0.0.1:2421" [_thread_blocked, id=13708, stack(0x000000b562b00000,0x000000b562c00000)]
  0x000001ea87686000 JavaThread "Stdin handler" [_thread_blocked, id=10660, stack(0x000000b562c00000,0x000000b562d00000)]
  0x000001ea87cbf000 JavaThread "Daemon client event forwarder" [_thread_blocked, id=13152, stack(0x000000b562d00000,0x000000b562e00000)]
  0x000001ea87be7000 JavaThread "Cache worker for journal cache (C:\Users\Administrator\.gradle\caches\journal-1)" [_thread_blocked, id=7348, stack(0x000000b563000000,0x000000b563100000)]
  0x000001ea87be7800 JavaThread "File lock request listener" [_thread_in_native, id=2984, stack(0x000000b563100000,0x000000b563200000)]
  0x000001ea87be6000 JavaThread "Cache worker for file hash cache (C:\Users\Administrator\.gradle\caches\7.4\fileHashes)" [_thread_blocked, id=10356, stack(0x000000b563200000,0x000000b563300000)]
  0x000001ea87bea000 JavaThread "File watcher server" daemon [_thread_in_native, id=12292, stack(0x000000b563300000,0x000000b563400000)]
  0x000001ea87be8800 JavaThread "File watcher consumer" daemon [_thread_blocked, id=8124, stack(0x000000b563400000,0x000000b563500000)]
  0x000001ea87beb000 JavaThread "jar transforms" [_thread_blocked, id=6032, stack(0x000000b563500000,0x000000b563600000)]
  0x000001ea87be5000 JavaThread "jar transforms Thread 2" [_thread_blocked, id=14220, stack(0x000000b563600000,0x000000b563700000)]
  0x000001ea87beb800 JavaThread "jar transforms Thread 3" [_thread_blocked, id=6792, stack(0x000000b563700000,0x000000b563800000)]
  0x000001ea87be9000 JavaThread "jar transforms Thread 4" [_thread_blocked, id=11648, stack(0x000000b563800000,0x000000b563900000)]
  0x000001ea8674f000 JavaThread "Cache worker for checksums cache (D:\SETIK\findbarber\.gradle\7.4\checksums)" [_thread_blocked, id=3240, stack(0x000000b563900000,0x000000b563a00000)]
  0x000001ea8674e000 JavaThread "Cache worker for cache directory md-rule (C:\Users\Administrator\.gradle\caches\7.4\md-rule)" [_thread_blocked, id=14324, stack(0x000000b563a00000,0x000000b563b00000)]
  0x000001ea86749000 JavaThread "Cache worker for file hash cache (D:\SETIK\findbarber\.gradle\7.4\fileHashes)" [_thread_blocked, id=15324, stack(0x000000b563b00000,0x000000b563c00000)]
  0x000001ea8674a000 JavaThread "Cache worker for cache directory md-supplier (C:\Users\Administrator\.gradle\caches\7.4\md-supplier)" [_thread_blocked, id=9560, stack(0x000000b563c00000,0x000000b563d00000)]
  0x000001ea8674c800 JavaThread "Cache worker for execution history cache (C:\Users\Administrator\.gradle\caches\7.4\executionHistory)" [_thread_blocked, id=13220, stack(0x000000b563d00000,0x000000b563e00000)]
  0x000001ea86751800 JavaThread "Cache worker for file content cache (C:\Users\Administrator\.gradle\caches\7.4\fileContent)" [_thread_blocked, id=10708, stack(0x000000b563e00000,0x000000b563f00000)]
  0x000001ea8674b800 JavaThread "Cache worker for dependencies-accessors (D:\SETIK\findbarber\.gradle\7.4\dependencies-accessors)" [_thread_blocked, id=936, stack(0x000000b563f00000,0x000000b564000000)]
  0x000001ea86752000 JavaThread "Cache worker for Build Output Cleanup Cache (D:\SETIK\findbarber\.gradle\buildOutputCleanup)" [_thread_blocked, id=9736, stack(0x000000b564000000,0x000000b564100000)]
  0x000001ea86753000 JavaThread "Unconstrained build operations" [_thread_blocked, id=14528, stack(0x000000b564100000,0x000000b564200000)]
  0x000001ea8674d800 JavaThread "Unconstrained build operations Thread 2" [_thread_blocked, id=3852, stack(0x000000b564200000,0x000000b564300000)]
  0x000001ea86756800 JavaThread "Unconstrained build operations Thread 3" [_thread_blocked, id=10796, stack(0x000000b564300000,0x000000b564400000)]
  0x000001ea86754000 JavaThread "Unconstrained build operations Thread 4" [_thread_blocked, id=844, stack(0x000000b564400000,0x000000b564500000)]
  0x000001ea86755800 JavaThread "Unconstrained build operations Thread 5" [_thread_blocked, id=10724, stack(0x000000b564500000,0x000000b564600000)]
  0x000001ea86754800 JavaThread "Unconstrained build operations Thread 6" [_thread_blocked, id=2180, stack(0x000000b564600000,0x000000b564700000)]
  0x000001ea86757000 JavaThread "Unconstrained build operations Thread 7" [_thread_blocked, id=1932, stack(0x000000b564700000,0x000000b564800000)]
  0x000001ea86758000 JavaThread "Unconstrained build operations Thread 8" [_thread_blocked, id=9908, stack(0x000000b564800000,0x000000b564900000)]
  0x000001ea86b22000 JavaThread "Unconstrained build operations Thread 9" [_thread_blocked, id=9804, stack(0x000000b564900000,0x000000b564a00000)]
  0x000001ea86b26000 JavaThread "Unconstrained build operations Thread 10" [_thread_blocked, id=5244, stack(0x000000b564a00000,0x000000b564b00000)]
  0x000001ea86b25800 JavaThread "Unconstrained build operations Thread 11" [_thread_blocked, id=1920, stack(0x000000b564b00000,0x000000b564c00000)]
  0x000001ea86b28800 JavaThread "Unconstrained build operations Thread 12" [_thread_blocked, id=14540, stack(0x000000b564c00000,0x000000b564d00000)]
  0x000001ea86b24800 JavaThread "Unconstrained build operations Thread 13" [_thread_blocked, id=1100, stack(0x000000b564d00000,0x000000b564e00000)]
  0x000001ea86b23000 JavaThread "Unconstrained build operations Thread 14" [_thread_blocked, id=8076, stack(0x000000b564e00000,0x000000b564f00000)]
  0x000001ea86b27800 JavaThread "Unconstrained build operations Thread 15" [_thread_blocked, id=12480, stack(0x000000b564f00000,0x000000b565000000)]
  0x000001ea86b29800 JavaThread "Unconstrained build operations Thread 16" [_thread_blocked, id=7912, stack(0x000000b565000000,0x000000b565100000)]
  0x000001ea86b23800 JavaThread "Unconstrained build operations Thread 17" [_thread_blocked, id=4300, stack(0x000000b565100000,0x000000b565200000)]
  0x000001ea86b2c800 JavaThread "Unconstrained build operations Thread 18" [_thread_blocked, id=14040, stack(0x000000b565200000,0x000000b565300000)]
  0x000001ea86b2a000 JavaThread "Unconstrained build operations Thread 19" [_thread_blocked, id=10088, stack(0x000000b565300000,0x000000b565400000)]
  0x000001ea86b2b000 JavaThread "Unconstrained build operations Thread 20" [_thread_blocked, id=4292, stack(0x000000b565400000,0x000000b565500000)]
  0x000001ea86b2c000 JavaThread "Unconstrained build operations Thread 21" [_thread_blocked, id=13500, stack(0x000000b565500000,0x000000b565600000)]
  0x000001ea86b27000 JavaThread "Unconstrained build operations Thread 22" [_thread_blocked, id=13652, stack(0x000000b565600000,0x000000b565700000)]
  0x000001ea86b2d800 JavaThread "Unconstrained build operations Thread 23" [_thread_blocked, id=7316, stack(0x000000b565700000,0x000000b565800000)]
  0x000001ea86b30000 JavaThread "Unconstrained build operations Thread 24" [_thread_blocked, id=15308, stack(0x000000b565800000,0x000000b565900000)]
  0x000001ea86b2e800 JavaThread "Unconstrained build operations Thread 25" [_thread_blocked, id=8840, stack(0x000000b565900000,0x000000b565a00000)]
  0x000001ea86b2f000 JavaThread "Unconstrained build operations Thread 26" [_thread_blocked, id=9356, stack(0x000000b565a00000,0x000000b565b00000)]
  0x000001ea86b30800 JavaThread "Unconstrained build operations Thread 27" [_thread_blocked, id=10048, stack(0x000000b565b00000,0x000000b565c00000)]
  0x000001ea87e8e000 JavaThread "Unconstrained build operations Thread 28" [_thread_blocked, id=5316, stack(0x000000b565c00000,0x000000b565d00000)]
  0x000001ea87e8d000 JavaThread "Unconstrained build operations Thread 29" [_thread_blocked, id=8648, stack(0x000000b565d00000,0x000000b565e00000)]
  0x000001ea87e8e800 JavaThread "Unconstrained build operations Thread 30" [_thread_blocked, id=14624, stack(0x000000b565e00000,0x000000b565f00000)]
  0x000001ea87e91000 JavaThread "Unconstrained build operations Thread 31" [_thread_blocked, id=5560, stack(0x000000b565f00000,0x000000b566000000)]
  0x000001ea87e90000 JavaThread "Unconstrained build operations Thread 32" [_thread_blocked, id=2064, stack(0x000000b566000000,0x000000b566100000)]
  0x000001ea87e92000 JavaThread "Unconstrained build operations Thread 33" [_thread_blocked, id=11248, stack(0x000000b566100000,0x000000b566200000)]
  0x000001ea87e8c000 JavaThread "Unconstrained build operations Thread 34" [_thread_blocked, id=13028, stack(0x000000b566200000,0x000000b566300000)]
  0x000001ea87e92800 JavaThread "Unconstrained build operations Thread 35" [_thread_blocked, id=10292, stack(0x000000b566300000,0x000000b566400000)]
  0x000001ea87e8f800 JavaThread "Unconstrained build operations Thread 36" [_thread_blocked, id=9156, stack(0x000000b566400000,0x000000b566500000)]
  0x000001ea87e97800 JavaThread "Unconstrained build operations Thread 37" [_thread_blocked, id=15052, stack(0x000000b566500000,0x000000b566600000)]
  0x000001ea87e93800 JavaThread "Unconstrained build operations Thread 38" [_thread_blocked, id=1724, stack(0x000000b566600000,0x000000b566700000)]
  0x000001ea87e95000 JavaThread "Unconstrained build operations Thread 39" [_thread_blocked, id=2616, stack(0x000000b566700000,0x000000b566800000)]
  0x000001ea87e96000 JavaThread "Unconstrained build operations Thread 40" [_thread_blocked, id=8884, stack(0x000000b566800000,0x000000b566900000)]
  0x000001ea87e97000 JavaThread "Memory manager" [_thread_blocked, id=1488, stack(0x000000b566900000,0x000000b566a00000)]
  0x000001ea87e94800 JavaThread "included builds" [_thread_blocked, id=8096, stack(0x000000b566a00000,0x000000b566b00000)]
  0x000001ea87e9b000 JavaThread "Cache worker for execution history cache (D:\SETIK\findbarber\.gradle\7.4\executionHistory)" [_thread_blocked, id=10168, stack(0x000000b566e00000,0x000000b566f00000)]
  0x000001ea89197800 JavaThread "C2 CompilerThread1" daemon [_thread_in_native, id=12200, stack(0x000000b562e00000,0x000000b562f00000)]

Other Threads:
  0x000001eafeaa2000 VMThread "VM Thread" [stack: 0x000000b561600000,0x000000b561700000] [id=14752]
  0x000001eaff5a4000 WatcherThread [stack: 0x000000b562000000,0x000000b562100000] [id=1712]
  0x000001eaeaeb8000 GCTaskThread "GC Thread#0" [stack: 0x000000b561100000,0x000000b561200000] [id=14896]
  0x000001eaffbc3000 GCTaskThread "GC Thread#1" [stack: 0x000000b562200000,0x000000b562300000] [id=832]
  0x000001eaff7ed800 GCTaskThread "GC Thread#2" [stack: 0x000000b562300000,0x000000b562400000] [id=12928]
  0x000001ea8806f000 GCTaskThread "GC Thread#3" [stack: 0x000000b562f00000,0x000000b563000000] [id=12116]
  0x000001eaeaee9000 ConcurrentGCThread "G1 Main Marker" [stack: 0x000000b561200000,0x000000b561300000] [id=4492]
  0x000001eaeaeeb000 ConcurrentGCThread "G1 Conc#0" [stack: 0x000000b561300000,0x000000b561400000] [id=9900]
  0x000001eaeaf7a000 ConcurrentGCThread "G1 Refine#0" [stack: 0x000000b561400000,0x000000b561500000] [id=12104]
  0x000001ea8635a000 ConcurrentGCThread "G1 Refine#1" [stack: 0x000000b562400000,0x000000b562500000] [id=8684]
  0x000001eaeaf7d000 ConcurrentGCThread "G1 Young RemSet Sampling" [stack: 0x000000b561500000,0x000000b561600000] [id=7064]

Threads with active compile tasks:
C2 CompilerThread0  27533 8411 %     4       org.gradle.internal.instantiation.generator.AbstractClassGenerator::inspectType @ 107 (560 bytes)
C2 CompilerThread1  27533 8512   !   4       java.lang.ClassLoader::checkCerts (195 bytes)

VM state:not at safepoint (normal execution)

VM Mutex/Monitor currently owned by a thread: None

Heap address: 0x0000000080000000, size: 2048 MB, Compressed Oops mode: 32-bit
Narrow klass base: 0x0000000000000000, Narrow klass shift: 3
Compressed class space size: 1073741824 Address: 0x0000000100000000

Heap:
 garbage-first heap   total 227328K, used 164560K [0x0000000080000000, 0x0000000100000000)
  region size 1024K, 26 young (26624K), 3 survivors (3072K)
 Metaspace       used 87973K, capacity 90080K, committed 90160K, reserved 1128448K
  class space    used 11333K, capacity 12091K, committed 12160K, reserved 1048576K
Heap Regions: E=young(eden), S=young(survivor), O=old, HS=humongous(starts), HC=humongous(continues), CS=collection set, F=free, A=archive, TAMS=top-at-mark-start (previous, next)
|   0|0x0000000080000000, 0x0000000080100000, 0x0000000080100000|100%|HS|  |TAMS 0x0000000080100000, 0x0000000080000000| Complete 
|   1|0x0000000080100000, 0x0000000080200000, 0x0000000080200000|100%|HC|  |TAMS 0x0000000080200000, 0x0000000080100000| Complete 
|   2|0x0000000080200000, 0x0000000080300000, 0x0000000080300000|100%|HC|  |TAMS 0x0000000080300000, 0x0000000080200000| Complete 
|   3|0x0000000080300000, 0x0000000080400000, 0x0000000080400000|100%| O|  |TAMS 0x0000000080400000, 0x0000000080300000| Untracked 
|   4|0x0000000080400000, 0x0000000080500000, 0x0000000080500000|100%| O|  |TAMS 0x0000000080500000, 0x0000000080400000| Untracked 
|   5|0x0000000080500000, 0x0000000080600000, 0x0000000080600000|100%| O|  |TAMS 0x0000000080600000, 0x0000000080500000| Untracked 
|   6|0x0000000080600000, 0x0000000080700000, 0x0000000080700000|100%| O|  |TAMS 0x0000000080700000, 0x0000000080600000| Untracked 
|   7|0x0000000080700000, 0x0000000080800000, 0x0000000080800000|100%| O|  |TAMS 0x0000000080800000, 0x0000000080700000| Untracked 
|   8|0x0000000080800000, 0x0000000080900000, 0x0000000080900000|100%| O|  |TAMS 0x0000000080900000, 0x0000000080800000| Untracked 
|   9|0x0000000080900000, 0x0000000080a00000, 0x0000000080a00000|100%| O|  |TAMS 0x0000000080a00000, 0x0000000080900000| Untracked 
|  10|0x0000000080a00000, 0x0000000080b00000, 0x0000000080b00000|100%| O|  |TAMS 0x0000000080b00000, 0x0000000080a00000| Untracked 
|  11|0x0000000080b00000, 0x0000000080c00000, 0x0000000080c00000|100%| O|  |TAMS 0x0000000080c00000, 0x0000000080b00000| Untracked 
|  12|0x0000000080c00000, 0x0000000080d00000, 0x0000000080d00000|100%| O|  |TAMS 0x0000000080d00000, 0x0000000080c00000| Untracked 
|  13|0x0000000080d00000, 0x0000000080e00000, 0x0000000080e00000|100%| O|  |TAMS 0x0000000080e00000, 0x0000000080d00000| Untracked 
|  14|0x0000000080e00000, 0x0000000080f00000, 0x0000000080f00000|100%|HS|  |TAMS 0x0000000080f00000, 0x0000000080e00000| Complete 
|  15|0x0000000080f00000, 0x0000000081000000, 0x0000000081000000|100%|HC|  |TAMS 0x0000000081000000, 0x0000000080f00000| Complete 
|  16|0x0000000081000000, 0x0000000081100000, 0x0000000081100000|100%|HS|  |TAMS 0x0000000081100000, 0x0000000081000000| Complete 
|  17|0x0000000081100000, 0x0000000081200000, 0x0000000081200000|100%|HC|  |TAMS 0x0000000081200000, 0x0000000081100000| Complete 
|  18|0x0000000081200000, 0x0000000081300000, 0x0000000081300000|100%|HC|  |TAMS 0x0000000081300000, 0x0000000081200000| Complete 
|  19|0x0000000081300000, 0x0000000081400000, 0x0000000081400000|100%|HS|  |TAMS 0x0000000081400000, 0x0000000081300000| Complete 
|  20|0x0000000081400000, 0x0000000081500000, 0x0000000081500000|100%|HC|  |TAMS 0x0000000081500000, 0x0000000081400000| Complete 
|  21|0x0000000081500000, 0x0000000081600000, 0x0000000081600000|100%|HC|  |TAMS 0x0000000081600000, 0x0000000081500000| Complete 
|  22|0x0000000081600000, 0x0000000081700000, 0x0000000081700000|100%|HS|  |TAMS 0x0000000081700000, 0x0000000081600000| Complete 
|  23|0x0000000081700000, 0x0000000081800000, 0x0000000081800000|100%|HC|  |TAMS 0x0000000081800000, 0x0000000081700000| Complete 
|  24|0x0000000081800000, 0x0000000081900000, 0x0000000081900000|100%|HC|  |TAMS 0x0000000081900000, 0x0000000081800000| Complete 
|  25|0x0000000081900000, 0x0000000081a00000, 0x0000000081a00000|100%|HC|  |TAMS 0x0000000081a00000, 0x0000000081900000| Complete 
|  26|0x0000000081a00000, 0x0000000081b00000, 0x0000000081b00000|100%|HS|  |TAMS 0x0000000081b00000, 0x0000000081a00000| Complete 
|  27|0x0000000081b00000, 0x0000000081c00000, 0x0000000081c00000|100%|HC|  |TAMS 0x0000000081c00000, 0x0000000081b00000| Complete 
|  28|0x0000000081c00000, 0x0000000081d00000, 0x0000000081d00000|100%|HC|  |TAMS 0x0000000081d00000, 0x0000000081c00000| Complete 
|  29|0x0000000081d00000, 0x0000000081e00000, 0x0000000081e00000|100%|HC|  |TAMS 0x0000000081e00000, 0x0000000081d00000| Complete 
|  30|0x0000000081e00000, 0x0000000081f00000, 0x0000000081f00000|100%|HC|  |TAMS 0x0000000081f00000, 0x0000000081e00000| Complete 
|  31|0x0000000081f00000, 0x0000000082000000, 0x0000000082000000|100%| O|  |TAMS 0x0000000082000000, 0x0000000081f00000| Untracked 
|  32|0x0000000082000000, 0x0000000082100000, 0x0000000082100000|100%| O|  |TAMS 0x0000000082100000, 0x0000000082000000| Untracked 
|  33|0x0000000082100000, 0x0000000082200000, 0x0000000082200000|100%| O|  |TAMS 0x0000000082200000, 0x0000000082100000| Untracked 
|  34|0x0000000082200000, 0x0000000082300000, 0x0000000082300000|100%| O|  |TAMS 0x0000000082300000, 0x0000000082200000| Untracked 
|  35|0x0000000082300000, 0x0000000082400000, 0x0000000082400000|100%| O|  |TAMS 0x0000000082400000, 0x0000000082300000| Untracked 
|  36|0x0000000082400000, 0x0000000082500000, 0x0000000082500000|100%| O|  |TAMS 0x0000000082500000, 0x0000000082400000| Untracked 
|  37|0x0000000082500000, 0x0000000082600000, 0x0000000082600000|100%|HS|  |TAMS 0x0000000082600000, 0x0000000082500000| Complete 
|  38|0x0000000082600000, 0x0000000082700000, 0x0000000082700000|100%|HC|  |TAMS 0x0000000082700000, 0x0000000082600000| Complete 
|  39|0x0000000082700000, 0x0000000082800000, 0x0000000082800000|100%|HC|  |TAMS 0x0000000082800000, 0x0000000082700000| Complete 
|  40|0x0000000082800000, 0x0000000082900000, 0x0000000082900000|100%| O|  |TAMS 0x0000000082900000, 0x0000000082800000| Untracked 
|  41|0x0000000082900000, 0x0000000082a00000, 0x0000000082a00000|100%| O|  |TAMS 0x0000000082a00000, 0x0000000082900000| Untracked 
|  42|0x0000000082a00000, 0x0000000082b00000, 0x0000000082b00000|100%| O|  |TAMS 0x0000000082b00000, 0x0000000082a00000| Untracked 
|  43|0x0000000082b00000, 0x0000000082c00000, 0x0000000082c00000|100%| O|  |TAMS 0x0000000082c00000, 0x0000000082b00000| Untracked 
|  44|0x0000000082c00000, 0x0000000082d00000, 0x0000000082d00000|100%| O|  |TAMS 0x0000000082d00000, 0x0000000082c00000| Untracked 
|  45|0x0000000082d00000, 0x0000000082e00000, 0x0000000082e00000|100%|HS|  |TAMS 0x0000000082e00000, 0x0000000082d00000| Complete 
|  46|0x0000000082e00000, 0x0000000082f00000, 0x0000000082f00000|100%|HC|  |TAMS 0x0000000082f00000, 0x0000000082e00000| Complete 
|  47|0x0000000082f00000, 0x0000000083000000, 0x0000000083000000|100%|HC|  |TAMS 0x0000000083000000, 0x0000000082f00000| Complete 
|  48|0x0000000083000000, 0x0000000083100000, 0x0000000083100000|100%|HC|  |TAMS 0x0000000083100000, 0x0000000083000000| Complete 
|  49|0x0000000083100000, 0x0000000083200000, 0x0000000083200000|100%|HS|  |TAMS 0x0000000083200000, 0x0000000083100000| Complete 
|  50|0x0000000083200000, 0x0000000083300000, 0x0000000083300000|100%|HC|  |TAMS 0x0000000083300000, 0x0000000083200000| Complete 
|  51|0x0000000083300000, 0x0000000083400000, 0x0000000083400000|100%|HS|  |TAMS 0x0000000083400000, 0x0000000083300000| Complete 
|  52|0x0000000083400000, 0x0000000083500000, 0x0000000083500000|100%|HC|  |TAMS 0x0000000083500000, 0x0000000083400000| Complete 
|  53|0x0000000083500000, 0x0000000083600000, 0x0000000083600000|100%|HC|  |TAMS 0x0000000083600000, 0x0000000083500000| Complete 
|  54|0x0000000083600000, 0x0000000083700000, 0x0000000083700000|100%| O|  |TAMS 0x0000000083700000, 0x0000000083600000| Untracked 
|  55|0x0000000083700000, 0x0000000083800000, 0x0000000083800000|100%| O|  |TAMS 0x0000000083800000, 0x0000000083700000| Untracked 
|  56|0x0000000083800000, 0x0000000083900000, 0x0000000083900000|100%| O|  |TAMS 0x0000000083900000, 0x0000000083800000| Untracked 
|  57|0x0000000083900000, 0x0000000083a00000, 0x0000000083a00000|100%| O|  |TAMS 0x0000000083a00000, 0x0000000083900000| Untracked 
|  58|0x0000000083a00000, 0x0000000083b00000, 0x0000000083b00000|100%| O|  |TAMS 0x0000000083b00000, 0x0000000083a00000| Untracked 
|  59|0x0000000083b00000, 0x0000000083c00000, 0x0000000083c00000|100%| O|  |TAMS 0x0000000083c00000, 0x0000000083b00000| Untracked 
|  60|0x0000000083c00000, 0x0000000083d00000, 0x0000000083d00000|100%| O|  |TAMS 0x0000000083d00000, 0x0000000083c00000| Untracked 
|  61|0x0000000083d00000, 0x0000000083e00000, 0x0000000083e00000|100%|HS|  |TAMS 0x0000000083e00000, 0x0000000083d00000| Complete 
|  62|0x0000000083e00000, 0x0000000083f00000, 0x0000000083f00000|100%|HC|  |TAMS 0x0000000083f00000, 0x0000000083e00000| Complete 
|  63|0x0000000083f00000, 0x0000000084000000, 0x0000000084000000|100%|HC|  |TAMS 0x0000000084000000, 0x0000000083f00000| Complete 
|  64|0x0000000084000000, 0x0000000084100000, 0x0000000084100000|100%|HC|  |TAMS 0x0000000084100000, 0x0000000084000000| Complete 
|  65|0x0000000084100000, 0x0000000084200000, 0x0000000084200000|100%|HC|  |TAMS 0x0000000084200000, 0x0000000084100000| Complete 
|  66|0x0000000084200000, 0x0000000084300000, 0x0000000084300000|100%| O|  |TAMS 0x0000000084300000, 0x0000000084200000| Untracked 
|  67|0x0000000084300000, 0x0000000084400000, 0x0000000084400000|100%| O|  |TAMS 0x0000000084400000, 0x0000000084300000| Untracked 
|  68|0x0000000084400000, 0x0000000084500000, 0x0000000084500000|100%| O|  |TAMS 0x0000000084500000, 0x0000000084400000| Untracked 
|  69|0x0000000084500000, 0x0000000084600000, 0x0000000084600000|100%| O|  |TAMS 0x0000000084600000, 0x0000000084500000| Untracked 
|  70|0x0000000084600000, 0x0000000084700000, 0x0000000084700000|100%| O|  |TAMS 0x0000000084700000, 0x0000000084600000| Untracked 
|  71|0x0000000084700000, 0x0000000084800000, 0x0000000084800000|100%| O|  |TAMS 0x0000000084800000, 0x0000000084700000| Untracked 
|  72|0x0000000084800000, 0x0000000084900000, 0x0000000084900000|100%|HS|  |TAMS 0x0000000084900000, 0x0000000084800000| Complete 
|  73|0x0000000084900000, 0x0000000084a00000, 0x0000000084a00000|100%|HS|  |TAMS 0x0000000084a00000, 0x0000000084900000| Complete 
|  74|0x0000000084a00000, 0x0000000084b00000, 0x0000000084b00000|100%|HS|  |TAMS 0x0000000084b00000, 0x0000000084a00000| Complete 
|  75|0x0000000084b00000, 0x0000000084c00000, 0x0000000084c00000|100%|HS|  |TAMS 0x0000000084c00000, 0x0000000084b00000| Complete 
|  76|0x0000000084c00000, 0x0000000084d00000, 0x0000000084d00000|100%|HC|  |TAMS 0x0000000084d00000, 0x0000000084c00000| Complete 
|  77|0x0000000084d00000, 0x0000000084e00000, 0x0000000084e00000|100%|HC|  |TAMS 0x0000000084e00000, 0x0000000084d00000| Complete 
|  78|0x0000000084e00000, 0x0000000084f00000, 0x0000000084f00000|100%|HC|  |TAMS 0x0000000084f00000, 0x0000000084e00000| Complete 
|  79|0x0000000084f00000, 0x0000000085000000, 0x0000000085000000|100%| O|  |TAMS 0x0000000085000000, 0x0000000084f00000| Untracked 
|  80|0x0000000085000000, 0x0000000085100000, 0x0000000085100000|100%| O|  |TAMS 0x0000000085100000, 0x0000000085000000| Untracked 
|  81|0x0000000085100000, 0x0000000085200000, 0x0000000085200000|100%| O|  |TAMS 0x0000000085200000, 0x0000000085100000| Untracked 
|  82|0x0000000085200000, 0x0000000085300000, 0x0000000085300000|100%| O|  |TAMS 0x0000000085300000, 0x0000000085200000| Untracked 
|  83|0x0000000085300000, 0x0000000085400000, 0x0000000085400000|100%|HS|  |TAMS 0x0000000085400000, 0x0000000085300000| Complete 
|  84|0x0000000085400000, 0x0000000085500000, 0x0000000085500000|100%|HC|  |TAMS 0x0000000085500000, 0x0000000085400000| Complete 
|  85|0x0000000085500000, 0x0000000085600000, 0x0000000085600000|100%| O|  |TAMS 0x0000000085600000, 0x0000000085500000| Untracked 
|  86|0x0000000085600000, 0x0000000085700000, 0x0000000085700000|100%| O|  |TAMS 0x0000000085700000, 0x0000000085600000| Untracked 
|  87|0x0000000085700000, 0x0000000085800000, 0x0000000085800000|100%| O|  |TAMS 0x0000000085800000, 0x0000000085700000| Untracked 
|  88|0x0000000085800000, 0x0000000085900000, 0x0000000085900000|100%| O|  |TAMS 0x0000000085900000, 0x0000000085800000| Untracked 
|  89|0x0000000085900000, 0x0000000085a00000, 0x0000000085a00000|100%| O|  |TAMS 0x0000000085a00000, 0x0000000085900000| Untracked 
|  90|0x0000000085a00000, 0x0000000085b00000, 0x0000000085b00000|100%| O|  |TAMS 0x0000000085b00000, 0x0000000085a00000| Untracked 
|  91|0x0000000085b00000, 0x0000000085c00000, 0x0000000085c00000|100%| O|  |TAMS 0x0000000085c00000, 0x0000000085b00000| Untracked 
|  92|0x0000000085c00000, 0x0000000085d00000, 0x0000000085d00000|100%| O|  |TAMS 0x0000000085d00000, 0x0000000085c00000| Untracked 
|  93|0x0000000085d00000, 0x0000000085e00000, 0x0000000085e00000|100%| O|  |TAMS 0x0000000085e00000, 0x0000000085d00000| Untracked 
|  94|0x0000000085e00000, 0x0000000085f00000, 0x0000000085f00000|100%| O|  |TAMS 0x0000000085f00000, 0x0000000085e00000| Untracked 
|  95|0x0000000085f00000, 0x0000000086000000, 0x0000000086000000|100%| O|  |TAMS 0x0000000086000000, 0x0000000085f00000| Untracked 
|  96|0x0000000086000000, 0x0000000086100000, 0x0000000086100000|100%| O|  |TAMS 0x0000000086100000, 0x0000000086000000| Untracked 
|  97|0x0000000086100000, 0x0000000086200000, 0x0000000086200000|100%| O|  |TAMS 0x0000000086200000, 0x0000000086100000| Untracked 
|  98|0x0000000086200000, 0x0000000086300000, 0x0000000086300000|100%| O|  |TAMS 0x0000000086300000, 0x0000000086200000| Untracked 
|  99|0x0000000086300000, 0x0000000086400000, 0x0000000086400000|100%| O|  |TAMS 0x0000000086400000, 0x0000000086300000| Untracked 
| 100|0x0000000086400000, 0x0000000086500000, 0x0000000086500000|100%| O|  |TAMS 0x0000000086500000, 0x0000000086400000| Untracked 
| 101|0x0000000086500000, 0x0000000086600000, 0x0000000086600000|100%| O|  |TAMS 0x0000000086600000, 0x0000000086500000| Untracked 
| 102|0x0000000086600000, 0x0000000086700000, 0x0000000086700000|100%| O|  |TAMS 0x0000000086700000, 0x0000000086600000| Untracked 
| 103|0x0000000086700000, 0x0000000086800000, 0x0000000086800000|100%| O|  |TAMS 0x0000000086800000, 0x0000000086700000| Untracked 
| 104|0x0000000086800000, 0x0000000086900000, 0x0000000086900000|100%|HS|  |TAMS 0x0000000086900000, 0x0000000086800000| Complete 
| 105|0x0000000086900000, 0x0000000086a00000, 0x0000000086a00000|100%|HS|  |TAMS 0x0000000086a00000, 0x0000000086900000| Complete 
| 106|0x0000000086a00000, 0x0000000086b00000, 0x0000000086b00000|100%|HC|  |TAMS 0x0000000086b00000, 0x0000000086a00000| Complete 
| 107|0x0000000086b00000, 0x0000000086c00000, 0x0000000086c00000|100%|HS|  |TAMS 0x0000000086c00000, 0x0000000086b00000| Complete 
| 108|0x0000000086c00000, 0x0000000086d00000, 0x0000000086d00000|100%|HC|  |TAMS 0x0000000086d00000, 0x0000000086c00000| Complete 
| 109|0x0000000086d00000, 0x0000000086e00000, 0x0000000086e00000|100%|HC|  |TAMS 0x0000000086e00000, 0x0000000086d00000| Complete 
| 110|0x0000000086e00000, 0x0000000086f00000, 0x0000000086f00000|100%| O|  |TAMS 0x0000000086f00000, 0x0000000086e00000| Untracked 
| 111|0x0000000086f00000, 0x0000000087000000, 0x0000000087000000|100%| O|  |TAMS 0x0000000087000000, 0x0000000086f00000| Untracked 
| 112|0x0000000087000000, 0x0000000087100000, 0x0000000087100000|100%|HS|  |TAMS 0x0000000087100000, 0x0000000087000000| Complete 
| 113|0x0000000087100000, 0x0000000087200000, 0x0000000087200000|100%|HC|  |TAMS 0x0000000087200000, 0x0000000087100000| Complete 
| 114|0x0000000087200000, 0x0000000087300000, 0x0000000087300000|100%|HC|  |TAMS 0x0000000087300000, 0x0000000087200000| Complete 
| 115|0x0000000087300000, 0x0000000087400000, 0x0000000087400000|100%|HS|  |TAMS 0x0000000087400000, 0x0000000087300000| Complete 
| 116|0x0000000087400000, 0x0000000087500000, 0x0000000087500000|100%|HC|  |TAMS 0x0000000087500000, 0x0000000087400000| Complete 
| 117|0x0000000087500000, 0x0000000087600000, 0x0000000087600000|100%|HC|  |TAMS 0x0000000087600000, 0x0000000087500000| Complete 
| 118|0x0000000087600000, 0x0000000087700000, 0x0000000087700000|100%|HC|  |TAMS 0x0000000087700000, 0x0000000087600000| Complete 
| 119|0x0000000087700000, 0x0000000087800000, 0x0000000087800000|100%|HS|  |TAMS 0x0000000087800000, 0x0000000087700000| Complete 
| 120|0x0000000087800000, 0x0000000087900000, 0x0000000087900000|100%|HC|  |TAMS 0x0000000087900000, 0x0000000087800000| Complete 
| 121|0x0000000087900000, 0x0000000087a00000, 0x0000000087a00000|100%|HC|  |TAMS 0x0000000087a00000, 0x0000000087900000| Complete 
| 122|0x0000000087a00000, 0x0000000087b00000, 0x0000000087b00000|100%|HC|  |TAMS 0x0000000087b00000, 0x0000000087a00000| Complete 
| 123|0x0000000087b00000, 0x0000000087c00000, 0x0000000087c00000|100%|HC|  |TAMS 0x0000000087c00000, 0x0000000087b00000| Complete 
| 124|0x0000000087c00000, 0x0000000087d00000, 0x0000000087d00000|100%|HS|  |TAMS 0x0000000087d00000, 0x0000000087c00000| Complete 
| 125|0x0000000087d00000, 0x0000000087e00000, 0x0000000087e00000|100%| O|  |TAMS 0x0000000087e00000, 0x0000000087d00000| Untracked 
| 126|0x0000000087e00000, 0x0000000087f00000, 0x0000000087f00000|100%| O|  |TAMS 0x0000000087f00000, 0x0000000087e00000| Untracked 
| 127|0x0000000087f00000, 0x0000000088000000, 0x0000000088000000|100%| O|  |TAMS 0x0000000088000000, 0x0000000087f00000| Untracked 
| 128|0x0000000088000000, 0x0000000088100000, 0x0000000088100000|100%| O|  |TAMS 0x0000000088100000, 0x0000000088000000| Untracked 
| 129|0x0000000088100000, 0x0000000088200000, 0x0000000088200000|100%| O|  |TAMS 0x0000000088200000, 0x0000000088100000| Untracked 
| 130|0x0000000088200000, 0x0000000088300000, 0x0000000088300000|100%| O|  |TAMS 0x0000000088300000, 0x0000000088200000| Untracked 
| 131|0x0000000088300000, 0x0000000088400000, 0x0000000088400000|100%| O|  |TAMS 0x0000000088400000, 0x0000000088300000| Untracked 
| 132|0x0000000088400000, 0x0000000088500000, 0x0000000088500000|100%| O|  |TAMS 0x0000000088500000, 0x0000000088400000| Untracked 
| 133|0x0000000088500000, 0x0000000088600000, 0x0000000088600000|100%| O|  |TAMS 0x0000000088600000, 0x0000000088500000| Untracked 
| 134|0x0000000088600000, 0x0000000088700000, 0x0000000088700000|100%| O|  |TAMS 0x0000000088700000, 0x0000000088600000| Untracked 
| 135|0x0000000088700000, 0x000000008874ee00, 0x0000000088800000| 30%| O|  |TAMS 0x000000008874ee00, 0x0000000088700000| Untracked 
| 136|0x0000000088800000, 0x0000000088900000, 0x0000000088900000|100%|HS|  |TAMS 0x0000000088800000, 0x0000000088800000| Complete 
| 137|0x0000000088900000, 0x0000000088900000, 0x0000000088a00000|  0%| F|  |TAMS 0x0000000088900000, 0x0000000088900000| Untracked 
| 138|0x0000000088a00000, 0x0000000088a00000, 0x0000000088b00000|  0%| F|  |TAMS 0x0000000088a00000, 0x0000000088a00000| Untracked 
| 139|0x0000000088b00000, 0x0000000088b00000, 0x0000000088c00000|  0%| F|  |TAMS 0x0000000088b00000, 0x0000000088b00000| Untracked 
| 140|0x0000000088c00000, 0x0000000088c00000, 0x0000000088d00000|  0%| F|  |TAMS 0x0000000088c00000, 0x0000000088c00000| Untracked 
| 141|0x0000000088d00000, 0x0000000088d00000, 0x0000000088e00000|  0%| F|  |TAMS 0x0000000088d00000, 0x0000000088d00000| Untracked 
| 142|0x0000000088e00000, 0x0000000088e00000, 0x0000000088f00000|  0%| F|  |TAMS 0x0000000088e00000, 0x0000000088e00000| Untracked 
| 143|0x0000000088f00000, 0x0000000088f00000, 0x0000000089000000|  0%| F|  |TAMS 0x0000000088f00000, 0x0000000088f00000| Untracked 
| 144|0x0000000089000000, 0x0000000089000000, 0x0000000089100000|  0%| F|  |TAMS 0x0000000089000000, 0x0000000089000000| Untracked 
| 145|0x0000000089100000, 0x0000000089100000, 0x0000000089200000|  0%| F|  |TAMS 0x0000000089100000, 0x0000000089100000| Untracked 
| 146|0x0000000089200000, 0x0000000089200000, 0x0000000089300000|  0%| F|  |TAMS 0x0000000089200000, 0x0000000089200000| Untracked 
| 147|0x0000000089300000, 0x0000000089300000, 0x0000000089400000|  0%| F|  |TAMS 0x0000000089300000, 0x0000000089300000| Untracked 
| 148|0x0000000089400000, 0x0000000089400000, 0x0000000089500000|  0%| F|  |TAMS 0x0000000089400000, 0x0000000089400000| Untracked 
| 149|0x0000000089500000, 0x0000000089500000, 0x0000000089600000|  0%| F|  |TAMS 0x0000000089500000, 0x0000000089500000| Untracked 
| 150|0x0000000089600000, 0x0000000089600000, 0x0000000089700000|  0%| F|  |TAMS 0x0000000089600000, 0x0000000089600000| Untracked 
| 151|0x0000000089700000, 0x0000000089700000, 0x0000000089800000|  0%| F|  |TAMS 0x0000000089700000, 0x0000000089700000| Untracked 
| 152|0x0000000089800000, 0x0000000089800000, 0x0000000089900000|  0%| F|  |TAMS 0x0000000089800000, 0x0000000089800000| Untracked 
| 153|0x0000000089900000, 0x0000000089900000, 0x0000000089a00000|  0%| F|  |TAMS 0x0000000089900000, 0x0000000089900000| Untracked 
| 154|0x0000000089a00000, 0x0000000089a00000, 0x0000000089b00000|  0%| F|  |TAMS 0x0000000089a00000, 0x0000000089a00000| Untracked 
| 155|0x0000000089b00000, 0x0000000089b00000, 0x0000000089c00000|  0%| F|  |TAMS 0x0000000089b00000, 0x0000000089b00000| Untracked 
| 156|0x0000000089c00000, 0x0000000089c00000, 0x0000000089d00000|  0%| F|  |TAMS 0x0000000089c00000, 0x0000000089c00000| Untracked 
| 157|0x0000000089d00000, 0x0000000089d00000, 0x0000000089e00000|  0%| F|  |TAMS 0x0000000089d00000, 0x0000000089d00000| Untracked 
| 158|0x0000000089e00000, 0x0000000089e00000, 0x0000000089f00000|  0%| F|  |TAMS 0x0000000089e00000, 0x0000000089e00000| Untracked 
| 159|0x0000000089f00000, 0x0000000089f00000, 0x000000008a000000|  0%| F|  |TAMS 0x0000000089f00000, 0x0000000089f00000| Untracked 
| 160|0x000000008a000000, 0x000000008a000000, 0x000000008a100000|  0%| F|  |TAMS 0x000000008a000000, 0x000000008a000000| Untracked 
| 161|0x000000008a100000, 0x000000008a100000, 0x000000008a200000|  0%| F|  |TAMS 0x000000008a100000, 0x000000008a100000| Untracked 
| 162|0x000000008a200000, 0x000000008a200000, 0x000000008a300000|  0%| F|  |TAMS 0x000000008a200000, 0x000000008a200000| Untracked 
| 163|0x000000008a300000, 0x000000008a300000, 0x000000008a400000|  0%| F|  |TAMS 0x000000008a300000, 0x000000008a300000| Untracked 
| 164|0x000000008a400000, 0x000000008a400000, 0x000000008a500000|  0%| F|  |TAMS 0x000000008a400000, 0x000000008a400000| Untracked 
| 165|0x000000008a500000, 0x000000008a500000, 0x000000008a600000|  0%| F|  |TAMS 0x000000008a500000, 0x000000008a500000| Untracked 
| 166|0x000000008a600000, 0x000000008a600000, 0x000000008a700000|  0%| F|  |TAMS 0x000000008a600000, 0x000000008a600000| Untracked 
| 167|0x000000008a700000, 0x000000008a700000, 0x000000008a800000|  0%| F|  |TAMS 0x000000008a700000, 0x000000008a700000| Untracked 
| 168|0x000000008a800000, 0x000000008a800000, 0x000000008a900000|  0%| F|  |TAMS 0x000000008a800000, 0x000000008a800000| Untracked 
| 169|0x000000008a900000, 0x000000008a900000, 0x000000008aa00000|  0%| F|  |TAMS 0x000000008a900000, 0x000000008a900000| Untracked 
| 170|0x000000008aa00000, 0x000000008aa00000, 0x000000008ab00000|  0%| F|  |TAMS 0x000000008aa00000, 0x000000008aa00000| Untracked 
| 171|0x000000008ab00000, 0x000000008ab00000, 0x000000008ac00000|  0%| F|  |TAMS 0x000000008ab00000, 0x000000008ab00000| Untracked 
| 172|0x000000008ac00000, 0x000000008ac00000, 0x000000008ad00000|  0%| F|  |TAMS 0x000000008ac00000, 0x000000008ac00000| Untracked 
| 173|0x000000008ad00000, 0x000000008ad00000, 0x000000008ae00000|  0%| F|  |TAMS 0x000000008ad00000, 0x000000008ad00000| Untracked 
| 174|0x000000008ae00000, 0x000000008ae00000, 0x000000008af00000|  0%| F|  |TAMS 0x000000008ae00000, 0x000000008ae00000| Untracked 
| 175|0x000000008af00000, 0x000000008af00000, 0x000000008b000000|  0%| F|  |TAMS 0x000000008af00000, 0x000000008af00000| Untracked 
| 176|0x000000008b000000, 0x000000008b000000, 0x000000008b100000|  0%| F|  |TAMS 0x000000008b000000, 0x000000008b000000| Untracked 
| 177|0x000000008b100000, 0x000000008b100000, 0x000000008b200000|  0%| F|  |TAMS 0x000000008b100000, 0x000000008b100000| Untracked 
| 178|0x000000008b200000, 0x000000008b200000, 0x000000008b300000|  0%| F|  |TAMS 0x000000008b200000, 0x000000008b200000| Untracked 
| 179|0x000000008b300000, 0x000000008b300000, 0x000000008b400000|  0%| F|  |TAMS 0x000000008b300000, 0x000000008b300000| Untracked 
| 180|0x000000008b400000, 0x000000008b400000, 0x000000008b500000|  0%| F|  |TAMS 0x000000008b400000, 0x000000008b400000| Untracked 
| 181|0x000000008b500000, 0x000000008b500000, 0x000000008b600000|  0%| F|  |TAMS 0x000000008b500000, 0x000000008b500000| Untracked 
| 182|0x000000008b600000, 0x000000008b600000, 0x000000008b700000|  0%| F|  |TAMS 0x000000008b600000, 0x000000008b600000| Untracked 
| 183|0x000000008b700000, 0x000000008b700000, 0x000000008b800000|  0%| F|  |TAMS 0x000000008b700000, 0x000000008b700000| Untracked 
| 184|0x000000008b800000, 0x000000008b800000, 0x000000008b900000|  0%| F|  |TAMS 0x000000008b800000, 0x000000008b800000| Untracked 
| 185|0x000000008b900000, 0x000000008b900000, 0x000000008ba00000|  0%| F|  |TAMS 0x000000008b900000, 0x000000008b900000| Untracked 
| 186|0x000000008ba00000, 0x000000008ba00000, 0x000000008bb00000|  0%| F|  |TAMS 0x000000008ba00000, 0x000000008ba00000| Untracked 
| 187|0x000000008bb00000, 0x000000008bb00000, 0x000000008bc00000|  0%| F|  |TAMS 0x000000008bb00000, 0x000000008bb00000| Untracked 
| 188|0x000000008bc00000, 0x000000008bc00000, 0x000000008bd00000|  0%| F|  |TAMS 0x000000008bc00000, 0x000000008bc00000| Untracked 
| 189|0x000000008bd00000, 0x000000008bd00000, 0x000000008be00000|  0%| F|  |TAMS 0x000000008bd00000, 0x000000008bd00000| Untracked 
| 190|0x000000008be00000, 0x000000008be00000, 0x000000008bf00000|  0%| F|  |TAMS 0x000000008be00000, 0x000000008be00000| Untracked 
| 191|0x000000008bf00000, 0x000000008bf00000, 0x000000008c000000|  0%| F|  |TAMS 0x000000008bf00000, 0x000000008bf00000| Untracked 
| 192|0x000000008c000000, 0x000000008c000000, 0x000000008c100000|  0%| F|  |TAMS 0x000000008c000000, 0x000000008c000000| Untracked 
| 193|0x000000008c100000, 0x000000008c100000, 0x000000008c200000|  0%| F|  |TAMS 0x000000008c100000, 0x000000008c100000| Untracked 
| 194|0x000000008c200000, 0x000000008c200000, 0x000000008c300000|  0%| F|  |TAMS 0x000000008c200000, 0x000000008c200000| Untracked 
| 195|0x000000008c300000, 0x000000008c380800, 0x000000008c400000| 50%| E|  |TAMS 0x000000008c300000, 0x000000008c300000| Complete 
| 196|0x000000008c400000, 0x000000008c500000, 0x000000008c500000|100%| E|CS|TAMS 0x000000008c400000, 0x000000008c400000| Complete 
| 197|0x000000008c500000, 0x000000008c600000, 0x000000008c600000|100%| E|CS|TAMS 0x000000008c500000, 0x000000008c500000| Complete 
| 198|0x000000008c600000, 0x000000008c700000, 0x000000008c700000|100%| E|CS|TAMS 0x000000008c600000, 0x000000008c600000| Complete 
| 199|0x000000008c700000, 0x000000008c800000, 0x000000008c800000|100%| E|CS|TAMS 0x000000008c700000, 0x000000008c700000| Complete 
| 200|0x000000008c800000, 0x000000008c8652d0, 0x000000008c900000| 39%| S|CS|TAMS 0x000000008c800000, 0x000000008c800000| Complete 
| 201|0x000000008c900000, 0x000000008ca00000, 0x000000008ca00000|100%| S|CS|TAMS 0x000000008c900000, 0x000000008c900000| Complete 
| 202|0x000000008ca00000, 0x000000008cb00000, 0x000000008cb00000|100%| S|CS|TAMS 0x000000008ca00000, 0x000000008ca00000| Complete 
| 203|0x000000008cb00000, 0x000000008cc00000, 0x000000008cc00000|100%| E|CS|TAMS 0x000000008cb00000, 0x000000008cb00000| Complete 
| 204|0x000000008cc00000, 0x000000008cd00000, 0x000000008cd00000|100%| E|CS|TAMS 0x000000008cc00000, 0x000000008cc00000| Complete 
| 205|0x000000008cd00000, 0x000000008ce00000, 0x000000008ce00000|100%| E|CS|TAMS 0x000000008cd00000, 0x000000008cd00000| Complete 
| 206|0x000000008ce00000, 0x000000008cf00000, 0x000000008cf00000|100%| E|CS|TAMS 0x000000008ce00000, 0x000000008ce00000| Complete 
| 207|0x000000008cf00000, 0x000000008d000000, 0x000000008d000000|100%| E|CS|TAMS 0x000000008cf00000, 0x000000008cf00000| Complete 
| 208|0x000000008d000000, 0x000000008d100000, 0x000000008d100000|100%| E|CS|TAMS 0x000000008d000000, 0x000000008d000000| Complete 
| 209|0x000000008d100000, 0x000000008d200000, 0x000000008d200000|100%| E|CS|TAMS 0x000000008d100000, 0x000000008d100000| Complete 
| 210|0x000000008d200000, 0x000000008d300000, 0x000000008d300000|100%| E|CS|TAMS 0x000000008d200000, 0x000000008d200000| Complete 
| 211|0x000000008d300000, 0x000000008d400000, 0x000000008d400000|100%| E|CS|TAMS 0x000000008d300000, 0x000000008d300000| Complete 
| 212|0x000000008d400000, 0x000000008d500000, 0x000000008d500000|100%| E|CS|TAMS 0x000000008d400000, 0x000000008d400000| Complete 
| 213|0x000000008d500000, 0x000000008d600000, 0x000000008d600000|100%| E|CS|TAMS 0x000000008d500000, 0x000000008d500000| Complete 
| 214|0x000000008d600000, 0x000000008d700000, 0x000000008d700000|100%| E|CS|TAMS 0x000000008d600000, 0x000000008d600000| Complete 
| 215|0x000000008d700000, 0x000000008d800000, 0x000000008d800000|100%| E|CS|TAMS 0x000000008d700000, 0x000000008d700000| Complete 
| 216|0x000000008d800000, 0x000000008d900000, 0x000000008d900000|100%| E|CS|TAMS 0x000000008d800000, 0x000000008d800000| Complete 
| 217|0x000000008d900000, 0x000000008da00000, 0x000000008da00000|100%| E|CS|TAMS 0x000000008d900000, 0x000000008d900000| Complete 
| 218|0x000000008da00000, 0x000000008db00000, 0x000000008db00000|100%| E|CS|TAMS 0x000000008da00000, 0x000000008da00000| Complete 
| 219|0x000000008db00000, 0x000000008dc00000, 0x000000008dc00000|100%| E|CS|TAMS 0x000000008db00000, 0x000000008db00000| Complete 
| 220|0x000000008dc00000, 0x000000008dd00000, 0x000000008dd00000|100%| E|CS|TAMS 0x000000008dc00000, 0x000000008dc00000| Complete 
| 221|0x000000008dd00000, 0x000000008de00000, 0x000000008de00000|100%| E|CS|TAMS 0x000000008dd00000, 0x000000008dd00000| Complete 

Card table byte_map: [0x000001eafddc0000,0x000001eafe1c0000] _byte_map_base: 0x000001eafd9c0000

Marking Bits (Prev, Next): (CMBitMap*) 0x000001eaeaee0078, (CMBitMap*) 0x000001eaeaee00b0
 Prev Bits: [0x000001ea80000000, 0x000001ea82000000)
 Next Bits: [0x000001ea82000000, 0x000001ea84000000)

Polling page: 0x000001eae8cf0000

Metaspace:

Usage:
  Non-class:     76.16 MB capacity,    74.85 MB ( 98%) used,     1.09 MB (  1%) free+waste,   224.88 KB ( <1%) overhead. 
      Class:     11.81 MB capacity,    11.07 MB ( 94%) used,   651.09 KB (  5%) free+waste,   104.13 KB ( <1%) overhead. 
       Both:     87.97 MB capacity,    85.93 MB ( 98%) used,     1.72 MB (  2%) free+waste,   329.00 KB ( <1%) overhead. 

Virtual space:
  Non-class space:       78.00 MB reserved,      76.17 MB ( 98%) committed 
      Class space:        1.00 GB reserved,      11.88 MB (  1%) committed 
             Both:        1.08 GB reserved,      88.05 MB (  8%) committed 

Chunk freelists:
   Non-Class:  11.00 KB
       Class:  37.00 KB
        Both:  48.00 KB

MaxMetaspaceSize: 17179869184.00 GB
CompressedClassSpaceSize: 1.00 GB
Initial GC threshold: 20.80 MB
Current GC threshold: 143.62 MB
CDS: off

CodeHeap 'non-profiled nmethods': size=120064Kb used=5515Kb max_used=5515Kb free=114548Kb
 bounds [0x000001eaf6480000, 0x000001eaf69f0000, 0x000001eafd9c0000]
CodeHeap 'profiled nmethods': size=120000Kb used=18810Kb max_used=18810Kb free=101190Kb
 bounds [0x000001eaeef50000, 0x000001eaf01b0000, 0x000001eaf6480000]
CodeHeap 'non-nmethods': size=5696Kb used=2371Kb max_used=2421Kb free=3324Kb
 bounds [0x000001eaee9c0000, 0x000001eaeec40000, 0x000001eaeef50000]
 total_blobs=9360 nmethods=8466 adapters=805
 compilation: enabled
              stopped_count=0, restarted_count=0
 full_count=0

Compilation events (20 events):
Event: 27.362 Thread 0x000001ea89197800 8505       4       java.util.jar.JarFile::getVersionedEntry (85 bytes)
Event: 27.362 Thread 0x000001eafeacc000 nmethod 8507 0x000001eaf01a4b90 code [0x000001eaf01a4d40, 0x000001eaf01a4e38]
Event: 27.362 Thread 0x000001eafeacc000 8508  s!   3       java.lang.StackTraceElement::computeFormat (71 bytes)
Event: 27.363 Thread 0x000001eafeacc000 nmethod 8508 0x000001eaf01a4e90 code [0x000001eaf01a50c0, 0x000001eaf01a59f8]
Event: 27.369 Thread 0x000001eafeacc000 8509       3       java.security.CodeSource::getCertificates (98 bytes)
Event: 27.370 Thread 0x000001eafeacc000 nmethod 8509 0x000001eaf01a5c90 code [0x000001eaf01a5f00, 0x000001eaf01a6bc8]
Event: 27.389 Thread 0x000001ea89197800 nmethod 8505 0x000001eaf69de190 code [0x000001eaf69de380, 0x000001eaf69ded58]
Event: 27.389 Thread 0x000001ea89197800 8504       4       java.util.concurrent.ConcurrentHashMap$Traverser::advance (188 bytes)
Event: 27.397 Thread 0x000001ea89197800 nmethod 8504 0x000001eaf69df110 code [0x000001eaf69df2a0, 0x000001eaf69df578]
Event: 27.397 Thread 0x000001ea89197800 8502       4       java.lang.Integer::parseInt (7 bytes)
Event: 27.404 Thread 0x000001ea89197800 nmethod 8502 0x000001eaf69df710 code [0x000001eaf69df8e0, 0x000001eaf69dfc18]
Event: 27.418 Thread 0x000001ea89197800 8510       4       java.lang.ClassLoader::preDefineClass (116 bytes)
Event: 27.435 Thread 0x000001eafeacc000 8511       1       jdk.internal.loader.AbstractClassLoaderValue$Sub::key (5 bytes)
Event: 27.435 Thread 0x000001eafeacc000 nmethod 8511 0x000001eaf69e0090 code [0x000001eaf69e0240, 0x000001eaf69e02f8]
Event: 27.448 Thread 0x000001eafeacc000 8513       3       java.lang.reflect.ProxyGenerator::addProxyMethod (233 bytes)
Event: 27.451 Thread 0x000001eafeacc000 nmethod 8513 0x000001eaf01a6e90 code [0x000001eaf01a7260, 0x000001eaf01a8e88]
Event: 27.498 Thread 0x000001eafeacc000 8515       3       java.lang.Module::getLayer (43 bytes)
Event: 27.499 Thread 0x000001eafeacc000 nmethod 8515 0x000001eaf01a9790 code [0x000001eaf01a9980, 0x000001eaf01a9d08]
Event: 27.505 Thread 0x000001ea89197800 nmethod 8510 0x000001eaf69e0390 code [0x000001eaf69e0620, 0x000001eaf69e1e20]
Event: 27.505 Thread 0x000001ea89197800 8512   !   4       java.lang.ClassLoader::checkCerts (195 bytes)

GC Heap History (20 events):
Event: 19.833 GC heap before
{Heap before GC invocations=22 (full 0):
 garbage-first heap   total 189440K, used 124306K [0x0000000080000000, 0x0000000100000000)
  region size 1024K, 29 young (29696K), 5 survivors (5120K)
 Metaspace       used 66827K, capacity 68510K, committed 68656K, reserved 1110016K
  class space    used 8450K, capacity 9041K, committed 9088K, reserved 1048576K
}
Event: 19.844 GC heap after
{Heap after GC invocations=23 (full 0):
 garbage-first heap   total 189440K, used 102277K [0x0000000080000000, 0x0000000100000000)
  region size 1024K, 2 young (2048K), 2 survivors (2048K)
 Metaspace       used 66827K, capacity 68510K, committed 68656K, reserved 1110016K
  class space    used 8450K, capacity 9041K, committed 9088K, reserved 1048576K
}
Event: 21.036 GC heap before
{Heap before GC invocations=24 (full 0):
 garbage-first heap   total 189440K, used 140165K [0x0000000080000000, 0x0000000100000000)
  region size 1024K, 38 young (38912K), 2 survivors (2048K)
 Metaspace       used 70016K, capacity 71774K, committed 71856K, reserved 1112064K
  class space    used 8849K, capacity 9461K, committed 9472K, reserved 1048576K
}
Event: 21.046 GC heap after
{Heap after GC invocations=25 (full 0):
 garbage-first heap   total 189440K, used 103745K [0x0000000080000000, 0x0000000100000000)
  region size 1024K, 4 young (4096K), 4 survivors (4096K)
 Metaspace       used 70016K, capacity 71774K, committed 71856K, reserved 1112064K
  class space    used 8849K, capacity 9461K, committed 9472K, reserved 1048576K
}
Event: 21.571 GC heap before
{Heap before GC invocations=25 (full 0):
 garbage-first heap   total 189440K, used 141633K [0x0000000080000000, 0x0000000100000000)
  region size 1024K, 41 young (41984K), 4 survivors (4096K)
 Metaspace       used 70216K, capacity 72109K, committed 72240K, reserved 1112064K
  class space    used 8884K, capacity 9531K, committed 9600K, reserved 1048576K
}
Event: 21.587 GC heap after
{Heap after GC invocations=26 (full 0):
 garbage-first heap   total 189440K, used 106649K [0x0000000080000000, 0x0000000100000000)
  region size 1024K, 6 young (6144K), 6 survivors (6144K)
 Metaspace       used 70216K, capacity 72109K, committed 72240K, reserved 1112064K
  class space    used 8884K, capacity 9531K, committed 9600K, reserved 1048576K
}
Event: 22.611 GC heap before
{Heap before GC invocations=27 (full 0):
 garbage-first heap   total 189440K, used 145561K [0x0000000080000000, 0x0000000100000000)
  region size 1024K, 44 young (45056K), 6 survivors (6144K)
 Metaspace       used 73820K, capacity 75658K, committed 75952K, reserved 1116160K
  class space    used 9455K, capacity 10113K, committed 10240K, reserved 1048576K
}
Event: 22.628 GC heap after
{Heap after GC invocations=28 (full 0):
 garbage-first heap   total 189440K, used 108642K [0x0000000080000000, 0x0000000100000000)
  region size 1024K, 5 young (5120K), 5 survivors (5120K)
 Metaspace       used 73820K, capacity 75658K, committed 75952K, reserved 1116160K
  class space    used 9455K, capacity 10113K, committed 10240K, reserved 1048576K
}
Event: 23.831 GC heap before
{Heap before GC invocations=28 (full 0):
 garbage-first heap   total 189440K, used 148578K [0x0000000080000000, 0x0000000100000000)
  region size 1024K, 44 young (45056K), 5 survivors (5120K)
 Metaspace       used 77624K, capacity 79568K, committed 79792K, reserved 1118208K
  class space    used 10009K, capacity 10721K, committed 10752K, reserved 1048576K
}
Event: 23.849 GC heap after
{Heap after GC invocations=29 (full 0):
 garbage-first heap   total 189440K, used 111284K [0x0000000080000000, 0x0000000100000000)
  region size 1024K, 5 young (5120K), 5 survivors (5120K)
 Metaspace       used 77624K, capacity 79568K, committed 79792K, reserved 1118208K
  class space    used 10009K, capacity 10721K, committed 10752K, reserved 1048576K
}
Event: 24.192 GC heap before
{Heap before GC invocations=30 (full 0):
 garbage-first heap   total 189440K, used 122548K [0x0000000080000000, 0x0000000100000000)
  region size 1024K, 11 young (11264K), 5 survivors (5120K)
 Metaspace       used 78226K, capacity 80115K, committed 80432K, reserved 1118208K
  class space    used 10083K, capacity 10754K, committed 10880K, reserved 1048576K
}
Event: 24.206 GC heap after
{Heap after GC invocations=31 (full 0):
 garbage-first heap   total 227328K, used 119808K [0x0000000080000000, 0x0000000100000000)
  region size 1024K, 5 young (5120K), 5 survivors (5120K)
 Metaspace       used 78226K, capacity 80115K, committed 80432K, reserved 1118208K
  class space    used 10083K, capacity 10754K, committed 10880K, reserved 1048576K
}
Event: 25.564 GC heap before
{Heap before GC invocations=32 (full 0):
 garbage-first heap   total 227328K, used 182272K [0x0000000080000000, 0x0000000100000000)
  region size 1024K, 54 young (55296K), 5 survivors (5120K)
 Metaspace       used 80661K, capacity 82664K, committed 82864K, reserved 1120256K
  class space    used 10423K, capacity 11143K, committed 11264K, reserved 1048576K
}
Event: 25.579 GC heap after
{Heap after GC invocations=33 (full 0):
 garbage-first heap   total 227328K, used 138741K [0x0000000080000000, 0x0000000100000000)
  region size 1024K, 7 young (7168K), 7 survivors (7168K)
 Metaspace       used 80661K, capacity 82664K, committed 82864K, reserved 1120256K
  class space    used 10423K, capacity 11143K, committed 11264K, reserved 1048576K
}
Event: 25.828 GC heap before
{Heap before GC invocations=33 (full 0):
 garbage-first heap   total 227328K, used 181749K [0x0000000080000000, 0x0000000100000000)
  region size 1024K, 49 young (50176K), 7 survivors (7168K)
 Metaspace       used 81849K, capacity 83902K, committed 84016K, reserved 1122304K
  class space    used 10579K, capacity 11315K, committed 11392K, reserved 1048576K
}
Event: 25.836 GC heap after
{Heap after GC invocations=34 (full 0):
 garbage-first heap   total 227328K, used 139147K [0x0000000080000000, 0x0000000100000000)
  region size 1024K, 1 young (1024K), 1 survivors (1024K)
 Metaspace       used 81849K, capacity 83902K, committed 84016K, reserved 1122304K
  class space    used 10579K, capacity 11315K, committed 11392K, reserved 1048576K
}
Event: 26.621 GC heap before
{Heap before GC invocations=35 (full 0):
 garbage-first heap   total 227328K, used 183179K [0x0000000080000000, 0x0000000100000000)
  region size 1024K, 44 young (45056K), 1 survivors (1024K)
 Metaspace       used 83355K, capacity 85513K, committed 85808K, reserved 1124352K
  class space    used 10778K, capacity 11552K, committed 11648K, reserved 1048576K
}
Event: 26.629 GC heap after
{Heap after GC invocations=36 (full 0):
 garbage-first heap   total 227328K, used 140317K [0x0000000080000000, 0x0000000100000000)
  region size 1024K, 2 young (2048K), 2 survivors (2048K)
 Metaspace       used 83355K, capacity 85513K, committed 85808K, reserved 1124352K
  class space    used 10778K, capacity 11552K, committed 11648K, reserved 1048576K
}
Event: 26.851 GC heap before
{Heap before GC invocations=36 (full 0):
 garbage-first heap   total 227328K, used 158749K [0x0000000080000000, 0x0000000100000000)
  region size 1024K, 21 young (21504K), 2 survivors (2048K)
 Metaspace       used 84374K, capacity 86511K, committed 86704K, reserved 1124352K
  class space    used 10897K, capacity 11649K, committed 11776K, reserved 1048576K
}
Event: 26.858 GC heap after
{Heap after GC invocations=37 (full 0):
 garbage-first heap   total 227328K, used 141008K [0x0000000080000000, 0x0000000100000000)
  region size 1024K, 3 young (3072K), 3 survivors (3072K)
 Metaspace       used 84374K, capacity 86511K, committed 86704K, reserved 1124352K
  class space    used 10897K, capacity 11649K, committed 11776K, reserved 1048576K
}

Deoptimization events (20 events):
Event: 26.930 Thread 0x000001ea87da3800 Uncommon trap: trap_request=0xffffffde fr.pc=0x000001eaf6860478 relative=0x0000000000000558
Event: 26.930 Thread 0x000001ea87da3800 Uncommon trap: reason=class_check action=maybe_recompile pc=0x000001eaf6860478 method=java.util.regex.Matcher.search(I)Z @ 121 c2
Event: 26.930 Thread 0x000001ea87da3800 DEOPT PACKING pc=0x000001eaf6860478 sp=0x000000b562afb2e0
Event: 26.931 Thread 0x000001ea87da3800 DEOPT UNPACKING pc=0x000001eaeea0a1af sp=0x000000b562afb228 mode 2
Event: 26.931 Thread 0x000001ea87da3800 Uncommon trap: trap_request=0xffffffde fr.pc=0x000001eaf683d2f8 relative=0x0000000000000558
Event: 26.931 Thread 0x000001ea87da3800 Uncommon trap: reason=class_check action=maybe_recompile pc=0x000001eaf683d2f8 method=java.util.regex.Matcher.search(I)Z @ 121 c2
Event: 26.931 Thread 0x000001ea87da3800 DEOPT PACKING pc=0x000001eaf683d2f8 sp=0x000000b562afb510
Event: 26.931 Thread 0x000001ea87da3800 DEOPT UNPACKING pc=0x000001eaeea0a1af sp=0x000000b562afb4d0 mode 2
Event: 27.133 Thread 0x000001ea87da3800 Uncommon trap: trap_request=0xffffff4d fr.pc=0x000001eaf683b9c4 relative=0x00000000000000a4
Event: 27.133 Thread 0x000001ea87da3800 Uncommon trap: reason=unstable_if action=reinterpret pc=0x000001eaf683b9c4 method=java.lang.CharacterDataLatin1.digit(II)I @ 12 c2
Event: 27.133 Thread 0x000001ea87da3800 DEOPT PACKING pc=0x000001eaf683b9c4 sp=0x000000b562afab80
Event: 27.133 Thread 0x000001ea87da3800 DEOPT UNPACKING pc=0x000001eaeea0a1af sp=0x000000b562afaaf8 mode 2
Event: 27.209 Thread 0x000001ea87da3800 Uncommon trap: trap_request=0xffffff4d fr.pc=0x000001eaf69b4054 relative=0x0000000000000034
Event: 27.209 Thread 0x000001ea87da3800 Uncommon trap: reason=unstable_if action=reinterpret pc=0x000001eaf69b4054 method=java.util.Formatter$Conversion.isGeneral(C)Z @ 1 c2
Event: 27.209 Thread 0x000001ea87da3800 DEOPT PACKING pc=0x000001eaf69b4054 sp=0x000000b562af9910
Event: 27.209 Thread 0x000001ea87da3800 DEOPT UNPACKING pc=0x000001eaeea0a1af sp=0x000000b562af9898 mode 2
Event: 27.250 Thread 0x000001ea87da3800 Uncommon trap: trap_request=0xffffff4d fr.pc=0x000001eaf67acf0c relative=0x0000000000001aec
Event: 27.250 Thread 0x000001ea87da3800 Uncommon trap: reason=unstable_if action=reinterpret pc=0x000001eaf67acf0c method=sun.nio.fs.WindowsPathParser.normalize(Ljava/lang/StringBuilder;Ljava/lang/String;I)Ljava/lang/String; @ 172 c2
Event: 27.251 Thread 0x000001ea87da3800 DEOPT PACKING pc=0x000001eaf67acf0c sp=0x000000b562af99b0
Event: 27.251 Thread 0x000001ea87da3800 DEOPT UNPACKING pc=0x000001eaeea0a1af sp=0x000000b562af99a0 mode 2

Classes redefined (0 events):
No events

Internal exceptions (20 events):
Event: 25.887 Thread 0x000001ea87da3800 Exception <a 'java/lang/ClassNotFoundException'{0x000000008dae36c8}: org/gradle/api/internal/tasks/DefaultTaskCollectionCustomizer> (0x000000008dae36c8) thrown at [./src/hotspot/share/classfile/systemDictionary.cpp, line 231]
Event: 25.889 Thread 0x000001ea87da3800 Exception <a 'java/lang/ClassNotFoundException'{0x000000008d925318}: org/gradle/api/internal/tasks/DefaultTaskContainerCustomizer> (0x000000008d925318) thrown at [./src/hotspot/share/classfile/systemDictionary.cpp, line 231]
Event: 25.894 Thread 0x000001ea87da3800 Exception <a 'java/lang/ClassNotFoundException'{0x000000008d987ce0}: org/gradle/api/internal/tasks/DefaultTaskContainer_DecoratedCustomizer> (0x000000008d987ce0) thrown at [./src/hotspot/share/classfile/systemDictionary.cpp, line 231]
Event: 25.933 Thread 0x000001ea87da3800 Exception <a 'java/lang/ClassNotFoundException'{0x000000008d712750}: java/util/ArrayListBeanInfo> (0x000000008d712750) thrown at [./src/hotspot/share/classfile/systemDictionary.cpp, line 231]
Event: 25.933 Thread 0x000001ea87da3800 Exception <a 'java/lang/ClassNotFoundException'{0x000000008d71c370}: java/util/AbstractListBeanInfo> (0x000000008d71c370) thrown at [./src/hotspot/share/classfile/systemDictionary.cpp, line 231]
Event: 25.934 Thread 0x000001ea87da3800 Exception <a 'java/lang/ClassNotFoundException'{0x000000008d725fa0}: java/util/AbstractListCustomizer> (0x000000008d725fa0) thrown at [./src/hotspot/share/classfile/systemDictionary.cpp, line 231]
Event: 25.937 Thread 0x000001ea87da3800 Exception <a 'java/lang/ClassNotFoundException'{0x000000008d73a5e8}: java/util/ArrayListCustomizer> (0x000000008d73a5e8) thrown at [./src/hotspot/share/classfile/systemDictionary.cpp, line 231]
Event: 25.958 Thread 0x000001ea87da3800 Exception <a 'java/lang/ClassNotFoundException'{0x000000008d7d5bb0}: java/util/CollectionBeanInfo> (0x000000008d7d5bb0) thrown at [./src/hotspot/share/classfile/systemDictionary.cpp, line 231]
Event: 25.959 Thread 0x000001ea87da3800 Exception <a 'java/lang/ClassNotFoundException'{0x000000008d7df7a0}: java/util/CollectionCustomizer> (0x000000008d7df7a0) thrown at [./src/hotspot/share/classfile/systemDictionary.cpp, line 231]
Event: 25.987 Thread 0x000001ea87da3800 Exception <a 'java/lang/ClassNotFoundException'{0x000000008d66a250}: org/gradle/api/tasks/SourceSetBeanInfo> (0x000000008d66a250) thrown at [./src/hotspot/share/classfile/systemDictionary.cpp, line 231]
Event: 25.999 Thread 0x000001ea87da3800 Exception <a 'java/lang/ClassNotFoundException'{0x000000008d6890c0}: org/gradle/api/tasks/SourceSetCustomizer> (0x000000008d6890c0) thrown at [./src/hotspot/share/classfile/systemDictionary.cpp, line 231]
Event: 26.037 Thread 0x000001ea87da3800 Exception <a 'java/lang/ClassNotFoundException'{0x000000008d5049d0}: java/util/LinkedHashMapBeanInfo> (0x000000008d5049d0) thrown at [./src/hotspot/share/classfile/systemDictionary.cpp, line 231]
Event: 26.038 Thread 0x000001ea87da3800 Exception <a 'java/lang/ClassNotFoundException'{0x000000008d50dce0}: java/util/HashMapBeanInfo> (0x000000008d50dce0) thrown at [./src/hotspot/share/classfile/systemDictionary.cpp, line 231]
Event: 26.040 Thread 0x000001ea87da3800 Exception <a 'java/lang/ClassNotFoundException'{0x000000008d518050}: java/util/AbstractMapBeanInfo> (0x000000008d518050) thrown at [./src/hotspot/share/classfile/systemDictionary.cpp, line 231]
Event: 26.040 Thread 0x000001ea87da3800 Exception <a 'java/lang/ClassNotFoundException'{0x000000008d521c80}: java/util/AbstractMapCustomizer> (0x000000008d521c80) thrown at [./src/hotspot/share/classfile/systemDictionary.cpp, line 231]
Event: 26.042 Thread 0x000001ea87da3800 Exception <a 'java/lang/ClassNotFoundException'{0x000000008d5353f0}: java/util/HashMapCustomizer> (0x000000008d5353f0) thrown at [./src/hotspot/share/classfile/systemDictionary.cpp, line 231]
Event: 26.045 Thread 0x000001ea87da3800 Exception <a 'java/lang/ClassNotFoundException'{0x000000008d556d28}: java/util/LinkedHashMapCustomizer> (0x000000008d556d28) thrown at [./src/hotspot/share/classfile/systemDictionary.cpp, line 231]
Event: 26.813 Thread 0x000001ea87da3800 Exception <a 'java/lang/NoSuchMethodError'{0x000000008cd44218}: <clinit>> (0x000000008cd44218) thrown at [./src/hotspot/share/prims/jni.cpp, line 1366]
Event: 27.165 Thread 0x000001ea87da3800 Exception <a 'sun/nio/fs/WindowsException'{0x000000008d8ae478}> (0x000000008d8ae478) thrown at [./src/hotspot/share/prims/jni.cpp, line 616]
Event: 27.350 Thread 0x000001ea87da3800 Exception <a 'java/lang/NullPointerException'{0x000000008cecddc8}> (0x000000008cecddc8) thrown at [./src/hotspot/share/interpreter/linkResolver.cpp, line 1440]

Events (20 events):
Event: 27.496 loading class com/sun/xml/bind/v2/runtime/reflect/Accessor$1
Event: 27.496 loading class com/sun/xml/bind/v2/runtime/reflect/Accessor$1 done
Event: 27.496 loading class com/sun/xml/bind/v2/runtime/reflect/Accessor$2
Event: 27.496 loading class com/sun/xml/bind/v2/runtime/reflect/Accessor$2 done
Event: 27.499 loading class com/sun/xml/bind/v2/model/impl/RuntimeClassInfoImpl$RuntimePropertySeed
Event: 27.499 loading class com/sun/xml/bind/v2/model/impl/RuntimeClassInfoImpl$RuntimePropertySeed done
Event: 27.500 loading class com/sun/xml/bind/v2/model/impl/FieldPropertySeed
Event: 27.500 loading class com/sun/xml/bind/v2/model/impl/FieldPropertySeed done
Event: 27.501 loading class com/sun/xml/bind/v2/model/impl/ClassInfoImpl$PropertyGroup
Event: 27.501 loading class com/sun/xml/bind/v2/model/impl/ClassInfoImpl$PropertyGroup done
Event: 27.502 loading class com/sun/xml/bind/v2/model/impl/ClassInfoImpl$1
Event: 27.502 loading class com/sun/xml/bind/v2/model/impl/ClassInfoImpl$1 done
Event: 27.503 loading class com/sun/xml/bind/v2/model/core/PropertyKind
Event: 27.503 loading class com/sun/xml/bind/v2/model/core/PropertyKind done
Event: 27.506 loading class com/sun/xml/bind/v2/model/impl/TypeRefImpl
Event: 27.506 loading class com/sun/xml/bind/v2/model/impl/TypeRefImpl done
Event: 27.506 loading class com/sun/xml/bind/v2/model/impl/RuntimeTypeRefImpl
Event: 27.506 loading class com/sun/xml/bind/v2/model/impl/RuntimeTypeRefImpl done
Event: 27.507 loading class com/sun/xml/bind/v2/model/impl/Util
Event: 27.507 loading class com/sun/xml/bind/v2/model/impl/Util done


Dynamic libraries:
0x00007ff612a10000 - 0x00007ff612a1a000 	C:\Program Files\Android\Android Studio\jre\bin\java.exe
0x00007ff85a720000 - 0x00007ff85a929000 	C:\Windows\SYSTEM32\ntdll.dll
0x00007ff85a330000 - 0x00007ff85a3ee000 	C:\Windows\System32\KERNEL32.DLL
0x00007ff857ff0000 - 0x00007ff85836b000 	C:\Windows\System32\KERNELBASE.dll
0x00007ff857c60000 - 0x00007ff857d71000 	C:\Windows\System32\ucrtbase.dll
0x00007ff8468f0000 - 0x00007ff846907000 	C:\Program Files\Android\Android Studio\jre\bin\VCRUNTIME140.dll
0x00007ff8466e0000 - 0x00007ff8466f9000 	C:\Program Files\Android\Android Studio\jre\bin\jli.dll
0x00007ff85a530000 - 0x00007ff85a6dd000 	C:\Windows\System32\USER32.dll
0x00007ff857fc0000 - 0x00007ff857fe6000 	C:\Windows\System32\win32u.dll
0x00007ff842350000 - 0x00007ff8425f5000 	C:\Windows\WinSxS\amd64_microsoft.windows.common-controls_6595b64144ccf1df_6.0.22000.120_none_9d947278b86cc467\COMCTL32.dll
0x00007ff85a480000 - 0x00007ff85a523000 	C:\Windows\System32\msvcrt.dll
0x00007ff858da0000 - 0x00007ff858dc9000 	C:\Windows\System32\GDI32.dll
0x00007ff857d80000 - 0x00007ff857e98000 	C:\Windows\System32\gdi32full.dll
0x00007ff857f20000 - 0x00007ff857fbd000 	C:\Windows\System32\msvcp_win.dll
0x00007ff85a0b0000 - 0x00007ff85a0e2000 	C:\Windows\System32\IMM32.DLL
0x00007ff82c6b0000 - 0x00007ff82c74d000 	C:\Program Files\Android\Android Studio\jre\bin\msvcp140.dll
0x00007ff8039e0000 - 0x00007ff8044e2000 	C:\Program Files\Android\Android Studio\jre\bin\server\jvm.dll
0x00007ff85a000000 - 0x00007ff85a0ae000 	C:\Windows\System32\ADVAPI32.dll
0x00007ff858850000 - 0x00007ff8588ee000 	C:\Windows\System32\sechost.dll
0x00007ff858c80000 - 0x00007ff858da0000 	C:\Windows\System32\RPCRT4.dll
0x00007ff858690000 - 0x00007ff858698000 	C:\Windows\System32\PSAPI.DLL
0x00007ff850740000 - 0x00007ff850749000 	C:\Windows\SYSTEM32\WSOCK32.dll
0x00007ff8597a0000 - 0x00007ff85980f000 	C:\Windows\System32\WS2_32.dll
0x00007ff8501d0000 - 0x00007ff850203000 	C:\Windows\SYSTEM32\WINMM.dll
0x00007ff84ac80000 - 0x00007ff84ac8a000 	C:\Windows\SYSTEM32\VERSION.dll
0x00007ff856d60000 - 0x00007ff856d78000 	C:\Windows\SYSTEM32\kernel.appcore.dll
0x00007ff84d300000 - 0x00007ff84d311000 	C:\Program Files\Android\Android Studio\jre\bin\verify.dll
0x00007ff855770000 - 0x00007ff855991000 	C:\Windows\SYSTEM32\DBGHELP.DLL
0x00007ff848f30000 - 0x00007ff848f61000 	C:\Windows\SYSTEM32\dbgcore.DLL
0x00007ff857ea0000 - 0x00007ff857f1f000 	C:\Windows\System32\bcryptPrimitives.dll
0x00007ff848f00000 - 0x00007ff848f29000 	C:\Program Files\Android\Android Studio\jre\bin\java.dll
0x00007ff84d2f0000 - 0x00007ff84d2fb000 	C:\Program Files\Android\Android Studio\jre\bin\jimage.dll
0x00007ff849e40000 - 0x00007ff849e58000 	C:\Program Files\Android\Android Studio\jre\bin\zip.dll
0x00007ff858dd0000 - 0x00007ff859587000 	C:\Windows\System32\SHELL32.dll
0x00007ff855c20000 - 0x00007ff856485000 	C:\Windows\SYSTEM32\windows.storage.dll
0x00007ff858900000 - 0x00007ff858c78000 	C:\Windows\System32\combase.dll
0x00007ff8559a0000 - 0x00007ff855b06000 	C:\Windows\SYSTEM32\wintypes.dll
0x00007ff858760000 - 0x00007ff85884a000 	C:\Windows\System32\SHCORE.dll
0x00007ff859810000 - 0x00007ff85986d000 	C:\Windows\System32\shlwapi.dll
0x00007ff857b20000 - 0x00007ff857b41000 	C:\Windows\SYSTEM32\profapi.dll
0x00007ff8497a0000 - 0x00007ff8497ba000 	C:\Program Files\Android\Android Studio\jre\bin\net.dll
0x00007ff84fbc0000 - 0x00007ff84fcd4000 	C:\Windows\SYSTEM32\WINHTTP.dll
0x00007ff857200000 - 0x00007ff857267000 	C:\Windows\system32\mswsock.dll
0x00007ff848930000 - 0x00007ff848944000 	C:\Program Files\Android\Android Studio\jre\bin\nio.dll
0x00007ff8456b0000 - 0x00007ff8456d7000 	C:\Users\Administrator\.gradle\native\e1d6ef7f7dcc3fd88c89a11ec53ec762bb8ba0a96d01ffa2cd45eb1d1d8dd5c5\windows-amd64\native-platform.dll
0x00007ff823580000 - 0x00007ff8236c4000 	C:\Users\Administrator\.gradle\native\0d407fdbe67a94daf76414ababcb853783967236a71b16ec16e742cd7a986fd3\windows-amd64\native-platform-file-events.dll
0x00007ff849ea0000 - 0x00007ff849eaa000 	C:\Program Files\Android\Android Studio\jre\bin\management.dll
0x00007ff849d20000 - 0x00007ff849d2d000 	C:\Program Files\Android\Android Studio\jre\bin\management_ext.dll
0x00007ff857450000 - 0x00007ff857468000 	C:\Windows\SYSTEM32\CRYPTSP.dll
0x00007ff856cc0000 - 0x00007ff856cf5000 	C:\Windows\system32\rsaenh.dll
0x00007ff8572f0000 - 0x00007ff857319000 	C:\Windows\SYSTEM32\USERENV.dll
0x00007ff8575d0000 - 0x00007ff8575f7000 	C:\Windows\SYSTEM32\bcrypt.dll
0x00007ff857440000 - 0x00007ff85744c000 	C:\Windows\SYSTEM32\CRYPTBASE.dll
0x00007ff856890000 - 0x00007ff8568bd000 	C:\Windows\SYSTEM32\IPHLPAPI.DLL
0x00007ff859590000 - 0x00007ff859599000 	C:\Windows\System32\NSI.dll
0x00007ff84f380000 - 0x00007ff84f399000 	C:\Windows\SYSTEM32\dhcpcsvc6.DLL
0x00007ff850590000 - 0x00007ff8505ae000 	C:\Windows\SYSTEM32\dhcpcsvc.DLL
0x00007ff8568c0000 - 0x00007ff8569a8000 	C:\Windows\SYSTEM32\DNSAPI.dll

dbghelp: loaded successfully - version: 4.0.5 - missing functions: none
symbol engine: initialized successfully - sym options: 0x614 - pdb path: .;C:\Program Files\Android\Android Studio\jre\bin;C:\Windows\SYSTEM32;C:\Windows\WinSxS\amd64_microsoft.windows.common-controls_6595b64144ccf1df_6.0.22000.120_none_9d947278b86cc467;C:\Program Files\Android\Android Studio\jre\bin\server;C:\Users\Administrator\.gradle\native\e1d6ef7f7dcc3fd88c89a11ec53ec762bb8ba0a96d01ffa2cd45eb1d1d8dd5c5\windows-amd64;C:\Users\Administrator\.gradle\native\0d407fdbe67a94daf76414ababcb853783967236a71b16ec16e742cd7a986fd3\windows-amd64

VM Arguments:
jvm_args: --add-opens=java.base/java.util=ALL-UNNAMED --add-opens=java.base/java.lang=ALL-UNNAMED --add-opens=java.base/java.lang.invoke=ALL-UNNAMED --add-opens=java.base/java.util=ALL-UNNAMED --add-opens=java.prefs/java.util.prefs=ALL-UNNAMED --add-opens=java.prefs/java.util.prefs=ALL-UNNAMED --add-opens=java.base/java.nio.charset=ALL-UNNAMED --add-opens=java.base/java.net=ALL-UNNAMED --add-opens=java.base/java.util.concurrent.atomic=ALL-UNNAMED -Xmx2048m -Dfile.encoding=UTF-8 -Duser.country=US -Duser.language=en -Duser.variant 
java_command: org.gradle.launcher.daemon.bootstrap.GradleDaemon 7.4
java_class_path (initial): C:\Users\Administrator\.gradle\wrapper\dists\gradle-7.4-bin\c0gwcg53nkjbqw7r0h0umtfvt\gradle-7.4\lib\gradle-launcher-7.4.jar
Launcher Type: SUN_STANDARD

[Global flags]
     intx CICompilerCount                          = 3                                         {product} {ergonomic}
     uint ConcGCThreads                            = 1                                         {product} {ergonomic}
     uint G1ConcRefinementThreads                  = 4                                         {product} {ergonomic}
   size_t G1HeapRegionSize                         = 1048576                                   {product} {ergonomic}
    uintx GCDrainStackTargetSize                   = 64                                        {product} {ergonomic}
   size_t InitialHeapSize                          = 134217728                                 {product} {ergonomic}
   size_t MarkStackSize                            = 4194304                                   {product} {ergonomic}
   size_t MaxHeapSize                              = 2147483648                                {product} {command line}
   size_t MaxNewSize                               = 1287651328                                {product} {ergonomic}
   size_t MinHeapDeltaBytes                        = 1048576                                   {product} {ergonomic}
    uintx NonNMethodCodeHeapSize                   = 5830732                                {pd product} {ergonomic}
    uintx NonProfiledCodeHeapSize                  = 122913754                              {pd product} {ergonomic}
    uintx ProfiledCodeHeapSize                     = 122913754                              {pd product} {ergonomic}
    uintx ReservedCodeCacheSize                    = 251658240                              {pd product} {ergonomic}
     bool SegmentedCodeCache                       = true                                      {product} {ergonomic}
     bool UseCompressedClassPointers               = true                                 {lp64_product} {ergonomic}
     bool UseCompressedOops                        = true                                 {lp64_product} {ergonomic}
     bool UseG1GC                                  = true                                      {product} {ergonomic}
     bool UseLargePagesIndividualAllocation        = false                                  {pd product} {ergonomic}

Logging:
Log output configuration:
 #0: stdout all=warning uptime,level,tags
 #1: stderr all=off uptime,level,tags

Environment Variables:
PATH=C:\Program Files (x86)\Common Files\Oracle\Java\javapath;C:\Windows\system32;C:\Windows;C:\Windows\System32\Wbem;C:\Windows\System32\WindowsPowerShell\v1.0\;C:\Windows\System32\OpenSSH\;C:\Program Files\Git\cmd;C:\xampp\php;C:\ProgramData\ComposerSetup\bin;C:\Program Files (x86)\NVIDIA Corporation\PhysX\Common;C:\Program Files\NVIDIA Corporation\NVIDIA NvDLISR;C:\Program Files\nodejs\;C:\Program Files\dotnet\;C:\Users\Administrator\AppData\Local\Microsoft\WindowsApps;C:\Users\Administrator\AppData\Local\Programs\Microsoft VS Code\bin;C:\Users\Administrator\AppData\Roaming\Composer\vendor\bin;D:\xampp\php\php.exe;C:\Users\Administrator\AppData\Roaming\npm;C:\Program Files\Java\jdk-19.0.1\bin;
USERNAME=Administrator
OS=Windows_NT
PROCESSOR_IDENTIFIER=Intel64 Family 6 Model 142 Stepping 9, GenuineIntel



---------------  S Y S T E M  ---------------

OS: Windows 11 , 64 bit Build 22000 (10.0.22000.1335)
OS uptime: 2 days 2:00 hours

CPU:total 4 (initial active 4) (2 cores per cpu, 2 threads per core) family 6 model 142 stepping 9 microcode 0xde, cmov, cx8, fxsr, mmx, sse, sse2, sse3, ssse3, sse4.1, sse4.2, popcnt, avx, avx2, aes, clmul, erms, 3dnowpref, lzcnt, ht, tsc, tscinvbit, bmi1, bmi2, adx, fma

Memory: 4k page, system-wide physical 8073M (473M free)
TotalPageFile size 8073M (AvailPageFile size 5M)
current process WorkingSet (physical memory assigned to process): 468M, peak: 470M
current process commit charge ("private bytes"): 501M, peak: 503M

vm_info: OpenJDK 64-Bit Server VM (11.0.13+0-b1751.21-8125866) for windows-amd64 JRE (11.0.13+0-b1751.21-8125866), built on Feb  2 2022 03:00:22 by "builder" with MS VC++ 14.0 (VS2015)

END.
