#
# There is insufficient memory for the Java Runtime Environment to continue.
# Native memory allocation (malloc) failed to allocate 987376 bytes for Chunk::new
# Possible reasons:
#   The system is out of physical RAM or swap space
#   The process is running with CompressedOops enabled, and the Java Heap may be blocking the growth of the native heap
# Possible solutions:
#   Reduce memory load on the system
#   Increase physical memory or swap space
#   Check if swap backing store is full
#   Decrease Java heap size (-Xmx/-Xms)
#   Decrease number of Java threads
#   Decrease Java thread stack sizes (-Xss)
#   Set larger code cache with -XX:ReservedCodeCacheSize=
#   JVM is running with Unscaled Compressed Oops mode in which the Java heap is
#     placed in the first 4GB address space. The Java Heap base address is the
#     maximum limit for the native heap growth. Please use -XX:HeapBaseMinAddress
#     to set the Java Heap base and to place the Java Heap above 4GB virtual address.
# This output file may be truncated or incomplete.
#
#  Out of Memory Error (./src/hotspot/share/memory/arena.cpp:197), pid=11448, tid=7976
#
# JRE version: OpenJDK Runtime Environment (11.0.13) (build 11.0.13+0-b1751.21-8125866)
# Java VM: OpenJDK 64-Bit Server VM (11.0.13+0-b1751.21-8125866, mixed mode, tiered, compressed oops, g1 gc, windows-amd64)
# No core dump will be written. Minidumps are not enabled by default on client versions of Windows
#

---------------  S U M M A R Y ------------

Command Line: --add-opens=java.base/java.util=ALL-UNNAMED --add-opens=java.base/java.lang=ALL-UNNAMED --add-opens=java.base/java.lang.invoke=ALL-UNNAMED --add-opens=java.base/java.util=ALL-UNNAMED --add-opens=java.prefs/java.util.prefs=ALL-UNNAMED --add-opens=java.prefs/java.util.prefs=ALL-UNNAMED --add-opens=java.base/java.nio.charset=ALL-UNNAMED --add-opens=java.base/java.net=ALL-UNNAMED --add-opens=java.base/java.util.concurrent.atomic=ALL-UNNAMED -Xmx2048m -Dfile.encoding=UTF-8 -Duser.country=US -Duser.language=en -Duser.variant org.gradle.launcher.daemon.bootstrap.GradleDaemon 7.4

Host: Intel(R) Core(TM) i3-7020U CPU @ 2.30GHz, 4 cores, 7G,  Windows 11 , 64 bit Build 22000 (10.0.22000.1335)
Time: Sat Jan  7 23:24:31 2023 SE Asia Standard Time elapsed time: 26.368548 seconds (0d 0h 0m 26s)

---------------  T H R E A D  ---------------

Current thread (0x0000026fe9027000):  JavaThread "C2 CompilerThread0" daemon [_thread_in_native, id=7976, stack(0x000000d80ae00000,0x000000d80af00000)]


Current CompileTask:
C2:  26368 9154 %     4       groovy.lang.MetaClassImpl::inheritInterfaceNewMetaMethods @ 100 (195 bytes)

Stack: [0x000000d80ae00000,0x000000d80af00000]
Native frames: (J=compiled Java code, j=interpreted, Vv=VM code, C=native code)
V  [jvm.dll+0x6100fa]
V  [jvm.dll+0x747090]
V  [jvm.dll+0x7486ad]
V  [jvm.dll+0x748d83]
V  [jvm.dll+0x24ab48]
V  [jvm.dll+0xc04dc]
V  [jvm.dll+0xc0a0c]
V  [jvm.dll+0x2bfab4]
V  [jvm.dll+0x524238]
V  [jvm.dll+0x204802]
V  [jvm.dll+0x2023c2]
V  [jvm.dll+0x188e01]
V  [jvm.dll+0x21106b]
V  [jvm.dll+0x20f8c1]
V  [jvm.dll+0x70de0f]
V  [jvm.dll+0x706a75]
V  [jvm.dll+0x60ed66]
C  [ucrtbase.dll+0x26c0c]
C  [KERNEL32.DLL+0x155a0]
C  [ntdll.dll+0x485b]


---------------  P R O C E S S  ---------------

Threads class SMR info:
_java_thread_list=0x0000026fef56b2b0, length=81, elements={
0x0000026fcf3fd800, 0x0000026fe9003800, 0x0000026fe9004800, 0x0000026fe9992800,
0x0000026fe9020800, 0x0000026fe9023000, 0x0000026fe9027000, 0x0000026fe9028800,
0x0000026fe99d5800, 0x0000026fe9abd000, 0x0000026fea7eb000, 0x0000026fe9bb4000,
0x0000026fec3f1000, 0x0000026feb130800, 0x0000026fec3a8000, 0x0000026febd41000,
0x0000026fec4f8800, 0x0000026feb958000, 0x0000026fec185000, 0x0000026fea7f4000,
0x0000026feb8f2800, 0x0000026feb8f0800, 0x0000026feb8f3000, 0x0000026feb8f5800,
0x0000026feb8f0000, 0x0000026feb8f4000, 0x0000026feb8f1800, 0x0000026feb8f6800,
0x0000026feb8f5000, 0x0000026fedba6800, 0x0000026fedbab000, 0x0000026fedbab800,
0x0000026fedbad000, 0x0000026fedba7800, 0x0000026fedbaa000, 0x0000026fedba8800,
0x0000026fedbaf000, 0x0000026fedbac800, 0x0000026fedba9000, 0x0000026fedbb4800,
0x0000026fedbb2000, 0x0000026fedbb0800, 0x0000026fedbb3000, 0x0000026fedbb4000,
0x0000026fedbb5800, 0x0000026fedbaf800, 0x0000026fedbb1800, 0x0000026febb64000,
0x0000026febb68000, 0x0000026febb66800, 0x0000026febb67800, 0x0000026febb63000,
0x0000026febb65000, 0x0000026febb65800, 0x0000026febb62800, 0x0000026febb6d000,
0x0000026febb6b800, 0x0000026febb69800, 0x0000026febb6c000, 0x0000026febb6e000,
0x0000026febb6e800, 0x0000026febb69000, 0x0000026febb6f800, 0x0000026febb70800,
0x0000026febb6a800, 0x0000026febb71000, 0x0000026fece8f000, 0x0000026fece92800,
0x0000026fece91800, 0x0000026fece8e800, 0x0000026fece95800, 0x0000026fece90000,
0x0000026fece91000, 0x0000026fece95000, 0x0000026fece99000, 0x0000026fece96800,
0x0000026fece94000, 0x0000026fece97800, 0x0000026fece93800, 0x0000026fece9a000,
0x0000026fed119000
}

Java Threads: ( => current thread )
  0x0000026fcf3fd800 JavaThread "main" [_thread_blocked, id=13116, stack(0x000000d80a200000,0x000000d80a300000)]
  0x0000026fe9003800 JavaThread "Reference Handler" daemon [_thread_blocked, id=2124, stack(0x000000d80a900000,0x000000d80aa00000)]
  0x0000026fe9004800 JavaThread "Finalizer" daemon [_thread_blocked, id=3812, stack(0x000000d80aa00000,0x000000d80ab00000)]
  0x0000026fe9992800 JavaThread "Signal Dispatcher" daemon [_thread_blocked, id=6112, stack(0x000000d80ab00000,0x000000d80ac00000)]
  0x0000026fe9020800 JavaThread "Attach Listener" daemon [_thread_blocked, id=10676, stack(0x000000d80ac00000,0x000000d80ad00000)]
  0x0000026fe9023000 JavaThread "Service Thread" daemon [_thread_blocked, id=5828, stack(0x000000d80ad00000,0x000000d80ae00000)]
=>0x0000026fe9027000 JavaThread "C2 CompilerThread0" daemon [_thread_in_native, id=7976, stack(0x000000d80ae00000,0x000000d80af00000)]
  0x0000026fe9028800 JavaThread "C1 CompilerThread0" daemon [_thread_blocked, id=9404, stack(0x000000d80af00000,0x000000d80b000000)]
  0x0000026fe99d5800 JavaThread "Sweeper thread" daemon [_thread_blocked, id=2204, stack(0x000000d80b000000,0x000000d80b100000)]
  0x0000026fe9abd000 JavaThread "Common-Cleaner" daemon [_thread_blocked, id=8488, stack(0x000000d80b100000,0x000000d80b200000)]
  0x0000026fea7eb000 JavaThread "Daemon health stats" [_thread_blocked, id=3172, stack(0x000000d80b600000,0x000000d80b700000)]
  0x0000026fe9bb4000 JavaThread "Incoming local TCP Connector on port 2430" [_thread_in_native, id=548, stack(0x000000d80b300000,0x000000d80b400000)]
  0x0000026fec3f1000 JavaThread "Daemon periodic checks" [_thread_blocked, id=6108, stack(0x000000d80b700000,0x000000d80b800000)]
  0x0000026feb130800 JavaThread "Daemon" [_thread_blocked, id=9468, stack(0x000000d80b800000,0x000000d80b900000)]
  0x0000026fec3a8000 JavaThread "Handler for socket connection from /127.0.0.1:2430 to /127.0.0.1:2431" [_thread_in_native, id=9564, stack(0x000000d80b900000,0x000000d80ba00000)]
  0x0000026febd41000 JavaThread "Cancel handler" [_thread_blocked, id=11680, stack(0x000000d80ba00000,0x000000d80bb00000)]
  0x0000026fec4f8800 JavaThread "Daemon worker" [_thread_in_vm, id=13032, stack(0x000000d80bb00000,0x000000d80bc00000)]
  0x0000026feb958000 JavaThread "Asynchronous log dispatcher for DefaultDaemonConnection: socket connection from /127.0.0.1:2430 to /127.0.0.1:2431" [_thread_blocked, id=7368, stack(0x000000d80bc00000,0x000000d80bd00000)]
  0x0000026fec185000 JavaThread "Stdin handler" [_thread_blocked, id=5340, stack(0x000000d80bd00000,0x000000d80be00000)]
  0x0000026fea7f4000 JavaThread "Daemon client event forwarder" [_thread_blocked, id=9064, stack(0x000000d80be00000,0x000000d80bf00000)]
  0x0000026feb8f2800 JavaThread "Cache worker for journal cache (C:\Users\Administrator\.gradle\caches\journal-1)" [_thread_blocked, id=276, stack(0x000000d80c000000,0x000000d80c100000)]
  0x0000026feb8f0800 JavaThread "File lock request listener" [_thread_in_native, id=11092, stack(0x000000d80c100000,0x000000d80c200000)]
  0x0000026feb8f3000 JavaThread "Cache worker for file hash cache (C:\Users\Administrator\.gradle\caches\7.4\fileHashes)" [_thread_blocked, id=1068, stack(0x000000d80c200000,0x000000d80c300000)]
  0x0000026feb8f5800 JavaThread "File watcher server" daemon [_thread_in_native, id=13372, stack(0x000000d80c400000,0x000000d80c500000)]
  0x0000026feb8f0000 JavaThread "File watcher consumer" daemon [_thread_blocked, id=3272, stack(0x000000d80c500000,0x000000d80c600000)]
  0x0000026feb8f4000 JavaThread "jar transforms" [_thread_blocked, id=7192, stack(0x000000d80c600000,0x000000d80c700000)]
  0x0000026feb8f1800 JavaThread "jar transforms Thread 2" [_thread_blocked, id=6016, stack(0x000000d80c700000,0x000000d80c800000)]
  0x0000026feb8f6800 JavaThread "jar transforms Thread 3" [_thread_blocked, id=2980, stack(0x000000d80c800000,0x000000d80c900000)]
  0x0000026feb8f5000 JavaThread "jar transforms Thread 4" [_thread_blocked, id=5856, stack(0x000000d80c900000,0x000000d80ca00000)]
  0x0000026fedba6800 JavaThread "Cache worker for checksums cache (D:\SETIK\findbarber\.gradle\7.4\checksums)" [_thread_blocked, id=7676, stack(0x000000d80ca00000,0x000000d80cb00000)]
  0x0000026fedbab000 JavaThread "Cache worker for cache directory md-rule (C:\Users\Administrator\.gradle\caches\7.4\md-rule)" [_thread_blocked, id=15236, stack(0x000000d80cb00000,0x000000d80cc00000)]
  0x0000026fedbab800 JavaThread "Cache worker for file hash cache (D:\SETIK\findbarber\.gradle\7.4\fileHashes)" [_thread_blocked, id=13620, stack(0x000000d80c300000,0x000000d80c400000)]
  0x0000026fedbad000 JavaThread "Cache worker for cache directory md-supplier (C:\Users\Administrator\.gradle\caches\7.4\md-supplier)" [_thread_blocked, id=14408, stack(0x000000d80cc00000,0x000000d80cd00000)]
  0x0000026fedba7800 JavaThread "Cache worker for execution history cache (C:\Users\Administrator\.gradle\caches\7.4\executionHistory)" [_thread_blocked, id=6692, stack(0x000000d80cd00000,0x000000d80ce00000)]
  0x0000026fedbaa000 JavaThread "Cache worker for file content cache (C:\Users\Administrator\.gradle\caches\7.4\fileContent)" [_thread_blocked, id=8708, stack(0x000000d80cf00000,0x000000d80d000000)]
  0x0000026fedba8800 JavaThread "Cache worker for dependencies-accessors (D:\SETIK\findbarber\.gradle\7.4\dependencies-accessors)" [_thread_blocked, id=1420, stack(0x000000d80d000000,0x000000d80d100000)]
  0x0000026fedbaf000 JavaThread "Cache worker for Build Output Cleanup Cache (D:\SETIK\findbarber\.gradle\buildOutputCleanup)" [_thread_blocked, id=6648, stack(0x000000d80d100000,0x000000d80d200000)]
  0x0000026fedbac800 JavaThread "Unconstrained build operations" [_thread_blocked, id=9676, stack(0x000000d80d200000,0x000000d80d300000)]
  0x0000026fedba9000 JavaThread "Unconstrained build operations Thread 2" [_thread_blocked, id=8428, stack(0x000000d80d300000,0x000000d80d400000)]
  0x0000026fedbb4800 JavaThread "Unconstrained build operations Thread 3" [_thread_blocked, id=8536, stack(0x000000d80d400000,0x000000d80d500000)]
  0x0000026fedbb2000 JavaThread "Unconstrained build operations Thread 4" [_thread_blocked, id=13800, stack(0x000000d80d500000,0x000000d80d600000)]
  0x0000026fedbb0800 JavaThread "Unconstrained build operations Thread 5" [_thread_blocked, id=9984, stack(0x000000d80d600000,0x000000d80d700000)]
  0x0000026fedbb3000 JavaThread "Unconstrained build operations Thread 6" [_thread_blocked, id=7344, stack(0x000000d80d700000,0x000000d80d800000)]
  0x0000026fedbb4000 JavaThread "Unconstrained build operations Thread 7" [_thread_blocked, id=12444, stack(0x000000d80d800000,0x000000d80d900000)]
  0x0000026fedbb5800 JavaThread "Unconstrained build operations Thread 8" [_thread_blocked, id=10732, stack(0x000000d80d900000,0x000000d80da00000)]
  0x0000026fedbaf800 JavaThread "Unconstrained build operations Thread 9" [_thread_blocked, id=12752, stack(0x000000d80da00000,0x000000d80db00000)]
  0x0000026fedbb1800 JavaThread "Unconstrained build operations Thread 10" [_thread_blocked, id=1584, stack(0x000000d80db00000,0x000000d80dc00000)]
  0x0000026febb64000 JavaThread "Unconstrained build operations Thread 11" [_thread_blocked, id=9372, stack(0x000000d80dc00000,0x000000d80dd00000)]
  0x0000026febb68000 JavaThread "Unconstrained build operations Thread 12" [_thread_blocked, id=7392, stack(0x000000d80dd00000,0x000000d80de00000)]
  0x0000026febb66800 JavaThread "Unconstrained build operations Thread 13" [_thread_blocked, id=2712, stack(0x000000d80de00000,0x000000d80df00000)]
  0x0000026febb67800 JavaThread "Unconstrained build operations Thread 14" [_thread_blocked, id=6728, stack(0x000000d80df00000,0x000000d80e000000)]
  0x0000026febb63000 JavaThread "Unconstrained build operations Thread 15" [_thread_blocked, id=13632, stack(0x000000d80e000000,0x000000d80e100000)]
  0x0000026febb65000 JavaThread "Unconstrained build operations Thread 16" [_thread_blocked, id=11072, stack(0x000000d80e100000,0x000000d80e200000)]
  0x0000026febb65800 JavaThread "Unconstrained build operations Thread 17" [_thread_blocked, id=4276, stack(0x000000d80e200000,0x000000d80e300000)]
  0x0000026febb62800 JavaThread "Unconstrained build operations Thread 18" [_thread_blocked, id=2992, stack(0x000000d80e300000,0x000000d80e400000)]
  0x0000026febb6d000 JavaThread "Unconstrained build operations Thread 19" [_thread_blocked, id=6060, stack(0x000000d80e400000,0x000000d80e500000)]
  0x0000026febb6b800 JavaThread "Unconstrained build operations Thread 20" [_thread_blocked, id=3724, stack(0x000000d80e500000,0x000000d80e600000)]
  0x0000026febb69800 JavaThread "Unconstrained build operations Thread 21" [_thread_blocked, id=8304, stack(0x000000d80e600000,0x000000d80e700000)]
  0x0000026febb6c000 JavaThread "Unconstrained build operations Thread 22" [_thread_blocked, id=14832, stack(0x000000d80e700000,0x000000d80e800000)]
  0x0000026febb6e000 JavaThread "Unconstrained build operations Thread 23" [_thread_blocked, id=3728, stack(0x000000d80e800000,0x000000d80e900000)]
  0x0000026febb6e800 JavaThread "Unconstrained build operations Thread 24" [_thread_blocked, id=9592, stack(0x000000d80e900000,0x000000d80ea00000)]
  0x0000026febb69000 JavaThread "Unconstrained build operations Thread 25" [_thread_blocked, id=4016, stack(0x000000d80ea00000,0x000000d80eb00000)]
  0x0000026febb6f800 JavaThread "Unconstrained build operations Thread 26" [_thread_blocked, id=8172, stack(0x000000d80eb00000,0x000000d80ec00000)]
  0x0000026febb70800 JavaThread "Unconstrained build operations Thread 27" [_thread_blocked, id=7848, stack(0x000000d80ec00000,0x000000d80ed00000)]
  0x0000026febb6a800 JavaThread "Unconstrained build operations Thread 28" [_thread_blocked, id=9792, stack(0x000000d80ed00000,0x000000d80ee00000)]
  0x0000026febb71000 JavaThread "Unconstrained build operations Thread 29" [_thread_blocked, id=1844, stack(0x000000d80ee00000,0x000000d80ef00000)]
  0x0000026fece8f000 JavaThread "Unconstrained build operations Thread 30" [_thread_blocked, id=11368, stack(0x000000d80ef00000,0x000000d80f000000)]
  0x0000026fece92800 JavaThread "Unconstrained build operations Thread 31" [_thread_blocked, id=12328, stack(0x000000d80f000000,0x000000d80f100000)]
  0x0000026fece91800 JavaThread "Unconstrained build operations Thread 32" [_thread_blocked, id=6720, stack(0x000000d80f100000,0x000000d80f200000)]
  0x0000026fece8e800 JavaThread "Unconstrained build operations Thread 33" [_thread_blocked, id=11392, stack(0x000000d80f200000,0x000000d80f300000)]
  0x0000026fece95800 JavaThread "Unconstrained build operations Thread 34" [_thread_blocked, id=1268, stack(0x000000d80f300000,0x000000d80f400000)]
  0x0000026fece90000 JavaThread "Unconstrained build operations Thread 35" [_thread_blocked, id=13072, stack(0x000000d80f400000,0x000000d80f500000)]
  0x0000026fece91000 JavaThread "Unconstrained build operations Thread 36" [_thread_blocked, id=6268, stack(0x000000d80f500000,0x000000d80f600000)]
  0x0000026fece95000 JavaThread "Unconstrained build operations Thread 37" [_thread_blocked, id=2028, stack(0x000000d80f600000,0x000000d80f700000)]
  0x0000026fece99000 JavaThread "Unconstrained build operations Thread 38" [_thread_blocked, id=3524, stack(0x000000d80f700000,0x000000d80f800000)]
  0x0000026fece96800 JavaThread "Unconstrained build operations Thread 39" [_thread_blocked, id=1020, stack(0x000000d80f800000,0x000000d80f900000)]
  0x0000026fece94000 JavaThread "Unconstrained build operations Thread 40" [_thread_blocked, id=13716, stack(0x000000d80f900000,0x000000d80fa00000)]
  0x0000026fece97800 JavaThread "Memory manager" [_thread_blocked, id=3944, stack(0x000000d80fa00000,0x000000d80fb00000)]
  0x0000026fece93800 JavaThread "included builds" [_thread_blocked, id=11760, stack(0x000000d80ce00000,0x000000d80cf00000)]
  0x0000026fece9a000 JavaThread "Cache worker for execution history cache (D:\SETIK\findbarber\.gradle\7.4\executionHistory)" [_thread_blocked, id=8168, stack(0x000000d80fe00000,0x000000d80ff00000)]
  0x0000026fed119000 JavaThread "C2 CompilerThread1" daemon [_thread_in_native, id=7596, stack(0x000000d80fb00000,0x000000d80fc00000)]

Other Threads:
  0x0000026fe8ffe000 VMThread "VM Thread" [stack: 0x000000d80a800000,0x000000d80a900000] [id=7736]
  0x0000026fe9aef000 WatcherThread [stack: 0x000000d80b200000,0x000000d80b300000] [id=9288]
  0x0000026fcf417000 GCTaskThread "GC Thread#0" [stack: 0x000000d80a300000,0x000000d80a400000] [id=3412]
  0x0000026fea258000 GCTaskThread "GC Thread#1" [stack: 0x000000d80b400000,0x000000d80b500000] [id=2152]
  0x0000026fea259000 GCTaskThread "GC Thread#2" [stack: 0x000000d80b500000,0x000000d80b600000] [id=5032]
  0x0000026feb3c2000 GCTaskThread "GC Thread#3" [stack: 0x000000d80bf00000,0x000000d80c000000] [id=11344]
  0x0000026fcf448800 ConcurrentGCThread "G1 Main Marker" [stack: 0x000000d80a400000,0x000000d80a500000] [id=6764]
  0x0000026fcf44a800 ConcurrentGCThread "G1 Conc#0" [stack: 0x000000d80a500000,0x000000d80a600000] [id=7244]
  0x0000026fcf4d9000 ConcurrentGCThread "G1 Refine#0" [stack: 0x000000d80a600000,0x000000d80a700000] [id=11352]
  0x0000026fcf4da000 ConcurrentGCThread "G1 Young RemSet Sampling" [stack: 0x000000d80a700000,0x000000d80a800000] [id=5064]

Threads with active compile tasks:
C2 CompilerThread0  26393 9154 %     4       groovy.lang.MetaClassImpl::inheritInterfaceNewMetaMethods @ 100 (195 bytes)
C2 CompilerThread1  26394 9055   !   4       com.sun.beans.TypeResolver::resolve (261 bytes)

VM state:not at safepoint (normal execution)

VM Mutex/Monitor currently owned by a thread: None

Heap address: 0x0000000080000000, size: 2048 MB, Compressed Oops mode: 32-bit
Narrow klass base: 0x0000000000000000, Narrow klass shift: 3
Compressed class space size: 1073741824 Address: 0x0000000100000000

Heap:
 garbage-first heap   total 227328K, used 172293K [0x0000000080000000, 0x0000000100000000)
  region size 1024K, 37 young (37888K), 6 survivors (6144K)
 Metaspace       used 86522K, capacity 88729K, committed 89008K, reserved 1126400K
  class space    used 11190K, capacity 12006K, committed 12032K, reserved 1048576K
Heap Regions: E=young(eden), S=young(survivor), O=old, HS=humongous(starts), HC=humongous(continues), CS=collection set, F=free, A=archive, TAMS=top-at-mark-start (previous, next)
|   0|0x0000000080000000, 0x0000000080100000, 0x0000000080100000|100%|HS|  |TAMS 0x0000000080100000, 0x0000000080000000| Complete 
|   1|0x0000000080100000, 0x0000000080200000, 0x0000000080200000|100%|HC|  |TAMS 0x0000000080200000, 0x0000000080100000| Complete 
|   2|0x0000000080200000, 0x0000000080300000, 0x0000000080300000|100%|HC|  |TAMS 0x0000000080300000, 0x0000000080200000| Complete 
|   3|0x0000000080300000, 0x0000000080400000, 0x0000000080400000|100%| O|  |TAMS 0x0000000080400000, 0x0000000080300000| Untracked 
|   4|0x0000000080400000, 0x0000000080500000, 0x0000000080500000|100%| O|  |TAMS 0x0000000080500000, 0x0000000080400000| Untracked 
|   5|0x0000000080500000, 0x0000000080600000, 0x0000000080600000|100%| O|  |TAMS 0x0000000080600000, 0x0000000080500000| Untracked 
|   6|0x0000000080600000, 0x0000000080700000, 0x0000000080700000|100%| O|  |TAMS 0x0000000080700000, 0x0000000080600000| Untracked 
|   7|0x0000000080700000, 0x0000000080800000, 0x0000000080800000|100%| O|  |TAMS 0x0000000080800000, 0x0000000080700000| Untracked 
|   8|0x0000000080800000, 0x0000000080900000, 0x0000000080900000|100%| O|  |TAMS 0x0000000080900000, 0x0000000080800000| Untracked 
|   9|0x0000000080900000, 0x0000000080a00000, 0x0000000080a00000|100%| O|  |TAMS 0x0000000080a00000, 0x0000000080900000| Untracked 
|  10|0x0000000080a00000, 0x0000000080b00000, 0x0000000080b00000|100%| O|  |TAMS 0x0000000080b00000, 0x0000000080a00000| Untracked 
|  11|0x0000000080b00000, 0x0000000080c00000, 0x0000000080c00000|100%| O|  |TAMS 0x0000000080c00000, 0x0000000080b00000| Untracked 
|  12|0x0000000080c00000, 0x0000000080d00000, 0x0000000080d00000|100%| O|  |TAMS 0x0000000080d00000, 0x0000000080c00000| Untracked 
|  13|0x0000000080d00000, 0x0000000080e00000, 0x0000000080e00000|100%| O|  |TAMS 0x0000000080e00000, 0x0000000080d00000| Untracked 
|  14|0x0000000080e00000, 0x0000000080f00000, 0x0000000080f00000|100%|HS|  |TAMS 0x0000000080f00000, 0x0000000080e00000| Complete 
|  15|0x0000000080f00000, 0x0000000081000000, 0x0000000081000000|100%|HC|  |TAMS 0x0000000081000000, 0x0000000080f00000| Complete 
|  16|0x0000000081000000, 0x0000000081100000, 0x0000000081100000|100%|HS|  |TAMS 0x0000000081100000, 0x0000000081000000| Complete 
|  17|0x0000000081100000, 0x0000000081200000, 0x0000000081200000|100%|HC|  |TAMS 0x0000000081200000, 0x0000000081100000| Complete 
|  18|0x0000000081200000, 0x0000000081300000, 0x0000000081300000|100%|HC|  |TAMS 0x0000000081300000, 0x0000000081200000| Complete 
|  19|0x0000000081300000, 0x0000000081400000, 0x0000000081400000|100%|HS|  |TAMS 0x0000000081400000, 0x0000000081300000| Complete 
|  20|0x0000000081400000, 0x0000000081500000, 0x0000000081500000|100%|HC|  |TAMS 0x0000000081500000, 0x0000000081400000| Complete 
|  21|0x0000000081500000, 0x0000000081600000, 0x0000000081600000|100%|HC|  |TAMS 0x0000000081600000, 0x0000000081500000| Complete 
|  22|0x0000000081600000, 0x0000000081700000, 0x0000000081700000|100%|HS|  |TAMS 0x0000000081700000, 0x0000000081600000| Complete 
|  23|0x0000000081700000, 0x0000000081800000, 0x0000000081800000|100%|HC|  |TAMS 0x0000000081800000, 0x0000000081700000| Complete 
|  24|0x0000000081800000, 0x0000000081900000, 0x0000000081900000|100%|HC|  |TAMS 0x0000000081900000, 0x0000000081800000| Complete 
|  25|0x0000000081900000, 0x0000000081a00000, 0x0000000081a00000|100%|HC|  |TAMS 0x0000000081a00000, 0x0000000081900000| Complete 
|  26|0x0000000081a00000, 0x0000000081b00000, 0x0000000081b00000|100%|HC|  |TAMS 0x0000000081b00000, 0x0000000081a00000| Complete 
|  27|0x0000000081b00000, 0x0000000081c00000, 0x0000000081c00000|100%|HS|  |TAMS 0x0000000081c00000, 0x0000000081b00000| Complete 
|  28|0x0000000081c00000, 0x0000000081d00000, 0x0000000081d00000|100%| O|  |TAMS 0x0000000081d00000, 0x0000000081c00000| Untracked 
|  29|0x0000000081d00000, 0x0000000081e00000, 0x0000000081e00000|100%| O|  |TAMS 0x0000000081e00000, 0x0000000081d00000| Untracked 
|  30|0x0000000081e00000, 0x0000000081f00000, 0x0000000081f00000|100%| O|  |TAMS 0x0000000081f00000, 0x0000000081e00000| Untracked 
|  31|0x0000000081f00000, 0x0000000082000000, 0x0000000082000000|100%| O|  |TAMS 0x0000000082000000, 0x0000000081f00000| Untracked 
|  32|0x0000000082000000, 0x0000000082100000, 0x0000000082100000|100%| O|  |TAMS 0x0000000082100000, 0x0000000082000000| Untracked 
|  33|0x0000000082100000, 0x0000000082200000, 0x0000000082200000|100%| O|  |TAMS 0x0000000082200000, 0x0000000082100000| Untracked 
|  34|0x0000000082200000, 0x0000000082300000, 0x0000000082300000|100%| O|  |TAMS 0x0000000082300000, 0x0000000082200000| Untracked 
|  35|0x0000000082300000, 0x0000000082400000, 0x0000000082400000|100%|HS|  |TAMS 0x0000000082400000, 0x0000000082300000| Complete 
|  36|0x0000000082400000, 0x0000000082500000, 0x0000000082500000|100%|HC|  |TAMS 0x0000000082500000, 0x0000000082400000| Complete 
|  37|0x0000000082500000, 0x0000000082600000, 0x0000000082600000|100%|HC|  |TAMS 0x0000000082600000, 0x0000000082500000| Complete 
|  38|0x0000000082600000, 0x0000000082700000, 0x0000000082700000|100%| O|  |TAMS 0x0000000082700000, 0x0000000082600000| Untracked 
|  39|0x0000000082700000, 0x0000000082800000, 0x0000000082800000|100%|HS|  |TAMS 0x0000000082800000, 0x0000000082700000| Complete 
|  40|0x0000000082800000, 0x0000000082900000, 0x0000000082900000|100%|HC|  |TAMS 0x0000000082900000, 0x0000000082800000| Complete 
|  41|0x0000000082900000, 0x0000000082a00000, 0x0000000082a00000|100%|HC|  |TAMS 0x0000000082a00000, 0x0000000082900000| Complete 
|  42|0x0000000082a00000, 0x0000000082b00000, 0x0000000082b00000|100%|HC|  |TAMS 0x0000000082b00000, 0x0000000082a00000| Complete 
|  43|0x0000000082b00000, 0x0000000082c00000, 0x0000000082c00000|100%|HS|  |TAMS 0x0000000082c00000, 0x0000000082b00000| Complete 
|  44|0x0000000082c00000, 0x0000000082d00000, 0x0000000082d00000|100%|HC|  |TAMS 0x0000000082d00000, 0x0000000082c00000| Complete 
|  45|0x0000000082d00000, 0x0000000082e00000, 0x0000000082e00000|100%|HS|  |TAMS 0x0000000082e00000, 0x0000000082d00000| Complete 
|  46|0x0000000082e00000, 0x0000000082f00000, 0x0000000082f00000|100%|HC|  |TAMS 0x0000000082f00000, 0x0000000082e00000| Complete 
|  47|0x0000000082f00000, 0x0000000083000000, 0x0000000083000000|100%|HC|  |TAMS 0x0000000083000000, 0x0000000082f00000| Complete 
|  48|0x0000000083000000, 0x0000000083100000, 0x0000000083100000|100%| O|  |TAMS 0x0000000083100000, 0x0000000083000000| Untracked 
|  49|0x0000000083100000, 0x0000000083200000, 0x0000000083200000|100%| O|  |TAMS 0x0000000083200000, 0x0000000083100000| Untracked 
|  50|0x0000000083200000, 0x0000000083300000, 0x0000000083300000|100%| O|  |TAMS 0x0000000083300000, 0x0000000083200000| Untracked 
|  51|0x0000000083300000, 0x0000000083400000, 0x0000000083400000|100%| O|  |TAMS 0x0000000083400000, 0x0000000083300000| Untracked 
|  52|0x0000000083400000, 0x0000000083500000, 0x0000000083500000|100%| O|  |TAMS 0x0000000083500000, 0x0000000083400000| Untracked 
|  53|0x0000000083500000, 0x0000000083600000, 0x0000000083600000|100%| O|  |TAMS 0x0000000083600000, 0x0000000083500000| Untracked 
|  54|0x0000000083600000, 0x0000000083700000, 0x0000000083700000|100%|HS|  |TAMS 0x0000000083700000, 0x0000000083600000| Complete 
|  55|0x0000000083700000, 0x0000000083800000, 0x0000000083800000|100%|HC|  |TAMS 0x0000000083800000, 0x0000000083700000| Complete 
|  56|0x0000000083800000, 0x0000000083900000, 0x0000000083900000|100%|HC|  |TAMS 0x0000000083900000, 0x0000000083800000| Complete 
|  57|0x0000000083900000, 0x0000000083a00000, 0x0000000083a00000|100%|HC|  |TAMS 0x0000000083a00000, 0x0000000083900000| Complete 
|  58|0x0000000083a00000, 0x0000000083b00000, 0x0000000083b00000|100%|HC|  |TAMS 0x0000000083b00000, 0x0000000083a00000| Complete 
|  59|0x0000000083b00000, 0x0000000083c00000, 0x0000000083c00000|100%| O|  |TAMS 0x0000000083c00000, 0x0000000083b00000| Untracked 
|  60|0x0000000083c00000, 0x0000000083d00000, 0x0000000083d00000|100%| O|  |TAMS 0x0000000083d00000, 0x0000000083c00000| Untracked 
|  61|0x0000000083d00000, 0x0000000083e00000, 0x0000000083e00000|100%| O|  |TAMS 0x0000000083e00000, 0x0000000083d00000| Untracked 
|  62|0x0000000083e00000, 0x0000000083f00000, 0x0000000083f00000|100%|HS|  |TAMS 0x0000000083f00000, 0x0000000083e00000| Complete 
|  63|0x0000000083f00000, 0x0000000084000000, 0x0000000084000000|100%|HS|  |TAMS 0x0000000084000000, 0x0000000083f00000| Complete 
|  64|0x0000000084000000, 0x0000000084100000, 0x0000000084100000|100%| O|  |TAMS 0x0000000084100000, 0x0000000084000000| Untracked 
|  65|0x0000000084100000, 0x0000000084200000, 0x0000000084200000|100%| O|  |TAMS 0x0000000084200000, 0x0000000084100000| Untracked 
|  66|0x0000000084200000, 0x0000000084300000, 0x0000000084300000|100%| O|  |TAMS 0x0000000084300000, 0x0000000084200000| Untracked 
|  67|0x0000000084300000, 0x0000000084400000, 0x0000000084400000|100%| O|  |TAMS 0x0000000084400000, 0x0000000084300000| Untracked 
|  68|0x0000000084400000, 0x0000000084500000, 0x0000000084500000|100%| O|  |TAMS 0x0000000084500000, 0x0000000084400000| Untracked 
|  69|0x0000000084500000, 0x0000000084600000, 0x0000000084600000|100%| O|  |TAMS 0x0000000084600000, 0x0000000084500000| Untracked 
|  70|0x0000000084600000, 0x0000000084700000, 0x0000000084700000|100%| O|  |TAMS 0x0000000084700000, 0x0000000084600000| Untracked 
|  71|0x0000000084700000, 0x0000000084800000, 0x0000000084800000|100%|HS|  |TAMS 0x0000000084800000, 0x0000000084700000| Complete 
|  72|0x0000000084800000, 0x0000000084900000, 0x0000000084900000|100%|HS|  |TAMS 0x0000000084900000, 0x0000000084800000| Complete 
|  73|0x0000000084900000, 0x0000000084a00000, 0x0000000084a00000|100%|HC|  |TAMS 0x0000000084a00000, 0x0000000084900000| Complete 
|  74|0x0000000084a00000, 0x0000000084b00000, 0x0000000084b00000|100%|HC|  |TAMS 0x0000000084b00000, 0x0000000084a00000| Complete 
|  75|0x0000000084b00000, 0x0000000084c00000, 0x0000000084c00000|100%|HC|  |TAMS 0x0000000084c00000, 0x0000000084b00000| Complete 
|  76|0x0000000084c00000, 0x0000000084d00000, 0x0000000084d00000|100%| O|  |TAMS 0x0000000084d00000, 0x0000000084c00000| Untracked 
|  77|0x0000000084d00000, 0x0000000084e00000, 0x0000000084e00000|100%|HS|  |TAMS 0x0000000084e00000, 0x0000000084d00000| Complete 
|  78|0x0000000084e00000, 0x0000000084f00000, 0x0000000084f00000|100%|HC|  |TAMS 0x0000000084f00000, 0x0000000084e00000| Complete 
|  79|0x0000000084f00000, 0x0000000085000000, 0x0000000085000000|100%| O|  |TAMS 0x0000000085000000, 0x0000000084f00000| Untracked 
|  80|0x0000000085000000, 0x0000000085100000, 0x0000000085100000|100%| O|  |TAMS 0x0000000085100000, 0x0000000085000000| Untracked 
|  81|0x0000000085100000, 0x0000000085200000, 0x0000000085200000|100%| O|  |TAMS 0x0000000085200000, 0x0000000085100000| Untracked 
|  82|0x0000000085200000, 0x0000000085300000, 0x0000000085300000|100%| O|  |TAMS 0x0000000085300000, 0x0000000085200000| Untracked 
|  83|0x0000000085300000, 0x0000000085400000, 0x0000000085400000|100%| O|  |TAMS 0x0000000085400000, 0x0000000085300000| Untracked 
|  84|0x0000000085400000, 0x0000000085500000, 0x0000000085500000|100%| O|  |TAMS 0x0000000085500000, 0x0000000085400000| Untracked 
|  85|0x0000000085500000, 0x0000000085600000, 0x0000000085600000|100%| O|  |TAMS 0x0000000085600000, 0x0000000085500000| Untracked 
|  86|0x0000000085600000, 0x0000000085700000, 0x0000000085700000|100%| O|  |TAMS 0x0000000085700000, 0x0000000085600000| Untracked 
|  87|0x0000000085700000, 0x0000000085800000, 0x0000000085800000|100%| O|  |TAMS 0x0000000085800000, 0x0000000085700000| Untracked 
|  88|0x0000000085800000, 0x0000000085900000, 0x0000000085900000|100%| O|  |TAMS 0x0000000085900000, 0x0000000085800000| Untracked 
|  89|0x0000000085900000, 0x0000000085a00000, 0x0000000085a00000|100%| O|  |TAMS 0x0000000085a00000, 0x0000000085900000| Untracked 
|  90|0x0000000085a00000, 0x0000000085b00000, 0x0000000085b00000|100%| O|  |TAMS 0x0000000085b00000, 0x0000000085a00000| Untracked 
|  91|0x0000000085b00000, 0x0000000085c00000, 0x0000000085c00000|100%| O|  |TAMS 0x0000000085c00000, 0x0000000085b00000| Untracked 
|  92|0x0000000085c00000, 0x0000000085d00000, 0x0000000085d00000|100%| O|  |TAMS 0x0000000085d00000, 0x0000000085c00000| Untracked 
|  93|0x0000000085d00000, 0x0000000085e00000, 0x0000000085e00000|100%| O|  |TAMS 0x0000000085e00000, 0x0000000085d00000| Untracked 
|  94|0x0000000085e00000, 0x0000000085f00000, 0x0000000085f00000|100%| O|  |TAMS 0x0000000085f00000, 0x0000000085e00000| Untracked 
|  95|0x0000000085f00000, 0x0000000086000000, 0x0000000086000000|100%| O|  |TAMS 0x0000000086000000, 0x0000000085f00000| Untracked 
|  96|0x0000000086000000, 0x0000000086100000, 0x0000000086100000|100%| O|  |TAMS 0x0000000086100000, 0x0000000086000000| Untracked 
|  97|0x0000000086100000, 0x0000000086200000, 0x0000000086200000|100%| O|  |TAMS 0x0000000086200000, 0x0000000086100000| Untracked 
|  98|0x0000000086200000, 0x0000000086300000, 0x0000000086300000|100%| O|  |TAMS 0x0000000086300000, 0x0000000086200000| Untracked 
|  99|0x0000000086300000, 0x0000000086400000, 0x0000000086400000|100%| O|  |TAMS 0x0000000086400000, 0x0000000086300000| Untracked 
| 100|0x0000000086400000, 0x0000000086500000, 0x0000000086500000|100%| O|  |TAMS 0x0000000086500000, 0x0000000086400000| Untracked 
| 101|0x0000000086500000, 0x0000000086600000, 0x0000000086600000|100%| O|  |TAMS 0x0000000086600000, 0x0000000086500000| Untracked 
| 102|0x0000000086600000, 0x0000000086700000, 0x0000000086700000|100%| O|  |TAMS 0x0000000086700000, 0x0000000086600000| Untracked 
| 103|0x0000000086700000, 0x0000000086800000, 0x0000000086800000|100%| O|  |TAMS 0x0000000086800000, 0x0000000086700000| Untracked 
| 104|0x0000000086800000, 0x0000000086900000, 0x0000000086900000|100%| O|  |TAMS 0x000000008685d808, 0x0000000086800000| Untracked 
| 105|0x0000000086900000, 0x0000000086a00000, 0x0000000086a00000|100%|HS|  |TAMS 0x0000000086900000, 0x0000000086900000| Complete 
| 106|0x0000000086a00000, 0x0000000086b00000, 0x0000000086b00000|100%|HC|  |TAMS 0x0000000086a00000, 0x0000000086a00000| Complete 
| 107|0x0000000086b00000, 0x0000000086c00000, 0x0000000086c00000|100%|HC|  |TAMS 0x0000000086b00000, 0x0000000086b00000| Complete 
| 108|0x0000000086c00000, 0x0000000086d00000, 0x0000000086d00000|100%|HC|  |TAMS 0x0000000086c00000, 0x0000000086c00000| Complete 
| 109|0x0000000086d00000, 0x0000000086e00000, 0x0000000086e00000|100%|HS|  |TAMS 0x0000000086d00000, 0x0000000086d00000| Complete 
| 110|0x0000000086e00000, 0x0000000086f00000, 0x0000000086f00000|100%|HC|  |TAMS 0x0000000086e00000, 0x0000000086e00000| Complete 
| 111|0x0000000086f00000, 0x0000000087000000, 0x0000000087000000|100%|HS|  |TAMS 0x0000000086f00000, 0x0000000086f00000| Complete 
| 112|0x0000000087000000, 0x0000000087100000, 0x0000000087100000|100%|HC|  |TAMS 0x0000000087000000, 0x0000000087000000| Complete 
| 113|0x0000000087100000, 0x0000000087200000, 0x0000000087200000|100%|HC|  |TAMS 0x0000000087100000, 0x0000000087100000| Complete 
| 114|0x0000000087200000, 0x0000000087300000, 0x0000000087300000|100%|HS|  |TAMS 0x0000000087200000, 0x0000000087200000| Complete 
| 115|0x0000000087300000, 0x0000000087400000, 0x0000000087400000|100%|HC|  |TAMS 0x0000000087300000, 0x0000000087300000| Complete 
| 116|0x0000000087400000, 0x0000000087500000, 0x0000000087500000|100%|HC|  |TAMS 0x0000000087400000, 0x0000000087400000| Complete 
| 117|0x0000000087500000, 0x0000000087600000, 0x0000000087600000|100%|HS|  |TAMS 0x0000000087500000, 0x0000000087500000| Complete 
| 118|0x0000000087600000, 0x0000000087700000, 0x0000000087700000|100%|HC|  |TAMS 0x0000000087600000, 0x0000000087600000| Complete 
| 119|0x0000000087700000, 0x0000000087800000, 0x0000000087800000|100%|HC|  |TAMS 0x0000000087700000, 0x0000000087700000| Complete 
| 120|0x0000000087800000, 0x0000000087900000, 0x0000000087900000|100%|HC|  |TAMS 0x0000000087800000, 0x0000000087800000| Complete 
| 121|0x0000000087900000, 0x0000000087a00000, 0x0000000087a00000|100%|HC|  |TAMS 0x0000000087900000, 0x0000000087900000| Complete 
| 122|0x0000000087a00000, 0x0000000087b00000, 0x0000000087b00000|100%|HS|  |TAMS 0x0000000087a00000, 0x0000000087a00000| Complete 
| 123|0x0000000087b00000, 0x0000000087c00000, 0x0000000087c00000|100%|HS|  |TAMS 0x0000000087b00000, 0x0000000087b00000| Complete 
| 124|0x0000000087c00000, 0x0000000087d00000, 0x0000000087d00000|100%|HC|  |TAMS 0x0000000087c00000, 0x0000000087c00000| Complete 
| 125|0x0000000087d00000, 0x0000000087e00000, 0x0000000087e00000|100%|HC|  |TAMS 0x0000000087d00000, 0x0000000087d00000| Complete 
| 126|0x0000000087e00000, 0x0000000087f00000, 0x0000000087f00000|100%|HC|  |TAMS 0x0000000087e00000, 0x0000000087e00000| Complete 
| 127|0x0000000087f00000, 0x0000000088000000, 0x0000000088000000|100%| O|  |TAMS 0x0000000087f00000, 0x0000000087f00000| Untracked 
| 128|0x0000000088000000, 0x0000000088100000, 0x0000000088100000|100%| O|  |TAMS 0x0000000088000000, 0x0000000088000000| Untracked 
| 129|0x0000000088100000, 0x0000000088200000, 0x0000000088200000|100%| O|  |TAMS 0x0000000088100000, 0x0000000088100000| Untracked 
| 130|0x0000000088200000, 0x0000000088300000, 0x0000000088300000|100%| O|  |TAMS 0x0000000088200000, 0x0000000088200000| Untracked 
| 131|0x0000000088300000, 0x0000000088400000, 0x0000000088400000|100%| O|  |TAMS 0x0000000088300000, 0x0000000088300000| Untracked 
| 132|0x0000000088400000, 0x0000000088441600, 0x0000000088500000| 25%| O|  |TAMS 0x0000000088400000, 0x0000000088400000| Untracked 
| 133|0x0000000088500000, 0x0000000088600000, 0x0000000088600000|100%| S|CS|TAMS 0x0000000088500000, 0x0000000088500000| Complete 
| 134|0x0000000088600000, 0x0000000088700000, 0x0000000088700000|100%| S|CS|TAMS 0x0000000088600000, 0x0000000088600000| Complete 
| 135|0x0000000088700000, 0x0000000088800000, 0x0000000088800000|100%| S|CS|TAMS 0x0000000088700000, 0x0000000088700000| Complete 
| 136|0x0000000088800000, 0x0000000088900000, 0x0000000088900000|100%| S|CS|TAMS 0x0000000088800000, 0x0000000088800000| Complete 
| 137|0x0000000088900000, 0x0000000088a00000, 0x0000000088a00000|100%| S|CS|TAMS 0x0000000088900000, 0x0000000088900000| Complete 
| 138|0x0000000088a00000, 0x0000000088b00000, 0x0000000088b00000|100%| S|CS|TAMS 0x0000000088a00000, 0x0000000088a00000| Complete 
| 139|0x0000000088b00000, 0x0000000088b00000, 0x0000000088c00000|  0%| F|  |TAMS 0x0000000088b00000, 0x0000000088b00000| Untracked 
| 140|0x0000000088c00000, 0x0000000088c00000, 0x0000000088d00000|  0%| F|  |TAMS 0x0000000088c00000, 0x0000000088c00000| Untracked 
| 141|0x0000000088d00000, 0x0000000088d00000, 0x0000000088e00000|  0%| F|  |TAMS 0x0000000088d00000, 0x0000000088d00000| Untracked 
| 142|0x0000000088e00000, 0x0000000088e00000, 0x0000000088f00000|  0%| F|  |TAMS 0x0000000088e00000, 0x0000000088e00000| Untracked 
| 143|0x0000000088f00000, 0x0000000088f00000, 0x0000000089000000|  0%| F|  |TAMS 0x0000000088f00000, 0x0000000088f00000| Untracked 
| 144|0x0000000089000000, 0x0000000089000000, 0x0000000089100000|  0%| F|  |TAMS 0x0000000089000000, 0x0000000089000000| Untracked 
| 145|0x0000000089100000, 0x0000000089100000, 0x0000000089200000|  0%| F|  |TAMS 0x0000000089100000, 0x0000000089100000| Untracked 
| 146|0x0000000089200000, 0x0000000089200000, 0x0000000089300000|  0%| F|  |TAMS 0x0000000089200000, 0x0000000089200000| Untracked 
| 147|0x0000000089300000, 0x0000000089300000, 0x0000000089400000|  0%| F|  |TAMS 0x0000000089300000, 0x0000000089300000| Untracked 
| 148|0x0000000089400000, 0x0000000089400000, 0x0000000089500000|  0%| F|  |TAMS 0x0000000089400000, 0x0000000089400000| Untracked 
| 149|0x0000000089500000, 0x0000000089500000, 0x0000000089600000|  0%| F|  |TAMS 0x0000000089500000, 0x0000000089500000| Untracked 
| 150|0x0000000089600000, 0x0000000089600000, 0x0000000089700000|  0%| F|  |TAMS 0x0000000089600000, 0x0000000089600000| Untracked 
| 151|0x0000000089700000, 0x0000000089700000, 0x0000000089800000|  0%| F|  |TAMS 0x0000000089700000, 0x0000000089700000| Untracked 
| 152|0x0000000089800000, 0x0000000089800000, 0x0000000089900000|  0%| F|  |TAMS 0x0000000089800000, 0x0000000089800000| Untracked 
| 153|0x0000000089900000, 0x0000000089900000, 0x0000000089a00000|  0%| F|  |TAMS 0x0000000089900000, 0x0000000089900000| Untracked 
| 154|0x0000000089a00000, 0x0000000089a00000, 0x0000000089b00000|  0%| F|  |TAMS 0x0000000089a00000, 0x0000000089a00000| Untracked 
| 155|0x0000000089b00000, 0x0000000089b00000, 0x0000000089c00000|  0%| F|  |TAMS 0x0000000089b00000, 0x0000000089b00000| Untracked 
| 156|0x0000000089c00000, 0x0000000089c00000, 0x0000000089d00000|  0%| F|  |TAMS 0x0000000089c00000, 0x0000000089c00000| Untracked 
| 157|0x0000000089d00000, 0x0000000089d00000, 0x0000000089e00000|  0%| F|  |TAMS 0x0000000089d00000, 0x0000000089d00000| Untracked 
| 158|0x0000000089e00000, 0x0000000089e00000, 0x0000000089f00000|  0%| F|  |TAMS 0x0000000089e00000, 0x0000000089e00000| Untracked 
| 159|0x0000000089f00000, 0x0000000089f00000, 0x000000008a000000|  0%| F|  |TAMS 0x0000000089f00000, 0x0000000089f00000| Untracked 
| 160|0x000000008a000000, 0x000000008a000000, 0x000000008a100000|  0%| F|  |TAMS 0x000000008a000000, 0x000000008a000000| Untracked 
| 161|0x000000008a100000, 0x000000008a100000, 0x000000008a200000|  0%| F|  |TAMS 0x000000008a100000, 0x000000008a100000| Untracked 
| 162|0x000000008a200000, 0x000000008a200000, 0x000000008a300000|  0%| F|  |TAMS 0x000000008a200000, 0x000000008a200000| Untracked 
| 163|0x000000008a300000, 0x000000008a300000, 0x000000008a400000|  0%| F|  |TAMS 0x000000008a300000, 0x000000008a300000| Untracked 
| 164|0x000000008a400000, 0x000000008a400000, 0x000000008a500000|  0%| F|  |TAMS 0x000000008a400000, 0x000000008a400000| Untracked 
| 165|0x000000008a500000, 0x000000008a500000, 0x000000008a600000|  0%| F|  |TAMS 0x000000008a500000, 0x000000008a500000| Untracked 
| 166|0x000000008a600000, 0x000000008a600000, 0x000000008a700000|  0%| F|  |TAMS 0x000000008a600000, 0x000000008a600000| Untracked 
| 167|0x000000008a700000, 0x000000008a700000, 0x000000008a800000|  0%| F|  |TAMS 0x000000008a700000, 0x000000008a700000| Untracked 
| 168|0x000000008a800000, 0x000000008a800000, 0x000000008a900000|  0%| F|  |TAMS 0x000000008a800000, 0x000000008a800000| Untracked 
| 169|0x000000008a900000, 0x000000008a900000, 0x000000008aa00000|  0%| F|  |TAMS 0x000000008a900000, 0x000000008a900000| Untracked 
| 170|0x000000008aa00000, 0x000000008aa00000, 0x000000008ab00000|  0%| F|  |TAMS 0x000000008aa00000, 0x000000008aa00000| Untracked 
| 171|0x000000008ab00000, 0x000000008ab00000, 0x000000008ac00000|  0%| F|  |TAMS 0x000000008ab00000, 0x000000008ab00000| Untracked 
| 172|0x000000008ac00000, 0x000000008ac00000, 0x000000008ad00000|  0%| F|  |TAMS 0x000000008ac00000, 0x000000008ac00000| Untracked 
| 173|0x000000008ad00000, 0x000000008ad00000, 0x000000008ae00000|  0%| F|  |TAMS 0x000000008ad00000, 0x000000008ad00000| Untracked 
| 174|0x000000008ae00000, 0x000000008ae00000, 0x000000008af00000|  0%| F|  |TAMS 0x000000008ae00000, 0x000000008ae00000| Untracked 
| 175|0x000000008af00000, 0x000000008af00000, 0x000000008b000000|  0%| F|  |TAMS 0x000000008af00000, 0x000000008af00000| Untracked 
| 176|0x000000008b000000, 0x000000008b000000, 0x000000008b100000|  0%| F|  |TAMS 0x000000008b000000, 0x000000008b000000| Untracked 
| 177|0x000000008b100000, 0x000000008b100000, 0x000000008b200000|  0%| F|  |TAMS 0x000000008b100000, 0x000000008b100000| Untracked 
| 178|0x000000008b200000, 0x000000008b200000, 0x000000008b300000|  0%| F|  |TAMS 0x000000008b200000, 0x000000008b200000| Untracked 
| 179|0x000000008b300000, 0x000000008b300000, 0x000000008b400000|  0%| F|  |TAMS 0x000000008b300000, 0x000000008b300000| Untracked 
| 180|0x000000008b400000, 0x000000008b400000, 0x000000008b500000|  0%| F|  |TAMS 0x000000008b400000, 0x000000008b400000| Untracked 
| 181|0x000000008b500000, 0x000000008b500000, 0x000000008b600000|  0%| F|  |TAMS 0x000000008b500000, 0x000000008b500000| Untracked 
| 182|0x000000008b600000, 0x000000008b600000, 0x000000008b700000|  0%| F|  |TAMS 0x000000008b600000, 0x000000008b600000| Untracked 
| 183|0x000000008b700000, 0x000000008b700000, 0x000000008b800000|  0%| F|  |TAMS 0x000000008b700000, 0x000000008b700000| Untracked 
| 184|0x000000008b800000, 0x000000008b800000, 0x000000008b900000|  0%| F|  |TAMS 0x000000008b800000, 0x000000008b800000| Untracked 
| 185|0x000000008b900000, 0x000000008b900000, 0x000000008ba00000|  0%| F|  |TAMS 0x000000008b900000, 0x000000008b900000| Untracked 
| 186|0x000000008ba00000, 0x000000008ba00000, 0x000000008bb00000|  0%| F|  |TAMS 0x000000008ba00000, 0x000000008ba00000| Untracked 
| 187|0x000000008bb00000, 0x000000008bb00000, 0x000000008bc00000|  0%| F|  |TAMS 0x000000008bb00000, 0x000000008bb00000| Untracked 
| 188|0x000000008bc00000, 0x000000008bc00000, 0x000000008bd00000|  0%| F|  |TAMS 0x000000008bc00000, 0x000000008bc00000| Untracked 
| 189|0x000000008bd00000, 0x000000008bd00000, 0x000000008be00000|  0%| F|  |TAMS 0x000000008bd00000, 0x000000008bd00000| Untracked 
| 190|0x000000008be00000, 0x000000008be00000, 0x000000008bf00000|  0%| F|  |TAMS 0x000000008be00000, 0x000000008be00000| Untracked 
| 191|0x000000008bf00000, 0x000000008c000000, 0x000000008c000000|100%| E|  |TAMS 0x000000008bf00000, 0x000000008bf00000| Complete 
| 192|0x000000008c000000, 0x000000008c100000, 0x000000008c100000|100%| E|CS|TAMS 0x000000008c000000, 0x000000008c000000| Complete 
| 193|0x000000008c100000, 0x000000008c200000, 0x000000008c200000|100%| E|CS|TAMS 0x000000008c100000, 0x000000008c100000| Complete 
| 194|0x000000008c200000, 0x000000008c300000, 0x000000008c300000|100%| E|CS|TAMS 0x000000008c200000, 0x000000008c200000| Complete 
| 195|0x000000008c300000, 0x000000008c400000, 0x000000008c400000|100%| E|CS|TAMS 0x000000008c300000, 0x000000008c300000| Complete 
| 196|0x000000008c400000, 0x000000008c500000, 0x000000008c500000|100%| E|CS|TAMS 0x000000008c400000, 0x000000008c400000| Complete 
| 197|0x000000008c500000, 0x000000008c600000, 0x000000008c600000|100%| E|CS|TAMS 0x000000008c500000, 0x000000008c500000| Complete 
| 198|0x000000008c600000, 0x000000008c700000, 0x000000008c700000|100%| E|CS|TAMS 0x000000008c600000, 0x000000008c600000| Complete 
| 199|0x000000008c700000, 0x000000008c800000, 0x000000008c800000|100%| E|CS|TAMS 0x000000008c700000, 0x000000008c700000| Complete 
| 200|0x000000008c800000, 0x000000008c900000, 0x000000008c900000|100%| E|CS|TAMS 0x000000008c800000, 0x000000008c800000| Complete 
| 201|0x000000008c900000, 0x000000008ca00000, 0x000000008ca00000|100%| E|CS|TAMS 0x000000008c900000, 0x000000008c900000| Complete 
| 202|0x000000008ca00000, 0x000000008cb00000, 0x000000008cb00000|100%| E|CS|TAMS 0x000000008ca00000, 0x000000008ca00000| Complete 
| 203|0x000000008cb00000, 0x000000008cc00000, 0x000000008cc00000|100%| E|CS|TAMS 0x000000008cb00000, 0x000000008cb00000| Complete 
| 204|0x000000008cc00000, 0x000000008cd00000, 0x000000008cd00000|100%| E|CS|TAMS 0x000000008cc00000, 0x000000008cc00000| Complete 
| 205|0x000000008cd00000, 0x000000008ce00000, 0x000000008ce00000|100%| E|CS|TAMS 0x000000008cd00000, 0x000000008cd00000| Complete 
| 206|0x000000008ce00000, 0x000000008cf00000, 0x000000008cf00000|100%| E|CS|TAMS 0x000000008ce00000, 0x000000008ce00000| Complete 
| 207|0x000000008cf00000, 0x000000008d000000, 0x000000008d000000|100%| E|CS|TAMS 0x000000008cf00000, 0x000000008cf00000| Complete 
| 208|0x000000008d000000, 0x000000008d100000, 0x000000008d100000|100%| E|CS|TAMS 0x000000008d000000, 0x000000008d000000| Complete 
| 209|0x000000008d100000, 0x000000008d200000, 0x000000008d200000|100%| E|CS|TAMS 0x000000008d100000, 0x000000008d100000| Complete 
| 210|0x000000008d200000, 0x000000008d300000, 0x000000008d300000|100%| E|CS|TAMS 0x000000008d200000, 0x000000008d200000| Complete 
| 211|0x000000008d300000, 0x000000008d400000, 0x000000008d400000|100%| E|CS|TAMS 0x000000008d300000, 0x000000008d300000| Complete 
| 212|0x000000008d400000, 0x000000008d500000, 0x000000008d500000|100%| E|CS|TAMS 0x000000008d400000, 0x000000008d400000| Complete 
| 213|0x000000008d500000, 0x000000008d600000, 0x000000008d600000|100%| E|CS|TAMS 0x000000008d500000, 0x000000008d500000| Complete 
| 214|0x000000008d600000, 0x000000008d700000, 0x000000008d700000|100%| E|CS|TAMS 0x000000008d600000, 0x000000008d600000| Complete 
| 215|0x000000008d700000, 0x000000008d800000, 0x000000008d800000|100%| E|CS|TAMS 0x000000008d700000, 0x000000008d700000| Complete 
| 216|0x000000008d800000, 0x000000008d900000, 0x000000008d900000|100%| E|CS|TAMS 0x000000008d800000, 0x000000008d800000| Complete 
| 217|0x000000008d900000, 0x000000008da00000, 0x000000008da00000|100%| E|CS|TAMS 0x000000008d900000, 0x000000008d900000| Complete 
| 218|0x000000008da00000, 0x000000008db00000, 0x000000008db00000|100%| E|CS|TAMS 0x000000008da00000, 0x000000008da00000| Complete 
| 219|0x000000008db00000, 0x000000008dc00000, 0x000000008dc00000|100%| E|CS|TAMS 0x000000008db00000, 0x000000008db00000| Complete 
| 220|0x000000008dc00000, 0x000000008dd00000, 0x000000008dd00000|100%| E|CS|TAMS 0x000000008dc00000, 0x000000008dc00000| Complete 
| 221|0x000000008dd00000, 0x000000008de00000, 0x000000008de00000|100%| E|CS|TAMS 0x000000008dd00000, 0x000000008dd00000| Complete 

Card table byte_map: [0x0000026fe2320000,0x0000026fe2720000] _byte_map_base: 0x0000026fe1f20000

Marking Bits (Prev, Next): (CMBitMap*) 0x0000026fcf43f890, (CMBitMap*) 0x0000026fcf43f858
 Prev Bits: [0x0000026fe4b20000, 0x0000026fe6b20000)
 Next Bits: [0x0000026fe2b20000, 0x0000026fe4b20000)

Polling page: 0x0000026fcd360000

Metaspace:

Usage:
  Non-class:     74.92 MB capacity,    73.60 MB ( 98%) used,     1.10 MB (  1%) free+waste,   234.06 KB ( <1%) overhead. 
      Class:     11.72 MB capacity,    10.93 MB ( 93%) used,   703.99 KB (  6%) free+waste,   108.88 KB ( <1%) overhead. 
       Both:     86.65 MB capacity,    84.53 MB ( 98%) used,     1.79 MB (  2%) free+waste,   342.94 KB ( <1%) overhead. 

Virtual space:
  Non-class space:       76.00 MB reserved,      75.17 MB ( 99%) committed 
      Class space:        1.00 GB reserved,      11.75 MB (  1%) committed 
             Both:        1.07 GB reserved,      86.92 MB (  8%) committed 

Chunk freelists:
   Non-Class:  61.00 KB
       Class:  26.00 KB
        Both:  87.00 KB

MaxMetaspaceSize: 17179869184.00 GB
CompressedClassSpaceSize: 1.00 GB
Initial GC threshold: 20.80 MB
Current GC threshold: 140.50 MB
CDS: off

CodeHeap 'non-profiled nmethods': size=120064Kb used=5676Kb max_used=5676Kb free=114387Kb
 bounds [0x0000026fda9e0000, 0x0000026fdaf70000, 0x0000026fe1f20000]
CodeHeap 'profiled nmethods': size=120000Kb used=19707Kb max_used=19707Kb free=100292Kb
 bounds [0x0000026fd34b0000, 0x0000026fd47f0000, 0x0000026fda9e0000]
CodeHeap 'non-nmethods': size=5696Kb used=2376Kb max_used=2421Kb free=3320Kb
 bounds [0x0000026fd2f20000, 0x0000026fd3190000, 0x0000026fd34b0000]
 total_blobs=9997 nmethods=9096 adapters=813
 compilation: enabled
              stopped_count=0, restarted_count=0
 full_count=0

Compilation events (20 events):
Event: 26.214 Thread 0x0000026fe9028800 9151       3       org.codehaus.groovy.runtime.MetaClassHelper::sameClasses (48 bytes)
Event: 26.214 Thread 0x0000026fe9028800 nmethod 9151 0x0000026fd47ea810 code [0x0000026fd47eaa00, 0x0000026fd47eb028]
Event: 26.214 Thread 0x0000026fe9028800 9148       3       groovy.lang.MetaClassImpl::getMetaMethod (74 bytes)
Event: 26.214 Thread 0x0000026fe9027000 nmethod 9090 0x0000026fdaf68890 code [0x0000026fdaf68b20, 0x0000026fdaf698c8]
Event: 26.214 Thread 0x0000026fe9027000 9152       4       groovy.lang.MetaMethod::isStatic (16 bytes)
Event: 26.215 Thread 0x0000026fe9028800 nmethod 9148 0x0000026fd47eb210 code [0x0000026fd47eb420, 0x0000026fd47eb9a8]
Event: 26.215 Thread 0x0000026fe9028800 9149       3       groovy.lang.MetaClassImpl::getMethodWithCaching (65 bytes)
Event: 26.215 Thread 0x0000026fe9027000 nmethod 9152 0x0000026fdaf6a310 code [0x0000026fdaf6a4a0, 0x0000026fdaf6a558]
Event: 26.216 Thread 0x0000026fe9027000 9153       4       java.util.stream.Nodes$SpinedNodeBuilder::accept (29 bytes)
Event: 26.216 Thread 0x0000026fe9028800 nmethod 9149 0x0000026fd47ebb10 code [0x0000026fd47ebdc0, 0x0000026fd47ecd28]
Event: 26.216 Thread 0x0000026fe9028800 9150       3       groovy.lang.MetaClassImpl::getNormalMethodWithCaching (93 bytes)
Event: 26.218 Thread 0x0000026fe9028800 nmethod 9150 0x0000026fd47ed110 code [0x0000026fd47ed360, 0x0000026fd47eddb8]
Event: 26.233 Thread 0x0000026fe9027000 nmethod 9153 0x0000026fdaf6a610 code [0x0000026fdaf6a7e0, 0x0000026fdaf6afa8]
Event: 26.233 Thread 0x0000026fe9027000 9154 %     4       groovy.lang.MetaClassImpl::inheritInterfaceNewMetaMethods @ 100 (195 bytes)
Event: 26.233 Thread 0x0000026fe9028800 9155       3       com.sun.beans.WeakCache::get (42 bytes)
Event: 26.234 Thread 0x0000026fe9028800 nmethod 9155 0x0000026fd47ee090 code [0x0000026fd47ee280, 0x0000026fd47ee748]
Event: 26.242 Thread 0x0000026fe9028800 9158       3       org.gradle.tooling.internal.adapter.ProtocolToModelAdapter::access$200 (4 bytes)
Event: 26.242 Thread 0x0000026fe9028800 nmethod 9158 0x0000026fd47ee890 code [0x0000026fd47eea40, 0x0000026fd47eeb38]
Event: 26.246 Thread 0x0000026fe9028800 9159       3       jdk.internal.reflect.ClassFileAssembler::decStack (11 bytes)
Event: 26.246 Thread 0x0000026fe9028800 nmethod 9159 0x0000026fd47eec10 code [0x0000026fd47eedc0, 0x0000026fd47eeeb8]

GC Heap History (20 events):
Event: 17.949 GC heap before
{Heap before GC invocations=15 (full 0):
 garbage-first heap   total 189440K, used 151198K [0x0000000080000000, 0x0000000100000000)
  region size 1024K, 66 young (67584K), 10 survivors (10240K)
 Metaspace       used 65090K, capacity 66931K, committed 66992K, reserved 1107968K
  class space    used 8313K, capacity 8946K, committed 8960K, reserved 1048576K
}
Event: 17.971 GC heap after
{Heap after GC invocations=16 (full 0):
 garbage-first heap   total 189440K, used 95514K [0x0000000080000000, 0x0000000100000000)
  region size 1024K, 2 young (2048K), 2 survivors (2048K)
 Metaspace       used 65090K, capacity 66931K, committed 66992K, reserved 1107968K
  class space    used 8313K, capacity 8946K, committed 8960K, reserved 1048576K
}
Event: 18.728 GC heap before
{Heap before GC invocations=17 (full 0):
 garbage-first heap   total 189440K, used 109850K [0x0000000080000000, 0x0000000100000000)
  region size 1024K, 17 young (17408K), 2 survivors (2048K)
 Metaspace       used 68145K, capacity 69953K, committed 70320K, reserved 1110016K
  class space    used 8670K, capacity 9357K, committed 9472K, reserved 1048576K
}
Event: 18.738 GC heap after
{Heap after GC invocations=18 (full 0):
 garbage-first heap   total 189440K, used 97455K [0x0000000080000000, 0x0000000100000000)
  region size 1024K, 4 young (4096K), 4 survivors (4096K)
 Metaspace       used 68145K, capacity 69953K, committed 70320K, reserved 1110016K
  class space    used 8670K, capacity 9357K, committed 9472K, reserved 1048576K
}
Event: 19.048 GC heap before
{Heap before GC invocations=19 (full 0):
 garbage-first heap   total 189440K, used 115887K [0x0000000080000000, 0x0000000100000000)
  region size 1024K, 18 young (18432K), 4 survivors (4096K)
 Metaspace       used 68149K, capacity 69950K, committed 70320K, reserved 1110016K
  class space    used 8667K, capacity 9354K, committed 9472K, reserved 1048576K
}
Event: 19.063 GC heap after
{Heap after GC invocations=20 (full 0):
 garbage-first heap   total 189440K, used 104413K [0x0000000080000000, 0x0000000100000000)
  region size 1024K, 6 young (6144K), 6 survivors (6144K)
 Metaspace       used 68149K, capacity 69950K, committed 70320K, reserved 1110016K
  class space    used 8667K, capacity 9354K, committed 9472K, reserved 1048576K
}
Event: 20.301 GC heap before
{Heap before GC invocations=21 (full 0):
 garbage-first heap   total 189440K, used 144349K [0x0000000080000000, 0x0000000100000000)
  region size 1024K, 43 young (44032K), 6 survivors (6144K)
 Metaspace       used 71122K, capacity 72974K, committed 73136K, reserved 1112064K
  class space    used 9038K, capacity 9715K, committed 9728K, reserved 1048576K
}
Event: 20.313 GC heap after
{Heap after GC invocations=22 (full 0):
 garbage-first heap   total 189440K, used 101383K [0x0000000080000000, 0x0000000100000000)
  region size 1024K, 3 young (3072K), 3 survivors (3072K)
 Metaspace       used 71122K, capacity 72974K, committed 73136K, reserved 1112064K
  class space    used 9038K, capacity 9715K, committed 9728K, reserved 1048576K
}
Event: 20.576 GC heap before
{Heap before GC invocations=22 (full 0):
 garbage-first heap   total 189440K, used 109575K [0x0000000080000000, 0x0000000100000000)
  region size 1024K, 12 young (12288K), 3 survivors (3072K)
 Metaspace       used 71878K, capacity 73719K, committed 73776K, reserved 1114112K
  class space    used 9142K, capacity 9813K, committed 9856K, reserved 1048576K
}
Event: 20.583 GC heap after
{Heap after GC invocations=23 (full 0):
 garbage-first heap   total 189440K, used 102069K [0x0000000080000000, 0x0000000100000000)
  region size 1024K, 3 young (3072K), 3 survivors (3072K)
 Metaspace       used 71878K, capacity 73719K, committed 73776K, reserved 1114112K
  class space    used 9142K, capacity 9813K, committed 9856K, reserved 1048576K
}
Event: 22.076 GC heap before
{Heap before GC invocations=24 (full 0):
 garbage-first heap   total 189440K, used 149173K [0x0000000080000000, 0x0000000100000000)
  region size 1024K, 48 young (49152K), 3 survivors (3072K)
 Metaspace       used 75490K, capacity 77437K, committed 77616K, reserved 1116160K
  class space    used 9598K, capacity 10340K, committed 10368K, reserved 1048576K
}
Event: 22.090 GC heap after
{Heap after GC invocations=25 (full 0):
 garbage-first heap   total 189440K, used 104161K [0x0000000080000000, 0x0000000100000000)
  region size 1024K, 5 young (5120K), 5 survivors (5120K)
 Metaspace       used 75490K, capacity 77437K, committed 77616K, reserved 1116160K
  class space    used 9598K, capacity 10340K, committed 10368K, reserved 1048576K
}
Event: 22.746 GC heap before
{Heap before GC invocations=25 (full 0):
 garbage-first heap   total 189440K, used 150241K [0x0000000080000000, 0x0000000100000000)
  region size 1024K, 50 young (51200K), 5 survivors (5120K)
 Metaspace       used 76071K, capacity 78157K, committed 78256K, reserved 1118208K
  class space    used 9642K, capacity 10409K, committed 10496K, reserved 1048576K
}
Event: 22.771 GC heap after
{Heap after GC invocations=26 (full 0):
 garbage-first heap   total 189440K, used 107149K [0x0000000080000000, 0x0000000100000000)
  region size 1024K, 6 young (6144K), 6 survivors (6144K)
 Metaspace       used 76071K, capacity 78157K, committed 78256K, reserved 1118208K
  class space    used 9642K, capacity 10409K, committed 10496K, reserved 1048576K
}
Event: 24.165 GC heap before
{Heap before GC invocations=27 (full 0):
 garbage-first heap   total 189440K, used 153229K [0x0000000080000000, 0x0000000100000000)
  region size 1024K, 51 young (52224K), 6 survivors (6144K)
 Metaspace       used 81283K, capacity 83365K, committed 83376K, reserved 1122304K
  class space    used 10504K, capacity 11261K, committed 11264K, reserved 1048576K
}
Event: 24.183 GC heap after
{Heap after GC invocations=28 (full 0):
 garbage-first heap   total 189440K, used 109643K [0x0000000080000000, 0x0000000100000000)
  region size 1024K, 6 young (6144K), 6 survivors (6144K)
 Metaspace       used 81283K, capacity 83365K, committed 83376K, reserved 1122304K
  class space    used 10504K, capacity 11261K, committed 11264K, reserved 1048576K
}
Event: 24.748 GC heap before
{Heap before GC invocations=28 (full 0):
 garbage-first heap   total 189440K, used 133195K [0x0000000080000000, 0x0000000100000000)
  region size 1024K, 30 young (30720K), 6 survivors (6144K)
 Metaspace       used 83567K, capacity 85549K, committed 85808K, reserved 1124352K
  class space    used 10804K, capacity 11535K, committed 11648K, reserved 1048576K
}
Event: 24.762 GC heap after
{Heap after GC invocations=29 (full 0):
 garbage-first heap   total 189440K, used 111990K [0x0000000080000000, 0x0000000100000000)
  region size 1024K, 5 young (5120K), 5 survivors (5120K)
 Metaspace       used 83567K, capacity 85549K, committed 85808K, reserved 1124352K
  class space    used 10804K, capacity 11535K, committed 11648K, reserved 1048576K
}
Event: 26.014 GC heap before
{Heap before GC invocations=30 (full 0):
 garbage-first heap   total 189440K, used 175478K [0x0000000080000000, 0x0000000100000000)
  region size 1024K, 46 young (47104K), 5 survivors (5120K)
 Metaspace       used 85755K, capacity 87975K, committed 88240K, reserved 1126400K
  class space    used 11101K, capacity 11906K, committed 12032K, reserved 1048576K
}
Event: 26.033 GC heap after
{Heap after GC invocations=31 (full 0):
 garbage-first heap   total 227328K, used 141573K [0x0000000080000000, 0x0000000100000000)
  region size 1024K, 6 young (6144K), 6 survivors (6144K)
 Metaspace       used 85755K, capacity 87975K, committed 88240K, reserved 1126400K
  class space    used 11101K, capacity 11906K, committed 12032K, reserved 1048576K
}

Deoptimization events (20 events):
Event: 25.247 Thread 0x0000026fece98000 DEOPT PACKING pc=0x0000026fdac6216c sp=0x000000d80fdfdbf0
Event: 25.247 Thread 0x0000026fece98000 DEOPT UNPACKING pc=0x0000026fd2f6a1af sp=0x000000d80fdfdad8 mode 2
Event: 25.270 Thread 0x0000026fece98000 Uncommon trap: trap_request=0xffffffde fr.pc=0x0000026fdaad4128 relative=0x00000000000002e8
Event: 25.270 Thread 0x0000026fece98000 Uncommon trap: reason=class_check action=maybe_recompile pc=0x0000026fdaad4128 method=java.util.Collections$SetFromMap.remove(Ljava/lang/Object;)Z @ 5 c2
Event: 25.270 Thread 0x0000026fece98000 DEOPT PACKING pc=0x0000026fdaad4128 sp=0x000000d80fdfe5f0
Event: 25.270 Thread 0x0000026fece98000 DEOPT UNPACKING pc=0x0000026fd2f6a1af sp=0x000000d80fdfe5e8 mode 2
Event: 25.917 Thread 0x0000026fec4f8800 Uncommon trap: trap_request=0xffffff4d fr.pc=0x0000026fdac5fe54 relative=0x0000000000000e54
Event: 25.917 Thread 0x0000026fec4f8800 Uncommon trap: reason=unstable_if action=reinterpret pc=0x0000026fdac5fe54 method=groovy.lang.MetaClassImpl.checkIfStdMethod(Lgroovy/lang/MetaMethod;)V @ 167 c2
Event: 25.917 Thread 0x0000026fec4f8800 DEOPT PACKING pc=0x0000026fdac5fe54 sp=0x000000d80bbf9d60
Event: 25.917 Thread 0x0000026fec4f8800 DEOPT UNPACKING pc=0x0000026fd2f6a1af sp=0x000000d80bbf9cd0 mode 2
Event: 25.928 Thread 0x0000026fec4f8800 Uncommon trap: trap_request=0xffffff4d fr.pc=0x0000026fdac5d250 relative=0x0000000000000b70
Event: 25.928 Thread 0x0000026fec4f8800 Uncommon trap: reason=unstable_if action=reinterpret pc=0x0000026fdac5d250 method=groovy.lang.MetaClassImpl.checkIfStdMethod(Lgroovy/lang/MetaMethod;)V @ 167 c2
Event: 25.928 Thread 0x0000026fec4f8800 DEOPT PACKING pc=0x0000026fdac5d250 sp=0x000000d80bbf9cf0
Event: 25.928 Thread 0x0000026fec4f8800 DEOPT UNPACKING pc=0x0000026fd2f6a1af sp=0x000000d80bbf9cb8 mode 2
Event: 26.117 Thread 0x0000026fec4f8800 DEOPT PACKING pc=0x0000026fd412c02f sp=0x000000d80bbf8a10
Event: 26.117 Thread 0x0000026fec4f8800 DEOPT UNPACKING pc=0x0000026fd2f6a95e sp=0x000000d80bbf7e98 mode 0
Event: 26.245 Thread 0x0000026fec4f8800 Uncommon trap: trap_request=0xffffff7e fr.pc=0x0000026fdaf39148 relative=0x0000000000000088
Event: 26.245 Thread 0x0000026fec4f8800 Uncommon trap: reason=predicate action=maybe_recompile pc=0x0000026fdaf39148 method=java.util.TimSort.binarySort([Ljava/lang/Object;IIILjava/util/Comparator;)V @ 34 c2
Event: 26.245 Thread 0x0000026fec4f8800 DEOPT PACKING pc=0x0000026fdaf39148 sp=0x000000d80bbfa300
Event: 26.245 Thread 0x0000026fec4f8800 DEOPT UNPACKING pc=0x0000026fd2f6a1af sp=0x000000d80bbfa2c0 mode 2

Classes redefined (0 events):
No events

Internal exceptions (20 events):
Event: 25.904 Thread 0x0000026fec4f8800 Exception <a 'java/lang/ClassNotFoundException'{0x000000008913e578}: org/gradle/api/internal/AbstractValidatingNamedDomainObjectContainerCustomizer> (0x000000008913e578) thrown at [./src/hotspot/share/classfile/systemDictionary.cpp, line 231]
Event: 25.906 Thread 0x0000026fec4f8800 Exception <a 'java/lang/ClassNotFoundException'{0x0000000089174fc8}: org/gradle/api/internal/artifacts/configurations/DefaultConfigurationContainerCustomizer> (0x0000000089174fc8) thrown at [./src/hotspot/share/classfile/systemDictionary.cpp, line 231]
Event: 25.907 Thread 0x0000026fec4f8800 Exception <a 'java/lang/ClassNotFoundException'{0x00000000891b7290}: org/gradle/api/internal/artifacts/configurations/DefaultConfigurationContainer_DecoratedCustomizer> (0x00000000891b7290) thrown at [./src/hotspot/share/classfile/systemDictionary.cpp, line 231]
Event: 25.956 Thread 0x0000026fec4f8800 Exception <a 'java/lang/ClassNotFoundException'{0x0000000088f46650}: java/lang/IntegerBeanInfo> (0x0000000088f46650) thrown at [./src/hotspot/share/classfile/systemDictionary.cpp, line 231]
Event: 25.958 Thread 0x0000026fec4f8800 Exception <a 'java/lang/ClassNotFoundException'{0x0000000088f503b0}: java/lang/NumberBeanInfo> (0x0000000088f503b0) thrown at [./src/hotspot/share/classfile/systemDictionary.cpp, line 231]
Event: 25.958 Thread 0x0000026fec4f8800 Exception <a 'java/lang/ClassNotFoundException'{0x0000000088f5a538}: java/lang/NumberCustomizer> (0x0000000088f5a538) thrown at [./src/hotspot/share/classfile/systemDictionary.cpp, line 231]
Event: 25.960 Thread 0x0000026fec4f8800 Exception <a 'java/lang/ClassNotFoundException'{0x0000000088f675c8}: java/lang/IntegerCustomizer> (0x0000000088f675c8) thrown at [./src/hotspot/share/classfile/systemDictionary.cpp, line 231]
Event: 25.969 Thread 0x0000026fec4f8800 Exception <a 'java/lang/ClassNotFoundException'{0x0000000088fcf1c8}: org/gradle/internal/extensibility/DefaultConventionBeanInfo> (0x0000000088fcf1c8) thrown at [./src/hotspot/share/classfile/systemDictionary.cpp, line 231]
Event: 25.969 Thread 0x0000026fec4f8800 Exception <a 'java/lang/ClassNotFoundException'{0x0000000088fe6be0}: org/gradle/internal/extensibility/DefaultConventionCustomizer> (0x0000000088fe6be0) thrown at [./src/hotspot/share/classfile/systemDictionary.cpp, line 231]
Event: 25.987 Thread 0x0000026fec4f8800 Exception <a 'java/lang/ClassNotFoundException'{0x0000000088e91b88}: org/gradle/internal/extensibility/DefaultExtensionsSchemaBeanInfo> (0x0000000088e91b88) thrown at [./src/hotspot/share/classfile/systemDictionary.cpp, line 231]
Event: 25.988 Thread 0x0000026fec4f8800 Exception <a 'java/lang/ClassNotFoundException'{0x0000000088eaa900}: org/gradle/internal/extensibility/DefaultExtensionsSchemaCustomizer> (0x0000000088eaa900) thrown at [./src/hotspot/share/classfile/systemDictionary.cpp, line 231]
Event: 25.991 Thread 0x0000026fec4f8800 Exception <a 'java/lang/ClassNotFoundException'{0x0000000088eec778}: org/gradle/internal/extensibility/ExtensionsStorage$ExtensionHolderBeanInfo> (0x0000000088eec778) thrown at [./src/hotspot/share/classfile/systemDictionary.cpp, line 231]
Event: 25.993 Thread 0x0000026fec4f8800 Exception <a 'java/lang/ClassNotFoundException'{0x0000000088d06e18}: org/gradle/internal/extensibility/ExtensionsStorage$ExtensionHolderCustomizer> (0x0000000088d06e18) thrown at [./src/hotspot/share/classfile/systemDictionary.cpp, line 231]
Event: 26.012 Thread 0x0000026fec4f8800 Exception <a 'java/lang/ClassNotFoundException'{0x0000000088b3ef48}: org/codehaus/groovy/runtime/NullObjectBeanInfo> (0x0000000088b3ef48) thrown at [./src/hotspot/share/classfile/systemDictionary.cpp, line 231]
Event: 26.037 Thread 0x0000026fec4f8800 Exception <a 'java/lang/ClassNotFoundException'{0x000000008dc15c78}: org/codehaus/groovy/runtime/NullObjectCustomizer> (0x000000008dc15c78) thrown at [./src/hotspot/share/classfile/systemDictionary.cpp, line 231]
Event: 26.229 Thread 0x0000026fec4f8800 Exception <a 'java/lang/ClassNotFoundException'{0x000000008d4ca800}: org/gradle/api/internal/tasks/DefaultSourceSetContainer_DecoratedBeanInfo> (0x000000008d4ca800) thrown at [./src/hotspot/share/classfile/systemDictionary.cpp, line 231]
Event: 26.231 Thread 0x0000026fec4f8800 Exception <a 'java/lang/ClassNotFoundException'{0x000000008d4efba0}: org/gradle/api/internal/tasks/DefaultSourceSetContainerBeanInfo> (0x000000008d4efba0) thrown at [./src/hotspot/share/classfile/systemDictionary.cpp, line 231]
Event: 26.233 Thread 0x0000026fec4f8800 Exception <a 'java/lang/ClassNotFoundException'{0x000000008d315460}: org/gradle/api/internal/tasks/DefaultSourceSetContainerCustomizer> (0x000000008d315460) thrown at [./src/hotspot/share/classfile/systemDictionary.cpp, line 231]
Event: 26.235 Thread 0x0000026fec4f8800 Exception <a 'java/lang/ClassNotFoundException'{0x000000008d349860}: org/gradle/api/internal/tasks/DefaultSourceSetContainer_DecoratedCustomizer> (0x000000008d349860) thrown at [./src/hotspot/share/classfile/systemDictionary.cpp, line 231]
Event: 26.245 Thread 0x0000026fec4f8800 Exception <a 'java/lang/NoSuchMethodError'{0x000000008d3d0000}: <clinit>> (0x000000008d3d0000) thrown at [./src/hotspot/share/prims/jni.cpp, line 1366]

Events (20 events):
Event: 26.353 loading class java/io/PushbackInputStream
Event: 26.354 loading class java/io/PushbackInputStream done
Event: 26.354 loading class com/amazon/ion/impl/_Private_Utils$1
Event: 26.354 loading class com/amazon/ion/impl/_Private_Utils$1 done
Event: 26.356 loading class com/amazon/ion/impl/_Private_IonTextWriterBuilder$Mutable
Event: 26.356 loading class com/amazon/ion/impl/_Private_IonTextWriterBuilder$Mutable done
Event: 26.357 loading class com/amazon/ion/impl/IonWriterSystemText
Event: 26.357 loading class com/amazon/ion/impl/IonWriterSystemText done
Event: 26.359 loading class com/amazon/ion/impl/IonWriterSystem
Event: 26.359 loading class com/amazon/ion/impl/IonWriterSystem done
Event: 26.360 loading class com/amazon/ion/impl/_Private_IonWriterBase
Event: 26.360 loading class com/amazon/ion/impl/_Private_IonWriterBase done
Event: 26.362 loading class com/amazon/ion/impl/_Private_ReaderWriter
Event: 26.362 loading class com/amazon/ion/impl/_Private_ReaderWriter done
Event: 26.363 loading class com/amazon/ion/impl/IonWriterSystemTextMarkup
Event: 26.363 loading class com/amazon/ion/impl/IonWriterSystemTextMarkup done
Event: 26.364 loading class com/amazon/ion/util/_Private_FastAppendable
Event: 26.364 loading class com/amazon/ion/util/_Private_FastAppendable done
Event: 26.366 loading class com/amazon/ion/impl/SharedSymbolTable
Event: 26.366 loading class com/amazon/ion/impl/SharedSymbolTable done


Dynamic libraries:
0x00007ff612a10000 - 0x00007ff612a1a000 	C:\Program Files\Android\Android Studio\jre\bin\java.exe
0x00007ff85a720000 - 0x00007ff85a929000 	C:\Windows\SYSTEM32\ntdll.dll
0x00007ff85a330000 - 0x00007ff85a3ee000 	C:\Windows\System32\KERNEL32.DLL
0x00007ff857ff0000 - 0x00007ff85836b000 	C:\Windows\System32\KERNELBASE.dll
0x00007ff857c60000 - 0x00007ff857d71000 	C:\Windows\System32\ucrtbase.dll
0x00007ff8468f0000 - 0x00007ff846909000 	C:\Program Files\Android\Android Studio\jre\bin\jli.dll
0x00007ff85a530000 - 0x00007ff85a6dd000 	C:\Windows\System32\USER32.dll
0x00007ff857fc0000 - 0x00007ff857fe6000 	C:\Windows\System32\win32u.dll
0x00007ff858da0000 - 0x00007ff858dc9000 	C:\Windows\System32\GDI32.dll
0x00007ff857d80000 - 0x00007ff857e98000 	C:\Windows\System32\gdi32full.dll
0x00007ff857f20000 - 0x00007ff857fbd000 	C:\Windows\System32\msvcp_win.dll
0x00007ff8466e0000 - 0x00007ff8466f7000 	C:\Program Files\Android\Android Studio\jre\bin\VCRUNTIME140.dll
0x00007ff842350000 - 0x00007ff8425f5000 	C:\Windows\WinSxS\amd64_microsoft.windows.common-controls_6595b64144ccf1df_6.0.22000.120_none_9d947278b86cc467\COMCTL32.dll
0x00007ff85a480000 - 0x00007ff85a523000 	C:\Windows\System32\msvcrt.dll
0x00007ff85a0b0000 - 0x00007ff85a0e2000 	C:\Windows\System32\IMM32.DLL
0x00007ff82c6b0000 - 0x00007ff82c74d000 	C:\Program Files\Android\Android Studio\jre\bin\msvcp140.dll
0x00007ff8039e0000 - 0x00007ff8044e2000 	C:\Program Files\Android\Android Studio\jre\bin\server\jvm.dll
0x00007ff85a000000 - 0x00007ff85a0ae000 	C:\Windows\System32\ADVAPI32.dll
0x00007ff858850000 - 0x00007ff8588ee000 	C:\Windows\System32\sechost.dll
0x00007ff858c80000 - 0x00007ff858da0000 	C:\Windows\System32\RPCRT4.dll
0x00007ff858690000 - 0x00007ff858698000 	C:\Windows\System32\PSAPI.DLL
0x00007ff850740000 - 0x00007ff850749000 	C:\Windows\SYSTEM32\WSOCK32.dll
0x00007ff8597a0000 - 0x00007ff85980f000 	C:\Windows\System32\WS2_32.dll
0x00007ff8501d0000 - 0x00007ff850203000 	C:\Windows\SYSTEM32\WINMM.dll
0x00007ff84ac80000 - 0x00007ff84ac8a000 	C:\Windows\SYSTEM32\VERSION.dll
0x00007ff856d60000 - 0x00007ff856d78000 	C:\Windows\SYSTEM32\kernel.appcore.dll
0x00007ff84d300000 - 0x00007ff84d311000 	C:\Program Files\Android\Android Studio\jre\bin\verify.dll
0x00007ff855770000 - 0x00007ff855991000 	C:\Windows\SYSTEM32\DBGHELP.DLL
0x00007ff848f30000 - 0x00007ff848f61000 	C:\Windows\SYSTEM32\dbgcore.DLL
0x00007ff857ea0000 - 0x00007ff857f1f000 	C:\Windows\System32\bcryptPrimitives.dll
0x00007ff848f00000 - 0x00007ff848f29000 	C:\Program Files\Android\Android Studio\jre\bin\java.dll
0x00007ff84d2f0000 - 0x00007ff84d2fb000 	C:\Program Files\Android\Android Studio\jre\bin\jimage.dll
0x00007ff849e40000 - 0x00007ff849e58000 	C:\Program Files\Android\Android Studio\jre\bin\zip.dll
0x00007ff858dd0000 - 0x00007ff859587000 	C:\Windows\System32\SHELL32.dll
0x00007ff855c20000 - 0x00007ff856485000 	C:\Windows\SYSTEM32\windows.storage.dll
0x00007ff858900000 - 0x00007ff858c78000 	C:\Windows\System32\combase.dll
0x00007ff8559a0000 - 0x00007ff855b06000 	C:\Windows\SYSTEM32\wintypes.dll
0x00007ff858760000 - 0x00007ff85884a000 	C:\Windows\System32\SHCORE.dll
0x00007ff859810000 - 0x00007ff85986d000 	C:\Windows\System32\shlwapi.dll
0x00007ff857b20000 - 0x00007ff857b41000 	C:\Windows\SYSTEM32\profapi.dll
0x00007ff8497a0000 - 0x00007ff8497ba000 	C:\Program Files\Android\Android Studio\jre\bin\net.dll
0x00007ff84fbc0000 - 0x00007ff84fcd4000 	C:\Windows\SYSTEM32\WINHTTP.dll
0x00007ff857200000 - 0x00007ff857267000 	C:\Windows\system32\mswsock.dll
0x00007ff848930000 - 0x00007ff848944000 	C:\Program Files\Android\Android Studio\jre\bin\nio.dll
0x00007ff8456b0000 - 0x00007ff8456d7000 	C:\Users\Administrator\.gradle\native\e1d6ef7f7dcc3fd88c89a11ec53ec762bb8ba0a96d01ffa2cd45eb1d1d8dd5c5\windows-amd64\native-platform.dll
0x00007ff823580000 - 0x00007ff8236c4000 	C:\Users\Administrator\.gradle\native\0d407fdbe67a94daf76414ababcb853783967236a71b16ec16e742cd7a986fd3\windows-amd64\native-platform-file-events.dll
0x00007ff849ea0000 - 0x00007ff849eaa000 	C:\Program Files\Android\Android Studio\jre\bin\management.dll
0x00007ff849d20000 - 0x00007ff849d2d000 	C:\Program Files\Android\Android Studio\jre\bin\management_ext.dll
0x00007ff857450000 - 0x00007ff857468000 	C:\Windows\SYSTEM32\CRYPTSP.dll
0x00007ff856cc0000 - 0x00007ff856cf5000 	C:\Windows\system32\rsaenh.dll
0x00007ff8572f0000 - 0x00007ff857319000 	C:\Windows\SYSTEM32\USERENV.dll
0x00007ff8575d0000 - 0x00007ff8575f7000 	C:\Windows\SYSTEM32\bcrypt.dll
0x00007ff857440000 - 0x00007ff85744c000 	C:\Windows\SYSTEM32\CRYPTBASE.dll
0x00007ff856890000 - 0x00007ff8568bd000 	C:\Windows\SYSTEM32\IPHLPAPI.DLL
0x00007ff859590000 - 0x00007ff859599000 	C:\Windows\System32\NSI.dll
0x00007ff84f380000 - 0x00007ff84f399000 	C:\Windows\SYSTEM32\dhcpcsvc6.DLL
0x00007ff850590000 - 0x00007ff8505ae000 	C:\Windows\SYSTEM32\dhcpcsvc.DLL
0x00007ff8568c0000 - 0x00007ff8569a8000 	C:\Windows\SYSTEM32\DNSAPI.dll

dbghelp: loaded successfully - version: 4.0.5 - missing functions: none
symbol engine: initialized successfully - sym options: 0x614 - pdb path: .;C:\Program Files\Android\Android Studio\jre\bin;C:\Windows\SYSTEM32;C:\Windows\WinSxS\amd64_microsoft.windows.common-controls_6595b64144ccf1df_6.0.22000.120_none_9d947278b86cc467;C:\Program Files\Android\Android Studio\jre\bin\server;C:\Users\Administrator\.gradle\native\e1d6ef7f7dcc3fd88c89a11ec53ec762bb8ba0a96d01ffa2cd45eb1d1d8dd5c5\windows-amd64;C:\Users\Administrator\.gradle\native\0d407fdbe67a94daf76414ababcb853783967236a71b16ec16e742cd7a986fd3\windows-amd64

VM Arguments:
jvm_args: --add-opens=java.base/java.util=ALL-UNNAMED --add-opens=java.base/java.lang=ALL-UNNAMED --add-opens=java.base/java.lang.invoke=ALL-UNNAMED --add-opens=java.base/java.util=ALL-UNNAMED --add-opens=java.prefs/java.util.prefs=ALL-UNNAMED --add-opens=java.prefs/java.util.prefs=ALL-UNNAMED --add-opens=java.base/java.nio.charset=ALL-UNNAMED --add-opens=java.base/java.net=ALL-UNNAMED --add-opens=java.base/java.util.concurrent.atomic=ALL-UNNAMED -Xmx2048m -Dfile.encoding=UTF-8 -Duser.country=US -Duser.language=en -Duser.variant 
java_command: org.gradle.launcher.daemon.bootstrap.GradleDaemon 7.4
java_class_path (initial): C:\Users\Administrator\.gradle\wrapper\dists\gradle-7.4-bin\c0gwcg53nkjbqw7r0h0umtfvt\gradle-7.4\lib\gradle-launcher-7.4.jar
Launcher Type: SUN_STANDARD

[Global flags]
     intx CICompilerCount                          = 3                                         {product} {ergonomic}
     uint ConcGCThreads                            = 1                                         {product} {ergonomic}
     uint G1ConcRefinementThreads                  = 4                                         {product} {ergonomic}
   size_t G1HeapRegionSize                         = 1048576                                   {product} {ergonomic}
    uintx GCDrainStackTargetSize                   = 64                                        {product} {ergonomic}
   size_t InitialHeapSize                          = 134217728                                 {product} {ergonomic}
   size_t MarkStackSize                            = 4194304                                   {product} {ergonomic}
   size_t MaxHeapSize                              = 2147483648                                {product} {command line}
   size_t MaxNewSize                               = 1287651328                                {product} {ergonomic}
   size_t MinHeapDeltaBytes                        = 1048576                                   {product} {ergonomic}
    uintx NonNMethodCodeHeapSize                   = 5830732                                {pd product} {ergonomic}
    uintx NonProfiledCodeHeapSize                  = 122913754                              {pd product} {ergonomic}
    uintx ProfiledCodeHeapSize                     = 122913754                              {pd product} {ergonomic}
    uintx ReservedCodeCacheSize                    = 251658240                              {pd product} {ergonomic}
     bool SegmentedCodeCache                       = true                                      {product} {ergonomic}
     bool UseCompressedClassPointers               = true                                 {lp64_product} {ergonomic}
     bool UseCompressedOops                        = true                                 {lp64_product} {ergonomic}
     bool UseG1GC                                  = true                                      {product} {ergonomic}
     bool UseLargePagesIndividualAllocation        = false                                  {pd product} {ergonomic}

Logging:
Log output configuration:
 #0: stdout all=warning uptime,level,tags
 #1: stderr all=off uptime,level,tags

Environment Variables:
PATH=C:\Program Files (x86)\Common Files\Oracle\Java\javapath;C:\Windows\system32;C:\Windows;C:\Windows\System32\Wbem;C:\Windows\System32\WindowsPowerShell\v1.0\;C:\Windows\System32\OpenSSH\;C:\Program Files\Git\cmd;C:\xampp\php;C:\ProgramData\ComposerSetup\bin;C:\Program Files (x86)\NVIDIA Corporation\PhysX\Common;C:\Program Files\NVIDIA Corporation\NVIDIA NvDLISR;C:\Program Files\nodejs\;C:\Program Files\dotnet\;C:\Users\Administrator\AppData\Local\Microsoft\WindowsApps;C:\Users\Administrator\AppData\Local\Programs\Microsoft VS Code\bin;C:\Users\Administrator\AppData\Roaming\Composer\vendor\bin;D:\xampp\php\php.exe;C:\Users\Administrator\AppData\Roaming\npm;C:\Program Files\Java\jdk-19.0.1\bin;
USERNAME=Administrator
OS=Windows_NT
PROCESSOR_IDENTIFIER=Intel64 Family 6 Model 142 Stepping 9, GenuineIntel



---------------  S Y S T E M  ---------------

OS: Windows 11 , 64 bit Build 22000 (10.0.22000.1335)
OS uptime: 2 days 2:01 hours

CPU:total 4 (initial active 4) (2 cores per cpu, 2 threads per core) family 6 model 142 stepping 9 microcode 0xde, cmov, cx8, fxsr, mmx, sse, sse2, sse3, ssse3, sse4.1, sse4.2, popcnt, avx, avx2, aes, clmul, erms, 3dnowpref, lzcnt, ht, tsc, tscinvbit, bmi1, bmi2, adx, fma

Memory: 4k page, system-wide physical 8073M (475M free)
TotalPageFile size 8073M (AvailPageFile size 5M)
current process WorkingSet (physical memory assigned to process): 463M, peak: 463M
current process commit charge ("private bytes"): 501M, peak: 501M

vm_info: OpenJDK 64-Bit Server VM (11.0.13+0-b1751.21-8125866) for windows-amd64 JRE (11.0.13+0-b1751.21-8125866), built on Feb  2 2022 03:00:22 by "builder" with MS VC++ 14.0 (VS2015)

END.
