#
# There is insufficient memory for the Java Runtime Environment to continue.
# Native memory allocation (malloc) failed to allocate 2033616 bytes for Chunk::new
# Possible reasons:
#   The system is out of physical RAM or swap space
#   The process is running with CompressedOops enabled, and the Java Heap may be blocking the growth of the native heap
# Possible solutions:
#   Reduce memory load on the system
#   Increase physical memory or swap space
#   Check if swap backing store is full
#   Decrease Java heap size (-Xmx/-Xms)
#   Decrease number of Java threads
#   Decrease Java thread stack sizes (-Xss)
#   Set larger code cache with -XX:ReservedCodeCacheSize=
#   JVM is running with Unscaled Compressed Oops mode in which the Java heap is
#     placed in the first 4GB address space. The Java Heap base address is the
#     maximum limit for the native heap growth. Please use -XX:HeapBaseMinAddress
#     to set the Java Heap base and to place the Java Heap above 4GB virtual address.
# This output file may be truncated or incomplete.
#
#  Out of Memory Error (./src/hotspot/share/memory/arena.cpp:197), pid=8672, tid=11180
#
# JRE version: OpenJDK Runtime Environment (11.0.13) (build 11.0.13+0-b1751.21-8125866)
# Java VM: OpenJDK 64-Bit Server VM (11.0.13+0-b1751.21-8125866, mixed mode, tiered, compressed oops, g1 gc, windows-amd64)
# No core dump will be written. Minidumps are not enabled by default on client versions of Windows
#

---------------  S U M M A R Y ------------

Command Line: --add-opens=java.base/java.util=ALL-UNNAMED --add-opens=java.base/java.lang=ALL-UNNAMED --add-opens=java.base/java.lang.invoke=ALL-UNNAMED --add-opens=java.base/java.util=ALL-UNNAMED --add-opens=java.prefs/java.util.prefs=ALL-UNNAMED --add-opens=java.prefs/java.util.prefs=ALL-UNNAMED --add-opens=java.base/java.nio.charset=ALL-UNNAMED --add-opens=java.base/java.net=ALL-UNNAMED --add-opens=java.base/java.util.concurrent.atomic=ALL-UNNAMED -Xmx2048m -Dfile.encoding=UTF-8 -Duser.country=US -Duser.language=en -Duser.variant org.gradle.launcher.daemon.bootstrap.GradleDaemon 7.4

Host: Intel(R) Core(TM) i3-7020U CPU @ 2.30GHz, 4 cores, 7G,  Windows 11 , 64 bit Build 22000 (10.0.22000.1335)
Time: Sat Jan  7 23:20:04 2023 SE Asia Standard Time elapsed time: 33.223098 seconds (0d 0h 0m 33s)

---------------  T H R E A D  ---------------

Current thread (0x0000016914274800):  JavaThread "C2 CompilerThread1" daemon [_thread_in_native, id=11180, stack(0x0000000b1cf00000,0x0000000b1d000000)]


Current CompileTask:
C2:  33223 9188 %     4       groovy.lang.MetaClassImpl::inheritInterfaceNewMetaMethods @ 100 (195 bytes)

Stack: [0x0000000b1cf00000,0x0000000b1d000000]
Native frames: (J=compiled Java code, j=interpreted, Vv=VM code, C=native code)
V  [jvm.dll+0x6100fa]
V  [jvm.dll+0x747090]
V  [jvm.dll+0x7486ad]
V  [jvm.dll+0x748d83]
V  [jvm.dll+0x24ab48]
V  [jvm.dll+0xc04dc]
V  [jvm.dll+0xc0a0c]
V  [jvm.dll+0x35eb9d]
V  [jvm.dll+0x32b833]
V  [jvm.dll+0x32ad2a]
V  [jvm.dll+0x2032b2]
V  [jvm.dll+0x202437]
V  [jvm.dll+0x188e01]
V  [jvm.dll+0x21106b]
V  [jvm.dll+0x20f8c1]
V  [jvm.dll+0x70de0f]
V  [jvm.dll+0x706a75]
V  [jvm.dll+0x60ed66]
C  [ucrtbase.dll+0x26c0c]
C  [KERNEL32.DLL+0x155a0]
C  [ntdll.dll+0x485b]


---------------  P R O C E S S  ---------------

Threads class SMR info:
_java_thread_list=0x0000016912942860, length=82, elements={
0x000001697436c800, 0x000001697eed3000, 0x000001697eedb800, 0x000001697f872800,
0x000001697eef1800, 0x000001697eef6000, 0x000001697eef7000, 0x000001697ef05800,
0x000001697ef18800, 0x000001697f9b6800, 0x00000169128b9000, 0x0000016912849000,
0x0000016912fd6800, 0x000001691258d000, 0x0000016912e0c800, 0x00000169134d4800,
0x00000169134d5000, 0x0000016911737000, 0x0000016912917000, 0x00000169129b0000,
0x00000169129f3800, 0x00000169129f8800, 0x00000169129f7000, 0x00000169129f7800,
0x00000169129f4800, 0x00000169129fa000, 0x00000169129f9000, 0x00000169129f5000,
0x00000169129f6000, 0x000001691292b800, 0x000001691292a000, 0x000001691292b000,
0x000001691292c800, 0x000001691292e000, 0x000001691292d800, 0x000001691292f000,
0x0000016912929800, 0x0000016912933000, 0x0000016912930000, 0x0000016912934800,
0x0000016912932800, 0x0000016912934000, 0x0000016912935800, 0x0000016912936800,
0x0000016912930800, 0x0000016912937000, 0x0000016912931800, 0x0000016912e6e800,
0x0000016912e6f000, 0x0000016912e70000, 0x0000016912e71000, 0x0000016912e6c000,
0x0000016912e71800, 0x0000016912e72800, 0x0000016912e6d000, 0x0000016912e73800,
0x0000016912e6d800, 0x0000016912e76800, 0x0000016912e76000, 0x0000016912e7a000,
0x0000016912e75000, 0x0000016912e79000, 0x0000016912e74000, 0x0000016912e77800,
0x0000016912e78000, 0x0000016912e7a800, 0x0000016915f53000, 0x0000016915f52000,
0x0000016915f51800, 0x0000016915f4e000, 0x0000016915f4f000, 0x0000016915f4f800,
0x0000016915f4d800, 0x0000016915f54000, 0x0000016915f54800, 0x0000016915f55800,
0x0000016915f56000, 0x0000016915f50800, 0x0000016915f58800, 0x0000016914274800,
0x0000016915f58000, 0x0000016915f5c000
}

Java Threads: ( => current thread )
  0x000001697436c800 JavaThread "main" [_thread_blocked, id=13948, stack(0x0000000b1a300000,0x0000000b1a400000)]
  0x000001697eed3000 JavaThread "Reference Handler" daemon [_thread_blocked, id=7784, stack(0x0000000b1aa00000,0x0000000b1ab00000)]
  0x000001697eedb800 JavaThread "Finalizer" daemon [_thread_blocked, id=12096, stack(0x0000000b1ab00000,0x0000000b1ac00000)]
  0x000001697f872800 JavaThread "Signal Dispatcher" daemon [_thread_blocked, id=14444, stack(0x0000000b1ac00000,0x0000000b1ad00000)]
  0x000001697eef1800 JavaThread "Attach Listener" daemon [_thread_blocked, id=11020, stack(0x0000000b1ad00000,0x0000000b1ae00000)]
  0x000001697eef6000 JavaThread "Service Thread" daemon [_thread_blocked, id=9452, stack(0x0000000b1ae00000,0x0000000b1af00000)]
  0x000001697eef7000 JavaThread "C2 CompilerThread0" daemon [_thread_in_native, id=7780, stack(0x0000000b1af00000,0x0000000b1b000000)]
  0x000001697ef05800 JavaThread "C1 CompilerThread0" daemon [_thread_blocked, id=6936, stack(0x0000000b1b000000,0x0000000b1b100000)]
  0x000001697ef18800 JavaThread "Sweeper thread" daemon [_thread_blocked, id=3664, stack(0x0000000b1b100000,0x0000000b1b200000)]
  0x000001697f9b6800 JavaThread "Common-Cleaner" daemon [_thread_blocked, id=6948, stack(0x0000000b1b200000,0x0000000b1b300000)]
  0x00000169128b9000 JavaThread "Daemon health stats" [_thread_blocked, id=8904, stack(0x0000000b1b700000,0x0000000b1b800000)]
  0x0000016912849000 JavaThread "Incoming local TCP Connector on port 2396" [_thread_in_native, id=14740, stack(0x0000000b1b400000,0x0000000b1b500000)]
  0x0000016912fd6800 JavaThread "Daemon periodic checks" [_thread_blocked, id=6976, stack(0x0000000b1b800000,0x0000000b1b900000)]
  0x000001691258d000 JavaThread "Daemon" [_thread_blocked, id=14800, stack(0x0000000b1b900000,0x0000000b1ba00000)]
  0x0000016912e0c800 JavaThread "Handler for socket connection from /127.0.0.1:2396 to /127.0.0.1:2397" [_thread_in_native, id=1140, stack(0x0000000b1ba00000,0x0000000b1bb00000)]
  0x00000169134d4800 JavaThread "Cancel handler" [_thread_blocked, id=14664, stack(0x0000000b1bb00000,0x0000000b1bc00000)]
  0x00000169134d5000 JavaThread "Daemon worker" [_thread_in_Java, id=11840, stack(0x0000000b1bc00000,0x0000000b1bd00000)]
  0x0000016911737000 JavaThread "Asynchronous log dispatcher for DefaultDaemonConnection: socket connection from /127.0.0.1:2396 to /127.0.0.1:2397" [_thread_blocked, id=13700, stack(0x0000000b1bd00000,0x0000000b1be00000)]
  0x0000016912917000 JavaThread "Stdin handler" [_thread_blocked, id=12216, stack(0x0000000b1be00000,0x0000000b1bf00000)]
  0x00000169129b0000 JavaThread "Daemon client event forwarder" [_thread_blocked, id=5416, stack(0x0000000b1bf00000,0x0000000b1c000000)]
  0x00000169129f3800 JavaThread "Cache worker for journal cache (C:\Users\Administrator\.gradle\caches\journal-1)" [_thread_blocked, id=468, stack(0x0000000b1c100000,0x0000000b1c200000)]
  0x00000169129f8800 JavaThread "File lock request listener" [_thread_in_native, id=9780, stack(0x0000000b1c200000,0x0000000b1c300000)]
  0x00000169129f7000 JavaThread "Cache worker for file hash cache (C:\Users\Administrator\.gradle\caches\7.4\fileHashes)" [_thread_blocked, id=14064, stack(0x0000000b1c300000,0x0000000b1c400000)]
  0x00000169129f7800 JavaThread "File watcher server" daemon [_thread_in_native, id=4036, stack(0x0000000b1c500000,0x0000000b1c600000)]
  0x00000169129f4800 JavaThread "File watcher consumer" daemon [_thread_blocked, id=9004, stack(0x0000000b1c600000,0x0000000b1c700000)]
  0x00000169129fa000 JavaThread "jar transforms" [_thread_blocked, id=6096, stack(0x0000000b1c700000,0x0000000b1c800000)]
  0x00000169129f9000 JavaThread "jar transforms Thread 2" [_thread_blocked, id=14116, stack(0x0000000b1c800000,0x0000000b1c900000)]
  0x00000169129f5000 JavaThread "jar transforms Thread 3" [_thread_blocked, id=9628, stack(0x0000000b1c900000,0x0000000b1ca00000)]
  0x00000169129f6000 JavaThread "jar transforms Thread 4" [_thread_blocked, id=11572, stack(0x0000000b1ca00000,0x0000000b1cb00000)]
  0x000001691292b800 JavaThread "Cache worker for checksums cache (D:\SETIK\findbarber\.gradle\7.4\checksums)" [_thread_blocked, id=8480, stack(0x0000000b1cb00000,0x0000000b1cc00000)]
  0x000001691292a000 JavaThread "Cache worker for cache directory md-rule (C:\Users\Administrator\.gradle\caches\7.4\md-rule)" [_thread_blocked, id=10528, stack(0x0000000b1cc00000,0x0000000b1cd00000)]
  0x000001691292b000 JavaThread "Cache worker for file hash cache (D:\SETIK\findbarber\.gradle\7.4\fileHashes)" [_thread_blocked, id=12812, stack(0x0000000b1cd00000,0x0000000b1ce00000)]
  0x000001691292c800 JavaThread "Cache worker for cache directory md-supplier (C:\Users\Administrator\.gradle\caches\7.4\md-supplier)" [_thread_blocked, id=11136, stack(0x0000000b1ce00000,0x0000000b1cf00000)]
  0x000001691292e000 JavaThread "Cache worker for execution history cache (C:\Users\Administrator\.gradle\caches\7.4\executionHistory)" [_thread_blocked, id=5060, stack(0x0000000b1c400000,0x0000000b1c500000)]
  0x000001691292d800 JavaThread "Cache worker for file content cache (C:\Users\Administrator\.gradle\caches\7.4\fileContent)" [_thread_blocked, id=15352, stack(0x0000000b1d000000,0x0000000b1d100000)]
  0x000001691292f000 JavaThread "Cache worker for dependencies-accessors (D:\SETIK\findbarber\.gradle\7.4\dependencies-accessors)" [_thread_blocked, id=1960, stack(0x0000000b1d100000,0x0000000b1d200000)]
  0x0000016912929800 JavaThread "Daemon Thread 2" [_thread_blocked, id=11460, stack(0x0000000b1d200000,0x0000000b1d300000)]
  0x0000016912933000 JavaThread "Cache worker for Build Output Cleanup Cache (D:\SETIK\findbarber\.gradle\buildOutputCleanup)" [_thread_blocked, id=2444, stack(0x0000000b1d400000,0x0000000b1d500000)]
  0x0000016912930000 JavaThread "Unconstrained build operations" [_thread_blocked, id=10640, stack(0x0000000b1d300000,0x0000000b1d400000)]
  0x0000016912934800 JavaThread "Unconstrained build operations Thread 2" [_thread_blocked, id=1368, stack(0x0000000b1d500000,0x0000000b1d600000)]
  0x0000016912932800 JavaThread "Unconstrained build operations Thread 3" [_thread_blocked, id=11340, stack(0x0000000b1d600000,0x0000000b1d700000)]
  0x0000016912934000 JavaThread "Unconstrained build operations Thread 4" [_thread_blocked, id=4908, stack(0x0000000b1d700000,0x0000000b1d800000)]
  0x0000016912935800 JavaThread "Unconstrained build operations Thread 5" [_thread_blocked, id=3348, stack(0x0000000b1d800000,0x0000000b1d900000)]
  0x0000016912936800 JavaThread "Unconstrained build operations Thread 6" [_thread_blocked, id=8552, stack(0x0000000b1d900000,0x0000000b1da00000)]
  0x0000016912930800 JavaThread "Unconstrained build operations Thread 7" [_thread_blocked, id=14672, stack(0x0000000b1da00000,0x0000000b1db00000)]
  0x0000016912937000 JavaThread "Unconstrained build operations Thread 8" [_thread_blocked, id=13404, stack(0x0000000b1db00000,0x0000000b1dc00000)]
  0x0000016912931800 JavaThread "Unconstrained build operations Thread 9" [_thread_blocked, id=8024, stack(0x0000000b1dc00000,0x0000000b1dd00000)]
  0x0000016912e6e800 JavaThread "Unconstrained build operations Thread 10" [_thread_blocked, id=8248, stack(0x0000000b1dd00000,0x0000000b1de00000)]
  0x0000016912e6f000 JavaThread "Unconstrained build operations Thread 11" [_thread_blocked, id=1348, stack(0x0000000b1de00000,0x0000000b1df00000)]
  0x0000016912e70000 JavaThread "Unconstrained build operations Thread 12" [_thread_blocked, id=7076, stack(0x0000000b1df00000,0x0000000b1e000000)]
  0x0000016912e71000 JavaThread "Unconstrained build operations Thread 13" [_thread_blocked, id=588, stack(0x0000000b1e000000,0x0000000b1e100000)]
  0x0000016912e6c000 JavaThread "Unconstrained build operations Thread 14" [_thread_blocked, id=11592, stack(0x0000000b1e100000,0x0000000b1e200000)]
  0x0000016912e71800 JavaThread "Unconstrained build operations Thread 15" [_thread_blocked, id=13524, stack(0x0000000b1e200000,0x0000000b1e300000)]
  0x0000016912e72800 JavaThread "Unconstrained build operations Thread 16" [_thread_blocked, id=8732, stack(0x0000000b1e300000,0x0000000b1e400000)]
  0x0000016912e6d000 JavaThread "Unconstrained build operations Thread 17" [_thread_blocked, id=9528, stack(0x0000000b1e400000,0x0000000b1e500000)]
  0x0000016912e73800 JavaThread "Unconstrained build operations Thread 18" [_thread_blocked, id=8260, stack(0x0000000b1e500000,0x0000000b1e600000)]
  0x0000016912e6d800 JavaThread "Unconstrained build operations Thread 19" [_thread_blocked, id=10412, stack(0x0000000b1e600000,0x0000000b1e700000)]
  0x0000016912e76800 JavaThread "Unconstrained build operations Thread 20" [_thread_blocked, id=5240, stack(0x0000000b1e700000,0x0000000b1e800000)]
  0x0000016912e76000 JavaThread "Unconstrained build operations Thread 21" [_thread_blocked, id=5044, stack(0x0000000b1e800000,0x0000000b1e900000)]
  0x0000016912e7a000 JavaThread "Unconstrained build operations Thread 22" [_thread_blocked, id=7620, stack(0x0000000b1e900000,0x0000000b1ea00000)]
  0x0000016912e75000 JavaThread "Unconstrained build operations Thread 23" [_thread_blocked, id=13912, stack(0x0000000b1ea00000,0x0000000b1eb00000)]
  0x0000016912e79000 JavaThread "Unconstrained build operations Thread 24" [_thread_blocked, id=11964, stack(0x0000000b1eb00000,0x0000000b1ec00000)]
  0x0000016912e74000 JavaThread "Unconstrained build operations Thread 25" [_thread_blocked, id=13956, stack(0x0000000b1ec00000,0x0000000b1ed00000)]
  0x0000016912e77800 JavaThread "Unconstrained build operations Thread 26" [_thread_blocked, id=9624, stack(0x0000000b1ed00000,0x0000000b1ee00000)]
  0x0000016912e78000 JavaThread "Unconstrained build operations Thread 27" [_thread_blocked, id=6464, stack(0x0000000b1ee00000,0x0000000b1ef00000)]
  0x0000016912e7a800 JavaThread "Unconstrained build operations Thread 28" [_thread_blocked, id=1608, stack(0x0000000b1ef00000,0x0000000b1f000000)]
  0x0000016915f53000 JavaThread "Unconstrained build operations Thread 29" [_thread_blocked, id=6168, stack(0x0000000b1f000000,0x0000000b1f100000)]
  0x0000016915f52000 JavaThread "Unconstrained build operations Thread 30" [_thread_blocked, id=4656, stack(0x0000000b1f100000,0x0000000b1f200000)]
  0x0000016915f51800 JavaThread "Unconstrained build operations Thread 31" [_thread_blocked, id=11052, stack(0x0000000b1f200000,0x0000000b1f300000)]
  0x0000016915f4e000 JavaThread "Unconstrained build operations Thread 32" [_thread_blocked, id=11116, stack(0x0000000b1f300000,0x0000000b1f400000)]
  0x0000016915f4f000 JavaThread "Unconstrained build operations Thread 33" [_thread_blocked, id=14876, stack(0x0000000b1f400000,0x0000000b1f500000)]
  0x0000016915f4f800 JavaThread "Unconstrained build operations Thread 34" [_thread_blocked, id=10520, stack(0x0000000b1f500000,0x0000000b1f600000)]
  0x0000016915f4d800 JavaThread "Unconstrained build operations Thread 35" [_thread_blocked, id=8048, stack(0x0000000b1f600000,0x0000000b1f700000)]
  0x0000016915f54000 JavaThread "Unconstrained build operations Thread 36" [_thread_blocked, id=11112, stack(0x0000000b1f700000,0x0000000b1f800000)]
  0x0000016915f54800 JavaThread "Unconstrained build operations Thread 37" [_thread_blocked, id=9228, stack(0x0000000b1f800000,0x0000000b1f900000)]
  0x0000016915f55800 JavaThread "Unconstrained build operations Thread 38" [_thread_blocked, id=9020, stack(0x0000000b1f900000,0x0000000b1fa00000)]
  0x0000016915f56000 JavaThread "Unconstrained build operations Thread 39" [_thread_blocked, id=3676, stack(0x0000000b1fa00000,0x0000000b1fb00000)]
  0x0000016915f50800 JavaThread "Unconstrained build operations Thread 40" [_thread_blocked, id=11268, stack(0x0000000b1fb00000,0x0000000b1fc00000)]
  0x0000016915f58800 JavaThread "Memory manager" [_thread_blocked, id=13168, stack(0x0000000b1fc00000,0x0000000b1fd00000)]
=>0x0000016914274800 JavaThread "C2 CompilerThread1" daemon [_thread_in_native, id=11180, stack(0x0000000b1cf00000,0x0000000b1d000000)]
  0x0000016915f58000 JavaThread "included builds" [_thread_blocked, id=2396, stack(0x0000000b1fd00000,0x0000000b1fe00000)]
  0x0000016915f5c000 JavaThread "Cache worker for execution history cache (D:\SETIK\findbarber\.gradle\7.4\executionHistory)" [_thread_blocked, id=13588, stack(0x0000000b20100000,0x0000000b20200000)]

Other Threads:
  0x000001697eece000 VMThread "VM Thread" [stack: 0x0000000b1a900000,0x0000000b1aa00000] [id=7144]
  0x000001697f9cf800 WatcherThread [stack: 0x0000000b1b300000,0x0000000b1b400000] [id=8628]
  0x0000016974387000 GCTaskThread "GC Thread#0" [stack: 0x0000000b1a400000,0x0000000b1a500000] [id=3464]
  0x00000169112b1000 GCTaskThread "GC Thread#1" [stack: 0x0000000b1b500000,0x0000000b1b600000] [id=14760]
  0x00000169111e8000 GCTaskThread "GC Thread#2" [stack: 0x0000000b1b600000,0x0000000b1b700000] [id=5952]
  0x0000016912e2a800 GCTaskThread "GC Thread#3" [stack: 0x0000000b1c000000,0x0000000b1c100000] [id=13184]
  0x00000169743b9800 ConcurrentGCThread "G1 Main Marker" [stack: 0x0000000b1a500000,0x0000000b1a600000] [id=8768]
  0x00000169743bb800 ConcurrentGCThread "G1 Conc#0" [stack: 0x0000000b1a600000,0x0000000b1a700000] [id=5964]
  0x000001697443e800 ConcurrentGCThread "G1 Refine#0" [stack: 0x0000000b1a700000,0x0000000b1a800000] [id=2320]
  0x0000016974441000 ConcurrentGCThread "G1 Young RemSet Sampling" [stack: 0x0000000b1a800000,0x0000000b1a900000] [id=10252]

Threads with active compile tasks:
C2 CompilerThread0  33246 9184       4       java.beans.Introspector::addMethod (196 bytes)
C2 CompilerThread1  33246 9188 %     4       groovy.lang.MetaClassImpl::inheritInterfaceNewMetaMethods @ 100 (195 bytes)

VM state:not at safepoint (normal execution)

VM Mutex/Monitor currently owned by a thread: None

Heap address: 0x0000000080000000, size: 2048 MB, Compressed Oops mode: 32-bit
Narrow klass base: 0x0000000000000000, Narrow klass shift: 3
Compressed class space size: 1073741824 Address: 0x0000000100000000

Heap:
 garbage-first heap   total 227328K, used 153347K [0x0000000080000000, 0x0000000100000000)
  region size 1024K, 10 young (10240K), 2 survivors (2048K)
 Metaspace       used 88478K, capacity 90745K, committed 90800K, reserved 1128448K
  class space    used 11472K, capacity 12286K, committed 12288K, reserved 1048576K
Heap Regions: E=young(eden), S=young(survivor), O=old, HS=humongous(starts), HC=humongous(continues), CS=collection set, F=free, A=archive, TAMS=top-at-mark-start (previous, next)
|   0|0x0000000080000000, 0x0000000080100000, 0x0000000080100000|100%|HS|  |TAMS 0x0000000080100000, 0x0000000080000000| Complete 
|   1|0x0000000080100000, 0x0000000080200000, 0x0000000080200000|100%|HC|  |TAMS 0x0000000080200000, 0x0000000080100000| Complete 
|   2|0x0000000080200000, 0x0000000080300000, 0x0000000080300000|100%|HC|  |TAMS 0x0000000080300000, 0x0000000080200000| Complete 
|   3|0x0000000080300000, 0x0000000080400000, 0x0000000080400000|100%| O|  |TAMS 0x0000000080400000, 0x0000000080300000| Updating 
|   4|0x0000000080400000, 0x0000000080500000, 0x0000000080500000|100%| O|  |TAMS 0x0000000080500000, 0x0000000080400000| Updating 
|   5|0x0000000080500000, 0x0000000080600000, 0x0000000080600000|100%| O|  |TAMS 0x0000000080600000, 0x0000000080500000| Updating 
|   6|0x0000000080600000, 0x0000000080700000, 0x0000000080700000|100%| O|  |TAMS 0x0000000080700000, 0x0000000080600000| Updating 
|   7|0x0000000080700000, 0x0000000080800000, 0x0000000080800000|100%| O|  |TAMS 0x0000000080800000, 0x0000000080700000| Updating 
|   8|0x0000000080800000, 0x0000000080900000, 0x0000000080900000|100%| O|  |TAMS 0x0000000080900000, 0x0000000080800000| Updating 
|   9|0x0000000080900000, 0x0000000080a00000, 0x0000000080a00000|100%| O|  |TAMS 0x0000000080a00000, 0x0000000080900000| Updating 
|  10|0x0000000080a00000, 0x0000000080b00000, 0x0000000080b00000|100%| O|  |TAMS 0x0000000080b00000, 0x0000000080a00000| Updating 
|  11|0x0000000080b00000, 0x0000000080c00000, 0x0000000080c00000|100%| O|  |TAMS 0x0000000080c00000, 0x0000000080b00000| Updating 
|  12|0x0000000080c00000, 0x0000000080d00000, 0x0000000080d00000|100%| O|  |TAMS 0x0000000080d00000, 0x0000000080c00000| Updating 
|  13|0x0000000080d00000, 0x0000000080e00000, 0x0000000080e00000|100%| O|  |TAMS 0x0000000080e00000, 0x0000000080d00000| Updating 
|  14|0x0000000080e00000, 0x0000000080f00000, 0x0000000080f00000|100%| O|  |TAMS 0x0000000080f00000, 0x0000000080e00000| Updating 
|  15|0x0000000080f00000, 0x0000000081000000, 0x0000000081000000|100%| O|  |TAMS 0x0000000081000000, 0x0000000080f00000| Updating 
|  16|0x0000000081000000, 0x0000000081100000, 0x0000000081100000|100%|HS|  |TAMS 0x0000000081100000, 0x0000000081000000| Complete 
|  17|0x0000000081100000, 0x0000000081200000, 0x0000000081200000|100%|HC|  |TAMS 0x0000000081200000, 0x0000000081100000| Complete 
|  18|0x0000000081200000, 0x0000000081300000, 0x0000000081300000|100%|HS|  |TAMS 0x0000000081300000, 0x0000000081200000| Complete 
|  19|0x0000000081300000, 0x0000000081400000, 0x0000000081400000|100%|HC|  |TAMS 0x0000000081400000, 0x0000000081300000| Complete 
|  20|0x0000000081400000, 0x0000000081500000, 0x0000000081500000|100%|HC|  |TAMS 0x0000000081500000, 0x0000000081400000| Complete 
|  21|0x0000000081500000, 0x0000000081600000, 0x0000000081600000|100%|HS|  |TAMS 0x0000000081600000, 0x0000000081500000| Complete 
|  22|0x0000000081600000, 0x0000000081700000, 0x0000000081700000|100%|HC|  |TAMS 0x0000000081700000, 0x0000000081600000| Complete 
|  23|0x0000000081700000, 0x0000000081800000, 0x0000000081800000|100%|HC|  |TAMS 0x0000000081800000, 0x0000000081700000| Complete 
|  24|0x0000000081800000, 0x0000000081900000, 0x0000000081900000|100%|HS|  |TAMS 0x0000000081900000, 0x0000000081800000| Complete 
|  25|0x0000000081900000, 0x0000000081a00000, 0x0000000081a00000|100%|HC|  |TAMS 0x0000000081a00000, 0x0000000081900000| Complete 
|  26|0x0000000081a00000, 0x0000000081b00000, 0x0000000081b00000|100%|HC|  |TAMS 0x0000000081b00000, 0x0000000081a00000| Complete 
|  27|0x0000000081b00000, 0x0000000081c00000, 0x0000000081c00000|100%|HC|  |TAMS 0x0000000081c00000, 0x0000000081b00000| Complete 
|  28|0x0000000081c00000, 0x0000000081d00000, 0x0000000081d00000|100%|HC|  |TAMS 0x0000000081d00000, 0x0000000081c00000| Complete 
|  29|0x0000000081d00000, 0x0000000081e00000, 0x0000000081e00000|100%|HS|  |TAMS 0x0000000081e00000, 0x0000000081d00000| Complete 
|  30|0x0000000081e00000, 0x0000000081f00000, 0x0000000081f00000|100%| O|  |TAMS 0x0000000081f00000, 0x0000000081e00000| Updating 
|  31|0x0000000081f00000, 0x0000000082000000, 0x0000000082000000|100%| O|  |TAMS 0x0000000082000000, 0x0000000081f00000| Updating 
|  32|0x0000000082000000, 0x0000000082100000, 0x0000000082100000|100%| O|  |TAMS 0x0000000082100000, 0x0000000082000000| Updating 
|  33|0x0000000082100000, 0x0000000082200000, 0x0000000082200000|100%| O|  |TAMS 0x0000000082200000, 0x0000000082100000| Updating 
|  34|0x0000000082200000, 0x0000000082300000, 0x0000000082300000|100%| O|  |TAMS 0x0000000082300000, 0x0000000082200000| Updating 
|  35|0x0000000082300000, 0x0000000082400000, 0x0000000082400000|100%| O|  |TAMS 0x0000000082400000, 0x0000000082300000| Updating 
|  36|0x0000000082400000, 0x0000000082500000, 0x0000000082500000|100%| O|  |TAMS 0x0000000082500000, 0x0000000082400000| Updating 
|  37|0x0000000082500000, 0x0000000082600000, 0x0000000082600000|100%| O|  |TAMS 0x0000000082600000, 0x0000000082500000| Updating 
|  38|0x0000000082600000, 0x0000000082700000, 0x0000000082700000|100%| O|  |TAMS 0x0000000082700000, 0x0000000082600000| Updating 
|  39|0x0000000082700000, 0x0000000082800000, 0x0000000082800000|100%|HS|  |TAMS 0x0000000082800000, 0x0000000082700000| Complete 
|  40|0x0000000082800000, 0x0000000082900000, 0x0000000082900000|100%|HC|  |TAMS 0x0000000082900000, 0x0000000082800000| Complete 
|  41|0x0000000082900000, 0x0000000082a00000, 0x0000000082a00000|100%|HC|  |TAMS 0x0000000082a00000, 0x0000000082900000| Complete 
|  42|0x0000000082a00000, 0x0000000082b00000, 0x0000000082b00000|100%|HC|  |TAMS 0x0000000082b00000, 0x0000000082a00000| Complete 
|  43|0x0000000082b00000, 0x0000000082c00000, 0x0000000082c00000|100%|HS|  |TAMS 0x0000000082c00000, 0x0000000082b00000| Complete 
|  44|0x0000000082c00000, 0x0000000082d00000, 0x0000000082d00000|100%|HC|  |TAMS 0x0000000082d00000, 0x0000000082c00000| Complete 
|  45|0x0000000082d00000, 0x0000000082e00000, 0x0000000082e00000|100%|HC|  |TAMS 0x0000000082e00000, 0x0000000082d00000| Complete 
|  46|0x0000000082e00000, 0x0000000082f00000, 0x0000000082f00000|100%|HS|  |TAMS 0x0000000082f00000, 0x0000000082e00000| Complete 
|  47|0x0000000082f00000, 0x0000000083000000, 0x0000000083000000|100%|HC|  |TAMS 0x0000000083000000, 0x0000000082f00000| Complete 
|  48|0x0000000083000000, 0x0000000083100000, 0x0000000083100000|100%|HS|  |TAMS 0x0000000083100000, 0x0000000083000000| Complete 
|  49|0x0000000083100000, 0x0000000083200000, 0x0000000083200000|100%|HC|  |TAMS 0x0000000083200000, 0x0000000083100000| Complete 
|  50|0x0000000083200000, 0x0000000083300000, 0x0000000083300000|100%|HC|  |TAMS 0x0000000083300000, 0x0000000083200000| Complete 
|  51|0x0000000083300000, 0x0000000083400000, 0x0000000083400000|100%| O|  |TAMS 0x0000000083400000, 0x0000000083300000| Updating 
|  52|0x0000000083400000, 0x0000000083500000, 0x0000000083500000|100%| O|  |TAMS 0x0000000083500000, 0x0000000083400000| Updating 
|  53|0x0000000083500000, 0x0000000083600000, 0x0000000083600000|100%| O|  |TAMS 0x0000000083600000, 0x0000000083500000| Updating 
|  54|0x0000000083600000, 0x0000000083700000, 0x0000000083700000|100%| O|  |TAMS 0x0000000083700000, 0x0000000083600000| Updating 
|  55|0x0000000083700000, 0x0000000083800000, 0x0000000083800000|100%| O|  |TAMS 0x0000000083800000, 0x0000000083700000| Updating 
|  56|0x0000000083800000, 0x0000000083900000, 0x0000000083900000|100%| O|  |TAMS 0x0000000083900000, 0x0000000083800000| Updating 
|  57|0x0000000083900000, 0x0000000083a00000, 0x0000000083a00000|100%|HS|  |TAMS 0x0000000083a00000, 0x0000000083900000| Complete 
|  58|0x0000000083a00000, 0x0000000083b00000, 0x0000000083b00000|100%|HC|  |TAMS 0x0000000083b00000, 0x0000000083a00000| Complete 
|  59|0x0000000083b00000, 0x0000000083c00000, 0x0000000083c00000|100%|HC|  |TAMS 0x0000000083c00000, 0x0000000083b00000| Complete 
|  60|0x0000000083c00000, 0x0000000083d00000, 0x0000000083d00000|100%|HC|  |TAMS 0x0000000083d00000, 0x0000000083c00000| Complete 
|  61|0x0000000083d00000, 0x0000000083e00000, 0x0000000083e00000|100%|HC|  |TAMS 0x0000000083e00000, 0x0000000083d00000| Complete 
|  62|0x0000000083e00000, 0x0000000083f00000, 0x0000000083f00000|100%| O|  |TAMS 0x0000000083f00000, 0x0000000083e00000| Updating 
|  63|0x0000000083f00000, 0x0000000084000000, 0x0000000084000000|100%| O|  |TAMS 0x0000000084000000, 0x0000000083f00000| Updating 
|  64|0x0000000084000000, 0x0000000084100000, 0x0000000084100000|100%| O|  |TAMS 0x0000000084100000, 0x0000000084000000| Updating 
|  65|0x0000000084100000, 0x0000000084200000, 0x0000000084200000|100%| O|  |TAMS 0x0000000084200000, 0x0000000084100000| Updating 
|  66|0x0000000084200000, 0x0000000084300000, 0x0000000084300000|100%| O|  |TAMS 0x0000000084300000, 0x0000000084200000| Updating 
|  67|0x0000000084300000, 0x0000000084400000, 0x0000000084400000|100%| O|  |TAMS 0x0000000084400000, 0x0000000084300000| Updating 
|  68|0x0000000084400000, 0x0000000084500000, 0x0000000084500000|100%| O|  |TAMS 0x0000000084500000, 0x0000000084400000| Updating 
|  69|0x0000000084500000, 0x0000000084600000, 0x0000000084600000|100%| O|  |TAMS 0x0000000084600000, 0x0000000084500000| Updating 
|  70|0x0000000084600000, 0x0000000084700000, 0x0000000084700000|100%| O|  |TAMS 0x0000000084700000, 0x0000000084600000| Updating 
|  71|0x0000000084700000, 0x0000000084800000, 0x0000000084800000|100%| O|  |TAMS 0x0000000084800000, 0x0000000084700000| Updating 
|  72|0x0000000084800000, 0x0000000084900000, 0x0000000084900000|100%| O|  |TAMS 0x0000000084900000, 0x0000000084800000| Updating 
|  73|0x0000000084900000, 0x0000000084a00000, 0x0000000084a00000|100%|HS|  |TAMS 0x0000000084a00000, 0x0000000084900000| Complete 
|  74|0x0000000084a00000, 0x0000000084b00000, 0x0000000084b00000|100%|HS|  |TAMS 0x0000000084b00000, 0x0000000084a00000| Complete 
|  75|0x0000000084b00000, 0x0000000084c00000, 0x0000000084c00000|100%|HS|  |TAMS 0x0000000084c00000, 0x0000000084b00000| Complete 
|  76|0x0000000084c00000, 0x0000000084d00000, 0x0000000084d00000|100%|HS|  |TAMS 0x0000000084d00000, 0x0000000084c00000| Complete 
|  77|0x0000000084d00000, 0x0000000084e00000, 0x0000000084e00000|100%|HC|  |TAMS 0x0000000084e00000, 0x0000000084d00000| Complete 
|  78|0x0000000084e00000, 0x0000000084f00000, 0x0000000084f00000|100%|HC|  |TAMS 0x0000000084f00000, 0x0000000084e00000| Complete 
|  79|0x0000000084f00000, 0x0000000085000000, 0x0000000085000000|100%|HC|  |TAMS 0x0000000085000000, 0x0000000084f00000| Complete 
|  80|0x0000000085000000, 0x0000000085100000, 0x0000000085100000|100%| O|  |TAMS 0x0000000085100000, 0x0000000085000000| Updating 
|  81|0x0000000085100000, 0x0000000085200000, 0x0000000085200000|100%| O|  |TAMS 0x0000000085200000, 0x0000000085100000| Updating 
|  82|0x0000000085200000, 0x0000000085300000, 0x0000000085300000|100%|HS|  |TAMS 0x0000000085300000, 0x0000000085200000| Complete 
|  83|0x0000000085300000, 0x0000000085400000, 0x0000000085400000|100%|HC|  |TAMS 0x0000000085400000, 0x0000000085300000| Complete 
|  84|0x0000000085400000, 0x0000000085500000, 0x0000000085500000|100%| O|  |TAMS 0x0000000085500000, 0x0000000085400000| Updating 
|  85|0x0000000085500000, 0x0000000085600000, 0x0000000085600000|100%| O|  |TAMS 0x0000000085600000, 0x0000000085500000| Updating 
|  86|0x0000000085600000, 0x0000000085700000, 0x0000000085700000|100%| O|  |TAMS 0x0000000085700000, 0x0000000085600000| Updating 
|  87|0x0000000085700000, 0x0000000085800000, 0x0000000085800000|100%| O|  |TAMS 0x0000000085800000, 0x0000000085700000| Updating 
|  88|0x0000000085800000, 0x0000000085900000, 0x0000000085900000|100%| O|  |TAMS 0x0000000085900000, 0x0000000085800000| Updating 
|  89|0x0000000085900000, 0x0000000085a00000, 0x0000000085a00000|100%| O|  |TAMS 0x0000000085a00000, 0x0000000085900000| Updating 
|  90|0x0000000085a00000, 0x0000000085b00000, 0x0000000085b00000|100%| O|  |TAMS 0x0000000085b00000, 0x0000000085a00000| Updating 
|  91|0x0000000085b00000, 0x0000000085c00000, 0x0000000085c00000|100%| O|  |TAMS 0x0000000085c00000, 0x0000000085b00000| Updating 
|  92|0x0000000085c00000, 0x0000000085d00000, 0x0000000085d00000|100%| O|  |TAMS 0x0000000085d00000, 0x0000000085c00000| Updating 
|  93|0x0000000085d00000, 0x0000000085e00000, 0x0000000085e00000|100%| O|  |TAMS 0x0000000085e00000, 0x0000000085d00000| Updating 
|  94|0x0000000085e00000, 0x0000000085f00000, 0x0000000085f00000|100%| O|  |TAMS 0x0000000085f00000, 0x0000000085e00000| Updating 
|  95|0x0000000085f00000, 0x0000000086000000, 0x0000000086000000|100%| O|  |TAMS 0x0000000086000000, 0x0000000085f00000| Updating 
|  96|0x0000000086000000, 0x0000000086100000, 0x0000000086100000|100%| O|  |TAMS 0x0000000086100000, 0x0000000086000000| Updating 
|  97|0x0000000086100000, 0x0000000086200000, 0x0000000086200000|100%| O|  |TAMS 0x0000000086200000, 0x0000000086100000| Updating 
|  98|0x0000000086200000, 0x0000000086300000, 0x0000000086300000|100%| O|  |TAMS 0x0000000086300000, 0x0000000086200000| Updating 
|  99|0x0000000086300000, 0x0000000086400000, 0x0000000086400000|100%| O|  |TAMS 0x0000000086400000, 0x0000000086300000| Updating 
| 100|0x0000000086400000, 0x0000000086500000, 0x0000000086500000|100%| O|  |TAMS 0x0000000086500000, 0x0000000086400000| Updating 
| 101|0x0000000086500000, 0x0000000086600000, 0x0000000086600000|100%| O|  |TAMS 0x0000000086600000, 0x0000000086500000| Updating 
| 102|0x0000000086600000, 0x0000000086700000, 0x0000000086700000|100%| O|  |TAMS 0x0000000086700000, 0x0000000086600000| Updating 
| 103|0x0000000086700000, 0x0000000086800000, 0x0000000086800000|100%| O|  |TAMS 0x0000000086800000, 0x0000000086700000| Updating 
| 104|0x0000000086800000, 0x0000000086900000, 0x0000000086900000|100%| O|  |TAMS 0x0000000086900000, 0x0000000086800000| Updating 
| 105|0x0000000086900000, 0x0000000086a00000, 0x0000000086a00000|100%| O|  |TAMS 0x0000000086a00000, 0x0000000086900000| Updating 
| 106|0x0000000086a00000, 0x0000000086b00000, 0x0000000086b00000|100%| O|  |TAMS 0x0000000086b00000, 0x0000000086a00000| Updating 
| 107|0x0000000086b00000, 0x0000000086c00000, 0x0000000086c00000|100%|HS|  |TAMS 0x0000000086c00000, 0x0000000086b00000| Complete 
| 108|0x0000000086c00000, 0x0000000086d00000, 0x0000000086d00000|100%|HC|  |TAMS 0x0000000086d00000, 0x0000000086c00000| Complete 
| 109|0x0000000086d00000, 0x0000000086e00000, 0x0000000086e00000|100%|HC|  |TAMS 0x0000000086e00000, 0x0000000086d00000| Complete 
| 110|0x0000000086e00000, 0x0000000086f00000, 0x0000000086f00000|100%|HC|  |TAMS 0x0000000086f00000, 0x0000000086e00000| Complete 
| 111|0x0000000086f00000, 0x0000000087000000, 0x0000000087000000|100%|HS|  |TAMS 0x0000000087000000, 0x0000000086f00000| Complete 
| 112|0x0000000087000000, 0x0000000087100000, 0x0000000087100000|100%|HC|  |TAMS 0x0000000087100000, 0x0000000087000000| Complete 
| 113|0x0000000087100000, 0x0000000087200000, 0x0000000087200000|100%|HS|  |TAMS 0x0000000087200000, 0x0000000087100000| Complete 
| 114|0x0000000087200000, 0x0000000087300000, 0x0000000087300000|100%|HC|  |TAMS 0x0000000087300000, 0x0000000087200000| Complete 
| 115|0x0000000087300000, 0x0000000087400000, 0x0000000087400000|100%|HC|  |TAMS 0x0000000087400000, 0x0000000087300000| Complete 
| 116|0x0000000087400000, 0x0000000087500000, 0x0000000087500000|100%|HS|  |TAMS 0x0000000087500000, 0x0000000087400000| Complete 
| 117|0x0000000087500000, 0x0000000087600000, 0x0000000087600000|100%|HC|  |TAMS 0x0000000087600000, 0x0000000087500000| Complete 
| 118|0x0000000087600000, 0x0000000087700000, 0x0000000087700000|100%|HC|  |TAMS 0x0000000087700000, 0x0000000087600000| Complete 
| 119|0x0000000087700000, 0x0000000087800000, 0x0000000087800000|100%|HS|  |TAMS 0x0000000087800000, 0x0000000087700000| Complete 
| 120|0x0000000087800000, 0x0000000087900000, 0x0000000087900000|100%|HC|  |TAMS 0x0000000087900000, 0x0000000087800000| Complete 
| 121|0x0000000087900000, 0x0000000087a00000, 0x0000000087a00000|100%|HC|  |TAMS 0x0000000087a00000, 0x0000000087900000| Complete 
| 122|0x0000000087a00000, 0x0000000087b00000, 0x0000000087b00000|100%|HC|  |TAMS 0x0000000087b00000, 0x0000000087a00000| Complete 
| 123|0x0000000087b00000, 0x0000000087c00000, 0x0000000087c00000|100%|HC|  |TAMS 0x0000000087c00000, 0x0000000087b00000| Complete 
| 124|0x0000000087c00000, 0x0000000087d00000, 0x0000000087d00000|100%|HS|  |TAMS 0x0000000087d00000, 0x0000000087c00000| Complete 
| 125|0x0000000087d00000, 0x0000000087e00000, 0x0000000087e00000|100%|HS|  |TAMS 0x0000000087e00000, 0x0000000087d00000| Complete 
| 126|0x0000000087e00000, 0x0000000087f00000, 0x0000000087f00000|100%|HC|  |TAMS 0x0000000087f00000, 0x0000000087e00000| Complete 
| 127|0x0000000087f00000, 0x0000000088000000, 0x0000000088000000|100%|HC|  |TAMS 0x0000000088000000, 0x0000000087f00000| Complete 
| 128|0x0000000088000000, 0x0000000088100000, 0x0000000088100000|100%|HC|  |TAMS 0x0000000088100000, 0x0000000088000000| Complete 
| 129|0x0000000088100000, 0x0000000088200000, 0x0000000088200000|100%| O|  |TAMS 0x0000000088200000, 0x0000000088100000| Updating 
| 130|0x0000000088200000, 0x0000000088300000, 0x0000000088300000|100%| O|  |TAMS 0x0000000088300000, 0x0000000088200000| Updating 
| 131|0x0000000088300000, 0x0000000088400000, 0x0000000088400000|100%| O|  |TAMS 0x0000000088400000, 0x0000000088300000| Updating 
| 132|0x0000000088400000, 0x0000000088500000, 0x0000000088500000|100%| O|  |TAMS 0x0000000088500000, 0x0000000088400000| Updating 
| 133|0x0000000088500000, 0x0000000088600000, 0x0000000088600000|100%| O|  |TAMS 0x0000000088600000, 0x0000000088500000| Updating 
| 134|0x0000000088600000, 0x0000000088700000, 0x0000000088700000|100%| O|  |TAMS 0x0000000088700000, 0x0000000088600000| Updating 
| 135|0x0000000088700000, 0x0000000088800000, 0x0000000088800000|100%| O|  |TAMS 0x0000000088800000, 0x0000000088700000| Updating 
| 136|0x0000000088800000, 0x0000000088900000, 0x0000000088900000|100%| O|  |TAMS 0x0000000088900000, 0x0000000088800000| Updating 
| 137|0x0000000088900000, 0x0000000088925200, 0x0000000088a00000| 14%| O|  |TAMS 0x0000000088900000, 0x0000000088900000| Updating 
| 138|0x0000000088a00000, 0x0000000088a00000, 0x0000000088b00000|  0%| F|  |TAMS 0x0000000088a00000, 0x0000000088a00000| Untracked 
| 139|0x0000000088b00000, 0x0000000088b00000, 0x0000000088c00000|  0%| F|  |TAMS 0x0000000088b00000, 0x0000000088b00000| Untracked 
| 140|0x0000000088c00000, 0x0000000088c00000, 0x0000000088d00000|  0%| F|  |TAMS 0x0000000088c00000, 0x0000000088c00000| Untracked 
| 141|0x0000000088d00000, 0x0000000088d00000, 0x0000000088e00000|  0%| F|  |TAMS 0x0000000088d00000, 0x0000000088d00000| Untracked 
| 142|0x0000000088e00000, 0x0000000088e00000, 0x0000000088f00000|  0%| F|  |TAMS 0x0000000088e00000, 0x0000000088e00000| Untracked 
| 143|0x0000000088f00000, 0x0000000089000000, 0x0000000089000000|100%| O|  |TAMS 0x0000000089000000, 0x0000000088f00000| Updating 
| 144|0x0000000089000000, 0x0000000089100000, 0x0000000089100000|100%| O|  |TAMS 0x0000000089100000, 0x0000000089000000| Updating 
| 145|0x0000000089100000, 0x0000000089200000, 0x0000000089200000|100%| O|  |TAMS 0x0000000089200000, 0x0000000089100000| Updating 
| 146|0x0000000089200000, 0x0000000089300000, 0x0000000089300000|100%| O|  |TAMS 0x0000000089251400, 0x0000000089200000| Updating 
| 147|0x0000000089300000, 0x0000000089300000, 0x0000000089400000|  0%| F|  |TAMS 0x0000000089300000, 0x0000000089300000| Untracked 
| 148|0x0000000089400000, 0x0000000089400000, 0x0000000089500000|  0%| F|  |TAMS 0x0000000089400000, 0x0000000089400000| Untracked 
| 149|0x0000000089500000, 0x0000000089500000, 0x0000000089600000|  0%| F|  |TAMS 0x0000000089500000, 0x0000000089500000| Untracked 
| 150|0x0000000089600000, 0x0000000089600000, 0x0000000089700000|  0%| F|  |TAMS 0x0000000089600000, 0x0000000089600000| Untracked 
| 151|0x0000000089700000, 0x0000000089700000, 0x0000000089800000|  0%| F|  |TAMS 0x0000000089700000, 0x0000000089700000| Untracked 
| 152|0x0000000089800000, 0x0000000089800000, 0x0000000089900000|  0%| F|  |TAMS 0x0000000089800000, 0x0000000089800000| Untracked 
| 153|0x0000000089900000, 0x0000000089900000, 0x0000000089a00000|  0%| F|  |TAMS 0x0000000089900000, 0x0000000089900000| Untracked 
| 154|0x0000000089a00000, 0x0000000089a00000, 0x0000000089b00000|  0%| F|  |TAMS 0x0000000089a00000, 0x0000000089a00000| Untracked 
| 155|0x0000000089b00000, 0x0000000089b00000, 0x0000000089c00000|  0%| F|  |TAMS 0x0000000089b00000, 0x0000000089b00000| Untracked 
| 156|0x0000000089c00000, 0x0000000089c00000, 0x0000000089d00000|  0%| F|  |TAMS 0x0000000089c00000, 0x0000000089c00000| Untracked 
| 157|0x0000000089d00000, 0x0000000089d00000, 0x0000000089e00000|  0%| F|  |TAMS 0x0000000089d00000, 0x0000000089d00000| Untracked 
| 158|0x0000000089e00000, 0x0000000089e00000, 0x0000000089f00000|  0%| F|  |TAMS 0x0000000089e00000, 0x0000000089e00000| Untracked 
| 159|0x0000000089f00000, 0x0000000089f00000, 0x000000008a000000|  0%| F|  |TAMS 0x0000000089f00000, 0x0000000089f00000| Untracked 
| 160|0x000000008a000000, 0x000000008a000000, 0x000000008a100000|  0%| F|  |TAMS 0x000000008a000000, 0x000000008a000000| Untracked 
| 161|0x000000008a100000, 0x000000008a100000, 0x000000008a200000|  0%| F|  |TAMS 0x000000008a100000, 0x000000008a100000| Untracked 
| 162|0x000000008a200000, 0x000000008a200000, 0x000000008a300000|  0%| F|  |TAMS 0x000000008a200000, 0x000000008a200000| Untracked 
| 163|0x000000008a300000, 0x000000008a300000, 0x000000008a400000|  0%| F|  |TAMS 0x000000008a300000, 0x000000008a300000| Untracked 
| 164|0x000000008a400000, 0x000000008a400000, 0x000000008a500000|  0%| F|  |TAMS 0x000000008a400000, 0x000000008a400000| Untracked 
| 165|0x000000008a500000, 0x000000008a59bb58, 0x000000008a600000| 60%| S|CS|TAMS 0x000000008a500000, 0x000000008a500000| Complete 
| 166|0x000000008a600000, 0x000000008a700000, 0x000000008a700000|100%| S|CS|TAMS 0x000000008a600000, 0x000000008a600000| Complete 
| 167|0x000000008a700000, 0x000000008a700000, 0x000000008a800000|  0%| F|  |TAMS 0x000000008a700000, 0x000000008a700000| Untracked 
| 168|0x000000008a800000, 0x000000008a800000, 0x000000008a900000|  0%| F|  |TAMS 0x000000008a800000, 0x000000008a800000| Untracked 
| 169|0x000000008a900000, 0x000000008a900000, 0x000000008aa00000|  0%| F|  |TAMS 0x000000008a900000, 0x000000008a900000| Untracked 
| 170|0x000000008aa00000, 0x000000008aa00000, 0x000000008ab00000|  0%| F|  |TAMS 0x000000008aa00000, 0x000000008aa00000| Untracked 
| 171|0x000000008ab00000, 0x000000008ab00000, 0x000000008ac00000|  0%| F|  |TAMS 0x000000008ab00000, 0x000000008ab00000| Untracked 
| 172|0x000000008ac00000, 0x000000008ac00000, 0x000000008ad00000|  0%| F|  |TAMS 0x000000008ac00000, 0x000000008ac00000| Untracked 
| 173|0x000000008ad00000, 0x000000008ad00000, 0x000000008ae00000|  0%| F|  |TAMS 0x000000008ad00000, 0x000000008ad00000| Untracked 
| 174|0x000000008ae00000, 0x000000008ae00000, 0x000000008af00000|  0%| F|  |TAMS 0x000000008ae00000, 0x000000008ae00000| Untracked 
| 175|0x000000008af00000, 0x000000008af00000, 0x000000008b000000|  0%| F|  |TAMS 0x000000008af00000, 0x000000008af00000| Untracked 
| 176|0x000000008b000000, 0x000000008b000000, 0x000000008b100000|  0%| F|  |TAMS 0x000000008b000000, 0x000000008b000000| Untracked 
| 177|0x000000008b100000, 0x000000008b100000, 0x000000008b200000|  0%| F|  |TAMS 0x000000008b100000, 0x000000008b100000| Untracked 
| 178|0x000000008b200000, 0x000000008b200000, 0x000000008b300000|  0%| F|  |TAMS 0x000000008b200000, 0x000000008b200000| Untracked 
| 179|0x000000008b300000, 0x000000008b300000, 0x000000008b400000|  0%| F|  |TAMS 0x000000008b300000, 0x000000008b300000| Untracked 
| 180|0x000000008b400000, 0x000000008b400000, 0x000000008b500000|  0%| F|  |TAMS 0x000000008b400000, 0x000000008b400000| Untracked 
| 181|0x000000008b500000, 0x000000008b500000, 0x000000008b600000|  0%| F|  |TAMS 0x000000008b500000, 0x000000008b500000| Untracked 
| 182|0x000000008b600000, 0x000000008b600000, 0x000000008b700000|  0%| F|  |TAMS 0x000000008b600000, 0x000000008b600000| Untracked 
| 183|0x000000008b700000, 0x000000008b700000, 0x000000008b800000|  0%| F|  |TAMS 0x000000008b700000, 0x000000008b700000| Untracked 
| 184|0x000000008b800000, 0x000000008b800000, 0x000000008b900000|  0%| F|  |TAMS 0x000000008b800000, 0x000000008b800000| Untracked 
| 185|0x000000008b900000, 0x000000008b900000, 0x000000008ba00000|  0%| F|  |TAMS 0x000000008b900000, 0x000000008b900000| Untracked 
| 186|0x000000008ba00000, 0x000000008ba00000, 0x000000008bb00000|  0%| F|  |TAMS 0x000000008ba00000, 0x000000008ba00000| Untracked 
| 187|0x000000008bb00000, 0x000000008bb00000, 0x000000008bc00000|  0%| F|  |TAMS 0x000000008bb00000, 0x000000008bb00000| Untracked 
| 188|0x000000008bc00000, 0x000000008bc00000, 0x000000008bd00000|  0%| F|  |TAMS 0x000000008bc00000, 0x000000008bc00000| Untracked 
| 189|0x000000008bd00000, 0x000000008bd00000, 0x000000008be00000|  0%| F|  |TAMS 0x000000008bd00000, 0x000000008bd00000| Untracked 
| 190|0x000000008be00000, 0x000000008be00000, 0x000000008bf00000|  0%| F|  |TAMS 0x000000008be00000, 0x000000008be00000| Untracked 
| 191|0x000000008bf00000, 0x000000008bf00000, 0x000000008c000000|  0%| F|  |TAMS 0x000000008bf00000, 0x000000008bf00000| Untracked 
| 192|0x000000008c000000, 0x000000008c000000, 0x000000008c100000|  0%| F|  |TAMS 0x000000008c000000, 0x000000008c000000| Untracked 
| 193|0x000000008c100000, 0x000000008c100000, 0x000000008c200000|  0%| F|  |TAMS 0x000000008c100000, 0x000000008c100000| Untracked 
| 194|0x000000008c200000, 0x000000008c200000, 0x000000008c300000|  0%| F|  |TAMS 0x000000008c200000, 0x000000008c200000| Untracked 
| 195|0x000000008c300000, 0x000000008c300000, 0x000000008c400000|  0%| F|  |TAMS 0x000000008c300000, 0x000000008c300000| Untracked 
| 196|0x000000008c400000, 0x000000008c400000, 0x000000008c500000|  0%| F|  |TAMS 0x000000008c400000, 0x000000008c400000| Untracked 
| 197|0x000000008c500000, 0x000000008c500000, 0x000000008c600000|  0%| F|  |TAMS 0x000000008c500000, 0x000000008c500000| Untracked 
| 198|0x000000008c600000, 0x000000008c600000, 0x000000008c700000|  0%| F|  |TAMS 0x000000008c600000, 0x000000008c600000| Untracked 
| 199|0x000000008c700000, 0x000000008c700000, 0x000000008c800000|  0%| F|  |TAMS 0x000000008c700000, 0x000000008c700000| Untracked 
| 200|0x000000008c800000, 0x000000008c800000, 0x000000008c900000|  0%| F|  |TAMS 0x000000008c800000, 0x000000008c800000| Untracked 
| 201|0x000000008c900000, 0x000000008c900000, 0x000000008ca00000|  0%| F|  |TAMS 0x000000008c900000, 0x000000008c900000| Untracked 
| 202|0x000000008ca00000, 0x000000008ca00000, 0x000000008cb00000|  0%| F|  |TAMS 0x000000008ca00000, 0x000000008ca00000| Untracked 
| 203|0x000000008cb00000, 0x000000008cb00000, 0x000000008cc00000|  0%| F|  |TAMS 0x000000008cb00000, 0x000000008cb00000| Untracked 
| 204|0x000000008cc00000, 0x000000008cc00000, 0x000000008cd00000|  0%| F|  |TAMS 0x000000008cc00000, 0x000000008cc00000| Untracked 
| 205|0x000000008cd00000, 0x000000008cd00000, 0x000000008ce00000|  0%| F|  |TAMS 0x000000008cd00000, 0x000000008cd00000| Untracked 
| 206|0x000000008ce00000, 0x000000008ce00000, 0x000000008cf00000|  0%| F|  |TAMS 0x000000008ce00000, 0x000000008ce00000| Untracked 
| 207|0x000000008cf00000, 0x000000008cf00000, 0x000000008d000000|  0%| F|  |TAMS 0x000000008cf00000, 0x000000008cf00000| Untracked 
| 208|0x000000008d000000, 0x000000008d000000, 0x000000008d100000|  0%| F|  |TAMS 0x000000008d000000, 0x000000008d000000| Untracked 
| 209|0x000000008d100000, 0x000000008d100000, 0x000000008d200000|  0%| F|  |TAMS 0x000000008d100000, 0x000000008d100000| Untracked 
| 210|0x000000008d200000, 0x000000008d200000, 0x000000008d300000|  0%| F|  |TAMS 0x000000008d200000, 0x000000008d200000| Untracked 
| 211|0x000000008d300000, 0x000000008d300000, 0x000000008d400000|  0%| F|  |TAMS 0x000000008d300000, 0x000000008d300000| Untracked 
| 212|0x000000008d400000, 0x000000008d400000, 0x000000008d500000|  0%| F|  |TAMS 0x000000008d400000, 0x000000008d400000| Untracked 
| 213|0x000000008d500000, 0x000000008d500000, 0x000000008d600000|  0%| F|  |TAMS 0x000000008d500000, 0x000000008d500000| Untracked 
| 214|0x000000008d600000, 0x000000008d700000, 0x000000008d700000|100%| E|  |TAMS 0x000000008d600000, 0x000000008d600000| Complete 
| 215|0x000000008d700000, 0x000000008d800000, 0x000000008d800000|100%| E|CS|TAMS 0x000000008d700000, 0x000000008d700000| Complete 
| 216|0x000000008d800000, 0x000000008d900000, 0x000000008d900000|100%| E|CS|TAMS 0x000000008d800000, 0x000000008d800000| Complete 
| 217|0x000000008d900000, 0x000000008da00000, 0x000000008da00000|100%| E|CS|TAMS 0x000000008d900000, 0x000000008d900000| Complete 
| 218|0x000000008da00000, 0x000000008db00000, 0x000000008db00000|100%| E|CS|TAMS 0x000000008da00000, 0x000000008da00000| Complete 
| 219|0x000000008db00000, 0x000000008dc00000, 0x000000008dc00000|100%| E|CS|TAMS 0x000000008db00000, 0x000000008db00000| Complete 
| 220|0x000000008dc00000, 0x000000008dd00000, 0x000000008dd00000|100%| E|CS|TAMS 0x000000008dc00000, 0x000000008dc00000| Complete 
| 221|0x000000008dd00000, 0x000000008de00000, 0x000000008de00000|100%| E|CS|TAMS 0x000000008dd00000, 0x000000008dd00000| Complete 

Card table byte_map: [0x000001697a090000,0x000001697a490000] _byte_map_base: 0x0000016979c90000

Marking Bits (Prev, Next): (CMBitMap*) 0x00000169743b0cf8, (CMBitMap*) 0x00000169743b0d30
 Prev Bits: [0x000001697a890000, 0x000001697c890000)
 Next Bits: [0x000001697c890000, 0x000001697e890000)

Polling page: 0x0000016979640000

Metaspace:

Usage:
  Non-class:     76.62 MB capacity,    75.21 MB ( 98%) used,     1.18 MB (  2%) free+waste,   237.75 KB ( <1%) overhead. 
      Class:     12.00 MB capacity,    11.21 MB ( 93%) used,   700.13 KB (  6%) free+waste,   110.50 KB ( <1%) overhead. 
       Both:     88.62 MB capacity,    86.42 MB ( 98%) used,     1.86 MB (  2%) free+waste,   348.25 KB ( <1%) overhead. 

Virtual space:
  Non-class space:       78.00 MB reserved,      76.67 MB ( 98%) committed 
      Class space:        1.00 GB reserved,      12.00 MB (  1%) committed 
             Both:        1.08 GB reserved,      88.67 MB (  8%) committed 

Chunk freelists:
   Non-Class:  53.00 KB
       Class:  2.00 KB
        Both:  55.00 KB

MaxMetaspaceSize: 17179869184.00 GB
CompressedClassSpaceSize: 1.00 GB
Initial GC threshold: 20.80 MB
Current GC threshold: 147.79 MB
CDS: off

CodeHeap 'non-profiled nmethods': size=120064Kb used=6066Kb max_used=6066Kb free=113997Kb
 bounds [0x0000016907ac0000, 0x00000169080b0000, 0x000001690f000000]
CodeHeap 'profiled nmethods': size=120000Kb used=20405Kb max_used=20405Kb free=99594Kb
 bounds [0x0000016900590000, 0x0000016901980000, 0x0000016907ac0000]
CodeHeap 'non-nmethods': size=5696Kb used=2374Kb max_used=2429Kb free=3321Kb
 bounds [0x0000016900000000, 0x0000016900270000, 0x0000016900590000]
 total_blobs=10106 nmethods=9209 adapters=809
 compilation: enabled
              stopped_count=0, restarted_count=0
 full_count=0

Compilation events (20 events):
Event: 33.007 Thread 0x000001697ef05800 9260       3       org.objectweb.asm.AnnotationWriter::putAnnotations (67 bytes)
Event: 33.008 Thread 0x000001697ef05800 nmethod 9260 0x0000016901973b10 code [0x0000016901973d40, 0x0000016901974178]
Event: 33.024 Thread 0x000001697ef05800 9261       3       org.slf4j.impl.StaticLoggerBinder::getSingleton (4 bytes)
Event: 33.024 Thread 0x000001697ef05800 nmethod 9261 0x0000016901974410 code [0x00000169019745c0, 0x00000169019746b8]
Event: 33.024 Thread 0x000001697ef05800 9262   !   3       org.slf4j.LoggerFactory::getILoggerFactory (103 bytes)
Event: 33.025 Thread 0x000001697ef05800 nmethod 9262 0x0000016901974790 code [0x00000169019749c0, 0x0000016901975118]
Event: 33.026 Thread 0x000001697ef05800 9263       3       org.slf4j.LoggerFactory::getLogger (12 bytes)
Event: 33.026 Thread 0x000001697ef05800 nmethod 9263 0x0000016901975390 code [0x0000016901975560, 0x0000016901975738]
Event: 33.026 Thread 0x000001697ef05800 9264       3       org.gradle.internal.logging.slf4j.OutputEventListenerBackedLoggerContext::getLogger (69 bytes)
Event: 33.027 Thread 0x000001697ef05800 nmethod 9264 0x0000016901975810 code [0x0000016901975a40, 0x00000169019763e8]
Event: 33.028 Thread 0x000001697ef05800 9265       3       org.slf4j.LoggerFactory::getLogger (65 bytes)
Event: 33.030 Thread 0x000001697ef05800 nmethod 9265 0x0000016901976610 code [0x0000016901976a20, 0x0000016901978228]
Event: 33.035 Thread 0x000001697ef05800 9266       3       org.gradle.tooling.internal.adapter.TypeInspector::visit (198 bytes)
Event: 33.040 Thread 0x000001697ef05800 nmethod 9266 0x0000016901978b10 code [0x00000169019790c0, 0x000001690197c468]
Event: 33.154 Thread 0x000001697eef7000 nmethod 9176 0x00000169080a3790 code [0x00000169080a3d20, 0x00000169080a9300]
Event: 33.155 Thread 0x000001697eef7000 9196       4       groovy.lang.MetaMethod::isStatic (16 bytes)
Event: 33.156 Thread 0x000001697eef7000 nmethod 9196 0x00000169080ac010 code [0x00000169080ac1a0, 0x00000169080ac258]
Event: 33.156 Thread 0x000001697eef7000 9183       4       java.lang.Integer::getChars (131 bytes)
Event: 33.173 Thread 0x000001697eef7000 nmethod 9183 0x00000169080ac310 code [0x00000169080ac4c0, 0x00000169080ac938]
Event: 33.173 Thread 0x000001697eef7000 9184       4       java.beans.Introspector::addMethod (196 bytes)

GC Heap History (20 events):
Event: 29.019 GC heap before
{Heap before GC invocations=33 (full 0):
 garbage-first heap   total 157696K, used 133467K [0x0000000080000000, 0x0000000100000000)
  region size 1024K, 30 young (30720K), 4 survivors (4096K)
 Metaspace       used 75474K, capacity 77550K, committed 77616K, reserved 1116160K
  class space    used 9585K, capacity 10315K, committed 10368K, reserved 1048576K
}
Event: 29.033 GC heap after
{Heap after GC invocations=34 (full 0):
 garbage-first heap   total 157696K, used 108946K [0x0000000080000000, 0x0000000100000000)
  region size 1024K, 4 young (4096K), 4 survivors (4096K)
 Metaspace       used 75474K, capacity 77550K, committed 77616K, reserved 1116160K
  class space    used 9585K, capacity 10315K, committed 10368K, reserved 1048576K
}
Event: 29.507 GC heap before
{Heap before GC invocations=34 (full 0):
 garbage-first heap   total 157696K, used 133522K [0x0000000080000000, 0x0000000100000000)
  region size 1024K, 29 young (29696K), 4 survivors (4096K)
 Metaspace       used 77766K, capacity 79846K, committed 80048K, reserved 1118208K
  class space    used 9928K, capacity 10671K, committed 10752K, reserved 1048576K
}
Event: 29.522 GC heap after
{Heap after GC invocations=35 (full 0):
 garbage-first heap   total 157696K, used 110349K [0x0000000080000000, 0x0000000100000000)
  region size 1024K, 4 young (4096K), 4 survivors (4096K)
 Metaspace       used 77766K, capacity 79846K, committed 80048K, reserved 1118208K
  class space    used 9928K, capacity 10671K, committed 10752K, reserved 1048576K
}
Event: 30.063 GC heap before
{Heap before GC invocations=36 (full 0):
 garbage-first heap   total 157696K, used 133901K [0x0000000080000000, 0x0000000100000000)
  region size 1024K, 28 young (28672K), 4 survivors (4096K)
 Metaspace       used 80725K, capacity 82814K, committed 83120K, reserved 1122304K
  class space    used 10440K, capacity 11164K, committed 11264K, reserved 1048576K
}
Event: 30.075 GC heap after
{Heap after GC invocations=37 (full 0):
 garbage-first heap   total 189440K, used 111814K [0x0000000080000000, 0x0000000100000000)
  region size 1024K, 3 young (3072K), 3 survivors (3072K)
 Metaspace       used 80725K, capacity 82814K, committed 83120K, reserved 1122304K
  class space    used 10440K, capacity 11164K, committed 11264K, reserved 1048576K
}
Event: 30.687 GC heap before
{Heap before GC invocations=37 (full 0):
 garbage-first heap   total 189440K, used 138438K [0x0000000080000000, 0x0000000100000000)
  region size 1024K, 30 young (30720K), 3 survivors (3072K)
 Metaspace       used 83268K, capacity 85423K, committed 85552K, reserved 1124352K
  class space    used 10775K, capacity 11536K, committed 11648K, reserved 1048576K
}
Event: 30.702 GC heap after
{Heap after GC invocations=38 (full 0):
 garbage-first heap   total 189440K, used 113853K [0x0000000080000000, 0x0000000100000000)
  region size 1024K, 5 young (5120K), 5 survivors (5120K)
 Metaspace       used 83268K, capacity 85423K, committed 85552K, reserved 1124352K
  class space    used 10775K, capacity 11536K, committed 11648K, reserved 1048576K
}
Event: 31.858 GC heap before
{Heap before GC invocations=39 (full 0):
 garbage-first heap   total 189440K, used 173245K [0x0000000080000000, 0x0000000100000000)
  region size 1024K, 42 young (43008K), 5 survivors (5120K)
 Metaspace       used 85327K, capacity 87549K, committed 87600K, reserved 1124352K
  class space    used 11057K, capacity 11869K, committed 11904K, reserved 1048576K
}
Event: 31.877 GC heap after
{Heap after GC invocations=40 (full 0):
 garbage-first heap   total 189440K, used 143670K [0x0000000080000000, 0x0000000100000000)
  region size 1024K, 6 young (6144K), 6 survivors (6144K)
 Metaspace       used 85327K, capacity 87549K, committed 87600K, reserved 1124352K
  class space    used 11057K, capacity 11869K, committed 11904K, reserved 1048576K
}
Event: 32.149 GC heap before
{Heap before GC invocations=40 (full 0):
 garbage-first heap   total 189440K, used 163126K [0x0000000080000000, 0x0000000100000000)
  region size 1024K, 25 young (25600K), 6 survivors (6144K)
 Metaspace       used 85745K, capacity 87892K, committed 87984K, reserved 1126400K
  class space    used 11111K, capacity 11941K, committed 12032K, reserved 1048576K
}
Event: 32.158 GC heap after
{Heap after GC invocations=41 (full 0):
 garbage-first heap   total 189440K, used 144416K [0x0000000080000000, 0x0000000100000000)
  region size 1024K, 1 young (1024K), 1 survivors (1024K)
 Metaspace       used 85745K, capacity 87892K, committed 87984K, reserved 1126400K
  class space    used 11111K, capacity 11941K, committed 12032K, reserved 1048576K
}
Event: 32.384 GC heap before
{Heap before GC invocations=41 (full 0):
 garbage-first heap   total 189440K, used 163872K [0x0000000080000000, 0x0000000100000000)
  region size 1024K, 20 young (20480K), 1 survivors (1024K)
 Metaspace       used 86272K, capacity 88404K, committed 88496K, reserved 1126400K
  class space    used 11170K, capacity 12005K, committed 12032K, reserved 1048576K
}
Event: 32.387 GC heap after
{Heap after GC invocations=42 (full 0):
 garbage-first heap   total 189440K, used 144492K [0x0000000080000000, 0x0000000100000000)
  region size 1024K, 1 young (1024K), 1 survivors (1024K)
 Metaspace       used 86272K, capacity 88404K, committed 88496K, reserved 1126400K
  class space    used 11170K, capacity 12005K, committed 12032K, reserved 1048576K
}
Event: 32.662 GC heap before
{Heap before GC invocations=43 (full 0):
 garbage-first heap   total 189440K, used 163948K [0x0000000080000000, 0x0000000100000000)
  region size 1024K, 20 young (20480K), 1 survivors (1024K)
 Metaspace       used 86919K, capacity 89154K, committed 89392K, reserved 1126400K
  class space    used 11255K, capacity 12077K, committed 12160K, reserved 1048576K
}
Event: 32.666 GC heap after
{Heap after GC invocations=44 (full 0):
 garbage-first heap   total 189440K, used 144636K [0x0000000080000000, 0x0000000100000000)
  region size 1024K, 1 young (1024K), 1 survivors (1024K)
 Metaspace       used 86919K, capacity 89154K, committed 89392K, reserved 1126400K
  class space    used 11255K, capacity 12077K, committed 12160K, reserved 1048576K
}
Event: 32.934 GC heap before
{Heap before GC invocations=44 (full 0):
 garbage-first heap   total 189440K, used 164092K [0x0000000080000000, 0x0000000100000000)
  region size 1024K, 20 young (20480K), 1 survivors (1024K)
 Metaspace       used 87605K, capacity 89871K, committed 90032K, reserved 1126400K
  class space    used 11369K, capacity 12187K, committed 12288K, reserved 1048576K
}
Event: 32.942 GC heap after
{Heap after GC invocations=45 (full 0):
 garbage-first heap   total 189440K, used 145922K [0x0000000080000000, 0x0000000100000000)
  region size 1024K, 3 young (3072K), 3 survivors (3072K)
 Metaspace       used 87605K, capacity 89871K, committed 90032K, reserved 1126400K
  class space    used 11369K, capacity 12187K, committed 12288K, reserved 1048576K
}
Event: 33.164 GC heap before
{Heap before GC invocations=45 (full 0):
 garbage-first heap   total 189440K, used 164354K [0x0000000080000000, 0x0000000100000000)
  region size 1024K, 21 young (21504K), 3 survivors (3072K)
 Metaspace       used 88246K, capacity 90457K, committed 90544K, reserved 1128448K
  class space    used 11447K, capacity 12254K, committed 12288K, reserved 1048576K
}
Event: 33.173 GC heap after
{Heap after GC invocations=46 (full 0):
 garbage-first heap   total 227328K, used 146179K [0x0000000080000000, 0x0000000100000000)
  region size 1024K, 2 young (2048K), 2 survivors (2048K)
 Metaspace       used 88246K, capacity 90457K, committed 90544K, reserved 1128448K
  class space    used 11447K, capacity 12254K, committed 12288K, reserved 1048576K
}

Deoptimization events (20 events):
Event: 32.944 Thread 0x00000169134d5000 Uncommon trap: trap_request=0xffffff4d fr.pc=0x0000016907f81328 relative=0x0000000000000068
Event: 32.944 Thread 0x00000169134d5000 Uncommon trap: reason=unstable_if action=reinterpret pc=0x0000016907f81328 method=org.objectweb.asm.AnnotationWriter.computeAnnotationsSize(Lorg/objectweb/asm/AnnotationWriter;Lorg/objectweb/asm/AnnotationWriter;Lorg/objectweb/asm/AnnotationWriter;Lorg/ob
Event: 32.944 Thread 0x00000169134d5000 DEOPT PACKING pc=0x0000016907f81328 sp=0x0000000b1bcf9e20
Event: 32.944 Thread 0x00000169134d5000 DEOPT UNPACKING pc=0x000001690004a1af sp=0x0000000b1bcf9da8 mode 2
Event: 32.944 Thread 0x00000169134d5000 Uncommon trap: trap_request=0xffffff4d fr.pc=0x0000016907f58d60 relative=0x00000000000000a0
Event: 32.944 Thread 0x00000169134d5000 Uncommon trap: reason=unstable_if action=reinterpret pc=0x0000016907f58d60 method=org.objectweb.asm.AnnotationWriter.putAnnotations(Lorg/objectweb/asm/SymbolTable;Lorg/objectweb/asm/AnnotationWriter;Lorg/objectweb/asm/AnnotationWriter;Lorg/objectweb/asm/A
Event: 32.944 Thread 0x00000169134d5000 DEOPT PACKING pc=0x0000016907f58d60 sp=0x0000000b1bcf9e00
Event: 32.944 Thread 0x00000169134d5000 DEOPT UNPACKING pc=0x000001690004a1af sp=0x0000000b1bcf9d90 mode 2
Event: 32.975 Thread 0x00000169134d5000 Uncommon trap: trap_request=0xffffffde fr.pc=0x0000016908048e3c relative=0x000000000000051c
Event: 32.975 Thread 0x00000169134d5000 Uncommon trap: reason=class_check action=maybe_recompile pc=0x0000016908048e3c method=java.util.regex.Matcher.search(I)Z @ 121 c2
Event: 32.975 Thread 0x00000169134d5000 DEOPT PACKING pc=0x0000016908048e3c sp=0x0000000b1bcfb1f0
Event: 32.975 Thread 0x00000169134d5000 DEOPT UNPACKING pc=0x000001690004a1af sp=0x0000000b1bcfb1b0 mode 2
Event: 32.977 Thread 0x00000169134d5000 Uncommon trap: trap_request=0xffffffde fr.pc=0x0000016908048e3c relative=0x000000000000051c
Event: 32.977 Thread 0x00000169134d5000 Uncommon trap: reason=class_check action=maybe_recompile pc=0x0000016908048e3c method=java.util.regex.Matcher.search(I)Z @ 121 c2
Event: 32.977 Thread 0x00000169134d5000 DEOPT PACKING pc=0x0000016908048e3c sp=0x0000000b1bcfb4a0
Event: 32.977 Thread 0x00000169134d5000 DEOPT UNPACKING pc=0x000001690004a1af sp=0x0000000b1bcfb460 mode 2
Event: 32.977 Thread 0x00000169134d5000 Uncommon trap: trap_request=0xffffffde fr.pc=0x0000016908048e3c relative=0x000000000000051c
Event: 32.977 Thread 0x00000169134d5000 Uncommon trap: reason=class_check action=maybe_recompile pc=0x0000016908048e3c method=java.util.regex.Matcher.search(I)Z @ 121 c2
Event: 32.977 Thread 0x00000169134d5000 DEOPT PACKING pc=0x0000016908048e3c sp=0x0000000b1bcfb1e0
Event: 32.977 Thread 0x00000169134d5000 DEOPT UNPACKING pc=0x000001690004a1af sp=0x0000000b1bcfb1a0 mode 2

Classes redefined (0 events):
No events

Internal exceptions (20 events):
Event: 32.703 Thread 0x00000169134d5000 Exception <a 'java/lang/ClassNotFoundException'{0x000000008b491760}: org/gradle/api/internal/tasks/DefaultTaskContainer_DecoratedBeanInfo> (0x000000008b491760) thrown at [./src/hotspot/share/classfile/systemDictionary.cpp, line 231]
Event: 32.704 Thread 0x00000169134d5000 Exception <a 'java/lang/ClassNotFoundException'{0x000000008b4a9770}: org/gradle/api/internal/tasks/DefaultTaskContainerBeanInfo> (0x000000008b4a9770) thrown at [./src/hotspot/share/classfile/systemDictionary.cpp, line 231]
Event: 32.704 Thread 0x00000169134d5000 Exception <a 'java/lang/ClassNotFoundException'{0x000000008b4c22d8}: org/gradle/api/internal/tasks/DefaultTaskCollectionBeanInfo> (0x000000008b4c22d8) thrown at [./src/hotspot/share/classfile/systemDictionary.cpp, line 231]
Event: 32.705 Thread 0x00000169134d5000 Exception <a 'java/lang/ClassNotFoundException'{0x000000008b4dae18}: org/gradle/api/internal/tasks/DefaultTaskCollectionCustomizer> (0x000000008b4dae18) thrown at [./src/hotspot/share/classfile/systemDictionary.cpp, line 231]
Event: 32.707 Thread 0x00000169134d5000 Exception <a 'java/lang/ClassNotFoundException'{0x000000008b31c9e8}: org/gradle/api/internal/tasks/DefaultTaskContainerCustomizer> (0x000000008b31c9e8) thrown at [./src/hotspot/share/classfile/systemDictionary.cpp, line 231]
Event: 32.709 Thread 0x00000169134d5000 Exception <a 'java/lang/ClassNotFoundException'{0x000000008b37f5d0}: org/gradle/api/internal/tasks/DefaultTaskContainer_DecoratedCustomizer> (0x000000008b37f5d0) thrown at [./src/hotspot/share/classfile/systemDictionary.cpp, line 231]
Event: 32.721 Thread 0x00000169134d5000 Exception <a 'java/lang/ClassNotFoundException'{0x000000008b10a690}: java/util/ArrayListBeanInfo> (0x000000008b10a690) thrown at [./src/hotspot/share/classfile/systemDictionary.cpp, line 231]
Event: 32.722 Thread 0x00000169134d5000 Exception <a 'java/lang/ClassNotFoundException'{0x000000008b1142b0}: java/util/AbstractListBeanInfo> (0x000000008b1142b0) thrown at [./src/hotspot/share/classfile/systemDictionary.cpp, line 231]
Event: 32.722 Thread 0x00000169134d5000 Exception <a 'java/lang/ClassNotFoundException'{0x000000008b11dee0}: java/util/AbstractListCustomizer> (0x000000008b11dee0) thrown at [./src/hotspot/share/classfile/systemDictionary.cpp, line 231]
Event: 32.722 Thread 0x00000169134d5000 Exception <a 'java/lang/ClassNotFoundException'{0x000000008b132528}: java/util/ArrayListCustomizer> (0x000000008b132528) thrown at [./src/hotspot/share/classfile/systemDictionary.cpp, line 231]
Event: 32.728 Thread 0x00000169134d5000 Exception <a 'java/lang/ClassNotFoundException'{0x000000008b1cce28}: java/util/CollectionBeanInfo> (0x000000008b1cce28) thrown at [./src/hotspot/share/classfile/systemDictionary.cpp, line 231]
Event: 32.729 Thread 0x00000169134d5000 Exception <a 'java/lang/ClassNotFoundException'{0x000000008b1d6a18}: java/util/CollectionCustomizer> (0x000000008b1d6a18) thrown at [./src/hotspot/share/classfile/systemDictionary.cpp, line 231]
Event: 32.744 Thread 0x00000169134d5000 Exception <a 'java/lang/ClassNotFoundException'{0x000000008b060a28}: org/gradle/api/tasks/SourceSetBeanInfo> (0x000000008b060a28) thrown at [./src/hotspot/share/classfile/systemDictionary.cpp, line 231]
Event: 32.745 Thread 0x00000169134d5000 Exception <a 'java/lang/ClassNotFoundException'{0x000000008b07f868}: org/gradle/api/tasks/SourceSetCustomizer> (0x000000008b07f868) thrown at [./src/hotspot/share/classfile/systemDictionary.cpp, line 231]
Event: 32.750 Thread 0x00000169134d5000 Exception <a 'java/lang/ClassNotFoundException'{0x000000008b0fafc0}: java/util/LinkedHashMapBeanInfo> (0x000000008b0fafc0) thrown at [./src/hotspot/share/classfile/systemDictionary.cpp, line 231]
Event: 32.750 Thread 0x00000169134d5000 Exception <a 'java/lang/ClassNotFoundException'{0x000000008af04768}: java/util/HashMapBeanInfo> (0x000000008af04768) thrown at [./src/hotspot/share/classfile/systemDictionary.cpp, line 231]
Event: 32.752 Thread 0x00000169134d5000 Exception <a 'java/lang/ClassNotFoundException'{0x000000008af0ead8}: java/util/AbstractMapBeanInfo> (0x000000008af0ead8) thrown at [./src/hotspot/share/classfile/systemDictionary.cpp, line 231]
Event: 32.753 Thread 0x00000169134d5000 Exception <a 'java/lang/ClassNotFoundException'{0x000000008af18708}: java/util/AbstractMapCustomizer> (0x000000008af18708) thrown at [./src/hotspot/share/classfile/systemDictionary.cpp, line 231]
Event: 32.754 Thread 0x00000169134d5000 Exception <a 'java/lang/ClassNotFoundException'{0x000000008af2be78}: java/util/HashMapCustomizer> (0x000000008af2be78) thrown at [./src/hotspot/share/classfile/systemDictionary.cpp, line 231]
Event: 32.755 Thread 0x00000169134d5000 Exception <a 'java/lang/ClassNotFoundException'{0x000000008af4d7b0}: java/util/LinkedHashMapCustomizer> (0x000000008af4d7b0) thrown at [./src/hotspot/share/classfile/systemDictionary.cpp, line 231]

Events (20 events):
Event: 33.188 Executing VM operation: CGC_Operation
Event: 33.204 Executing VM operation: CGC_Operation done
Event: 33.205 loading class com/amazon/ion/IonSystem
Event: 33.205 loading class com/amazon/ion/IonSystem done
Event: 33.206 loading class com/amazon/ion/impl/lite/IonSystemLite
Event: 33.206 loading class com/amazon/ion/impl/lite/IonSystemLite done
Event: 33.209 loading class com/amazon/ion/impl/_Private_IonSystem
Event: 33.209 loading class com/amazon/ion/impl/_Private_IonSystem done
Event: 33.212 loading class com/amazon/ion/impl/lite/ValueFactoryLite
Event: 33.212 loading class com/amazon/ion/impl/lite/ValueFactoryLite done
Event: 33.213 loading class com/amazon/ion/impl/_Private_ValueFactory
Event: 33.213 loading class com/amazon/ion/impl/_Private_ValueFactory done
Event: 33.215 loading class com/amazon/ion/IonDecimal
Event: 33.215 loading class com/amazon/ion/IonDecimal done
Event: 33.215 loading class com/amazon/ion/IonNumber
Event: 33.215 loading class com/amazon/ion/IonNumber done
Event: 33.216 loading class com/amazon/ion/IonSymbol
Event: 33.216 loading class com/amazon/ion/IonSymbol done
Event: 33.218 loading class com/amazon/ion/IonText
Event: 33.218 loading class com/amazon/ion/IonText done


Dynamic libraries:
0x00007ff612a10000 - 0x00007ff612a1a000 	C:\Program Files\Android\Android Studio\jre\bin\java.exe
0x00007ff85a720000 - 0x00007ff85a929000 	C:\Windows\SYSTEM32\ntdll.dll
0x00007ff85a330000 - 0x00007ff85a3ee000 	C:\Windows\System32\KERNEL32.DLL
0x00007ff857ff0000 - 0x00007ff85836b000 	C:\Windows\System32\KERNELBASE.dll
0x00007ff857c60000 - 0x00007ff857d71000 	C:\Windows\System32\ucrtbase.dll
0x00007ff8468f0000 - 0x00007ff846909000 	C:\Program Files\Android\Android Studio\jre\bin\jli.dll
0x00007ff8466e0000 - 0x00007ff8466f7000 	C:\Program Files\Android\Android Studio\jre\bin\VCRUNTIME140.dll
0x00007ff85a530000 - 0x00007ff85a6dd000 	C:\Windows\System32\USER32.dll
0x00007ff857fc0000 - 0x00007ff857fe6000 	C:\Windows\System32\win32u.dll
0x00007ff842350000 - 0x00007ff8425f5000 	C:\Windows\WinSxS\amd64_microsoft.windows.common-controls_6595b64144ccf1df_6.0.22000.120_none_9d947278b86cc467\COMCTL32.dll
0x00007ff85a480000 - 0x00007ff85a523000 	C:\Windows\System32\msvcrt.dll
0x00007ff858da0000 - 0x00007ff858dc9000 	C:\Windows\System32\GDI32.dll
0x00007ff857d80000 - 0x00007ff857e98000 	C:\Windows\System32\gdi32full.dll
0x00007ff857f20000 - 0x00007ff857fbd000 	C:\Windows\System32\msvcp_win.dll
0x00007ff85a0b0000 - 0x00007ff85a0e2000 	C:\Windows\System32\IMM32.DLL
0x00007ff82c6b0000 - 0x00007ff82c74d000 	C:\Program Files\Android\Android Studio\jre\bin\msvcp140.dll
0x00007ff8039e0000 - 0x00007ff8044e2000 	C:\Program Files\Android\Android Studio\jre\bin\server\jvm.dll
0x00007ff85a000000 - 0x00007ff85a0ae000 	C:\Windows\System32\ADVAPI32.dll
0x00007ff858850000 - 0x00007ff8588ee000 	C:\Windows\System32\sechost.dll
0x00007ff858c80000 - 0x00007ff858da0000 	C:\Windows\System32\RPCRT4.dll
0x00007ff858690000 - 0x00007ff858698000 	C:\Windows\System32\PSAPI.DLL
0x00007ff850740000 - 0x00007ff850749000 	C:\Windows\SYSTEM32\WSOCK32.dll
0x00007ff8597a0000 - 0x00007ff85980f000 	C:\Windows\System32\WS2_32.dll
0x00007ff8501d0000 - 0x00007ff850203000 	C:\Windows\SYSTEM32\WINMM.dll
0x00007ff84ac80000 - 0x00007ff84ac8a000 	C:\Windows\SYSTEM32\VERSION.dll
0x00007ff856d60000 - 0x00007ff856d78000 	C:\Windows\SYSTEM32\kernel.appcore.dll
0x00007ff84d300000 - 0x00007ff84d311000 	C:\Program Files\Android\Android Studio\jre\bin\verify.dll
0x00007ff855770000 - 0x00007ff855991000 	C:\Windows\SYSTEM32\DBGHELP.DLL
0x00007ff848f30000 - 0x00007ff848f61000 	C:\Windows\SYSTEM32\dbgcore.DLL
0x00007ff857ea0000 - 0x00007ff857f1f000 	C:\Windows\System32\bcryptPrimitives.dll
0x00007ff848f00000 - 0x00007ff848f29000 	C:\Program Files\Android\Android Studio\jre\bin\java.dll
0x00007ff84d2f0000 - 0x00007ff84d2fb000 	C:\Program Files\Android\Android Studio\jre\bin\jimage.dll
0x00007ff849e40000 - 0x00007ff849e58000 	C:\Program Files\Android\Android Studio\jre\bin\zip.dll
0x00007ff858dd0000 - 0x00007ff859587000 	C:\Windows\System32\SHELL32.dll
0x00007ff855c20000 - 0x00007ff856485000 	C:\Windows\SYSTEM32\windows.storage.dll
0x00007ff858900000 - 0x00007ff858c78000 	C:\Windows\System32\combase.dll
0x00007ff8559a0000 - 0x00007ff855b06000 	C:\Windows\SYSTEM32\wintypes.dll
0x00007ff858760000 - 0x00007ff85884a000 	C:\Windows\System32\SHCORE.dll
0x00007ff859810000 - 0x00007ff85986d000 	C:\Windows\System32\shlwapi.dll
0x00007ff857b20000 - 0x00007ff857b41000 	C:\Windows\SYSTEM32\profapi.dll
0x00007ff8497a0000 - 0x00007ff8497ba000 	C:\Program Files\Android\Android Studio\jre\bin\net.dll
0x00007ff84fbc0000 - 0x00007ff84fcd4000 	C:\Windows\SYSTEM32\WINHTTP.dll
0x00007ff857200000 - 0x00007ff857267000 	C:\Windows\system32\mswsock.dll
0x00007ff848930000 - 0x00007ff848944000 	C:\Program Files\Android\Android Studio\jre\bin\nio.dll
0x00007ff8456b0000 - 0x00007ff8456d7000 	C:\Users\Administrator\.gradle\native\e1d6ef7f7dcc3fd88c89a11ec53ec762bb8ba0a96d01ffa2cd45eb1d1d8dd5c5\windows-amd64\native-platform.dll
0x00007ff823580000 - 0x00007ff8236c4000 	C:\Users\Administrator\.gradle\native\0d407fdbe67a94daf76414ababcb853783967236a71b16ec16e742cd7a986fd3\windows-amd64\native-platform-file-events.dll
0x00007ff849ea0000 - 0x00007ff849eaa000 	C:\Program Files\Android\Android Studio\jre\bin\management.dll
0x00007ff849d20000 - 0x00007ff849d2d000 	C:\Program Files\Android\Android Studio\jre\bin\management_ext.dll
0x00007ff857450000 - 0x00007ff857468000 	C:\Windows\SYSTEM32\CRYPTSP.dll
0x00007ff856cc0000 - 0x00007ff856cf5000 	C:\Windows\system32\rsaenh.dll
0x00007ff8572f0000 - 0x00007ff857319000 	C:\Windows\SYSTEM32\USERENV.dll
0x00007ff8575d0000 - 0x00007ff8575f7000 	C:\Windows\SYSTEM32\bcrypt.dll
0x00007ff857440000 - 0x00007ff85744c000 	C:\Windows\SYSTEM32\CRYPTBASE.dll
0x00007ff856890000 - 0x00007ff8568bd000 	C:\Windows\SYSTEM32\IPHLPAPI.DLL
0x00007ff859590000 - 0x00007ff859599000 	C:\Windows\System32\NSI.dll
0x00007ff84f380000 - 0x00007ff84f399000 	C:\Windows\SYSTEM32\dhcpcsvc6.DLL
0x00007ff850590000 - 0x00007ff8505ae000 	C:\Windows\SYSTEM32\dhcpcsvc.DLL
0x00007ff8568c0000 - 0x00007ff8569a8000 	C:\Windows\SYSTEM32\DNSAPI.dll

dbghelp: loaded successfully - version: 4.0.5 - missing functions: none
symbol engine: initialized successfully - sym options: 0x614 - pdb path: .;C:\Program Files\Android\Android Studio\jre\bin;C:\Windows\SYSTEM32;C:\Windows\WinSxS\amd64_microsoft.windows.common-controls_6595b64144ccf1df_6.0.22000.120_none_9d947278b86cc467;C:\Program Files\Android\Android Studio\jre\bin\server;C:\Users\Administrator\.gradle\native\e1d6ef7f7dcc3fd88c89a11ec53ec762bb8ba0a96d01ffa2cd45eb1d1d8dd5c5\windows-amd64;C:\Users\Administrator\.gradle\native\0d407fdbe67a94daf76414ababcb853783967236a71b16ec16e742cd7a986fd3\windows-amd64

VM Arguments:
jvm_args: --add-opens=java.base/java.util=ALL-UNNAMED --add-opens=java.base/java.lang=ALL-UNNAMED --add-opens=java.base/java.lang.invoke=ALL-UNNAMED --add-opens=java.base/java.util=ALL-UNNAMED --add-opens=java.prefs/java.util.prefs=ALL-UNNAMED --add-opens=java.prefs/java.util.prefs=ALL-UNNAMED --add-opens=java.base/java.nio.charset=ALL-UNNAMED --add-opens=java.base/java.net=ALL-UNNAMED --add-opens=java.base/java.util.concurrent.atomic=ALL-UNNAMED -Xmx2048m -Dfile.encoding=UTF-8 -Duser.country=US -Duser.language=en -Duser.variant 
java_command: org.gradle.launcher.daemon.bootstrap.GradleDaemon 7.4
java_class_path (initial): C:\Users\Administrator\.gradle\wrapper\dists\gradle-7.4-bin\c0gwcg53nkjbqw7r0h0umtfvt\gradle-7.4\lib\gradle-launcher-7.4.jar
Launcher Type: SUN_STANDARD

[Global flags]
     intx CICompilerCount                          = 3                                         {product} {ergonomic}
     uint ConcGCThreads                            = 1                                         {product} {ergonomic}
     uint G1ConcRefinementThreads                  = 4                                         {product} {ergonomic}
   size_t G1HeapRegionSize                         = 1048576                                   {product} {ergonomic}
    uintx GCDrainStackTargetSize                   = 64                                        {product} {ergonomic}
   size_t InitialHeapSize                          = 134217728                                 {product} {ergonomic}
   size_t MarkStackSize                            = 4194304                                   {product} {ergonomic}
   size_t MaxHeapSize                              = 2147483648                                {product} {command line}
   size_t MaxNewSize                               = 1287651328                                {product} {ergonomic}
   size_t MinHeapDeltaBytes                        = 1048576                                   {product} {ergonomic}
    uintx NonNMethodCodeHeapSize                   = 5830732                                {pd product} {ergonomic}
    uintx NonProfiledCodeHeapSize                  = 122913754                              {pd product} {ergonomic}
    uintx ProfiledCodeHeapSize                     = 122913754                              {pd product} {ergonomic}
    uintx ReservedCodeCacheSize                    = 251658240                              {pd product} {ergonomic}
     bool SegmentedCodeCache                       = true                                      {product} {ergonomic}
     bool UseCompressedClassPointers               = true                                 {lp64_product} {ergonomic}
     bool UseCompressedOops                        = true                                 {lp64_product} {ergonomic}
     bool UseG1GC                                  = true                                      {product} {ergonomic}
     bool UseLargePagesIndividualAllocation        = false                                  {pd product} {ergonomic}

Logging:
Log output configuration:
 #0: stdout all=warning uptime,level,tags
 #1: stderr all=off uptime,level,tags

Environment Variables:
PATH=C:\Program Files (x86)\Common Files\Oracle\Java\javapath;C:\Windows\system32;C:\Windows;C:\Windows\System32\Wbem;C:\Windows\System32\WindowsPowerShell\v1.0\;C:\Windows\System32\OpenSSH\;C:\Program Files\Git\cmd;C:\xampp\php;C:\ProgramData\ComposerSetup\bin;C:\Program Files (x86)\NVIDIA Corporation\PhysX\Common;C:\Program Files\NVIDIA Corporation\NVIDIA NvDLISR;C:\Program Files\nodejs\;C:\Program Files\dotnet\;C:\Users\Administrator\AppData\Local\Microsoft\WindowsApps;C:\Users\Administrator\AppData\Local\Programs\Microsoft VS Code\bin;C:\Users\Administrator\AppData\Roaming\Composer\vendor\bin;D:\xampp\php\php.exe;C:\Users\Administrator\AppData\Roaming\npm;C:\Program Files\Java\jdk-19.0.1\bin;
USERNAME=Administrator
OS=Windows_NT
PROCESSOR_IDENTIFIER=Intel64 Family 6 Model 142 Stepping 9, GenuineIntel



---------------  S Y S T E M  ---------------

OS: Windows 11 , 64 bit Build 22000 (10.0.22000.1335)
OS uptime: 2 days 1:56 hours

CPU:total 4 (initial active 4) (2 cores per cpu, 2 threads per core) family 6 model 142 stepping 9 microcode 0xde, cmov, cx8, fxsr, mmx, sse, sse2, sse3, ssse3, sse4.1, sse4.2, popcnt, avx, avx2, aes, clmul, erms, 3dnowpref, lzcnt, ht, tsc, tscinvbit, bmi1, bmi2, adx, fma

Memory: 4k page, system-wide physical 8073M (488M free)
TotalPageFile size 8073M (AvailPageFile size 5M)
current process WorkingSet (physical memory assigned to process): 446M, peak: 446M
current process commit charge ("private bytes"): 510M, peak: 512M

vm_info: OpenJDK 64-Bit Server VM (11.0.13+0-b1751.21-8125866) for windows-amd64 JRE (11.0.13+0-b1751.21-8125866), built on Feb  2 2022 03:00:22 by "builder" with MS VC++ 14.0 (VS2015)

END.
