#
# There is insufficient memory for the Java Runtime Environment to continue.
# Native memory allocation (malloc) failed to allocate 1310416 bytes for Chunk::new
# Possible reasons:
#   The system is out of physical RAM or swap space
#   The process is running with CompressedOops enabled, and the Java Heap may be blocking the growth of the native heap
# Possible solutions:
#   Reduce memory load on the system
#   Increase physical memory or swap space
#   Check if swap backing store is full
#   Decrease Java heap size (-Xmx/-Xms)
#   Decrease number of Java threads
#   Decrease Java thread stack sizes (-Xss)
#   Set larger code cache with -XX:ReservedCodeCacheSize=
#   JVM is running with Unscaled Compressed Oops mode in which the Java heap is
#     placed in the first 4GB address space. The Java Heap base address is the
#     maximum limit for the native heap growth. Please use -XX:HeapBaseMinAddress
#     to set the Java Heap base and to place the Java Heap above 4GB virtual address.
# This output file may be truncated or incomplete.
#
#  Out of Memory Error (./src/hotspot/share/memory/arena.cpp:197), pid=7104, tid=11344
#
# JRE version: OpenJDK Runtime Environment (11.0.13) (build 11.0.13+0-b1751.21-8125866)
# Java VM: OpenJDK 64-Bit Server VM (11.0.13+0-b1751.21-8125866, mixed mode, tiered, compressed oops, g1 gc, windows-amd64)
# No core dump will be written. Minidumps are not enabled by default on client versions of Windows
#

---------------  S U M M A R Y ------------

Command Line: --add-opens=java.base/java.util=ALL-UNNAMED --add-opens=java.base/java.lang=ALL-UNNAMED --add-opens=java.base/java.lang.invoke=ALL-UNNAMED --add-opens=java.base/java.util=ALL-UNNAMED --add-opens=java.prefs/java.util.prefs=ALL-UNNAMED --add-opens=java.prefs/java.util.prefs=ALL-UNNAMED --add-opens=java.base/java.nio.charset=ALL-UNNAMED --add-opens=java.base/java.net=ALL-UNNAMED --add-opens=java.base/java.util.concurrent.atomic=ALL-UNNAMED -Xmx2048m -Dfile.encoding=UTF-8 -Duser.country=US -Duser.language=en -Duser.variant org.gradle.launcher.daemon.bootstrap.GradleDaemon 7.4

Host: Intel(R) Core(TM) i3-7020U CPU @ 2.30GHz, 4 cores, 7G,  Windows 11 , 64 bit Build 22000 (10.0.22000.1335)
Time: Sat Jan  7 23:18:56 2023 SE Asia Standard Time elapsed time: 28.226028 seconds (0d 0h 0m 28s)

---------------  T H R E A D  ---------------

Current thread (0x000002509963c800):  JavaThread "C2 CompilerThread0" daemon [_thread_in_native, id=11344, stack(0x00000071b5000000,0x00000071b5100000)]


Current CompileTask:
C2:  28226 9426       4       java.lang.String::split (324 bytes)

Stack: [0x00000071b5000000,0x00000071b5100000]
Native frames: (J=compiled Java code, j=interpreted, Vv=VM code, C=native code)
V  [jvm.dll+0x6100fa]
V  [jvm.dll+0x747090]
V  [jvm.dll+0x7486ad]
V  [jvm.dll+0x748d83]
V  [jvm.dll+0x24ab48]
V  [jvm.dll+0xc04dc]
V  [jvm.dll+0xc0a0c]
V  [jvm.dll+0x35eb9d]
V  [jvm.dll+0x32b833]
V  [jvm.dll+0x32ad2a]
V  [jvm.dll+0x2032b2]
V  [jvm.dll+0x202437]
V  [jvm.dll+0x188e01]
V  [jvm.dll+0x21106b]
V  [jvm.dll+0x20f8c1]
V  [jvm.dll+0x70de0f]
V  [jvm.dll+0x706a75]
V  [jvm.dll+0x60ed66]
C  [ucrtbase.dll+0x26c0c]
C  [KERNEL32.DLL+0x155a0]
C  [ntdll.dll+0x485b]


---------------  P R O C E S S  ---------------

Threads class SMR info:
_java_thread_list=0x000002509ded0eb0, length=81, elements={
0x00000250ff96e000, 0x0000025099615000, 0x0000025099616000, 0x0000025099fa2800,
0x0000025099632800, 0x0000025099635800, 0x000002509963c800, 0x000002509963e000,
0x000002509964a800, 0x000002509a0ec000, 0x000002509b93f800, 0x000002509b767000,
0x000002509b6ef000, 0x000002509c420800, 0x000002509bf48000, 0x000002509b776800,
0x000002509bf8a800, 0x000002509b801800, 0x000002509bae3000, 0x000002509ad58000,
0x000002509c092000, 0x000002509c091000, 0x000002509c08f800, 0x000002509c08d000,
0x000002509c08e000, 0x000002509c090800, 0x000002509c08c000, 0x000002509c092800,
0x000002509c08e800, 0x000002509d75b800, 0x000002509d75e000, 0x000002509d762000,
0x000002509d75c800, 0x000002509d75d000, 0x000002509d760800, 0x000002509d764800,
0x000002509d761800, 0x000002509d75f000, 0x000002509d766000, 0x000002509d767000,
0x000002509d768800, 0x000002509d765800, 0x000002509d768000, 0x000002509d769800,
0x000002509d76a800, 0x000002509c89f000, 0x000002509c89f800, 0x000002509c8a0800,
0x000002509c8a2000, 0x000002509c8a1800, 0x000002509c8a3000, 0x000002509c89d800,
0x000002509c8a4000, 0x000002509c89e000, 0x000002509c8a9800, 0x000002509c8a5800,
0x000002509c8a7000, 0x000002509c8a8800, 0x000002509c8a6000, 0x000002509c8aa800,
0x000002509c8a8000, 0x000002509c8a4800, 0x000002509c8ab000, 0x000002509c8ac000,
0x000002509cb9e000, 0x000002509cb99000, 0x000002509cb9b800, 0x000002509cb9a000,
0x000002509cb9a800, 0x000002509cb9d000, 0x000002509cb9c800, 0x000002509cb98800,
0x000002509cba3000, 0x000002509cba3800, 0x000002509cba4800, 0x000002509cba0800,
0x000002509cb9f800, 0x000002509cba1000, 0x000002509c11b800, 0x000002509cb9f000,
0x000002509cba7000
}

Java Threads: ( => current thread )
  0x00000250ff96e000 JavaThread "main" [_thread_blocked, id=276, stack(0x00000071b4400000,0x00000071b4500000)]
  0x0000025099615000 JavaThread "Reference Handler" daemon [_thread_blocked, id=3172, stack(0x00000071b4b00000,0x00000071b4c00000)]
  0x0000025099616000 JavaThread "Finalizer" daemon [_thread_blocked, id=548, stack(0x00000071b4c00000,0x00000071b4d00000)]
  0x0000025099fa2800 JavaThread "Signal Dispatcher" daemon [_thread_blocked, id=6108, stack(0x00000071b4d00000,0x00000071b4e00000)]
  0x0000025099632800 JavaThread "Attach Listener" daemon [_thread_blocked, id=9468, stack(0x00000071b4e00000,0x00000071b4f00000)]
  0x0000025099635800 JavaThread "Service Thread" daemon [_thread_blocked, id=9564, stack(0x00000071b4f00000,0x00000071b5000000)]
=>0x000002509963c800 JavaThread "C2 CompilerThread0" daemon [_thread_in_native, id=11344, stack(0x00000071b5000000,0x00000071b5100000)]
  0x000002509963e000 JavaThread "C1 CompilerThread0" daemon [_thread_blocked, id=11680, stack(0x00000071b5100000,0x00000071b5200000)]
  0x000002509964a800 JavaThread "Sweeper thread" daemon [_thread_blocked, id=13032, stack(0x00000071b5200000,0x00000071b5300000)]
  0x000002509a0ec000 JavaThread "Common-Cleaner" daemon [_thread_blocked, id=5128, stack(0x00000071b5300000,0x00000071b5400000)]
  0x000002509b93f800 JavaThread "Daemon health stats" [_thread_blocked, id=9064, stack(0x00000071b5800000,0x00000071b5900000)]
  0x000002509b767000 JavaThread "Incoming local TCP Connector on port 2381" [_thread_in_native, id=1068, stack(0x00000071b5500000,0x00000071b5600000)]
  0x000002509b6ef000 JavaThread "Daemon periodic checks" [_thread_blocked, id=11092, stack(0x00000071b5900000,0x00000071b5a00000)]
  0x000002509c420800 JavaThread "Daemon" [_thread_blocked, id=11132, stack(0x00000071b5a00000,0x00000071b5b00000)]
  0x000002509bf48000 JavaThread "Handler for socket connection from /127.0.0.1:2381 to /127.0.0.1:2382" [_thread_in_native, id=10756, stack(0x00000071b5b00000,0x00000071b5c00000)]
  0x000002509b776800 JavaThread "Cancel handler" [_thread_blocked, id=13372, stack(0x00000071b5c00000,0x00000071b5d00000)]
  0x000002509bf8a800 JavaThread "Daemon worker" [_thread_in_native, id=11544, stack(0x00000071b5d00000,0x00000071b5e00000)]
  0x000002509b801800 JavaThread "Asynchronous log dispatcher for DefaultDaemonConnection: socket connection from /127.0.0.1:2381 to /127.0.0.1:2382" [_thread_blocked, id=6016, stack(0x00000071b5e00000,0x00000071b5f00000)]
  0x000002509bae3000 JavaThread "Stdin handler" [_thread_blocked, id=3272, stack(0x00000071b5f00000,0x00000071b6000000)]
  0x000002509ad58000 JavaThread "Daemon client event forwarder" [_thread_blocked, id=268, stack(0x00000071b6000000,0x00000071b6100000)]
  0x000002509c092000 JavaThread "Cache worker for journal cache (C:\Users\Administrator\.gradle\caches\journal-1)" [_thread_blocked, id=2980, stack(0x00000071b6200000,0x00000071b6300000)]
  0x000002509c091000 JavaThread "File lock request listener" [_thread_in_native, id=15236, stack(0x00000071b6300000,0x00000071b6400000)]
  0x000002509c08f800 JavaThread "Cache worker for file hash cache (C:\Users\Administrator\.gradle\caches\7.4\fileHashes)" [_thread_blocked, id=13620, stack(0x00000071b6400000,0x00000071b6500000)]
  0x000002509c08d000 JavaThread "File watcher server" daemon [_thread_in_native, id=14408, stack(0x00000071b6500000,0x00000071b6600000)]
  0x000002509c08e000 JavaThread "File watcher consumer" daemon [_thread_blocked, id=6692, stack(0x00000071b6600000,0x00000071b6700000)]
  0x000002509c090800 JavaThread "jar transforms" [_thread_blocked, id=7208, stack(0x00000071b6700000,0x00000071b6800000)]
  0x000002509c08c000 JavaThread "jar transforms Thread 2" [_thread_blocked, id=6832, stack(0x00000071b6800000,0x00000071b6900000)]
  0x000002509c092800 JavaThread "jar transforms Thread 3" [_thread_blocked, id=8708, stack(0x00000071b6900000,0x00000071b6a00000)]
  0x000002509c08e800 JavaThread "jar transforms Thread 4" [_thread_blocked, id=1420, stack(0x00000071b6a00000,0x00000071b6b00000)]
  0x000002509d75b800 JavaThread "Cache worker for checksums cache (D:\SETIK\findbarber\.gradle\7.4\checksums)" [_thread_blocked, id=8940, stack(0x00000071b6c00000,0x00000071b6d00000)]
  0x000002509d75e000 JavaThread "Cache worker for cache directory md-rule (C:\Users\Administrator\.gradle\caches\7.4\md-rule)" [_thread_blocked, id=9084, stack(0x00000071b6d00000,0x00000071b6e00000)]
  0x000002509d762000 JavaThread "Cache worker for file hash cache (D:\SETIK\findbarber\.gradle\7.4\fileHashes)" [_thread_blocked, id=9676, stack(0x00000071b6e00000,0x00000071b6f00000)]
  0x000002509d75c800 JavaThread "Cache worker for cache directory md-supplier (C:\Users\Administrator\.gradle\caches\7.4\md-supplier)" [_thread_blocked, id=8428, stack(0x00000071b6f00000,0x00000071b7000000)]
  0x000002509d75d000 JavaThread "Cache worker for execution history cache (C:\Users\Administrator\.gradle\caches\7.4\executionHistory)" [_thread_blocked, id=6648, stack(0x00000071b6b00000,0x00000071b6c00000)]
  0x000002509d760800 JavaThread "Cache worker for file content cache (C:\Users\Administrator\.gradle\caches\7.4\fileContent)" [_thread_blocked, id=8536, stack(0x00000071b7100000,0x00000071b7200000)]
  0x000002509d764800 JavaThread "Cache worker for dependencies-accessors (D:\SETIK\findbarber\.gradle\7.4\dependencies-accessors)" [_thread_blocked, id=9984, stack(0x00000071b7200000,0x00000071b7300000)]
  0x000002509d761800 JavaThread "Cache worker for Build Output Cleanup Cache (D:\SETIK\findbarber\.gradle\buildOutputCleanup)" [_thread_blocked, id=7344, stack(0x00000071b7300000,0x00000071b7400000)]
  0x000002509d75f000 JavaThread "Unconstrained build operations" [_thread_in_native, id=11640, stack(0x00000071b7400000,0x00000071b7500000)]
  0x000002509d766000 JavaThread "Unconstrained build operations Thread 2" [_thread_blocked, id=12444, stack(0x00000071b7500000,0x00000071b7600000)]
  0x000002509d767000 JavaThread "Unconstrained build operations Thread 3" [_thread_blocked, id=10732, stack(0x00000071b7600000,0x00000071b7700000)]
  0x000002509d768800 JavaThread "Unconstrained build operations Thread 4" [_thread_blocked, id=12752, stack(0x00000071b7700000,0x00000071b7800000)]
  0x000002509d765800 JavaThread "Unconstrained build operations Thread 5" [_thread_blocked, id=1584, stack(0x00000071b7800000,0x00000071b7900000)]
  0x000002509d768000 JavaThread "Unconstrained build operations Thread 6" [_thread_blocked, id=9372, stack(0x00000071b7900000,0x00000071b7a00000)]
  0x000002509d769800 JavaThread "Unconstrained build operations Thread 7" [_thread_blocked, id=7392, stack(0x00000071b7a00000,0x00000071b7b00000)]
  0x000002509d76a800 JavaThread "Unconstrained build operations Thread 8" [_thread_blocked, id=2712, stack(0x00000071b7b00000,0x00000071b7c00000)]
  0x000002509c89f000 JavaThread "Unconstrained build operations Thread 9" [_thread_blocked, id=6728, stack(0x00000071b7c00000,0x00000071b7d00000)]
  0x000002509c89f800 JavaThread "Unconstrained build operations Thread 10" [_thread_blocked, id=13632, stack(0x00000071b7d00000,0x00000071b7e00000)]
  0x000002509c8a0800 JavaThread "Unconstrained build operations Thread 11" [_thread_blocked, id=11072, stack(0x00000071b7e00000,0x00000071b7f00000)]
  0x000002509c8a2000 JavaThread "Unconstrained build operations Thread 12" [_thread_blocked, id=4276, stack(0x00000071b7f00000,0x00000071b8000000)]
  0x000002509c8a1800 JavaThread "Unconstrained build operations Thread 13" [_thread_blocked, id=2992, stack(0x00000071b8000000,0x00000071b8100000)]
  0x000002509c8a3000 JavaThread "Unconstrained build operations Thread 14" [_thread_blocked, id=6060, stack(0x00000071b8100000,0x00000071b8200000)]
  0x000002509c89d800 JavaThread "Unconstrained build operations Thread 15" [_thread_blocked, id=3724, stack(0x00000071b8200000,0x00000071b8300000)]
  0x000002509c8a4000 JavaThread "Unconstrained build operations Thread 16" [_thread_blocked, id=8304, stack(0x00000071b8300000,0x00000071b8400000)]
  0x000002509c89e000 JavaThread "Unconstrained build operations Thread 17" [_thread_blocked, id=14832, stack(0x00000071b8400000,0x00000071b8500000)]
  0x000002509c8a9800 JavaThread "Unconstrained build operations Thread 18" [_thread_in_vm, id=3480, stack(0x00000071b8500000,0x00000071b8600000)]
  0x000002509c8a5800 JavaThread "Unconstrained build operations Thread 19" [_thread_blocked, id=11700, stack(0x00000071b8600000,0x00000071b8700000)]
  0x000002509c8a7000 JavaThread "Unconstrained build operations Thread 20" [_thread_blocked, id=3728, stack(0x00000071b8700000,0x00000071b8800000)]
  0x000002509c8a8800 JavaThread "Unconstrained build operations Thread 21" [_thread_blocked, id=9592, stack(0x00000071b8800000,0x00000071b8900000)]
  0x000002509c8a6000 JavaThread "Unconstrained build operations Thread 22" [_thread_blocked, id=4016, stack(0x00000071b8900000,0x00000071b8a00000)]
  0x000002509c8aa800 JavaThread "Unconstrained build operations Thread 23" [_thread_blocked, id=8172, stack(0x00000071b8a00000,0x00000071b8b00000)]
  0x000002509c8a8000 JavaThread "Unconstrained build operations Thread 24" [_thread_blocked, id=7848, stack(0x00000071b8b00000,0x00000071b8c00000)]
  0x000002509c8a4800 JavaThread "Unconstrained build operations Thread 25" [_thread_blocked, id=9792, stack(0x00000071b8c00000,0x00000071b8d00000)]
  0x000002509c8ab000 JavaThread "Unconstrained build operations Thread 26" [_thread_blocked, id=1844, stack(0x00000071b8d00000,0x00000071b8e00000)]
  0x000002509c8ac000 JavaThread "Unconstrained build operations Thread 27" [_thread_blocked, id=11368, stack(0x00000071b8e00000,0x00000071b8f00000)]
  0x000002509cb9e000 JavaThread "Unconstrained build operations Thread 28" [_thread_blocked, id=12328, stack(0x00000071b8f00000,0x00000071b9000000)]
  0x000002509cb99000 JavaThread "Unconstrained build operations Thread 29" [_thread_blocked, id=6720, stack(0x00000071b9000000,0x00000071b9100000)]
  0x000002509cb9b800 JavaThread "Unconstrained build operations Thread 30" [_thread_blocked, id=11392, stack(0x00000071b9100000,0x00000071b9200000)]
  0x000002509cb9a000 JavaThread "Unconstrained build operations Thread 31" [_thread_blocked, id=1268, stack(0x00000071b9200000,0x00000071b9300000)]
  0x000002509cb9a800 JavaThread "Unconstrained build operations Thread 32" [_thread_blocked, id=13072, stack(0x00000071b9300000,0x00000071b9400000)]
  0x000002509cb9d000 JavaThread "Unconstrained build operations Thread 33" [_thread_blocked, id=6268, stack(0x00000071b9400000,0x00000071b9500000)]
  0x000002509cb9c800 JavaThread "Unconstrained build operations Thread 34" [_thread_blocked, id=2028, stack(0x00000071b9500000,0x00000071b9600000)]
  0x000002509cb98800 JavaThread "Unconstrained build operations Thread 35" [_thread_blocked, id=3524, stack(0x00000071b9600000,0x00000071b9700000)]
  0x000002509cba3000 JavaThread "Unconstrained build operations Thread 36" [_thread_blocked, id=1020, stack(0x00000071b9700000,0x00000071b9800000)]
  0x000002509cba3800 JavaThread "Unconstrained build operations Thread 37" [_thread_blocked, id=13716, stack(0x00000071b9800000,0x00000071b9900000)]
  0x000002509cba4800 JavaThread "Unconstrained build operations Thread 38" [_thread_blocked, id=12524, stack(0x00000071b9900000,0x00000071b9a00000)]
  0x000002509cba0800 JavaThread "Unconstrained build operations Thread 39" [_thread_blocked, id=7864, stack(0x00000071b9a00000,0x00000071b9b00000)]
  0x000002509cb9f800 JavaThread "Unconstrained build operations Thread 40" [_thread_blocked, id=10456, stack(0x00000071b9b00000,0x00000071b9c00000)]
  0x000002509cba1000 JavaThread "Memory manager" [_thread_blocked, id=3944, stack(0x00000071b9c00000,0x00000071b9d00000)]
  0x000002509c11b800 JavaThread "C2 CompilerThread1" daemon [_thread_in_native, id=7424, stack(0x00000071b7000000,0x00000071b7100000)]
  0x000002509cb9f000 JavaThread "included builds" [_thread_blocked, id=12864, stack(0x00000071b9d00000,0x00000071b9e00000)]
  0x000002509cba7000 JavaThread "Cache worker for execution history cache (D:\SETIK\findbarber\.gradle\7.4\executionHistory)" [_thread_blocked, id=13788, stack(0x00000071ba100000,0x00000071ba200000)]

Other Threads:
  0x0000025099610000 VMThread "VM Thread" [stack: 0x00000071b4a00000,0x00000071b4b00000] [id=10960]
  0x000002509a0f7800 WatcherThread [stack: 0x00000071b5400000,0x00000071b5500000] [id=6192]
  0x00000250ff986800 GCTaskThread "GC Thread#0" [stack: 0x00000071b4500000,0x00000071b4600000] [id=3428]
  0x000002509a41d800 GCTaskThread "GC Thread#1" [stack: 0x00000071b5600000,0x00000071b5700000] [id=7368]
  0x000002509a3a6800 GCTaskThread "GC Thread#2" [stack: 0x00000071b5700000,0x00000071b5800000] [id=5340]
  0x000002509c01b800 GCTaskThread "GC Thread#3" [stack: 0x00000071b6100000,0x00000071b6200000] [id=7192]
  0x00000250ff9b9000 ConcurrentGCThread "G1 Main Marker" [stack: 0x00000071b4600000,0x00000071b4700000] [id=2152]
  0x00000250ff9bb800 ConcurrentGCThread "G1 Conc#0" [stack: 0x00000071b4700000,0x00000071b4800000] [id=5032]
  0x00000250ffa4b800 ConcurrentGCThread "G1 Refine#0" [stack: 0x00000071b4800000,0x00000071b4900000] [id=6208]
  0x00000250ffa4e800 ConcurrentGCThread "G1 Young RemSet Sampling" [stack: 0x00000071b4900000,0x00000071b4a00000] [id=10908]

Threads with active compile tasks:
C2 CompilerThread0  28246 9426       4       java.lang.String::split (324 bytes)
C2 CompilerThread1  28246 9508       4       java.math.BigInteger::montReduce (99 bytes)

VM state:not at safepoint (normal execution)

VM Mutex/Monitor currently owned by a thread: None

Heap address: 0x0000000080000000, size: 2048 MB, Compressed Oops mode: 32-bit
Narrow klass base: 0x0000000000000000, Narrow klass shift: 3
Compressed class space size: 1073741824 Address: 0x0000000100000000

Heap:
 garbage-first heap   total 227328K, used 162479K [0x0000000080000000, 0x0000000100000000)
  region size 1024K, 22 young (22528K), 6 survivors (6144K)
 Metaspace       used 99722K, capacity 102058K, committed 102132K, reserved 1138688K
  class space    used 12838K, capacity 13681K, committed 13696K, reserved 1048576K
Heap Regions: E=young(eden), S=young(survivor), O=old, HS=humongous(starts), HC=humongous(continues), CS=collection set, F=free, A=archive, TAMS=top-at-mark-start (previous, next)
|   0|0x0000000080000000, 0x0000000080100000, 0x0000000080100000|100%|HS|  |TAMS 0x0000000080100000, 0x0000000080000000| Complete 
|   1|0x0000000080100000, 0x0000000080200000, 0x0000000080200000|100%|HC|  |TAMS 0x0000000080200000, 0x0000000080100000| Complete 
|   2|0x0000000080200000, 0x0000000080300000, 0x0000000080300000|100%|HC|  |TAMS 0x0000000080300000, 0x0000000080200000| Complete 
|   3|0x0000000080300000, 0x0000000080400000, 0x0000000080400000|100%| O|  |TAMS 0x0000000080400000, 0x0000000080300000| Untracked 
|   4|0x0000000080400000, 0x0000000080500000, 0x0000000080500000|100%| O|  |TAMS 0x0000000080500000, 0x0000000080400000| Untracked 
|   5|0x0000000080500000, 0x0000000080600000, 0x0000000080600000|100%| O|  |TAMS 0x0000000080600000, 0x0000000080500000| Untracked 
|   6|0x0000000080600000, 0x0000000080700000, 0x0000000080700000|100%| O|  |TAMS 0x0000000080700000, 0x0000000080600000| Untracked 
|   7|0x0000000080700000, 0x0000000080800000, 0x0000000080800000|100%| O|  |TAMS 0x0000000080800000, 0x0000000080700000| Untracked 
|   8|0x0000000080800000, 0x0000000080900000, 0x0000000080900000|100%| O|  |TAMS 0x0000000080900000, 0x0000000080800000| Untracked 
|   9|0x0000000080900000, 0x0000000080a00000, 0x0000000080a00000|100%| O|  |TAMS 0x0000000080a00000, 0x0000000080900000| Untracked 
|  10|0x0000000080a00000, 0x0000000080b00000, 0x0000000080b00000|100%| O|  |TAMS 0x0000000080b00000, 0x0000000080a00000| Untracked 
|  11|0x0000000080b00000, 0x0000000080c00000, 0x0000000080c00000|100%| O|  |TAMS 0x0000000080c00000, 0x0000000080b00000| Untracked 
|  12|0x0000000080c00000, 0x0000000080d00000, 0x0000000080d00000|100%| O|  |TAMS 0x0000000080d00000, 0x0000000080c00000| Untracked 
|  13|0x0000000080d00000, 0x0000000080e00000, 0x0000000080e00000|100%| O|  |TAMS 0x0000000080e00000, 0x0000000080d00000| Untracked 
|  14|0x0000000080e00000, 0x0000000080f00000, 0x0000000080f00000|100%| O|  |TAMS 0x0000000080f00000, 0x0000000080e00000| Untracked 
|  15|0x0000000080f00000, 0x0000000081000000, 0x0000000081000000|100%| O|  |TAMS 0x0000000081000000, 0x0000000080f00000| Untracked 
|  16|0x0000000081000000, 0x0000000081100000, 0x0000000081100000|100%|HS|  |TAMS 0x0000000081100000, 0x0000000081000000| Complete 
|  17|0x0000000081100000, 0x0000000081200000, 0x0000000081200000|100%|HC|  |TAMS 0x0000000081200000, 0x0000000081100000| Complete 
|  18|0x0000000081200000, 0x0000000081300000, 0x0000000081300000|100%|HS|  |TAMS 0x0000000081300000, 0x0000000081200000| Complete 
|  19|0x0000000081300000, 0x0000000081400000, 0x0000000081400000|100%|HC|  |TAMS 0x0000000081400000, 0x0000000081300000| Complete 
|  20|0x0000000081400000, 0x0000000081500000, 0x0000000081500000|100%|HC|  |TAMS 0x0000000081500000, 0x0000000081400000| Complete 
|  21|0x0000000081500000, 0x0000000081600000, 0x0000000081600000|100%|HS|  |TAMS 0x0000000081600000, 0x0000000081500000| Complete 
|  22|0x0000000081600000, 0x0000000081700000, 0x0000000081700000|100%|HC|  |TAMS 0x0000000081700000, 0x0000000081600000| Complete 
|  23|0x0000000081700000, 0x0000000081800000, 0x0000000081800000|100%|HC|  |TAMS 0x0000000081800000, 0x0000000081700000| Complete 
|  24|0x0000000081800000, 0x0000000081900000, 0x0000000081900000|100%|HS|  |TAMS 0x0000000081900000, 0x0000000081800000| Complete 
|  25|0x0000000081900000, 0x0000000081a00000, 0x0000000081a00000|100%|HC|  |TAMS 0x0000000081a00000, 0x0000000081900000| Complete 
|  26|0x0000000081a00000, 0x0000000081b00000, 0x0000000081b00000|100%|HC|  |TAMS 0x0000000081b00000, 0x0000000081a00000| Complete 
|  27|0x0000000081b00000, 0x0000000081c00000, 0x0000000081c00000|100%|HC|  |TAMS 0x0000000081c00000, 0x0000000081b00000| Complete 
|  28|0x0000000081c00000, 0x0000000081d00000, 0x0000000081d00000|100%|HS|  |TAMS 0x0000000081d00000, 0x0000000081c00000| Complete 
|  29|0x0000000081d00000, 0x0000000081e00000, 0x0000000081e00000|100%|HC|  |TAMS 0x0000000081e00000, 0x0000000081d00000| Complete 
|  30|0x0000000081e00000, 0x0000000081f00000, 0x0000000081f00000|100%|HC|  |TAMS 0x0000000081f00000, 0x0000000081e00000| Complete 
|  31|0x0000000081f00000, 0x0000000082000000, 0x0000000082000000|100%|HC|  |TAMS 0x0000000082000000, 0x0000000081f00000| Complete 
|  32|0x0000000082000000, 0x0000000082100000, 0x0000000082100000|100%|HC|  |TAMS 0x0000000082100000, 0x0000000082000000| Complete 
|  33|0x0000000082100000, 0x0000000082200000, 0x0000000082200000|100%|HS|  |TAMS 0x0000000082200000, 0x0000000082100000| Complete 
|  34|0x0000000082200000, 0x0000000082300000, 0x0000000082300000|100%|HS|  |TAMS 0x0000000082300000, 0x0000000082200000| Complete 
|  35|0x0000000082300000, 0x0000000082400000, 0x0000000082400000|100%|HC|  |TAMS 0x0000000082400000, 0x0000000082300000| Complete 
|  36|0x0000000082400000, 0x0000000082500000, 0x0000000082500000|100%|HC|  |TAMS 0x0000000082500000, 0x0000000082400000| Complete 
|  37|0x0000000082500000, 0x0000000082600000, 0x0000000082600000|100%| O|  |TAMS 0x0000000082600000, 0x0000000082500000| Untracked 
|  38|0x0000000082600000, 0x0000000082700000, 0x0000000082700000|100%| O|  |TAMS 0x0000000082700000, 0x0000000082600000| Untracked 
|  39|0x0000000082700000, 0x0000000082800000, 0x0000000082800000|100%| O|  |TAMS 0x0000000082800000, 0x0000000082700000| Untracked 
|  40|0x0000000082800000, 0x0000000082900000, 0x0000000082900000|100%| O|  |TAMS 0x0000000082900000, 0x0000000082800000| Untracked 
|  41|0x0000000082900000, 0x0000000082a00000, 0x0000000082a00000|100%| O|  |TAMS 0x0000000082a00000, 0x0000000082900000| Untracked 
|  42|0x0000000082a00000, 0x0000000082b00000, 0x0000000082b00000|100%| O|  |TAMS 0x0000000082b00000, 0x0000000082a00000| Untracked 
|  43|0x0000000082b00000, 0x0000000082c00000, 0x0000000082c00000|100%| O|  |TAMS 0x0000000082c00000, 0x0000000082b00000| Untracked 
|  44|0x0000000082c00000, 0x0000000082d00000, 0x0000000082d00000|100%| O|  |TAMS 0x0000000082d00000, 0x0000000082c00000| Untracked 
|  45|0x0000000082d00000, 0x0000000082e00000, 0x0000000082e00000|100%| O|  |TAMS 0x0000000082e00000, 0x0000000082d00000| Untracked 
|  46|0x0000000082e00000, 0x0000000082f00000, 0x0000000082f00000|100%| O|  |TAMS 0x0000000082f00000, 0x0000000082e00000| Untracked 
|  47|0x0000000082f00000, 0x0000000083000000, 0x0000000083000000|100%| O|  |TAMS 0x0000000083000000, 0x0000000082f00000| Untracked 
|  48|0x0000000083000000, 0x0000000083100000, 0x0000000083100000|100%|HS|  |TAMS 0x0000000083100000, 0x0000000083000000| Complete 
|  49|0x0000000083100000, 0x0000000083200000, 0x0000000083200000|100%|HC|  |TAMS 0x0000000083200000, 0x0000000083100000| Complete 
|  50|0x0000000083200000, 0x0000000083300000, 0x0000000083300000|100%|HC|  |TAMS 0x0000000083300000, 0x0000000083200000| Complete 
|  51|0x0000000083300000, 0x0000000083400000, 0x0000000083400000|100%|HC|  |TAMS 0x0000000083400000, 0x0000000083300000| Complete 
|  52|0x0000000083400000, 0x0000000083500000, 0x0000000083500000|100%|HS|  |TAMS 0x0000000083500000, 0x0000000083400000| Complete 
|  53|0x0000000083500000, 0x0000000083600000, 0x0000000083600000|100%|HC|  |TAMS 0x0000000083600000, 0x0000000083500000| Complete 
|  54|0x0000000083600000, 0x0000000083700000, 0x0000000083700000|100%|HS|  |TAMS 0x0000000083700000, 0x0000000083600000| Complete 
|  55|0x0000000083700000, 0x0000000083800000, 0x0000000083800000|100%|HC|  |TAMS 0x0000000083800000, 0x0000000083700000| Complete 
|  56|0x0000000083800000, 0x0000000083900000, 0x0000000083900000|100%|HC|  |TAMS 0x0000000083900000, 0x0000000083800000| Complete 
|  57|0x0000000083900000, 0x0000000083a00000, 0x0000000083a00000|100%| O|  |TAMS 0x0000000083a00000, 0x0000000083900000| Untracked 
|  58|0x0000000083a00000, 0x0000000083b00000, 0x0000000083b00000|100%| O|  |TAMS 0x0000000083b00000, 0x0000000083a00000| Untracked 
|  59|0x0000000083b00000, 0x0000000083c00000, 0x0000000083c00000|100%| O|  |TAMS 0x0000000083c00000, 0x0000000083b00000| Untracked 
|  60|0x0000000083c00000, 0x0000000083d00000, 0x0000000083d00000|100%| O|  |TAMS 0x0000000083d00000, 0x0000000083c00000| Untracked 
|  61|0x0000000083d00000, 0x0000000083e00000, 0x0000000083e00000|100%| O|  |TAMS 0x0000000083e00000, 0x0000000083d00000| Untracked 
|  62|0x0000000083e00000, 0x0000000083f00000, 0x0000000083f00000|100%| O|  |TAMS 0x0000000083f00000, 0x0000000083e00000| Untracked 
|  63|0x0000000083f00000, 0x0000000084000000, 0x0000000084000000|100%|HS|  |TAMS 0x0000000084000000, 0x0000000083f00000| Complete 
|  64|0x0000000084000000, 0x0000000084100000, 0x0000000084100000|100%|HC|  |TAMS 0x0000000084100000, 0x0000000084000000| Complete 
|  65|0x0000000084100000, 0x0000000084200000, 0x0000000084200000|100%|HC|  |TAMS 0x0000000084200000, 0x0000000084100000| Complete 
|  66|0x0000000084200000, 0x0000000084300000, 0x0000000084300000|100%|HC|  |TAMS 0x0000000084300000, 0x0000000084200000| Complete 
|  67|0x0000000084300000, 0x0000000084400000, 0x0000000084400000|100%|HC|  |TAMS 0x0000000084400000, 0x0000000084300000| Complete 
|  68|0x0000000084400000, 0x0000000084500000, 0x0000000084500000|100%| O|  |TAMS 0x0000000084500000, 0x0000000084400000| Untracked 
|  69|0x0000000084500000, 0x0000000084600000, 0x0000000084600000|100%| O|  |TAMS 0x0000000084600000, 0x0000000084500000| Untracked 
|  70|0x0000000084600000, 0x0000000084700000, 0x0000000084700000|100%| O|  |TAMS 0x0000000084700000, 0x0000000084600000| Untracked 
|  71|0x0000000084700000, 0x0000000084800000, 0x0000000084800000|100%| O|  |TAMS 0x0000000084800000, 0x0000000084700000| Untracked 
|  72|0x0000000084800000, 0x0000000084900000, 0x0000000084900000|100%| O|  |TAMS 0x0000000084900000, 0x0000000084800000| Untracked 
|  73|0x0000000084900000, 0x0000000084a00000, 0x0000000084a00000|100%| O|  |TAMS 0x0000000084a00000, 0x0000000084900000| Untracked 
|  74|0x0000000084a00000, 0x0000000084b00000, 0x0000000084b00000|100%|HS|  |TAMS 0x0000000084b00000, 0x0000000084a00000| Complete 
|  75|0x0000000084b00000, 0x0000000084c00000, 0x0000000084c00000|100%|HS|  |TAMS 0x0000000084c00000, 0x0000000084b00000| Complete 
|  76|0x0000000084c00000, 0x0000000084d00000, 0x0000000084d00000|100%|HS|  |TAMS 0x0000000084d00000, 0x0000000084c00000| Complete 
|  77|0x0000000084d00000, 0x0000000084e00000, 0x0000000084e00000|100%|HS|  |TAMS 0x0000000084e00000, 0x0000000084d00000| Complete 
|  78|0x0000000084e00000, 0x0000000084f00000, 0x0000000084f00000|100%|HC|  |TAMS 0x0000000084f00000, 0x0000000084e00000| Complete 
|  79|0x0000000084f00000, 0x0000000085000000, 0x0000000085000000|100%|HC|  |TAMS 0x0000000085000000, 0x0000000084f00000| Complete 
|  80|0x0000000085000000, 0x0000000085100000, 0x0000000085100000|100%|HC|  |TAMS 0x0000000085100000, 0x0000000085000000| Complete 
|  81|0x0000000085100000, 0x0000000085200000, 0x0000000085200000|100%| O|  |TAMS 0x0000000085200000, 0x0000000085100000| Untracked 
|  82|0x0000000085200000, 0x0000000085300000, 0x0000000085300000|100%|HS|  |TAMS 0x0000000085300000, 0x0000000085200000| Complete 
|  83|0x0000000085300000, 0x0000000085400000, 0x0000000085400000|100%|HC|  |TAMS 0x0000000085400000, 0x0000000085300000| Complete 
|  84|0x0000000085400000, 0x0000000085500000, 0x0000000085500000|100%| O|  |TAMS 0x0000000085500000, 0x0000000085400000| Untracked 
|  85|0x0000000085500000, 0x0000000085600000, 0x0000000085600000|100%| O|  |TAMS 0x0000000085600000, 0x0000000085500000| Untracked 
|  86|0x0000000085600000, 0x0000000085700000, 0x0000000085700000|100%| O|  |TAMS 0x0000000085700000, 0x0000000085600000| Untracked 
|  87|0x0000000085700000, 0x0000000085800000, 0x0000000085800000|100%| O|  |TAMS 0x0000000085800000, 0x0000000085700000| Untracked 
|  88|0x0000000085800000, 0x0000000085900000, 0x0000000085900000|100%| O|  |TAMS 0x0000000085900000, 0x0000000085800000| Untracked 
|  89|0x0000000085900000, 0x0000000085a00000, 0x0000000085a00000|100%| O|  |TAMS 0x0000000085a00000, 0x0000000085900000| Untracked 
|  90|0x0000000085a00000, 0x0000000085b00000, 0x0000000085b00000|100%| O|  |TAMS 0x0000000085b00000, 0x0000000085a00000| Untracked 
|  91|0x0000000085b00000, 0x0000000085c00000, 0x0000000085c00000|100%| O|  |TAMS 0x0000000085c00000, 0x0000000085b00000| Untracked 
|  92|0x0000000085c00000, 0x0000000085d00000, 0x0000000085d00000|100%| O|  |TAMS 0x0000000085d00000, 0x0000000085c00000| Untracked 
|  93|0x0000000085d00000, 0x0000000085e00000, 0x0000000085e00000|100%| O|  |TAMS 0x0000000085e00000, 0x0000000085d00000| Untracked 
|  94|0x0000000085e00000, 0x0000000085f00000, 0x0000000085f00000|100%| O|  |TAMS 0x0000000085f00000, 0x0000000085e00000| Untracked 
|  95|0x0000000085f00000, 0x0000000086000000, 0x0000000086000000|100%| O|  |TAMS 0x0000000086000000, 0x0000000085f00000| Untracked 
|  96|0x0000000086000000, 0x0000000086100000, 0x0000000086100000|100%| O|  |TAMS 0x0000000086100000, 0x0000000086000000| Untracked 
|  97|0x0000000086100000, 0x0000000086200000, 0x0000000086200000|100%| O|  |TAMS 0x0000000086200000, 0x0000000086100000| Untracked 
|  98|0x0000000086200000, 0x0000000086300000, 0x0000000086300000|100%| O|  |TAMS 0x0000000086300000, 0x0000000086200000| Untracked 
|  99|0x0000000086300000, 0x0000000086400000, 0x0000000086400000|100%| O|  |TAMS 0x0000000086400000, 0x0000000086300000| Untracked 
| 100|0x0000000086400000, 0x0000000086500000, 0x0000000086500000|100%| O|  |TAMS 0x0000000086500000, 0x0000000086400000| Untracked 
| 101|0x0000000086500000, 0x0000000086600000, 0x0000000086600000|100%| O|  |TAMS 0x0000000086600000, 0x0000000086500000| Untracked 
| 102|0x0000000086600000, 0x0000000086700000, 0x0000000086700000|100%| O|  |TAMS 0x0000000086700000, 0x0000000086600000| Untracked 
| 103|0x0000000086700000, 0x0000000086800000, 0x0000000086800000|100%| O|  |TAMS 0x0000000086800000, 0x0000000086700000| Untracked 
| 104|0x0000000086800000, 0x0000000086900000, 0x0000000086900000|100%| O|  |TAMS 0x0000000086900000, 0x0000000086800000| Untracked 
| 105|0x0000000086900000, 0x0000000086a00000, 0x0000000086a00000|100%| O|  |TAMS 0x0000000086a00000, 0x0000000086900000| Untracked 
| 106|0x0000000086a00000, 0x0000000086b00000, 0x0000000086b00000|100%| O|  |TAMS 0x0000000086b00000, 0x0000000086a00000| Untracked 
| 107|0x0000000086b00000, 0x0000000086c00000, 0x0000000086c00000|100%| O|  |TAMS 0x0000000086c00000, 0x0000000086b00000| Untracked 
| 108|0x0000000086c00000, 0x0000000086d00000, 0x0000000086d00000|100%|HS|  |TAMS 0x0000000086d00000, 0x0000000086c00000| Complete 
| 109|0x0000000086d00000, 0x0000000086e00000, 0x0000000086e00000|100%|HC|  |TAMS 0x0000000086e00000, 0x0000000086d00000| Complete 
| 110|0x0000000086e00000, 0x0000000086f00000, 0x0000000086f00000|100%|HS|  |TAMS 0x0000000086f00000, 0x0000000086e00000| Complete 
| 111|0x0000000086f00000, 0x0000000087000000, 0x0000000087000000|100%|HC|  |TAMS 0x0000000087000000, 0x0000000086f00000| Complete 
| 112|0x0000000087000000, 0x0000000087100000, 0x0000000087100000|100%|HC|  |TAMS 0x0000000087100000, 0x0000000087000000| Complete 
| 113|0x0000000087100000, 0x0000000087200000, 0x0000000087200000|100%|HS|  |TAMS 0x0000000087200000, 0x0000000087100000| Complete 
| 114|0x0000000087200000, 0x0000000087300000, 0x0000000087300000|100%|HC|  |TAMS 0x0000000087300000, 0x0000000087200000| Complete 
| 115|0x0000000087300000, 0x0000000087400000, 0x0000000087400000|100%|HC|  |TAMS 0x0000000087400000, 0x0000000087300000| Complete 
| 116|0x0000000087400000, 0x0000000087500000, 0x0000000087500000|100%|HS|  |TAMS 0x0000000087500000, 0x0000000087400000| Complete 
| 117|0x0000000087500000, 0x0000000087600000, 0x0000000087600000|100%|HC|  |TAMS 0x0000000087600000, 0x0000000087500000| Complete 
| 118|0x0000000087600000, 0x0000000087700000, 0x0000000087700000|100%|HC|  |TAMS 0x0000000087700000, 0x0000000087600000| Complete 
| 119|0x0000000087700000, 0x0000000087800000, 0x0000000087800000|100%|HC|  |TAMS 0x0000000087800000, 0x0000000087700000| Complete 
| 120|0x0000000087800000, 0x0000000087900000, 0x0000000087900000|100%|HS|  |TAMS 0x0000000087900000, 0x0000000087800000| Complete 
| 121|0x0000000087900000, 0x0000000087a00000, 0x0000000087a00000|100%|HC|  |TAMS 0x0000000087a00000, 0x0000000087900000| Complete 
| 122|0x0000000087a00000, 0x0000000087b00000, 0x0000000087b00000|100%|HC|  |TAMS 0x0000000087b00000, 0x0000000087a00000| Complete 
| 123|0x0000000087b00000, 0x0000000087c00000, 0x0000000087c00000|100%|HC|  |TAMS 0x0000000087c00000, 0x0000000087b00000| Complete 
| 124|0x0000000087c00000, 0x0000000087d00000, 0x0000000087d00000|100%|HC|  |TAMS 0x0000000087d00000, 0x0000000087c00000| Complete 
| 125|0x0000000087d00000, 0x0000000087e00000, 0x0000000087e00000|100%|HS|  |TAMS 0x0000000087e00000, 0x0000000087d00000| Complete 
| 126|0x0000000087e00000, 0x0000000087f00000, 0x0000000087f00000|100%| O|  |TAMS 0x0000000087f00000, 0x0000000087e00000| Untracked 
| 127|0x0000000087f00000, 0x0000000088000000, 0x0000000088000000|100%| O|  |TAMS 0x0000000088000000, 0x0000000087f00000| Untracked 
| 128|0x0000000088000000, 0x0000000088100000, 0x0000000088100000|100%| O|  |TAMS 0x0000000088100000, 0x0000000088000000| Untracked 
| 129|0x0000000088100000, 0x0000000088200000, 0x0000000088200000|100%| O|  |TAMS 0x0000000088200000, 0x0000000088100000| Untracked 
| 130|0x0000000088200000, 0x0000000088300000, 0x0000000088300000|100%| O|  |TAMS 0x0000000088300000, 0x0000000088200000| Untracked 
| 131|0x0000000088300000, 0x0000000088400000, 0x0000000088400000|100%| O|  |TAMS 0x0000000088400000, 0x0000000088300000| Untracked 
| 132|0x0000000088400000, 0x0000000088500000, 0x0000000088500000|100%| O|  |TAMS 0x0000000088500000, 0x0000000088400000| Untracked 
| 133|0x0000000088500000, 0x0000000088600000, 0x0000000088600000|100%| O|  |TAMS 0x0000000088600000, 0x0000000088500000| Untracked 
| 134|0x0000000088600000, 0x0000000088700000, 0x0000000088700000|100%| O|  |TAMS 0x0000000088700000, 0x0000000088600000| Untracked 
| 135|0x0000000088700000, 0x0000000088800000, 0x0000000088800000|100%| O|  |TAMS 0x0000000088800000, 0x0000000088700000| Untracked 
| 136|0x0000000088800000, 0x0000000088900000, 0x0000000088900000|100%| O|  |TAMS 0x0000000088900000, 0x0000000088800000| Untracked 
| 137|0x0000000088900000, 0x00000000889abe00, 0x0000000088a00000| 67%| O|  |TAMS 0x00000000889abe00, 0x0000000088900000| Untracked 
| 138|0x0000000088a00000, 0x0000000088a00000, 0x0000000088b00000|  0%| F|  |TAMS 0x0000000088a00000, 0x0000000088a00000| Untracked 
| 139|0x0000000088b00000, 0x0000000088c00000, 0x0000000088c00000|100%| O|  |TAMS 0x0000000088c00000, 0x0000000088b00000| Untracked 
| 140|0x0000000088c00000, 0x0000000088c00000, 0x0000000088d00000|  0%| F|  |TAMS 0x0000000088c00000, 0x0000000088c00000| Untracked 
| 141|0x0000000088d00000, 0x0000000088d00000, 0x0000000088e00000|  0%| F|  |TAMS 0x0000000088d00000, 0x0000000088d00000| Untracked 
| 142|0x0000000088e00000, 0x0000000088e00000, 0x0000000088f00000|  0%| F|  |TAMS 0x0000000088e00000, 0x0000000088e00000| Untracked 
| 143|0x0000000088f00000, 0x0000000088f00000, 0x0000000089000000|  0%| F|  |TAMS 0x0000000088f00000, 0x0000000088f00000| Untracked 
| 144|0x0000000089000000, 0x0000000089000000, 0x0000000089100000|  0%| F|  |TAMS 0x0000000089000000, 0x0000000089000000| Untracked 
| 145|0x0000000089100000, 0x0000000089100000, 0x0000000089200000|  0%| F|  |TAMS 0x0000000089100000, 0x0000000089100000| Untracked 
| 146|0x0000000089200000, 0x0000000089200000, 0x0000000089300000|  0%| F|  |TAMS 0x0000000089200000, 0x0000000089200000| Untracked 
| 147|0x0000000089300000, 0x0000000089300000, 0x0000000089400000|  0%| F|  |TAMS 0x0000000089300000, 0x0000000089300000| Untracked 
| 148|0x0000000089400000, 0x0000000089400000, 0x0000000089500000|  0%| F|  |TAMS 0x0000000089400000, 0x0000000089400000| Untracked 
| 149|0x0000000089500000, 0x0000000089500000, 0x0000000089600000|  0%| F|  |TAMS 0x0000000089500000, 0x0000000089500000| Untracked 
| 150|0x0000000089600000, 0x0000000089600000, 0x0000000089700000|  0%| F|  |TAMS 0x0000000089600000, 0x0000000089600000| Untracked 
| 151|0x0000000089700000, 0x0000000089700000, 0x0000000089800000|  0%| F|  |TAMS 0x0000000089700000, 0x0000000089700000| Untracked 
| 152|0x0000000089800000, 0x0000000089800000, 0x0000000089900000|  0%| F|  |TAMS 0x0000000089800000, 0x0000000089800000| Untracked 
| 153|0x0000000089900000, 0x0000000089900000, 0x0000000089a00000|  0%| F|  |TAMS 0x0000000089900000, 0x0000000089900000| Untracked 
| 154|0x0000000089a00000, 0x0000000089a00000, 0x0000000089b00000|  0%| F|  |TAMS 0x0000000089a00000, 0x0000000089a00000| Untracked 
| 155|0x0000000089b00000, 0x0000000089b00000, 0x0000000089c00000|  0%| F|  |TAMS 0x0000000089b00000, 0x0000000089b00000| Untracked 
| 156|0x0000000089c00000, 0x0000000089c00000, 0x0000000089d00000|  0%| F|  |TAMS 0x0000000089c00000, 0x0000000089c00000| Untracked 
| 157|0x0000000089d00000, 0x0000000089d00000, 0x0000000089e00000|  0%| F|  |TAMS 0x0000000089d00000, 0x0000000089d00000| Untracked 
| 158|0x0000000089e00000, 0x0000000089e00000, 0x0000000089f00000|  0%| F|  |TAMS 0x0000000089e00000, 0x0000000089e00000| Untracked 
| 159|0x0000000089f00000, 0x0000000089f00000, 0x000000008a000000|  0%| F|  |TAMS 0x0000000089f00000, 0x0000000089f00000| Untracked 
| 160|0x000000008a000000, 0x000000008a000000, 0x000000008a100000|  0%| F|  |TAMS 0x000000008a000000, 0x000000008a000000| Untracked 
| 161|0x000000008a100000, 0x000000008a100000, 0x000000008a200000|  0%| F|  |TAMS 0x000000008a100000, 0x000000008a100000| Untracked 
| 162|0x000000008a200000, 0x000000008a200000, 0x000000008a300000|  0%| F|  |TAMS 0x000000008a200000, 0x000000008a200000| Untracked 
| 163|0x000000008a300000, 0x000000008a300000, 0x000000008a400000|  0%| F|  |TAMS 0x000000008a300000, 0x000000008a300000| Untracked 
| 164|0x000000008a400000, 0x000000008a400000, 0x000000008a500000|  0%| F|  |TAMS 0x000000008a400000, 0x000000008a400000| Untracked 
| 165|0x000000008a500000, 0x000000008a500000, 0x000000008a600000|  0%| F|  |TAMS 0x000000008a500000, 0x000000008a500000| Untracked 
| 166|0x000000008a600000, 0x000000008a600000, 0x000000008a700000|  0%| F|  |TAMS 0x000000008a600000, 0x000000008a600000| Untracked 
| 167|0x000000008a700000, 0x000000008a700000, 0x000000008a800000|  0%| F|  |TAMS 0x000000008a700000, 0x000000008a700000| Untracked 
| 168|0x000000008a800000, 0x000000008a800000, 0x000000008a900000|  0%| F|  |TAMS 0x000000008a800000, 0x000000008a800000| Untracked 
| 169|0x000000008a900000, 0x000000008a900000, 0x000000008aa00000|  0%| F|  |TAMS 0x000000008a900000, 0x000000008a900000| Untracked 
| 170|0x000000008aa00000, 0x000000008ab00000, 0x000000008ab00000|100%| S|CS|TAMS 0x000000008aa00000, 0x000000008aa00000| Complete 
| 171|0x000000008ab00000, 0x000000008ac00000, 0x000000008ac00000|100%| S|CS|TAMS 0x000000008ab00000, 0x000000008ab00000| Complete 
| 172|0x000000008ac00000, 0x000000008ad00000, 0x000000008ad00000|100%| S|CS|TAMS 0x000000008ac00000, 0x000000008ac00000| Complete 
| 173|0x000000008ad00000, 0x000000008ad00000, 0x000000008ae00000|  0%| F|  |TAMS 0x000000008ad00000, 0x000000008ad00000| Untracked 
| 174|0x000000008ae00000, 0x000000008ae00000, 0x000000008af00000|  0%| F|  |TAMS 0x000000008ae00000, 0x000000008ae00000| Untracked 
| 175|0x000000008af00000, 0x000000008af00000, 0x000000008b000000|  0%| F|  |TAMS 0x000000008af00000, 0x000000008af00000| Untracked 
| 176|0x000000008b000000, 0x000000008b000000, 0x000000008b100000|  0%| F|  |TAMS 0x000000008b000000, 0x000000008b000000| Untracked 
| 177|0x000000008b100000, 0x000000008b100000, 0x000000008b200000|  0%| F|  |TAMS 0x000000008b100000, 0x000000008b100000| Untracked 
| 178|0x000000008b200000, 0x000000008b300000, 0x000000008b300000|100%| S|CS|TAMS 0x000000008b200000, 0x000000008b200000| Complete 
| 179|0x000000008b300000, 0x000000008b400000, 0x000000008b400000|100%| S|CS|TAMS 0x000000008b300000, 0x000000008b300000| Complete 
| 180|0x000000008b400000, 0x000000008b500000, 0x000000008b500000|100%| S|CS|TAMS 0x000000008b400000, 0x000000008b400000| Complete 
| 181|0x000000008b500000, 0x000000008b500000, 0x000000008b600000|  0%| F|  |TAMS 0x000000008b500000, 0x000000008b500000| Untracked 
| 182|0x000000008b600000, 0x000000008b600000, 0x000000008b700000|  0%| F|  |TAMS 0x000000008b600000, 0x000000008b600000| Untracked 
| 183|0x000000008b700000, 0x000000008b700000, 0x000000008b800000|  0%| F|  |TAMS 0x000000008b700000, 0x000000008b700000| Untracked 
| 184|0x000000008b800000, 0x000000008b800000, 0x000000008b900000|  0%| F|  |TAMS 0x000000008b800000, 0x000000008b800000| Untracked 
| 185|0x000000008b900000, 0x000000008b900000, 0x000000008ba00000|  0%| F|  |TAMS 0x000000008b900000, 0x000000008b900000| Untracked 
| 186|0x000000008ba00000, 0x000000008ba00000, 0x000000008bb00000|  0%| F|  |TAMS 0x000000008ba00000, 0x000000008ba00000| Untracked 
| 187|0x000000008bb00000, 0x000000008bb00000, 0x000000008bc00000|  0%| F|  |TAMS 0x000000008bb00000, 0x000000008bb00000| Untracked 
| 188|0x000000008bc00000, 0x000000008bc00000, 0x000000008bd00000|  0%| F|  |TAMS 0x000000008bc00000, 0x000000008bc00000| Untracked 
| 189|0x000000008bd00000, 0x000000008bd00000, 0x000000008be00000|  0%| F|  |TAMS 0x000000008bd00000, 0x000000008bd00000| Untracked 
| 190|0x000000008be00000, 0x000000008be00000, 0x000000008bf00000|  0%| F|  |TAMS 0x000000008be00000, 0x000000008be00000| Untracked 
| 191|0x000000008bf00000, 0x000000008bf00000, 0x000000008c000000|  0%| F|  |TAMS 0x000000008bf00000, 0x000000008bf00000| Untracked 
| 192|0x000000008c000000, 0x000000008c000000, 0x000000008c100000|  0%| F|  |TAMS 0x000000008c000000, 0x000000008c000000| Untracked 
| 193|0x000000008c100000, 0x000000008c100000, 0x000000008c200000|  0%| F|  |TAMS 0x000000008c100000, 0x000000008c100000| Untracked 
| 194|0x000000008c200000, 0x000000008c200000, 0x000000008c300000|  0%| F|  |TAMS 0x000000008c200000, 0x000000008c200000| Untracked 
| 195|0x000000008c300000, 0x000000008c300000, 0x000000008c400000|  0%| F|  |TAMS 0x000000008c300000, 0x000000008c300000| Untracked 
| 196|0x000000008c400000, 0x000000008c400000, 0x000000008c500000|  0%| F|  |TAMS 0x000000008c400000, 0x000000008c400000| Untracked 
| 197|0x000000008c500000, 0x000000008c500000, 0x000000008c600000|  0%| F|  |TAMS 0x000000008c500000, 0x000000008c500000| Untracked 
| 198|0x000000008c600000, 0x000000008c600000, 0x000000008c700000|  0%| F|  |TAMS 0x000000008c600000, 0x000000008c600000| Untracked 
| 199|0x000000008c700000, 0x000000008c700000, 0x000000008c800000|  0%| F|  |TAMS 0x000000008c700000, 0x000000008c700000| Untracked 
| 200|0x000000008c800000, 0x000000008c800000, 0x000000008c900000|  0%| F|  |TAMS 0x000000008c800000, 0x000000008c800000| Untracked 
| 201|0x000000008c900000, 0x000000008c900000, 0x000000008ca00000|  0%| F|  |TAMS 0x000000008c900000, 0x000000008c900000| Untracked 
| 202|0x000000008ca00000, 0x000000008ca00000, 0x000000008cb00000|  0%| F|  |TAMS 0x000000008ca00000, 0x000000008ca00000| Untracked 
| 203|0x000000008cb00000, 0x000000008cb00000, 0x000000008cc00000|  0%| F|  |TAMS 0x000000008cb00000, 0x000000008cb00000| Untracked 
| 204|0x000000008cc00000, 0x000000008cc00000, 0x000000008cd00000|  0%| F|  |TAMS 0x000000008cc00000, 0x000000008cc00000| Untracked 
| 205|0x000000008cd00000, 0x000000008cd00000, 0x000000008ce00000|  0%| F|  |TAMS 0x000000008cd00000, 0x000000008cd00000| Untracked 
| 206|0x000000008ce00000, 0x000000008ceaf898, 0x000000008cf00000| 68%| E|  |TAMS 0x000000008ce00000, 0x000000008ce00000| Complete 
| 207|0x000000008cf00000, 0x000000008d000000, 0x000000008d000000|100%| E|CS|TAMS 0x000000008cf00000, 0x000000008cf00000| Complete 
| 208|0x000000008d000000, 0x000000008d100000, 0x000000008d100000|100%| E|  |TAMS 0x000000008d000000, 0x000000008d000000| Complete 
| 209|0x000000008d100000, 0x000000008d200000, 0x000000008d200000|100%| E|CS|TAMS 0x000000008d100000, 0x000000008d100000| Complete 
| 210|0x000000008d200000, 0x000000008d300000, 0x000000008d300000|100%| E|CS|TAMS 0x000000008d200000, 0x000000008d200000| Complete 
| 211|0x000000008d300000, 0x000000008d400000, 0x000000008d400000|100%| E|CS|TAMS 0x000000008d300000, 0x000000008d300000| Complete 
| 212|0x000000008d400000, 0x000000008d500000, 0x000000008d500000|100%| E|CS|TAMS 0x000000008d400000, 0x000000008d400000| Complete 
| 213|0x000000008d500000, 0x000000008d600000, 0x000000008d600000|100%| E|CS|TAMS 0x000000008d500000, 0x000000008d500000| Complete 
| 214|0x000000008d600000, 0x000000008d700000, 0x000000008d700000|100%| E|CS|TAMS 0x000000008d600000, 0x000000008d600000| Complete 
| 215|0x000000008d700000, 0x000000008d800000, 0x000000008d800000|100%| E|CS|TAMS 0x000000008d700000, 0x000000008d700000| Complete 
| 216|0x000000008d800000, 0x000000008d900000, 0x000000008d900000|100%| E|CS|TAMS 0x000000008d800000, 0x000000008d800000| Complete 
| 217|0x000000008d900000, 0x000000008da00000, 0x000000008da00000|100%| E|CS|TAMS 0x000000008d900000, 0x000000008d900000| Complete 
| 218|0x000000008da00000, 0x000000008db00000, 0x000000008db00000|100%| E|CS|TAMS 0x000000008da00000, 0x000000008da00000| Complete 
| 219|0x000000008db00000, 0x000000008dc00000, 0x000000008dc00000|100%| E|CS|TAMS 0x000000008db00000, 0x000000008db00000| Complete 
| 220|0x000000008dc00000, 0x000000008dd00000, 0x000000008dd00000|100%| E|CS|TAMS 0x000000008dc00000, 0x000000008dc00000| Complete 
| 221|0x000000008dd00000, 0x000000008de00000, 0x000000008de00000|100%| E|CS|TAMS 0x000000008dd00000, 0x000000008dd00000| Complete 

Card table byte_map: [0x0000025092a40000,0x0000025092e40000] _byte_map_base: 0x0000025092640000

Marking Bits (Prev, Next): (CMBitMap*) 0x00000250ff9b05d8, (CMBitMap*) 0x00000250ff9b0610
 Prev Bits: [0x0000025093240000, 0x0000025095240000)
 Next Bits: [0x0000025095240000, 0x0000025097240000)

Polling page: 0x00000250ff150000

Metaspace:

Usage:
  Non-class:     86.37 MB capacity,    84.87 MB ( 98%) used,     1.24 MB (  1%) free+waste,   262.31 KB ( <1%) overhead. 
      Class:     13.36 MB capacity,    12.54 MB ( 94%) used,   717.53 KB (  5%) free+waste,   120.63 KB ( <1%) overhead. 
       Both:     99.73 MB capacity,    97.42 MB ( 98%) used,     1.94 MB (  2%) free+waste,   382.94 KB ( <1%) overhead. 

Virtual space:
  Non-class space:       88.00 MB reserved,      86.61 MB ( 98%) committed 
      Class space:        1.00 GB reserved,      13.38 MB (  1%) committed 
             Both:        1.09 GB reserved,      99.99 MB (  9%) committed 

Chunk freelists:
   Non-Class:  57.00 KB
       Class:  14.00 KB
        Both:  71.00 KB

MaxMetaspaceSize: 17179869184.00 GB
CompressedClassSpaceSize: 1.00 GB
Initial GC threshold: 20.80 MB
Current GC threshold: 162.90 MB
CDS: off

CodeHeap 'non-profiled nmethods': size=120064Kb used=5855Kb max_used=5855Kb free=114208Kb
 bounds [0x000002508b500000, 0x000002508bac0000, 0x0000025092a40000]
CodeHeap 'profiled nmethods': size=120000Kb used=21069Kb max_used=21069Kb free=98930Kb
 bounds [0x0000025083fd0000, 0x0000025085470000, 0x000002508b500000]
CodeHeap 'non-nmethods': size=5696Kb used=2424Kb max_used=2459Kb free=3271Kb
 bounds [0x0000025083a40000, 0x0000025083cb0000, 0x0000025083fd0000]
 total_blobs=10390 nmethods=9437 adapters=865
 compilation: enabled
              stopped_count=0, restarted_count=0
 full_count=0

Compilation events (20 events):
Event: 28.184 Thread 0x000002509963e000 9531       3       java.nio.Buffer::<init> (99 bytes)
Event: 28.185 Thread 0x000002509963e000 nmethod 9531 0x000002508545d610 code [0x000002508545d900, 0x000002508545e638]
Event: 28.191 Thread 0x000002509963e000 9532       3       sun.security.provider.SHA5::resetHashes (19 bytes)
Event: 28.191 Thread 0x000002509963e000 nmethod 9532 0x000002508545eb10 code [0x000002508545ecc0, 0x000002508545ee68]
Event: 28.191 Thread 0x000002509963e000 9535       1       sun.security.x509.DNSName::getType (2 bytes)
Event: 28.191 Thread 0x000002509963e000 nmethod 9535 0x000002508bab3590 code [0x000002508bab3740, 0x000002508bab37f8]
Event: 28.191 Thread 0x000002509963e000 9534       3       sun.security.jca.ProviderList$ServiceList::addService (60 bytes)
Event: 28.192 Thread 0x000002509963e000 nmethod 9534 0x000002508545ef10 code [0x000002508545f160, 0x000002508545faf8]
Event: 28.192 Thread 0x000002509963e000 9536       1       sun.security.x509.GeneralName::getName (5 bytes)
Event: 28.192 Thread 0x000002509963e000 nmethod 9536 0x000002508bab3890 code [0x000002508bab3a40, 0x000002508bab3af8]
Event: 28.192 Thread 0x000002509963e000 9537       1       sun.security.x509.DNSName::getName (5 bytes)
Event: 28.192 Thread 0x000002509963e000 nmethod 9537 0x000002508bab3b90 code [0x000002508bab3d40, 0x000002508bab3df8]
Event: 28.194 Thread 0x000002509963e000 9538       3       org.apache.http.util.Args::positive (33 bytes)
Event: 28.195 Thread 0x000002509963e000 nmethod 9538 0x000002508545fe10 code [0x0000025085460080, 0x00000250854608d8]
Event: 28.195 Thread 0x000002509963e000 9539       3       org.apache.http.conn.ssl.SubjectName::<init> (28 bytes)
Event: 28.195 Thread 0x000002509963e000 nmethod 9539 0x0000025085460c10 code [0x0000025085460ec0, 0x0000025085461878]
Event: 28.197 Thread 0x000002509963e000 9540       3       org.apache.http.util.CharArrayBuffer::append (37 bytes)
Event: 28.198 Thread 0x000002509963e000 nmethod 9540 0x0000025085461c90 code [0x0000025085461e80, 0x00000250854622c8]
Event: 28.212 Thread 0x000002509c11b800 nmethod 9500 0x000002508bab3e90 code [0x000002508bab4100, 0x000002508bab6a80]
Event: 28.212 Thread 0x000002509c11b800 9508       4       java.math.BigInteger::montReduce (99 bytes)

GC Heap History (20 events):
Event: 19.441 GC heap before
{Heap before GC invocations=20 (full 0):
 garbage-first heap   total 189440K, used 146132K [0x0000000080000000, 0x0000000100000000)
  region size 1024K, 41 young (41984K), 2 survivors (2048K)
 Metaspace       used 70112K, capacity 71845K, committed 72180K, reserved 1112064K
  class space    used 8874K, capacity 9499K, committed 9600K, reserved 1048576K
}
Event: 19.457 GC heap after
{Heap after GC invocations=21 (full 0):
 garbage-first heap   total 189440K, used 106725K [0x0000000080000000, 0x0000000100000000)
  region size 1024K, 4 young (4096K), 4 survivors (4096K)
 Metaspace       used 70112K, capacity 71845K, committed 72180K, reserved 1112064K
  class space    used 8874K, capacity 9499K, committed 9600K, reserved 1048576K
}
Event: 19.905 GC heap before
{Heap before GC invocations=21 (full 0):
 garbage-first heap   total 189440K, used 147685K [0x0000000080000000, 0x0000000100000000)
  region size 1024K, 44 young (45056K), 4 survivors (4096K)
 Metaspace       used 70462K, capacity 72302K, committed 72436K, reserved 1112064K
  class space    used 8900K, capacity 9567K, committed 9600K, reserved 1048576K
}
Event: 19.921 GC heap after
{Heap after GC invocations=22 (full 0):
 garbage-first heap   total 189440K, used 109649K [0x0000000080000000, 0x0000000100000000)
  region size 1024K, 6 young (6144K), 6 survivors (6144K)
 Metaspace       used 70462K, capacity 72302K, committed 72436K, reserved 1112064K
  class space    used 8900K, capacity 9567K, committed 9600K, reserved 1048576K
}
Event: 20.988 GC heap before
{Heap before GC invocations=23 (full 0):
 garbage-first heap   total 189440K, used 150609K [0x0000000080000000, 0x0000000100000000)
  region size 1024K, 46 young (47104K), 6 survivors (6144K)
 Metaspace       used 74767K, capacity 76665K, committed 76788K, reserved 1116160K
  class space    used 9632K, capacity 10313K, committed 10368K, reserved 1048576K
}
Event: 21.006 GC heap after
{Heap after GC invocations=24 (full 0):
 garbage-first heap   total 189440K, used 111913K [0x0000000080000000, 0x0000000100000000)
  region size 1024K, 6 young (6144K), 6 survivors (6144K)
 Metaspace       used 74767K, capacity 76665K, committed 76788K, reserved 1116160K
  class space    used 9632K, capacity 10313K, committed 10368K, reserved 1048576K
}
Event: 21.849 GC heap before
{Heap before GC invocations=24 (full 0):
 garbage-first heap   total 189440K, used 148777K [0x0000000080000000, 0x0000000100000000)
  region size 1024K, 43 young (44032K), 6 survivors (6144K)
 Metaspace       used 78252K, capacity 80175K, committed 80372K, reserved 1118208K
  class space    used 10091K, capacity 10788K, committed 10880K, reserved 1048576K
}
Event: 21.865 GC heap after
{Heap after GC invocations=25 (full 0):
 garbage-first heap   total 189440K, used 114396K [0x0000000080000000, 0x0000000100000000)
  region size 1024K, 5 young (5120K), 5 survivors (5120K)
 Metaspace       used 78252K, capacity 80175K, committed 80372K, reserved 1118208K
  class space    used 10091K, capacity 10788K, committed 10880K, reserved 1048576K
}
Event: 23.188 GC heap before
{Heap before GC invocations=26 (full 0):
 garbage-first heap   total 189440K, used 171740K [0x0000000080000000, 0x0000000100000000)
  region size 1024K, 44 young (45056K), 5 survivors (5120K)
 Metaspace       used 80300K, capacity 82188K, committed 82420K, reserved 1120256K
  class space    used 10372K, capacity 11064K, committed 11136K, reserved 1048576K
}
Event: 23.204 GC heap after
{Heap after GC invocations=27 (full 0):
 garbage-first heap   total 189440K, used 138935K [0x0000000080000000, 0x0000000100000000)
  region size 1024K, 6 young (6144K), 6 survivors (6144K)
 Metaspace       used 80300K, capacity 82188K, committed 82420K, reserved 1120256K
  class space    used 10372K, capacity 11064K, committed 11136K, reserved 1048576K
}
Event: 23.446 GC heap before
{Heap before GC invocations=27 (full 0):
 garbage-first heap   total 189440K, used 163511K [0x0000000080000000, 0x0000000100000000)
  region size 1024K, 30 young (30720K), 6 survivors (6144K)
 Metaspace       used 81023K, capacity 83147K, committed 83316K, reserved 1122304K
  class space    used 10468K, capacity 11208K, committed 11264K, reserved 1048576K
}
Event: 23.460 GC heap after
{Heap after GC invocations=28 (full 0):
 garbage-first heap   total 227328K, used 140204K [0x0000000080000000, 0x0000000100000000)
  region size 1024K, 1 young (1024K), 1 survivors (1024K)
 Metaspace       used 81023K, capacity 83147K, committed 83316K, reserved 1122304K
  class space    used 10468K, capacity 11208K, committed 11264K, reserved 1048576K
}
Event: 24.001 GC heap before
{Heap before GC invocations=29 (full 0):
 garbage-first heap   total 227328K, used 180140K [0x0000000080000000, 0x0000000100000000)
  region size 1024K, 39 young (39936K), 1 survivors (1024K)
 Metaspace       used 83489K, capacity 85562K, committed 85876K, reserved 1124352K
  class space    used 10675K, capacity 11436K, committed 11520K, reserved 1048576K
}
Event: 24.008 GC heap after
{Heap after GC invocations=30 (full 0):
 garbage-first heap   total 227328K, used 140288K [0x0000000080000000, 0x0000000100000000)
  region size 1024K, 1 young (1024K), 1 survivors (1024K)
 Metaspace       used 83489K, capacity 85562K, committed 85876K, reserved 1124352K
  class space    used 10675K, capacity 11436K, committed 11520K, reserved 1048576K
}
Event: 25.147 GC heap before
{Heap before GC invocations=30 (full 0):
 garbage-first heap   total 227328K, used 181248K [0x0000000080000000, 0x0000000100000000)
  region size 1024K, 41 young (41984K), 1 survivors (1024K)
 Metaspace       used 88830K, capacity 90940K, committed 91252K, reserved 1128448K
  class space    used 11399K, capacity 12170K, committed 12288K, reserved 1048576K
}
Event: 25.160 GC heap after
{Heap after GC invocations=31 (full 0):
 garbage-first heap   total 227328K, used 142168K [0x0000000080000000, 0x0000000100000000)
  region size 1024K, 3 young (3072K), 3 survivors (3072K)
 Metaspace       used 88830K, capacity 90940K, committed 91252K, reserved 1128448K
  class space    used 11399K, capacity 12170K, committed 12288K, reserved 1048576K
}
Event: 26.259 GC heap before
{Heap before GC invocations=32 (full 0):
 garbage-first heap   total 227328K, used 183128K [0x0000000080000000, 0x0000000100000000)
  region size 1024K, 43 young (44032K), 3 survivors (3072K)
 Metaspace       used 92291K, capacity 94525K, committed 94836K, reserved 1132544K
  class space    used 11906K, capacity 12717K, committed 12800K, reserved 1048576K
}
Event: 26.276 GC heap after
{Heap after GC invocations=33 (full 0):
 garbage-first heap   total 227328K, used 144916K [0x0000000080000000, 0x0000000100000000)
  region size 1024K, 6 young (6144K), 6 survivors (6144K)
 Metaspace       used 92291K, capacity 94525K, committed 94836K, reserved 1132544K
  class space    used 11906K, capacity 12717K, committed 12800K, reserved 1048576K
}
Event: 27.427 GC heap before
{Heap before GC invocations=33 (full 0):
 garbage-first heap   total 227328K, used 184852K [0x0000000080000000, 0x0000000100000000)
  region size 1024K, 46 young (47104K), 6 survivors (6144K)
 Metaspace       used 97170K, capacity 99467K, committed 99572K, reserved 1136640K
  class space    used 12504K, capacity 13336K, committed 13440K, reserved 1048576K
}
Event: 27.448 GC heap after
{Heap after GC invocations=34 (full 0):
 garbage-first heap   total 227328K, used 148143K [0x0000000080000000, 0x0000000100000000)
  region size 1024K, 6 young (6144K), 6 survivors (6144K)
 Metaspace       used 97170K, capacity 99467K, committed 99572K, reserved 1136640K
  class space    used 12504K, capacity 13336K, committed 13440K, reserved 1048576K
}

Deoptimization events (20 events):
Event: 28.129 Thread 0x000002509c8a5800 Uncommon trap: trap_request=0xffffffbe fr.pc=0x000002508b8964d4 relative=0x0000000000000df4
Event: 28.129 Thread 0x000002509c8a5800 Uncommon trap: reason=profile_predicate action=maybe_recompile pc=0x000002508b8964d4 method=java.math.BigInteger.montReduce([I[III)[I @ 56 c2
Event: 28.129 Thread 0x000002509c8a5800 DEOPT PACKING pc=0x000002508b8964d4 sp=0x00000071b86faaf0
Event: 28.129 Thread 0x000002509c8a5800 DEOPT UNPACKING pc=0x0000025083a8a1af sp=0x00000071b86faac8 mode 2
Event: 28.129 Thread 0x000002509c8a5800 Uncommon trap: trap_request=0xffffffbe fr.pc=0x000002508b8964d4 relative=0x0000000000000df4
Event: 28.129 Thread 0x000002509c8a5800 Uncommon trap: reason=profile_predicate action=maybe_recompile pc=0x000002508b8964d4 method=java.math.BigInteger.montReduce([I[III)[I @ 56 c2
Event: 28.129 Thread 0x000002509c8a5800 DEOPT PACKING pc=0x000002508b8964d4 sp=0x00000071b86faaf0
Event: 28.129 Thread 0x000002509c8a5800 DEOPT UNPACKING pc=0x0000025083a8a1af sp=0x00000071b86faac8 mode 2
Event: 28.129 Thread 0x000002509c8a5800 Uncommon trap: trap_request=0xffffffbe fr.pc=0x000002508b8964d4 relative=0x0000000000000df4
Event: 28.129 Thread 0x000002509c8a5800 Uncommon trap: reason=profile_predicate action=maybe_recompile pc=0x000002508b8964d4 method=java.math.BigInteger.montReduce([I[III)[I @ 56 c2
Event: 28.129 Thread 0x000002509c8a5800 DEOPT PACKING pc=0x000002508b8964d4 sp=0x00000071b86faaf0
Event: 28.129 Thread 0x000002509c8a5800 DEOPT UNPACKING pc=0x0000025083a8a1af sp=0x00000071b86faac8 mode 2
Event: 28.140 Thread 0x000002509c8a5800 DEOPT PACKING pc=0x0000025084d12d34 sp=0x00000071b86faa90
Event: 28.140 Thread 0x000002509c8a5800 DEOPT UNPACKING pc=0x0000025083a8a95e sp=0x00000071b86f9f50 mode 0
Event: 28.146 Thread 0x000002509bf8a800 Uncommon trap: trap_request=0xffffff4d fr.pc=0x000002508b95b37c relative=0x00000000000004bc
Event: 28.146 Thread 0x000002509bf8a800 Uncommon trap: reason=unstable_if action=reinterpret pc=0x000002508b95b37c method=java.util.ArrayList.toArray([Ljava/lang/Object;)[Ljava/lang/Object; @ 45 c2
Event: 28.146 Thread 0x000002509bf8a800 DEOPT PACKING pc=0x000002508b95b37c sp=0x00000071b5df4d00
Event: 28.146 Thread 0x000002509bf8a800 DEOPT UNPACKING pc=0x0000025083a8a1af sp=0x00000071b5df4d08 mode 2
Event: 28.157 Thread 0x000002509d75f000 DEOPT PACKING pc=0x00000250854293b3 sp=0x00000071b74fb270
Event: 28.157 Thread 0x000002509d75f000 DEOPT UNPACKING pc=0x0000025083a8a95e sp=0x00000071b74fa718 mode 0

Classes redefined (0 events):
No events

Internal exceptions (20 events):
Event: 23.387 Thread 0x000002509bf8a800 Exception <a 'java/lang/NoSuchMethodError'{0x000000008ac71d20}: <clinit>> (0x000000008ac71d20) thrown at [./src/hotspot/share/prims/jni.cpp, line 1366]
Event: 23.388 Thread 0x000002509bf8a800 Exception <a 'java/lang/NoSuchMethodError'{0x000000008ac7ff40}: <clinit>> (0x000000008ac7ff40) thrown at [./src/hotspot/share/prims/jni.cpp, line 1366]
Event: 23.695 Thread 0x000002509bf8a800 Exception <a 'java/lang/NoSuchMethodError'{0x000000008c505a90}: <clinit>> (0x000000008c505a90) thrown at [./src/hotspot/share/prims/jni.cpp, line 1366]
Event: 24.256 Thread 0x000002509bf8a800 Exception <a 'sun/nio/fs/WindowsException'{0x000000008d676710}> (0x000000008d676710) thrown at [./src/hotspot/share/prims/jni.cpp, line 616]
Event: 24.473 Thread 0x000002509bf8a800 Exception <a 'java/lang/NullPointerException'{0x000000008cca0088}> (0x000000008cca0088) thrown at [./src/hotspot/share/interpreter/linkResolver.cpp, line 1440]
Event: 24.636 Thread 0x000002509bf8a800 Implicit null exception at 0x000002508b8af9eb to 0x000002508b8b1430
Event: 24.916 Thread 0x000002509bf8a800 Exception <a 'java/lang/NoSuchMethodError'{0x000000008bb0c260}: 'int java.lang.invoke.DirectMethodHandle$Holder.invokeStatic(java.lang.Object, java.lang.Object, int, java.lang.Object)'> (0x000000008bb0c260) thrown at [./src/hotspot/share/interpreter/linkResolver.cpp, line 773]
Event: 25.021 Thread 0x000002509bf8a800 Exception <a 'sun/nio/fs/WindowsException'{0x000000008ba39960}> (0x000000008ba39960) thrown at [./src/hotspot/share/prims/jni.cpp, line 616]
Event: 25.022 Thread 0x000002509bf8a800 Exception <a 'sun/nio/fs/WindowsException'{0x000000008ba3ad08}> (0x000000008ba3ad08) thrown at [./src/hotspot/share/prims/jni.cpp, line 616]
Event: 25.022 Thread 0x000002509bf8a800 Exception <a 'sun/nio/fs/WindowsException'{0x000000008ba3c100}> (0x000000008ba3c100) thrown at [./src/hotspot/share/prims/jni.cpp, line 616]
Event: 25.022 Thread 0x000002509bf8a800 Exception <a 'sun/nio/fs/WindowsException'{0x000000008ba3d4f8}> (0x000000008ba3d4f8) thrown at [./src/hotspot/share/prims/jni.cpp, line 616]
Event: 25.696 Thread 0x000002509bf8a800 Exception <a 'java/lang/NoSuchMethodError'{0x000000008cf90008}: 'int java.lang.invoke.DirectMethodHandle$Holder.invokeSpecialIFC(java.lang.Object, java.lang.Object, java.lang.Object)'> (0x000000008cf90008) thrown at [./src/hotspot/share/interpreter/linkResolver.cpp, line 773]
Event: 25.766 Thread 0x000002509bf8a800 Exception <a 'java/lang/NoSuchMethodError'{0x000000008ccade58}: 'java.lang.Object java.lang.invoke.Invokers$Holder.linkToTargetMethod(java.lang.Object, java.lang.Object, java.lang.Object, int, java.lang.Object, java.lang.Object)'> (0x000000008ccade58) thrown at [./src/hotspot/share/interpreter/linkResolver.cpp, line 773]
Event: 26.066 Thread 0x000002509bf8a800 Exception <a 'java/lang/NoSuchMethodError'{0x000000008bd2d748}: 'void java.lang.invoke.DirectMethodHandle$Holder.invokeStatic(java.lang.Object, java.lang.Object, java.lang.Object, java.lang.Object, int, java.lang.Object, java.lang.Object)'> (0x000000008bd2d748) thrown at [./src/hotspot/share/interpreter/linkResolver.cpp, line 773]
Event: 26.096 Thread 0x000002509bf8a800 Exception <a 'java/lang/IncompatibleClassChangeError'{0x000000008bce9fc8}: Found class java.lang.Object, but interface was expected> (0x000000008bce9fc8) thrown at [./src/hotspot/share/interpreter/linkResolver.cpp, line 839]
Event: 26.163 Thread 0x000002509d767000 Exception <a 'java/lang/IncompatibleClassChangeError'{0x000000008b955700}: Found class java.lang.Object, but interface was expected> (0x000000008b955700) thrown at [./src/hotspot/share/interpreter/linkResolver.cpp, line 839]
Event: 26.194 Thread 0x000002509d767000 Exception <a 'java/lang/NoSuchMethodError'{0x000000008b718d60}: 'int java.lang.invoke.DirectMethodHandle$Holder.invokeStaticInit(java.lang.Object, java.lang.Object, java.lang.Object, java.lang.Object, java.lang.Object)'> (0x000000008b718d60) thrown at [./src/hotspot/share/interpreter/linkResolver.cpp, line 773]
Event: 26.877 Thread 0x000002509bf8a800 Implicit null exception at 0x000002508b846514 to 0x000002508b846adc
Event: 26.877 Thread 0x000002509c8a5800 Implicit null exception at 0x000002508b846514 to 0x000002508b846adc
Event: 27.025 Thread 0x000002509d75f000 Exception <a 'sun/nio/fs/WindowsException'{0x000000008c5123a0}> (0x000000008c5123a0) thrown at [./src/hotspot/share/prims/jni.cpp, line 616]

Events (20 events):
Event: 28.174 loading class javax/net/ssl/SSLEngineResult$HandshakeStatus
Event: 28.174 Executing VM operation: RevokeBias
Event: 28.174 loading class javax/net/ssl/SSLEngineResult$HandshakeStatus done
Event: 28.174 Executing VM operation: RevokeBias done
Event: 28.184 loading class jdk/internal/event/TLSHandshakeEvent
Event: 28.184 loading class jdk/internal/event/TLSHandshakeEvent done
Event: 28.184 loading class org/apache/http/conn/ssl/DefaultHostnameVerifier$HostNameType
Event: 28.184 loading class org/apache/http/conn/ssl/DefaultHostnameVerifier$HostNameType done
Event: 28.191 loading class org/apache/http/conn/ssl/SubjectName
Event: 28.191 loading class org/apache/http/conn/ssl/SubjectName done
Event: 28.193 loading class org/apache/http/conn/ssl/DefaultHostnameVerifier$1
Event: 28.193 loading class org/apache/http/conn/ssl/DefaultHostnameVerifier$1 done
Event: 28.194 loading class org/apache/http/conn/util/DnsUtils
Event: 28.194 loading class org/apache/http/conn/util/DnsUtils done
Event: 28.195 loading class org/apache/http/impl/auth/HttpAuthenticator$1
Event: 28.195 loading class org/apache/http/impl/auth/HttpAuthenticator$1 done
Event: 28.196 loading class org/apache/http/message/BasicListHeaderIterator
Event: 28.196 loading class org/apache/http/message/BasicListHeaderIterator done
Event: 28.197 loading class org/apache/http/FormattedHeader
Event: 28.197 loading class org/apache/http/FormattedHeader done


Dynamic libraries:
0x00007ff612a10000 - 0x00007ff612a1a000 	C:\Program Files\Android\Android Studio\jre\bin\java.exe
0x00007ff85a720000 - 0x00007ff85a929000 	C:\Windows\SYSTEM32\ntdll.dll
0x00007ff85a330000 - 0x00007ff85a3ee000 	C:\Windows\System32\KERNEL32.DLL
0x00007ff857ff0000 - 0x00007ff85836b000 	C:\Windows\System32\KERNELBASE.dll
0x00007ff857c60000 - 0x00007ff857d71000 	C:\Windows\System32\ucrtbase.dll
0x00007ff8468f0000 - 0x00007ff846907000 	C:\Program Files\Android\Android Studio\jre\bin\VCRUNTIME140.dll
0x00007ff8466e0000 - 0x00007ff8466f9000 	C:\Program Files\Android\Android Studio\jre\bin\jli.dll
0x00007ff85a530000 - 0x00007ff85a6dd000 	C:\Windows\System32\USER32.dll
0x00007ff842350000 - 0x00007ff8425f5000 	C:\Windows\WinSxS\amd64_microsoft.windows.common-controls_6595b64144ccf1df_6.0.22000.120_none_9d947278b86cc467\COMCTL32.dll
0x00007ff857fc0000 - 0x00007ff857fe6000 	C:\Windows\System32\win32u.dll
0x00007ff85a480000 - 0x00007ff85a523000 	C:\Windows\System32\msvcrt.dll
0x00007ff858da0000 - 0x00007ff858dc9000 	C:\Windows\System32\GDI32.dll
0x00007ff857d80000 - 0x00007ff857e98000 	C:\Windows\System32\gdi32full.dll
0x00007ff857f20000 - 0x00007ff857fbd000 	C:\Windows\System32\msvcp_win.dll
0x00007ff85a0b0000 - 0x00007ff85a0e2000 	C:\Windows\System32\IMM32.DLL
0x00007ff82c6b0000 - 0x00007ff82c74d000 	C:\Program Files\Android\Android Studio\jre\bin\msvcp140.dll
0x00007ff8039e0000 - 0x00007ff8044e2000 	C:\Program Files\Android\Android Studio\jre\bin\server\jvm.dll
0x00007ff85a000000 - 0x00007ff85a0ae000 	C:\Windows\System32\ADVAPI32.dll
0x00007ff858850000 - 0x00007ff8588ee000 	C:\Windows\System32\sechost.dll
0x00007ff858c80000 - 0x00007ff858da0000 	C:\Windows\System32\RPCRT4.dll
0x00007ff858690000 - 0x00007ff858698000 	C:\Windows\System32\PSAPI.DLL
0x00007ff8501d0000 - 0x00007ff850203000 	C:\Windows\SYSTEM32\WINMM.dll
0x00007ff850740000 - 0x00007ff850749000 	C:\Windows\SYSTEM32\WSOCK32.dll
0x00007ff8597a0000 - 0x00007ff85980f000 	C:\Windows\System32\WS2_32.dll
0x00007ff84ac80000 - 0x00007ff84ac8a000 	C:\Windows\SYSTEM32\VERSION.dll
0x00007ff856d60000 - 0x00007ff856d78000 	C:\Windows\SYSTEM32\kernel.appcore.dll
0x00007ff84d300000 - 0x00007ff84d311000 	C:\Program Files\Android\Android Studio\jre\bin\verify.dll
0x00007ff855770000 - 0x00007ff855991000 	C:\Windows\SYSTEM32\DBGHELP.DLL
0x00007ff848f30000 - 0x00007ff848f61000 	C:\Windows\SYSTEM32\dbgcore.DLL
0x00007ff857ea0000 - 0x00007ff857f1f000 	C:\Windows\System32\bcryptPrimitives.dll
0x00007ff848f00000 - 0x00007ff848f29000 	C:\Program Files\Android\Android Studio\jre\bin\java.dll
0x00007ff84d2f0000 - 0x00007ff84d2fb000 	C:\Program Files\Android\Android Studio\jre\bin\jimage.dll
0x00007ff849e40000 - 0x00007ff849e58000 	C:\Program Files\Android\Android Studio\jre\bin\zip.dll
0x00007ff858dd0000 - 0x00007ff859587000 	C:\Windows\System32\SHELL32.dll
0x00007ff855c20000 - 0x00007ff856485000 	C:\Windows\SYSTEM32\windows.storage.dll
0x00007ff858900000 - 0x00007ff858c78000 	C:\Windows\System32\combase.dll
0x00007ff8559a0000 - 0x00007ff855b06000 	C:\Windows\SYSTEM32\wintypes.dll
0x00007ff858760000 - 0x00007ff85884a000 	C:\Windows\System32\SHCORE.dll
0x00007ff859810000 - 0x00007ff85986d000 	C:\Windows\System32\shlwapi.dll
0x00007ff857b20000 - 0x00007ff857b41000 	C:\Windows\SYSTEM32\profapi.dll
0x00007ff8497a0000 - 0x00007ff8497ba000 	C:\Program Files\Android\Android Studio\jre\bin\net.dll
0x00007ff84fbc0000 - 0x00007ff84fcd4000 	C:\Windows\SYSTEM32\WINHTTP.dll
0x00007ff857200000 - 0x00007ff857267000 	C:\Windows\system32\mswsock.dll
0x00007ff848930000 - 0x00007ff848944000 	C:\Program Files\Android\Android Studio\jre\bin\nio.dll
0x00007ff8456b0000 - 0x00007ff8456d7000 	C:\Users\Administrator\.gradle\native\e1d6ef7f7dcc3fd88c89a11ec53ec762bb8ba0a96d01ffa2cd45eb1d1d8dd5c5\windows-amd64\native-platform.dll
0x00007ff823580000 - 0x00007ff8236c4000 	C:\Users\Administrator\.gradle\native\0d407fdbe67a94daf76414ababcb853783967236a71b16ec16e742cd7a986fd3\windows-amd64\native-platform-file-events.dll
0x00007ff849ea0000 - 0x00007ff849eaa000 	C:\Program Files\Android\Android Studio\jre\bin\management.dll
0x00007ff849d20000 - 0x00007ff849d2d000 	C:\Program Files\Android\Android Studio\jre\bin\management_ext.dll
0x00007ff857450000 - 0x00007ff857468000 	C:\Windows\SYSTEM32\CRYPTSP.dll
0x00007ff856cc0000 - 0x00007ff856cf5000 	C:\Windows\system32\rsaenh.dll
0x00007ff8572f0000 - 0x00007ff857319000 	C:\Windows\SYSTEM32\USERENV.dll
0x00007ff8575d0000 - 0x00007ff8575f7000 	C:\Windows\SYSTEM32\bcrypt.dll
0x00007ff857440000 - 0x00007ff85744c000 	C:\Windows\SYSTEM32\CRYPTBASE.dll
0x00007ff856890000 - 0x00007ff8568bd000 	C:\Windows\SYSTEM32\IPHLPAPI.DLL
0x00007ff859590000 - 0x00007ff859599000 	C:\Windows\System32\NSI.dll
0x00007ff84f380000 - 0x00007ff84f399000 	C:\Windows\SYSTEM32\dhcpcsvc6.DLL
0x00007ff850590000 - 0x00007ff8505ae000 	C:\Windows\SYSTEM32\dhcpcsvc.DLL
0x00007ff8568c0000 - 0x00007ff8569a8000 	C:\Windows\SYSTEM32\DNSAPI.dll
0x00007ff8459e0000 - 0x00007ff845a07000 	C:\Program Files\Android\Android Studio\jre\bin\sunec.dll
0x00007ff849680000 - 0x00007ff84968a000 	C:\Windows\System32\rasadhlp.dll
0x00007ff84ac90000 - 0x00007ff84ad11000 	C:\Windows\System32\fwpuclnt.dll

dbghelp: loaded successfully - version: 4.0.5 - missing functions: none
symbol engine: initialized successfully - sym options: 0x614 - pdb path: .;C:\Program Files\Android\Android Studio\jre\bin;C:\Windows\SYSTEM32;C:\Windows\WinSxS\amd64_microsoft.windows.common-controls_6595b64144ccf1df_6.0.22000.120_none_9d947278b86cc467;C:\Program Files\Android\Android Studio\jre\bin\server;C:\Users\Administrator\.gradle\native\e1d6ef7f7dcc3fd88c89a11ec53ec762bb8ba0a96d01ffa2cd45eb1d1d8dd5c5\windows-amd64;C:\Users\Administrator\.gradle\native\0d407fdbe67a94daf76414ababcb853783967236a71b16ec16e742cd7a986fd3\windows-amd64

VM Arguments:
jvm_args: --add-opens=java.base/java.util=ALL-UNNAMED --add-opens=java.base/java.lang=ALL-UNNAMED --add-opens=java.base/java.lang.invoke=ALL-UNNAMED --add-opens=java.base/java.util=ALL-UNNAMED --add-opens=java.prefs/java.util.prefs=ALL-UNNAMED --add-opens=java.prefs/java.util.prefs=ALL-UNNAMED --add-opens=java.base/java.nio.charset=ALL-UNNAMED --add-opens=java.base/java.net=ALL-UNNAMED --add-opens=java.base/java.util.concurrent.atomic=ALL-UNNAMED -Xmx2048m -Dfile.encoding=UTF-8 -Duser.country=US -Duser.language=en -Duser.variant 
java_command: org.gradle.launcher.daemon.bootstrap.GradleDaemon 7.4
java_class_path (initial): C:\Users\Administrator\.gradle\wrapper\dists\gradle-7.4-bin\c0gwcg53nkjbqw7r0h0umtfvt\gradle-7.4\lib\gradle-launcher-7.4.jar
Launcher Type: SUN_STANDARD

[Global flags]
     intx CICompilerCount                          = 3                                         {product} {ergonomic}
     uint ConcGCThreads                            = 1                                         {product} {ergonomic}
     uint G1ConcRefinementThreads                  = 4                                         {product} {ergonomic}
   size_t G1HeapRegionSize                         = 1048576                                   {product} {ergonomic}
    uintx GCDrainStackTargetSize                   = 64                                        {product} {ergonomic}
   size_t InitialHeapSize                          = 134217728                                 {product} {ergonomic}
   size_t MarkStackSize                            = 4194304                                   {product} {ergonomic}
   size_t MaxHeapSize                              = 2147483648                                {product} {command line}
   size_t MaxNewSize                               = 1287651328                                {product} {ergonomic}
   size_t MinHeapDeltaBytes                        = 1048576                                   {product} {ergonomic}
    uintx NonNMethodCodeHeapSize                   = 5830732                                {pd product} {ergonomic}
    uintx NonProfiledCodeHeapSize                  = 122913754                              {pd product} {ergonomic}
    uintx ProfiledCodeHeapSize                     = 122913754                              {pd product} {ergonomic}
    uintx ReservedCodeCacheSize                    = 251658240                              {pd product} {ergonomic}
     bool SegmentedCodeCache                       = true                                      {product} {ergonomic}
     bool UseCompressedClassPointers               = true                                 {lp64_product} {ergonomic}
     bool UseCompressedOops                        = true                                 {lp64_product} {ergonomic}
     bool UseG1GC                                  = true                                      {product} {ergonomic}
     bool UseLargePagesIndividualAllocation        = false                                  {pd product} {ergonomic}

Logging:
Log output configuration:
 #0: stdout all=warning uptime,level,tags
 #1: stderr all=off uptime,level,tags

Environment Variables:
PATH=C:\Program Files (x86)\Common Files\Oracle\Java\javapath;C:\Windows\system32;C:\Windows;C:\Windows\System32\Wbem;C:\Windows\System32\WindowsPowerShell\v1.0\;C:\Windows\System32\OpenSSH\;C:\Program Files\Git\cmd;C:\xampp\php;C:\ProgramData\ComposerSetup\bin;C:\Program Files (x86)\NVIDIA Corporation\PhysX\Common;C:\Program Files\NVIDIA Corporation\NVIDIA NvDLISR;C:\Program Files\nodejs\;C:\Program Files\dotnet\;C:\Users\Administrator\AppData\Local\Microsoft\WindowsApps;C:\Users\Administrator\AppData\Local\Programs\Microsoft VS Code\bin;C:\Users\Administrator\AppData\Roaming\Composer\vendor\bin;D:\xampp\php\php.exe;C:\Users\Administrator\AppData\Roaming\npm;C:\Program Files\Java\jdk-19.0.1\bin;
USERNAME=Administrator
OS=Windows_NT
PROCESSOR_IDENTIFIER=Intel64 Family 6 Model 142 Stepping 9, GenuineIntel



---------------  S Y S T E M  ---------------

OS: Windows 11 , 64 bit Build 22000 (10.0.22000.1335)
OS uptime: 2 days 1:55 hours

CPU:total 4 (initial active 4) (2 cores per cpu, 2 threads per core) family 6 model 142 stepping 9 microcode 0xde, cmov, cx8, fxsr, mmx, sse, sse2, sse3, ssse3, sse4.1, sse4.2, popcnt, avx, avx2, aes, clmul, erms, 3dnowpref, lzcnt, ht, tsc, tscinvbit, bmi1, bmi2, adx, fma

Memory: 4k page, system-wide physical 8073M (455M free)
TotalPageFile size 8073M (AvailPageFile size 5M)
current process WorkingSet (physical memory assigned to process): 496M, peak: 496M
current process commit charge ("private bytes"): 525M, peak: 526M

vm_info: OpenJDK 64-Bit Server VM (11.0.13+0-b1751.21-8125866) for windows-amd64 JRE (11.0.13+0-b1751.21-8125866), built on Feb  2 2022 03:00:22 by "builder" with MS VC++ 14.0 (VS2015)

END.
