#
# There is insufficient memory for the Java Runtime Environment to continue.
# Native memory allocation (mmap) failed to map 69206016 bytes for G1 virtual space
# Possible reasons:
#   The system is out of physical RAM or swap space
#   The process is running with CompressedOops enabled, and the Java Heap may be blocking the growth of the native heap
# Possible solutions:
#   Reduce memory load on the system
#   Increase physical memory or swap space
#   Check if swap backing store is full
#   Decrease Java heap size (-Xmx/-Xms)
#   Decrease number of Java threads
#   Decrease Java thread stack sizes (-Xss)
#   Set larger code cache with -XX:ReservedCodeCacheSize=
#   JVM is running with Unscaled Compressed Oops mode in which the Java heap is
#     placed in the first 4GB address space. The Java Heap base address is the
#     maximum limit for the native heap growth. Please use -XX:HeapBaseMinAddress
#     to set the Java Heap base and to place the Java Heap above 4GB virtual address.
# This output file may be truncated or incomplete.
#
#  Out of Memory Error (os_windows.cpp:3527), pid=13060, tid=6564
#
# JRE version: Java(TM) SE Runtime Environment (19.0.1+10) (build 19.0.1+10-21)
# Java VM: Java HotSpot(TM) 64-Bit Server VM (19.0.1+10-21, mixed mode, sharing, tiered, compressed oops, compressed class ptrs, g1 gc, windows-amd64)
# No core dump will be written. Minidumps are not enabled by default on client versions of Windows
#

---------------  S U M M A R Y ------------

Command Line: org.jetbrains.kotlin.cli.jvm.K2JVMCompiler @D:\SETIK\findbarber\app\build\20230108_11262957539154572313.compiler.options

Host: Intel(R) Core(TM) i3-7020U CPU @ 2.30GHz, 4 cores, 7G,  Windows 11 , 64 bit Build 22000 (10.0.22000.1335)
Time: Sun Jan  8 00:00:37 2023 SE Asia Standard Time elapsed time: 11.990319 seconds (0d 0h 0m 11s)

---------------  T H R E A D  ---------------

Current thread (0x000002de2ee0d580):  VMThread "VM Thread" [stack: 0x000000f3cd200000,0x000000f3cd300000] [id=6564]

Stack: [0x000000f3cd200000,0x000000f3cd300000]
Native frames: (J=compiled Java code, j=interpreted, Vv=VM code, C=native code)
V  [jvm.dll+0x6ee8fa]
V  [jvm.dll+0x857a1e]
V  [jvm.dll+0x85940e]
V  [jvm.dll+0x859ac3]
V  [jvm.dll+0x28291f]
V  [jvm.dll+0x6eb6e9]
V  [jvm.dll+0x6e028a]
V  [jvm.dll+0x357136]
V  [jvm.dll+0x35eb96]
V  [jvm.dll+0x3b555e]
V  [jvm.dll+0x3b578f]
V  [jvm.dll+0x32c6ea]
V  [jvm.dll+0x32c797]
V  [jvm.dll+0x374b52]
V  [jvm.dll+0x37328f]
V  [jvm.dll+0x32bf10]
V  [jvm.dll+0x37282b]
V  [jvm.dll+0x85ef83]
V  [jvm.dll+0x85fd49]
V  [jvm.dll+0x86027d]
V  [jvm.dll+0x86070b]
V  [jvm.dll+0x8607c7]
V  [jvm.dll+0x8015fa]
V  [jvm.dll+0x6ed5eb]
C  [ucrtbase.dll+0x26c0c]
C  [KERNEL32.DLL+0x155a0]
C  [ntdll.dll+0x485b]

VM_Operation (0x000000f3cccfcda0): G1CollectForAllocation, mode: safepoint, requested by thread 0x000002de10edfd40


---------------  P R O C E S S  ---------------

Threads class SMR info:
_java_thread_list=0x000002de363d95f0, length=13, elements={
0x000002de10edfd40, 0x000002de2ee2b840, 0x000002de2ee2e320, 0x000002de2ee31770,
0x000002de2ee320a0, 0x000002de2ee32b70, 0x000002de2ee348c0, 0x000002de2ee42a40,
0x000002de2ee46610, 0x000002de2ee4ff80, 0x000002de330d1760, 0x000002de330d8120,
0x000002de2ee44fd0
}

Java Threads: ( => current thread )
  0x000002de10edfd40 JavaThread "main" [_thread_blocked, id=2680, stack(0x000000f3ccc00000,0x000000f3ccd00000)]
  0x000002de2ee2b840 JavaThread "Reference Handler" daemon [_thread_blocked, id=6696, stack(0x000000f3cd300000,0x000000f3cd400000)]
  0x000002de2ee2e320 JavaThread "Finalizer" daemon [_thread_blocked, id=14584, stack(0x000000f3cd400000,0x000000f3cd500000)]
  0x000002de2ee31770 JavaThread "Signal Dispatcher" daemon [_thread_blocked, id=8352, stack(0x000000f3cd500000,0x000000f3cd600000)]
  0x000002de2ee320a0 JavaThread "Attach Listener" daemon [_thread_blocked, id=4064, stack(0x000000f3cd600000,0x000000f3cd700000)]
  0x000002de2ee32b70 JavaThread "Service Thread" daemon [_thread_blocked, id=14860, stack(0x000000f3cd700000,0x000000f3cd800000)]
  0x000002de2ee348c0 JavaThread "Monitor Deflation Thread" daemon [_thread_blocked, id=12444, stack(0x000000f3cd800000,0x000000f3cd900000)]
  0x000002de2ee42a40 JavaThread "C2 CompilerThread0" daemon [_thread_blocked, id=12212, stack(0x000000f3cd900000,0x000000f3cda00000)]
  0x000002de2ee46610 JavaThread "C1 CompilerThread0" daemon [_thread_blocked, id=13744, stack(0x000000f3cda00000,0x000000f3cdb00000)]
  0x000002de2ee4ff80 JavaThread "Sweeper thread" daemon [_thread_blocked, id=8956, stack(0x000000f3cdb00000,0x000000f3cdc00000)]
  0x000002de330d1760 JavaThread "Notification Thread" daemon [_thread_blocked, id=12096, stack(0x000000f3cdc00000,0x000000f3cdd00000)]
  0x000002de330d8120 JavaThread "Common-Cleaner" daemon [_thread_blocked, id=9752, stack(0x000000f3cde00000,0x000000f3cdf00000)]
  0x000002de2ee44fd0 JavaThread "C2 CompilerThread1" daemon [_thread_in_native, id=9452, stack(0x000000f3cdf00000,0x000000f3ce000000)]

Other Threads:
=>0x000002de2ee0d580 VMThread "VM Thread" [stack: 0x000000f3cd200000,0x000000f3cd300000] [id=6564]
  0x000002de330d1ca0 WatcherThread "VM Periodic Task Thread" [stack: 0x000000f3cdd00000,0x000000f3cde00000] [id=5040]
  0x000002de10f3f750 WorkerThread "GC Thread#0" [stack: 0x000000f3ccd00000,0x000000f3cce00000] [id=12408]
  0x000002de33490590 WorkerThread "GC Thread#1" [stack: 0x000000f3ce000000,0x000000f3ce100000] [id=1788]
  0x000002de33496b00 WorkerThread "GC Thread#2" [stack: 0x000000f3ce100000,0x000000f3ce200000] [id=7232]
  0x000002de3348aa40 WorkerThread "GC Thread#3" [stack: 0x000000f3ce200000,0x000000f3ce300000] [id=13660]
  0x000002de10f50630 ConcurrentGCThread "G1 Main Marker" [stack: 0x000000f3cce00000,0x000000f3ccf00000] [id=9700]
  0x000002de10f51800 WorkerThread "G1 Conc#0" [stack: 0x000000f3ccf00000,0x000000f3cd000000] [id=13140]
  0x000002de10faeb80 ConcurrentGCThread "G1 Refine#0" [stack: 0x000000f3cd000000,0x000000f3cd100000] [id=13264]
  0x000002de2ecc76c0 ConcurrentGCThread "G1 Service" [stack: 0x000000f3cd100000,0x000000f3cd200000] [id=12912]

Threads with active compile tasks:
C2 CompilerThread0    12014 6730       4       org.jetbrains.kotlin.resolve.OverrideResolver$Companion::computeRelevantDirectlyOverridden (82 bytes)
C2 CompilerThread1    12014 6627       4       org.jetbrains.kotlin.descriptors.impl.FunctionDescriptorImpl::doSubstitute (980 bytes)

VM state: at safepoint (normal execution)

VM Mutex/Monitor currently owned by a thread:  ([mutex/lock_event])
[0x000002de10edbc20] Threads_lock - owner thread: 0x000002de2ee0d580
[0x000002de10edbdd0] Heap_lock - owner thread: 0x000002de10edfd40

Heap address: 0x0000000081c00000, size: 2020 MB, Compressed Oops mode: 32-bit

CDS archive(s) mapped at: [0x0000000800000000-0x0000000800c40000-0x0000000800c40000), size 12845056, SharedBaseAddress: 0x0000000800000000, ArchiveRelocationMode: 0.
Compressed class space mapped at: 0x0000000801000000-0x0000000841000000, reserved size: 1073741824
Narrow klass base: 0x0000000800000000, Narrow klass shift: 0, Narrow klass range: 0x100000000

GC Precious Log:
 CardTable entry size: 512
 Card Set container configuration: InlinePtr #cards 5 size 8 Array Of Cards #cards 12 size 40 Howl #buckets 4 coarsen threshold 1843 Howl Bitmap #cards 512 size 80 coarsen threshold 460 Card regions per heap region 1 cards per card region 2048
 CPUs: 4 total, 4 available
 Memory: 8073M
 Large Page Support: Disabled
 NUMA Support: Disabled
 Compressed Oops: Enabled (32-bit)
 Heap Region Size: 1M
 Heap Min Capacity: 8M
 Heap Initial Capacity: 128M
 Heap Max Capacity: 2020M
 Pre-touch: Disabled
 Parallel Workers: 4
 Concurrent Workers: 1
 Concurrent Refinement Workers: 4
 Periodic GC: Disabled

Heap:
 garbage-first heap   total 131072K, used 49575K [0x0000000081c00000, 0x0000000100000000)
  region size 1024K, 2 young (2048K), 2 survivors (2048K)
 Metaspace       used 49721K, committed 50496K, reserved 1114112K
  class space    used 5832K, committed 6208K, reserved 1048576K

Heap Regions: E=young(eden), S=young(survivor), O=old, HS=humongous(starts), HC=humongous(continues), CS=collection set, F=free, OA=open archive, CA=closed archive, TAMS=top-at-mark-start (previous, next)
|   0|0x0000000081c00000, 0x0000000081d00000, 0x0000000081d00000|100%|HS|  |TAMS 0x0000000081d00000, 0x0000000081c00000| Complete 
|   1|0x0000000081d00000, 0x0000000081e00000, 0x0000000081e00000|100%|HC|  |TAMS 0x0000000081e00000, 0x0000000081d00000| Complete 
|   2|0x0000000081e00000, 0x0000000081f00000, 0x0000000081f00000|100%|HC|  |TAMS 0x0000000081f00000, 0x0000000081e00000| Complete 
|   3|0x0000000081f00000, 0x0000000082000000, 0x0000000082000000|100%|HC|  |TAMS 0x0000000082000000, 0x0000000081f00000| Complete 
|   4|0x0000000082000000, 0x0000000082100000, 0x0000000082100000|100%| O|  |TAMS 0x0000000082100000, 0x0000000082000000| Untracked 
|   5|0x0000000082100000, 0x0000000082200000, 0x0000000082200000|100%| O|  |TAMS 0x0000000082200000, 0x0000000082100000| Untracked 
|   6|0x0000000082200000, 0x0000000082300000, 0x0000000082300000|100%| O|  |TAMS 0x0000000082300000, 0x0000000082200000| Untracked 
|   7|0x0000000082300000, 0x0000000082400000, 0x0000000082400000|100%|HS|  |TAMS 0x0000000082400000, 0x0000000082300000| Complete 
|   8|0x0000000082400000, 0x0000000082500000, 0x0000000082500000|100%|HC|  |TAMS 0x0000000082500000, 0x0000000082400000| Complete 
|   9|0x0000000082500000, 0x0000000082600000, 0x0000000082600000|100%|HC|  |TAMS 0x0000000082600000, 0x0000000082500000| Complete 
|  10|0x0000000082600000, 0x0000000082700000, 0x0000000082700000|100%|HC|  |TAMS 0x0000000082700000, 0x0000000082600000| Complete 
|  11|0x0000000082700000, 0x0000000082800000, 0x0000000082800000|100%| O|  |TAMS 0x0000000082800000, 0x0000000082700000| Untracked 
|  12|0x0000000082800000, 0x0000000082900000, 0x0000000082900000|100%| O|  |TAMS 0x0000000082800000, 0x0000000082800000| Untracked 
|  13|0x0000000082900000, 0x0000000082a00000, 0x0000000082a00000|100%| O|  |TAMS 0x0000000082a00000, 0x0000000082900000| Untracked 
|  14|0x0000000082a00000, 0x0000000082b00000, 0x0000000082b00000|100%| O|  |TAMS 0x0000000082b00000, 0x0000000082a00000| Untracked 
|  15|0x0000000082b00000, 0x0000000082c00000, 0x0000000082c00000|100%| O|  |TAMS 0x0000000082c00000, 0x0000000082b00000| Untracked 
|  16|0x0000000082c00000, 0x0000000082d00000, 0x0000000082d00000|100%| O|  |TAMS 0x0000000082d00000, 0x0000000082c00000| Untracked 
|  17|0x0000000082d00000, 0x0000000082e00000, 0x0000000082e00000|100%| O|  |TAMS 0x0000000082e00000, 0x0000000082d00000| Untracked 
|  18|0x0000000082e00000, 0x0000000082f00000, 0x0000000082f00000|100%| O|  |TAMS 0x0000000082f00000, 0x0000000082e00000| Untracked 
|  19|0x0000000082f00000, 0x0000000083000000, 0x0000000083000000|100%| O|  |TAMS 0x0000000083000000, 0x0000000082f00000| Untracked 
|  20|0x0000000083000000, 0x0000000083100000, 0x0000000083100000|100%| O|  |TAMS 0x0000000083100000, 0x0000000083000000| Untracked 
|  21|0x0000000083100000, 0x0000000083200000, 0x0000000083200000|100%|HS|  |TAMS 0x0000000083100000, 0x0000000083100000| Complete 
|  22|0x0000000083200000, 0x0000000083300000, 0x0000000083300000|100%|HC|  |TAMS 0x0000000083200000, 0x0000000083200000| Complete 
|  23|0x0000000083300000, 0x0000000083400000, 0x0000000083400000|100%| O|  |TAMS 0x0000000083300000, 0x0000000083300000| Untracked 
|  24|0x0000000083400000, 0x0000000083500000, 0x0000000083500000|100%| O|  |TAMS 0x0000000083400000, 0x0000000083400000| Untracked 
|  25|0x0000000083500000, 0x0000000083600000, 0x0000000083600000|100%| O|  |TAMS 0x0000000083500000, 0x0000000083500000| Untracked 
|  26|0x0000000083600000, 0x0000000083700000, 0x0000000083700000|100%| O|  |TAMS 0x0000000083700000, 0x0000000083600000| Untracked 
|  27|0x0000000083700000, 0x0000000083800000, 0x0000000083800000|100%| O|  |TAMS 0x0000000083800000, 0x0000000083700000| Untracked 
|  28|0x0000000083800000, 0x0000000083900000, 0x0000000083900000|100%| O|  |TAMS 0x0000000083900000, 0x0000000083800000| Untracked 
|  29|0x0000000083900000, 0x0000000083a00000, 0x0000000083a00000|100%| O|  |TAMS 0x0000000083a00000, 0x0000000083900000| Untracked 
|  30|0x0000000083a00000, 0x0000000083b00000, 0x0000000083b00000|100%| O|  |TAMS 0x0000000083a00000, 0x0000000083a00000| Untracked 
|  31|0x0000000083b00000, 0x0000000083c00000, 0x0000000083c00000|100%| O|  |TAMS 0x0000000083b00000, 0x0000000083b00000| Untracked 
|  32|0x0000000083c00000, 0x0000000083d00000, 0x0000000083d00000|100%| O|  |TAMS 0x0000000083c00000, 0x0000000083c00000| Untracked 
|  33|0x0000000083d00000, 0x0000000083e00000, 0x0000000083e00000|100%| O|  |TAMS 0x0000000083d00000, 0x0000000083d00000| Untracked 
|  34|0x0000000083e00000, 0x0000000083f00000, 0x0000000083f00000|100%| O|  |TAMS 0x0000000083e00000, 0x0000000083e00000| Untracked 
|  35|0x0000000083f00000, 0x0000000084000000, 0x0000000084000000|100%| O|  |TAMS 0x0000000083f00000, 0x0000000083f00000| Untracked 
|  36|0x0000000084000000, 0x0000000084100000, 0x0000000084100000|100%| O|  |TAMS 0x0000000084000000, 0x0000000084000000| Untracked 
|  37|0x0000000084100000, 0x0000000084200000, 0x0000000084200000|100%| O|  |TAMS 0x0000000084100000, 0x0000000084100000| Untracked 
|  38|0x0000000084200000, 0x0000000084300000, 0x0000000084300000|100%| O|  |TAMS 0x0000000084200000, 0x0000000084200000| Untracked 
|  39|0x0000000084300000, 0x0000000084400000, 0x0000000084400000|100%| O|  |TAMS 0x0000000084300000, 0x0000000084300000| Untracked 
|  40|0x0000000084400000, 0x0000000084500000, 0x0000000084500000|100%| O|  |TAMS 0x0000000084400000, 0x0000000084400000| Untracked 
|  41|0x0000000084500000, 0x0000000084600000, 0x0000000084600000|100%| O|  |TAMS 0x0000000084500000, 0x0000000084500000| Untracked 
|  42|0x0000000084600000, 0x0000000084700000, 0x0000000084700000|100%| O|  |TAMS 0x0000000084600000, 0x0000000084600000| Untracked 
|  43|0x0000000084700000, 0x0000000084800000, 0x0000000084800000|100%| O|  |TAMS 0x0000000084700000, 0x0000000084700000| Untracked 
|  44|0x0000000084800000, 0x0000000084900000, 0x0000000084900000|100%| O|  |TAMS 0x0000000084800000, 0x0000000084800000| Untracked 
|  45|0x0000000084900000, 0x0000000084a00000, 0x0000000084a00000|100%| O|  |TAMS 0x0000000084900000, 0x0000000084900000| Untracked 
|  46|0x0000000084a00000, 0x0000000084a76000, 0x0000000084b00000| 46%| O|  |TAMS 0x0000000084a00000, 0x0000000084a00000| Untracked 
|  47|0x0000000084b00000, 0x0000000084b00000, 0x0000000084c00000|  0%| F|  |TAMS 0x0000000084b00000, 0x0000000084b00000| Untracked 
|  48|0x0000000084c00000, 0x0000000084c00000, 0x0000000084d00000|  0%| F|  |TAMS 0x0000000084c00000, 0x0000000084c00000| Untracked 
|  49|0x0000000084d00000, 0x0000000084d00000, 0x0000000084e00000|  0%| F|  |TAMS 0x0000000084d00000, 0x0000000084d00000| Untracked 
|  50|0x0000000084e00000, 0x0000000084e00000, 0x0000000084f00000|  0%| F|  |TAMS 0x0000000084e00000, 0x0000000084e00000| Untracked 
|  51|0x0000000084f00000, 0x0000000084f00000, 0x0000000085000000|  0%| F|  |TAMS 0x0000000084f00000, 0x0000000084f00000| Untracked 
|  52|0x0000000085000000, 0x0000000085000000, 0x0000000085100000|  0%| F|  |TAMS 0x0000000085000000, 0x0000000085000000| Untracked 
|  53|0x0000000085100000, 0x0000000085100000, 0x0000000085200000|  0%| F|  |TAMS 0x0000000085100000, 0x0000000085100000| Untracked 
|  54|0x0000000085200000, 0x0000000085200000, 0x0000000085300000|  0%| F|  |TAMS 0x0000000085200000, 0x0000000085200000| Untracked 
|  55|0x0000000085300000, 0x0000000085300000, 0x0000000085400000|  0%| F|  |TAMS 0x0000000085300000, 0x0000000085300000| Untracked 
|  56|0x0000000085400000, 0x0000000085400000, 0x0000000085500000|  0%| F|  |TAMS 0x0000000085400000, 0x0000000085400000| Untracked 
|  57|0x0000000085500000, 0x0000000085500000, 0x0000000085600000|  0%| F|  |TAMS 0x0000000085500000, 0x0000000085500000| Untracked 
|  58|0x0000000085600000, 0x0000000085600000, 0x0000000085700000|  0%| F|  |TAMS 0x0000000085600000, 0x0000000085600000| Untracked 
|  59|0x0000000085700000, 0x0000000085700000, 0x0000000085800000|  0%| F|  |TAMS 0x0000000085700000, 0x0000000085700000| Untracked 
|  60|0x0000000085800000, 0x0000000085800000, 0x0000000085900000|  0%| F|  |TAMS 0x0000000085800000, 0x0000000085800000| Untracked 
|  61|0x0000000085900000, 0x0000000085900000, 0x0000000085a00000|  0%| F|  |TAMS 0x0000000085900000, 0x0000000085900000| Untracked 
|  62|0x0000000085a00000, 0x0000000085a00000, 0x0000000085b00000|  0%| F|  |TAMS 0x0000000085a00000, 0x0000000085a00000| Untracked 
|  63|0x0000000085b00000, 0x0000000085b00000, 0x0000000085c00000|  0%| F|  |TAMS 0x0000000085b00000, 0x0000000085b00000| Untracked 
|  64|0x0000000085c00000, 0x0000000085c00000, 0x0000000085d00000|  0%| F|  |TAMS 0x0000000085c00000, 0x0000000085c00000| Untracked 
|  65|0x0000000085d00000, 0x0000000085d00000, 0x0000000085e00000|  0%| F|  |TAMS 0x0000000085d00000, 0x0000000085d00000| Untracked 
|  66|0x0000000085e00000, 0x0000000085e00000, 0x0000000085f00000|  0%| F|  |TAMS 0x0000000085e00000, 0x0000000085e00000| Untracked 
|  67|0x0000000085f00000, 0x0000000085ff3d80, 0x0000000086000000| 95%| S|CS|TAMS 0x0000000085f00000, 0x0000000085f00000| Complete 
|  68|0x0000000086000000, 0x0000000086100000, 0x0000000086100000|100%| S|CS|TAMS 0x0000000086000000, 0x0000000086000000| Complete 
|  69|0x0000000086100000, 0x0000000086100000, 0x0000000086200000|  0%| F|  |TAMS 0x0000000086100000, 0x0000000086100000| Untracked 
|  70|0x0000000086200000, 0x0000000086200000, 0x0000000086300000|  0%| F|  |TAMS 0x0000000086200000, 0x0000000086200000| Untracked 
|  71|0x0000000086300000, 0x0000000086300000, 0x0000000086400000|  0%| F|  |TAMS 0x0000000086300000, 0x0000000086300000| Untracked 
|  72|0x0000000086400000, 0x0000000086400000, 0x0000000086500000|  0%| F|  |TAMS 0x0000000086400000, 0x0000000086400000| Untracked 
|  73|0x0000000086500000, 0x0000000086500000, 0x0000000086600000|  0%| F|  |TAMS 0x0000000086500000, 0x0000000086500000| Untracked 
|  74|0x0000000086600000, 0x0000000086600000, 0x0000000086700000|  0%| F|  |TAMS 0x0000000086600000, 0x0000000086600000| Untracked 
|  75|0x0000000086700000, 0x0000000086700000, 0x0000000086800000|  0%| F|  |TAMS 0x0000000086700000, 0x0000000086700000| Untracked 
|  76|0x0000000086800000, 0x0000000086800000, 0x0000000086900000|  0%| F|  |TAMS 0x0000000086800000, 0x0000000086800000| Untracked 
|  77|0x0000000086900000, 0x0000000086900000, 0x0000000086a00000|  0%| F|  |TAMS 0x0000000086900000, 0x0000000086900000| Untracked 
|  78|0x0000000086a00000, 0x0000000086a00000, 0x0000000086b00000|  0%| F|  |TAMS 0x0000000086a00000, 0x0000000086a00000| Untracked 
|  79|0x0000000086b00000, 0x0000000086b00000, 0x0000000086c00000|  0%| F|  |TAMS 0x0000000086b00000, 0x0000000086b00000| Untracked 
|  80|0x0000000086c00000, 0x0000000086c00000, 0x0000000086d00000|  0%| F|  |TAMS 0x0000000086c00000, 0x0000000086c00000| Untracked 
|  81|0x0000000086d00000, 0x0000000086d00000, 0x0000000086e00000|  0%| F|  |TAMS 0x0000000086d00000, 0x0000000086d00000| Untracked 
|  82|0x0000000086e00000, 0x0000000086e00000, 0x0000000086f00000|  0%| F|  |TAMS 0x0000000086e00000, 0x0000000086e00000| Untracked 
|  83|0x0000000086f00000, 0x0000000086f00000, 0x0000000087000000|  0%| F|  |TAMS 0x0000000086f00000, 0x0000000086f00000| Untracked 
|  84|0x0000000087000000, 0x0000000087000000, 0x0000000087100000|  0%| F|  |TAMS 0x0000000087000000, 0x0000000087000000| Untracked 
|  85|0x0000000087100000, 0x0000000087100000, 0x0000000087200000|  0%| F|  |TAMS 0x0000000087100000, 0x0000000087100000| Untracked 
|  86|0x0000000087200000, 0x0000000087200000, 0x0000000087300000|  0%| F|  |TAMS 0x0000000087200000, 0x0000000087200000| Untracked 
|  87|0x0000000087300000, 0x0000000087300000, 0x0000000087400000|  0%| F|  |TAMS 0x0000000087300000, 0x0000000087300000| Untracked 
|  88|0x0000000087400000, 0x0000000087400000, 0x0000000087500000|  0%| F|  |TAMS 0x0000000087400000, 0x0000000087400000| Untracked 
|  89|0x0000000087500000, 0x0000000087500000, 0x0000000087600000|  0%| F|  |TAMS 0x0000000087500000, 0x0000000087500000| Untracked 
|  90|0x0000000087600000, 0x0000000087600000, 0x0000000087700000|  0%| F|  |TAMS 0x0000000087600000, 0x0000000087600000| Untracked 
|  91|0x0000000087700000, 0x0000000087700000, 0x0000000087800000|  0%| F|  |TAMS 0x0000000087700000, 0x0000000087700000| Untracked 
|  92|0x0000000087800000, 0x0000000087800000, 0x0000000087900000|  0%| F|  |TAMS 0x0000000087800000, 0x0000000087800000| Untracked 
|  93|0x0000000087900000, 0x0000000087900000, 0x0000000087a00000|  0%| F|  |TAMS 0x0000000087900000, 0x0000000087900000| Untracked 
|  94|0x0000000087a00000, 0x0000000087a00000, 0x0000000087b00000|  0%| F|  |TAMS 0x0000000087a00000, 0x0000000087a00000| Untracked 
|  95|0x0000000087b00000, 0x0000000087b00000, 0x0000000087c00000|  0%| F|  |TAMS 0x0000000087b00000, 0x0000000087b00000| Untracked 
|  96|0x0000000087c00000, 0x0000000087c00000, 0x0000000087d00000|  0%| F|  |TAMS 0x0000000087c00000, 0x0000000087c00000| Untracked 
|  97|0x0000000087d00000, 0x0000000087d00000, 0x0000000087e00000|  0%| F|  |TAMS 0x0000000087d00000, 0x0000000087d00000| Untracked 
|  98|0x0000000087e00000, 0x0000000087e00000, 0x0000000087f00000|  0%| F|  |TAMS 0x0000000087e00000, 0x0000000087e00000| Untracked 
|  99|0x0000000087f00000, 0x0000000087f00000, 0x0000000088000000|  0%| F|  |TAMS 0x0000000087f00000, 0x0000000087f00000| Untracked 
| 100|0x0000000088000000, 0x0000000088000000, 0x0000000088100000|  0%| F|  |TAMS 0x0000000088000000, 0x0000000088000000| Untracked 
| 101|0x0000000088100000, 0x0000000088100000, 0x0000000088200000|  0%| F|  |TAMS 0x0000000088100000, 0x0000000088100000| Untracked 
| 102|0x0000000088200000, 0x0000000088200000, 0x0000000088300000|  0%| F|  |TAMS 0x0000000088200000, 0x0000000088200000| Untracked 
| 103|0x0000000088300000, 0x0000000088300000, 0x0000000088400000|  0%| F|  |TAMS 0x0000000088300000, 0x0000000088300000| Untracked 
| 104|0x0000000088400000, 0x0000000088400000, 0x0000000088500000|  0%| F|  |TAMS 0x0000000088400000, 0x0000000088400000| Untracked 
| 105|0x0000000088500000, 0x0000000088500000, 0x0000000088600000|  0%| F|  |TAMS 0x0000000088500000, 0x0000000088500000| Untracked 
| 106|0x0000000088600000, 0x0000000088600000, 0x0000000088700000|  0%| F|  |TAMS 0x0000000088600000, 0x0000000088600000| Untracked 
| 107|0x0000000088700000, 0x0000000088700000, 0x0000000088800000|  0%| F|  |TAMS 0x0000000088700000, 0x0000000088700000| Untracked 
| 108|0x0000000088800000, 0x0000000088800000, 0x0000000088900000|  0%| F|  |TAMS 0x0000000088800000, 0x0000000088800000| Untracked 
| 109|0x0000000088900000, 0x0000000088900000, 0x0000000088a00000|  0%| F|  |TAMS 0x0000000088900000, 0x0000000088900000| Untracked 
| 110|0x0000000088a00000, 0x0000000088a00000, 0x0000000088b00000|  0%| F|  |TAMS 0x0000000088a00000, 0x0000000088a00000| Untracked 
| 111|0x0000000088b00000, 0x0000000088b00000, 0x0000000088c00000|  0%| F|  |TAMS 0x0000000088b00000, 0x0000000088b00000| Untracked 
| 112|0x0000000088c00000, 0x0000000088c00000, 0x0000000088d00000|  0%| F|  |TAMS 0x0000000088c00000, 0x0000000088c00000| Untracked 
| 113|0x0000000088d00000, 0x0000000088d00000, 0x0000000088e00000|  0%| F|  |TAMS 0x0000000088d00000, 0x0000000088d00000| Untracked 
| 114|0x0000000088e00000, 0x0000000088e00000, 0x0000000088f00000|  0%| F|  |TAMS 0x0000000088e00000, 0x0000000088e00000| Untracked 
| 115|0x0000000088f00000, 0x0000000088f00000, 0x0000000089000000|  0%| F|  |TAMS 0x0000000088f00000, 0x0000000088f00000| Untracked 
| 116|0x0000000089000000, 0x0000000089000000, 0x0000000089100000|  0%| F|  |TAMS 0x0000000089000000, 0x0000000089000000| Untracked 
| 117|0x0000000089100000, 0x0000000089100000, 0x0000000089200000|  0%| F|  |TAMS 0x0000000089100000, 0x0000000089100000| Untracked 
| 118|0x0000000089200000, 0x0000000089200000, 0x0000000089300000|  0%| F|  |TAMS 0x0000000089200000, 0x0000000089200000| Untracked 
| 119|0x0000000089300000, 0x0000000089300000, 0x0000000089400000|  0%| F|  |TAMS 0x0000000089300000, 0x0000000089300000| Untracked 
| 120|0x0000000089400000, 0x0000000089400000, 0x0000000089500000|  0%| F|  |TAMS 0x0000000089400000, 0x0000000089400000| Untracked 
| 121|0x0000000089500000, 0x0000000089500000, 0x0000000089600000|  0%| F|  |TAMS 0x0000000089500000, 0x0000000089500000| Untracked 
| 122|0x0000000089600000, 0x0000000089600000, 0x0000000089700000|  0%| F|  |TAMS 0x0000000089600000, 0x0000000089600000| Untracked 
| 123|0x0000000089700000, 0x0000000089700000, 0x0000000089800000|  0%| F|  |TAMS 0x0000000089700000, 0x0000000089700000| Untracked 
| 124|0x0000000089800000, 0x0000000089800000, 0x0000000089900000|  0%| F|  |TAMS 0x0000000089800000, 0x0000000089800000| Untracked 
| 125|0x0000000089900000, 0x0000000089900000, 0x0000000089a00000|  0%| F|  |TAMS 0x0000000089900000, 0x0000000089900000| Untracked 
| 126|0x0000000089a00000, 0x0000000089a00000, 0x0000000089b00000|  0%| F|  |TAMS 0x0000000089a00000, 0x0000000089a00000| Untracked 
| 127|0x0000000089b00000, 0x0000000089b00000, 0x0000000089c00000|  0%| F|  |TAMS 0x0000000089b00000, 0x0000000089b00000| Untracked 

Card table byte_map: [0x000002de28250000,0x000002de28650000] _byte_map_base: 0x000002de27e42000

Marking Bits (Prev, Next): (CMBitMap*) 0x000002de10f3fd80, (CMBitMap*) 0x000002de10f3fdc0
 Prev Bits: [0x000002de28a50000, 0x000002de2a9e0000)
 Next Bits: [0x000002de2a9e0000, 0x000002de2c970000)

Polling page: 0x000002de106b0000

Metaspace:

Usage:
  Non-class:     42.86 MB used.
      Class:      5.70 MB used.
       Both:     48.56 MB used.

Virtual space:
  Non-class space:       64.00 MB reserved,      43.25 MB ( 68%) committed,  1 nodes.
      Class space:        1.00 GB reserved,       6.06 MB ( <1%) committed,  1 nodes.
             Both:        1.06 GB reserved,      49.31 MB (  5%) committed. 

Chunk freelists:
   Non-Class:  672.00 KB
       Class:  1.77 MB
        Both:  2.42 MB

MaxMetaspaceSize: unlimited
CompressedClassSpaceSize: 1.00 GB
Initial GC threshold: 21.00 MB
Current GC threshold: 58.88 MB
CDS: on
MetaspaceReclaimPolicy: balanced
 - commit_granule_bytes: 65536.
 - commit_granule_words: 8192.
 - virtual_space_node_default_size: 8388608.
 - enlarge_chunks_in_place: 1.
 - new_chunks_are_fully_committed: 0.
 - uncommit_free_chunks: 1.
 - use_allocation_guard: 0.


Internal statistics:

num_allocs_failed_limit: 6.
num_arena_births: 1238.
num_arena_deaths: 0.
num_vsnodes_births: 2.
num_vsnodes_deaths: 0.
num_space_committed: 787.
num_space_uncommitted: 0.
num_chunks_returned_to_freelist: 6.
num_chunks_taken_from_freelist: 3201.
num_chunk_merges: 6.
num_chunk_splits: 2343.
num_chunks_enlarged: 1704.
num_inconsistent_stats: 0.

CodeHeap 'non-profiled nmethods': size=120000Kb used=2937Kb max_used=2937Kb free=117062Kb
 bounds [0x000002de20920000, 0x000002de20c00000, 0x000002de27e50000]
CodeHeap 'profiled nmethods': size=120000Kb used=13828Kb max_used=14563Kb free=106171Kb
 bounds [0x000002de18e50000, 0x000002de19c90000, 0x000002de20380000]
CodeHeap 'non-nmethods': size=5760Kb used=1396Kb max_used=1483Kb free=4363Kb
 bounds [0x000002de20380000, 0x000002de205f0000, 0x000002de20920000]
 total_blobs=6481 nmethods=5849 adapters=540
 compilation: enabled
              stopped_count=0, restarted_count=0
 full_count=0

Compilation events (20 events):
Event: 11.786 Thread 0x000002de2ee42a40 nmethod 6720 0x000002de20a33610 code [0x000002de20a337a0, 0x000002de20a33878]
Event: 11.786 Thread 0x000002de2ee42a40 6721       4       java.util.LinkedHashMap$LinkedKeySet::size (8 bytes)
Event: 11.787 Thread 0x000002de2ee42a40 nmethod 6721 0x000002de20a33310 code [0x000002de20a334a0, 0x000002de20a33538]
Event: 11.800 Thread 0x000002de2ee42a40 6722       4       org.jetbrains.kotlin.resolve.OverridingUtil::filterOutOverridden (61 bytes)
Event: 11.829 Thread 0x000002de2ee42a40 nmethod 6722 0x000002de20bf8690 code [0x000002de20bf88a0, 0x000002de20bf9518]
Event: 11.830 Thread 0x000002de2ee42a40 6723       4       org.jetbrains.kotlin.resolve.OverridingUtil::collectOverriddenDeclarations (123 bytes)
Event: 11.866 Thread 0x000002de2ee46610 6727       3       org.jetbrains.kotlin.resolve.OverrideResolver$Companion::checkInvisibleFakeOverride (214 bytes)
Event: 11.868 Thread 0x000002de2ee42a40 nmethod 6723 0x000002de20bf9c90 code [0x000002de20bf9f80, 0x000002de20bfb010]
Event: 11.868 Thread 0x000002de2ee42a40 6724       4       org.jetbrains.kotlin.descriptors.CallableMemberDescriptor$Kind::isReal (13 bytes)
Event: 11.868 Thread 0x000002de2ee46610 nmethod 6727 0x000002de19939110 code [0x000002de19939500, 0x000002de1993b8b8]
Event: 11.868 Thread 0x000002de2ee42a40 nmethod 6724 0x000002de20a33010 code [0x000002de20a331a0, 0x000002de20a33238]
Event: 11.869 Thread 0x000002de2ee42a40 6725       4       java.util.LinkedHashMap$LinkedEntryIterator::next (5 bytes)
Event: 11.872 Thread 0x000002de2ee42a40 nmethod 6725 0x000002de20a32b10 code [0x000002de20a32ca0, 0x000002de20a32f38]
Event: 11.872 Thread 0x000002de2ee42a40 6728       4       kotlin.collections.CollectionsKt___CollectionsKt::filter (94 bytes)
Event: 11.910 Thread 0x000002de2ee42a40 nmethod 6728 0x000002de20bfbc10 code [0x000002de20bfbe80, 0x000002de20bfd078]
Event: 11.910 Thread 0x000002de2ee42a40 6729       4       org.jetbrains.kotlin.resolve.lazy.descriptors.LazyClassDescriptor::getModality (22 bytes)
Event: 11.921 Thread 0x000002de2ee42a40 nmethod 6729 0x000002de20bfde90 code [0x000002de20bfe080, 0x000002de20bfe6a8]
Event: 11.921 Thread 0x000002de2ee42a40 6726       4       org.jetbrains.kotlin.resolve.lazy.descriptors.LazyClassDescriptor::getKind (14 bytes)
Event: 11.921 Thread 0x000002de2ee42a40 nmethod 6726 0x000002de20a32810 code [0x000002de20a329a0, 0x000002de20a32a38]
Event: 11.921 Thread 0x000002de2ee42a40 6730       4       org.jetbrains.kotlin.resolve.OverrideResolver$Companion::computeRelevantDirectlyOverridden (82 bytes)

GC Heap History (20 events):
Event: 2.855 GC heap after
{Heap after GC invocations=3 (full 0):
 garbage-first heap   total 131072K, used 17263K [0x0000000081c00000, 0x0000000100000000)
  region size 1024K, 7 young (7168K), 7 survivors (7168K)
 Metaspace       used 21255K, committed 21504K, reserved 1114112K
  class space    used 2450K, committed 2560K, reserved 1048576K
}
Event: 3.895 GC heap before
{Heap before GC invocations=4 (full 0):
 garbage-first heap   total 65536K, used 51055K [0x0000000081c00000, 0x0000000100000000)
  region size 1024K, 38 young (38912K), 7 survivors (7168K)
 Metaspace       used 27015K, committed 27328K, reserved 1114112K
  class space    used 3514K, committed 3648K, reserved 1048576K
}
Event: 3.926 GC heap after
{Heap after GC invocations=5 (full 0):
 garbage-first heap   total 65536K, used 24558K [0x0000000081c00000, 0x0000000100000000)
  region size 1024K, 5 young (5120K), 5 survivors (5120K)
 Metaspace       used 27015K, committed 27328K, reserved 1114112K
  class space    used 3514K, committed 3648K, reserved 1048576K
}
Event: 3.940 GC heap before
{Heap before GC invocations=5 (full 0):
 garbage-first heap   total 65536K, used 25582K [0x0000000081c00000, 0x0000000100000000)
  region size 1024K, 6 young (6144K), 5 survivors (5120K)
 Metaspace       used 27045K, committed 27328K, reserved 1114112K
  class space    used 3516K, committed 3648K, reserved 1048576K
}
Event: 3.950 GC heap after
{Heap after GC invocations=6 (full 0):
 garbage-first heap   total 65536K, used 25556K [0x0000000081c00000, 0x0000000100000000)
  region size 1024K, 1 young (1024K), 1 survivors (1024K)
 Metaspace       used 27045K, committed 27328K, reserved 1114112K
  class space    used 3516K, committed 3648K, reserved 1048576K
}
Event: 4.456 GC heap before
{Heap before GC invocations=6 (full 0):
 garbage-first heap   total 65536K, used 46036K [0x0000000081c00000, 0x0000000100000000)
  region size 1024K, 22 young (22528K), 1 survivors (1024K)
 Metaspace       used 30841K, committed 31168K, reserved 1114112K
  class space    used 3888K, committed 4032K, reserved 1048576K
}
Event: 4.463 GC heap after
{Heap after GC invocations=7 (full 0):
 garbage-first heap   total 65536K, used 25316K [0x0000000081c00000, 0x0000000100000000)
  region size 1024K, 3 young (3072K), 3 survivors (3072K)
 Metaspace       used 30841K, committed 31168K, reserved 1114112K
  class space    used 3888K, committed 4032K, reserved 1048576K
}
Event: 5.163 GC heap before
{Heap before GC invocations=7 (full 0):
 garbage-first heap   total 65536K, used 46820K [0x0000000081c00000, 0x0000000100000000)
  region size 1024K, 24 young (24576K), 3 survivors (3072K)
 Metaspace       used 34396K, committed 34944K, reserved 1114112K
  class space    used 4265K, committed 4544K, reserved 1048576K
}
Event: 5.176 GC heap after
{Heap after GC invocations=8 (full 0):
 garbage-first heap   total 131072K, used 27345K [0x0000000081c00000, 0x0000000100000000)
  region size 1024K, 2 young (2048K), 2 survivors (2048K)
 Metaspace       used 34396K, committed 34944K, reserved 1114112K
  class space    used 4265K, committed 4544K, reserved 1048576K
}
Event: 5.493 GC heap before
{Heap before GC invocations=8 (full 0):
 garbage-first heap   total 131072K, used 32465K [0x0000000081c00000, 0x0000000100000000)
  region size 1024K, 8 young (8192K), 2 survivors (2048K)
 Metaspace       used 35203K, committed 35968K, reserved 1114112K
  class space    used 4389K, committed 4800K, reserved 1048576K
}
Event: 5.502 GC heap after
{Heap after GC invocations=9 (full 0):
 garbage-first heap   total 131072K, used 27755K [0x0000000081c00000, 0x0000000100000000)
  region size 1024K, 3 young (3072K), 3 survivors (3072K)
 Metaspace       used 35203K, committed 35968K, reserved 1114112K
  class space    used 4389K, committed 4800K, reserved 1048576K
}
Event: 7.551 GC heap before
{Heap before GC invocations=10 (full 0):
 garbage-first heap   total 99328K, used 87147K [0x0000000081c00000, 0x0000000100000000)
  region size 1024K, 58 young (59392K), 3 survivors (3072K)
 Metaspace       used 42520K, committed 43264K, reserved 1114112K
  class space    used 5142K, committed 5504K, reserved 1048576K
}
Event: 7.571 GC heap after
{Heap after GC invocations=11 (full 0):
 garbage-first heap   total 99328K, used 35419K [0x0000000081c00000, 0x0000000100000000)
  region size 1024K, 8 young (8192K), 8 survivors (8192K)
 Metaspace       used 42520K, committed 43264K, reserved 1114112K
  class space    used 5142K, committed 5504K, reserved 1048576K
}
Event: 7.603 GC heap before
{Heap before GC invocations=11 (full 0):
 garbage-first heap   total 99328K, used 36443K [0x0000000081c00000, 0x0000000100000000)
  region size 1024K, 9 young (9216K), 8 survivors (8192K)
 Metaspace       used 42687K, committed 43456K, reserved 1114112K
  class space    used 5168K, committed 5568K, reserved 1048576K
}
Event: 7.622 GC heap after
{Heap after GC invocations=12 (full 0):
 garbage-first heap   total 99328K, used 36148K [0x0000000081c00000, 0x0000000100000000)
  region size 1024K, 1 young (1024K), 1 survivors (1024K)
 Metaspace       used 42687K, committed 43456K, reserved 1114112K
  class space    used 5168K, committed 5568K, reserved 1048576K
}
Event: 9.819 GC heap before
{Heap before GC invocations=12 (full 0):
 garbage-first heap   total 99328K, used 73012K [0x0000000081c00000, 0x0000000100000000)
  region size 1024K, 38 young (38912K), 1 survivors (1024K)
 Metaspace       used 49038K, committed 49856K, reserved 1114112K
  class space    used 5803K, committed 6208K, reserved 1048576K
}
Event: 9.839 GC heap after
{Heap after GC invocations=13 (full 0):
 garbage-first heap   total 99328K, used 41472K [0x0000000081c00000, 0x0000000100000000)
  region size 1024K, 5 young (5120K), 5 survivors (5120K)
 Metaspace       used 49038K, committed 49856K, reserved 1114112K
  class space    used 5803K, committed 6208K, reserved 1048576K
}
Event: 11.410 GC heap before
{Heap before GC invocations=13 (full 0):
 garbage-first heap   total 99328K, used 75264K [0x0000000081c00000, 0x0000000100000000)
  region size 1024K, 38 young (38912K), 5 survivors (5120K)
 Metaspace       used 49508K, committed 50304K, reserved 1114112K
  class space    used 5814K, committed 6208K, reserved 1048576K
}
Event: 11.446 GC heap after
{Heap after GC invocations=14 (full 0):
 garbage-first heap   total 99328K, used 47300K [0x0000000081c00000, 0x0000000100000000)
  region size 1024K, 5 young (5120K), 5 survivors (5120K)
 Metaspace       used 49508K, committed 50304K, reserved 1114112K
  class space    used 5814K, committed 6208K, reserved 1048576K
}
Event: 11.967 GC heap before
{Heap before GC invocations=14 (full 0):
 garbage-first heap   total 99328K, used 75972K [0x0000000081c00000, 0x0000000100000000)
  region size 1024K, 33 young (33792K), 5 survivors (5120K)
 Metaspace       used 49721K, committed 50496K, reserved 1114112K
  class space    used 5832K, committed 6208K, reserved 1048576K
}

Dll operation events (7 events):
Event: 0.010 Loaded shared library C:\Program Files\Java\jdk-19.0.1\bin\java.dll
Event: 0.027 Loaded shared library C:\Program Files\Java\jdk-19.0.1\bin\jsvml.dll
Event: 0.200 Loaded shared library C:\Program Files\Java\jdk-19.0.1\bin\net.dll
Event: 0.203 Loaded shared library C:\Program Files\Java\jdk-19.0.1\bin\nio.dll
Event: 0.257 Loaded shared library C:\Program Files\Java\jdk-19.0.1\bin\zip.dll
Event: 0.305 Loaded shared library C:\Program Files\Java\jdk-19.0.1\bin\jimage.dll
Event: 1.742 Loaded shared library C:\Program Files\Java\jdk-19.0.1\bin\verify.dll

Deoptimization events (20 events):
Event: 11.684 Thread 0x000002de10edfd40 Uncommon trap: trap_request=0xffffffc6 fr.pc=0x000002de20b28ed4 relative=0x00000000000001f4
Event: 11.684 Thread 0x000002de10edfd40 Uncommon trap: reason=bimorphic_or_optimized_type_check action=maybe_recompile pc=0x000002de20b28ed4 method=org.jetbrains.kotlin.descriptors.DescriptorVisibility.compareTo(Lorg/jetbrains/kotlin/descriptors/DescriptorVisibility;)Ljava/lang/Integer; @ 14 c2
Event: 11.684 Thread 0x000002de10edfd40 DEOPT PACKING pc=0x000002de20b28ed4 sp=0x000000f3cccfe240
Event: 11.684 Thread 0x000002de10edfd40 DEOPT UNPACKING pc=0x000002de203e6da3 sp=0x000000f3cccfe180 mode 2
Event: 11.806 Thread 0x000002de10edfd40 Uncommon trap: trap_request=0xffffffde fr.pc=0x000002de20a341e4 relative=0x0000000000000604
Event: 11.806 Thread 0x000002de10edfd40 Uncommon trap: reason=class_check action=maybe_recompile pc=0x000002de20a341e4 method=org.jetbrains.kotlin.resolve.OverridingUtil.collectOverriddenDeclarations(Lorg/jetbrains/kotlin/descriptors/CallableMemberDescriptor;Ljava/util/Set;)V @ 47 c2
Event: 11.806 Thread 0x000002de10edfd40 DEOPT PACKING pc=0x000002de20a341e4 sp=0x000000f3cccfdd80
Event: 11.806 Thread 0x000002de10edfd40 DEOPT UNPACKING pc=0x000002de203e6da3 sp=0x000000f3cccfdd30 mode 2
Event: 11.806 Thread 0x000002de10edfd40 Uncommon trap: trap_request=0xffffffde fr.pc=0x000002de20a341e4 relative=0x0000000000000604
Event: 11.806 Thread 0x000002de10edfd40 Uncommon trap: reason=class_check action=maybe_recompile pc=0x000002de20a341e4 method=org.jetbrains.kotlin.resolve.OverridingUtil.collectOverriddenDeclarations(Lorg/jetbrains/kotlin/descriptors/CallableMemberDescriptor;Ljava/util/Set;)V @ 47 c2
Event: 11.806 Thread 0x000002de10edfd40 DEOPT PACKING pc=0x000002de20a341e4 sp=0x000000f3cccfdcf0
Event: 11.806 Thread 0x000002de10edfd40 DEOPT UNPACKING pc=0x000002de203e6da3 sp=0x000000f3cccfdcb0 mode 2
Event: 11.806 Thread 0x000002de10edfd40 Uncommon trap: trap_request=0xffffffde fr.pc=0x000002de20a341e4 relative=0x0000000000000604
Event: 11.806 Thread 0x000002de10edfd40 Uncommon trap: reason=class_check action=maybe_recompile pc=0x000002de20a341e4 method=org.jetbrains.kotlin.resolve.OverridingUtil.collectOverriddenDeclarations(Lorg/jetbrains/kotlin/descriptors/CallableMemberDescriptor;Ljava/util/Set;)V @ 47 c2
Event: 11.806 Thread 0x000002de10edfd40 DEOPT PACKING pc=0x000002de20a341e4 sp=0x000000f3cccfdd80
Event: 11.806 Thread 0x000002de10edfd40 DEOPT UNPACKING pc=0x000002de203e6da3 sp=0x000000f3cccfdd30 mode 2
Event: 11.806 Thread 0x000002de10edfd40 Uncommon trap: trap_request=0xffffffde fr.pc=0x000002de20a341e4 relative=0x0000000000000604
Event: 11.806 Thread 0x000002de10edfd40 Uncommon trap: reason=class_check action=maybe_recompile pc=0x000002de20a341e4 method=org.jetbrains.kotlin.resolve.OverridingUtil.collectOverriddenDeclarations(Lorg/jetbrains/kotlin/descriptors/CallableMemberDescriptor;Ljava/util/Set;)V @ 47 c2
Event: 11.806 Thread 0x000002de10edfd40 DEOPT PACKING pc=0x000002de20a341e4 sp=0x000000f3cccfdd80
Event: 11.806 Thread 0x000002de10edfd40 DEOPT UNPACKING pc=0x000002de203e6da3 sp=0x000000f3cccfdd30 mode 2

Classes loaded (20 events):
Event: 5.726 Loading class java/util/BitSet
Event: 5.726 Loading class java/util/BitSet done
Event: 5.729 Loading class java/util/PrimitiveIterator$OfInt
Event: 5.729 Loading class java/util/PrimitiveIterator
Event: 5.730 Loading class java/util/PrimitiveIterator done
Event: 5.730 Loading class java/util/PrimitiveIterator$OfInt done
Event: 5.832 Loading class java/util/function/IntUnaryOperator
Event: 5.833 Loading class java/util/function/IntUnaryOperator done
Event: 5.952 Loading class java/util/ArrayList$ListItr
Event: 5.953 Loading class java/util/ArrayList$ListItr done
Event: 6.100 Loading class java/util/AbstractList$SubList$1
Event: 6.100 Loading class java/util/AbstractList$SubList$1 done
Event: 6.100 Loading class java/util/AbstractList$ListItr
Event: 6.100 Loading class java/util/AbstractList$ListItr done
Event: 6.304 Loading class java/text/StringCharacterIterator
Event: 6.305 Loading class java/text/CharacterIterator
Event: 6.305 Loading class java/text/CharacterIterator done
Event: 6.305 Loading class java/text/StringCharacterIterator done
Event: 8.691 Loading class java/util/RegularEnumSet$EnumSetIterator
Event: 8.691 Loading class java/util/RegularEnumSet$EnumSetIterator done

Classes unloaded (0 events):
No events

Classes redefined (0 events):
No events

Internal exceptions (20 events):
Event: 5.362 Thread 0x000002de10edfd40 Exception <a 'java/lang/NoSuchMethodError'{0x00000000899ac6e8}: 'java.lang.Object java.lang.invoke.DirectMethodHandle$Holder.invokeStatic(java.lang.Object, java.lang.Object, java.lang.Object, java.lang.Object, java.lang.Object, java.lang.Object, java.lang.Object, java.lang.Object, java.lang.Object, java.lang.Object, java.lang.Object, java.lang.Object, java.lang.Object, java.lang.Object, java.lang.Object, java.lang.Object, java.lang.Object, java.lang.Object, java.lang.Object, java.lang.Object, java.lang.Obj
Event: 5.369 Thread 0x000002de10edfd40 Exception <a 'java/lang/NoSuchMethodError'{0x00000000899dea98}: 'java.lang.Object java.lang.invoke.DirectMethodHandle$Holder.invokeStatic(java.lang.Object, java.lang.Object, java.lang.Object, java.lang.Object, java.lang.Object, java.lang.Object, java.lang.Object, java.lang.Object, java.lang.Object, java.lang.Object, java.lang.Object, java.lang.Object, java.lang.Object, java.lang.Object, java.lang.Object, java.lang.Object, java.lang.Object, java.lang.Object, java.lang.Object, java.lang.Object, java.lang.Obj
Event: 5.383 Thread 0x000002de10edfd40 Exception <a 'java/lang/NoSuchMethodError'{0x000000008983fcb8}: 'java.lang.Object java.lang.invoke.DirectMethodHandle$Holder.newInvokeSpecial(java.lang.Object, java.lang.Object, java.lang.Object, java.lang.Object, java.lang.Object, java.lang.Object, java.lang.Object, java.lang.Object, java.lang.Object, java.lang.Object, java.lang.Object, java.lang.Object, java.lang.Object)'> (0x000000008983fcb8) 
thrown [s\open\src\hotspot\share\interpreter\linkResolver.cpp, line 774]
Event: 5.384 Thread 0x000002de10edfd40 Exception <a 'java/lang/NoSuchMethodError'{0x0000000089844ec0}: 'java.lang.Object java.lang.invoke.DirectMethodHandle$Holder.invokeSpecial(java.lang.Object, java.lang.Object, java.lang.Object, java.lang.Object, java.lang.Object, java.lang.Object, java.lang.Object, java.lang.Object, java.lang.Object, java.lang.Object, java.lang.Object, java.lang.Object, java.lang.Object, java.lang.Object)'> (0x0000000089844ec0) 
thrown [s\open\src\hotspot\share\interpreter\linkResolver.cpp, line 774]
Event: 5.384 Thread 0x000002de10edfd40 Exception <a 'java/lang/NoSuchMethodError'{0x0000000089849680}: 'java.lang.Object java.lang.invoke.DelegatingMethodHandle$Holder.reinvoke_L(java.lang.Object, java.lang.Object, java.lang.Object, java.lang.Object, java.lang.Object, java.lang.Object, java.lang.Object, java.lang.Object, java.lang.Object, java.lang.Object, java.lang.Object, java.lang.Object, java.lang.Object)'> (0x0000000089849680) 
thrown [s\open\src\hotspot\share\interpreter\linkResolver.cpp, line 774]
Event: 5.447 Thread 0x000002de10edfd40 Exception <a 'java/lang/NoSuchMethodError'{0x00000000897693e0}: 'java.lang.Object java.lang.invoke.DirectMethodHandle$Holder.newInvokeSpecial(java.lang.Object, java.lang.Object, java.lang.Object, java.lang.Object, java.lang.Object, java.lang.Object, java.lang.Object, java.lang.Object, java.lang.Object, java.lang.Object, java.lang.Object, java.lang.Object, java.lang.Object, java.lang.Object, java.lang.Object, java.lang.Object, java.lang.Object, java.lang.Object, java.lang.Object)'> (0x00000000897693e0) 
thr
Event: 5.449 Thread 0x000002de10edfd40 Exception <a 'java/lang/NoSuchMethodError'{0x000000008976f4a8}: 'java.lang.Object java.lang.invoke.DirectMethodHandle$Holder.invokeSpecial(java.lang.Object, java.lang.Object, java.lang.Object, java.lang.Object, java.lang.Object, java.lang.Object, java.lang.Object, java.lang.Object, java.lang.Object, java.lang.Object, java.lang.Object, java.lang.Object, java.lang.Object, java.lang.Object, java.lang.Object, java.lang.Object, java.lang.Object, java.lang.Object, java.lang.Object, java.lang.Object)'> (0x0000000
Event: 5.449 Thread 0x000002de10edfd40 Exception <a 'java/lang/NoSuchMethodError'{0x00000000897747a8}: 'java.lang.Object java.lang.invoke.DelegatingMethodHandle$Holder.reinvoke_L(java.lang.Object, java.lang.Object, java.lang.Object, java.lang.Object, java.lang.Object, java.lang.Object, java.lang.Object, java.lang.Object, java.lang.Object, java.lang.Object, java.lang.Object, java.lang.Object, java.lang.Object, java.lang.Object, java.lang.Object, java.lang.Object, java.lang.Object, java.lang.Object, java.lang.Object)'> (0x00000000897747a8) 
throw
Event: 5.834 Thread 0x000002de10edfd40 Exception <a 'java/lang/NoSuchMethodError'{0x0000000087493e50}: 'java.lang.Object java.lang.invoke.DirectMethodHandle$Holder.newInvokeSpecial(java.lang.Object, java.lang.Object, int)'> (0x0000000087493e50) 
thrown [s\open\src\hotspot\share\interpreter\linkResolver.cpp, line 774]
Event: 6.002 Thread 0x000002de10edfd40 Exception <a 'java/lang/NoSuchMethodError'{0x000000008729e830}: 'java.lang.Object java.lang.invoke.DirectMethodHandle$Holder.newInvokeSpecial(java.lang.Object, java.lang.Object, java.lang.Object, int)'> (0x000000008729e830) 
thrown [s\open\src\hotspot\share\interpreter\linkResolver.cpp, line 774]
Event: 6.004 Thread 0x000002de10edfd40 Exception <a 'java/lang/NoSuchMethodError'{0x00000000872a2c00}: 'java.lang.Object java.lang.invoke.DirectMethodHandle$Holder.invokeSpecial(java.lang.Object, java.lang.Object, java.lang.Object, java.lang.Object, int)'> (0x00000000872a2c00) 
thrown [s\open\src\hotspot\share\interpreter\linkResolver.cpp, line 774]
Event: 6.004 Thread 0x000002de10edfd40 Exception <a 'java/lang/NoSuchMethodError'{0x00000000872a65c8}: 'java.lang.Object java.lang.invoke.Invokers$Holder.linkToTargetMethod(java.lang.Object, java.lang.Object, int, java.lang.Object)'> (0x00000000872a65c8) 
thrown [s\open\src\hotspot\share\interpreter\linkResolver.cpp, line 774]
Event: 7.671 Thread 0x000002de10edfd40 Implicit null exception at 0x000002de20992594 to 0x000002de20992bfc
Event: 8.261 Thread 0x000002de10edfd40 Exception <a 'java/lang/NoSuchMethodError'{0x0000000086feee58}: 'java.lang.Object java.lang.invoke.DirectMethodHandle$Holder.newInvokeSpecial(java.lang.Object, java.lang.Object, java.lang.Object, java.lang.Object, int)'> (0x0000000086feee58) 
thrown [s\open\src\hotspot\share\interpreter\linkResolver.cpp, line 774]
Event: 8.262 Thread 0x000002de10edfd40 Exception <a 'java/lang/NoSuchMethodError'{0x0000000086ff3708}: 'java.lang.Object java.lang.invoke.DirectMethodHandle$Holder.invokeSpecial(java.lang.Object, java.lang.Object, java.lang.Object, java.lang.Object, java.lang.Object, int)'> (0x0000000086ff3708) 
thrown [s\open\src\hotspot\share\interpreter\linkResolver.cpp, line 774]
Event: 8.262 Thread 0x000002de10edfd40 Exception <a 'java/lang/NoSuchMethodError'{0x0000000086ff7968}: 'java.lang.Object java.lang.invoke.Invokers$Holder.linkToTargetMethod(java.lang.Object, java.lang.Object, java.lang.Object, int, java.lang.Object)'> (0x0000000086ff7968) 
thrown [s\open\src\hotspot\share\interpreter\linkResolver.cpp, line 774]
Event: 8.748 Thread 0x000002de10edfd40 Exception <a 'java/lang/NoSuchMethodError'{0x000000008642f200}: 'java.lang.Object java.lang.invoke.DirectMethodHandle$Holder.invokeStaticInit(java.lang.Object, java.lang.Object, java.lang.Object)'> (0x000000008642f200) 
thrown [s\open\src\hotspot\share\interpreter\linkResolver.cpp, line 774]
Event: 8.765 Thread 0x000002de10edfd40 Exception <a 'java/lang/NoSuchMethodError'{0x0000000086472eb8}: 'java.lang.Object java.lang.invoke.DirectMethodHandle$Holder.newInvokeSpecial(java.lang.Object, int, java.lang.Object)'> (0x0000000086472eb8) 
thrown [s\open\src\hotspot\share\interpreter\linkResolver.cpp, line 774]
Event: 8.910 Thread 0x000002de10edfd40 Implicit null exception at 0x000002de2096d18f to 0x000002de2096d3ac
Event: 8.910 Thread 0x000002de10edfd40 Implicit null exception at 0x000002de209933af to 0x000002de20993429

VM Operations (20 events):
Event: 9.901 Executing VM operation: HandshakeAllThreads done
Event: 9.926 Executing VM operation: ICBufferFull
Event: 9.926 Executing VM operation: ICBufferFull done
Event: 10.225 Executing VM operation: HandshakeAllThreads
Event: 10.225 Executing VM operation: HandshakeAllThreads done
Event: 10.257 Executing VM operation: HandshakeAllThreads
Event: 10.258 Executing VM operation: HandshakeAllThreads done
Event: 10.328 Executing VM operation: ICBufferFull
Event: 10.329 Executing VM operation: ICBufferFull done
Event: 10.419 Executing VM operation: HandshakeAllThreads
Event: 10.419 Executing VM operation: HandshakeAllThreads done
Event: 10.711 Executing VM operation: ICBufferFull
Event: 10.711 Executing VM operation: ICBufferFull done
Event: 11.154 Executing VM operation: ICBufferFull
Event: 11.154 Executing VM operation: ICBufferFull done
Event: 11.410 Executing VM operation: G1CollectForAllocation
Event: 11.446 Executing VM operation: G1CollectForAllocation done
Event: 11.659 Executing VM operation: HandshakeAllThreads
Event: 11.659 Executing VM operation: HandshakeAllThreads done
Event: 11.967 Executing VM operation: G1CollectForAllocation

Events (20 events):
Event: 10.267 Thread 0x000002de2ee4ff80 flushing nmethod 0x000002de197f2510
Event: 10.267 Thread 0x000002de2ee4ff80 flushing nmethod 0x000002de197fb810
Event: 10.267 Thread 0x000002de2ee4ff80 flushing nmethod 0x000002de1981bf90
Event: 10.267 Thread 0x000002de2ee4ff80 flushing nmethod 0x000002de19822290
Event: 10.268 Thread 0x000002de2ee4ff80 flushing nmethod 0x000002de1983f010
Event: 10.268 Thread 0x000002de2ee4ff80 flushing nmethod 0x000002de19847810
Event: 10.268 Thread 0x000002de2ee4ff80 flushing nmethod 0x000002de1985c210
Event: 10.268 Thread 0x000002de2ee4ff80 flushing nmethod 0x000002de198a5190
Event: 10.268 Thread 0x000002de2ee4ff80 flushing nmethod 0x000002de198b5d10
Event: 10.268 Thread 0x000002de2ee4ff80 flushing nmethod 0x000002de198cd990
Event: 10.268 Thread 0x000002de2ee4ff80 flushing nmethod 0x000002de19939110
Event: 10.269 Thread 0x000002de2ee4ff80 flushing nmethod 0x000002de19943e90
Event: 10.269 Thread 0x000002de2ee4ff80 flushing nmethod 0x000002de19952090
Event: 10.269 Thread 0x000002de2ee4ff80 flushing nmethod 0x000002de19952490
Event: 10.269 Thread 0x000002de2ee4ff80 flushing nmethod 0x000002de19959190
Event: 10.269 Thread 0x000002de2ee4ff80 flushing nmethod 0x000002de19969c90
Event: 10.269 Thread 0x000002de2ee4ff80 flushing nmethod 0x000002de1996c990
Event: 10.269 Thread 0x000002de2ee4ff80 flushing nmethod 0x000002de199e7710
Event: 10.269 Thread 0x000002de2ee4ff80 flushing nmethod 0x000002de19a03510
Event: 10.269 Thread 0x000002de2ee4ff80 flushing nmethod 0x000002de19a42710


Dynamic libraries:
0x00007ff62e460000 - 0x00007ff62e470000 	C:\Program Files\Java\jdk-19.0.1\bin\java.exe
0x00007ff85a720000 - 0x00007ff85a929000 	C:\Windows\SYSTEM32\ntdll.dll
0x00007ff85a330000 - 0x00007ff85a3ee000 	C:\Windows\System32\KERNEL32.DLL
0x00007ff857ff0000 - 0x00007ff85836b000 	C:\Windows\System32\KERNELBASE.dll
0x00007ff857c60000 - 0x00007ff857d71000 	C:\Windows\System32\ucrtbase.dll
0x00007ff848d50000 - 0x00007ff848d6b000 	C:\Program Files\Java\jdk-19.0.1\bin\VCRUNTIME140.dll
0x00007ff848d70000 - 0x00007ff848d88000 	C:\Program Files\Java\jdk-19.0.1\bin\jli.dll
0x00007ff85a000000 - 0x00007ff85a0ae000 	C:\Windows\System32\ADVAPI32.dll
0x00007ff85a480000 - 0x00007ff85a523000 	C:\Windows\System32\msvcrt.dll
0x00007ff858850000 - 0x00007ff8588ee000 	C:\Windows\System32\sechost.dll
0x00007ff858c80000 - 0x00007ff858da0000 	C:\Windows\System32\RPCRT4.dll
0x00007ff85a530000 - 0x00007ff85a6dd000 	C:\Windows\System32\USER32.dll
0x00007ff857fc0000 - 0x00007ff857fe6000 	C:\Windows\System32\win32u.dll
0x00007ff858da0000 - 0x00007ff858dc9000 	C:\Windows\System32\GDI32.dll
0x00007ff857d80000 - 0x00007ff857e98000 	C:\Windows\System32\gdi32full.dll
0x00007ff857f20000 - 0x00007ff857fbd000 	C:\Windows\System32\msvcp_win.dll
0x00007ff842350000 - 0x00007ff8425f5000 	C:\Windows\WinSxS\amd64_microsoft.windows.common-controls_6595b64144ccf1df_6.0.22000.120_none_9d947278b86cc467\COMCTL32.dll
0x00007ff84ac80000 - 0x00007ff84ac8a000 	C:\Windows\SYSTEM32\VERSION.dll
0x00007ff85a0b0000 - 0x00007ff85a0e2000 	C:\Windows\System32\IMM32.DLL
0x00007ff8488e0000 - 0x00007ff8488ec000 	C:\Program Files\Java\jdk-19.0.1\bin\vcruntime140_1.dll
0x00007ff82c570000 - 0x00007ff82c5fe000 	C:\Program Files\Java\jdk-19.0.1\bin\msvcp140.dll
0x00007ff803830000 - 0x00007ff8044f0000 	C:\Program Files\Java\jdk-19.0.1\bin\server\jvm.dll
0x00007ff8501d0000 - 0x00007ff850203000 	C:\Windows\SYSTEM32\WINMM.dll
0x00007ff853d70000 - 0x00007ff853d79000 	C:\Windows\SYSTEM32\WSOCK32.dll
0x00007ff8597a0000 - 0x00007ff85980f000 	C:\Windows\System32\WS2_32.dll
0x00007ff856d60000 - 0x00007ff856d78000 	C:\Windows\SYSTEM32\kernel.appcore.dll
0x00007ff8488d0000 - 0x00007ff8488da000 	C:\Program Files\Java\jdk-19.0.1\bin\jimage.dll
0x00007ff855770000 - 0x00007ff855991000 	C:\Windows\SYSTEM32\DBGHELP.DLL
0x00007ff848f30000 - 0x00007ff848f61000 	C:\Windows\SYSTEM32\dbgcore.DLL
0x00007ff857ea0000 - 0x00007ff857f1f000 	C:\Windows\System32\bcryptPrimitives.dll
0x00007ff8459f0000 - 0x00007ff845a16000 	C:\Program Files\Java\jdk-19.0.1\bin\java.dll
0x00007ff826590000 - 0x00007ff826667000 	C:\Program Files\Java\jdk-19.0.1\bin\jsvml.dll
0x00007ff858dd0000 - 0x00007ff859587000 	C:\Windows\System32\SHELL32.dll
0x00007ff855c20000 - 0x00007ff856485000 	C:\Windows\SYSTEM32\windows.storage.dll
0x00007ff858900000 - 0x00007ff858c78000 	C:\Windows\System32\combase.dll
0x00007ff8559a0000 - 0x00007ff855b06000 	C:\Windows\SYSTEM32\wintypes.dll
0x00007ff858760000 - 0x00007ff85884a000 	C:\Windows\System32\SHCORE.dll
0x00007ff859810000 - 0x00007ff85986d000 	C:\Windows\System32\shlwapi.dll
0x00007ff857b20000 - 0x00007ff857b41000 	C:\Windows\SYSTEM32\profapi.dll
0x00007ff8459d0000 - 0x00007ff8459e3000 	C:\Program Files\Java\jdk-19.0.1\bin\net.dll
0x00007ff84fbc0000 - 0x00007ff84fcd4000 	C:\Windows\SYSTEM32\WINHTTP.dll
0x00007ff857200000 - 0x00007ff857267000 	C:\Windows\system32\mswsock.dll
0x00007ff8456c0000 - 0x00007ff8456d6000 	C:\Program Files\Java\jdk-19.0.1\bin\nio.dll
0x00007ff841b70000 - 0x00007ff841b88000 	C:\Program Files\Java\jdk-19.0.1\bin\zip.dll
0x00007ff8468f0000 - 0x00007ff846900000 	C:\Program Files\Java\jdk-19.0.1\bin\verify.dll

dbghelp: loaded successfully - version: 4.0.5 - missing functions: none
symbol engine: initialized successfully - sym options: 0x614 - pdb path: .;C:\Program Files\Java\jdk-19.0.1\bin;C:\Windows\SYSTEM32;C:\Windows\WinSxS\amd64_microsoft.windows.common-controls_6595b64144ccf1df_6.0.22000.120_none_9d947278b86cc467;C:\Program Files\Java\jdk-19.0.1\bin\server

VM Arguments:
java_command: org.jetbrains.kotlin.cli.jvm.K2JVMCompiler @D:\SETIK\findbarber\app\build\20230108_11262957539154572313.compiler.options
java_class_path (initial): C:\Users\Administrator\.gradle\caches\modules-2\files-2.1\org.jetbrains.kotlin\kotlin-compiler-embeddable\1.7.20\8db18559a581dd2c36ddfd5046af145650f5b126\kotlin-compiler-embeddable-1.7.20.jar;C:\Users\Administrator\.gradle\caches\modules-2\files-2.1\org.jetbrains.kotlin\kotlin-reflect\1.7.20\12b2501e33bb6373e8e347c86d85481863629381\kotlin-reflect-1.7.20.jar;C:\Users\Administrator\.gradle\caches\modules-2\files-2.1\org.jetbrains.kotlin\kotlin-stdlib\1.7.20\726594ea9ba2beb2ee113647fefa9a10f9fabe52\kotlin-stdlib-1.7.20.jar;C:\Users\Administrator\.gradle\caches\modules-2\files-2.1\org.jetbrains.kotlin\kotlin-script-runtime\1.7.20\bcd1cc6f865e632550357fcc59f5ffd532615a8\kotlin-script-runtime-1.7.20.jar;C:\Users\Administrator\.gradle\caches\modules-2\files-2.1\org.jetbrains.kotlin\kotlin-daemon-embeddable\1.7.20\1e24355adad8d529d75d5b19eab55484057431ba\kotlin-daemon-embeddable-1.7.20.jar;C:\Users\Administrator\.gradle\caches\modules-2\files-2.1\org.jetbrains.intellij.deps\trove4j\1.0.20200330\3afb14d5f9ceb459d724e907a21145e8ff394f02\trove4j-1.0.20200330.jar;C:\Users\Administrator\.gradle\caches\modules-2\files-2.1\net.java.dev.jna\jna\5.6.0\330f2244e9030119ab3030fc3fededc86713d9cc\jna-5.6.0.jar;C:\Users\Administrator\.gradle\caches\modules-2\files-2.1\org.jetbrains.kotlin\kotlin-stdlib-common\1.7.20\e15351bdaf9fa06f009be5da7a202e4184f00ae3\kotlin-stdlib-common-1.7.20.jar;C:\Users\Administrator\.gradle\caches\modules-2\files-2.1\org.jetbrains\annotations\13.0\919f0dfe192fb4e063e7dacadee7f8bb9a2672a9\annotations-13.0.jar
Launcher Type: SUN_STANDARD

[Global flags]
     intx CICompilerCount                          = 3                                         {product} {ergonomic}
     uint ConcGCThreads                            = 1                                         {product} {ergonomic}
     uint G1ConcRefinementThreads                  = 4                                         {product} {ergonomic}
   size_t G1HeapRegionSize                         = 1048576                                   {product} {ergonomic}
    uintx GCDrainStackTargetSize                   = 64                                        {product} {ergonomic}
   size_t InitialHeapSize                          = 134217728                                 {product} {ergonomic}
   size_t MarkStackSize                            = 4194304                                   {product} {ergonomic}
   size_t MaxHeapSize                              = 2118123520                                {product} {ergonomic}
   size_t MaxNewSize                               = 1270874112                                {product} {ergonomic}
   size_t MinHeapDeltaBytes                        = 1048576                                   {product} {ergonomic}
   size_t MinHeapSize                              = 8388608                                   {product} {ergonomic}
    uintx NonNMethodCodeHeapSize                   = 5832780                                {pd product} {ergonomic}
    uintx NonProfiledCodeHeapSize                  = 122912730                              {pd product} {ergonomic}
    uintx ProfiledCodeHeapSize                     = 122912730                              {pd product} {ergonomic}
    uintx ReservedCodeCacheSize                    = 251658240                              {pd product} {ergonomic}
     bool SegmentedCodeCache                       = true                                      {product} {ergonomic}
   size_t SoftMaxHeapSize                          = 2118123520                             {manageable} {ergonomic}
     bool UseCompressedClassPointers               = true                           {product lp64_product} {ergonomic}
     bool UseCompressedOops                        = true                           {product lp64_product} {ergonomic}
     bool UseG1GC                                  = true                                      {product} {ergonomic}
     bool UseLargePagesIndividualAllocation        = false                                  {pd product} {ergonomic}

Logging:
Log output configuration:
 #0: stdout all=warning uptime,level,tags foldmultilines=false
 #1: stderr all=off uptime,level,tags foldmultilines=false

Environment Variables:
PATH=C:\Program Files (x86)\Common Files\Oracle\Java\javapath;C:\Windows\system32;C:\Windows;C:\Windows\System32\Wbem;C:\Windows\System32\WindowsPowerShell\v1.0\;C:\Windows\System32\OpenSSH\;C:\Program Files\Git\cmd;C:\xampp\php;C:\ProgramData\ComposerSetup\bin;C:\Program Files (x86)\NVIDIA Corporation\PhysX\Common;C:\Program Files\NVIDIA Corporation\NVIDIA NvDLISR;C:\Program Files\nodejs\;C:\Program Files\dotnet\;C:\Users\Administrator\AppData\Local\Microsoft\WindowsApps;C:\Users\Administrator\AppData\Local\Programs\Microsoft VS Code\bin;C:\Users\Administrator\AppData\Roaming\Composer\vendor\bin;D:\xampp\php\php.exe;C:\Users\Administrator\AppData\Roaming\npm;C:\Program Files\Java\jdk-19.0.1\bin;
USERNAME=Administrator
OS=Windows_NT
PROCESSOR_IDENTIFIER=Intel64 Family 6 Model 142 Stepping 9, GenuineIntel
TMP=C:\Users\ADMINI~1\AppData\Local\Temp
TEMP=C:\Users\ADMINI~1\AppData\Local\Temp



---------------  S Y S T E M  ---------------

OS:
 Windows 11 , 64 bit Build 22000 (10.0.22000.1335)
OS uptime: 2 days 2:37 hours

CPU: total 4 (initial active 4) (2 cores per cpu, 2 threads per core) family 6 model 142 stepping 9 microcode 0xde, cx8, cmov, fxsr, ht, mmx, 3dnowpref, sse, sse2, sse3, ssse3, sse4.1, sse4.2, popcnt, lzcnt, tsc, tscinvbit, avx, avx2, aes, erms, clmul, bmi1, bmi2, adx, fma, vzeroupper, clflush, clflushopt, rdtscp

Memory: 4k page, system-wide physical 8073M (641M free)
TotalPageFile size 8073M (AvailPageFile size 23M)
current process WorkingSet (physical memory assigned to process): 257M, peak: 258M
current process commit charge ("private bytes"): 322M, peak: 387M

vm_info: Java HotSpot(TM) 64-Bit Server VM (19.0.1+10-21) for windows-amd64 JRE (19.0.1+10-21), built on 2022-09-14T12:45:06Z by "mach5one" with MS VC++ 17.1 (VS2022)

END.
