#
# There is insufficient memory for the Java Runtime Environment to continue.
# Native memory allocation (mmap) failed to map 238026752 bytes for Failed to commit area from 0x0000000094100000 to 0x00000000a2400000 of length 238026752.
# Possible reasons:
#   The system is out of physical RAM or swap space
#   The process is running with CompressedOops enabled, and the Java Heap may be blocking the growth of the native heap
# Possible solutions:
#   Reduce memory load on the system
#   Increase physical memory or swap space
#   Check if swap backing store is full
#   Decrease Java heap size (-Xmx/-Xms)
#   Decrease number of Java threads
#   Decrease Java thread stack sizes (-Xss)
#   Set larger code cache with -XX:ReservedCodeCacheSize=
#   JVM is running with Unscaled Compressed Oops mode in which the Java heap is
#     placed in the first 4GB address space. The Java Heap base address is the
#     maximum limit for the native heap growth. Please use -XX:HeapBaseMinAddress
#     to set the Java Heap base and to place the Java Heap above 4GB virtual address.
# This output file may be truncated or incomplete.
#
#  Out of Memory Error (./src/hotspot/os/windows/os_windows.cpp:3619), pid=1740, tid=13012
#
# JRE version: OpenJDK Runtime Environment (11.0.13) (build 11.0.13+0-b1751.21-8125866)
# Java VM: OpenJDK 64-Bit Server VM (11.0.13+0-b1751.21-8125866, mixed mode, tiered, compressed oops, g1 gc, windows-amd64)
# No core dump will be written. Minidumps are not enabled by default on client versions of Windows
#

---------------  S U M M A R Y ------------

Command Line: --add-opens=java.base/java.util=ALL-UNNAMED --add-opens=java.base/java.lang=ALL-UNNAMED --add-opens=java.base/java.lang.invoke=ALL-UNNAMED --add-opens=java.base/java.util=ALL-UNNAMED --add-opens=java.prefs/java.util.prefs=ALL-UNNAMED --add-opens=java.prefs/java.util.prefs=ALL-UNNAMED --add-opens=java.base/java.nio.charset=ALL-UNNAMED --add-opens=java.base/java.net=ALL-UNNAMED --add-opens=java.base/java.util.concurrent.atomic=ALL-UNNAMED -Xmx2048m -Dfile.encoding=UTF-8 -Duser.country=US -Duser.language=en -Duser.variant org.gradle.launcher.daemon.bootstrap.GradleDaemon 7.4

Host: Intel(R) Core(TM) i3-7020U CPU @ 2.30GHz, 4 cores, 7G,  Windows 11 , 64 bit Build 22000 (10.0.22000.1335)
Time: Sat Jan  7 23:32:49 2023 SE Asia Standard Time elapsed time: 88.092171 seconds (0d 0h 1m 28s)

---------------  T H R E A D  ---------------

Current thread (0x000002027ab1c000):  VMThread "VM Thread" [stack: 0x000000b2b5400000,0x000000b2b5500000] [id=13012]

Stack: [0x000000b2b5400000,0x000000b2b5500000]
[error occurred during error reporting (printing stack bounds), id 0xc0000005, EXCEPTION_ACCESS_VIOLATION (0xc0000005) at pc=0x00000202642b112d]

Native frames: (J=compiled Java code, j=interpreted, Vv=VM code, C=native code)
V  [jvm.dll+0x6100fa]
V  [jvm.dll+0x747090]
V  [jvm.dll+0x7486ad]
V  [jvm.dll+0x748ce5]
V  [jvm.dll+0x748c9b]
V  [jvm.dll+0x60f224]
V  [jvm.dll+0x60f9b8]
C  [ntdll.dll+0xa8b1f]
C  [ntdll.dll+0x35b9a]
C  [ntdll.dll+0xa7b2e]
C  0x00000202642b112d

VM_Operation (0x000000b2bb4fe980): G1CollectForAllocation, mode: safepoint, requested by thread 0x0000020207db5000


---------------  P R O C E S S  ---------------

Threads class SMR info:
_java_thread_list=0x0000020202a33aa0, length=95, elements={
0x000002025ef7d800, 0x000002027ab21800, 0x000002027ab22800, 0x000002027b4b2800,
0x000002027ab42000, 0x000002027ab43000, 0x000002027ab47000, 0x000002027ab48000,
0x000002027b4f7000, 0x000002027b5e3000, 0x000002027dd5d800, 0x000002027e79f800,
0x000002027b8bb800, 0x000002027c855800, 0x000002027cda0800, 0x000002027ba7e000,
0x000002027ba7f000, 0x000002027ba7d000, 0x000002027ba7c800, 0x000002027ba7f800,
0x000002027ba80800, 0x000002027ba81800, 0x000002027ba7b800, 0x000002027ba82000,
0x000002027dd96000, 0x000002027dd96800, 0x000002027f1d7800, 0x000002020121a000,
0x0000020201218800, 0x000002027f1d1000, 0x000002027f1d0000, 0x000002027f1d2000,
0x000002027f1ce000, 0x000002027f1ce800, 0x000002027f1cd000, 0x000002027f1d4800,
0x000002027f1d2800, 0x000002027f1d5000, 0x000002027f1d3800, 0x000002027f1cf800,
0x000002027f1db000, 0x000002027f1d7000, 0x000002027f1da000, 0x000002027f1d9000,
0x000002027f1db800, 0x000002027f1d6000, 0x000002027dd94000, 0x000002027dd93800,
0x000002027dd97800, 0x000002027dd92000, 0x000002027dd95000, 0x000002027dd92800,
0x000002027dd9d000, 0x000002027dd9a800, 0x000002027dd9e000, 0x000002027dd9b800,
0x000002027dd9a000, 0x000002027dd9c800, 0x000002027dd9f000, 0x000002027dd99000,
0x000002027dd9f800, 0x000002027dda0800, 0x0000020201215800, 0x0000020201217800,
0x0000020201219800, 0x000002020121b000, 0x000002020121c000, 0x0000020201216000,
0x0000020201220000, 0x000002020121e800, 0x0000020201221800, 0x0000020201220800,
0x0000020201222800, 0x000002020121f000, 0x000002020121c800, 0x0000020201223000,
0x000002020121d800, 0x0000020201224000, 0x000002027f2dc000, 0x000002027f2df000,
0x000002027f2e0000, 0x000002027f2e2800, 0x000002027f2dc800, 0x000002027f2de000,
0x000002027f2e0800, 0x000002027f2e1800, 0x0000020207dad800, 0x0000020207dad000,
0x0000020207dac000, 0x0000020207dae800, 0x0000020200f8b800, 0x0000020207dab800,
0x0000020207db5000, 0x0000020207db2800, 0x0000020207db3800
}

Java Threads: ( => current thread )
  0x000002025ef7d800 JavaThread "main" [_thread_blocked, id=1060, stack(0x000000b2b4e00000,0x000000b2b4f00000)]
  0x000002027ab21800 JavaThread "Reference Handler" daemon [_thread_blocked, id=6584, stack(0x000000b2b5500000,0x000000b2b5600000)]
  0x000002027ab22800 JavaThread "Finalizer" daemon [_thread_blocked, id=13668, stack(0x000000b2b5600000,0x000000b2b5700000)]
  0x000002027b4b2800 JavaThread "Signal Dispatcher" daemon [_thread_blocked, id=14096, stack(0x000000b2b5700000,0x000000b2b5800000)]
  0x000002027ab42000 JavaThread "Attach Listener" daemon [_thread_blocked, id=8928, stack(0x000000b2b5800000,0x000000b2b5900000)]
  0x000002027ab43000 JavaThread "Service Thread" daemon [_thread_blocked, id=9784, stack(0x000000b2b5900000,0x000000b2b5a00000)]
  0x000002027ab47000 JavaThread "C2 CompilerThread0" daemon [_thread_blocked, id=11768, stack(0x000000b2b5a00000,0x000000b2b5b00000)]
  0x000002027ab48000 JavaThread "C1 CompilerThread0" daemon [_thread_blocked, id=9180, stack(0x000000b2b5b00000,0x000000b2b5c00000)]
  0x000002027b4f7000 JavaThread "Sweeper thread" daemon [_thread_blocked, id=11136, stack(0x000000b2b5c00000,0x000000b2b5d00000)]
  0x000002027b5e3000 JavaThread "Common-Cleaner" daemon [_thread_blocked, id=4652, stack(0x000000b2b5d00000,0x000000b2b5e00000)]
  0x000002027dd5d800 JavaThread "Daemon health stats" [_thread_blocked, id=15332, stack(0x000000b2b6200000,0x000000b2b6300000)]
  0x000002027e79f800 JavaThread "Incoming local TCP Connector on port 3005" [_thread_in_native, id=11120, stack(0x000000b2b5f00000,0x000000b2b6000000)]
  0x000002027b8bb800 JavaThread "Daemon periodic checks" [_thread_blocked, id=12820, stack(0x000000b2b6500000,0x000000b2b6600000)]
  0x000002027c855800 JavaThread "Daemon" [_thread_blocked, id=9528, stack(0x000000b2b6600000,0x000000b2b6700000)]
  0x000002027cda0800 JavaThread "Daemon worker" [_thread_blocked, id=12740, stack(0x000000b2b6900000,0x000000b2b6a00000)]
  0x000002027ba7e000 JavaThread "Cache worker for journal cache (C:\Users\Administrator\.gradle\caches\journal-1)" [_thread_blocked, id=13628, stack(0x000000b2b6a00000,0x000000b2b6b00000)]
  0x000002027ba7f000 JavaThread "File lock request listener" [_thread_in_native, id=8900, stack(0x000000b2b6e00000,0x000000b2b6f00000)]
  0x000002027ba7d000 JavaThread "Cache worker for file hash cache (C:\Users\Administrator\.gradle\caches\7.4\fileHashes)" [_thread_blocked, id=10124, stack(0x000000b2b6f00000,0x000000b2b7000000)]
  0x000002027ba7c800 JavaThread "File watcher server" daemon [_thread_blocked, id=9192, stack(0x000000b2b7100000,0x000000b2b7200000)]
  0x000002027ba7f800 JavaThread "File watcher consumer" daemon [_thread_blocked, id=11312, stack(0x000000b2b7200000,0x000000b2b7300000)]
  0x000002027ba80800 JavaThread "jar transforms" [_thread_blocked, id=13600, stack(0x000000b2b7300000,0x000000b2b7400000)]
  0x000002027ba81800 JavaThread "jar transforms Thread 2" [_thread_blocked, id=2496, stack(0x000000b2b7400000,0x000000b2b7500000)]
  0x000002027ba7b800 JavaThread "jar transforms Thread 3" [_thread_blocked, id=13608, stack(0x000000b2b7500000,0x000000b2b7600000)]
  0x000002027ba82000 JavaThread "jar transforms Thread 4" [_thread_blocked, id=2704, stack(0x000000b2b7600000,0x000000b2b7700000)]
  0x000002027dd96000 JavaThread "Cache worker for execution history cache (C:\Users\Administrator\.gradle\caches\7.4\executionHistory)" [_thread_blocked, id=8048, stack(0x000000b2b7b00000,0x000000b2b7c00000)]
  0x000002027dd96800 JavaThread "Cache worker for file content cache (C:\Users\Administrator\.gradle\caches\7.4\fileContent)" [_thread_blocked, id=1284, stack(0x000000b2b7c00000,0x000000b2b7d00000)]
  0x000002027f1d7800 JavaThread "Memory manager" [_thread_blocked, id=6200, stack(0x000000b2ba700000,0x000000b2ba800000)]
  0x000002020121a000 JavaThread "Daemon Thread 2" [_thread_blocked, id=516, stack(0x000000b2ba500000,0x000000b2ba600000)]
  0x0000020201218800 JavaThread "included builds" [_thread_blocked, id=12692, stack(0x000000b2ba600000,0x000000b2ba700000)]
  0x000002027f1d1000 JavaThread "Handler for socket connection from /127.0.0.1:3005 to /127.0.0.1:3340" [_thread_in_native, id=2656, stack(0x000000b2b4b00000,0x000000b2b4c00000)]
  0x000002027f1d0000 JavaThread "Cancel handler" [_thread_blocked, id=6936, stack(0x000000b2b4c00000,0x000000b2b4d00000)]
  0x000002027f1d2000 JavaThread "Asynchronous log dispatcher for DefaultDaemonConnection: socket connection from /127.0.0.1:3005 to /127.0.0.1:3340" [_thread_blocked, id=9568, stack(0x000000b2b4d00000,0x000000b2b4e00000)]
  0x000002027f1ce000 JavaThread "Stdin handler" [_thread_blocked, id=11036, stack(0x000000b2b6700000,0x000000b2b6800000)]
  0x000002027f1ce800 JavaThread "Daemon client event forwarder" [_thread_blocked, id=2360, stack(0x000000b2b6800000,0x000000b2b6900000)]
  0x000002027f1cd000 JavaThread "Cache worker for checksums cache (D:\SETIK\findbarber\.gradle\7.4\checksums)" [_thread_blocked, id=1280, stack(0x000000b2b6c00000,0x000000b2b6d00000)]
  0x000002027f1d4800 JavaThread "Cache worker for cache directory md-rule (C:\Users\Administrator\.gradle\caches\7.4\md-rule)" [_thread_blocked, id=14484, stack(0x000000b2b6d00000,0x000000b2b6e00000)]
  0x000002027f1d2800 JavaThread "Cache worker for file hash cache (D:\SETIK\findbarber\.gradle\7.4\fileHashes)" [_thread_blocked, id=7140, stack(0x000000b2b7700000,0x000000b2b7800000)]
  0x000002027f1d5000 JavaThread "Cache worker for cache directory md-supplier (C:\Users\Administrator\.gradle\caches\7.4\md-supplier)" [_thread_blocked, id=6964, stack(0x000000b2b7800000,0x000000b2b7900000)]
  0x000002027f1d3800 JavaThread "Cache worker for dependencies-accessors (D:\SETIK\findbarber\.gradle\7.4\dependencies-accessors)" [_thread_blocked, id=9204, stack(0x000000b2b7900000,0x000000b2b7a00000)]
  0x000002027f1cf800 JavaThread "Cache worker for Build Output Cleanup Cache (D:\SETIK\findbarber\.gradle\buildOutputCleanup)" [_thread_blocked, id=4704, stack(0x000000b2b7a00000,0x000000b2b7b00000)]
  0x000002027f1db000 JavaThread "Unconstrained build operations" [_thread_blocked, id=1264, stack(0x000000b2b7d00000,0x000000b2b7e00000)]
  0x000002027f1d7000 JavaThread "Unconstrained build operations Thread 2" [_thread_blocked, id=9332, stack(0x000000b2b7e00000,0x000000b2b7f00000)]
  0x000002027f1da000 JavaThread "Unconstrained build operations Thread 3" [_thread_blocked, id=12604, stack(0x000000b2b7f00000,0x000000b2b8000000)]
  0x000002027f1d9000 JavaThread "Unconstrained build operations Thread 4" [_thread_blocked, id=10028, stack(0x000000b2b8000000,0x000000b2b8100000)]
  0x000002027f1db800 JavaThread "Unconstrained build operations Thread 5" [_thread_blocked, id=7332, stack(0x000000b2b8100000,0x000000b2b8200000)]
  0x000002027f1d6000 JavaThread "Unconstrained build operations Thread 6" [_thread_blocked, id=11356, stack(0x000000b2b8200000,0x000000b2b8300000)]
  0x000002027dd94000 JavaThread "Unconstrained build operations Thread 7" [_thread_blocked, id=7468, stack(0x000000b2b8300000,0x000000b2b8400000)]
  0x000002027dd93800 JavaThread "Unconstrained build operations Thread 8" [_thread_blocked, id=10376, stack(0x000000b2b8400000,0x000000b2b8500000)]
  0x000002027dd97800 JavaThread "Unconstrained build operations Thread 9" [_thread_blocked, id=2988, stack(0x000000b2b8500000,0x000000b2b8600000)]
  0x000002027dd92000 JavaThread "Unconstrained build operations Thread 10" [_thread_blocked, id=2596, stack(0x000000b2b8600000,0x000000b2b8700000)]
  0x000002027dd95000 JavaThread "Unconstrained build operations Thread 11" [_thread_blocked, id=8308, stack(0x000000b2b8700000,0x000000b2b8800000)]
  0x000002027dd92800 JavaThread "Unconstrained build operations Thread 12" [_thread_blocked, id=4796, stack(0x000000b2b8800000,0x000000b2b8900000)]
  0x000002027dd9d000 JavaThread "Unconstrained build operations Thread 13" [_thread_blocked, id=1776, stack(0x000000b2b8900000,0x000000b2b8a00000)]
  0x000002027dd9a800 JavaThread "Unconstrained build operations Thread 14" [_thread_blocked, id=12464, stack(0x000000b2b8a00000,0x000000b2b8b00000)]
  0x000002027dd9e000 JavaThread "Unconstrained build operations Thread 15" [_thread_blocked, id=5048, stack(0x000000b2b8b00000,0x000000b2b8c00000)]
  0x000002027dd9b800 JavaThread "Unconstrained build operations Thread 16" [_thread_blocked, id=6848, stack(0x000000b2b8c00000,0x000000b2b8d00000)]
  0x000002027dd9a000 JavaThread "Unconstrained build operations Thread 17" [_thread_blocked, id=11560, stack(0x000000b2b8d00000,0x000000b2b8e00000)]
  0x000002027dd9c800 JavaThread "Unconstrained build operations Thread 18" [_thread_blocked, id=11692, stack(0x000000b2b8e00000,0x000000b2b8f00000)]
  0x000002027dd9f000 JavaThread "Unconstrained build operations Thread 19" [_thread_blocked, id=15296, stack(0x000000b2b8f00000,0x000000b2b9000000)]
  0x000002027dd99000 JavaThread "Unconstrained build operations Thread 20" [_thread_blocked, id=7476, stack(0x000000b2b9000000,0x000000b2b9100000)]
  0x000002027dd9f800 JavaThread "Unconstrained build operations Thread 21" [_thread_blocked, id=8044, stack(0x000000b2b9100000,0x000000b2b9200000)]
  0x000002027dda0800 JavaThread "Unconstrained build operations Thread 22" [_thread_blocked, id=12936, stack(0x000000b2b9200000,0x000000b2b9300000)]
  0x0000020201215800 JavaThread "Unconstrained build operations Thread 23" [_thread_blocked, id=3068, stack(0x000000b2b9300000,0x000000b2b9400000)]
  0x0000020201217800 JavaThread "Unconstrained build operations Thread 24" [_thread_blocked, id=3960, stack(0x000000b2b9400000,0x000000b2b9500000)]
  0x0000020201219800 JavaThread "Unconstrained build operations Thread 25" [_thread_blocked, id=2944, stack(0x000000b2b9500000,0x000000b2b9600000)]
  0x000002020121b000 JavaThread "Unconstrained build operations Thread 26" [_thread_blocked, id=14688, stack(0x000000b2b9600000,0x000000b2b9700000)]
  0x000002020121c000 JavaThread "Unconstrained build operations Thread 27" [_thread_blocked, id=11244, stack(0x000000b2b9700000,0x000000b2b9800000)]
  0x0000020201216000 JavaThread "Unconstrained build operations Thread 28" [_thread_blocked, id=14240, stack(0x000000b2b9800000,0x000000b2b9900000)]
  0x0000020201220000 JavaThread "Unconstrained build operations Thread 29" [_thread_blocked, id=5880, stack(0x000000b2b9900000,0x000000b2b9a00000)]
  0x000002020121e800 JavaThread "Unconstrained build operations Thread 30" [_thread_blocked, id=2824, stack(0x000000b2b9a00000,0x000000b2b9b00000)]
  0x0000020201221800 JavaThread "Unconstrained build operations Thread 31" [_thread_blocked, id=13772, stack(0x000000b2b9b00000,0x000000b2b9c00000)]
  0x0000020201220800 JavaThread "Unconstrained build operations Thread 32" [_thread_blocked, id=13256, stack(0x000000b2b9c00000,0x000000b2b9d00000)]
  0x0000020201222800 JavaThread "Unconstrained build operations Thread 33" [_thread_blocked, id=15084, stack(0x000000b2b9d00000,0x000000b2b9e00000)]
  0x000002020121f000 JavaThread "Unconstrained build operations Thread 34" [_thread_blocked, id=4936, stack(0x000000b2b9e00000,0x000000b2b9f00000)]
  0x000002020121c800 JavaThread "Unconstrained build operations Thread 35" [_thread_blocked, id=8480, stack(0x000000b2b9f00000,0x000000b2ba000000)]
  0x0000020201223000 JavaThread "Unconstrained build operations Thread 36" [_thread_blocked, id=9512, stack(0x000000b2ba000000,0x000000b2ba100000)]
  0x000002020121d800 JavaThread "Unconstrained build operations Thread 37" [_thread_blocked, id=10656, stack(0x000000b2ba100000,0x000000b2ba200000)]
  0x0000020201224000 JavaThread "Unconstrained build operations Thread 38" [_thread_blocked, id=7036, stack(0x000000b2ba200000,0x000000b2ba300000)]
  0x000002027f2dc000 JavaThread "Unconstrained build operations Thread 39" [_thread_blocked, id=8604, stack(0x000000b2ba300000,0x000000b2ba400000)]
  0x000002027f2df000 JavaThread "Unconstrained build operations Thread 40" [_thread_blocked, id=3116, stack(0x000000b2ba400000,0x000000b2ba500000)]
  0x000002027f2e0000 JavaThread "build event listener" [_thread_blocked, id=7980, stack(0x000000b2ba800000,0x000000b2ba900000)]
  0x000002027f2e2800 JavaThread "included builds" [_thread_blocked, id=2060, stack(0x000000b2bab00000,0x000000b2bac00000)]
  0x000002027f2dc800 JavaThread "Execution worker for ':'" [_thread_blocked, id=13804, stack(0x000000b2bac00000,0x000000b2bad00000)]
  0x000002027f2de000 JavaThread "Execution worker for ':' Thread 2" [_thread_blocked, id=7856, stack(0x000000b2bad00000,0x000000b2bae00000)]
  0x000002027f2e0800 JavaThread "Execution worker for ':' Thread 3" [_thread_blocked, id=7400, stack(0x000000b2bae00000,0x000000b2baf00000)]
  0x000002027f2e1800 JavaThread "Cache worker for execution history cache (D:\SETIK\findbarber\.gradle\7.4\executionHistory)" [_thread_blocked, id=14880, stack(0x000000b2baf00000,0x000000b2bb000000)]
  0x0000020207dad800 JavaThread "WorkerExecutor Queue" [_thread_in_native, id=15244, stack(0x000000b2bb000000,0x000000b2bb100000)]
  0x0000020207dad000 JavaThread "WorkerExecutor Queue Thread 2" [_thread_blocked, id=6168, stack(0x000000b2bb100000,0x000000b2bb200000)]
  0x0000020207dac000 JavaThread "WorkerExecutor Queue Thread 3" [_thread_blocked, id=13524, stack(0x000000b2bb200000,0x000000b2bb300000)]
  0x0000020207dae800 JavaThread "WorkerExecutor Queue Thread 4" [_thread_blocked, id=8956, stack(0x000000b2bb300000,0x000000b2bb400000)]
  0x0000020200f8b800 JavaThread "C2 CompilerThread1" daemon [_thread_in_native, id=13724, stack(0x000000b2b6b00000,0x000000b2b6c00000)]
  0x0000020207dab800 JavaThread "ForkJoinPool-1-worker-3" daemon [_thread_blocked, id=10368, stack(0x000000b2b7000000,0x000000b2b7100000)]
  0x0000020207db5000 JavaThread "ForkJoinPool-1-worker-5" daemon [_thread_blocked, id=2888, stack(0x000000b2bb400000,0x000000b2bb500000)]
  0x0000020207db2800 JavaThread "ForkJoinPool-1-worker-7" daemon [_thread_blocked, id=11376, stack(0x000000b2bb500000,0x000000b2bb600000)]
  0x0000020207db3800 JavaThread "ForkJoinPool-1-worker-1" daemon [_thread_blocked, id=4016, stack(0x000000b2bb600000,0x000000b2bb700000)]

Other Threads:
=>0x000002027ab1c000 VMThread "VM Thread" [stack: 0x000000b2b5400000,0x000000b2b5500000] [id=13012]
  0x000002027b614000 WatcherThread [stack: 0x000000b2b5e00000,0x000000b2b5f00000] [id=14380]
  0x000002025ef96800 GCTaskThread "GC Thread#0" [stack: 0x000000b2b4f00000,0x000000b2b5000000] [id=11640]
  0x000002027b9dc800 GCTaskThread "GC Thread#1" [stack: 0x000000b2b6000000,0x000000b2b6100000] [id=10212]
  0x000002027b9dd000 GCTaskThread "GC Thread#2" [stack: 0x000000b2b6100000,0x000000b2b6200000] [id=12308]
  0x000002027daf0800 GCTaskThread "GC Thread#3" [stack: 0x000000b2b6300000,0x000000b2b6400000] [id=10620]
  0x000002025efc9000 ConcurrentGCThread "G1 Main Marker" [stack: 0x000000b2b5000000,0x000000b2b5100000] [id=6128]
  0x000002025efcb000 ConcurrentGCThread "G1 Conc#0" [stack: 0x000000b2b5100000,0x000000b2b5200000] [id=10760]
  0x000002025f05a800 ConcurrentGCThread "G1 Refine#0" [stack: 0x000000b2b5200000,0x000000b2b5300000] [id=12760]
  0x000002027cf7d000 ConcurrentGCThread "G1 Refine#1" [stack: 0x000000b2b6400000,0x000000b2b6500000] [id=9824]
  0x000002025f05d800 ConcurrentGCThread "G1 Young RemSet Sampling" [stack: 0x000000b2b5300000,0x000000b2b5400000] [id=3560]

Threads with active compile tasks:
C2 CompilerThread0  88122 17203       4       com.android.tools.r8.internal.Gi::d (61 bytes)
C2 CompilerThread1  88123 17201       4       com.android.tools.r8.code.y1::a (4129 bytes)

VM state:at safepoint (normal execution)

VM Mutex/Monitor currently owned by a thread:  ([mutex/lock_event])
[0x000002025ef7b4d0] Threads_lock - owner thread: 0x000002027ab1c000
[0x000002025ef79af0] Heap_lock - owner thread: 0x0000020207db5000

Heap address: 0x0000000080000000, size: 2048 MB, Compressed Oops mode: 32-bit
Narrow klass base: 0x0000000000000000, Narrow klass shift: 3
Compressed class space size: 1073741824 Address: 0x0000000100000000

Heap:
 garbage-first heap   total 561152K, used 284031K [0x0000000080000000, 0x0000000100000000)
  region size 1024K, 2 young (2048K), 2 survivors (2048K)
 Metaspace       used 123069K, capacity 126688K, committed 126876K, reserved 1159168K
  class space    used 15771K, capacity 17056K, committed 17152K, reserved 1048576K
Heap Regions: E=young(eden), S=young(survivor), O=old, HS=humongous(starts), HC=humongous(continues), CS=collection set, F=free, A=archive, TAMS=top-at-mark-start (previous, next)
|   0|0x0000000080000000, 0x0000000080100000, 0x0000000080100000|100%|HS|  |TAMS 0x0000000080100000, 0x0000000080100000| Complete 
|   1|0x0000000080100000, 0x0000000080200000, 0x0000000080200000|100%|HC|  |TAMS 0x0000000080200000, 0x0000000080200000| Complete 
|   2|0x0000000080200000, 0x0000000080300000, 0x0000000080300000|100%|HC|  |TAMS 0x0000000080300000, 0x0000000080300000| Complete 
|   3|0x0000000080300000, 0x0000000080400000, 0x0000000080400000|100%| O|  |TAMS 0x0000000080400000, 0x0000000080400000| Untracked 
|   4|0x0000000080400000, 0x0000000080500000, 0x0000000080500000|100%| O|  |TAMS 0x0000000080500000, 0x0000000080500000| Untracked 
|   5|0x0000000080500000, 0x0000000080600000, 0x0000000080600000|100%| O|  |TAMS 0x0000000080600000, 0x0000000080600000| Untracked 
|   6|0x0000000080600000, 0x0000000080700000, 0x0000000080700000|100%| O|  |TAMS 0x0000000080700000, 0x0000000080700000| Untracked 
|   7|0x0000000080700000, 0x0000000080800000, 0x0000000080800000|100%| O|  |TAMS 0x0000000080800000, 0x0000000080800000| Untracked 
|   8|0x0000000080800000, 0x0000000080900000, 0x0000000080900000|100%| O|  |TAMS 0x0000000080900000, 0x0000000080900000| Untracked 
|   9|0x0000000080900000, 0x0000000080a00000, 0x0000000080a00000|100%| O|  |TAMS 0x0000000080a00000, 0x0000000080a00000| Untracked 
|  10|0x0000000080a00000, 0x0000000080b00000, 0x0000000080b00000|100%| O|  |TAMS 0x0000000080b00000, 0x0000000080b00000| Untracked 
|  11|0x0000000080b00000, 0x0000000080c00000, 0x0000000080c00000|100%| O|  |TAMS 0x0000000080c00000, 0x0000000080c00000| Untracked 
|  12|0x0000000080c00000, 0x0000000080d00000, 0x0000000080d00000|100%| O|  |TAMS 0x0000000080d00000, 0x0000000080d00000| Untracked 
|  13|0x0000000080d00000, 0x0000000080e00000, 0x0000000080e00000|100%| O|  |TAMS 0x0000000080e00000, 0x0000000080e00000| Untracked 
|  14|0x0000000080e00000, 0x0000000080f00000, 0x0000000080f00000|100%| O|  |TAMS 0x0000000080f00000, 0x0000000080f00000| Untracked 
|  15|0x0000000080f00000, 0x0000000081000000, 0x0000000081000000|100%| O|  |TAMS 0x0000000081000000, 0x0000000081000000| Untracked 
|  16|0x0000000081000000, 0x0000000081100000, 0x0000000081100000|100%|HS|  |TAMS 0x0000000081100000, 0x0000000081100000| Complete 
|  17|0x0000000081100000, 0x0000000081200000, 0x0000000081200000|100%|HC|  |TAMS 0x0000000081200000, 0x0000000081200000| Complete 
|  18|0x0000000081200000, 0x0000000081300000, 0x0000000081300000|100%|HS|  |TAMS 0x0000000081300000, 0x0000000081300000| Complete 
|  19|0x0000000081300000, 0x0000000081400000, 0x0000000081400000|100%|HC|  |TAMS 0x0000000081400000, 0x0000000081400000| Complete 
|  20|0x0000000081400000, 0x0000000081500000, 0x0000000081500000|100%|HC|  |TAMS 0x0000000081500000, 0x0000000081500000| Complete 
|  21|0x0000000081500000, 0x0000000081600000, 0x0000000081600000|100%|HS|  |TAMS 0x0000000081600000, 0x0000000081600000| Complete 
|  22|0x0000000081600000, 0x0000000081700000, 0x0000000081700000|100%|HC|  |TAMS 0x0000000081700000, 0x0000000081700000| Complete 
|  23|0x0000000081700000, 0x0000000081800000, 0x0000000081800000|100%|HC|  |TAMS 0x0000000081800000, 0x0000000081800000| Complete 
|  24|0x0000000081800000, 0x0000000081900000, 0x0000000081900000|100%|HS|  |TAMS 0x0000000081900000, 0x0000000081900000| Complete 
|  25|0x0000000081900000, 0x0000000081a00000, 0x0000000081a00000|100%|HC|  |TAMS 0x0000000081a00000, 0x0000000081a00000| Complete 
|  26|0x0000000081a00000, 0x0000000081b00000, 0x0000000081b00000|100%|HC|  |TAMS 0x0000000081b00000, 0x0000000081b00000| Complete 
|  27|0x0000000081b00000, 0x0000000081c00000, 0x0000000081c00000|100%|HC|  |TAMS 0x0000000081c00000, 0x0000000081c00000| Complete 
|  28|0x0000000081c00000, 0x0000000081d00000, 0x0000000081d00000|100%|HS|  |TAMS 0x0000000081d00000, 0x0000000081d00000| Complete 
|  29|0x0000000081d00000, 0x0000000081e00000, 0x0000000081e00000|100%|HC|  |TAMS 0x0000000081e00000, 0x0000000081e00000| Complete 
|  30|0x0000000081e00000, 0x0000000081f00000, 0x0000000081f00000|100%|HC|  |TAMS 0x0000000081f00000, 0x0000000081f00000| Complete 
|  31|0x0000000081f00000, 0x0000000082000000, 0x0000000082000000|100%|HC|  |TAMS 0x0000000082000000, 0x0000000082000000| Complete 
|  32|0x0000000082000000, 0x0000000082100000, 0x0000000082100000|100%|HC|  |TAMS 0x0000000082100000, 0x0000000082100000| Complete 
|  33|0x0000000082100000, 0x0000000082200000, 0x0000000082200000|100%| O|  |TAMS 0x0000000082200000, 0x0000000082200000| Untracked 
|  34|0x0000000082200000, 0x0000000082300000, 0x0000000082300000|100%| O|  |TAMS 0x0000000082300000, 0x0000000082300000| Untracked 
|  35|0x0000000082300000, 0x0000000082400000, 0x0000000082400000|100%| O|  |TAMS 0x0000000082400000, 0x0000000082400000| Untracked 
|  36|0x0000000082400000, 0x0000000082500000, 0x0000000082500000|100%| O|  |TAMS 0x0000000082500000, 0x0000000082500000| Untracked 
|  37|0x0000000082500000, 0x0000000082600000, 0x0000000082600000|100%| O|  |TAMS 0x0000000082600000, 0x0000000082600000| Untracked 
|  38|0x0000000082600000, 0x0000000082700000, 0x0000000082700000|100%| O|  |TAMS 0x0000000082700000, 0x0000000082700000| Untracked 
|  39|0x0000000082700000, 0x0000000082800000, 0x0000000082800000|100%| O|  |TAMS 0x0000000082800000, 0x0000000082800000| Untracked 
|  40|0x0000000082800000, 0x0000000082900000, 0x0000000082900000|100%| O|  |TAMS 0x0000000082900000, 0x0000000082900000| Untracked 
|  41|0x0000000082900000, 0x0000000082a00000, 0x0000000082a00000|100%|HS|  |TAMS 0x0000000082a00000, 0x0000000082a00000| Complete 
|  42|0x0000000082a00000, 0x0000000082b00000, 0x0000000082b00000|100%|HC|  |TAMS 0x0000000082b00000, 0x0000000082b00000| Complete 
|  43|0x0000000082b00000, 0x0000000082c00000, 0x0000000082c00000|100%|HC|  |TAMS 0x0000000082c00000, 0x0000000082c00000| Complete 
|  44|0x0000000082c00000, 0x0000000082d00000, 0x0000000082d00000|100%|HC|  |TAMS 0x0000000082d00000, 0x0000000082d00000| Complete 
|  45|0x0000000082d00000, 0x0000000082e00000, 0x0000000082e00000|100%|HS|  |TAMS 0x0000000082e00000, 0x0000000082e00000| Complete 
|  46|0x0000000082e00000, 0x0000000082f00000, 0x0000000082f00000|100%|HC|  |TAMS 0x0000000082f00000, 0x0000000082f00000| Complete 
|  47|0x0000000082f00000, 0x0000000083000000, 0x0000000083000000|100%|HC|  |TAMS 0x0000000083000000, 0x0000000083000000| Complete 
|  48|0x0000000083000000, 0x0000000083100000, 0x0000000083100000|100%|HS|  |TAMS 0x0000000083100000, 0x0000000083100000| Complete 
|  49|0x0000000083100000, 0x0000000083200000, 0x0000000083200000|100%|HC|  |TAMS 0x0000000083200000, 0x0000000083200000| Complete 
|  50|0x0000000083200000, 0x0000000083300000, 0x0000000083300000|100%|HS|  |TAMS 0x0000000083300000, 0x0000000083300000| Complete 
|  51|0x0000000083300000, 0x0000000083400000, 0x0000000083400000|100%|HC|  |TAMS 0x0000000083400000, 0x0000000083400000| Complete 
|  52|0x0000000083400000, 0x0000000083500000, 0x0000000083500000|100%|HC|  |TAMS 0x0000000083500000, 0x0000000083500000| Complete 
|  53|0x0000000083500000, 0x0000000083600000, 0x0000000083600000|100%| O|  |TAMS 0x0000000083600000, 0x0000000083600000| Untracked 
|  54|0x0000000083600000, 0x0000000083700000, 0x0000000083700000|100%| O|  |TAMS 0x0000000083700000, 0x0000000083700000| Untracked 
|  55|0x0000000083700000, 0x0000000083800000, 0x0000000083800000|100%| O|  |TAMS 0x0000000083800000, 0x0000000083800000| Untracked 
|  56|0x0000000083800000, 0x0000000083900000, 0x0000000083900000|100%| O|  |TAMS 0x0000000083900000, 0x0000000083900000| Untracked 
|  57|0x0000000083900000, 0x0000000083a00000, 0x0000000083a00000|100%| O|  |TAMS 0x0000000083a00000, 0x0000000083a00000| Untracked 
|  58|0x0000000083a00000, 0x0000000083b00000, 0x0000000083b00000|100%| O|  |TAMS 0x0000000083b00000, 0x0000000083b00000| Untracked 
|  59|0x0000000083b00000, 0x0000000083c00000, 0x0000000083c00000|100%| O|  |TAMS 0x0000000083c00000, 0x0000000083c00000| Untracked 
|  60|0x0000000083c00000, 0x0000000083d00000, 0x0000000083d00000|100%| O|  |TAMS 0x0000000083d00000, 0x0000000083d00000| Untracked 
|  61|0x0000000083d00000, 0x0000000083e00000, 0x0000000083e00000|100%| O|  |TAMS 0x0000000083e00000, 0x0000000083e00000| Untracked 
|  62|0x0000000083e00000, 0x0000000083f00000, 0x0000000083f00000|100%| O|  |TAMS 0x0000000083f00000, 0x0000000083f00000| Untracked 
|  63|0x0000000083f00000, 0x0000000084000000, 0x0000000084000000|100%|HS|  |TAMS 0x0000000084000000, 0x0000000084000000| Complete 
|  64|0x0000000084000000, 0x0000000084100000, 0x0000000084100000|100%|HC|  |TAMS 0x0000000084100000, 0x0000000084100000| Complete 
|  65|0x0000000084100000, 0x0000000084200000, 0x0000000084200000|100%|HC|  |TAMS 0x0000000084200000, 0x0000000084200000| Complete 
|  66|0x0000000084200000, 0x0000000084300000, 0x0000000084300000|100%|HC|  |TAMS 0x0000000084300000, 0x0000000084300000| Complete 
|  67|0x0000000084300000, 0x0000000084400000, 0x0000000084400000|100%|HC|  |TAMS 0x0000000084400000, 0x0000000084400000| Complete 
|  68|0x0000000084400000, 0x0000000084500000, 0x0000000084500000|100%| O|  |TAMS 0x0000000084500000, 0x0000000084500000| Untracked 
|  69|0x0000000084500000, 0x0000000084600000, 0x0000000084600000|100%| O|  |TAMS 0x0000000084600000, 0x0000000084600000| Untracked 
|  70|0x0000000084600000, 0x0000000084700000, 0x0000000084700000|100%| O|  |TAMS 0x0000000084700000, 0x0000000084700000| Untracked 
|  71|0x0000000084700000, 0x0000000084800000, 0x0000000084800000|100%| O|  |TAMS 0x0000000084800000, 0x0000000084800000| Untracked 
|  72|0x0000000084800000, 0x0000000084900000, 0x0000000084900000|100%| O|  |TAMS 0x0000000084900000, 0x0000000084900000| Untracked 
|  73|0x0000000084900000, 0x0000000084a00000, 0x0000000084a00000|100%|HS|  |TAMS 0x0000000084a00000, 0x0000000084a00000| Complete 
|  74|0x0000000084a00000, 0x0000000084b00000, 0x0000000084b00000|100%|HS|  |TAMS 0x0000000084b00000, 0x0000000084b00000| Complete 
|  75|0x0000000084b00000, 0x0000000084c00000, 0x0000000084c00000|100%|HS|  |TAMS 0x0000000084c00000, 0x0000000084c00000| Complete 
|  76|0x0000000084c00000, 0x0000000084d00000, 0x0000000084d00000|100%|HS|  |TAMS 0x0000000084d00000, 0x0000000084d00000| Complete 
|  77|0x0000000084d00000, 0x0000000084e00000, 0x0000000084e00000|100%|HC|  |TAMS 0x0000000084e00000, 0x0000000084e00000| Complete 
|  78|0x0000000084e00000, 0x0000000084f00000, 0x0000000084f00000|100%|HC|  |TAMS 0x0000000084f00000, 0x0000000084f00000| Complete 
|  79|0x0000000084f00000, 0x0000000085000000, 0x0000000085000000|100%|HC|  |TAMS 0x0000000085000000, 0x0000000085000000| Complete 
|  80|0x0000000085000000, 0x0000000085100000, 0x0000000085100000|100%| O|  |TAMS 0x0000000085100000, 0x0000000085100000| Untracked 
|  81|0x0000000085100000, 0x0000000085200000, 0x0000000085200000|100%|HS|  |TAMS 0x0000000085200000, 0x0000000085200000| Complete 
|  82|0x0000000085200000, 0x0000000085300000, 0x0000000085300000|100%|HC|  |TAMS 0x0000000085300000, 0x0000000085300000| Complete 
|  83|0x0000000085300000, 0x0000000085400000, 0x0000000085400000|100%| O|  |TAMS 0x0000000085400000, 0x0000000085400000| Untracked 
|  84|0x0000000085400000, 0x0000000085500000, 0x0000000085500000|100%| O|  |TAMS 0x0000000085500000, 0x0000000085500000| Untracked 
|  85|0x0000000085500000, 0x0000000085600000, 0x0000000085600000|100%| O|  |TAMS 0x0000000085600000, 0x0000000085600000| Untracked 
|  86|0x0000000085600000, 0x0000000085700000, 0x0000000085700000|100%| O|  |TAMS 0x0000000085700000, 0x0000000085700000| Untracked 
|  87|0x0000000085700000, 0x0000000085800000, 0x0000000085800000|100%| O|  |TAMS 0x0000000085800000, 0x0000000085800000| Untracked 
|  88|0x0000000085800000, 0x0000000085900000, 0x0000000085900000|100%| O|  |TAMS 0x0000000085900000, 0x0000000085900000| Untracked 
|  89|0x0000000085900000, 0x0000000085a00000, 0x0000000085a00000|100%| O|  |TAMS 0x0000000085a00000, 0x0000000085a00000| Untracked 
|  90|0x0000000085a00000, 0x0000000085b00000, 0x0000000085b00000|100%| O|  |TAMS 0x0000000085b00000, 0x0000000085b00000| Untracked 
|  91|0x0000000085b00000, 0x0000000085c00000, 0x0000000085c00000|100%| O|  |TAMS 0x0000000085c00000, 0x0000000085c00000| Untracked 
|  92|0x0000000085c00000, 0x0000000085d00000, 0x0000000085d00000|100%| O|  |TAMS 0x0000000085d00000, 0x0000000085d00000| Untracked 
|  93|0x0000000085d00000, 0x0000000085e00000, 0x0000000085e00000|100%| O|  |TAMS 0x0000000085e00000, 0x0000000085e00000| Untracked 
|  94|0x0000000085e00000, 0x0000000085f00000, 0x0000000085f00000|100%| O|  |TAMS 0x0000000085f00000, 0x0000000085f00000| Untracked 
|  95|0x0000000085f00000, 0x0000000086000000, 0x0000000086000000|100%| O|  |TAMS 0x0000000086000000, 0x0000000086000000| Untracked 
|  96|0x0000000086000000, 0x0000000086100000, 0x0000000086100000|100%| O|  |TAMS 0x0000000086100000, 0x0000000086100000| Untracked 
|  97|0x0000000086100000, 0x0000000086200000, 0x0000000086200000|100%| O|  |TAMS 0x0000000086200000, 0x0000000086200000| Untracked 
|  98|0x0000000086200000, 0x0000000086300000, 0x0000000086300000|100%| O|  |TAMS 0x0000000086300000, 0x0000000086300000| Untracked 
|  99|0x0000000086300000, 0x0000000086400000, 0x0000000086400000|100%| O|  |TAMS 0x0000000086400000, 0x0000000086400000| Untracked 
| 100|0x0000000086400000, 0x0000000086500000, 0x0000000086500000|100%| O|  |TAMS 0x0000000086500000, 0x0000000086500000| Untracked 
| 101|0x0000000086500000, 0x0000000086600000, 0x0000000086600000|100%| O|  |TAMS 0x0000000086600000, 0x0000000086600000| Untracked 
| 102|0x0000000086600000, 0x0000000086700000, 0x0000000086700000|100%| O|  |TAMS 0x0000000086700000, 0x0000000086700000| Untracked 
| 103|0x0000000086700000, 0x0000000086800000, 0x0000000086800000|100%| O|  |TAMS 0x0000000086800000, 0x0000000086800000| Untracked 
| 104|0x0000000086800000, 0x0000000086900000, 0x0000000086900000|100%| O|  |TAMS 0x0000000086900000, 0x0000000086900000| Untracked 
| 105|0x0000000086900000, 0x0000000086a00000, 0x0000000086a00000|100%|HS|  |TAMS 0x0000000086a00000, 0x0000000086a00000| Complete 
| 106|0x0000000086a00000, 0x0000000086b00000, 0x0000000086b00000|100%|HS|  |TAMS 0x0000000086b00000, 0x0000000086b00000| Complete 
| 107|0x0000000086b00000, 0x0000000086c00000, 0x0000000086c00000|100%|HC|  |TAMS 0x0000000086c00000, 0x0000000086c00000| Complete 
| 108|0x0000000086c00000, 0x0000000086d00000, 0x0000000086d00000|100%|HS|  |TAMS 0x0000000086d00000, 0x0000000086d00000| Complete 
| 109|0x0000000086d00000, 0x0000000086e00000, 0x0000000086e00000|100%|HC|  |TAMS 0x0000000086e00000, 0x0000000086e00000| Complete 
| 110|0x0000000086e00000, 0x0000000086f00000, 0x0000000086f00000|100%|HC|  |TAMS 0x0000000086f00000, 0x0000000086f00000| Complete 
| 111|0x0000000086f00000, 0x0000000087000000, 0x0000000087000000|100%|HS|  |TAMS 0x0000000087000000, 0x0000000087000000| Complete 
| 112|0x0000000087000000, 0x0000000087100000, 0x0000000087100000|100%|HC|  |TAMS 0x0000000087100000, 0x0000000087100000| Complete 
| 113|0x0000000087100000, 0x0000000087200000, 0x0000000087200000|100%|HC|  |TAMS 0x0000000087200000, 0x0000000087200000| Complete 
| 114|0x0000000087200000, 0x0000000087300000, 0x0000000087300000|100%|HS|  |TAMS 0x0000000087300000, 0x0000000087300000| Complete 
| 115|0x0000000087300000, 0x0000000087400000, 0x0000000087400000|100%|HC|  |TAMS 0x0000000087400000, 0x0000000087400000| Complete 
| 116|0x0000000087400000, 0x0000000087500000, 0x0000000087500000|100%|HC|  |TAMS 0x0000000087500000, 0x0000000087500000| Complete 
| 117|0x0000000087500000, 0x0000000087600000, 0x0000000087600000|100%|HC|  |TAMS 0x0000000087600000, 0x0000000087600000| Complete 
| 118|0x0000000087600000, 0x0000000087700000, 0x0000000087700000|100%|HS|  |TAMS 0x0000000087700000, 0x0000000087700000| Complete 
| 119|0x0000000087700000, 0x0000000087800000, 0x0000000087800000|100%|HC|  |TAMS 0x0000000087800000, 0x0000000087800000| Complete 
| 120|0x0000000087800000, 0x0000000087900000, 0x0000000087900000|100%|HC|  |TAMS 0x0000000087900000, 0x0000000087900000| Complete 
| 121|0x0000000087900000, 0x0000000087a00000, 0x0000000087a00000|100%|HC|  |TAMS 0x0000000087a00000, 0x0000000087a00000| Complete 
| 122|0x0000000087a00000, 0x0000000087b00000, 0x0000000087b00000|100%|HC|  |TAMS 0x0000000087b00000, 0x0000000087b00000| Complete 
| 123|0x0000000087b00000, 0x0000000087c00000, 0x0000000087c00000|100%|HS|  |TAMS 0x0000000087c00000, 0x0000000087c00000| Complete 
| 124|0x0000000087c00000, 0x0000000087d00000, 0x0000000087d00000|100%| O|  |TAMS 0x0000000087d00000, 0x0000000087d00000| Untracked 
| 125|0x0000000087d00000, 0x0000000087e00000, 0x0000000087e00000|100%| O|  |TAMS 0x0000000087e00000, 0x0000000087e00000| Untracked 
| 126|0x0000000087e00000, 0x0000000087f00000, 0x0000000087f00000|100%| O|  |TAMS 0x0000000087f00000, 0x0000000087f00000| Untracked 
| 127|0x0000000087f00000, 0x0000000088000000, 0x0000000088000000|100%| O|  |TAMS 0x0000000088000000, 0x0000000088000000| Untracked 
| 128|0x0000000088000000, 0x0000000088100000, 0x0000000088100000|100%| O|  |TAMS 0x0000000088100000, 0x0000000088100000| Untracked 
| 129|0x0000000088100000, 0x0000000088200000, 0x0000000088200000|100%| O|  |TAMS 0x0000000088200000, 0x0000000088200000| Untracked 
| 130|0x0000000088200000, 0x0000000088300000, 0x0000000088300000|100%| O|  |TAMS 0x0000000088300000, 0x0000000088300000| Untracked 
| 131|0x0000000088300000, 0x0000000088400000, 0x0000000088400000|100%| O|  |TAMS 0x0000000088400000, 0x0000000088400000| Untracked 
| 132|0x0000000088400000, 0x0000000088500000, 0x0000000088500000|100%| O|  |TAMS 0x0000000088500000, 0x0000000088500000| Untracked 
| 133|0x0000000088500000, 0x0000000088600000, 0x0000000088600000|100%| O|  |TAMS 0x0000000088600000, 0x0000000088600000| Untracked 
| 134|0x0000000088600000, 0x0000000088700000, 0x0000000088700000|100%| O|  |TAMS 0x0000000088700000, 0x0000000088700000| Untracked 
| 135|0x0000000088700000, 0x0000000088800000, 0x0000000088800000|100%| O|  |TAMS 0x0000000088800000, 0x0000000088800000| Untracked 
| 136|0x0000000088800000, 0x0000000088900000, 0x0000000088900000|100%| O|  |TAMS 0x0000000088900000, 0x0000000088900000| Untracked 
| 137|0x0000000088900000, 0x0000000088a00000, 0x0000000088a00000|100%| O|  |TAMS 0x0000000088a00000, 0x0000000088a00000| Untracked 
| 138|0x0000000088a00000, 0x0000000088b00000, 0x0000000088b00000|100%| O|  |TAMS 0x0000000088b00000, 0x0000000088b00000| Untracked 
| 139|0x0000000088b00000, 0x0000000088c00000, 0x0000000088c00000|100%| O|  |TAMS 0x0000000088c00000, 0x0000000088c00000| Untracked 
| 140|0x0000000088c00000, 0x0000000088d00000, 0x0000000088d00000|100%| O|  |TAMS 0x0000000088d00000, 0x0000000088d00000| Untracked 
| 141|0x0000000088d00000, 0x0000000088e00000, 0x0000000088e00000|100%| O|  |TAMS 0x0000000088e00000, 0x0000000088e00000| Untracked 
| 142|0x0000000088e00000, 0x0000000088f00000, 0x0000000088f00000|100%| O|  |TAMS 0x0000000088f00000, 0x0000000088f00000| Untracked 
| 143|0x0000000088f00000, 0x0000000089000000, 0x0000000089000000|100%| O|  |TAMS 0x0000000089000000, 0x0000000089000000| Untracked 
| 144|0x0000000089000000, 0x0000000089100000, 0x0000000089100000|100%| O|  |TAMS 0x0000000089100000, 0x0000000089100000| Untracked 
| 145|0x0000000089100000, 0x0000000089200000, 0x0000000089200000|100%| O|  |TAMS 0x0000000089100000, 0x0000000089200000| Untracked 
| 146|0x0000000089200000, 0x0000000089300000, 0x0000000089300000|100%| O|  |TAMS 0x0000000089300000, 0x0000000089300000| Untracked 
| 147|0x0000000089300000, 0x0000000089400000, 0x0000000089400000|100%| O|  |TAMS 0x0000000089400000, 0x0000000089400000| Untracked 
| 148|0x0000000089400000, 0x0000000089500000, 0x0000000089500000|100%| O|  |TAMS 0x0000000089500000, 0x0000000089500000| Untracked 
| 149|0x0000000089500000, 0x0000000089600000, 0x0000000089600000|100%|HS|  |TAMS 0x0000000089600000, 0x0000000089600000| Complete 
| 150|0x0000000089600000, 0x0000000089700000, 0x0000000089700000|100%|HC|  |TAMS 0x0000000089700000, 0x0000000089700000| Complete 
| 151|0x0000000089700000, 0x0000000089800000, 0x0000000089800000|100%| O|  |TAMS 0x0000000089800000, 0x0000000089800000| Untracked 
| 152|0x0000000089800000, 0x0000000089900000, 0x0000000089900000|100%| O|  |TAMS 0x0000000089900000, 0x0000000089900000| Untracked 
| 153|0x0000000089900000, 0x0000000089a00000, 0x0000000089a00000|100%| O|  |TAMS 0x0000000089a00000, 0x0000000089a00000| Untracked 
| 154|0x0000000089a00000, 0x0000000089b00000, 0x0000000089b00000|100%| O|  |TAMS 0x0000000089b00000, 0x0000000089b00000| Untracked 
| 155|0x0000000089b00000, 0x0000000089c00000, 0x0000000089c00000|100%| O|  |TAMS 0x0000000089c00000, 0x0000000089c00000| Untracked 
| 156|0x0000000089c00000, 0x0000000089d00000, 0x0000000089d00000|100%| O|  |TAMS 0x0000000089d00000, 0x0000000089d00000| Untracked 
| 157|0x0000000089d00000, 0x0000000089e00000, 0x0000000089e00000|100%|HS|  |TAMS 0x0000000089e00000, 0x0000000089e00000| Complete 
| 158|0x0000000089e00000, 0x0000000089f00000, 0x0000000089f00000|100%| O|  |TAMS 0x0000000089f00000, 0x0000000089f00000| Untracked 
| 159|0x0000000089f00000, 0x000000008a000000, 0x000000008a000000|100%|HS|  |TAMS 0x000000008a000000, 0x000000008a000000| Complete 
| 160|0x000000008a000000, 0x000000008a100000, 0x000000008a100000|100%| O|  |TAMS 0x000000008a100000, 0x000000008a100000| Untracked 
| 161|0x000000008a100000, 0x000000008a200000, 0x000000008a200000|100%|HS|  |TAMS 0x000000008a200000, 0x000000008a200000| Complete 
| 162|0x000000008a200000, 0x000000008a300000, 0x000000008a300000|100%| O|  |TAMS 0x000000008a300000, 0x000000008a300000| Untracked 
| 163|0x000000008a300000, 0x000000008a400000, 0x000000008a400000|100%| O|  |TAMS 0x000000008a400000, 0x000000008a400000| Untracked 
| 164|0x000000008a400000, 0x000000008a500000, 0x000000008a500000|100%| O|  |TAMS 0x000000008a400000, 0x000000008a500000| Untracked 
| 165|0x000000008a500000, 0x000000008a600000, 0x000000008a600000|100%|HS|  |TAMS 0x000000008a600000, 0x000000008a600000| Complete 
| 166|0x000000008a600000, 0x000000008a700000, 0x000000008a700000|100%|HC|  |TAMS 0x000000008a700000, 0x000000008a700000| Complete 
| 167|0x000000008a700000, 0x000000008a800000, 0x000000008a800000|100%| O|  |TAMS 0x000000008a800000, 0x000000008a800000| Untracked 
| 168|0x000000008a800000, 0x000000008a900000, 0x000000008a900000|100%|HS|  |TAMS 0x000000008a900000, 0x000000008a900000| Complete 
| 169|0x000000008a900000, 0x000000008aa00000, 0x000000008aa00000|100%|HC|  |TAMS 0x000000008aa00000, 0x000000008aa00000| Complete 
| 170|0x000000008aa00000, 0x000000008ab00000, 0x000000008ab00000|100%|HC|  |TAMS 0x000000008ab00000, 0x000000008ab00000| Complete 
| 171|0x000000008ab00000, 0x000000008ac00000, 0x000000008ac00000|100%| O|  |TAMS 0x000000008ac00000, 0x000000008ac00000| Untracked 
| 172|0x000000008ac00000, 0x000000008ad00000, 0x000000008ad00000|100%| O|  |TAMS 0x000000008ad00000, 0x000000008ad00000| Untracked 
| 173|0x000000008ad00000, 0x000000008ae00000, 0x000000008ae00000|100%| O|  |TAMS 0x000000008ae00000, 0x000000008ae00000| Untracked 
| 174|0x000000008ae00000, 0x000000008af00000, 0x000000008af00000|100%| O|  |TAMS 0x000000008af00000, 0x000000008af00000| Untracked 
| 175|0x000000008af00000, 0x000000008b000000, 0x000000008b000000|100%| O|  |TAMS 0x000000008b000000, 0x000000008b000000| Untracked 
| 176|0x000000008b000000, 0x000000008b100000, 0x000000008b100000|100%| O|  |TAMS 0x000000008b100000, 0x000000008b100000| Untracked 
| 177|0x000000008b100000, 0x000000008b200000, 0x000000008b200000|100%| O|  |TAMS 0x000000008b200000, 0x000000008b200000| Untracked 
| 178|0x000000008b200000, 0x000000008b300000, 0x000000008b300000|100%| O|  |TAMS 0x000000008b300000, 0x000000008b300000| Untracked 
| 179|0x000000008b300000, 0x000000008b400000, 0x000000008b400000|100%| O|  |TAMS 0x000000008b400000, 0x000000008b400000| Untracked 
| 180|0x000000008b400000, 0x000000008b500000, 0x000000008b500000|100%| O|  |TAMS 0x000000008b500000, 0x000000008b500000| Untracked 
| 181|0x000000008b500000, 0x000000008b600000, 0x000000008b600000|100%| O|  |TAMS 0x000000008b600000, 0x000000008b600000| Untracked 
| 182|0x000000008b600000, 0x000000008b700000, 0x000000008b700000|100%| O|  |TAMS 0x000000008b700000, 0x000000008b700000| Untracked 
| 183|0x000000008b700000, 0x000000008b800000, 0x000000008b800000|100%| O|  |TAMS 0x000000008b800000, 0x000000008b800000| Untracked 
| 184|0x000000008b800000, 0x000000008b900000, 0x000000008b900000|100%| O|  |TAMS 0x000000008b900000, 0x000000008b900000| Untracked 
| 185|0x000000008b900000, 0x000000008ba00000, 0x000000008ba00000|100%| O|  |TAMS 0x000000008ba00000, 0x000000008ba00000| Untracked 
| 186|0x000000008ba00000, 0x000000008bb00000, 0x000000008bb00000|100%| O|  |TAMS 0x000000008bb00000, 0x000000008bb00000| Untracked 
| 187|0x000000008bb00000, 0x000000008bc00000, 0x000000008bc00000|100%| O|  |TAMS 0x000000008bc00000, 0x000000008bc00000| Untracked 
| 188|0x000000008bc00000, 0x000000008bd00000, 0x000000008bd00000|100%|HS|  |TAMS 0x000000008bd00000, 0x000000008bd00000| Complete 
| 189|0x000000008bd00000, 0x000000008be00000, 0x000000008be00000|100%|HC|  |TAMS 0x000000008be00000, 0x000000008be00000| Complete 
| 190|0x000000008be00000, 0x000000008bf00000, 0x000000008bf00000|100%| O|  |TAMS 0x000000008bf00000, 0x000000008bf00000| Untracked 
| 191|0x000000008bf00000, 0x000000008c000000, 0x000000008c000000|100%| O|  |TAMS 0x000000008c000000, 0x000000008c000000| Untracked 
| 192|0x000000008c000000, 0x000000008c100000, 0x000000008c100000|100%|HS|  |TAMS 0x000000008c100000, 0x000000008c100000| Complete 
| 193|0x000000008c100000, 0x000000008c200000, 0x000000008c200000|100%|HC|  |TAMS 0x000000008c200000, 0x000000008c200000| Complete 
| 194|0x000000008c200000, 0x000000008c300000, 0x000000008c300000|100%|HS|  |TAMS 0x000000008c300000, 0x000000008c300000| Complete 
| 195|0x000000008c300000, 0x000000008c400000, 0x000000008c400000|100%| O|  |TAMS 0x000000008c400000, 0x000000008c400000| Untracked 
| 196|0x000000008c400000, 0x000000008c500000, 0x000000008c500000|100%|HS|  |TAMS 0x000000008c500000, 0x000000008c500000| Complete 
| 197|0x000000008c500000, 0x000000008c600000, 0x000000008c600000|100%| O|  |TAMS 0x000000008c55c200, 0x000000008c600000| Untracked 
| 198|0x000000008c600000, 0x000000008c700000, 0x000000008c700000|100%| O|  |TAMS 0x000000008c600000, 0x000000008c700000| Untracked 
| 199|0x000000008c700000, 0x000000008c800000, 0x000000008c800000|100%| O|  |TAMS 0x000000008c700000, 0x000000008c800000| Untracked 
| 200|0x000000008c800000, 0x000000008c900000, 0x000000008c900000|100%|HS|  |TAMS 0x000000008c900000, 0x000000008c900000| Complete 
| 201|0x000000008c900000, 0x000000008ca00000, 0x000000008ca00000|100%|HC|  |TAMS 0x000000008ca00000, 0x000000008ca00000| Complete 
| 202|0x000000008ca00000, 0x000000008cb00000, 0x000000008cb00000|100%| O|  |TAMS 0x000000008cb00000, 0x000000008cb00000| Untracked 
| 203|0x000000008cb00000, 0x000000008cc00000, 0x000000008cc00000|100%|HS|  |TAMS 0x000000008cc00000, 0x000000008cc00000| Complete 
| 204|0x000000008cc00000, 0x000000008cd00000, 0x000000008cd00000|100%| O|  |TAMS 0x000000008cd00000, 0x000000008cd00000| Untracked 
| 205|0x000000008cd00000, 0x000000008ce00000, 0x000000008ce00000|100%| O|  |TAMS 0x000000008ce00000, 0x000000008ce00000| Untracked 
| 206|0x000000008ce00000, 0x000000008cf00000, 0x000000008cf00000|100%| O|  |TAMS 0x000000008cf00000, 0x000000008cf00000| Untracked 
| 207|0x000000008cf00000, 0x000000008d000000, 0x000000008d000000|100%| O|  |TAMS 0x000000008d000000, 0x000000008d000000| Untracked 
| 208|0x000000008d000000, 0x000000008d100000, 0x000000008d100000|100%| O|  |TAMS 0x000000008d100000, 0x000000008d100000| Untracked 
| 209|0x000000008d100000, 0x000000008d200000, 0x000000008d200000|100%| O|  |TAMS 0x000000008d100000, 0x000000008d200000| Untracked 
| 210|0x000000008d200000, 0x000000008d300000, 0x000000008d300000|100%| O|  |TAMS 0x000000008d200000, 0x000000008d300000| Untracked 
| 211|0x000000008d300000, 0x000000008d400000, 0x000000008d400000|100%| O|  |TAMS 0x000000008d300000, 0x000000008d400000| Untracked 
| 212|0x000000008d400000, 0x000000008d500000, 0x000000008d500000|100%|HS|  |TAMS 0x000000008d400000, 0x000000008d500000| Complete 
| 213|0x000000008d500000, 0x000000008d600000, 0x000000008d600000|100%| O|  |TAMS 0x000000008d500000, 0x000000008d600000| Untracked 
| 214|0x000000008d600000, 0x000000008d700000, 0x000000008d700000|100%|HS|  |TAMS 0x000000008d700000, 0x000000008d700000| Complete 
| 215|0x000000008d700000, 0x000000008d800000, 0x000000008d800000|100%|HC|  |TAMS 0x000000008d800000, 0x000000008d800000| Complete 
| 216|0x000000008d800000, 0x000000008d900000, 0x000000008d900000|100%|HC|  |TAMS 0x000000008d900000, 0x000000008d900000| Complete 
| 217|0x000000008d900000, 0x000000008da00000, 0x000000008da00000|100%| O|  |TAMS 0x000000008d900000, 0x000000008da00000| Untracked 
| 218|0x000000008da00000, 0x000000008db00000, 0x000000008db00000|100%| O|  |TAMS 0x000000008da00000, 0x000000008db00000| Untracked 
| 219|0x000000008db00000, 0x000000008dc00000, 0x000000008dc00000|100%| O|  |TAMS 0x000000008db00000, 0x000000008dc00000| Untracked 
| 220|0x000000008dc00000, 0x000000008dd00000, 0x000000008dd00000|100%| O|  |TAMS 0x000000008dc00000, 0x000000008dd00000| Untracked 
| 221|0x000000008dd00000, 0x000000008de00000, 0x000000008de00000|100%|HS|  |TAMS 0x000000008de00000, 0x000000008de00000| Complete 
| 222|0x000000008de00000, 0x000000008df00000, 0x000000008df00000|100%|HC|  |TAMS 0x000000008df00000, 0x000000008df00000| Complete 
| 223|0x000000008df00000, 0x000000008e000000, 0x000000008e000000|100%| O|  |TAMS 0x000000008e000000, 0x000000008e000000| Untracked 
| 224|0x000000008e000000, 0x000000008e100000, 0x000000008e100000|100%| O|  |TAMS 0x000000008e100000, 0x000000008e100000| Untracked 
| 225|0x000000008e100000, 0x000000008e200000, 0x000000008e200000|100%| O|  |TAMS 0x000000008e200000, 0x000000008e200000| Untracked 
| 226|0x000000008e200000, 0x000000008e300000, 0x000000008e300000|100%| O|  |TAMS 0x000000008e300000, 0x000000008e300000| Untracked 
| 227|0x000000008e300000, 0x000000008e400000, 0x000000008e400000|100%| O|  |TAMS 0x000000008e400000, 0x000000008e400000| Untracked 
| 228|0x000000008e400000, 0x000000008e500000, 0x000000008e500000|100%| O|  |TAMS 0x000000008e500000, 0x000000008e500000| Untracked 
| 229|0x000000008e500000, 0x000000008e600000, 0x000000008e600000|100%|HS|  |TAMS 0x000000008e500000, 0x000000008e600000| Complete 
| 230|0x000000008e600000, 0x000000008e700000, 0x000000008e700000|100%| O|  |TAMS 0x000000008e600000, 0x000000008e700000| Untracked 
| 231|0x000000008e700000, 0x000000008e800000, 0x000000008e800000|100%| O|  |TAMS 0x000000008e700000, 0x000000008e800000| Untracked 
| 232|0x000000008e800000, 0x000000008e900000, 0x000000008e900000|100%| O|  |TAMS 0x000000008e800000, 0x000000008e900000| Untracked 
| 233|0x000000008e900000, 0x000000008ea00000, 0x000000008ea00000|100%| O|  |TAMS 0x000000008e900000, 0x000000008ea00000| Untracked 
| 234|0x000000008ea00000, 0x000000008eb00000, 0x000000008eb00000|100%| O|  |TAMS 0x000000008ea00000, 0x000000008eb00000| Untracked 
| 235|0x000000008eb00000, 0x000000008ec00000, 0x000000008ec00000|100%| O|  |TAMS 0x000000008eb00000, 0x000000008ec00000| Untracked 
| 236|0x000000008ec00000, 0x000000008ed00000, 0x000000008ed00000|100%| O|  |TAMS 0x000000008ec00000, 0x000000008ed00000| Untracked 
| 237|0x000000008ed00000, 0x000000008ee00000, 0x000000008ee00000|100%| O|  |TAMS 0x000000008ed00000, 0x000000008ee00000| Untracked 
| 238|0x000000008ee00000, 0x000000008ef00000, 0x000000008ef00000|100%| O|  |TAMS 0x000000008ee00000, 0x000000008ef00000| Untracked 
| 239|0x000000008ef00000, 0x000000008f000000, 0x000000008f000000|100%| O|  |TAMS 0x000000008ef00000, 0x000000008f000000| Untracked 
| 240|0x000000008f000000, 0x000000008f100000, 0x000000008f100000|100%| O|  |TAMS 0x000000008f000000, 0x000000008f100000| Untracked 
| 241|0x000000008f100000, 0x000000008f200000, 0x000000008f200000|100%| O|  |TAMS 0x000000008f100000, 0x000000008f200000| Untracked 
| 242|0x000000008f200000, 0x000000008f300000, 0x000000008f300000|100%| O|  |TAMS 0x000000008f200000, 0x000000008f300000| Untracked 
| 243|0x000000008f300000, 0x000000008f400000, 0x000000008f400000|100%| O|  |TAMS 0x000000008f300000, 0x000000008f400000| Untracked 
| 244|0x000000008f400000, 0x000000008f500000, 0x000000008f500000|100%| O|  |TAMS 0x000000008f400000, 0x000000008f500000| Untracked 
| 245|0x000000008f500000, 0x000000008f600000, 0x000000008f600000|100%| O|  |TAMS 0x000000008f500000, 0x000000008f600000| Untracked 
| 246|0x000000008f600000, 0x000000008f700000, 0x000000008f700000|100%| O|  |TAMS 0x000000008f600000, 0x000000008f700000| Untracked 
| 247|0x000000008f700000, 0x000000008f800000, 0x000000008f800000|100%| O|  |TAMS 0x000000008f700000, 0x000000008f800000| Untracked 
| 248|0x000000008f800000, 0x000000008f900000, 0x000000008f900000|100%| O|  |TAMS 0x000000008f800000, 0x000000008f900000| Untracked 
| 249|0x000000008f900000, 0x000000008fa00000, 0x000000008fa00000|100%| O|  |TAMS 0x000000008f900000, 0x000000008fa00000| Untracked 
| 250|0x000000008fa00000, 0x000000008fb00000, 0x000000008fb00000|100%| O|  |TAMS 0x000000008fa00000, 0x000000008fb00000| Untracked 
| 251|0x000000008fb00000, 0x000000008fc00000, 0x000000008fc00000|100%| O|  |TAMS 0x000000008fb00000, 0x000000008fc00000| Untracked 
| 252|0x000000008fc00000, 0x000000008fd00000, 0x000000008fd00000|100%| O|  |TAMS 0x000000008fc00000, 0x000000008fd00000| Untracked 
| 253|0x000000008fd00000, 0x000000008fe00000, 0x000000008fe00000|100%| O|  |TAMS 0x000000008fd00000, 0x000000008fe00000| Untracked 
| 254|0x000000008fe00000, 0x000000008ff00000, 0x000000008ff00000|100%| O|  |TAMS 0x000000008fe00000, 0x000000008ff00000| Untracked 
| 255|0x000000008ff00000, 0x0000000090000000, 0x0000000090000000|100%| O|  |TAMS 0x000000008ff00000, 0x0000000090000000| Untracked 
| 256|0x0000000090000000, 0x0000000090100000, 0x0000000090100000|100%| O|  |TAMS 0x0000000090000000, 0x0000000090100000| Untracked 
| 257|0x0000000090100000, 0x0000000090200000, 0x0000000090200000|100%| O|  |TAMS 0x0000000090100000, 0x0000000090200000| Untracked 
| 258|0x0000000090200000, 0x0000000090300000, 0x0000000090300000|100%| O|  |TAMS 0x0000000090200000, 0x0000000090300000| Untracked 
| 259|0x0000000090300000, 0x0000000090400000, 0x0000000090400000|100%| O|  |TAMS 0x0000000090300000, 0x0000000090400000| Untracked 
| 260|0x0000000090400000, 0x0000000090500000, 0x0000000090500000|100%| O|  |TAMS 0x0000000090400000, 0x0000000090500000| Untracked 
| 261|0x0000000090500000, 0x0000000090600000, 0x0000000090600000|100%| O|  |TAMS 0x0000000090500000, 0x0000000090600000| Untracked 
| 262|0x0000000090600000, 0x0000000090700000, 0x0000000090700000|100%| O|  |TAMS 0x0000000090600000, 0x0000000090700000| Untracked 
| 263|0x0000000090700000, 0x0000000090800000, 0x0000000090800000|100%| O|  |TAMS 0x0000000090700000, 0x0000000090800000| Untracked 
| 264|0x0000000090800000, 0x0000000090900000, 0x0000000090900000|100%| O|  |TAMS 0x0000000090800000, 0x0000000090900000| Untracked 
| 265|0x0000000090900000, 0x0000000090a00000, 0x0000000090a00000|100%| O|  |TAMS 0x0000000090900000, 0x0000000090a00000| Untracked 
| 266|0x0000000090a00000, 0x0000000090b00000, 0x0000000090b00000|100%| O|  |TAMS 0x0000000090a00000, 0x0000000090b00000| Untracked 
| 267|0x0000000090b00000, 0x0000000090c00000, 0x0000000090c00000|100%| O|  |TAMS 0x0000000090b00000, 0x0000000090c00000| Untracked 
| 268|0x0000000090c00000, 0x0000000090d00000, 0x0000000090d00000|100%| O|  |TAMS 0x0000000090c00000, 0x0000000090d00000| Untracked 
| 269|0x0000000090d00000, 0x0000000090e00000, 0x0000000090e00000|100%| O|  |TAMS 0x0000000090d00000, 0x0000000090e00000| Untracked 
| 270|0x0000000090e00000, 0x0000000090f00000, 0x0000000090f00000|100%| O|  |TAMS 0x0000000090e00000, 0x0000000090f00000| Untracked 
| 271|0x0000000090f00000, 0x0000000091000000, 0x0000000091000000|100%| O|  |TAMS 0x0000000090f00000, 0x0000000091000000| Untracked 
| 272|0x0000000091000000, 0x0000000091100000, 0x0000000091100000|100%| O|  |TAMS 0x0000000091000000, 0x0000000091100000| Untracked 
| 273|0x0000000091100000, 0x0000000091200000, 0x0000000091200000|100%| O|  |TAMS 0x0000000091100000, 0x0000000091200000| Untracked 
| 274|0x0000000091200000, 0x0000000091300000, 0x0000000091300000|100%| O|  |TAMS 0x0000000091200000, 0x0000000091300000| Untracked 
| 275|0x0000000091300000, 0x000000009135fe00, 0x0000000091400000| 37%| O|  |TAMS 0x0000000091300000, 0x000000009135fe00| Untracked 
| 276|0x0000000091400000, 0x0000000091400000, 0x0000000091500000|  0%| F|  |TAMS 0x0000000091400000, 0x0000000091400000| Untracked 
| 277|0x0000000091500000, 0x0000000091500000, 0x0000000091600000|  0%| F|  |TAMS 0x0000000091500000, 0x0000000091500000| Untracked 
| 278|0x0000000091600000, 0x0000000091600000, 0x0000000091700000|  0%| F|  |TAMS 0x0000000091600000, 0x0000000091600000| Untracked 
| 279|0x0000000091700000, 0x0000000091700000, 0x0000000091800000|  0%| F|  |TAMS 0x0000000091700000, 0x0000000091700000| Untracked 
| 280|0x0000000091800000, 0x0000000091800000, 0x0000000091900000|  0%| F|  |TAMS 0x0000000091800000, 0x0000000091800000| Untracked 
| 281|0x0000000091900000, 0x0000000091900000, 0x0000000091a00000|  0%| F|  |TAMS 0x0000000091900000, 0x0000000091900000| Untracked 
| 282|0x0000000091a00000, 0x0000000091a00000, 0x0000000091b00000|  0%| F|  |TAMS 0x0000000091a00000, 0x0000000091a00000| Untracked 
| 283|0x0000000091b00000, 0x0000000091b00000, 0x0000000091c00000|  0%| F|  |TAMS 0x0000000091b00000, 0x0000000091b00000| Untracked 
| 284|0x0000000091c00000, 0x0000000091c00000, 0x0000000091d00000|  0%| F|  |TAMS 0x0000000091c00000, 0x0000000091c00000| Untracked 
| 285|0x0000000091d00000, 0x0000000091d00000, 0x0000000091e00000|  0%| F|  |TAMS 0x0000000091d00000, 0x0000000091d00000| Untracked 
| 286|0x0000000091e00000, 0x0000000091e00000, 0x0000000091f00000|  0%| F|  |TAMS 0x0000000091e00000, 0x0000000091e00000| Untracked 
| 287|0x0000000091f00000, 0x0000000091f00000, 0x0000000092000000|  0%| F|  |TAMS 0x0000000091f00000, 0x0000000091f00000| Untracked 
| 288|0x0000000092000000, 0x0000000092000000, 0x0000000092100000|  0%| F|  |TAMS 0x0000000092000000, 0x0000000092000000| Untracked 
| 289|0x0000000092100000, 0x0000000092100000, 0x0000000092200000|  0%| F|  |TAMS 0x0000000092100000, 0x0000000092100000| Untracked 
| 290|0x0000000092200000, 0x0000000092200000, 0x0000000092300000|  0%| F|  |TAMS 0x0000000092200000, 0x0000000092200000| Untracked 
| 291|0x0000000092300000, 0x0000000092300000, 0x0000000092400000|  0%| F|  |TAMS 0x0000000092300000, 0x0000000092300000| Untracked 
| 292|0x0000000092400000, 0x0000000092400000, 0x0000000092500000|  0%| F|  |TAMS 0x0000000092400000, 0x0000000092400000| Untracked 
| 293|0x0000000092500000, 0x0000000092500000, 0x0000000092600000|  0%| F|  |TAMS 0x0000000092500000, 0x0000000092500000| Untracked 
| 294|0x0000000092600000, 0x0000000092600000, 0x0000000092700000|  0%| F|  |TAMS 0x0000000092600000, 0x0000000092600000| Untracked 
| 295|0x0000000092700000, 0x0000000092700000, 0x0000000092800000|  0%| F|  |TAMS 0x0000000092700000, 0x0000000092700000| Untracked 
| 296|0x0000000092800000, 0x0000000092800000, 0x0000000092900000|  0%| F|  |TAMS 0x0000000092800000, 0x0000000092800000| Untracked 
| 297|0x0000000092900000, 0x0000000092900000, 0x0000000092a00000|  0%| F|  |TAMS 0x0000000092900000, 0x0000000092900000| Untracked 
| 298|0x0000000092a00000, 0x0000000092a00000, 0x0000000092b00000|  0%| F|  |TAMS 0x0000000092a00000, 0x0000000092a00000| Untracked 
| 299|0x0000000092b00000, 0x0000000092b00000, 0x0000000092c00000|  0%| F|  |TAMS 0x0000000092b00000, 0x0000000092b00000| Untracked 
| 300|0x0000000092c00000, 0x0000000092c00000, 0x0000000092d00000|  0%| F|  |TAMS 0x0000000092c00000, 0x0000000092c00000| Untracked 
| 301|0x0000000092d00000, 0x0000000092d00000, 0x0000000092e00000|  0%| F|  |TAMS 0x0000000092d00000, 0x0000000092d00000| Untracked 
| 302|0x0000000092e00000, 0x0000000092e00000, 0x0000000092f00000|  0%| F|  |TAMS 0x0000000092e00000, 0x0000000092e00000| Untracked 
| 303|0x0000000092f00000, 0x0000000093000000, 0x0000000093000000|100%| S|CS|TAMS 0x0000000092f00000, 0x0000000092f00000| Complete 
| 304|0x0000000093000000, 0x0000000093100000, 0x0000000093100000|100%| S|CS|TAMS 0x0000000093000000, 0x0000000093000000| Complete 
| 305|0x0000000093100000, 0x0000000093100000, 0x0000000093200000|  0%| F|  |TAMS 0x0000000093100000, 0x0000000093100000| Untracked 
| 306|0x0000000093200000, 0x0000000093200000, 0x0000000093300000|  0%| F|  |TAMS 0x0000000093200000, 0x0000000093200000| Untracked 
| 307|0x0000000093300000, 0x0000000093300000, 0x0000000093400000|  0%| F|  |TAMS 0x0000000093300000, 0x0000000093300000| Untracked 
| 308|0x0000000093400000, 0x0000000093400000, 0x0000000093500000|  0%| F|  |TAMS 0x0000000093400000, 0x0000000093400000| Untracked 
| 309|0x0000000093500000, 0x0000000093500000, 0x0000000093600000|  0%| F|  |TAMS 0x0000000093500000, 0x0000000093500000| Untracked 
| 310|0x0000000093600000, 0x0000000093600000, 0x0000000093700000|  0%| F|  |TAMS 0x0000000093600000, 0x0000000093600000| Untracked 
| 311|0x0000000093700000, 0x0000000093700000, 0x0000000093800000|  0%| F|  |TAMS 0x0000000093700000, 0x0000000093700000| Untracked 
| 312|0x0000000093800000, 0x0000000093800000, 0x0000000093900000|  0%| F|  |TAMS 0x0000000093800000, 0x0000000093800000| Untracked 
| 313|0x0000000093900000, 0x0000000093900000, 0x0000000093a00000|  0%| F|  |TAMS 0x0000000093900000, 0x0000000093900000| Untracked 
| 314|0x0000000093a00000, 0x0000000093a00000, 0x0000000093b00000|  0%| F|  |TAMS 0x0000000093a00000, 0x0000000093a00000| Untracked 
| 315|0x0000000093b00000, 0x0000000093b00000, 0x0000000093c00000|  0%| F|  |TAMS 0x0000000093b00000, 0x0000000093b00000| Untracked 
| 316|0x0000000093c00000, 0x0000000093c00000, 0x0000000093d00000|  0%| F|  |TAMS 0x0000000093c00000, 0x0000000093c00000| Untracked 
| 317|0x0000000093d00000, 0x0000000093d00000, 0x0000000093e00000|  0%| F|  |TAMS 0x0000000093d00000, 0x0000000093d00000| Untracked 
| 318|0x0000000093e00000, 0x0000000093e00000, 0x0000000093f00000|  0%| F|  |TAMS 0x0000000093e00000, 0x0000000093e00000| Untracked 
| 319|0x0000000093f00000, 0x0000000093f00000, 0x0000000094000000|  0%| F|  |TAMS 0x0000000093f00000, 0x0000000093f00000| Untracked 
| 320|0x0000000094000000, 0x0000000094000000, 0x0000000094100000|  0%| F|  |TAMS 0x0000000094000000, 0x0000000094000000| Untracked 

Card table byte_map: [0x0000020273cd0000,0x00000202740d0000] _byte_map_base: 0x00000202738d0000

Marking Bits (Prev, Next): (CMBitMap*) 0x000002025efc0378, (CMBitMap*) 0x000002025efc03b0
 Prev Bits: [0x00000202744d0000, 0x00000202764d0000)
 Next Bits: [0x00000202764d0000, 0x00000202784d0000)

Polling page: 0x000002025f060000

Metaspace:

Usage:
  Non-class:    107.06 MB capacity,   104.78 MB ( 98%) used,     1.89 MB (  2%) free+waste,   393.94 KB ( <1%) overhead. 
      Class:     16.66 MB capacity,    15.40 MB ( 92%) used,     1.08 MB (  7%) free+waste,   175.38 KB (  1%) overhead. 
       Both:    123.72 MB capacity,   120.19 MB ( 97%) used,     2.98 MB (  2%) free+waste,   569.31 KB ( <1%) overhead. 

Virtual space:
  Non-class space:      108.00 MB reserved,     107.15 MB (>99%) committed 
      Class space:        1.00 GB reserved,      16.75 MB (  2%) committed 
             Both:        1.11 GB reserved,     123.90 MB ( 11%) committed 

Chunk freelists:
   Non-Class:  28.00 KB
       Class:  0 bytes
        Both:  28.00 KB

MaxMetaspaceSize: 17179869184.00 GB
CompressedClassSpaceSize: 1.00 GB
Initial GC threshold: 20.80 MB
Current GC threshold: 202.34 MB
CDS: off

CodeHeap 'non-profiled nmethods': size=120064Kb used=11979Kb max_used=11979Kb free=108084Kb
 bounds [0x000002026bd70000, 0x000002026c930000, 0x00000202732b0000]
CodeHeap 'profiled nmethods': size=120000Kb used=38695Kb max_used=38695Kb free=81304Kb
 bounds [0x0000020264840000, 0x0000020266e10000, 0x000002026bd70000]
CodeHeap 'non-nmethods': size=5696Kb used=2475Kb max_used=2527Kb free=3220Kb
 bounds [0x00000202642b0000, 0x0000020264540000, 0x0000020264840000]
 total_blobs=18023 nmethods=17014 adapters=920
 compilation: enabled
              stopped_count=0, restarted_count=0
 full_count=0

Compilation events (20 events):
Event: 87.856 Thread 0x000002027ab48000 17226       2       com.android.tools.r8.code.r::<init> (7 bytes)
Event: 87.856 Thread 0x000002027ab48000 nmethod 17226 0x0000020266e07c90 code [0x0000020266e07e40, 0x0000020266e07f98]
Event: 87.933 Thread 0x000002027ab48000 17227       2       com.android.tools.r8.code.N0::hashCode (28 bytes)
Event: 87.933 Thread 0x000002027ab48000 nmethod 17227 0x0000020266e08090 code [0x0000020266e08240, 0x0000020266e08388]
Event: 87.934 Thread 0x000002027ab48000 17228       2       com.android.tools.r8.code.i::<init> (7 bytes)
Event: 87.934 Thread 0x000002027ab48000 nmethod 17228 0x0000020266e08410 code [0x0000020266e085c0, 0x0000020266e08718]
Event: 87.951 Thread 0x000002027ab48000 17229       2       com.android.tools.r8.code.N0::<init> (34 bytes)
Event: 87.952 Thread 0x000002027ab48000 nmethod 17229 0x0000020266e08810 code [0x0000020266e089e0, 0x0000020266e08ba8]
Event: 87.966 Thread 0x000002027ab48000 17233       2       com.android.tools.r8.graph.e1::<init> (10 bytes)
Event: 87.966 Thread 0x000002027ab48000 nmethod 17233 0x0000020266e08d10 code [0x0000020266e08ec0, 0x0000020266e08ff8]
Event: 87.968 Thread 0x000002027ab48000 17234       2       com.android.tools.r8.internal.d1::iterator (5 bytes)
Event: 87.969 Thread 0x000002027ab48000 nmethod 17234 0x0000020266e09090 code [0x0000020266e09240, 0x0000020266e09428]
Event: 87.969 Thread 0x000002027ab48000 17235       2       com.android.tools.r8.code.c0::hashCode (22 bytes)
Event: 87.970 Thread 0x000002027ab48000 nmethod 17235 0x0000020266e09510 code [0x0000020266e096c0, 0x0000020266e09808]
Event: 88.027 Thread 0x000002027ab48000 17238       2       com.android.tools.r8.code.t::<init> (7 bytes)
Event: 88.027 Thread 0x000002027ab48000 nmethod 17238 0x0000020266e09890 code [0x0000020266e09a60, 0x0000020266e09c28]
Event: 88.038 Thread 0x000002027ab47000 nmethod 17002 0x000002026c916090 code [0x000002026c9165e0, 0x000002026c91e4c8]
Event: 88.038 Thread 0x000002027ab47000 17127       4       com.android.tools.r8.graph.a1::a (158 bytes)
Event: 88.046 Thread 0x000002027ab47000 nmethod 17127 0x000002026c922690 code [0x000002026c922840, 0x000002026c922b58]
Event: 88.046 Thread 0x000002027ab47000 17203       4       com.android.tools.r8.internal.Gi::d (61 bytes)

GC Heap History (20 events):
Event: 84.868 GC heap after
{Heap after GC invocations=65 (full 0):
 garbage-first heap   total 273408K, used 218381K [0x0000000080000000, 0x0000000100000000)
  region size 1024K, 2 young (2048K), 2 survivors (2048K)
 Metaspace       used 120452K, capacity 123956K, committed 124188K, reserved 1157120K
  class space    used 15280K, capacity 16488K, committed 16512K, reserved 1048576K
}
Event: 85.176 GC heap before
{Heap before GC invocations=65 (full 0):
 garbage-first heap   total 273408K, used 235789K [0x0000000080000000, 0x0000000100000000)
  region size 1024K, 20 young (20480K), 2 survivors (2048K)
 Metaspace       used 120667K, capacity 124188K, committed 124316K, reserved 1157120K
  class space    used 15305K, capacity 16522K, committed 16640K, reserved 1048576K
}
Event: 85.200 GC heap after
{Heap after GC invocations=66 (full 0):
 garbage-first heap   total 273408K, used 225648K [0x0000000080000000, 0x0000000100000000)
  region size 1024K, 3 young (3072K), 3 survivors (3072K)
 Metaspace       used 120667K, capacity 124188K, committed 124316K, reserved 1157120K
  class space    used 15305K, capacity 16522K, committed 16640K, reserved 1048576K
}
Event: 85.425 GC heap before
{Heap before GC invocations=66 (full 0):
 garbage-first heap   total 273408K, used 235888K [0x0000000080000000, 0x0000000100000000)
  region size 1024K, 13 young (13312K), 3 survivors (3072K)
 Metaspace       used 120669K, capacity 124188K, committed 124316K, reserved 1157120K
  class space    used 15305K, capacity 16522K, committed 16640K, reserved 1048576K
}
Event: 85.446 GC heap after
{Heap after GC invocations=67 (full 0):
 garbage-first heap   total 273408K, used 230185K [0x0000000080000000, 0x0000000100000000)
  region size 1024K, 2 young (2048K), 2 survivors (2048K)
 Metaspace       used 120669K, capacity 124188K, committed 124316K, reserved 1157120K
  class space    used 15305K, capacity 16522K, committed 16640K, reserved 1048576K
}
Event: 85.604 GC heap before
{Heap before GC invocations=67 (full 0):
 garbage-first heap   total 273408K, used 242473K [0x0000000080000000, 0x0000000100000000)
  region size 1024K, 13 young (13312K), 2 survivors (2048K)
 Metaspace       used 120669K, capacity 124188K, committed 124316K, reserved 1157120K
  class space    used 15305K, capacity 16522K, committed 16640K, reserved 1048576K
}
Event: 85.630 GC heap after
{Heap after GC invocations=68 (full 0):
 garbage-first heap   total 273408K, used 236021K [0x0000000080000000, 0x0000000100000000)
  region size 1024K, 2 young (2048K), 2 survivors (2048K)
 Metaspace       used 120669K, capacity 124188K, committed 124316K, reserved 1157120K
  class space    used 15305K, capacity 16522K, committed 16640K, reserved 1048576K
}
Event: 85.853 GC heap before
{Heap before GC invocations=68 (full 0):
 garbage-first heap   total 273408K, used 247285K [0x0000000080000000, 0x0000000100000000)
  region size 1024K, 13 young (13312K), 2 survivors (2048K)
 Metaspace       used 120691K, capacity 124255K, committed 124572K, reserved 1157120K
  class space    used 15309K, capacity 16523K, committed 16640K, reserved 1048576K
}
Event: 85.887 GC heap after
{Heap after GC invocations=69 (full 0):
 garbage-first heap   total 273408K, used 241664K [0x0000000080000000, 0x0000000100000000)
  region size 1024K, 2 young (2048K), 2 survivors (2048K)
 Metaspace       used 120691K, capacity 124255K, committed 124572K, reserved 1157120K
  class space    used 15309K, capacity 16523K, committed 16640K, reserved 1048576K
}
Event: 86.385 GC heap before
{Heap before GC invocations=70 (full 0):
 garbage-first heap   total 273408K, used 251904K [0x0000000080000000, 0x0000000100000000)
  region size 1024K, 13 young (13312K), 2 survivors (2048K)
 Metaspace       used 122883K, capacity 126528K, committed 126876K, reserved 1159168K
  class space    used 15768K, capacity 17053K, committed 17152K, reserved 1048576K
}
Event: 86.411 GC heap after
{Heap after GC invocations=71 (full 0):
 garbage-first heap   total 273408K, used 245158K [0x0000000080000000, 0x0000000100000000)
  region size 1024K, 2 young (2048K), 2 survivors (2048K)
 Metaspace       used 122883K, capacity 126528K, committed 126876K, reserved 1159168K
  class space    used 15768K, capacity 17053K, committed 17152K, reserved 1048576K
}
Event: 86.590 GC heap before
{Heap before GC invocations=71 (full 0):
 garbage-first heap   total 273408K, used 256422K [0x0000000080000000, 0x0000000100000000)
  region size 1024K, 13 young (13312K), 2 survivors (2048K)
 Metaspace       used 122976K, capacity 126604K, committed 126876K, reserved 1159168K
  class space    used 15768K, capacity 17053K, committed 17152K, reserved 1048576K
}
Event: 86.616 GC heap after
{Heap after GC invocations=72 (full 0):
 garbage-first heap   total 328704K, used 250183K [0x0000000080000000, 0x0000000100000000)
  region size 1024K, 2 young (2048K), 2 survivors (2048K)
 Metaspace       used 122976K, capacity 126604K, committed 126876K, reserved 1159168K
  class space    used 15768K, capacity 17053K, committed 17152K, reserved 1048576K
}
Event: 87.334 GC heap before
{Heap before GC invocations=72 (full 0):
 garbage-first heap   total 328704K, used 268615K [0x0000000080000000, 0x0000000100000000)
  region size 1024K, 21 young (21504K), 2 survivors (2048K)
 Metaspace       used 123040K, capacity 126672K, committed 126876K, reserved 1159168K
  class space    used 15769K, capacity 17054K, committed 17152K, reserved 1048576K
}
Event: 87.412 GC heap after
{Heap after GC invocations=73 (full 0):
 garbage-first heap   total 328704K, used 260385K [0x0000000080000000, 0x0000000100000000)
  region size 1024K, 3 young (3072K), 3 survivors (3072K)
 Metaspace       used 123040K, capacity 126672K, committed 126876K, reserved 1159168K
  class space    used 15769K, capacity 17054K, committed 17152K, reserved 1048576K
}
Event: 87.691 GC heap before
{Heap before GC invocations=73 (full 0):
 garbage-first heap   total 328704K, used 275745K [0x0000000080000000, 0x0000000100000000)
  region size 1024K, 18 young (18432K), 3 survivors (3072K)
 Metaspace       used 123050K, capacity 126674K, committed 126876K, reserved 1159168K
  class space    used 15769K, capacity 17054K, committed 17152K, reserved 1048576K
}
Event: 87.727 GC heap after
{Heap after GC invocations=74 (full 0):
 garbage-first heap   total 328704K, used 268682K [0x0000000080000000, 0x0000000100000000)
  region size 1024K, 3 young (3072K), 3 survivors (3072K)
 Metaspace       used 123050K, capacity 126674K, committed 126876K, reserved 1159168K
  class space    used 15769K, capacity 17054K, committed 17152K, reserved 1048576K
}
Event: 87.861 GC heap before
{Heap before GC invocations=74 (full 0):
 garbage-first heap   total 328704K, used 280970K [0x0000000080000000, 0x0000000100000000)
  region size 1024K, 16 young (16384K), 3 survivors (3072K)
 Metaspace       used 123065K, capacity 126688K, committed 126876K, reserved 1159168K
  class space    used 15771K, capacity 17056K, committed 17152K, reserved 1048576K
}
Event: 87.882 GC heap after
{Heap after GC invocations=75 (full 0):
 garbage-first heap   total 328704K, used 275841K [0x0000000080000000, 0x0000000100000000)
  region size 1024K, 2 young (2048K), 2 survivors (2048K)
 Metaspace       used 123065K, capacity 126688K, committed 126876K, reserved 1159168K
  class space    used 15771K, capacity 17056K, committed 17152K, reserved 1048576K
}
Event: 88.058 GC heap before
{Heap before GC invocations=75 (full 0):
 garbage-first heap   total 328704K, used 290177K [0x0000000080000000, 0x0000000100000000)
  region size 1024K, 16 young (16384K), 2 survivors (2048K)
 Metaspace       used 123069K, capacity 126688K, committed 126876K, reserved 1159168K
  class space    used 15771K, capacity 17056K, committed 17152K, reserved 1048576K
}

Deoptimization events (20 events):
Event: 87.953 Thread 0x0000020207db5000 DEOPT PACKING pc=0x0000020266d1810c sp=0x000000b2bb4febe0
Event: 87.953 Thread 0x0000020207db5000 DEOPT UNPACKING pc=0x00000202642fa95e sp=0x000000b2bb4fe220 mode 0
Event: 87.970 Thread 0x0000020207db5000 DEOPT PACKING pc=0x0000020266d1810c sp=0x000000b2bb4febe0
Event: 87.970 Thread 0x0000020207db5000 DEOPT UNPACKING pc=0x00000202642fa95e sp=0x000000b2bb4fe220 mode 0
Event: 87.981 Thread 0x0000020207db3800 DEOPT PACKING pc=0x0000020266d1810c sp=0x000000b2bb6fe790
Event: 87.981 Thread 0x0000020207db3800 DEOPT UNPACKING pc=0x00000202642fa95e sp=0x000000b2bb6fddd0 mode 0
Event: 87.985 Thread 0x0000020207db3800 DEOPT PACKING pc=0x0000020266d1810c sp=0x000000b2bb6fe790
Event: 87.985 Thread 0x0000020207db3800 DEOPT UNPACKING pc=0x00000202642fa95e sp=0x000000b2bb6fddd0 mode 0
Event: 87.996 Thread 0x0000020207db5000 DEOPT PACKING pc=0x0000020266d1810c sp=0x000000b2bb4febe0
Event: 87.996 Thread 0x0000020207db5000 DEOPT UNPACKING pc=0x00000202642fa95e sp=0x000000b2bb4fe220 mode 0
Event: 88.002 Thread 0x0000020207db3800 DEOPT PACKING pc=0x0000020266d1810c sp=0x000000b2bb6fe7b0
Event: 88.002 Thread 0x0000020207db3800 DEOPT UNPACKING pc=0x00000202642fa95e sp=0x000000b2bb6fddf0 mode 0
Event: 88.019 Thread 0x0000020207dab800 DEOPT PACKING pc=0x0000020266d1810c sp=0x000000b2b70febb0
Event: 88.019 Thread 0x0000020207dab800 DEOPT UNPACKING pc=0x00000202642fa95e sp=0x000000b2b70fe1f0 mode 0
Event: 88.022 Thread 0x0000020207dab800 DEOPT PACKING pc=0x0000020266d1810c sp=0x000000b2b70feb90
Event: 88.022 Thread 0x0000020207dab800 DEOPT UNPACKING pc=0x00000202642fa95e sp=0x000000b2b70fe1d0 mode 0
Event: 88.026 Thread 0x0000020207db2800 DEOPT PACKING pc=0x0000020266d1810c sp=0x000000b2bb5fe880
Event: 88.026 Thread 0x0000020207db2800 DEOPT UNPACKING pc=0x00000202642fa95e sp=0x000000b2bb5fdec0 mode 0
Event: 88.045 Thread 0x0000020207dab800 DEOPT PACKING pc=0x0000020266d1810c sp=0x000000b2b70febb0
Event: 88.045 Thread 0x0000020207dab800 DEOPT UNPACKING pc=0x00000202642fa95e sp=0x000000b2b70fe1f0 mode 0

Classes redefined (0 events):
No events

Internal exceptions (20 events):
Event: 77.648 Thread 0x000002027f2e0000 Exception <a 'java/lang/NoSuchMethodError'{0x000000009042e2e0}: <clinit>> (0x000000009042e2e0) thrown at [./src/hotspot/share/prims/jni.cpp, line 1366]
Event: 78.771 Thread 0x000002027f2e2800 Exception <a 'java/lang/NoSuchMethodError'{0x000000008e72c450}: 'void java.lang.invoke.DirectMethodHandle$Holder.invokeInterface(java.lang.Object, java.lang.Object, java.lang.Object, java.lang.Object)'> (0x000000008e72c450) thrown at [./src/hotspot/share/interpreter/linkResolver.cpp, line 773]
Event: 79.463 Thread 0x000002027f2e0800 Exception <a 'java/lang/NoSuchMethodError'{0x0000000090844100}: <clinit>> (0x0000000090844100) thrown at [./src/hotspot/share/prims/jni.cpp, line 1366]
Event: 79.463 Thread 0x000002027f2e0800 Exception <a 'java/lang/NoSuchMethodError'{0x00000000908456f0}: <clinit>> (0x00000000908456f0) thrown at [./src/hotspot/share/prims/jni.cpp, line 1366]
Event: 79.464 Thread 0x000002027f2e0800 Exception <a 'java/lang/NoSuchMethodError'{0x00000000908482f0}: <clinit>> (0x00000000908482f0) thrown at [./src/hotspot/share/prims/jni.cpp, line 1366]
Event: 79.470 Thread 0x000002027f2e0800 Exception <a 'java/lang/NoSuchMethodError'{0x00000000908616c0}: <clinit>> (0x00000000908616c0) thrown at [./src/hotspot/share/prims/jni.cpp, line 1366]
Event: 79.470 Thread 0x000002027f2e0800 Exception <a 'java/lang/NoSuchMethodError'{0x0000000090862bc0}: <clinit>> (0x0000000090862bc0) thrown at [./src/hotspot/share/prims/jni.cpp, line 1366]
Event: 80.790 Thread 0x000002027f2e0800 Implicit null exception at 0x000002026bfad5ac to 0x000002026bfad5eb
Event: 81.277 Thread 0x000002027f2e0800 Exception <a 'java/lang/NoSuchMethodError'{0x0000000090aec850}: <clinit>> (0x0000000090aec850) thrown at [./src/hotspot/share/prims/jni.cpp, line 1366]
Event: 81.280 Thread 0x000002027f2e0800 Exception <a 'java/lang/NoSuchMethodError'{0x000000009090c650}: <clinit>> (0x000000009090c650) thrown at [./src/hotspot/share/prims/jni.cpp, line 1366]
Event: 81.280 Thread 0x000002027f2e0800 Exception <a 'java/lang/NoSuchMethodError'{0x000000009090dec8}: <clinit>> (0x000000009090dec8) thrown at [./src/hotspot/share/prims/jni.cpp, line 1366]
Event: 81.294 Thread 0x000002027f2e0800 Exception <a 'java/lang/NoSuchMethodError'{0x0000000090963e48}: <clinit>> (0x0000000090963e48) thrown at [./src/hotspot/share/prims/jni.cpp, line 1366]
Event: 84.290 Thread 0x0000020207dad800 Exception <a 'java/net/ConnectException'{0x000000008efba5d8}: Connection refused: connect> (0x000000008efba5d8) thrown at [./src/hotspot/share/prims/jni.cpp, line 637]
Event: 84.484 Thread 0x0000020207dac000 Exception <a 'sun/nio/fs/WindowsException'{0x000000008eb2e768}> (0x000000008eb2e768) thrown at [./src/hotspot/share/prims/jni.cpp, line 616]
Event: 84.571 Thread 0x0000020207dac000 Exception <a 'java/lang/NoSuchMethodError'{0x000000008eae5c80}: 'java.lang.Object java.lang.invoke.DirectMethodHandle$Holder.newInvokeSpecial(java.lang.Object, int)'> (0x000000008eae5c80) thrown at [./src/hotspot/share/interpreter/linkResolver.cpp, line 773]
Event: 84.791 Thread 0x0000020207dac000 Exception <a 'java/lang/NoSuchMethodError'{0x000000008e330e70}: 'java.lang.Object java.lang.invoke.DirectMethodHandle$Holder.invokeStaticInit(java.lang.Object, java.lang.Object, java.lang.Object, java.lang.Object, java.lang.Object, java.lang.Object, java.lang.Object, java.lang.Object, java.lang.Object, java.lang.Object, java.lang.Object, java.lang.Object, java.lang.Object, java.lang.Object, java.lang.Object, java.lang.Object, java.lang.Object, java.lang.Object, int, java.lang.Object, java.lang.Object)'> (0
Event: 85.960 Thread 0x0000020207dab800 Exception <a 'java/lang/IncompatibleClassChangeError'{0x00000000909975e8}: Found class java.lang.Object, but interface was expected> (0x00000000909975e8) thrown at [./src/hotspot/share/interpreter/linkResolver.cpp, line 839]
Event: 85.971 Thread 0x0000020207dab800 Exception <a 'java/lang/IncompatibleClassChangeError'{0x00000000909f3e88}: Found class java.lang.Object, but interface was expected> (0x00000000909f3e88) thrown at [./src/hotspot/share/interpreter/linkResolver.cpp, line 839]
Event: 85.972 Thread 0x0000020207dab800 Exception <a 'java/lang/IncompatibleClassChangeError'{0x0000000090800df8}: Found class java.lang.Object, but interface was expected> (0x0000000090800df8) thrown at [./src/hotspot/share/interpreter/linkResolver.cpp, line 839]
Event: 86.881 Thread 0x0000020207dad800 Exception <a 'java/net/ConnectException'{0x00000000935efd38}: Connection refused: connect> (0x00000000935efd38) thrown at [./src/hotspot/share/prims/jni.cpp, line 637]

Events (20 events):
Event: 86.284 loading class com/android/tools/r8/internal/pG done
Event: 86.385 Executing VM operation: G1CollectForAllocation
Event: 86.411 Executing VM operation: G1CollectForAllocation done
Event: 86.590 Executing VM operation: G1CollectForAllocation
Event: 86.616 Executing VM operation: G1CollectForAllocation done
Event: 86.801 loading class com/android/tools/r8/internal/Ze
Event: 86.801 loading class com/android/tools/r8/internal/Ze done
Event: 86.804 loading class com/android/tools/r8/graph/a0$a
Event: 86.804 loading class com/android/tools/r8/graph/a0$a done
Event: 86.804 loading class com/android/tools/r8/graph/a0$a
Event: 86.804 loading class com/android/tools/r8/graph/a0$a done
Event: 86.804 loading class com/android/tools/r8/dex/i
Event: 86.804 loading class com/android/tools/r8/dex/i done
Event: 87.214 Executing VM operation: G1CollectForAllocation
Event: 87.412 Executing VM operation: G1CollectForAllocation done
Event: 87.689 Executing VM operation: G1CollectForAllocation
Event: 87.727 Executing VM operation: G1CollectForAllocation done
Event: 87.860 Executing VM operation: G1CollectForAllocation
Event: 87.883 Executing VM operation: G1CollectForAllocation done
Event: 88.050 Executing VM operation: G1CollectForAllocation


Dynamic libraries:
0x00007ff612a10000 - 0x00007ff612a1a000 	C:\Program Files\Android\Android Studio\jre\bin\java.exe
0x00007ff85a720000 - 0x00007ff85a929000 	C:\Windows\SYSTEM32\ntdll.dll
0x00007ff85a330000 - 0x00007ff85a3ee000 	C:\Windows\System32\KERNEL32.DLL
0x00007ff857ff0000 - 0x00007ff85836b000 	C:\Windows\System32\KERNELBASE.dll
0x00007ff857c60000 - 0x00007ff857d71000 	C:\Windows\System32\ucrtbase.dll
0x00007ff8264f0000 - 0x00007ff826507000 	C:\Program Files\Android\Android Studio\jre\bin\VCRUNTIME140.dll
0x00007ff823d40000 - 0x00007ff823d59000 	C:\Program Files\Android\Android Studio\jre\bin\jli.dll
0x00007ff85a530000 - 0x00007ff85a6dd000 	C:\Windows\System32\USER32.dll
0x00007ff857fc0000 - 0x00007ff857fe6000 	C:\Windows\System32\win32u.dll
0x00007ff858da0000 - 0x00007ff858dc9000 	C:\Windows\System32\GDI32.dll
0x00007ff842350000 - 0x00007ff8425f5000 	C:\Windows\WinSxS\amd64_microsoft.windows.common-controls_6595b64144ccf1df_6.0.22000.120_none_9d947278b86cc467\COMCTL32.dll
0x00007ff857d80000 - 0x00007ff857e98000 	C:\Windows\System32\gdi32full.dll
0x00007ff85a480000 - 0x00007ff85a523000 	C:\Windows\System32\msvcrt.dll
0x00007ff857f20000 - 0x00007ff857fbd000 	C:\Windows\System32\msvcp_win.dll
0x00007ff85a0b0000 - 0x00007ff85a0e2000 	C:\Windows\System32\IMM32.DLL
0x00007ff81e2f0000 - 0x00007ff81e38d000 	C:\Program Files\Android\Android Studio\jre\bin\msvcp140.dll
0x00007ff81b010000 - 0x00007ff81bb12000 	C:\Program Files\Android\Android Studio\jre\bin\server\jvm.dll
0x00007ff85a000000 - 0x00007ff85a0ae000 	C:\Windows\System32\ADVAPI32.dll
0x00007ff858850000 - 0x00007ff8588ee000 	C:\Windows\System32\sechost.dll
0x00007ff858c80000 - 0x00007ff858da0000 	C:\Windows\System32\RPCRT4.dll
0x00007ff858690000 - 0x00007ff858698000 	C:\Windows\System32\PSAPI.DLL
0x00007ff853d70000 - 0x00007ff853d79000 	C:\Windows\SYSTEM32\WSOCK32.dll
0x00007ff8597a0000 - 0x00007ff85980f000 	C:\Windows\System32\WS2_32.dll
0x00007ff8501d0000 - 0x00007ff850203000 	C:\Windows\SYSTEM32\WINMM.dll
0x00007ff84ac80000 - 0x00007ff84ac8a000 	C:\Windows\SYSTEM32\VERSION.dll
0x00007ff856d60000 - 0x00007ff856d78000 	C:\Windows\SYSTEM32\kernel.appcore.dll
0x00007ff849e40000 - 0x00007ff849e51000 	C:\Program Files\Android\Android Studio\jre\bin\verify.dll
0x00007ff855770000 - 0x00007ff855991000 	C:\Windows\SYSTEM32\DBGHELP.DLL
0x00007ff848f30000 - 0x00007ff848f61000 	C:\Windows\SYSTEM32\dbgcore.DLL
0x00007ff857ea0000 - 0x00007ff857f1f000 	C:\Windows\System32\bcryptPrimitives.dll
0x00007ff848f00000 - 0x00007ff848f29000 	C:\Program Files\Android\Android Studio\jre\bin\java.dll
0x00007ff851c40000 - 0x00007ff851c4b000 	C:\Program Files\Android\Android Studio\jre\bin\jimage.dll
0x00007ff8497a0000 - 0x00007ff8497b8000 	C:\Program Files\Android\Android Studio\jre\bin\zip.dll
0x00007ff858dd0000 - 0x00007ff859587000 	C:\Windows\System32\SHELL32.dll
0x00007ff855c20000 - 0x00007ff856485000 	C:\Windows\SYSTEM32\windows.storage.dll
0x00007ff858900000 - 0x00007ff858c78000 	C:\Windows\System32\combase.dll
0x00007ff8559a0000 - 0x00007ff855b06000 	C:\Windows\SYSTEM32\wintypes.dll
0x00007ff858760000 - 0x00007ff85884a000 	C:\Windows\System32\SHCORE.dll
0x00007ff859810000 - 0x00007ff85986d000 	C:\Windows\System32\shlwapi.dll
0x00007ff857b20000 - 0x00007ff857b41000 	C:\Windows\SYSTEM32\profapi.dll
0x00007ff848930000 - 0x00007ff84894a000 	C:\Program Files\Android\Android Studio\jre\bin\net.dll
0x00007ff84fbc0000 - 0x00007ff84fcd4000 	C:\Windows\SYSTEM32\WINHTTP.dll
0x00007ff857200000 - 0x00007ff857267000 	C:\Windows\system32\mswsock.dll
0x00007ff8488d0000 - 0x00007ff8488e4000 	C:\Program Files\Android\Android Studio\jre\bin\nio.dll
0x00007ff8456b0000 - 0x00007ff8456d7000 	C:\Users\Administrator\.gradle\native\e1d6ef7f7dcc3fd88c89a11ec53ec762bb8ba0a96d01ffa2cd45eb1d1d8dd5c5\windows-amd64\native-platform.dll
0x00007ff8123f0000 - 0x00007ff812534000 	C:\Users\Administrator\.gradle\native\0d407fdbe67a94daf76414ababcb853783967236a71b16ec16e742cd7a986fd3\windows-amd64\native-platform-file-events.dll
0x00007ff850c90000 - 0x00007ff850c9a000 	C:\Program Files\Android\Android Studio\jre\bin\management.dll
0x00007ff850740000 - 0x00007ff85074d000 	C:\Program Files\Android\Android Studio\jre\bin\management_ext.dll
0x00007ff857450000 - 0x00007ff857468000 	C:\Windows\SYSTEM32\CRYPTSP.dll
0x00007ff856cc0000 - 0x00007ff856cf5000 	C:\Windows\system32\rsaenh.dll
0x00007ff8572f0000 - 0x00007ff857319000 	C:\Windows\SYSTEM32\USERENV.dll
0x00007ff8575d0000 - 0x00007ff8575f7000 	C:\Windows\SYSTEM32\bcrypt.dll
0x00007ff857440000 - 0x00007ff85744c000 	C:\Windows\SYSTEM32\CRYPTBASE.dll
0x00007ff856890000 - 0x00007ff8568bd000 	C:\Windows\SYSTEM32\IPHLPAPI.DLL
0x00007ff859590000 - 0x00007ff859599000 	C:\Windows\System32\NSI.dll
0x00007ff84f380000 - 0x00007ff84f399000 	C:\Windows\SYSTEM32\dhcpcsvc6.DLL
0x00007ff850590000 - 0x00007ff8505ae000 	C:\Windows\SYSTEM32\dhcpcsvc.DLL
0x00007ff8568c0000 - 0x00007ff8569a8000 	C:\Windows\SYSTEM32\DNSAPI.dll

dbghelp: loaded successfully - version: 4.0.5 - missing functions: none
symbol engine: initialized successfully - sym options: 0x614 - pdb path: .;C:\Program Files\Android\Android Studio\jre\bin;C:\Windows\SYSTEM32;C:\Windows\WinSxS\amd64_microsoft.windows.common-controls_6595b64144ccf1df_6.0.22000.120_none_9d947278b86cc467;C:\Program Files\Android\Android Studio\jre\bin\server;C:\Users\Administrator\.gradle\native\e1d6ef7f7dcc3fd88c89a11ec53ec762bb8ba0a96d01ffa2cd45eb1d1d8dd5c5\windows-amd64;C:\Users\Administrator\.gradle\native\0d407fdbe67a94daf76414ababcb853783967236a71b16ec16e742cd7a986fd3\windows-amd64

VM Arguments:
jvm_args: --add-opens=java.base/java.util=ALL-UNNAMED --add-opens=java.base/java.lang=ALL-UNNAMED --add-opens=java.base/java.lang.invoke=ALL-UNNAMED --add-opens=java.base/java.util=ALL-UNNAMED --add-opens=java.prefs/java.util.prefs=ALL-UNNAMED --add-opens=java.prefs/java.util.prefs=ALL-UNNAMED --add-opens=java.base/java.nio.charset=ALL-UNNAMED --add-opens=java.base/java.net=ALL-UNNAMED --add-opens=java.base/java.util.concurrent.atomic=ALL-UNNAMED -Xmx2048m -Dfile.encoding=UTF-8 -Duser.country=US -Duser.language=en -Duser.variant 
java_command: org.gradle.launcher.daemon.bootstrap.GradleDaemon 7.4
java_class_path (initial): C:\Users\Administrator\.gradle\wrapper\dists\gradle-7.4-bin\c0gwcg53nkjbqw7r0h0umtfvt\gradle-7.4\lib\gradle-launcher-7.4.jar
Launcher Type: SUN_STANDARD

[Global flags]
     intx CICompilerCount                          = 3                                         {product} {ergonomic}
     uint ConcGCThreads                            = 1                                         {product} {ergonomic}
     uint G1ConcRefinementThreads                  = 4                                         {product} {ergonomic}
   size_t G1HeapRegionSize                         = 1048576                                   {product} {ergonomic}
    uintx GCDrainStackTargetSize                   = 64                                        {product} {ergonomic}
   size_t InitialHeapSize                          = 134217728                                 {product} {ergonomic}
   size_t MarkStackSize                            = 4194304                                   {product} {ergonomic}
   size_t MaxHeapSize                              = 2147483648                                {product} {command line}
   size_t MaxNewSize                               = 1287651328                                {product} {ergonomic}
   size_t MinHeapDeltaBytes                        = 1048576                                   {product} {ergonomic}
    uintx NonNMethodCodeHeapSize                   = 5830732                                {pd product} {ergonomic}
    uintx NonProfiledCodeHeapSize                  = 122913754                              {pd product} {ergonomic}
    uintx ProfiledCodeHeapSize                     = 122913754                              {pd product} {ergonomic}
    uintx ReservedCodeCacheSize                    = 251658240                              {pd product} {ergonomic}
     bool SegmentedCodeCache                       = true                                      {product} {ergonomic}
     bool UseCompressedClassPointers               = true                                 {lp64_product} {ergonomic}
     bool UseCompressedOops                        = true                                 {lp64_product} {ergonomic}
     bool UseG1GC                                  = true                                      {product} {ergonomic}
     bool UseLargePagesIndividualAllocation        = false                                  {pd product} {ergonomic}

Logging:
Log output configuration:
 #0: stdout all=warning uptime,level,tags
 #1: stderr all=off uptime,level,tags

Environment Variables:
PATH=C:\Program Files (x86)\Common Files\Oracle\Java\javapath;C:\Windows\system32;C:\Windows;C:\Windows\System32\Wbem;C:\Windows\System32\WindowsPowerShell\v1.0\;C:\Windows\System32\OpenSSH\;C:\Program Files\Git\cmd;C:\xampp\php;C:\ProgramData\ComposerSetup\bin;C:\Program Files (x86)\NVIDIA Corporation\PhysX\Common;C:\Program Files\NVIDIA Corporation\NVIDIA NvDLISR;C:\Program Files\nodejs\;C:\Program Files\dotnet\;C:\Users\Administrator\AppData\Local\Microsoft\WindowsApps;C:\Users\Administrator\AppData\Local\Programs\Microsoft VS Code\bin;C:\Users\Administrator\AppData\Roaming\Composer\vendor\bin;D:\xampp\php\php.exe;C:\Users\Administrator\AppData\Roaming\npm;C:\Program Files\Java\jdk-19.0.1\bin;
USERNAME=Administrator
OS=Windows_NT
PROCESSOR_IDENTIFIER=Intel64 Family 6 Model 142 Stepping 9, GenuineIntel



---------------  S Y S T E M  ---------------

OS: Windows 11 , 64 bit Build 22000 (10.0.22000.1335)
OS uptime: 2 days 2:09 hours

CPU:total 4 (initial active 4) (2 cores per cpu, 2 threads per core) family 6 model 142 stepping 9 microcode 0xde, cmov, cx8, fxsr, mmx, sse, sse2, sse3, ssse3, sse4.1, sse4.2, popcnt, avx, avx2, aes, clmul, erms, 3dnowpref, lzcnt, ht, tsc, tscinvbit, bmi1, bmi2, adx, fma

Memory: 4k page, system-wide physical 8073M (437M free)
TotalPageFile size 8073M (AvailPageFile size 102M)
current process WorkingSet (physical memory assigned to process): 655M, peak: 655M
current process commit charge ("private bytes"): 709M, peak: 936M

vm_info: OpenJDK 64-Bit Server VM (11.0.13+0-b1751.21-8125866) for windows-amd64 JRE (11.0.13+0-b1751.21-8125866), built on Feb  2 2022 03:00:22 by "builder" with MS VC++ 14.0 (VS2015)

END.
