#
# There is insufficient memory for the Java Runtime Environment to continue.
# Native memory allocation (malloc) failed to allocate 262160 bytes for Chunk::new
# Possible reasons:
#   The system is out of physical RAM or swap space
#   The process is running with CompressedOops enabled, and the Java Heap may be blocking the growth of the native heap
# Possible solutions:
#   Reduce memory load on the system
#   Increase physical memory or swap space
#   Check if swap backing store is full
#   Decrease Java heap size (-Xmx/-Xms)
#   Decrease number of Java threads
#   Decrease Java thread stack sizes (-Xss)
#   Set larger code cache with -XX:ReservedCodeCacheSize=
#   JVM is running with Unscaled Compressed Oops mode in which the Java heap is
#     placed in the first 4GB address space. The Java Heap base address is the
#     maximum limit for the native heap growth. Please use -XX:HeapBaseMinAddress
#     to set the Java Heap base and to place the Java Heap above 4GB virtual address.
# This output file may be truncated or incomplete.
#
#  Out of Memory Error (./src/hotspot/share/memory/arena.cpp:197), pid=3728, tid=5904
#
# JRE version: OpenJDK Runtime Environment (11.0.13) (build 11.0.13+0-b1751.21-8125866)
# Java VM: OpenJDK 64-Bit Server VM (11.0.13+0-b1751.21-8125866, mixed mode, tiered, compressed oops, g1 gc, windows-amd64)
# No core dump will be written. Minidumps are not enabled by default on client versions of Windows
#

---------------  S U M M A R Y ------------

Command Line: --add-opens=java.base/java.util=ALL-UNNAMED --add-opens=java.base/java.lang=ALL-UNNAMED --add-opens=java.base/java.lang.invoke=ALL-UNNAMED --add-opens=java.base/java.util=ALL-UNNAMED --add-opens=java.prefs/java.util.prefs=ALL-UNNAMED --add-opens=java.prefs/java.util.prefs=ALL-UNNAMED --add-opens=java.base/java.nio.charset=ALL-UNNAMED --add-opens=java.base/java.net=ALL-UNNAMED --add-opens=java.base/java.util.concurrent.atomic=ALL-UNNAMED -Xmx2048m -Dfile.encoding=UTF-8 -Duser.country=US -Duser.language=en -Duser.variant org.gradle.launcher.daemon.bootstrap.GradleDaemon 7.4

Host: Intel(R) Core(TM) i3-7020U CPU @ 2.30GHz, 4 cores, 7G,  Windows 11 , 64 bit Build 22000 (10.0.22000.1335)
Time: Sat Jan  7 23:55:50 2023 SE Asia Standard Time elapsed time: 94.178471 seconds (0d 0h 1m 34s)

---------------  T H R E A D  ---------------

Current thread (0x000001f29e28b800):  JavaThread "C2 CompilerThread0" daemon [_thread_in_native, id=5904, stack(0x000000d82aa00000,0x000000d82ab00000)]


Current CompileTask:
C2:  94178 11771       4       javax.management.ObjectName::construct (1135 bytes)

Stack: [0x000000d82aa00000,0x000000d82ab00000]
Native frames: (J=compiled Java code, j=interpreted, Vv=VM code, C=native code)
V  [jvm.dll+0x6100fa]
V  [jvm.dll+0x747090]
V  [jvm.dll+0x7486ad]
V  [jvm.dll+0x748d83]
V  [jvm.dll+0x24ab48]
V  [jvm.dll+0xc04dc]
V  [jvm.dll+0xc0a0c]
V  [jvm.dll+0x63c5ec]
V  [jvm.dll+0x63c846]
V  [jvm.dll+0x63e164]
V  [jvm.dll+0x63ce1d]
V  [jvm.dll+0x53c7ed]
V  [jvm.dll+0x204e07]
V  [jvm.dll+0x2023c2]
V  [jvm.dll+0x188e01]
V  [jvm.dll+0x21106b]
V  [jvm.dll+0x20f8c1]
V  [jvm.dll+0x70de0f]
V  [jvm.dll+0x706a75]
V  [jvm.dll+0x60ed66]
C  [ucrtbase.dll+0x26c0c]
C  [KERNEL32.DLL+0x155a0]
C  [ntdll.dll+0x485b]


---------------  P R O C E S S  ---------------

Threads class SMR info:
_java_thread_list=0x000001f2a1e2d3e0, length=91, elements={
0x000001f28465e000, 0x000001f29e263000, 0x000001f29e264800, 0x000001f29ebf2800,
0x000001f29e282000, 0x000001f29e285800, 0x000001f29e28b800, 0x000001f29e28d000,
0x000001f29e291000, 0x000001f29ed2b800, 0x000001f2a0fab800, 0x000001f2a03d3800,
0x000001f2a076a800, 0x000001f2a15a7000, 0x000001f2a0cfc800, 0x000001f29ec90800,
0x000001f29f97b000, 0x000001f2a0a9a000, 0x000001f29f97a800, 0x000001f29ee07800,
0x000001f29ee02800, 0x000001f29ee08800, 0x000001f29ee05000, 0x000001f29ee06800,
0x000001f29ee06000, 0x000001f29ee09000, 0x000001f29ee03800, 0x000001f29ee04000,
0x000001f2a1e17800, 0x000001f2a1e15800, 0x000001f2a1e18000, 0x000001f2a1e16800,
0x000001f2a1e1a800, 0x000001f2a1e19800, 0x000001f2a1e15000, 0x000001f2a1e1c000,
0x000001f2a1e1f800, 0x000001f2a1e1d000, 0x000001f2a1e21000, 0x000001f2a1e20800,
0x000001f2a1e1e800, 0x000001f2a1e1b800, 0x000001f2a1e22000, 0x000001f2a1e1e000,
0x000001f2a22f0000, 0x000001f2a22f2800, 0x000001f2a22ef800, 0x000001f2a22f1000,
0x000001f2a22ed000, 0x000001f2a22f3800, 0x000001f2a22f1800, 0x000001f2a22ed800,
0x000001f2a22f4000, 0x000001f2a22ee800, 0x000001f2a22f8000, 0x000001f2a22fa000,
0x000001f2a22f9000, 0x000001f2a22fa800, 0x000001f2a22f6000, 0x000001f2a22f5000,
0x000001f2a22fb800, 0x000001f2a22f6800, 0x000001f2a22f7800, 0x000001f2a4948800,
0x000001f2a4947000, 0x000001f2a4945800, 0x000001f2a4949800, 0x000001f2a494c000,
0x000001f2a4946000, 0x000001f2a494a800, 0x000001f2a494d800, 0x000001f2a494b000,
0x000001f2a494c800, 0x000001f2a4948000, 0x000001f2a4953800, 0x000001f2a4954000,
0x000001f2a494e800, 0x000001f2a4950000, 0x000001f2a4951000, 0x000001f2a4951800,
0x000001f2a4952800, 0x000001f2a4b51000, 0x000001f2a4b55000, 0x000001f2a4b54000,
0x000001f2a4b51800, 0x000001f2a4b50000, 0x000001f2a4b58000, 0x000001f2a4b55800,
0x000001f2a4b53000, 0x000001f2a4b56800, 0x000001f2a4b57800
}

Java Threads: ( => current thread )
  0x000001f28465e000 JavaThread "main" [_thread_blocked, id=5628, stack(0x000000d829e00000,0x000000d829f00000)]
  0x000001f29e263000 JavaThread "Reference Handler" daemon [_thread_blocked, id=7508, stack(0x000000d82a500000,0x000000d82a600000)]
  0x000001f29e264800 JavaThread "Finalizer" daemon [_thread_blocked, id=3464, stack(0x000000d82a600000,0x000000d82a700000)]
  0x000001f29ebf2800 JavaThread "Signal Dispatcher" daemon [_thread_blocked, id=15208, stack(0x000000d82a700000,0x000000d82a800000)]
  0x000001f29e282000 JavaThread "Attach Listener" daemon [_thread_blocked, id=11084, stack(0x000000d82a800000,0x000000d82a900000)]
  0x000001f29e285800 JavaThread "Service Thread" daemon [_thread_blocked, id=6948, stack(0x000000d82a900000,0x000000d82aa00000)]
=>0x000001f29e28b800 JavaThread "C2 CompilerThread0" daemon [_thread_in_native, id=5904, stack(0x000000d82aa00000,0x000000d82ab00000)]
  0x000001f29e28d000 JavaThread "C1 CompilerThread0" daemon [_thread_blocked, id=4880, stack(0x000000d82ab00000,0x000000d82ac00000)]
  0x000001f29e291000 JavaThread "Sweeper thread" daemon [_thread_blocked, id=5292, stack(0x000000d82ac00000,0x000000d82ad00000)]
  0x000001f29ed2b800 JavaThread "Common-Cleaner" daemon [_thread_blocked, id=14444, stack(0x000000d82ad00000,0x000000d82ae00000)]
  0x000001f2a0fab800 JavaThread "Daemon health stats" [_thread_blocked, id=4036, stack(0x000000d82b200000,0x000000d82b300000)]
  0x000001f2a03d3800 JavaThread "Incoming local TCP Connector on port 4514" [_thread_in_native, id=4604, stack(0x000000d82af00000,0x000000d82b000000)]
  0x000001f2a076a800 JavaThread "Daemon periodic checks" [_thread_blocked, id=12856, stack(0x000000d82b500000,0x000000d82b600000)]
  0x000001f2a15a7000 JavaThread "Daemon" [_thread_blocked, id=7908, stack(0x000000d82b600000,0x000000d82b700000)]
  0x000001f2a0cfc800 JavaThread "Handler for socket connection from /127.0.0.1:4514 to /127.0.0.1:4515" [_thread_in_native, id=9552, stack(0x000000d82b700000,0x000000d82b800000)]
  0x000001f29ec90800 JavaThread "Cancel handler" [_thread_blocked, id=10652, stack(0x000000d82b800000,0x000000d82b900000)]
  0x000001f29f97b000 JavaThread "Daemon worker" [_thread_blocked, id=5560, stack(0x000000d82b900000,0x000000d82ba00000)]
  0x000001f2a0a9a000 JavaThread "Asynchronous log dispatcher for DefaultDaemonConnection: socket connection from /127.0.0.1:4514 to /127.0.0.1:4515" [_thread_blocked, id=5992, stack(0x000000d82ba00000,0x000000d82bb00000)]
  0x000001f29f97a800 JavaThread "Daemon client event forwarder" [_thread_blocked, id=13000, stack(0x000000d82bc00000,0x000000d82bd00000)]
  0x000001f29ee07800 JavaThread "Cache worker for journal cache (C:\Users\Administrator\.gradle\caches\journal-1)" [_thread_blocked, id=8, stack(0x000000d82bd00000,0x000000d82be00000)]
  0x000001f29ee02800 JavaThread "File lock request listener" [_thread_in_native, id=15300, stack(0x000000d82be00000,0x000000d82bf00000)]
  0x000001f29ee08800 JavaThread "Cache worker for file hash cache (C:\Users\Administrator\.gradle\caches\7.4\fileHashes)" [_thread_blocked, id=12540, stack(0x000000d82bf00000,0x000000d82c000000)]
  0x000001f29ee05000 JavaThread "File watcher server" daemon [_thread_in_native, id=4692, stack(0x000000d82c100000,0x000000d82c200000)]
  0x000001f29ee06800 JavaThread "File watcher consumer" daemon [_thread_blocked, id=2120, stack(0x000000d82c200000,0x000000d82c300000)]
  0x000001f29ee06000 JavaThread "Cache worker for checksums cache (D:\SETIK\findbarber\.gradle\7.4\checksums)" [_thread_blocked, id=7848, stack(0x000000d82c300000,0x000000d82c400000)]
  0x000001f29ee09000 JavaThread "Cache worker for cache directory md-rule (C:\Users\Administrator\.gradle\caches\7.4\md-rule)" [_thread_blocked, id=1164, stack(0x000000d82c400000,0x000000d82c500000)]
  0x000001f29ee03800 JavaThread "Cache worker for file hash cache (D:\SETIK\findbarber\.gradle\7.4\fileHashes)" [_thread_blocked, id=7744, stack(0x000000d82c500000,0x000000d82c600000)]
  0x000001f29ee04000 JavaThread "Cache worker for cache directory md-supplier (C:\Users\Administrator\.gradle\caches\7.4\md-supplier)" [_thread_blocked, id=6184, stack(0x000000d82c600000,0x000000d82c700000)]
  0x000001f2a1e17800 JavaThread "Cache worker for execution history cache (C:\Users\Administrator\.gradle\caches\7.4\executionHistory)" [_thread_blocked, id=13468, stack(0x000000d82c700000,0x000000d82c800000)]
  0x000001f2a1e15800 JavaThread "jar transforms" [_thread_blocked, id=6208, stack(0x000000d82c800000,0x000000d82c900000)]
  0x000001f2a1e18000 JavaThread "Cache worker for file content cache (C:\Users\Administrator\.gradle\caches\7.4\fileContent)" [_thread_blocked, id=1444, stack(0x000000d82c900000,0x000000d82ca00000)]
  0x000001f2a1e16800 JavaThread "jar transforms Thread 2" [_thread_blocked, id=7392, stack(0x000000d82ca00000,0x000000d82cb00000)]
  0x000001f2a1e1a800 JavaThread "Cache worker for dependencies-accessors (D:\SETIK\findbarber\.gradle\7.4\dependencies-accessors)" [_thread_blocked, id=15028, stack(0x000000d82cb00000,0x000000d82cc00000)]
  0x000001f2a1e19800 JavaThread "jar transforms Thread 3" [_thread_blocked, id=3116, stack(0x000000d82cc00000,0x000000d82cd00000)]
  0x000001f2a1e15000 JavaThread "Cache worker for Build Output Cleanup Cache (D:\SETIK\findbarber\.gradle\buildOutputCleanup)" [_thread_blocked, id=9332, stack(0x000000d82cd00000,0x000000d82ce00000)]
  0x000001f2a1e1c000 JavaThread "Unconstrained build operations" [_thread_blocked, id=6320, stack(0x000000d82ce00000,0x000000d82cf00000)]
  0x000001f2a1e1f800 JavaThread "Unconstrained build operations Thread 2" [_thread_blocked, id=6052, stack(0x000000d82cf00000,0x000000d82d000000)]
  0x000001f2a1e1d000 JavaThread "Unconstrained build operations Thread 3" [_thread_blocked, id=8084, stack(0x000000d82d000000,0x000000d82d100000)]
  0x000001f2a1e21000 JavaThread "Unconstrained build operations Thread 4" [_thread_blocked, id=9972, stack(0x000000d82d100000,0x000000d82d200000)]
  0x000001f2a1e20800 JavaThread "Unconstrained build operations Thread 5" [_thread_blocked, id=2768, stack(0x000000d82d200000,0x000000d82d300000)]
  0x000001f2a1e1e800 JavaThread "Unconstrained build operations Thread 6" [_thread_blocked, id=13204, stack(0x000000d82d300000,0x000000d82d400000)]
  0x000001f2a1e1b800 JavaThread "Unconstrained build operations Thread 7" [_thread_blocked, id=7304, stack(0x000000d82d400000,0x000000d82d500000)]
  0x000001f2a1e22000 JavaThread "Unconstrained build operations Thread 8" [_thread_blocked, id=13804, stack(0x000000d82d500000,0x000000d82d600000)]
  0x000001f2a1e1e000 JavaThread "Unconstrained build operations Thread 9" [_thread_blocked, id=6704, stack(0x000000d82d600000,0x000000d82d700000)]
  0x000001f2a22f0000 JavaThread "Unconstrained build operations Thread 10" [_thread_blocked, id=7880, stack(0x000000d82d700000,0x000000d82d800000)]
  0x000001f2a22f2800 JavaThread "Unconstrained build operations Thread 11" [_thread_blocked, id=12224, stack(0x000000d82d800000,0x000000d82d900000)]
  0x000001f2a22ef800 JavaThread "Unconstrained build operations Thread 12" [_thread_blocked, id=5048, stack(0x000000d82d900000,0x000000d82da00000)]
  0x000001f2a22f1000 JavaThread "Unconstrained build operations Thread 13" [_thread_blocked, id=8424, stack(0x000000d82da00000,0x000000d82db00000)]
  0x000001f2a22ed000 JavaThread "Unconstrained build operations Thread 14" [_thread_blocked, id=10684, stack(0x000000d82db00000,0x000000d82dc00000)]
  0x000001f2a22f3800 JavaThread "Unconstrained build operations Thread 15" [_thread_blocked, id=7900, stack(0x000000d82dc00000,0x000000d82dd00000)]
  0x000001f2a22f1800 JavaThread "Unconstrained build operations Thread 16" [_thread_blocked, id=2060, stack(0x000000d82dd00000,0x000000d82de00000)]
  0x000001f2a22ed800 JavaThread "Unconstrained build operations Thread 17" [_thread_blocked, id=7772, stack(0x000000d82de00000,0x000000d82df00000)]
  0x000001f2a22f4000 JavaThread "Unconstrained build operations Thread 18" [_thread_blocked, id=5184, stack(0x000000d82df00000,0x000000d82e000000)]
  0x000001f2a22ee800 JavaThread "Unconstrained build operations Thread 19" [_thread_blocked, id=7916, stack(0x000000d82e000000,0x000000d82e100000)]
  0x000001f2a22f8000 JavaThread "Unconstrained build operations Thread 20" [_thread_blocked, id=11360, stack(0x000000d82e100000,0x000000d82e200000)]
  0x000001f2a22fa000 JavaThread "Unconstrained build operations Thread 21" [_thread_blocked, id=14752, stack(0x000000d82e200000,0x000000d82e300000)]
  0x000001f2a22f9000 JavaThread "Unconstrained build operations Thread 22" [_thread_blocked, id=9076, stack(0x000000d82e300000,0x000000d82e400000)]
  0x000001f2a22fa800 JavaThread "Unconstrained build operations Thread 23" [_thread_blocked, id=996, stack(0x000000d82e400000,0x000000d82e500000)]
  0x000001f2a22f6000 JavaThread "Unconstrained build operations Thread 24" [_thread_blocked, id=9080, stack(0x000000d82e500000,0x000000d82e600000)]
  0x000001f2a22f5000 JavaThread "Unconstrained build operations Thread 25" [_thread_blocked, id=9440, stack(0x000000d82e600000,0x000000d82e700000)]
  0x000001f2a22fb800 JavaThread "Unconstrained build operations Thread 26" [_thread_blocked, id=4016, stack(0x000000d82e700000,0x000000d82e800000)]
  0x000001f2a22f6800 JavaThread "Unconstrained build operations Thread 27" [_thread_blocked, id=14884, stack(0x000000d82e800000,0x000000d82e900000)]
  0x000001f2a22f7800 JavaThread "Unconstrained build operations Thread 28" [_thread_blocked, id=14196, stack(0x000000d82e900000,0x000000d82ea00000)]
  0x000001f2a4948800 JavaThread "Unconstrained build operations Thread 29" [_thread_blocked, id=8648, stack(0x000000d82ea00000,0x000000d82eb00000)]
  0x000001f2a4947000 JavaThread "Unconstrained build operations Thread 30" [_thread_blocked, id=8524, stack(0x000000d82eb00000,0x000000d82ec00000)]
  0x000001f2a4945800 JavaThread "Unconstrained build operations Thread 31" [_thread_blocked, id=5720, stack(0x000000d82ec00000,0x000000d82ed00000)]
  0x000001f2a4949800 JavaThread "Unconstrained build operations Thread 32" [_thread_blocked, id=5956, stack(0x000000d82ed00000,0x000000d82ee00000)]
  0x000001f2a494c000 JavaThread "Unconstrained build operations Thread 33" [_thread_blocked, id=4904, stack(0x000000d82ee00000,0x000000d82ef00000)]
  0x000001f2a4946000 JavaThread "Unconstrained build operations Thread 34" [_thread_blocked, id=14692, stack(0x000000d82ef00000,0x000000d82f000000)]
  0x000001f2a494a800 JavaThread "Unconstrained build operations Thread 35" [_thread_blocked, id=1624, stack(0x000000d82f000000,0x000000d82f100000)]
  0x000001f2a494d800 JavaThread "Unconstrained build operations Thread 36" [_thread_blocked, id=1592, stack(0x000000d82f100000,0x000000d82f200000)]
  0x000001f2a494b000 JavaThread "Unconstrained build operations Thread 37" [_thread_blocked, id=4312, stack(0x000000d82f200000,0x000000d82f300000)]
  0x000001f2a494c800 JavaThread "Unconstrained build operations Thread 38" [_thread_blocked, id=9124, stack(0x000000d82f300000,0x000000d82f400000)]
  0x000001f2a4948000 JavaThread "Unconstrained build operations Thread 39" [_thread_blocked, id=12572, stack(0x000000d82f400000,0x000000d82f500000)]
  0x000001f2a4953800 JavaThread "Unconstrained build operations Thread 40" [_thread_blocked, id=3296, stack(0x000000d82f500000,0x000000d82f600000)]
  0x000001f2a4954000 JavaThread "jar transforms Thread 4" [_thread_blocked, id=13888, stack(0x000000d82f600000,0x000000d82f700000)]
  0x000001f2a494e800 JavaThread "Memory manager" [_thread_blocked, id=13632, stack(0x000000d82f700000,0x000000d82f800000)]
  0x000001f2a4950000 JavaThread "build event listener" [_thread_blocked, id=14116, stack(0x000000d82f800000,0x000000d82f900000)]
  0x000001f2a4951000 JavaThread "included builds" [_thread_blocked, id=14176, stack(0x000000d82f900000,0x000000d82fa00000)]
  0x000001f2a4951800 JavaThread "Execution worker for ':'" [_thread_blocked, id=2920, stack(0x000000d82fa00000,0x000000d82fb00000)]
  0x000001f2a4952800 JavaThread "Execution worker for ':' Thread 2" [_thread_blocked, id=14040, stack(0x000000d82fb00000,0x000000d82fc00000)]
  0x000001f2a4b51000 JavaThread "Execution worker for ':' Thread 3" [_thread_blocked, id=9104, stack(0x000000d82fc00000,0x000000d82fd00000)]
  0x000001f2a4b55000 JavaThread "Cache worker for execution history cache (D:\SETIK\findbarber\.gradle\7.4\executionHistory)" [_thread_blocked, id=9432, stack(0x000000d82fd00000,0x000000d82fe00000)]
  0x000001f2a4b54000 JavaThread "WorkerExecutor Queue" [_thread_in_native, id=3364, stack(0x000000d82fe00000,0x000000d82ff00000)]
  0x000001f2a4b51800 JavaThread "RMI Scheduler(0)" daemon [_thread_blocked, id=12168, stack(0x000000d830000000,0x000000d830100000)]
  0x000001f2a4b50000 JavaThread "RMI RenewClean-[127.0.0.1:17293,org.jetbrains.kotlin.daemon.common.LoopbackNetworkInterface$ClientLoopbackSocketFactory@1374e1bb]" daemon [_thread_blocked, id=4652, stack(0x000000d830100000,0x000000d830200000)]
  0x000001f2a4b58000 JavaThread "RMI GC Daemon" daemon [_thread_blocked, id=6492, stack(0x000000d830200000,0x000000d830300000)]
  0x000001f2a4b55800 JavaThread "RMI TCP Accept-0" daemon [_thread_in_native, id=2596, stack(0x000000d830400000,0x000000d830500000)]
  0x000001f2a4b53000 JavaThread "RMI Reaper" [_thread_blocked, id=13192, stack(0x000000d830500000,0x000000d830600000)]
  0x000001f2a4b56800 JavaThread "RMI TCP Connection(idle)" daemon [_thread_blocked, id=9192, stack(0x000000d830600000,0x000000d830700000)]
  0x000001f2a4b57800 JavaThread "Thread-73" [_thread_in_native, id=3848, stack(0x000000d829b00000,0x000000d829c00000)]

Other Threads:
  0x000001f29e25c800 VMThread "VM Thread" [stack: 0x000000d82a400000,0x000000d82a500000] [id=10784]
  0x000001f29ed66800 WatcherThread [stack: 0x000000d82ae00000,0x000000d82af00000] [id=1656]
  0x000001f284678800 GCTaskThread "GC Thread#0" [stack: 0x000000d829f00000,0x000000d82a000000] [id=4468]
  0x000001f29f3bb800 GCTaskThread "GC Thread#1" [stack: 0x000000d82b000000,0x000000d82b100000] [id=6232]
  0x000001f29efee000 GCTaskThread "GC Thread#2" [stack: 0x000000d82b100000,0x000000d82b200000] [id=3292]
  0x000001f2a06f5800 GCTaskThread "GC Thread#3" [stack: 0x000000d82b300000,0x000000d82b400000] [id=7688]
  0x000001f2846a8000 ConcurrentGCThread "G1 Main Marker" [stack: 0x000000d82a000000,0x000000d82a100000] [id=6032]
  0x000001f2846aa000 ConcurrentGCThread "G1 Conc#0" [stack: 0x000000d82a100000,0x000000d82a200000] [id=12868]
  0x000001f28473a800 ConcurrentGCThread "G1 Refine#0" [stack: 0x000000d82a200000,0x000000d82a300000] [id=11844]
  0x000001f2a043d800 ConcurrentGCThread "G1 Refine#1" [stack: 0x000000d82b400000,0x000000d82b500000] [id=9000]
  0x000001f28473d800 ConcurrentGCThread "G1 Young RemSet Sampling" [stack: 0x000000d82a300000,0x000000d82a400000] [id=6324]

Threads with active compile tasks:
C2 CompilerThread0  94208 11771       4       javax.management.ObjectName::construct (1135 bytes)

VM state:not at safepoint (normal execution)

VM Mutex/Monitor currently owned by a thread: None

Heap address: 0x0000000080000000, size: 2048 MB, Compressed Oops mode: 32-bit
Narrow klass base: 0x0000000000000000, Narrow klass shift: 3
Compressed class space size: 1073741824 Address: 0x0000000100000000

Heap:
 garbage-first heap   total 227328K, used 93951K [0x0000000080000000, 0x0000000100000000)
  region size 1024K, 10 young (10240K), 9 survivors (9216K)
 Metaspace       used 96408K, capacity 98864K, committed 99152K, reserved 1134592K
  class space    used 12460K, capacity 13405K, committed 13472K, reserved 1048576K
Heap Regions: E=young(eden), S=young(survivor), O=old, HS=humongous(starts), HC=humongous(continues), CS=collection set, F=free, A=archive, TAMS=top-at-mark-start (previous, next)
|   0|0x0000000080000000, 0x0000000080100000, 0x0000000080100000|100%|HS|  |TAMS 0x0000000080100000, 0x0000000080000000| Complete 
|   1|0x0000000080100000, 0x0000000080200000, 0x0000000080200000|100%|HC|  |TAMS 0x0000000080200000, 0x0000000080100000| Complete 
|   2|0x0000000080200000, 0x0000000080300000, 0x0000000080300000|100%|HC|  |TAMS 0x0000000080300000, 0x0000000080200000| Complete 
|   3|0x0000000080300000, 0x0000000080400000, 0x0000000080400000|100%| O|  |TAMS 0x0000000080400000, 0x0000000080300000| Untracked 
|   4|0x0000000080400000, 0x0000000080500000, 0x0000000080500000|100%| O|  |TAMS 0x0000000080500000, 0x0000000080400000| Untracked 
|   5|0x0000000080500000, 0x0000000080600000, 0x0000000080600000|100%| O|  |TAMS 0x0000000080600000, 0x0000000080500000| Untracked 
|   6|0x0000000080600000, 0x0000000080700000, 0x0000000080700000|100%| O|  |TAMS 0x0000000080700000, 0x0000000080600000| Untracked 
|   7|0x0000000080700000, 0x0000000080800000, 0x0000000080800000|100%| O|  |TAMS 0x0000000080800000, 0x0000000080700000| Untracked 
|   8|0x0000000080800000, 0x0000000080900000, 0x0000000080900000|100%| O|  |TAMS 0x0000000080900000, 0x0000000080800000| Untracked 
|   9|0x0000000080900000, 0x0000000080a00000, 0x0000000080a00000|100%| O|  |TAMS 0x0000000080a00000, 0x0000000080900000| Untracked 
|  10|0x0000000080a00000, 0x0000000080b00000, 0x0000000080b00000|100%| O|  |TAMS 0x0000000080b00000, 0x0000000080a00000| Untracked 
|  11|0x0000000080b00000, 0x0000000080c00000, 0x0000000080c00000|100%| O|  |TAMS 0x0000000080c00000, 0x0000000080b00000| Untracked 
|  12|0x0000000080c00000, 0x0000000080d00000, 0x0000000080d00000|100%| O|  |TAMS 0x0000000080d00000, 0x0000000080c00000| Untracked 
|  13|0x0000000080d00000, 0x0000000080e00000, 0x0000000080e00000|100%| O|  |TAMS 0x0000000080e00000, 0x0000000080d00000| Untracked 
|  14|0x0000000080e00000, 0x0000000080f00000, 0x0000000080f00000|100%| O|  |TAMS 0x0000000080f00000, 0x0000000080e00000| Untracked 
|  15|0x0000000080f00000, 0x0000000081000000, 0x0000000081000000|100%| O|  |TAMS 0x0000000081000000, 0x0000000080f00000| Untracked 
|  16|0x0000000081000000, 0x0000000081100000, 0x0000000081100000|100%|HS|  |TAMS 0x0000000081100000, 0x0000000081000000| Complete 
|  17|0x0000000081100000, 0x0000000081200000, 0x0000000081200000|100%| O|  |TAMS 0x0000000081200000, 0x0000000081100000| Untracked 
|  18|0x0000000081200000, 0x0000000081300000, 0x0000000081300000|100%| O|  |TAMS 0x0000000081300000, 0x0000000081200000| Untracked 
|  19|0x0000000081300000, 0x0000000081400000, 0x0000000081400000|100%| O|  |TAMS 0x0000000081400000, 0x0000000081300000| Untracked 
|  20|0x0000000081400000, 0x0000000081500000, 0x0000000081500000|100%| O|  |TAMS 0x0000000081500000, 0x0000000081400000| Untracked 
|  21|0x0000000081500000, 0x0000000081600000, 0x0000000081600000|100%| O|  |TAMS 0x0000000081600000, 0x0000000081500000| Untracked 
|  22|0x0000000081600000, 0x0000000081700000, 0x0000000081700000|100%| O|  |TAMS 0x0000000081700000, 0x0000000081600000| Untracked 
|  23|0x0000000081700000, 0x0000000081800000, 0x0000000081800000|100%| O|  |TAMS 0x0000000081800000, 0x0000000081700000| Untracked 
|  24|0x0000000081800000, 0x0000000081900000, 0x0000000081900000|100%| O|  |TAMS 0x0000000081900000, 0x0000000081800000| Untracked 
|  25|0x0000000081900000, 0x0000000081a00000, 0x0000000081a00000|100%| O|  |TAMS 0x0000000081a00000, 0x0000000081900000| Untracked 
|  26|0x0000000081a00000, 0x0000000081b00000, 0x0000000081b00000|100%| O|  |TAMS 0x0000000081b00000, 0x0000000081a00000| Untracked 
|  27|0x0000000081b00000, 0x0000000081c00000, 0x0000000081c00000|100%| O|  |TAMS 0x0000000081c00000, 0x0000000081b00000| Untracked 
|  28|0x0000000081c00000, 0x0000000081d00000, 0x0000000081d00000|100%|HS|  |TAMS 0x0000000081d00000, 0x0000000081c00000| Complete 
|  29|0x0000000081d00000, 0x0000000081e00000, 0x0000000081e00000|100%|HS|  |TAMS 0x0000000081e00000, 0x0000000081d00000| Complete 
|  30|0x0000000081e00000, 0x0000000081f00000, 0x0000000081f00000|100%|HS|  |TAMS 0x0000000081f00000, 0x0000000081e00000| Complete 
|  31|0x0000000081f00000, 0x0000000082000000, 0x0000000082000000|100%|HC|  |TAMS 0x0000000082000000, 0x0000000081f00000| Complete 
|  32|0x0000000082000000, 0x0000000082100000, 0x0000000082100000|100%|HC|  |TAMS 0x0000000082100000, 0x0000000082000000| Complete 
|  33|0x0000000082100000, 0x0000000082200000, 0x0000000082200000|100%|HC|  |TAMS 0x0000000082200000, 0x0000000082100000| Complete 
|  34|0x0000000082200000, 0x0000000082300000, 0x0000000082300000|100%| O|  |TAMS 0x0000000082300000, 0x0000000082200000| Untracked 
|  35|0x0000000082300000, 0x0000000082400000, 0x0000000082400000|100%|HS|  |TAMS 0x0000000082400000, 0x0000000082300000| Complete 
|  36|0x0000000082400000, 0x0000000082500000, 0x0000000082500000|100%|HC|  |TAMS 0x0000000082500000, 0x0000000082400000| Complete 
|  37|0x0000000082500000, 0x0000000082600000, 0x0000000082600000|100%| O|  |TAMS 0x0000000082600000, 0x0000000082500000| Untracked 
|  38|0x0000000082600000, 0x0000000082700000, 0x0000000082700000|100%| O|  |TAMS 0x0000000082700000, 0x0000000082600000| Untracked 
|  39|0x0000000082700000, 0x0000000082800000, 0x0000000082800000|100%| O|  |TAMS 0x0000000082800000, 0x0000000082700000| Untracked 
|  40|0x0000000082800000, 0x0000000082900000, 0x0000000082900000|100%| O|  |TAMS 0x0000000082900000, 0x0000000082800000| Untracked 
|  41|0x0000000082900000, 0x0000000082a00000, 0x0000000082a00000|100%| O|  |TAMS 0x0000000082a00000, 0x0000000082900000| Untracked 
|  42|0x0000000082a00000, 0x0000000082b00000, 0x0000000082b00000|100%| O|  |TAMS 0x0000000082b00000, 0x0000000082a00000| Untracked 
|  43|0x0000000082b00000, 0x0000000082c00000, 0x0000000082c00000|100%| O|  |TAMS 0x0000000082c00000, 0x0000000082b00000| Untracked 
|  44|0x0000000082c00000, 0x0000000082d00000, 0x0000000082d00000|100%| O|  |TAMS 0x0000000082d00000, 0x0000000082c00000| Untracked 
|  45|0x0000000082d00000, 0x0000000082e00000, 0x0000000082e00000|100%| O|  |TAMS 0x0000000082e00000, 0x0000000082d00000| Untracked 
|  46|0x0000000082e00000, 0x0000000082f00000, 0x0000000082f00000|100%| O|  |TAMS 0x0000000082f00000, 0x0000000082e00000| Untracked 
|  47|0x0000000082f00000, 0x0000000083000000, 0x0000000083000000|100%| O|  |TAMS 0x0000000082fec200, 0x0000000082f00000| Untracked 
|  48|0x0000000083000000, 0x0000000083100000, 0x0000000083100000|100%| O|  |TAMS 0x0000000083000000, 0x0000000083000000| Untracked 
|  49|0x0000000083100000, 0x0000000083200000, 0x0000000083200000|100%| O|  |TAMS 0x0000000083100000, 0x0000000083100000| Untracked 
|  50|0x0000000083200000, 0x0000000083300000, 0x0000000083300000|100%| O|  |TAMS 0x0000000083200000, 0x0000000083200000| Untracked 
|  51|0x0000000083300000, 0x0000000083400000, 0x0000000083400000|100%| O|  |TAMS 0x0000000083300000, 0x0000000083300000| Untracked 
|  52|0x0000000083400000, 0x0000000083500000, 0x0000000083500000|100%| O|  |TAMS 0x0000000083400000, 0x0000000083400000| Untracked 
|  53|0x0000000083500000, 0x0000000083600000, 0x0000000083600000|100%| O|  |TAMS 0x0000000083500000, 0x0000000083500000| Untracked 
|  54|0x0000000083600000, 0x0000000083700000, 0x0000000083700000|100%| O|  |TAMS 0x0000000083600000, 0x0000000083600000| Untracked 
|  55|0x0000000083700000, 0x0000000083800000, 0x0000000083800000|100%| O|  |TAMS 0x0000000083700000, 0x0000000083700000| Untracked 
|  56|0x0000000083800000, 0x0000000083900000, 0x0000000083900000|100%| O|  |TAMS 0x0000000083800000, 0x0000000083800000| Untracked 
|  57|0x0000000083900000, 0x0000000083a00000, 0x0000000083a00000|100%| O|  |TAMS 0x0000000083900000, 0x0000000083900000| Untracked 
|  58|0x0000000083a00000, 0x0000000083b00000, 0x0000000083b00000|100%| O|  |TAMS 0x0000000083a00000, 0x0000000083a00000| Untracked 
|  59|0x0000000083b00000, 0x0000000083c00000, 0x0000000083c00000|100%| O|  |TAMS 0x0000000083b00000, 0x0000000083b00000| Untracked 
|  60|0x0000000083c00000, 0x0000000083d00000, 0x0000000083d00000|100%| O|  |TAMS 0x0000000083c00000, 0x0000000083c00000| Untracked 
|  61|0x0000000083d00000, 0x0000000083e00000, 0x0000000083e00000|100%| O|  |TAMS 0x0000000083d00000, 0x0000000083d00000| Untracked 
|  62|0x0000000083e00000, 0x0000000083f00000, 0x0000000083f00000|100%| O|  |TAMS 0x0000000083e00000, 0x0000000083e00000| Untracked 
|  63|0x0000000083f00000, 0x0000000084000000, 0x0000000084000000|100%| O|  |TAMS 0x0000000083f00000, 0x0000000083f00000| Untracked 
|  64|0x0000000084000000, 0x0000000084100000, 0x0000000084100000|100%| O|  |TAMS 0x0000000084000000, 0x0000000084000000| Untracked 
|  65|0x0000000084100000, 0x0000000084200000, 0x0000000084200000|100%| O|  |TAMS 0x0000000084100000, 0x0000000084100000| Untracked 
|  66|0x0000000084200000, 0x0000000084300000, 0x0000000084300000|100%| O|  |TAMS 0x0000000084200000, 0x0000000084200000| Untracked 
|  67|0x0000000084300000, 0x0000000084400000, 0x0000000084400000|100%| O|  |TAMS 0x0000000084300000, 0x0000000084300000| Untracked 
|  68|0x0000000084400000, 0x0000000084500000, 0x0000000084500000|100%| O|  |TAMS 0x0000000084400000, 0x0000000084400000| Untracked 
|  69|0x0000000084500000, 0x0000000084600000, 0x0000000084600000|100%| O|  |TAMS 0x0000000084500000, 0x0000000084500000| Untracked 
|  70|0x0000000084600000, 0x0000000084700000, 0x0000000084700000|100%| O|  |TAMS 0x0000000084600000, 0x0000000084600000| Untracked 
|  71|0x0000000084700000, 0x0000000084800000, 0x0000000084800000|100%| O|  |TAMS 0x0000000084700000, 0x0000000084700000| Untracked 
|  72|0x0000000084800000, 0x0000000084900000, 0x0000000084900000|100%| O|  |TAMS 0x0000000084800000, 0x0000000084800000| Untracked 
|  73|0x0000000084900000, 0x0000000084a00000, 0x0000000084a00000|100%| O|  |TAMS 0x0000000084900000, 0x0000000084900000| Untracked 
|  74|0x0000000084a00000, 0x0000000084b00000, 0x0000000084b00000|100%| O|  |TAMS 0x0000000084a00000, 0x0000000084a00000| Untracked 
|  75|0x0000000084b00000, 0x0000000084c00000, 0x0000000084c00000|100%| O|  |TAMS 0x0000000084b00000, 0x0000000084b00000| Untracked 
|  76|0x0000000084c00000, 0x0000000084d00000, 0x0000000084d00000|100%| O|  |TAMS 0x0000000084c00000, 0x0000000084c00000| Untracked 
|  77|0x0000000084d00000, 0x0000000084e00000, 0x0000000084e00000|100%| O|  |TAMS 0x0000000084d00000, 0x0000000084d00000| Untracked 
|  78|0x0000000084e00000, 0x0000000084f00000, 0x0000000084f00000|100%| O|  |TAMS 0x0000000084e00000, 0x0000000084e00000| Untracked 
|  79|0x0000000084f00000, 0x0000000085000000, 0x0000000085000000|100%| O|  |TAMS 0x0000000084f00000, 0x0000000084f00000| Untracked 
|  80|0x0000000085000000, 0x0000000085100000, 0x0000000085100000|100%| O|  |TAMS 0x0000000085000000, 0x0000000085000000| Untracked 
|  81|0x0000000085100000, 0x0000000085200000, 0x0000000085200000|100%| O|  |TAMS 0x0000000085100000, 0x0000000085100000| Untracked 
|  82|0x0000000085200000, 0x00000000852e8200, 0x0000000085300000| 90%| O|  |TAMS 0x0000000085200000, 0x0000000085200000| Untracked 
|  83|0x0000000085300000, 0x0000000085300000, 0x0000000085400000|  0%| F|  |TAMS 0x0000000085300000, 0x0000000085300000| Untracked 
|  84|0x0000000085400000, 0x0000000085400000, 0x0000000085500000|  0%| F|  |TAMS 0x0000000085400000, 0x0000000085400000| Untracked 
|  85|0x0000000085500000, 0x0000000085500000, 0x0000000085600000|  0%| F|  |TAMS 0x0000000085500000, 0x0000000085500000| Untracked 
|  86|0x0000000085600000, 0x0000000085600000, 0x0000000085700000|  0%| F|  |TAMS 0x0000000085600000, 0x0000000085600000| Untracked 
|  87|0x0000000085700000, 0x0000000085700000, 0x0000000085800000|  0%| F|  |TAMS 0x0000000085700000, 0x0000000085700000| Untracked 
|  88|0x0000000085800000, 0x0000000085800000, 0x0000000085900000|  0%| F|  |TAMS 0x0000000085800000, 0x0000000085800000| Untracked 
|  89|0x0000000085900000, 0x0000000085900000, 0x0000000085a00000|  0%| F|  |TAMS 0x0000000085900000, 0x0000000085900000| Untracked 
|  90|0x0000000085a00000, 0x0000000085a00000, 0x0000000085b00000|  0%| F|  |TAMS 0x0000000085a00000, 0x0000000085a00000| Untracked 
|  91|0x0000000085b00000, 0x0000000085b00000, 0x0000000085c00000|  0%| F|  |TAMS 0x0000000085b00000, 0x0000000085b00000| Untracked 
|  92|0x0000000085c00000, 0x0000000085c00000, 0x0000000085d00000|  0%| F|  |TAMS 0x0000000085c00000, 0x0000000085c00000| Untracked 
|  93|0x0000000085d00000, 0x0000000085d00000, 0x0000000085e00000|  0%| F|  |TAMS 0x0000000085d00000, 0x0000000085d00000| Untracked 
|  94|0x0000000085e00000, 0x0000000085e00000, 0x0000000085f00000|  0%| F|  |TAMS 0x0000000085e00000, 0x0000000085e00000| Untracked 
|  95|0x0000000085f00000, 0x0000000085f00000, 0x0000000086000000|  0%| F|  |TAMS 0x0000000085f00000, 0x0000000085f00000| Untracked 
|  96|0x0000000086000000, 0x0000000086000000, 0x0000000086100000|  0%| F|  |TAMS 0x0000000086000000, 0x0000000086000000| Untracked 
|  97|0x0000000086100000, 0x0000000086100000, 0x0000000086200000|  0%| F|  |TAMS 0x0000000086100000, 0x0000000086100000| Untracked 
|  98|0x0000000086200000, 0x0000000086200000, 0x0000000086300000|  0%| F|  |TAMS 0x0000000086200000, 0x0000000086200000| Untracked 
|  99|0x0000000086300000, 0x0000000086300000, 0x0000000086400000|  0%| F|  |TAMS 0x0000000086300000, 0x0000000086300000| Untracked 
| 100|0x0000000086400000, 0x0000000086400000, 0x0000000086500000|  0%| F|  |TAMS 0x0000000086400000, 0x0000000086400000| Untracked 
| 101|0x0000000086500000, 0x0000000086500000, 0x0000000086600000|  0%| F|  |TAMS 0x0000000086500000, 0x0000000086500000| Untracked 
| 102|0x0000000086600000, 0x0000000086600000, 0x0000000086700000|  0%| F|  |TAMS 0x0000000086600000, 0x0000000086600000| Untracked 
| 103|0x0000000086700000, 0x0000000086700000, 0x0000000086800000|  0%| F|  |TAMS 0x0000000086700000, 0x0000000086700000| Untracked 
| 104|0x0000000086800000, 0x0000000086800000, 0x0000000086900000|  0%| F|  |TAMS 0x0000000086800000, 0x0000000086800000| Untracked 
| 105|0x0000000086900000, 0x0000000086900000, 0x0000000086a00000|  0%| F|  |TAMS 0x0000000086900000, 0x0000000086900000| Untracked 
| 106|0x0000000086a00000, 0x0000000086a00000, 0x0000000086b00000|  0%| F|  |TAMS 0x0000000086a00000, 0x0000000086a00000| Untracked 
| 107|0x0000000086b00000, 0x0000000086b00000, 0x0000000086c00000|  0%| F|  |TAMS 0x0000000086b00000, 0x0000000086b00000| Untracked 
| 108|0x0000000086c00000, 0x0000000086c00000, 0x0000000086d00000|  0%| F|  |TAMS 0x0000000086c00000, 0x0000000086c00000| Untracked 
| 109|0x0000000086d00000, 0x0000000086d00000, 0x0000000086e00000|  0%| F|  |TAMS 0x0000000086d00000, 0x0000000086d00000| Untracked 
| 110|0x0000000086e00000, 0x0000000086e00000, 0x0000000086f00000|  0%| F|  |TAMS 0x0000000086e00000, 0x0000000086e00000| Untracked 
| 111|0x0000000086f00000, 0x0000000086f00000, 0x0000000087000000|  0%| F|  |TAMS 0x0000000086f00000, 0x0000000086f00000| Untracked 
| 112|0x0000000087000000, 0x0000000087000000, 0x0000000087100000|  0%| F|  |TAMS 0x0000000087000000, 0x0000000087000000| Untracked 
| 113|0x0000000087100000, 0x0000000087100000, 0x0000000087200000|  0%| F|  |TAMS 0x0000000087100000, 0x0000000087100000| Untracked 
| 114|0x0000000087200000, 0x0000000087200000, 0x0000000087300000|  0%| F|  |TAMS 0x0000000087200000, 0x0000000087200000| Untracked 
| 115|0x0000000087300000, 0x0000000087300000, 0x0000000087400000|  0%| F|  |TAMS 0x0000000087300000, 0x0000000087300000| Untracked 
| 116|0x0000000087400000, 0x0000000087400000, 0x0000000087500000|  0%| F|  |TAMS 0x0000000087400000, 0x0000000087400000| Untracked 
| 117|0x0000000087500000, 0x0000000087500000, 0x0000000087600000|  0%| F|  |TAMS 0x0000000087500000, 0x0000000087500000| Untracked 
| 118|0x0000000087600000, 0x0000000087600000, 0x0000000087700000|  0%| F|  |TAMS 0x0000000087600000, 0x0000000087600000| Untracked 
| 119|0x0000000087700000, 0x0000000087700000, 0x0000000087800000|  0%| F|  |TAMS 0x0000000087700000, 0x0000000087700000| Untracked 
| 120|0x0000000087800000, 0x0000000087800000, 0x0000000087900000|  0%| F|  |TAMS 0x0000000087800000, 0x0000000087800000| Untracked 
| 121|0x0000000087900000, 0x0000000087900000, 0x0000000087a00000|  0%| F|  |TAMS 0x0000000087900000, 0x0000000087900000| Untracked 
| 122|0x0000000087a00000, 0x0000000087ad7cb0, 0x0000000087b00000| 84%| S|CS|TAMS 0x0000000087a00000, 0x0000000087a00000| Complete 
| 123|0x0000000087b00000, 0x0000000087c00000, 0x0000000087c00000|100%| S|CS|TAMS 0x0000000087b00000, 0x0000000087b00000| Complete 
| 124|0x0000000087c00000, 0x0000000087d00000, 0x0000000087d00000|100%| S|CS|TAMS 0x0000000087c00000, 0x0000000087c00000| Complete 
| 125|0x0000000087d00000, 0x0000000087e00000, 0x0000000087e00000|100%| S|CS|TAMS 0x0000000087d00000, 0x0000000087d00000| Complete 
| 126|0x0000000087e00000, 0x0000000087f00000, 0x0000000087f00000|100%| S|CS|TAMS 0x0000000087e00000, 0x0000000087e00000| Complete 
| 127|0x0000000087f00000, 0x0000000088000000, 0x0000000088000000|100%| S|CS|TAMS 0x0000000087f00000, 0x0000000087f00000| Complete 
| 128|0x0000000088000000, 0x0000000088100000, 0x0000000088100000|100%| S|CS|TAMS 0x0000000088000000, 0x0000000088000000| Complete 
| 129|0x0000000088100000, 0x0000000088200000, 0x0000000088200000|100%| S|CS|TAMS 0x0000000088100000, 0x0000000088100000| Complete 
| 130|0x0000000088200000, 0x0000000088300000, 0x0000000088300000|100%| S|CS|TAMS 0x0000000088200000, 0x0000000088200000| Complete 
| 131|0x0000000088300000, 0x0000000088300000, 0x0000000088400000|  0%| F|  |TAMS 0x0000000088300000, 0x0000000088300000| Untracked 
| 132|0x0000000088400000, 0x0000000088400000, 0x0000000088500000|  0%| F|  |TAMS 0x0000000088400000, 0x0000000088400000| Untracked 
| 133|0x0000000088500000, 0x0000000088500000, 0x0000000088600000|  0%| F|  |TAMS 0x0000000088500000, 0x0000000088500000| Untracked 
| 134|0x0000000088600000, 0x0000000088600000, 0x0000000088700000|  0%| F|  |TAMS 0x0000000088600000, 0x0000000088600000| Untracked 
| 135|0x0000000088700000, 0x0000000088700000, 0x0000000088800000|  0%| F|  |TAMS 0x0000000088700000, 0x0000000088700000| Untracked 
| 136|0x0000000088800000, 0x0000000088800000, 0x0000000088900000|  0%| F|  |TAMS 0x0000000088800000, 0x0000000088800000| Untracked 
| 137|0x0000000088900000, 0x0000000088900000, 0x0000000088a00000|  0%| F|  |TAMS 0x0000000088900000, 0x0000000088900000| Untracked 
| 138|0x0000000088a00000, 0x0000000088a00000, 0x0000000088b00000|  0%| F|  |TAMS 0x0000000088a00000, 0x0000000088a00000| Untracked 
| 139|0x0000000088b00000, 0x0000000088b00000, 0x0000000088c00000|  0%| F|  |TAMS 0x0000000088b00000, 0x0000000088b00000| Untracked 
| 140|0x0000000088c00000, 0x0000000088c00000, 0x0000000088d00000|  0%| F|  |TAMS 0x0000000088c00000, 0x0000000088c00000| Untracked 
| 141|0x0000000088d00000, 0x0000000088d00000, 0x0000000088e00000|  0%| F|  |TAMS 0x0000000088d00000, 0x0000000088d00000| Untracked 
| 142|0x0000000088e00000, 0x0000000088e00000, 0x0000000088f00000|  0%| F|  |TAMS 0x0000000088e00000, 0x0000000088e00000| Untracked 
| 143|0x0000000088f00000, 0x0000000088f00000, 0x0000000089000000|  0%| F|  |TAMS 0x0000000088f00000, 0x0000000088f00000| Untracked 
| 144|0x0000000089000000, 0x0000000089000000, 0x0000000089100000|  0%| F|  |TAMS 0x0000000089000000, 0x0000000089000000| Untracked 
| 145|0x0000000089100000, 0x0000000089100000, 0x0000000089200000|  0%| F|  |TAMS 0x0000000089100000, 0x0000000089100000| Untracked 
| 146|0x0000000089200000, 0x0000000089200000, 0x0000000089300000|  0%| F|  |TAMS 0x0000000089200000, 0x0000000089200000| Untracked 
| 147|0x0000000089300000, 0x0000000089300000, 0x0000000089400000|  0%| F|  |TAMS 0x0000000089300000, 0x0000000089300000| Untracked 
| 148|0x0000000089400000, 0x0000000089400000, 0x0000000089500000|  0%| F|  |TAMS 0x0000000089400000, 0x0000000089400000| Untracked 
| 149|0x0000000089500000, 0x0000000089500000, 0x0000000089600000|  0%| F|  |TAMS 0x0000000089500000, 0x0000000089500000| Untracked 
| 150|0x0000000089600000, 0x0000000089600000, 0x0000000089700000|  0%| F|  |TAMS 0x0000000089600000, 0x0000000089600000| Untracked 
| 151|0x0000000089700000, 0x0000000089700000, 0x0000000089800000|  0%| F|  |TAMS 0x0000000089700000, 0x0000000089700000| Untracked 
| 152|0x0000000089800000, 0x0000000089800000, 0x0000000089900000|  0%| F|  |TAMS 0x0000000089800000, 0x0000000089800000| Untracked 
| 153|0x0000000089900000, 0x0000000089900000, 0x0000000089a00000|  0%| F|  |TAMS 0x0000000089900000, 0x0000000089900000| Untracked 
| 154|0x0000000089a00000, 0x0000000089a00000, 0x0000000089b00000|  0%| F|  |TAMS 0x0000000089a00000, 0x0000000089a00000| Untracked 
| 155|0x0000000089b00000, 0x0000000089b00000, 0x0000000089c00000|  0%| F|  |TAMS 0x0000000089b00000, 0x0000000089b00000| Untracked 
| 156|0x0000000089c00000, 0x0000000089c00000, 0x0000000089d00000|  0%| F|  |TAMS 0x0000000089c00000, 0x0000000089c00000| Untracked 
| 157|0x0000000089d00000, 0x0000000089d00000, 0x0000000089e00000|  0%| F|  |TAMS 0x0000000089d00000, 0x0000000089d00000| Untracked 
| 158|0x0000000089e00000, 0x0000000089e00000, 0x0000000089f00000|  0%| F|  |TAMS 0x0000000089e00000, 0x0000000089e00000| Untracked 
| 159|0x0000000089f00000, 0x0000000089f00000, 0x000000008a000000|  0%| F|  |TAMS 0x0000000089f00000, 0x0000000089f00000| Untracked 
| 160|0x000000008a000000, 0x000000008a000000, 0x000000008a100000|  0%| F|  |TAMS 0x000000008a000000, 0x000000008a000000| Untracked 
| 161|0x000000008a100000, 0x000000008a100000, 0x000000008a200000|  0%| F|  |TAMS 0x000000008a100000, 0x000000008a100000| Untracked 
| 162|0x000000008a200000, 0x000000008a200000, 0x000000008a300000|  0%| F|  |TAMS 0x000000008a200000, 0x000000008a200000| Untracked 
| 163|0x000000008a300000, 0x000000008a300000, 0x000000008a400000|  0%| F|  |TAMS 0x000000008a300000, 0x000000008a300000| Untracked 
| 164|0x000000008a400000, 0x000000008a400000, 0x000000008a500000|  0%| F|  |TAMS 0x000000008a400000, 0x000000008a400000| Untracked 
| 165|0x000000008a500000, 0x000000008a500000, 0x000000008a600000|  0%| F|  |TAMS 0x000000008a500000, 0x000000008a500000| Untracked 
| 166|0x000000008a600000, 0x000000008a600000, 0x000000008a700000|  0%| F|  |TAMS 0x000000008a600000, 0x000000008a600000| Untracked 
| 167|0x000000008a700000, 0x000000008a700000, 0x000000008a800000|  0%| F|  |TAMS 0x000000008a700000, 0x000000008a700000| Untracked 
| 168|0x000000008a800000, 0x000000008a800000, 0x000000008a900000|  0%| F|  |TAMS 0x000000008a800000, 0x000000008a800000| Untracked 
| 169|0x000000008a900000, 0x000000008a900000, 0x000000008aa00000|  0%| F|  |TAMS 0x000000008a900000, 0x000000008a900000| Untracked 
| 170|0x000000008aa00000, 0x000000008aa00000, 0x000000008ab00000|  0%| F|  |TAMS 0x000000008aa00000, 0x000000008aa00000| Untracked 
| 171|0x000000008ab00000, 0x000000008ab00000, 0x000000008ac00000|  0%| F|  |TAMS 0x000000008ab00000, 0x000000008ab00000| Untracked 
| 172|0x000000008ac00000, 0x000000008ac00000, 0x000000008ad00000|  0%| F|  |TAMS 0x000000008ac00000, 0x000000008ac00000| Untracked 
| 173|0x000000008ad00000, 0x000000008ad00000, 0x000000008ae00000|  0%| F|  |TAMS 0x000000008ad00000, 0x000000008ad00000| Untracked 
| 174|0x000000008ae00000, 0x000000008ae00000, 0x000000008af00000|  0%| F|  |TAMS 0x000000008ae00000, 0x000000008ae00000| Untracked 
| 175|0x000000008af00000, 0x000000008af00000, 0x000000008b000000|  0%| F|  |TAMS 0x000000008af00000, 0x000000008af00000| Untracked 
| 176|0x000000008b000000, 0x000000008b000000, 0x000000008b100000|  0%| F|  |TAMS 0x000000008b000000, 0x000000008b000000| Untracked 
| 177|0x000000008b100000, 0x000000008b100000, 0x000000008b200000|  0%| F|  |TAMS 0x000000008b100000, 0x000000008b100000| Untracked 
| 178|0x000000008b200000, 0x000000008b200000, 0x000000008b300000|  0%| F|  |TAMS 0x000000008b200000, 0x000000008b200000| Untracked 
| 179|0x000000008b300000, 0x000000008b300000, 0x000000008b400000|  0%| F|  |TAMS 0x000000008b300000, 0x000000008b300000| Untracked 
| 180|0x000000008b400000, 0x000000008b400000, 0x000000008b500000|  0%| F|  |TAMS 0x000000008b400000, 0x000000008b400000| Untracked 
| 181|0x000000008b500000, 0x000000008b500000, 0x000000008b600000|  0%| F|  |TAMS 0x000000008b500000, 0x000000008b500000| Untracked 
| 182|0x000000008b600000, 0x000000008b600000, 0x000000008b700000|  0%| F|  |TAMS 0x000000008b600000, 0x000000008b600000| Untracked 
| 183|0x000000008b700000, 0x000000008b700000, 0x000000008b800000|  0%| F|  |TAMS 0x000000008b700000, 0x000000008b700000| Untracked 
| 184|0x000000008b800000, 0x000000008b800000, 0x000000008b900000|  0%| F|  |TAMS 0x000000008b800000, 0x000000008b800000| Untracked 
| 185|0x000000008b900000, 0x000000008b900000, 0x000000008ba00000|  0%| F|  |TAMS 0x000000008b900000, 0x000000008b900000| Untracked 
| 186|0x000000008ba00000, 0x000000008ba00000, 0x000000008bb00000|  0%| F|  |TAMS 0x000000008ba00000, 0x000000008ba00000| Untracked 
| 187|0x000000008bb00000, 0x000000008bb00000, 0x000000008bc00000|  0%| F|  |TAMS 0x000000008bb00000, 0x000000008bb00000| Untracked 
| 188|0x000000008bc00000, 0x000000008bc00000, 0x000000008bd00000|  0%| F|  |TAMS 0x000000008bc00000, 0x000000008bc00000| Untracked 
| 189|0x000000008bd00000, 0x000000008bd00000, 0x000000008be00000|  0%| F|  |TAMS 0x000000008bd00000, 0x000000008bd00000| Untracked 
| 190|0x000000008be00000, 0x000000008be00000, 0x000000008bf00000|  0%| F|  |TAMS 0x000000008be00000, 0x000000008be00000| Untracked 
| 191|0x000000008bf00000, 0x000000008bf00000, 0x000000008c000000|  0%| F|  |TAMS 0x000000008bf00000, 0x000000008bf00000| Untracked 
| 192|0x000000008c000000, 0x000000008c000000, 0x000000008c100000|  0%| F|  |TAMS 0x000000008c000000, 0x000000008c000000| Untracked 
| 193|0x000000008c100000, 0x000000008c100000, 0x000000008c200000|  0%| F|  |TAMS 0x000000008c100000, 0x000000008c100000| Untracked 
| 194|0x000000008c200000, 0x000000008c200000, 0x000000008c300000|  0%| F|  |TAMS 0x000000008c200000, 0x000000008c200000| Untracked 
| 195|0x000000008c300000, 0x000000008c300000, 0x000000008c400000|  0%| F|  |TAMS 0x000000008c300000, 0x000000008c300000| Untracked 
| 196|0x000000008c400000, 0x000000008c400000, 0x000000008c500000|  0%| F|  |TAMS 0x000000008c400000, 0x000000008c400000| Untracked 
| 197|0x000000008c500000, 0x000000008c500000, 0x000000008c600000|  0%| F|  |TAMS 0x000000008c500000, 0x000000008c500000| Untracked 
| 198|0x000000008c600000, 0x000000008c600000, 0x000000008c700000|  0%| F|  |TAMS 0x000000008c600000, 0x000000008c600000| Untracked 
| 199|0x000000008c700000, 0x000000008c700000, 0x000000008c800000|  0%| F|  |TAMS 0x000000008c700000, 0x000000008c700000| Untracked 
| 200|0x000000008c800000, 0x000000008c800000, 0x000000008c900000|  0%| F|  |TAMS 0x000000008c800000, 0x000000008c800000| Untracked 
| 201|0x000000008c900000, 0x000000008c900000, 0x000000008ca00000|  0%| F|  |TAMS 0x000000008c900000, 0x000000008c900000| Untracked 
| 202|0x000000008ca00000, 0x000000008ca00000, 0x000000008cb00000|  0%| F|  |TAMS 0x000000008ca00000, 0x000000008ca00000| Untracked 
| 203|0x000000008cb00000, 0x000000008cb00000, 0x000000008cc00000|  0%| F|  |TAMS 0x000000008cb00000, 0x000000008cb00000| Untracked 
| 204|0x000000008cc00000, 0x000000008cc00000, 0x000000008cd00000|  0%| F|  |TAMS 0x000000008cc00000, 0x000000008cc00000| Untracked 
| 205|0x000000008cd00000, 0x000000008cd00000, 0x000000008ce00000|  0%| F|  |TAMS 0x000000008cd00000, 0x000000008cd00000| Untracked 
| 206|0x000000008ce00000, 0x000000008ce00000, 0x000000008cf00000|  0%| F|  |TAMS 0x000000008ce00000, 0x000000008ce00000| Untracked 
| 207|0x000000008cf00000, 0x000000008cf00000, 0x000000008d000000|  0%| F|  |TAMS 0x000000008cf00000, 0x000000008cf00000| Untracked 
| 208|0x000000008d000000, 0x000000008d000000, 0x000000008d100000|  0%| F|  |TAMS 0x000000008d000000, 0x000000008d000000| Untracked 
| 209|0x000000008d100000, 0x000000008d100000, 0x000000008d200000|  0%| F|  |TAMS 0x000000008d100000, 0x000000008d100000| Untracked 
| 210|0x000000008d200000, 0x000000008d200000, 0x000000008d300000|  0%| F|  |TAMS 0x000000008d200000, 0x000000008d200000| Untracked 
| 211|0x000000008d300000, 0x000000008d300000, 0x000000008d400000|  0%| F|  |TAMS 0x000000008d300000, 0x000000008d300000| Untracked 
| 212|0x000000008d400000, 0x000000008d400000, 0x000000008d500000|  0%| F|  |TAMS 0x000000008d400000, 0x000000008d400000| Untracked 
| 213|0x000000008d500000, 0x000000008d500000, 0x000000008d600000|  0%| F|  |TAMS 0x000000008d500000, 0x000000008d500000| Untracked 
| 214|0x000000008d600000, 0x000000008d600000, 0x000000008d700000|  0%| F|  |TAMS 0x000000008d600000, 0x000000008d600000| Untracked 
| 215|0x000000008d700000, 0x000000008d700000, 0x000000008d800000|  0%| F|  |TAMS 0x000000008d700000, 0x000000008d700000| Untracked 
| 216|0x000000008d800000, 0x000000008d800000, 0x000000008d900000|  0%| F|  |TAMS 0x000000008d800000, 0x000000008d800000| Untracked 
| 217|0x000000008d900000, 0x000000008d900000, 0x000000008da00000|  0%| F|  |TAMS 0x000000008d900000, 0x000000008d900000| Untracked 
| 218|0x000000008da00000, 0x000000008da00000, 0x000000008db00000|  0%| F|  |TAMS 0x000000008da00000, 0x000000008da00000| Untracked 
| 219|0x000000008db00000, 0x000000008db00000, 0x000000008dc00000|  0%| F|  |TAMS 0x000000008db00000, 0x000000008db00000| Untracked 
| 220|0x000000008dc00000, 0x000000008dc00000, 0x000000008dd00000|  0%| F|  |TAMS 0x000000008dc00000, 0x000000008dc00000| Untracked 
| 221|0x000000008dd00000, 0x000000008dd6dff0, 0x000000008de00000| 42%| E|  |TAMS 0x000000008dd00000, 0x000000008dd00000| Complete 

Card table byte_map: [0x000001f297580000,0x000001f297980000] _byte_map_base: 0x000001f297180000

Marking Bits (Prev, Next): (CMBitMap*) 0x000001f28469f548, (CMBitMap*) 0x000001f28469f580
 Prev Bits: [0x000001f297d80000, 0x000001f299d80000)
 Next Bits: [0x000001f299d80000, 0x000001f29bd80000)

Polling page: 0x000001f282600000

Metaspace:

Usage:
  Non-class:     83.46 MB capacity,    81.98 MB ( 98%) used,     1.20 MB (  1%) free+waste,   283.19 KB ( <1%) overhead. 
      Class:     13.09 MB capacity,    12.17 MB ( 93%) used,   818.05 KB (  6%) free+waste,   126.94 KB ( <1%) overhead. 
       Both:     96.55 MB capacity,    94.15 MB ( 98%) used,     2.00 MB (  2%) free+waste,   410.13 KB ( <1%) overhead. 

Virtual space:
  Non-class space:       84.00 MB reserved,      83.67 MB (>99%) committed 
      Class space:        1.00 GB reserved,      13.16 MB (  1%) committed 
             Both:        1.08 GB reserved,      96.83 MB (  9%) committed 

Chunk freelists:
   Non-Class:  29.00 KB
       Class:  3.00 KB
        Both:  32.00 KB

MaxMetaspaceSize: 17179869184.00 GB
CompressedClassSpaceSize: 1.00 GB
Initial GC threshold: 20.80 MB
Current GC threshold: 107.01 MB
CDS: off

CodeHeap 'non-profiled nmethods': size=120064Kb used=7047Kb max_used=7047Kb free=113017Kb
 bounds [0x000001f28fc40000, 0x000001f290330000, 0x000001f297180000]
CodeHeap 'profiled nmethods': size=120000Kb used=25871Kb max_used=25871Kb free=94128Kb
 bounds [0x000001f288710000, 0x000001f28a060000, 0x000001f28fc40000]
CodeHeap 'non-nmethods': size=5696Kb used=2411Kb max_used=2488Kb free=3284Kb
 bounds [0x000001f288180000, 0x000001f288400000, 0x000001f288710000]
 total_blobs=12651 nmethods=11704 adapters=859
 compilation: enabled
              stopped_count=0, restarted_count=0
 full_count=0

Compilation events (20 events):
Event: 79.464 Thread 0x000001f29e28b800 nmethod 11759 0x000001f29031e590 code [0x000001f29031e760, 0x000001f29031f1a8]
Event: 79.464 Thread 0x000001f29e28b800 11760       4       org.apache.groovy.io.StringBuilderWriter::write (16 bytes)
Event: 79.485 Thread 0x000001f29e28b800 nmethod 11760 0x000001f29031f690 code [0x000001f29031f840, 0x000001f2903200e8]
Event: 82.001 Thread 0x000001f29e28d000 11763       3       java.util.HashMap$Values::spliterator (16 bytes)
Event: 82.001 Thread 0x000001f29e28d000 nmethod 11763 0x000001f28a04ff10 code [0x000001f28a0500e0, 0x000001f28a050308]
Event: 82.001 Thread 0x000001f29e28b800 11764       4       java.util.ComparableTimSort::binarySort (223 bytes)
Event: 82.027 Thread 0x000001f29e28b800 nmethod 11764 0x000001f290320590 code [0x000001f290320760, 0x000001f2903210c8]
Event: 83.996 Thread 0x000001f29e28b800 11765       4       java.util.stream.AbstractPipeline::sequential (10 bytes)
Event: 83.996 Thread 0x000001f29e28b800 nmethod 11765 0x000001f290321490 code [0x000001f290321620, 0x000001f290321698]
Event: 85.014 Thread 0x000001f29e28d000 11766       3       java.util.WeakHashMap::containsKey (14 bytes)
Event: 85.015 Thread 0x000001f29e28d000 nmethod 11766 0x000001f28a050410 code [0x000001f28a0505c0, 0x000001f28a0507c8]
Event: 85.015 Thread 0x000001f29e28d000 11767       3       java.util.WeakHashMap::getEntry (72 bytes)
Event: 85.016 Thread 0x000001f29e28d000 nmethod 11767 0x000001f28a050890 code [0x000001f28a050ac0, 0x000001f28a0512a8]
Event: 85.241 Thread 0x000001f29e28d000 11768       3       java.io.WinNTFileSystem::parentOrNull (171 bytes)
Event: 85.244 Thread 0x000001f29e28d000 nmethod 11768 0x000001f28a051610 code [0x000001f28a051960, 0x000001f28a052fc8]
Event: 85.246 Thread 0x000001f29e28d000 11769       3       org.gradle.internal.serialize.InputStreamBackedDecoder::readByte (13 bytes)
Event: 85.246 Thread 0x000001f29e28d000 nmethod 11769 0x000001f28a053810 code [0x000001f28a0539e0, 0x000001f28a053d18]
Event: 85.247 Thread 0x000001f29e28b800 11770       4       org.gradle.internal.logging.slf4j.OutputEventListenerBackedLogger::debug (7 bytes)
Event: 85.249 Thread 0x000001f29e28b800 nmethod 11770 0x000001f290321790 code [0x000001f290321940, 0x000001f290321a38]
Event: 94.002 Thread 0x000001f29e28b800 11771       4       javax.management.ObjectName::construct (1135 bytes)

GC Heap History (20 events):
Event: 15.046 GC heap before
{Heap before GC invocations=12 (full 0):
 garbage-first heap   total 157696K, used 58598K [0x0000000080000000, 0x0000000100000000)
  region size 1024K, 11 young (11264K), 3 survivors (3072K)
 Metaspace       used 58903K, capacity 60437K, committed 60508K, reserved 1101824K
  class space    used 7419K, capacity 7968K, committed 7968K, reserved 1048576K
}
Event: 15.054 GC heap after
{Heap after GC invocations=13 (full 0):
 garbage-first heap   total 157696K, used 51621K [0x0000000080000000, 0x0000000100000000)
  region size 1024K, 3 young (3072K), 3 survivors (3072K)
 Metaspace       used 58903K, capacity 60437K, committed 60508K, reserved 1101824K
  class space    used 7419K, capacity 7968K, committed 7968K, reserved 1048576K
}
Event: 16.431 GC heap before
{Heap before GC invocations=14 (full 0):
 garbage-first heap   total 157696K, used 120229K [0x0000000080000000, 0x0000000100000000)
  region size 1024K, 64 young (65536K), 3 survivors (3072K)
 Metaspace       used 63628K, capacity 65174K, committed 65360K, reserved 1105920K
  class space    used 7987K, capacity 8579K, committed 8608K, reserved 1048576K
}
Event: 16.456 GC heap after
{Heap after GC invocations=15 (full 0):
 garbage-first heap   total 157696K, used 57264K [0x0000000080000000, 0x0000000100000000)
  region size 1024K, 8 young (8192K), 8 survivors (8192K)
 Metaspace       used 63628K, capacity 65174K, committed 65360K, reserved 1105920K
  class space    used 7987K, capacity 8579K, committed 8608K, reserved 1048576K
}
Event: 17.837 GC heap before
{Heap before GC invocations=16 (full 0):
 garbage-first heap   total 157696K, used 118704K [0x0000000080000000, 0x0000000100000000)
  region size 1024K, 67 young (68608K), 8 survivors (8192K)
 Metaspace       used 67914K, capacity 69440K, committed 69584K, reserved 1110016K
  class space    used 8542K, capacity 9136K, committed 9248K, reserved 1048576K
}
Event: 17.863 GC heap after
{Heap after GC invocations=17 (full 0):
 garbage-first heap   total 189440K, used 61181K [0x0000000080000000, 0x0000000100000000)
  region size 1024K, 4 young (4096K), 4 survivors (4096K)
 Metaspace       used 67914K, capacity 69440K, committed 69584K, reserved 1110016K
  class space    used 8542K, capacity 9136K, committed 9248K, reserved 1048576K
}
Event: 19.015 GC heap before
{Heap before GC invocations=17 (full 0):
 garbage-first heap   total 189440K, used 131837K [0x0000000080000000, 0x0000000100000000)
  region size 1024K, 73 young (74752K), 4 survivors (4096K)
 Metaspace       used 72643K, capacity 74206K, committed 74448K, reserved 1114112K
  class space    used 9320K, capacity 9913K, committed 10016K, reserved 1048576K
}
Event: 19.030 GC heap after
{Heap after GC invocations=18 (full 0):
 garbage-first heap   total 189440K, used 65109K [0x0000000080000000, 0x0000000100000000)
  region size 1024K, 8 young (8192K), 8 survivors (8192K)
 Metaspace       used 72643K, capacity 74206K, committed 74448K, reserved 1114112K
  class space    used 9320K, capacity 9913K, committed 10016K, reserved 1048576K
}
Event: 20.668 GC heap before
{Heap before GC invocations=18 (full 0):
 garbage-first heap   total 189440K, used 136789K [0x0000000080000000, 0x0000000100000000)
  region size 1024K, 78 young (79872K), 8 survivors (8192K)
 Metaspace       used 78719K, capacity 80438K, committed 80720K, reserved 1120256K
  class space    used 10141K, capacity 10789K, committed 10912K, reserved 1048576K
}
Event: 20.697 GC heap after
{Heap after GC invocations=19 (full 0):
 garbage-first heap   total 189440K, used 70112K [0x0000000080000000, 0x0000000100000000)
  region size 1024K, 10 young (10240K), 10 survivors (10240K)
 Metaspace       used 78719K, capacity 80438K, committed 80720K, reserved 1120256K
  class space    used 10141K, capacity 10789K, committed 10912K, reserved 1048576K
}
Event: 22.790 GC heap before
{Heap before GC invocations=19 (full 0):
 garbage-first heap   total 189440K, used 139744K [0x0000000080000000, 0x0000000100000000)
  region size 1024K, 79 young (80896K), 10 survivors (10240K)
 Metaspace       used 85426K, capacity 87395K, committed 87632K, reserved 1124352K
  class space    used 11098K, capacity 11857K, committed 11936K, reserved 1048576K
}
Event: 22.817 GC heap after
{Heap after GC invocations=20 (full 0):
 garbage-first heap   total 189440K, used 75113K [0x0000000080000000, 0x0000000100000000)
  region size 1024K, 10 young (10240K), 10 survivors (10240K)
 Metaspace       used 85426K, capacity 87395K, committed 87632K, reserved 1124352K
  class space    used 11098K, capacity 11857K, committed 11936K, reserved 1048576K
}
Event: 24.698 GC heap before
{Heap before GC invocations=20 (full 0):
 garbage-first heap   total 189440K, used 144745K [0x0000000080000000, 0x0000000100000000)
  region size 1024K, 79 young (80896K), 10 survivors (10240K)
 Metaspace       used 86500K, capacity 88556K, committed 88784K, reserved 1126400K
  class space    used 11196K, capacity 11986K, committed 12064K, reserved 1048576K
}
Event: 24.735 GC heap after
{Heap after GC invocations=21 (full 0):
 garbage-first heap   total 189440K, used 80067K [0x0000000080000000, 0x0000000100000000)
  region size 1024K, 10 young (10240K), 10 survivors (10240K)
 Metaspace       used 86500K, capacity 88556K, committed 88784K, reserved 1126400K
  class space    used 11196K, capacity 11986K, committed 12064K, reserved 1048576K
}
Event: 26.240 GC heap before
{Heap before GC invocations=21 (full 0):
 garbage-first heap   total 189440K, used 147651K [0x0000000080000000, 0x0000000100000000)
  region size 1024K, 77 young (78848K), 10 survivors (10240K)
 Metaspace       used 87952K, capacity 90015K, committed 90192K, reserved 1128448K
  class space    used 11350K, capacity 12165K, committed 12192K, reserved 1048576K
}
Event: 26.293 GC heap after
{Heap after GC invocations=22 (full 0):
 garbage-first heap   total 227328K, used 85206K [0x0000000080000000, 0x0000000100000000)
  region size 1024K, 10 young (10240K), 10 survivors (10240K)
 Metaspace       used 87952K, capacity 90015K, committed 90192K, reserved 1128448K
  class space    used 11350K, capacity 12165K, committed 12192K, reserved 1048576K
}
Event: 27.618 GC heap before
{Heap before GC invocations=22 (full 0):
 garbage-first heap   total 227328K, used 168150K [0x0000000080000000, 0x0000000100000000)
  region size 1024K, 91 young (93184K), 10 survivors (10240K)
 Metaspace       used 93816K, capacity 95974K, committed 96080K, reserved 1132544K
  class space    used 12073K, capacity 12870K, committed 12960K, reserved 1048576K
}
Event: 27.655 GC heap after
{Heap after GC invocations=23 (full 0):
 garbage-first heap   total 227328K, used 89224K [0x0000000080000000, 0x0000000100000000)
  region size 1024K, 9 young (9216K), 9 survivors (9216K)
 Metaspace       used 93816K, capacity 95974K, committed 96080K, reserved 1132544K
  class space    used 12073K, capacity 12870K, committed 12960K, reserved 1048576K
}
Event: 85.990 GC heap before
{Heap before GC invocations=23 (full 0):
 garbage-first heap   total 227328K, used 172168K [0x0000000080000000, 0x0000000100000000)
  region size 1024K, 91 young (93184K), 9 survivors (9216K)
 Metaspace       used 96404K, capacity 98864K, committed 99152K, reserved 1134592K
  class space    used 12459K, capacity 13405K, committed 13472K, reserved 1048576K
}
Event: 86.025 GC heap after
{Heap after GC invocations=24 (full 0):
 garbage-first heap   total 227328K, used 93951K [0x0000000080000000, 0x0000000100000000)
  region size 1024K, 9 young (9216K), 9 survivors (9216K)
 Metaspace       used 96404K, capacity 98864K, committed 99152K, reserved 1134592K
  class space    used 12459K, capacity 13405K, committed 13472K, reserved 1048576K
}

Deoptimization events (20 events):
Event: 73.030 Thread 0x000001f2a4b54000 Uncommon trap: trap_request=0xffffffc6 fr.pc=0x000001f2901d8d00 relative=0x0000000000000080
Event: 73.030 Thread 0x000001f2a4b54000 Uncommon trap: reason=bimorphic_or_optimized_type_check action=maybe_recompile pc=0x000001f2901d8d00 method=org.gradle.internal.logging.sink.OutputEventRenderer.onOutput(Lorg/gradle/internal/logging/events/OutputEvent;)V @ 1 c2
Event: 73.030 Thread 0x000001f2a4b54000 DEOPT PACKING pc=0x000001f2901d8d00 sp=0x000000d82fefda00
Event: 73.030 Thread 0x000001f2a4b54000 DEOPT UNPACKING pc=0x000001f2881ca1af sp=0x000000d82fefd958 mode 2
Event: 73.035 Thread 0x000001f2a4b54000 Uncommon trap: trap_request=0xffffffc6 fr.pc=0x000001f2901d8d00 relative=0x0000000000000080
Event: 73.035 Thread 0x000001f2a4b54000 Uncommon trap: reason=bimorphic_or_optimized_type_check action=maybe_recompile pc=0x000001f2901d8d00 method=org.gradle.internal.logging.sink.OutputEventRenderer.onOutput(Lorg/gradle/internal/logging/events/OutputEvent;)V @ 1 c2
Event: 73.035 Thread 0x000001f2a4b54000 DEOPT PACKING pc=0x000001f2901d8d00 sp=0x000000d82fefda00
Event: 73.035 Thread 0x000001f2a4b54000 DEOPT UNPACKING pc=0x000001f2881ca1af sp=0x000000d82fefd958 mode 2
Event: 73.053 Thread 0x000001f2a0a9a000 Uncommon trap: trap_request=0xffffff4d fr.pc=0x000001f28fec2214 relative=0x0000000000000234
Event: 73.053 Thread 0x000001f2a0a9a000 Uncommon trap: reason=unstable_if action=reinterpret pc=0x000001f28fec2214 method=com.esotericsoftware.kryo.io.Output.writeString(Ljava/lang/CharSequence;)V @ 50 c2
Event: 73.053 Thread 0x000001f2a0a9a000 DEOPT PACKING pc=0x000001f28fec2214 sp=0x000000d82bafec60
Event: 73.053 Thread 0x000001f2a0a9a000 DEOPT UNPACKING pc=0x000001f2881ca1af sp=0x000000d82bafebf0 mode 2
Event: 79.410 Thread 0x000001f2a4b54000 Uncommon trap: trap_request=0xffffffc6 fr.pc=0x000001f2901d8d00 relative=0x0000000000000080
Event: 79.410 Thread 0x000001f2a4b54000 Uncommon trap: reason=bimorphic_or_optimized_type_check action=maybe_recompile pc=0x000001f2901d8d00 method=org.gradle.internal.logging.sink.OutputEventRenderer.onOutput(Lorg/gradle/internal/logging/events/OutputEvent;)V @ 1 c2
Event: 79.410 Thread 0x000001f2a4b54000 DEOPT PACKING pc=0x000001f2901d8d00 sp=0x000000d82fefda00
Event: 79.410 Thread 0x000001f2a4b54000 DEOPT UNPACKING pc=0x000001f2881ca1af sp=0x000000d82fefd958 mode 2
Event: 79.412 Thread 0x000001f2a4b54000 Uncommon trap: trap_request=0xffffffc6 fr.pc=0x000001f2901d8d00 relative=0x0000000000000080
Event: 79.412 Thread 0x000001f2a4b54000 Uncommon trap: reason=bimorphic_or_optimized_type_check action=maybe_recompile pc=0x000001f2901d8d00 method=org.gradle.internal.logging.sink.OutputEventRenderer.onOutput(Lorg/gradle/internal/logging/events/OutputEvent;)V @ 1 c2
Event: 79.412 Thread 0x000001f2a4b54000 DEOPT PACKING pc=0x000001f2901d8d00 sp=0x000000d82fefdb10
Event: 79.412 Thread 0x000001f2a4b54000 DEOPT UNPACKING pc=0x000001f2881ca1af sp=0x000000d82fefda68 mode 2

Classes redefined (0 events):
No events

Internal exceptions (20 events):
Event: 54.649 Thread 0x000001f2a4b54000 Exception <a 'java/lang/NoSuchMethodError'{0x00000000893ece48}: 'java.lang.Object java.lang.invoke.DirectMethodHandle$Holder.invokeStatic(java.lang.Object, java.lang.Object, java.lang.Object, java.lang.Object, java.lang.Object, java.lang.Object, java.lang.Object, java.lang.Object, int, int, java.lang.Object)'> (0x00000000893ece48) thrown at [./src/hotspot/share/interpreter/linkResolver.cpp, line 773]
Event: 54.651 Thread 0x000001f2a4b54000 Exception <a 'java/lang/NoSuchMethodError'{0x000000008920a028}: 'java.lang.Object java.lang.invoke.DirectMethodHandle$Holder.invokeStatic(java.lang.Object, java.lang.Object, java.lang.Object, java.lang.Object, java.lang.Object, java.lang.Object, java.lang.Object, java.lang.Object, int, int, java.lang.Object, java.lang.Object)'> (0x000000008920a028) thrown at [./src/hotspot/share/interpreter/linkResolver.cpp, line 773]
Event: 54.665 Thread 0x000001f2a4b54000 Exception <a 'java/lang/NoSuchMethodError'{0x000000008924bb58}: <clinit>> (0x000000008924bb58) thrown at [./src/hotspot/share/prims/jni.cpp, line 1366]
Event: 54.668 Thread 0x000001f2a4b54000 Exception <a 'java/lang/NoSuchMethodError'{0x000000008926e3d0}: <clinit>> (0x000000008926e3d0) thrown at [./src/hotspot/share/prims/jni.cpp, line 1366]
Event: 54.682 Thread 0x000001f2a4b50000 Exception <a 'java/lang/InterruptedException'{0x0000000089278af8}> (0x0000000089278af8) thrown at [./src/hotspot/share/runtime/objectMonitor.cpp, line 1635]
Event: 54.682 Thread 0x000001f2a4b50000 Exception <a 'java/lang/NoSuchMethodError'{0x0000000089280908}: 'java.lang.Object java.lang.invoke.DirectMethodHandle$Holder.invokeStatic(java.lang.Object, java.lang.Object, int, java.lang.Object, long)'> (0x0000000089280908) thrown at [./src/hotspot/share/interpreter/linkResolver.cpp, line 773]
Event: 54.705 Thread 0x000001f2a4b54000 Exception <a 'java/lang/NoSuchMethodError'{0x00000000892ce700}: <clinit>> (0x00000000892ce700) thrown at [./src/hotspot/share/prims/jni.cpp, line 1366]
Event: 54.710 Thread 0x000001f2a4b54000 Exception <a 'java/lang/NoSuchMethodError'{0x00000000892da7a0}: <clinit>> (0x00000000892da7a0) thrown at [./src/hotspot/share/prims/jni.cpp, line 1366]
Event: 54.712 Thread 0x000001f2a4b54000 Exception <a 'java/lang/NoSuchMethodError'{0x00000000892e7800}: <clinit>> (0x00000000892e7800) thrown at [./src/hotspot/share/prims/jni.cpp, line 1366]
Event: 54.720 Thread 0x000001f2a4b54000 Exception <a 'java/lang/NoSuchMethodError'{0x0000000089104910}: <clinit>> (0x0000000089104910) thrown at [./src/hotspot/share/prims/jni.cpp, line 1366]
Event: 54.767 Thread 0x000001f2a4b54000 Exception <a 'java/lang/NoSuchMethodError'{0x00000000890aefe8}: <clinit>> (0x00000000890aefe8) thrown at [./src/hotspot/share/prims/jni.cpp, line 1366]
Event: 54.912 Thread 0x000001f2a4b56800 Exception <a 'java/lang/NoSuchMethodError'{0x0000000088e753c8}: 'java.lang.Object java.lang.invoke.DirectMethodHandle$Holder.invokeStatic(java.lang.Object, java.lang.Object, java.lang.Object, java.lang.Object, java.lang.Object, java.lang.Object, java.lang.Object, java.lang.Object, java.lang.Object, java.lang.Object, java.lang.Object, java.lang.Object, java.lang.Object, int)'> (0x0000000088e753c8) thrown at [./src/hotspot/share/interpreter/linkResolver.cpp, line 773]
Event: 54.920 Thread 0x000001f2a4b56800 Exception <a 'java/lang/NoSuchMethodError'{0x0000000088e81e30}: 'java.lang.Object java.lang.invoke.DirectMethodHandle$Holder.invokeStatic(java.lang.Object, java.lang.Object, java.lang.Object, java.lang.Object, java.lang.Object, java.lang.Object, java.lang.Object, java.lang.Object, java.lang.Object, java.lang.Object, java.lang.Object, java.lang.Object, java.lang.Object, int, int)'> (0x0000000088e81e30) thrown at [./src/hotspot/share/interpreter/linkResolver.cpp, line 773]
Event: 73.028 Thread 0x000001f2a4b54000 Exception <a 'sun/net/ConnectionResetException'{0x0000000088e2b820}: > (0x0000000088e2b820) thrown at [./src/hotspot/share/prims/jni.cpp, line 637]
Event: 75.292 Thread 0x000001f2a4b54000 Exception <a 'java/net/ConnectException'{0x0000000088dbf1a8}: Connection refused: connect> (0x0000000088dbf1a8) thrown at [./src/hotspot/share/prims/jni.cpp, line 637]
Event: 77.344 Thread 0x000001f2a4b54000 Exception <a 'java/net/ConnectException'{0x0000000088dbfc30}: Connection refused: connect> (0x0000000088dbfc30) thrown at [./src/hotspot/share/prims/jni.cpp, line 637]
Event: 79.409 Thread 0x000001f2a4b54000 Exception <a 'java/net/ConnectException'{0x0000000088dc06b8}: Connection refused: connect> (0x0000000088dc06b8) thrown at [./src/hotspot/share/prims/jni.cpp, line 637]
Event: 88.065 Thread 0x000001f2a4b50000 Exception <a 'java/net/ConnectException'{0x000000008dd00fb8}: Connection refused: connect> (0x000000008dd00fb8) thrown at [./src/hotspot/share/prims/jni.cpp, line 637]
Event: 90.322 Thread 0x000001f2a4b50000 Exception <a 'java/net/ConnectException'{0x000000008dd01798}: Connection refused: connect> (0x000000008dd01798) thrown at [./src/hotspot/share/prims/jni.cpp, line 637]
Event: 92.371 Thread 0x000001f2a4b50000 Exception <a 'java/net/ConnectException'{0x000000008dd01f78}: Connection refused: connect> (0x000000008dd01f78) thrown at [./src/hotspot/share/prims/jni.cpp, line 637]

Events (20 events):
Event: 79.435 loading class org/jetbrains/kotlin/compilerRunner/ReportUtilsKt$runToolInSeparateProcess$1
Event: 79.435 loading class org/jetbrains/kotlin/compilerRunner/ReportUtilsKt$runToolInSeparateProcess$1 done
Event: 79.435 loading class org/jetbrains/kotlin/compilerRunner/ReportUtilsKt$runToolInSeparateProcess$readErrThread$1$1
Event: 79.435 loading class org/jetbrains/kotlin/compilerRunner/ReportUtilsKt$runToolInSeparateProcess$readErrThread$1$1 done
Event: 84.634 Executing VM operation: RevokeBias
Event: 84.634 Executing VM operation: RevokeBias done
Event: 84.634 Executing VM operation: RevokeBias
Event: 84.634 Executing VM operation: RevokeBias done
Event: 85.990 Executing VM operation: G1CollectForAllocation
Event: 86.025 Executing VM operation: G1CollectForAllocation done
Event: 86.027 Executing VM operation: RevokeBias
Event: 86.028 Executing VM operation: RevokeBias done
Event: 86.028 Executing VM operation: RevokeBias
Event: 86.028 Executing VM operation: RevokeBias done
Event: 86.028 Executing VM operation: RevokeBias
Event: 86.028 Executing VM operation: RevokeBias done
Event: 86.029 Executing VM operation: RevokeBias
Event: 86.029 Executing VM operation: RevokeBias done
Event: 86.029 loading class sun/rmi/transport/DGCClient$EndpointEntry$CleanRequest
Event: 86.029 loading class sun/rmi/transport/DGCClient$EndpointEntry$CleanRequest done


Dynamic libraries:
0x00007ff612a10000 - 0x00007ff612a1a000 	C:\Program Files\Android\Android Studio\jre\bin\java.exe
0x00007ff85a720000 - 0x00007ff85a929000 	C:\Windows\SYSTEM32\ntdll.dll
0x00007ff85a330000 - 0x00007ff85a3ee000 	C:\Windows\System32\KERNEL32.DLL
0x00007ff857ff0000 - 0x00007ff85836b000 	C:\Windows\System32\KERNELBASE.dll
0x00007ff857c60000 - 0x00007ff857d71000 	C:\Windows\System32\ucrtbase.dll
0x00007ff845a00000 - 0x00007ff845a19000 	C:\Program Files\Android\Android Studio\jre\bin\jli.dll
0x00007ff8488d0000 - 0x00007ff8488e7000 	C:\Program Files\Android\Android Studio\jre\bin\VCRUNTIME140.dll
0x00007ff85a530000 - 0x00007ff85a6dd000 	C:\Windows\System32\USER32.dll
0x00007ff842350000 - 0x00007ff8425f5000 	C:\Windows\WinSxS\amd64_microsoft.windows.common-controls_6595b64144ccf1df_6.0.22000.120_none_9d947278b86cc467\COMCTL32.dll
0x00007ff857fc0000 - 0x00007ff857fe6000 	C:\Windows\System32\win32u.dll
0x00007ff85a480000 - 0x00007ff85a523000 	C:\Windows\System32\msvcrt.dll
0x00007ff858da0000 - 0x00007ff858dc9000 	C:\Windows\System32\GDI32.dll
0x00007ff857d80000 - 0x00007ff857e98000 	C:\Windows\System32\gdi32full.dll
0x00007ff857f20000 - 0x00007ff857fbd000 	C:\Windows\System32\msvcp_win.dll
0x00007ff85a0b0000 - 0x00007ff85a0e2000 	C:\Windows\System32\IMM32.DLL
0x00007ff82c560000 - 0x00007ff82c5fd000 	C:\Program Files\Android\Android Studio\jre\bin\msvcp140.dll
0x00007ff81b010000 - 0x00007ff81bb12000 	C:\Program Files\Android\Android Studio\jre\bin\server\jvm.dll
0x00007ff85a000000 - 0x00007ff85a0ae000 	C:\Windows\System32\ADVAPI32.dll
0x00007ff858850000 - 0x00007ff8588ee000 	C:\Windows\System32\sechost.dll
0x00007ff858c80000 - 0x00007ff858da0000 	C:\Windows\System32\RPCRT4.dll
0x00007ff858690000 - 0x00007ff858698000 	C:\Windows\System32\PSAPI.DLL
0x00007ff8501d0000 - 0x00007ff850203000 	C:\Windows\SYSTEM32\WINMM.dll
0x00007ff84ac80000 - 0x00007ff84ac8a000 	C:\Windows\SYSTEM32\VERSION.dll
0x00007ff853d70000 - 0x00007ff853d79000 	C:\Windows\SYSTEM32\WSOCK32.dll
0x00007ff8597a0000 - 0x00007ff85980f000 	C:\Windows\System32\WS2_32.dll
0x00007ff856d60000 - 0x00007ff856d78000 	C:\Windows\SYSTEM32\kernel.appcore.dll
0x00007ff849e40000 - 0x00007ff849e51000 	C:\Program Files\Android\Android Studio\jre\bin\verify.dll
0x00007ff855770000 - 0x00007ff855991000 	C:\Windows\SYSTEM32\DBGHELP.DLL
0x00007ff848f30000 - 0x00007ff848f61000 	C:\Windows\SYSTEM32\dbgcore.DLL
0x00007ff857ea0000 - 0x00007ff857f1f000 	C:\Windows\System32\bcryptPrimitives.dll
0x00007ff848f00000 - 0x00007ff848f29000 	C:\Program Files\Android\Android Studio\jre\bin\java.dll
0x00007ff851c40000 - 0x00007ff851c4b000 	C:\Program Files\Android\Android Studio\jre\bin\jimage.dll
0x00007ff8497a0000 - 0x00007ff8497b8000 	C:\Program Files\Android\Android Studio\jre\bin\zip.dll
0x00007ff858dd0000 - 0x00007ff859587000 	C:\Windows\System32\SHELL32.dll
0x00007ff855c20000 - 0x00007ff856485000 	C:\Windows\SYSTEM32\windows.storage.dll
0x00007ff858900000 - 0x00007ff858c78000 	C:\Windows\System32\combase.dll
0x00007ff8559a0000 - 0x00007ff855b06000 	C:\Windows\SYSTEM32\wintypes.dll
0x00007ff858760000 - 0x00007ff85884a000 	C:\Windows\System32\SHCORE.dll
0x00007ff859810000 - 0x00007ff85986d000 	C:\Windows\System32\shlwapi.dll
0x00007ff857b20000 - 0x00007ff857b41000 	C:\Windows\SYSTEM32\profapi.dll
0x00007ff848d30000 - 0x00007ff848d4a000 	C:\Program Files\Android\Android Studio\jre\bin\net.dll
0x00007ff84fbc0000 - 0x00007ff84fcd4000 	C:\Windows\SYSTEM32\WINHTTP.dll
0x00007ff857200000 - 0x00007ff857267000 	C:\Windows\system32\mswsock.dll
0x00007ff848d10000 - 0x00007ff848d24000 	C:\Program Files\Android\Android Studio\jre\bin\nio.dll
0x00007ff8466d0000 - 0x00007ff8466f7000 	C:\Users\Administrator\.gradle\native\e1d6ef7f7dcc3fd88c89a11ec53ec762bb8ba0a96d01ffa2cd45eb1d1d8dd5c5\windows-amd64\native-platform.dll
0x00007ff823cf0000 - 0x00007ff823e34000 	C:\Users\Administrator\.gradle\native\0d407fdbe67a94daf76414ababcb853783967236a71b16ec16e742cd7a986fd3\windows-amd64\native-platform-file-events.dll
0x00007ff850c90000 - 0x00007ff850c9a000 	C:\Program Files\Android\Android Studio\jre\bin\management.dll
0x00007ff850740000 - 0x00007ff85074d000 	C:\Program Files\Android\Android Studio\jre\bin\management_ext.dll
0x00007ff857450000 - 0x00007ff857468000 	C:\Windows\SYSTEM32\CRYPTSP.dll
0x00007ff856cc0000 - 0x00007ff856cf5000 	C:\Windows\system32\rsaenh.dll
0x00007ff8572f0000 - 0x00007ff857319000 	C:\Windows\SYSTEM32\USERENV.dll
0x00007ff8575d0000 - 0x00007ff8575f7000 	C:\Windows\SYSTEM32\bcrypt.dll
0x00007ff857440000 - 0x00007ff85744c000 	C:\Windows\SYSTEM32\CRYPTBASE.dll
0x00007ff856890000 - 0x00007ff8568bd000 	C:\Windows\SYSTEM32\IPHLPAPI.DLL
0x00007ff859590000 - 0x00007ff859599000 	C:\Windows\System32\NSI.dll
0x00007ff84f380000 - 0x00007ff84f399000 	C:\Windows\SYSTEM32\dhcpcsvc6.DLL
0x00007ff850590000 - 0x00007ff8505ae000 	C:\Windows\SYSTEM32\dhcpcsvc.DLL
0x00007ff8568c0000 - 0x00007ff8569a8000 	C:\Windows\SYSTEM32\DNSAPI.dll
0x00007ff8459e0000 - 0x00007ff8459fe000 	C:\Users\Administrator\AppData\Local\Temp\native-platform8567473563551269711dir\native-platform.dll
0x00007ff8468f0000 - 0x00007ff8468f8000 	C:\Program Files\Android\Android Studio\jre\bin\rmi.dll

dbghelp: loaded successfully - version: 4.0.5 - missing functions: none
symbol engine: initialized successfully - sym options: 0x614 - pdb path: .;C:\Program Files\Android\Android Studio\jre\bin;C:\Windows\SYSTEM32;C:\Windows\WinSxS\amd64_microsoft.windows.common-controls_6595b64144ccf1df_6.0.22000.120_none_9d947278b86cc467;C:\Program Files\Android\Android Studio\jre\bin\server;C:\Users\Administrator\.gradle\native\e1d6ef7f7dcc3fd88c89a11ec53ec762bb8ba0a96d01ffa2cd45eb1d1d8dd5c5\windows-amd64;C:\Users\Administrator\.gradle\native\0d407fdbe67a94daf76414ababcb853783967236a71b16ec16e742cd7a986fd3\windows-amd64;C:\Users\Administrator\AppData\Local\Temp\native-platform8567473563551269711dir

VM Arguments:
jvm_args: --add-opens=java.base/java.util=ALL-UNNAMED --add-opens=java.base/java.lang=ALL-UNNAMED --add-opens=java.base/java.lang.invoke=ALL-UNNAMED --add-opens=java.base/java.util=ALL-UNNAMED --add-opens=java.prefs/java.util.prefs=ALL-UNNAMED --add-opens=java.prefs/java.util.prefs=ALL-UNNAMED --add-opens=java.base/java.nio.charset=ALL-UNNAMED --add-opens=java.base/java.net=ALL-UNNAMED --add-opens=java.base/java.util.concurrent.atomic=ALL-UNNAMED -Xmx2048m -Dfile.encoding=UTF-8 -Duser.country=US -Duser.language=en -Duser.variant 
java_command: org.gradle.launcher.daemon.bootstrap.GradleDaemon 7.4
java_class_path (initial): C:\Users\Administrator\.gradle\wrapper\dists\gradle-7.4-bin\c0gwcg53nkjbqw7r0h0umtfvt\gradle-7.4\lib\gradle-launcher-7.4.jar
Launcher Type: SUN_STANDARD

[Global flags]
     intx CICompilerCount                          = 3                                         {product} {ergonomic}
     uint ConcGCThreads                            = 1                                         {product} {ergonomic}
     uint G1ConcRefinementThreads                  = 4                                         {product} {ergonomic}
   size_t G1HeapRegionSize                         = 1048576                                   {product} {ergonomic}
    uintx GCDrainStackTargetSize                   = 64                                        {product} {ergonomic}
   size_t InitialHeapSize                          = 134217728                                 {product} {ergonomic}
   size_t MarkStackSize                            = 4194304                                   {product} {ergonomic}
   size_t MaxHeapSize                              = 2147483648                                {product} {command line}
   size_t MaxNewSize                               = 1287651328                                {product} {ergonomic}
   size_t MinHeapDeltaBytes                        = 1048576                                   {product} {ergonomic}
    uintx NonNMethodCodeHeapSize                   = 5830732                                {pd product} {ergonomic}
    uintx NonProfiledCodeHeapSize                  = 122913754                              {pd product} {ergonomic}
    uintx ProfiledCodeHeapSize                     = 122913754                              {pd product} {ergonomic}
    uintx ReservedCodeCacheSize                    = 251658240                              {pd product} {ergonomic}
     bool SegmentedCodeCache                       = true                                      {product} {ergonomic}
     bool UseCompressedClassPointers               = true                                 {lp64_product} {ergonomic}
     bool UseCompressedOops                        = true                                 {lp64_product} {ergonomic}
     bool UseG1GC                                  = true                                      {product} {ergonomic}
     bool UseLargePagesIndividualAllocation        = false                                  {pd product} {ergonomic}

Logging:
Log output configuration:
 #0: stdout all=warning uptime,level,tags
 #1: stderr all=off uptime,level,tags

Environment Variables:
PATH=C:\Program Files (x86)\Common Files\Oracle\Java\javapath;C:\Windows\system32;C:\Windows;C:\Windows\System32\Wbem;C:\Windows\System32\WindowsPowerShell\v1.0\;C:\Windows\System32\OpenSSH\;C:\Program Files\Git\cmd;C:\xampp\php;C:\ProgramData\ComposerSetup\bin;C:\Program Files (x86)\NVIDIA Corporation\PhysX\Common;C:\Program Files\NVIDIA Corporation\NVIDIA NvDLISR;C:\Program Files\nodejs\;C:\Program Files\dotnet\;C:\Users\Administrator\AppData\Local\Microsoft\WindowsApps;C:\Users\Administrator\AppData\Local\Programs\Microsoft VS Code\bin;C:\Users\Administrator\AppData\Roaming\Composer\vendor\bin;D:\xampp\php\php.exe;C:\Users\Administrator\AppData\Roaming\npm;C:\Program Files\Java\jdk-19.0.1\bin;
USERNAME=Administrator
OS=Windows_NT
PROCESSOR_IDENTIFIER=Intel64 Family 6 Model 142 Stepping 9, GenuineIntel



---------------  S Y S T E M  ---------------

OS: Windows 11 , 64 bit Build 22000 (10.0.22000.1335)
OS uptime: 2 days 2:32 hours

CPU:total 4 (initial active 4) (2 cores per cpu, 2 threads per core) family 6 model 142 stepping 9 microcode 0xde, cmov, cx8, fxsr, mmx, sse, sse2, sse3, ssse3, sse4.1, sse4.2, popcnt, avx, avx2, aes, clmul, erms, 3dnowpref, lzcnt, ht, tsc, tscinvbit, bmi1, bmi2, adx, fma

Memory: 4k page, system-wide physical 8073M (602M free)
TotalPageFile size 8073M (AvailPageFile size 5M)
current process WorkingSet (physical memory assigned to process): 470M, peak: 503M
current process commit charge ("private bytes"): 500M, peak: 533M

vm_info: OpenJDK 64-Bit Server VM (11.0.13+0-b1751.21-8125866) for windows-amd64 JRE (11.0.13+0-b1751.21-8125866), built on Feb  2 2022 03:00:22 by "builder" with MS VC++ 14.0 (VS2015)

END.
