#
# There is insufficient memory for the Java Runtime Environment to continue.
# Native memory allocation (malloc) failed to allocate 1734416 bytes for Chunk::new
# Possible reasons:
#   The system is out of physical RAM or swap space
#   The process is running with CompressedOops enabled, and the Java Heap may be blocking the growth of the native heap
# Possible solutions:
#   Reduce memory load on the system
#   Increase physical memory or swap space
#   Check if swap backing store is full
#   Decrease Java heap size (-Xmx/-Xms)
#   Decrease number of Java threads
#   Decrease Java thread stack sizes (-Xss)
#   Set larger code cache with -XX:ReservedCodeCacheSize=
#   JVM is running with Unscaled Compressed Oops mode in which the Java heap is
#     placed in the first 4GB address space. The Java Heap base address is the
#     maximum limit for the native heap growth. Please use -XX:HeapBaseMinAddress
#     to set the Java Heap base and to place the Java Heap above 4GB virtual address.
# This output file may be truncated or incomplete.
#
#  Out of Memory Error (./src/hotspot/share/memory/arena.cpp:197), pid=13028, tid=8364
#
# JRE version: OpenJDK Runtime Environment (11.0.13) (build 11.0.13+0-b1751.21-8125866)
# Java VM: OpenJDK 64-Bit Server VM (11.0.13+0-b1751.21-8125866, mixed mode, tiered, compressed oops, g1 gc, windows-amd64)
# No core dump will be written. Minidumps are not enabled by default on client versions of Windows
#

---------------  S U M M A R Y ------------

Command Line: --add-opens=java.base/java.util=ALL-UNNAMED --add-opens=java.base/java.lang=ALL-UNNAMED --add-opens=java.base/java.lang.invoke=ALL-UNNAMED --add-opens=java.base/java.util=ALL-UNNAMED --add-opens=java.prefs/java.util.prefs=ALL-UNNAMED --add-opens=java.prefs/java.util.prefs=ALL-UNNAMED --add-opens=java.base/java.nio.charset=ALL-UNNAMED --add-opens=java.base/java.net=ALL-UNNAMED --add-opens=java.base/java.util.concurrent.atomic=ALL-UNNAMED -Xmx2048m -Dfile.encoding=UTF-8 -Duser.country=US -Duser.language=en -Duser.variant org.gradle.launcher.daemon.bootstrap.GradleDaemon 7.4

Host: Intel(R) Core(TM) i3-7020U CPU @ 2.30GHz, 4 cores, 7G,  Windows 11 , 64 bit Build 22000 (10.0.22000.1335)
Time: Sat Jan  7 23:18:12 2023 SE Asia Standard Time elapsed time: 30.199598 seconds (0d 0h 0m 30s)

---------------  T H R E A D  ---------------

Current thread (0x000001dc35e77000):  JavaThread "C2 CompilerThread1" daemon [_thread_in_native, id=8364, stack(0x0000002ed4500000,0x0000002ed4600000)]


Current CompileTask:
C2:  30199 8503 %     4       org.gradle.internal.instantiation.generator.AbstractClassGenerator::inspectType @ 207 (560 bytes)

Stack: [0x0000002ed4500000,0x0000002ed4600000]
Native frames: (J=compiled Java code, j=interpreted, Vv=VM code, C=native code)
V  [jvm.dll+0x6100fa]
V  [jvm.dll+0x747090]
V  [jvm.dll+0x7486ad]
V  [jvm.dll+0x748d83]
V  [jvm.dll+0x24ab48]
V  [jvm.dll+0xc04dc]
V  [jvm.dll+0xc0a0c]
V  [jvm.dll+0x35eb5b]
V  [jvm.dll+0x32b833]
V  [jvm.dll+0x32ad2a]
V  [jvm.dll+0x2032b2]
V  [jvm.dll+0x202437]
V  [jvm.dll+0x188e01]
V  [jvm.dll+0x21106b]
V  [jvm.dll+0x20f8c1]
V  [jvm.dll+0x70de0f]
V  [jvm.dll+0x706a75]
V  [jvm.dll+0x60ed66]
C  [ucrtbase.dll+0x26c0c]
C  [KERNEL32.DLL+0x155a0]
C  [ntdll.dll+0x485b]


---------------  P R O C E S S  ---------------

Threads class SMR info:
_java_thread_list=0x000001dc3ca20ad0, length=81, elements={
0x000001dc1706d000, 0x000001dc32bd1000, 0x000001dc32bd2800, 0x000001dc33562800,
0x000001dc32bf0000, 0x000001dc32bf0800, 0x000001dc32bf6000, 0x000001dc32c19800,
0x000001dc335a6800, 0x000001dc3369e800, 0x000001dc35410800, 0x000001dc35a29800,
0x000001dc34e22800, 0x000001dc34e23800, 0x000001dc34d68800, 0x000001dc35590800,
0x000001dc34d69000, 0x000001dc35a50800, 0x000001dc355e1800, 0x000001dc3545a800,
0x000001dc35067000, 0x000001dc35066000, 0x000001dc35065800, 0x000001dc35067800,
0x000001dc38b4b800, 0x000001dc38b4a800, 0x000001dc38b49800, 0x000001dc38b4d800,
0x000001dc38b4c000, 0x000001dc38b4d000, 0x000001dc38b48000, 0x000001dc38b4e800,
0x000001dc38b49000, 0x000001dc38b51000, 0x000001dc35e77000, 0x000001dc38b50000,
0x000001dc38b52800, 0x000001dc38b53800, 0x000001dc38b54800, 0x000001dc38b55000,
0x000001dc38b4f800, 0x000001dc38b56000, 0x000001dc38b56800, 0x000001dc39802800,
0x000001dc39800800, 0x000001dc397ff000, 0x000001dc39803000, 0x000001dc39800000,
0x000001dc39801800, 0x000001dc39804000, 0x000001dc397fe800, 0x000001dc39805000,
0x000001dc39809000, 0x000001dc3980b800, 0x000001dc39808000, 0x000001dc39809800,
0x000001dc3980a800, 0x000001dc39805800, 0x000001dc3980c000, 0x000001dc39806800,
0x000001dc3980d000, 0x000001dc39807800, 0x000001dc39f95800, 0x000001dc39f90800,
0x000001dc39f90000, 0x000001dc39f93000, 0x000001dc39f92800, 0x000001dc39f96800,
0x000001dc39f91800, 0x000001dc39f97000, 0x000001dc39f98000, 0x000001dc39f94000,
0x000001dc39f99000, 0x000001dc39f99800, 0x000001dc39f9a800, 0x000001dc39f95000,
0x000001dc39f9e000, 0x000001dc39f9c000, 0x000001dc39f9b800, 0x000001dc39f9d000,
0x000001dc36920800
}

Java Threads: ( => current thread )
  0x000001dc1706d000 JavaThread "main" [_thread_blocked, id=8456, stack(0x0000002ed1900000,0x0000002ed1a00000)]
  0x000001dc32bd1000 JavaThread "Reference Handler" daemon [_thread_blocked, id=12292, stack(0x0000002ed2000000,0x0000002ed2100000)]
  0x000001dc32bd2800 JavaThread "Finalizer" daemon [_thread_blocked, id=8124, stack(0x0000002ed2100000,0x0000002ed2200000)]
  0x000001dc33562800 JavaThread "Signal Dispatcher" daemon [_thread_blocked, id=3068, stack(0x0000002ed2200000,0x0000002ed2300000)]
  0x000001dc32bf0000 JavaThread "Attach Listener" daemon [_thread_blocked, id=6032, stack(0x0000002ed2300000,0x0000002ed2400000)]
  0x000001dc32bf0800 JavaThread "Service Thread" daemon [_thread_blocked, id=14220, stack(0x0000002ed2400000,0x0000002ed2500000)]
  0x000001dc32bf6000 JavaThread "C2 CompilerThread0" daemon [_thread_in_native, id=6792, stack(0x0000002ed2500000,0x0000002ed2600000)]
  0x000001dc32c19800 JavaThread "C1 CompilerThread0" daemon [_thread_in_native, id=11648, stack(0x0000002ed2600000,0x0000002ed2700000)]
  0x000001dc335a6800 JavaThread "Sweeper thread" daemon [_thread_blocked, id=3240, stack(0x0000002ed2700000,0x0000002ed2800000)]
  0x000001dc3369e800 JavaThread "Common-Cleaner" daemon [_thread_blocked, id=14324, stack(0x0000002ed2800000,0x0000002ed2900000)]
  0x000001dc35410800 JavaThread "Daemon health stats" [_thread_blocked, id=9496, stack(0x0000002ed2d00000,0x0000002ed2e00000)]
  0x000001dc35a29800 JavaThread "Incoming local TCP Connector on port 2372" [_thread_in_native, id=10708, stack(0x0000002ed2a00000,0x0000002ed2b00000)]
  0x000001dc34e22800 JavaThread "Daemon periodic checks" [_thread_blocked, id=13244, stack(0x0000002ed2e00000,0x0000002ed2f00000)]
  0x000001dc34e23800 JavaThread "Daemon" [_thread_blocked, id=2964, stack(0x0000002ed2f00000,0x0000002ed3000000)]
  0x000001dc34d68800 JavaThread "Handler for socket connection from /127.0.0.1:2372 to /127.0.0.1:2373" [_thread_in_native, id=6388, stack(0x0000002ed3000000,0x0000002ed3100000)]
  0x000001dc35590800 JavaThread "Cancel handler" [_thread_blocked, id=3228, stack(0x0000002ed3100000,0x0000002ed3200000)]
  0x000001dc34d69000 JavaThread "Daemon worker" [_thread_in_native_trans, id=12408, stack(0x0000002ed3200000,0x0000002ed3300000)]
  0x000001dc35a50800 JavaThread "Asynchronous log dispatcher for DefaultDaemonConnection: socket connection from /127.0.0.1:2372 to /127.0.0.1:2373" [_thread_blocked, id=13100, stack(0x0000002ed3300000,0x0000002ed3400000)]
  0x000001dc355e1800 JavaThread "Stdin handler" [_thread_blocked, id=8148, stack(0x0000002ed3400000,0x0000002ed3500000)]
  0x000001dc3545a800 JavaThread "Daemon client event forwarder" [_thread_blocked, id=8648, stack(0x0000002ed3500000,0x0000002ed3600000)]
  0x000001dc35067000 JavaThread "Cache worker for journal cache (C:\Users\Administrator\.gradle\caches\journal-1)" [_thread_blocked, id=14996, stack(0x0000002ed3700000,0x0000002ed3800000)]
  0x000001dc35066000 JavaThread "File lock request listener" [_thread_in_native, id=936, stack(0x0000002ed3800000,0x0000002ed3900000)]
  0x000001dc35065800 JavaThread "Cache worker for file hash cache (C:\Users\Administrator\.gradle\caches\7.4\fileHashes)" [_thread_blocked, id=9736, stack(0x0000002ed3900000,0x0000002ed3a00000)]
  0x000001dc35067800 JavaThread "File watcher server" daemon [_thread_in_native, id=11236, stack(0x0000002ed3b00000,0x0000002ed3c00000)]
  0x000001dc38b4b800 JavaThread "File watcher consumer" daemon [_thread_blocked, id=5496, stack(0x0000002ed3c00000,0x0000002ed3d00000)]
  0x000001dc38b4a800 JavaThread "jar transforms" [_thread_blocked, id=904, stack(0x0000002ed3d00000,0x0000002ed3e00000)]
  0x000001dc38b49800 JavaThread "jar transforms Thread 2" [_thread_blocked, id=5068, stack(0x0000002ed3e00000,0x0000002ed3f00000)]
  0x000001dc38b4d800 JavaThread "jar transforms Thread 3" [_thread_blocked, id=10980, stack(0x0000002ed3f00000,0x0000002ed4000000)]
  0x000001dc38b4c000 JavaThread "jar transforms Thread 4" [_thread_blocked, id=7944, stack(0x0000002ed4000000,0x0000002ed4100000)]
  0x000001dc38b4d000 JavaThread "Cache worker for checksums cache (D:\SETIK\findbarber\.gradle\7.4\checksums)" [_thread_blocked, id=988, stack(0x0000002ed3a00000,0x0000002ed3b00000)]
  0x000001dc38b48000 JavaThread "Cache worker for cache directory md-rule (C:\Users\Administrator\.gradle\caches\7.4\md-rule)" [_thread_blocked, id=13784, stack(0x0000002ed4100000,0x0000002ed4200000)]
  0x000001dc38b4e800 JavaThread "Cache worker for file hash cache (D:\SETIK\findbarber\.gradle\7.4\fileHashes)" [_thread_blocked, id=6504, stack(0x0000002ed4200000,0x0000002ed4300000)]
  0x000001dc38b49000 JavaThread "Cache worker for cache directory md-supplier (C:\Users\Administrator\.gradle\caches\7.4\md-supplier)" [_thread_blocked, id=8760, stack(0x0000002ed4300000,0x0000002ed4400000)]
  0x000001dc38b51000 JavaThread "Cache worker for execution history cache (C:\Users\Administrator\.gradle\caches\7.4\executionHistory)" [_thread_blocked, id=14692, stack(0x0000002ed4400000,0x0000002ed4500000)]
=>0x000001dc35e77000 JavaThread "C2 CompilerThread1" daemon [_thread_in_native, id=8364, stack(0x0000002ed4500000,0x0000002ed4600000)]
  0x000001dc38b50000 JavaThread "Cache worker for file content cache (C:\Users\Administrator\.gradle\caches\7.4\fileContent)" [_thread_blocked, id=10872, stack(0x0000002ed4600000,0x0000002ed4700000)]
  0x000001dc38b52800 JavaThread "Cache worker for dependencies-accessors (D:\SETIK\findbarber\.gradle\7.4\dependencies-accessors)" [_thread_blocked, id=14612, stack(0x0000002ed4700000,0x0000002ed4800000)]
  0x000001dc38b53800 JavaThread "Cache worker for Build Output Cleanup Cache (D:\SETIK\findbarber\.gradle\buildOutputCleanup)" [_thread_blocked, id=8956, stack(0x0000002ed4800000,0x0000002ed4900000)]
  0x000001dc38b54800 JavaThread "Unconstrained build operations" [_thread_blocked, id=13408, stack(0x0000002ed4900000,0x0000002ed4a00000)]
  0x000001dc38b55000 JavaThread "Unconstrained build operations Thread 2" [_thread_blocked, id=3520, stack(0x0000002ed4a00000,0x0000002ed4b00000)]
  0x000001dc38b4f800 JavaThread "Unconstrained build operations Thread 3" [_thread_blocked, id=8316, stack(0x0000002ed4b00000,0x0000002ed4c00000)]
  0x000001dc38b56000 JavaThread "Unconstrained build operations Thread 4" [_thread_blocked, id=11276, stack(0x0000002ed4c00000,0x0000002ed4d00000)]
  0x000001dc38b56800 JavaThread "Unconstrained build operations Thread 5" [_thread_blocked, id=14240, stack(0x0000002ed4d00000,0x0000002ed4e00000)]
  0x000001dc39802800 JavaThread "Unconstrained build operations Thread 6" [_thread_blocked, id=10924, stack(0x0000002ed4e00000,0x0000002ed4f00000)]
  0x000001dc39800800 JavaThread "Unconstrained build operations Thread 7" [_thread_blocked, id=10472, stack(0x0000002ed4f00000,0x0000002ed5000000)]
  0x000001dc397ff000 JavaThread "Unconstrained build operations Thread 8" [_thread_blocked, id=14764, stack(0x0000002ed5000000,0x0000002ed5100000)]
  0x000001dc39803000 JavaThread "Unconstrained build operations Thread 9" [_thread_blocked, id=3652, stack(0x0000002ed5100000,0x0000002ed5200000)]
  0x000001dc39800000 JavaThread "Unconstrained build operations Thread 10" [_thread_blocked, id=11240, stack(0x0000002ed5200000,0x0000002ed5300000)]
  0x000001dc39801800 JavaThread "Unconstrained build operations Thread 11" [_thread_blocked, id=5824, stack(0x0000002ed5300000,0x0000002ed5400000)]
  0x000001dc39804000 JavaThread "Unconstrained build operations Thread 12" [_thread_blocked, id=8180, stack(0x0000002ed5400000,0x0000002ed5500000)]
  0x000001dc397fe800 JavaThread "Unconstrained build operations Thread 13" [_thread_blocked, id=9180, stack(0x0000002ed5500000,0x0000002ed5600000)]
  0x000001dc39805000 JavaThread "Unconstrained build operations Thread 14" [_thread_blocked, id=14528, stack(0x0000002ed5600000,0x0000002ed5700000)]
  0x000001dc39809000 JavaThread "Unconstrained build operations Thread 15" [_thread_blocked, id=3852, stack(0x0000002ed5700000,0x0000002ed5800000)]
  0x000001dc3980b800 JavaThread "Unconstrained build operations Thread 16" [_thread_blocked, id=10796, stack(0x0000002ed5800000,0x0000002ed5900000)]
  0x000001dc39808000 JavaThread "Unconstrained build operations Thread 17" [_thread_blocked, id=844, stack(0x0000002ed5900000,0x0000002ed5a00000)]
  0x000001dc39809800 JavaThread "Unconstrained build operations Thread 18" [_thread_blocked, id=10724, stack(0x0000002ed5a00000,0x0000002ed5b00000)]
  0x000001dc3980a800 JavaThread "Unconstrained build operations Thread 19" [_thread_blocked, id=2180, stack(0x0000002ed5b00000,0x0000002ed5c00000)]
  0x000001dc39805800 JavaThread "Unconstrained build operations Thread 20" [_thread_blocked, id=1932, stack(0x0000002ed5c00000,0x0000002ed5d00000)]
  0x000001dc3980c000 JavaThread "Unconstrained build operations Thread 21" [_thread_blocked, id=9908, stack(0x0000002ed5d00000,0x0000002ed5e00000)]
  0x000001dc39806800 JavaThread "Unconstrained build operations Thread 22" [_thread_blocked, id=9804, stack(0x0000002ed5e00000,0x0000002ed5f00000)]
  0x000001dc3980d000 JavaThread "Unconstrained build operations Thread 23" [_thread_blocked, id=5244, stack(0x0000002ed5f00000,0x0000002ed6000000)]
  0x000001dc39807800 JavaThread "Unconstrained build operations Thread 24" [_thread_blocked, id=1920, stack(0x0000002ed6000000,0x0000002ed6100000)]
  0x000001dc39f95800 JavaThread "Unconstrained build operations Thread 25" [_thread_blocked, id=14540, stack(0x0000002ed6100000,0x0000002ed6200000)]
  0x000001dc39f90800 JavaThread "Unconstrained build operations Thread 26" [_thread_blocked, id=1100, stack(0x0000002ed6200000,0x0000002ed6300000)]
  0x000001dc39f90000 JavaThread "Unconstrained build operations Thread 27" [_thread_blocked, id=8076, stack(0x0000002ed6300000,0x0000002ed6400000)]
  0x000001dc39f93000 JavaThread "Unconstrained build operations Thread 28" [_thread_blocked, id=12480, stack(0x0000002ed6400000,0x0000002ed6500000)]
  0x000001dc39f92800 JavaThread "Unconstrained build operations Thread 29" [_thread_blocked, id=7912, stack(0x0000002ed6500000,0x0000002ed6600000)]
  0x000001dc39f96800 JavaThread "Unconstrained build operations Thread 30" [_thread_blocked, id=4300, stack(0x0000002ed6600000,0x0000002ed6700000)]
  0x000001dc39f91800 JavaThread "Unconstrained build operations Thread 31" [_thread_blocked, id=14040, stack(0x0000002ed6700000,0x0000002ed6800000)]
  0x000001dc39f97000 JavaThread "Unconstrained build operations Thread 32" [_thread_blocked, id=10088, stack(0x0000002ed6800000,0x0000002ed6900000)]
  0x000001dc39f98000 JavaThread "Unconstrained build operations Thread 33" [_thread_blocked, id=4292, stack(0x0000002ed6900000,0x0000002ed6a00000)]
  0x000001dc39f94000 JavaThread "Unconstrained build operations Thread 34" [_thread_blocked, id=13500, stack(0x0000002ed6a00000,0x0000002ed6b00000)]
  0x000001dc39f99000 JavaThread "Unconstrained build operations Thread 35" [_thread_blocked, id=13652, stack(0x0000002ed6b00000,0x0000002ed6c00000)]
  0x000001dc39f99800 JavaThread "Unconstrained build operations Thread 36" [_thread_blocked, id=7316, stack(0x0000002ed6c00000,0x0000002ed6d00000)]
  0x000001dc39f9a800 JavaThread "Unconstrained build operations Thread 37" [_thread_blocked, id=15308, stack(0x0000002ed6d00000,0x0000002ed6e00000)]
  0x000001dc39f95000 JavaThread "Unconstrained build operations Thread 38" [_thread_blocked, id=8840, stack(0x0000002ed6e00000,0x0000002ed6f00000)]
  0x000001dc39f9e000 JavaThread "Unconstrained build operations Thread 39" [_thread_blocked, id=9356, stack(0x0000002ed6f00000,0x0000002ed7000000)]
  0x000001dc39f9c000 JavaThread "Unconstrained build operations Thread 40" [_thread_blocked, id=10048, stack(0x0000002ed7000000,0x0000002ed7100000)]
  0x000001dc39f9b800 JavaThread "Memory manager" [_thread_blocked, id=5316, stack(0x0000002ed7100000,0x0000002ed7200000)]
  0x000001dc39f9d000 JavaThread "included builds" [_thread_blocked, id=14624, stack(0x0000002ed7200000,0x0000002ed7300000)]
  0x000001dc36920800 JavaThread "Cache worker for execution history cache (D:\SETIK\findbarber\.gradle\7.4\executionHistory)" [_thread_blocked, id=5560, stack(0x0000002ed7600000,0x0000002ed7700000)]

Other Threads:
  0x000001dc32bcc000 VMThread "VM Thread" [stack: 0x0000002ed1f00000,0x0000002ed2000000] [id=2824]
  0x000001dc336ac000 WatcherThread [stack: 0x0000002ed2900000,0x0000002ed2a00000] [id=15324]
  0x000001dc17087800 GCTaskThread "GC Thread#0" [stack: 0x0000002ed1a00000,0x0000002ed1b00000] [id=12116]
  0x000001dc33a08000 GCTaskThread "GC Thread#1" [stack: 0x0000002ed2b00000,0x0000002ed2c00000] [id=9560]
  0x000001dc33a11000 GCTaskThread "GC Thread#2" [stack: 0x0000002ed2c00000,0x0000002ed2d00000] [id=13220]
  0x000001dc358b3800 GCTaskThread "GC Thread#3" [stack: 0x0000002ed3600000,0x0000002ed3700000] [id=12872]
  0x000001dc170b8800 ConcurrentGCThread "G1 Main Marker" [stack: 0x0000002ed1b00000,0x0000002ed1c00000] [id=7348]
  0x000001dc170bb000 ConcurrentGCThread "G1 Conc#0" [stack: 0x0000002ed1c00000,0x0000002ed1d00000] [id=2984]
  0x000001dc1714a000 ConcurrentGCThread "G1 Refine#0" [stack: 0x0000002ed1d00000,0x0000002ed1e00000] [id=10356]
  0x000001dc1714d000 ConcurrentGCThread "G1 Young RemSet Sampling" [stack: 0x0000002ed1e00000,0x0000002ed1f00000] [id=1256]

Threads with active compile tasks:
C2 CompilerThread0  30225 9111       4       java.beans.MethodRef::set (58 bytes)
C1 CompilerThread0  30225 9126       3       java.lang.reflect.ProxyGenerator$ProxyMethod::generateMethod (733 bytes)
C2 CompilerThread1  30225 8503 %     4       org.gradle.internal.instantiation.generator.AbstractClassGenerator::inspectType @ 207 (560 bytes)

VM state:not at safepoint (normal execution)

VM Mutex/Monitor currently owned by a thread:  ([mutex/lock_event])
[0x000001dc1706ab50] CodeCache_lock - owner thread: 0x000001dc32c19800
[0x000001dc170698c0] Compile_lock - owner thread: 0x000001dc32c19800

Heap address: 0x0000000080000000, size: 2048 MB, Compressed Oops mode: 32-bit
Narrow klass base: 0x0000000000000000, Narrow klass shift: 3
Compressed class space size: 1073741824 Address: 0x0000000100000000

Heap:
 garbage-first heap   total 227328K, used 171703K [0x0000000080000000, 0x0000000100000000)
  region size 1024K, 44 young (45056K), 5 survivors (5120K)
 Metaspace       used 85737K, capacity 87911K, committed 88112K, reserved 1126400K
  class space    used 11104K, capacity 11904K, committed 11904K, reserved 1048576K
Heap Regions: E=young(eden), S=young(survivor), O=old, HS=humongous(starts), HC=humongous(continues), CS=collection set, F=free, A=archive, TAMS=top-at-mark-start (previous, next)
|   0|0x0000000080000000, 0x0000000080100000, 0x0000000080100000|100%|HS|  |TAMS 0x0000000080100000, 0x0000000080000000| Complete 
|   1|0x0000000080100000, 0x0000000080200000, 0x0000000080200000|100%|HC|  |TAMS 0x0000000080200000, 0x0000000080100000| Complete 
|   2|0x0000000080200000, 0x0000000080300000, 0x0000000080300000|100%|HC|  |TAMS 0x0000000080300000, 0x0000000080200000| Complete 
|   3|0x0000000080300000, 0x0000000080400000, 0x0000000080400000|100%| O|  |TAMS 0x0000000080400000, 0x0000000080300000| Untracked 
|   4|0x0000000080400000, 0x0000000080500000, 0x0000000080500000|100%| O|  |TAMS 0x0000000080500000, 0x0000000080400000| Untracked 
|   5|0x0000000080500000, 0x0000000080600000, 0x0000000080600000|100%| O|  |TAMS 0x0000000080600000, 0x0000000080500000| Untracked 
|   6|0x0000000080600000, 0x0000000080700000, 0x0000000080700000|100%| O|  |TAMS 0x0000000080700000, 0x0000000080600000| Untracked 
|   7|0x0000000080700000, 0x0000000080800000, 0x0000000080800000|100%| O|  |TAMS 0x0000000080800000, 0x0000000080700000| Untracked 
|   8|0x0000000080800000, 0x0000000080900000, 0x0000000080900000|100%| O|  |TAMS 0x0000000080900000, 0x0000000080800000| Untracked 
|   9|0x0000000080900000, 0x0000000080a00000, 0x0000000080a00000|100%| O|  |TAMS 0x0000000080a00000, 0x0000000080900000| Untracked 
|  10|0x0000000080a00000, 0x0000000080b00000, 0x0000000080b00000|100%| O|  |TAMS 0x0000000080b00000, 0x0000000080a00000| Untracked 
|  11|0x0000000080b00000, 0x0000000080c00000, 0x0000000080c00000|100%| O|  |TAMS 0x0000000080c00000, 0x0000000080b00000| Untracked 
|  12|0x0000000080c00000, 0x0000000080d00000, 0x0000000080d00000|100%| O|  |TAMS 0x0000000080d00000, 0x0000000080c00000| Untracked 
|  13|0x0000000080d00000, 0x0000000080e00000, 0x0000000080e00000|100%| O|  |TAMS 0x0000000080e00000, 0x0000000080d00000| Untracked 
|  14|0x0000000080e00000, 0x0000000080f00000, 0x0000000080f00000|100%|HS|  |TAMS 0x0000000080f00000, 0x0000000080e00000| Complete 
|  15|0x0000000080f00000, 0x0000000081000000, 0x0000000081000000|100%|HC|  |TAMS 0x0000000081000000, 0x0000000080f00000| Complete 
|  16|0x0000000081000000, 0x0000000081100000, 0x0000000081100000|100%|HS|  |TAMS 0x0000000081100000, 0x0000000081000000| Complete 
|  17|0x0000000081100000, 0x0000000081200000, 0x0000000081200000|100%|HC|  |TAMS 0x0000000081200000, 0x0000000081100000| Complete 
|  18|0x0000000081200000, 0x0000000081300000, 0x0000000081300000|100%|HC|  |TAMS 0x0000000081300000, 0x0000000081200000| Complete 
|  19|0x0000000081300000, 0x0000000081400000, 0x0000000081400000|100%|HS|  |TAMS 0x0000000081400000, 0x0000000081300000| Complete 
|  20|0x0000000081400000, 0x0000000081500000, 0x0000000081500000|100%|HC|  |TAMS 0x0000000081500000, 0x0000000081400000| Complete 
|  21|0x0000000081500000, 0x0000000081600000, 0x0000000081600000|100%|HC|  |TAMS 0x0000000081600000, 0x0000000081500000| Complete 
|  22|0x0000000081600000, 0x0000000081700000, 0x0000000081700000|100%|HS|  |TAMS 0x0000000081700000, 0x0000000081600000| Complete 
|  23|0x0000000081700000, 0x0000000081800000, 0x0000000081800000|100%|HC|  |TAMS 0x0000000081800000, 0x0000000081700000| Complete 
|  24|0x0000000081800000, 0x0000000081900000, 0x0000000081900000|100%|HC|  |TAMS 0x0000000081900000, 0x0000000081800000| Complete 
|  25|0x0000000081900000, 0x0000000081a00000, 0x0000000081a00000|100%|HC|  |TAMS 0x0000000081a00000, 0x0000000081900000| Complete 
|  26|0x0000000081a00000, 0x0000000081b00000, 0x0000000081b00000|100%|HS|  |TAMS 0x0000000081b00000, 0x0000000081a00000| Complete 
|  27|0x0000000081b00000, 0x0000000081c00000, 0x0000000081c00000|100%|HC|  |TAMS 0x0000000081c00000, 0x0000000081b00000| Complete 
|  28|0x0000000081c00000, 0x0000000081d00000, 0x0000000081d00000|100%|HC|  |TAMS 0x0000000081d00000, 0x0000000081c00000| Complete 
|  29|0x0000000081d00000, 0x0000000081e00000, 0x0000000081e00000|100%|HC|  |TAMS 0x0000000081e00000, 0x0000000081d00000| Complete 
|  30|0x0000000081e00000, 0x0000000081f00000, 0x0000000081f00000|100%|HC|  |TAMS 0x0000000081f00000, 0x0000000081e00000| Complete 
|  31|0x0000000081f00000, 0x0000000082000000, 0x0000000082000000|100%| O|  |TAMS 0x0000000082000000, 0x0000000081f00000| Untracked 
|  32|0x0000000082000000, 0x0000000082100000, 0x0000000082100000|100%| O|  |TAMS 0x0000000082100000, 0x0000000082000000| Untracked 
|  33|0x0000000082100000, 0x0000000082200000, 0x0000000082200000|100%| O|  |TAMS 0x0000000082200000, 0x0000000082100000| Untracked 
|  34|0x0000000082200000, 0x0000000082300000, 0x0000000082300000|100%| O|  |TAMS 0x0000000082300000, 0x0000000082200000| Untracked 
|  35|0x0000000082300000, 0x0000000082400000, 0x0000000082400000|100%| O|  |TAMS 0x0000000082400000, 0x0000000082300000| Untracked 
|  36|0x0000000082400000, 0x0000000082500000, 0x0000000082500000|100%| O|  |TAMS 0x0000000082500000, 0x0000000082400000| Untracked 
|  37|0x0000000082500000, 0x0000000082600000, 0x0000000082600000|100%| O|  |TAMS 0x0000000082600000, 0x0000000082500000| Untracked 
|  38|0x0000000082600000, 0x0000000082700000, 0x0000000082700000|100%| O|  |TAMS 0x0000000082700000, 0x0000000082600000| Untracked 
|  39|0x0000000082700000, 0x0000000082800000, 0x0000000082800000|100%| O|  |TAMS 0x0000000082800000, 0x0000000082700000| Untracked 
|  40|0x0000000082800000, 0x0000000082900000, 0x0000000082900000|100%| O|  |TAMS 0x0000000082900000, 0x0000000082800000| Untracked 
|  41|0x0000000082900000, 0x0000000082a00000, 0x0000000082a00000|100%|HS|  |TAMS 0x0000000082a00000, 0x0000000082900000| Complete 
|  42|0x0000000082a00000, 0x0000000082b00000, 0x0000000082b00000|100%|HC|  |TAMS 0x0000000082b00000, 0x0000000082a00000| Complete 
|  43|0x0000000082b00000, 0x0000000082c00000, 0x0000000082c00000|100%|HC|  |TAMS 0x0000000082c00000, 0x0000000082b00000| Complete 
|  44|0x0000000082c00000, 0x0000000082d00000, 0x0000000082d00000|100%|HC|  |TAMS 0x0000000082d00000, 0x0000000082c00000| Complete 
|  45|0x0000000082d00000, 0x0000000082e00000, 0x0000000082e00000|100%|HS|  |TAMS 0x0000000082e00000, 0x0000000082d00000| Complete 
|  46|0x0000000082e00000, 0x0000000082f00000, 0x0000000082f00000|100%|HC|  |TAMS 0x0000000082f00000, 0x0000000082e00000| Complete 
|  47|0x0000000082f00000, 0x0000000083000000, 0x0000000083000000|100%|HC|  |TAMS 0x0000000083000000, 0x0000000082f00000| Complete 
|  48|0x0000000083000000, 0x0000000083100000, 0x0000000083100000|100%|HS|  |TAMS 0x0000000083100000, 0x0000000083000000| Complete 
|  49|0x0000000083100000, 0x0000000083200000, 0x0000000083200000|100%|HC|  |TAMS 0x0000000083200000, 0x0000000083100000| Complete 
|  50|0x0000000083200000, 0x0000000083300000, 0x0000000083300000|100%|HS|  |TAMS 0x0000000083300000, 0x0000000083200000| Complete 
|  51|0x0000000083300000, 0x0000000083400000, 0x0000000083400000|100%|HC|  |TAMS 0x0000000083400000, 0x0000000083300000| Complete 
|  52|0x0000000083400000, 0x0000000083500000, 0x0000000083500000|100%|HC|  |TAMS 0x0000000083500000, 0x0000000083400000| Complete 
|  53|0x0000000083500000, 0x0000000083600000, 0x0000000083600000|100%| O|  |TAMS 0x0000000083600000, 0x0000000083500000| Untracked 
|  54|0x0000000083600000, 0x0000000083700000, 0x0000000083700000|100%| O|  |TAMS 0x0000000083700000, 0x0000000083600000| Untracked 
|  55|0x0000000083700000, 0x0000000083800000, 0x0000000083800000|100%| O|  |TAMS 0x0000000083800000, 0x0000000083700000| Untracked 
|  56|0x0000000083800000, 0x0000000083900000, 0x0000000083900000|100%| O|  |TAMS 0x0000000083900000, 0x0000000083800000| Untracked 
|  57|0x0000000083900000, 0x0000000083a00000, 0x0000000083a00000|100%| O|  |TAMS 0x0000000083a00000, 0x0000000083900000| Untracked 
|  58|0x0000000083a00000, 0x0000000083b00000, 0x0000000083b00000|100%| O|  |TAMS 0x0000000083b00000, 0x0000000083a00000| Untracked 
|  59|0x0000000083b00000, 0x0000000083c00000, 0x0000000083c00000|100%| O|  |TAMS 0x0000000083c00000, 0x0000000083b00000| Untracked 
|  60|0x0000000083c00000, 0x0000000083d00000, 0x0000000083d00000|100%| O|  |TAMS 0x0000000083d00000, 0x0000000083c00000| Untracked 
|  61|0x0000000083d00000, 0x0000000083e00000, 0x0000000083e00000|100%| O|  |TAMS 0x0000000083e00000, 0x0000000083d00000| Untracked 
|  62|0x0000000083e00000, 0x0000000083f00000, 0x0000000083f00000|100%| O|  |TAMS 0x0000000083f00000, 0x0000000083e00000| Untracked 
|  63|0x0000000083f00000, 0x0000000084000000, 0x0000000084000000|100%|HS|  |TAMS 0x0000000084000000, 0x0000000083f00000| Complete 
|  64|0x0000000084000000, 0x0000000084100000, 0x0000000084100000|100%|HC|  |TAMS 0x0000000084100000, 0x0000000084000000| Complete 
|  65|0x0000000084100000, 0x0000000084200000, 0x0000000084200000|100%|HC|  |TAMS 0x0000000084200000, 0x0000000084100000| Complete 
|  66|0x0000000084200000, 0x0000000084300000, 0x0000000084300000|100%|HC|  |TAMS 0x0000000084300000, 0x0000000084200000| Complete 
|  67|0x0000000084300000, 0x0000000084400000, 0x0000000084400000|100%|HC|  |TAMS 0x0000000084400000, 0x0000000084300000| Complete 
|  68|0x0000000084400000, 0x0000000084500000, 0x0000000084500000|100%| O|  |TAMS 0x0000000084500000, 0x0000000084400000| Untracked 
|  69|0x0000000084500000, 0x0000000084600000, 0x0000000084600000|100%| O|  |TAMS 0x0000000084600000, 0x0000000084500000| Untracked 
|  70|0x0000000084600000, 0x0000000084700000, 0x0000000084700000|100%| O|  |TAMS 0x0000000084700000, 0x0000000084600000| Untracked 
|  71|0x0000000084700000, 0x0000000084800000, 0x0000000084800000|100%| O|  |TAMS 0x0000000084800000, 0x0000000084700000| Untracked 
|  72|0x0000000084800000, 0x0000000084900000, 0x0000000084900000|100%| O|  |TAMS 0x0000000084900000, 0x0000000084800000| Untracked 
|  73|0x0000000084900000, 0x0000000084a00000, 0x0000000084a00000|100%| O|  |TAMS 0x0000000084a00000, 0x0000000084900000| Untracked 
|  74|0x0000000084a00000, 0x0000000084b00000, 0x0000000084b00000|100%|HS|  |TAMS 0x0000000084b00000, 0x0000000084a00000| Complete 
|  75|0x0000000084b00000, 0x0000000084c00000, 0x0000000084c00000|100%|HS|  |TAMS 0x0000000084c00000, 0x0000000084b00000| Complete 
|  76|0x0000000084c00000, 0x0000000084d00000, 0x0000000084d00000|100%|HS|  |TAMS 0x0000000084d00000, 0x0000000084c00000| Complete 
|  77|0x0000000084d00000, 0x0000000084e00000, 0x0000000084e00000|100%| O|  |TAMS 0x0000000084e00000, 0x0000000084d00000| Untracked 
|  78|0x0000000084e00000, 0x0000000084f00000, 0x0000000084f00000|100%| O|  |TAMS 0x0000000084f00000, 0x0000000084e00000| Untracked 
|  79|0x0000000084f00000, 0x0000000085000000, 0x0000000085000000|100%| O|  |TAMS 0x0000000085000000, 0x0000000084f00000| Untracked 
|  80|0x0000000085000000, 0x0000000085100000, 0x0000000085100000|100%|HS|  |TAMS 0x0000000085100000, 0x0000000085000000| Complete 
|  81|0x0000000085100000, 0x0000000085200000, 0x0000000085200000|100%|HC|  |TAMS 0x0000000085200000, 0x0000000085100000| Complete 
|  82|0x0000000085200000, 0x0000000085300000, 0x0000000085300000|100%|HC|  |TAMS 0x0000000085300000, 0x0000000085200000| Complete 
|  83|0x0000000085300000, 0x0000000085400000, 0x0000000085400000|100%|HC|  |TAMS 0x0000000085400000, 0x0000000085300000| Complete 
|  84|0x0000000085400000, 0x0000000085500000, 0x0000000085500000|100%| O|  |TAMS 0x0000000085500000, 0x0000000085400000| Untracked 
|  85|0x0000000085500000, 0x0000000085600000, 0x0000000085600000|100%|HS|  |TAMS 0x0000000085600000, 0x0000000085500000| Complete 
|  86|0x0000000085600000, 0x0000000085700000, 0x0000000085700000|100%|HC|  |TAMS 0x0000000085700000, 0x0000000085600000| Complete 
|  87|0x0000000085700000, 0x0000000085800000, 0x0000000085800000|100%| O|  |TAMS 0x0000000085800000, 0x0000000085700000| Untracked 
|  88|0x0000000085800000, 0x0000000085900000, 0x0000000085900000|100%| O|  |TAMS 0x0000000085900000, 0x0000000085800000| Untracked 
|  89|0x0000000085900000, 0x0000000085a00000, 0x0000000085a00000|100%| O|  |TAMS 0x0000000085a00000, 0x0000000085900000| Untracked 
|  90|0x0000000085a00000, 0x0000000085b00000, 0x0000000085b00000|100%| O|  |TAMS 0x0000000085b00000, 0x0000000085a00000| Untracked 
|  91|0x0000000085b00000, 0x0000000085c00000, 0x0000000085c00000|100%| O|  |TAMS 0x0000000085c00000, 0x0000000085b00000| Untracked 
|  92|0x0000000085c00000, 0x0000000085d00000, 0x0000000085d00000|100%| O|  |TAMS 0x0000000085d00000, 0x0000000085c00000| Untracked 
|  93|0x0000000085d00000, 0x0000000085e00000, 0x0000000085e00000|100%| O|  |TAMS 0x0000000085e00000, 0x0000000085d00000| Untracked 
|  94|0x0000000085e00000, 0x0000000085f00000, 0x0000000085f00000|100%| O|  |TAMS 0x0000000085f00000, 0x0000000085e00000| Untracked 
|  95|0x0000000085f00000, 0x0000000086000000, 0x0000000086000000|100%| O|  |TAMS 0x0000000086000000, 0x0000000085f00000| Untracked 
|  96|0x0000000086000000, 0x0000000086100000, 0x0000000086100000|100%| O|  |TAMS 0x0000000086100000, 0x0000000086000000| Untracked 
|  97|0x0000000086100000, 0x0000000086200000, 0x0000000086200000|100%| O|  |TAMS 0x0000000086200000, 0x0000000086100000| Untracked 
|  98|0x0000000086200000, 0x0000000086300000, 0x0000000086300000|100%| O|  |TAMS 0x0000000086300000, 0x0000000086200000| Untracked 
|  99|0x0000000086300000, 0x0000000086400000, 0x0000000086400000|100%| O|  |TAMS 0x0000000086400000, 0x0000000086300000| Untracked 
| 100|0x0000000086400000, 0x0000000086500000, 0x0000000086500000|100%| O|  |TAMS 0x0000000086500000, 0x0000000086400000| Untracked 
| 101|0x0000000086500000, 0x0000000086600000, 0x0000000086600000|100%| O|  |TAMS 0x0000000086600000, 0x0000000086500000| Untracked 
| 102|0x0000000086600000, 0x0000000086700000, 0x0000000086700000|100%| O|  |TAMS 0x0000000086700000, 0x0000000086600000| Untracked 
| 103|0x0000000086700000, 0x0000000086800000, 0x0000000086800000|100%| O|  |TAMS 0x0000000086800000, 0x0000000086700000| Untracked 
| 104|0x0000000086800000, 0x0000000086900000, 0x0000000086900000|100%| O|  |TAMS 0x0000000086900000, 0x0000000086800000| Untracked 
| 105|0x0000000086900000, 0x0000000086a00000, 0x0000000086a00000|100%| O|  |TAMS 0x0000000086a00000, 0x0000000086900000| Untracked 
| 106|0x0000000086a00000, 0x0000000086adf600, 0x0000000086b00000| 87%| O|  |TAMS 0x0000000086adf600, 0x0000000086a00000| Untracked 
| 107|0x0000000086b00000, 0x0000000086c00000, 0x0000000086c00000|100%|HS|  |TAMS 0x0000000086b00000, 0x0000000086b00000| Complete 
| 108|0x0000000086c00000, 0x0000000086d00000, 0x0000000086d00000|100%|HS|  |TAMS 0x0000000086c00000, 0x0000000086c00000| Complete 
| 109|0x0000000086d00000, 0x0000000086e00000, 0x0000000086e00000|100%|HC|  |TAMS 0x0000000086d00000, 0x0000000086d00000| Complete 
| 110|0x0000000086e00000, 0x0000000086f00000, 0x0000000086f00000|100%|HS|  |TAMS 0x0000000086e00000, 0x0000000086e00000| Complete 
| 111|0x0000000086f00000, 0x0000000087000000, 0x0000000087000000|100%|HC|  |TAMS 0x0000000086f00000, 0x0000000086f00000| Complete 
| 112|0x0000000087000000, 0x0000000087100000, 0x0000000087100000|100%|HC|  |TAMS 0x0000000087000000, 0x0000000087000000| Complete 
| 113|0x0000000087100000, 0x0000000087200000, 0x0000000087200000|100%|HS|  |TAMS 0x0000000087100000, 0x0000000087100000| Complete 
| 114|0x0000000087200000, 0x0000000087300000, 0x0000000087300000|100%|HC|  |TAMS 0x0000000087200000, 0x0000000087200000| Complete 
| 115|0x0000000087300000, 0x0000000087400000, 0x0000000087400000|100%|HC|  |TAMS 0x0000000087300000, 0x0000000087300000| Complete 
| 116|0x0000000087400000, 0x0000000087500000, 0x0000000087500000|100%|HS|  |TAMS 0x0000000087400000, 0x0000000087400000| Complete 
| 117|0x0000000087500000, 0x0000000087600000, 0x0000000087600000|100%|HC|  |TAMS 0x0000000087500000, 0x0000000087500000| Complete 
| 118|0x0000000087600000, 0x0000000087700000, 0x0000000087700000|100%|HC|  |TAMS 0x0000000087600000, 0x0000000087600000| Complete 
| 119|0x0000000087700000, 0x0000000087800000, 0x0000000087800000|100%|HC|  |TAMS 0x0000000087700000, 0x0000000087700000| Complete 
| 120|0x0000000087800000, 0x0000000087900000, 0x0000000087900000|100%|HS|  |TAMS 0x0000000087800000, 0x0000000087800000| Complete 
| 121|0x0000000087900000, 0x0000000087a00000, 0x0000000087a00000|100%|HC|  |TAMS 0x0000000087900000, 0x0000000087900000| Complete 
| 122|0x0000000087a00000, 0x0000000087b00000, 0x0000000087b00000|100%|HC|  |TAMS 0x0000000087a00000, 0x0000000087a00000| Complete 
| 123|0x0000000087b00000, 0x0000000087c00000, 0x0000000087c00000|100%|HC|  |TAMS 0x0000000087b00000, 0x0000000087b00000| Complete 
| 124|0x0000000087c00000, 0x0000000087d00000, 0x0000000087d00000|100%|HC|  |TAMS 0x0000000087c00000, 0x0000000087c00000| Complete 
| 125|0x0000000087d00000, 0x0000000087e00000, 0x0000000087e00000|100%|HS|  |TAMS 0x0000000087d00000, 0x0000000087d00000| Complete 
| 126|0x0000000087e00000, 0x0000000087e00000, 0x0000000087f00000|  0%| F|  |TAMS 0x0000000087e00000, 0x0000000087e00000| Untracked 
| 127|0x0000000087f00000, 0x0000000087f00000, 0x0000000088000000|  0%| F|  |TAMS 0x0000000087f00000, 0x0000000087f00000| Untracked 
| 128|0x0000000088000000, 0x0000000088000000, 0x0000000088100000|  0%| F|  |TAMS 0x0000000088000000, 0x0000000088000000| Untracked 
| 129|0x0000000088100000, 0x0000000088100000, 0x0000000088200000|  0%| F|  |TAMS 0x0000000088100000, 0x0000000088100000| Untracked 
| 130|0x0000000088200000, 0x0000000088200000, 0x0000000088300000|  0%| F|  |TAMS 0x0000000088200000, 0x0000000088200000| Untracked 
| 131|0x0000000088300000, 0x0000000088300000, 0x0000000088400000|  0%| F|  |TAMS 0x0000000088300000, 0x0000000088300000| Untracked 
| 132|0x0000000088400000, 0x0000000088400000, 0x0000000088500000|  0%| F|  |TAMS 0x0000000088400000, 0x0000000088400000| Untracked 
| 133|0x0000000088500000, 0x0000000088500000, 0x0000000088600000|  0%| F|  |TAMS 0x0000000088500000, 0x0000000088500000| Untracked 
| 134|0x0000000088600000, 0x0000000088600000, 0x0000000088700000|  0%| F|  |TAMS 0x0000000088600000, 0x0000000088600000| Untracked 
| 135|0x0000000088700000, 0x0000000088700000, 0x0000000088800000|  0%| F|  |TAMS 0x0000000088700000, 0x0000000088700000| Untracked 
| 136|0x0000000088800000, 0x0000000088800000, 0x0000000088900000|  0%| F|  |TAMS 0x0000000088800000, 0x0000000088800000| Untracked 
| 137|0x0000000088900000, 0x0000000088900000, 0x0000000088a00000|  0%| F|  |TAMS 0x0000000088900000, 0x0000000088900000| Untracked 
| 138|0x0000000088a00000, 0x0000000088a00000, 0x0000000088b00000|  0%| F|  |TAMS 0x0000000088a00000, 0x0000000088a00000| Untracked 
| 139|0x0000000088b00000, 0x0000000088b00000, 0x0000000088c00000|  0%| F|  |TAMS 0x0000000088b00000, 0x0000000088b00000| Untracked 
| 140|0x0000000088c00000, 0x0000000088c00000, 0x0000000088d00000|  0%| F|  |TAMS 0x0000000088c00000, 0x0000000088c00000| Untracked 
| 141|0x0000000088d00000, 0x0000000088d00000, 0x0000000088e00000|  0%| F|  |TAMS 0x0000000088d00000, 0x0000000088d00000| Untracked 
| 142|0x0000000088e00000, 0x0000000088e00000, 0x0000000088f00000|  0%| F|  |TAMS 0x0000000088e00000, 0x0000000088e00000| Untracked 
| 143|0x0000000088f00000, 0x0000000088f00000, 0x0000000089000000|  0%| F|  |TAMS 0x0000000088f00000, 0x0000000088f00000| Untracked 
| 144|0x0000000089000000, 0x00000000890ce6a0, 0x0000000089100000| 80%| S|CS|TAMS 0x0000000089000000, 0x0000000089000000| Complete 
| 145|0x0000000089100000, 0x0000000089200000, 0x0000000089200000|100%| S|CS|TAMS 0x0000000089100000, 0x0000000089100000| Complete 
| 146|0x0000000089200000, 0x0000000089300000, 0x0000000089300000|100%| S|CS|TAMS 0x0000000089200000, 0x0000000089200000| Complete 
| 147|0x0000000089300000, 0x0000000089400000, 0x0000000089400000|100%| S|CS|TAMS 0x0000000089300000, 0x0000000089300000| Complete 
| 148|0x0000000089400000, 0x0000000089500000, 0x0000000089500000|100%| S|CS|TAMS 0x0000000089400000, 0x0000000089400000| Complete 
| 149|0x0000000089500000, 0x0000000089500000, 0x0000000089600000|  0%| F|  |TAMS 0x0000000089500000, 0x0000000089500000| Untracked 
| 150|0x0000000089600000, 0x0000000089600000, 0x0000000089700000|  0%| F|  |TAMS 0x0000000089600000, 0x0000000089600000| Untracked 
| 151|0x0000000089700000, 0x0000000089700000, 0x0000000089800000|  0%| F|  |TAMS 0x0000000089700000, 0x0000000089700000| Untracked 
| 152|0x0000000089800000, 0x0000000089800000, 0x0000000089900000|  0%| F|  |TAMS 0x0000000089800000, 0x0000000089800000| Untracked 
| 153|0x0000000089900000, 0x0000000089900000, 0x0000000089a00000|  0%| F|  |TAMS 0x0000000089900000, 0x0000000089900000| Untracked 
| 154|0x0000000089a00000, 0x0000000089a00000, 0x0000000089b00000|  0%| F|  |TAMS 0x0000000089a00000, 0x0000000089a00000| Untracked 
| 155|0x0000000089b00000, 0x0000000089b00000, 0x0000000089c00000|  0%| F|  |TAMS 0x0000000089b00000, 0x0000000089b00000| Untracked 
| 156|0x0000000089c00000, 0x0000000089c00000, 0x0000000089d00000|  0%| F|  |TAMS 0x0000000089c00000, 0x0000000089c00000| Untracked 
| 157|0x0000000089d00000, 0x0000000089d00000, 0x0000000089e00000|  0%| F|  |TAMS 0x0000000089d00000, 0x0000000089d00000| Untracked 
| 158|0x0000000089e00000, 0x0000000089e00000, 0x0000000089f00000|  0%| F|  |TAMS 0x0000000089e00000, 0x0000000089e00000| Untracked 
| 159|0x0000000089f00000, 0x0000000089f00000, 0x000000008a000000|  0%| F|  |TAMS 0x0000000089f00000, 0x0000000089f00000| Untracked 
| 160|0x000000008a000000, 0x000000008a000000, 0x000000008a100000|  0%| F|  |TAMS 0x000000008a000000, 0x000000008a000000| Untracked 
| 161|0x000000008a100000, 0x000000008a100000, 0x000000008a200000|  0%| F|  |TAMS 0x000000008a100000, 0x000000008a100000| Untracked 
| 162|0x000000008a200000, 0x000000008a200000, 0x000000008a300000|  0%| F|  |TAMS 0x000000008a200000, 0x000000008a200000| Untracked 
| 163|0x000000008a300000, 0x000000008a300000, 0x000000008a400000|  0%| F|  |TAMS 0x000000008a300000, 0x000000008a300000| Untracked 
| 164|0x000000008a400000, 0x000000008a400000, 0x000000008a500000|  0%| F|  |TAMS 0x000000008a400000, 0x000000008a400000| Untracked 
| 165|0x000000008a500000, 0x000000008a500000, 0x000000008a600000|  0%| F|  |TAMS 0x000000008a500000, 0x000000008a500000| Untracked 
| 166|0x000000008a600000, 0x000000008a600000, 0x000000008a700000|  0%| F|  |TAMS 0x000000008a600000, 0x000000008a600000| Untracked 
| 167|0x000000008a700000, 0x000000008a700000, 0x000000008a800000|  0%| F|  |TAMS 0x000000008a700000, 0x000000008a700000| Untracked 
| 168|0x000000008a800000, 0x000000008a800000, 0x000000008a900000|  0%| F|  |TAMS 0x000000008a800000, 0x000000008a800000| Untracked 
| 169|0x000000008a900000, 0x000000008a900000, 0x000000008aa00000|  0%| F|  |TAMS 0x000000008a900000, 0x000000008a900000| Untracked 
| 170|0x000000008aa00000, 0x000000008aa00000, 0x000000008ab00000|  0%| F|  |TAMS 0x000000008aa00000, 0x000000008aa00000| Untracked 
| 171|0x000000008ab00000, 0x000000008ab00000, 0x000000008ac00000|  0%| F|  |TAMS 0x000000008ab00000, 0x000000008ab00000| Untracked 
| 172|0x000000008ac00000, 0x000000008ac00000, 0x000000008ad00000|  0%| F|  |TAMS 0x000000008ac00000, 0x000000008ac00000| Untracked 
| 173|0x000000008ad00000, 0x000000008ad00000, 0x000000008ae00000|  0%| F|  |TAMS 0x000000008ad00000, 0x000000008ad00000| Untracked 
| 174|0x000000008ae00000, 0x000000008ae00000, 0x000000008af00000|  0%| F|  |TAMS 0x000000008ae00000, 0x000000008ae00000| Untracked 
| 175|0x000000008af00000, 0x000000008af00000, 0x000000008b000000|  0%| F|  |TAMS 0x000000008af00000, 0x000000008af00000| Untracked 
| 176|0x000000008b000000, 0x000000008b000000, 0x000000008b100000|  0%| F|  |TAMS 0x000000008b000000, 0x000000008b000000| Untracked 
| 177|0x000000008b100000, 0x000000008b100000, 0x000000008b200000|  0%| F|  |TAMS 0x000000008b100000, 0x000000008b100000| Untracked 
| 178|0x000000008b200000, 0x000000008b200000, 0x000000008b300000|  0%| F|  |TAMS 0x000000008b200000, 0x000000008b200000| Untracked 
| 179|0x000000008b300000, 0x000000008b300000, 0x000000008b400000|  0%| F|  |TAMS 0x000000008b300000, 0x000000008b300000| Untracked 
| 180|0x000000008b400000, 0x000000008b400000, 0x000000008b500000|  0%| F|  |TAMS 0x000000008b400000, 0x000000008b400000| Untracked 
| 181|0x000000008b500000, 0x000000008b500000, 0x000000008b600000|  0%| F|  |TAMS 0x000000008b500000, 0x000000008b500000| Untracked 
| 182|0x000000008b600000, 0x000000008b600000, 0x000000008b700000|  0%| F|  |TAMS 0x000000008b600000, 0x000000008b600000| Untracked 
| 183|0x000000008b700000, 0x000000008b783c70, 0x000000008b800000| 51%| E|  |TAMS 0x000000008b700000, 0x000000008b700000| Complete 
| 184|0x000000008b800000, 0x000000008b900000, 0x000000008b900000|100%| E|CS|TAMS 0x000000008b800000, 0x000000008b800000| Complete 
| 185|0x000000008b900000, 0x000000008ba00000, 0x000000008ba00000|100%| E|CS|TAMS 0x000000008b900000, 0x000000008b900000| Complete 
| 186|0x000000008ba00000, 0x000000008bb00000, 0x000000008bb00000|100%| E|CS|TAMS 0x000000008ba00000, 0x000000008ba00000| Complete 
| 187|0x000000008bb00000, 0x000000008bc00000, 0x000000008bc00000|100%| E|CS|TAMS 0x000000008bb00000, 0x000000008bb00000| Complete 
| 188|0x000000008bc00000, 0x000000008bd00000, 0x000000008bd00000|100%| E|CS|TAMS 0x000000008bc00000, 0x000000008bc00000| Complete 
| 189|0x000000008bd00000, 0x000000008be00000, 0x000000008be00000|100%| E|CS|TAMS 0x000000008bd00000, 0x000000008bd00000| Complete 
| 190|0x000000008be00000, 0x000000008bf00000, 0x000000008bf00000|100%| E|CS|TAMS 0x000000008be00000, 0x000000008be00000| Complete 
| 191|0x000000008bf00000, 0x000000008c000000, 0x000000008c000000|100%| E|CS|TAMS 0x000000008bf00000, 0x000000008bf00000| Complete 
| 192|0x000000008c000000, 0x000000008c100000, 0x000000008c100000|100%| E|CS|TAMS 0x000000008c000000, 0x000000008c000000| Complete 
| 193|0x000000008c100000, 0x000000008c200000, 0x000000008c200000|100%| E|CS|TAMS 0x000000008c100000, 0x000000008c100000| Complete 
| 194|0x000000008c200000, 0x000000008c300000, 0x000000008c300000|100%| E|CS|TAMS 0x000000008c200000, 0x000000008c200000| Complete 
| 195|0x000000008c300000, 0x000000008c400000, 0x000000008c400000|100%| E|CS|TAMS 0x000000008c300000, 0x000000008c300000| Complete 
| 196|0x000000008c400000, 0x000000008c500000, 0x000000008c500000|100%| E|CS|TAMS 0x000000008c400000, 0x000000008c400000| Complete 
| 197|0x000000008c500000, 0x000000008c600000, 0x000000008c600000|100%| E|CS|TAMS 0x000000008c500000, 0x000000008c500000| Complete 
| 198|0x000000008c600000, 0x000000008c700000, 0x000000008c700000|100%| E|CS|TAMS 0x000000008c600000, 0x000000008c600000| Complete 
| 199|0x000000008c700000, 0x000000008c800000, 0x000000008c800000|100%| E|CS|TAMS 0x000000008c700000, 0x000000008c700000| Complete 
| 200|0x000000008c800000, 0x000000008c900000, 0x000000008c900000|100%| E|CS|TAMS 0x000000008c800000, 0x000000008c800000| Complete 
| 201|0x000000008c900000, 0x000000008ca00000, 0x000000008ca00000|100%| E|CS|TAMS 0x000000008c900000, 0x000000008c900000| Complete 
| 202|0x000000008ca00000, 0x000000008cb00000, 0x000000008cb00000|100%| E|CS|TAMS 0x000000008ca00000, 0x000000008ca00000| Complete 
| 203|0x000000008cb00000, 0x000000008cc00000, 0x000000008cc00000|100%| E|CS|TAMS 0x000000008cb00000, 0x000000008cb00000| Complete 
| 204|0x000000008cc00000, 0x000000008cd00000, 0x000000008cd00000|100%| E|CS|TAMS 0x000000008cc00000, 0x000000008cc00000| Complete 
| 205|0x000000008cd00000, 0x000000008ce00000, 0x000000008ce00000|100%| E|CS|TAMS 0x000000008cd00000, 0x000000008cd00000| Complete 
| 206|0x000000008ce00000, 0x000000008cf00000, 0x000000008cf00000|100%| E|CS|TAMS 0x000000008ce00000, 0x000000008ce00000| Complete 
| 207|0x000000008cf00000, 0x000000008d000000, 0x000000008d000000|100%| E|CS|TAMS 0x000000008cf00000, 0x000000008cf00000| Complete 
| 208|0x000000008d000000, 0x000000008d100000, 0x000000008d100000|100%| E|CS|TAMS 0x000000008d000000, 0x000000008d000000| Complete 
| 209|0x000000008d100000, 0x000000008d200000, 0x000000008d200000|100%| E|CS|TAMS 0x000000008d100000, 0x000000008d100000| Complete 
| 210|0x000000008d200000, 0x000000008d300000, 0x000000008d300000|100%| E|CS|TAMS 0x000000008d200000, 0x000000008d200000| Complete 
| 211|0x000000008d300000, 0x000000008d400000, 0x000000008d400000|100%| E|CS|TAMS 0x000000008d300000, 0x000000008d300000| Complete 
| 212|0x000000008d400000, 0x000000008d500000, 0x000000008d500000|100%| E|CS|TAMS 0x000000008d400000, 0x000000008d400000| Complete 
| 213|0x000000008d500000, 0x000000008d600000, 0x000000008d600000|100%| E|CS|TAMS 0x000000008d500000, 0x000000008d500000| Complete 
| 214|0x000000008d600000, 0x000000008d700000, 0x000000008d700000|100%| E|CS|TAMS 0x000000008d600000, 0x000000008d600000| Complete 
| 215|0x000000008d700000, 0x000000008d800000, 0x000000008d800000|100%| E|CS|TAMS 0x000000008d700000, 0x000000008d700000| Complete 
| 216|0x000000008d800000, 0x000000008d900000, 0x000000008d900000|100%| E|CS|TAMS 0x000000008d800000, 0x000000008d800000| Complete 
| 217|0x000000008d900000, 0x000000008da00000, 0x000000008da00000|100%| E|CS|TAMS 0x000000008d900000, 0x000000008d900000| Complete 
| 218|0x000000008da00000, 0x000000008db00000, 0x000000008db00000|100%| E|  |TAMS 0x000000008da00000, 0x000000008da00000| Complete 
| 219|0x000000008db00000, 0x000000008dc00000, 0x000000008dc00000|100%| E|CS|TAMS 0x000000008db00000, 0x000000008db00000| Complete 
| 220|0x000000008dc00000, 0x000000008dd00000, 0x000000008dd00000|100%| E|CS|TAMS 0x000000008dc00000, 0x000000008dc00000| Complete 
| 221|0x000000008dd00000, 0x000000008de00000, 0x000000008de00000|100%| E|CS|TAMS 0x000000008dd00000, 0x000000008dd00000| Complete 

Card table byte_map: [0x000001dc2bde0000,0x000001dc2c1e0000] _byte_map_base: 0x000001dc2b9e0000

Marking Bits (Prev, Next): (CMBitMap*) 0x000001dc170afe38, (CMBitMap*) 0x000001dc170afe70
 Prev Bits: [0x000001dc2c5e0000, 0x000001dc2e5e0000)
 Next Bits: [0x000001dc2e5e0000, 0x000001dc305e0000)

Polling page: 0x000001dc16e50000

Metaspace:

Usage:
  Non-class:     74.23 MB capacity,    72.89 MB ( 98%) used,     1.11 MB (  1%) free+waste,   233.00 KB ( <1%) overhead. 
      Class:     11.63 MB capacity,    10.84 MB ( 93%) used,   691.62 KB (  6%) free+waste,   108.38 KB ( <1%) overhead. 
       Both:     85.85 MB capacity,    83.73 MB ( 98%) used,     1.79 MB (  2%) free+waste,   341.38 KB ( <1%) overhead. 

Virtual space:
  Non-class space:       76.00 MB reserved,      74.42 MB ( 98%) committed 
      Class space:        1.00 GB reserved,      11.63 MB (  1%) committed 
             Both:        1.07 GB reserved,      86.05 MB (  8%) committed 

Chunk freelists:
   Non-Class:  1.00 KB
       Class:  0 bytes
        Both:  1.00 KB

MaxMetaspaceSize: 17179869184.00 GB
CompressedClassSpaceSize: 1.00 GB
Initial GC threshold: 20.80 MB
Current GC threshold: 140.08 MB
CDS: off

CodeHeap 'non-profiled nmethods': size=120064Kb used=5662Kb max_used=5662Kb free=114401Kb
 bounds [0x000001dc23e80000, 0x000001dc24410000, 0x000001dc2b3c0000]
CodeHeap 'profiled nmethods': size=120000Kb used=19567Kb max_used=19567Kb free=100432Kb
 bounds [0x000001dc1c950000, 0x000001dc1dc70000, 0x000001dc23e80000]
CodeHeap 'non-nmethods': size=5696Kb used=2379Kb max_used=2426Kb free=3316Kb
 bounds [0x000001dc1c3c0000, 0x000001dc1c640000, 0x000001dc1c950000]
 total_blobs=9962 nmethods=9061 adapters=812
 compilation: enabled
              stopped_count=0, restarted_count=0
 full_count=0

Compilation events (20 events):
Event: 30.121 Thread 0x000001dc32c19800 9114       2       java.util.TimSort::binarySort (223 bytes)
Event: 30.121 Thread 0x000001dc32c19800 nmethod 9114 0x000001dc1dc52110 code [0x000001dc1dc52320, 0x000001dc1dc52978]
Event: 30.129 Thread 0x000001dc32c19800 9115       3       org.codehaus.groovy.runtime.MetaClassHelper::getClassWithNullAndWrapper (28 bytes)
Event: 30.129 Thread 0x000001dc32c19800 nmethod 9115 0x000001dc1dc52c90 code [0x000001dc1dc52e60, 0x000001dc1dc53288]
Event: 30.130 Thread 0x000001dc32c19800 9116       1       org.codehaus.groovy.runtime.metaclass.ClosureMetaClass::isInitialized (5 bytes)
Event: 30.130 Thread 0x000001dc32c19800 nmethod 9116 0x000001dc24402690 code [0x000001dc24402840, 0x000001dc244028f8]
Event: 30.140 Thread 0x000001dc32c19800 9117       3       groovy.lang.MetaClassImpl::checkIfStdMethod (178 bytes)
Event: 30.142 Thread 0x000001dc32c19800 nmethod 9117 0x000001dc1dc53390 code [0x000001dc1dc536a0, 0x000001dc1dc548a8]
Event: 30.145 Thread 0x000001dc32c19800 9118       3       java.lang.invoke.MethodHandles$Lookup::restrictReceiver (126 bytes)
Event: 30.146 Thread 0x000001dc32c19800 nmethod 9118 0x000001dc1dc54d10 code [0x000001dc1dc54f20, 0x000001dc1dc55408]
Event: 30.168 Thread 0x000001dc32c19800 9119   !   3       com.sun.beans.finder.ClassFinder::findClass (43 bytes)
Event: 30.170 Thread 0x000001dc32c19800 nmethod 9119 0x000001dc1dc55690 code [0x000001dc1dc55940, 0x000001dc1dc565c8]
Event: 30.172 Thread 0x000001dc32c19800 9120       3       groovy.lang.MetaClassImpl::checkInitalised (58 bytes)
Event: 30.173 Thread 0x000001dc32bf6000 nmethod 9069 0x000001dc24402990 code [0x000001dc24402d60, 0x000001dc24405068]
Event: 30.173 Thread 0x000001dc32bf6000 9071       4       java.lang.ThreadLocal$ThreadLocalMap::getEntryAfterMiss (63 bytes)
Event: 30.173 Thread 0x000001dc32c19800 nmethod 9120 0x000001dc1dc56b10 code [0x000001dc1dc56e20, 0x000001dc1dc57c98]
Event: 30.179 Thread 0x000001dc32bf6000 nmethod 9071 0x000001dc24407190 code [0x000001dc24407340, 0x000001dc24407568]
Event: 30.179 Thread 0x000001dc32bf6000 9111       4       java.beans.MethodRef::set (58 bytes)
Event: 30.187 Thread 0x000001dc32c19800 9121       3       org.codehaus.groovy.classgen.asm.BytecodeHelper::getClassInternalName (9 bytes)
Event: 30.187 Thread 0x000001dc32c19800 nmethod 9121 0x000001dc1dc58190 code [0x000001dc1dc58340, 0x000001dc1dc58468]

GC Heap History (20 events):
Event: 20.380 GC heap before
{Heap before GC invocations=19 (full 0):
 garbage-first heap   total 157696K, used 87316K [0x0000000080000000, 0x0000000100000000)
  region size 1024K, 10 young (10240K), 5 survivors (5120K)
 Metaspace       used 56759K, capacity 58418K, committed 58544K, reserved 1099776K
  class space    used 7254K, capacity 7836K, committed 7936K, reserved 1048576K
}
Event: 20.393 GC heap after
{Heap after GC invocations=20 (full 0):
 garbage-first heap   total 157696K, used 86345K [0x0000000080000000, 0x0000000100000000)
  region size 1024K, 5 young (5120K), 5 survivors (5120K)
 Metaspace       used 56759K, capacity 58418K, committed 58544K, reserved 1099776K
  class space    used 7254K, capacity 7836K, committed 7936K, reserved 1048576K
}
Event: 21.151 GC heap before
{Heap before GC invocations=21 (full 0):
 garbage-first heap   total 157696K, used 127305K [0x0000000080000000, 0x0000000100000000)
  region size 1024K, 39 young (39936K), 5 survivors (5120K)
 Metaspace       used 59831K, capacity 61464K, committed 61744K, reserved 1103872K
  class space    used 7655K, capacity 8235K, committed 8320K, reserved 1048576K
}
Event: 21.161 GC heap after
{Heap after GC invocations=22 (full 0):
 garbage-first heap   total 157696K, used 96736K [0x0000000080000000, 0x0000000100000000)
  region size 1024K, 5 young (5120K), 5 survivors (5120K)
 Metaspace       used 59831K, capacity 61464K, committed 61744K, reserved 1103872K
  class space    used 7655K, capacity 8235K, committed 8320K, reserved 1048576K
}
Event: 22.046 GC heap before
{Heap before GC invocations=22 (full 0):
 garbage-first heap   total 157696K, used 126432K [0x0000000080000000, 0x0000000100000000)
  region size 1024K, 34 young (34816K), 5 survivors (5120K)
 Metaspace       used 64213K, capacity 65939K, committed 66096K, reserved 1105920K
  class space    used 8168K, capacity 8809K, committed 8832K, reserved 1048576K
}
Event: 22.053 GC heap after
{Heap after GC invocations=23 (full 0):
 garbage-first heap   total 157696K, used 98095K [0x0000000080000000, 0x0000000100000000)
  region size 1024K, 2 young (2048K), 2 survivors (2048K)
 Metaspace       used 64213K, capacity 65939K, committed 66096K, reserved 1105920K
  class space    used 8168K, capacity 8809K, committed 8832K, reserved 1048576K
}
Event: 23.193 GC heap before
{Heap before GC invocations=24 (full 0):
 garbage-first heap   total 157696K, used 123695K [0x0000000080000000, 0x0000000100000000)
  region size 1024K, 28 young (28672K), 2 survivors (2048K)
 Metaspace       used 68200K, capacity 70072K, committed 70320K, reserved 1110016K
  class space    used 8673K, capacity 9353K, committed 9472K, reserved 1048576K
}
Event: 23.203 GC heap after
{Heap after GC invocations=25 (full 0):
 garbage-first heap   total 157696K, used 100311K [0x0000000080000000, 0x0000000100000000)
  region size 1024K, 4 young (4096K), 4 survivors (4096K)
 Metaspace       used 68200K, capacity 70072K, committed 70320K, reserved 1110016K
  class space    used 8673K, capacity 9353K, committed 9472K, reserved 1048576K
}
Event: 23.869 GC heap before
{Heap before GC invocations=26 (full 0):
 garbage-first heap   total 157696K, used 137175K [0x0000000080000000, 0x0000000100000000)
  region size 1024K, 33 young (33792K), 4 survivors (4096K)
 Metaspace       used 69641K, capacity 71562K, committed 71728K, reserved 1112064K
  class space    used 8862K, capacity 9548K, committed 9600K, reserved 1048576K
}
Event: 23.881 GC heap after
{Heap after GC invocations=27 (full 0):
 garbage-first heap   total 157696K, used 102720K [0x0000000080000000, 0x0000000100000000)
  region size 1024K, 5 young (5120K), 5 survivors (5120K)
 Metaspace       used 69641K, capacity 71562K, committed 71728K, reserved 1112064K
  class space    used 8862K, capacity 9548K, committed 9600K, reserved 1048576K
}
Event: 24.492 GC heap before
{Heap before GC invocations=27 (full 0):
 garbage-first heap   total 157696K, used 130368K [0x0000000080000000, 0x0000000100000000)
  region size 1024K, 32 young (32768K), 5 survivors (5120K)
 Metaspace       used 71631K, capacity 73455K, committed 73520K, reserved 1114112K
  class space    used 9124K, capacity 9812K, committed 9856K, reserved 1048576K
}
Event: 24.509 GC heap after
{Heap after GC invocations=28 (full 0):
 garbage-first heap   total 189440K, used 104381K [0x0000000080000000, 0x0000000100000000)
  region size 1024K, 2 young (2048K), 2 survivors (2048K)
 Metaspace       used 71631K, capacity 73455K, committed 73520K, reserved 1114112K
  class space    used 9124K, capacity 9812K, committed 9856K, reserved 1048576K
}
Event: 25.945 GC heap before
{Heap before GC invocations=29 (full 0):
 garbage-first heap   total 189440K, used 148413K [0x0000000080000000, 0x0000000100000000)
  region size 1024K, 44 young (45056K), 2 survivors (2048K)
 Metaspace       used 75327K, capacity 77323K, committed 77616K, reserved 1116160K
  class space    used 9574K, capacity 10304K, committed 10368K, reserved 1048576K
}
Event: 25.959 GC heap after
{Heap after GC invocations=30 (full 0):
 garbage-first heap   total 189440K, used 106597K [0x0000000080000000, 0x0000000100000000)
  region size 1024K, 4 young (4096K), 4 survivors (4096K)
 Metaspace       used 75327K, capacity 77323K, committed 77616K, reserved 1116160K
  class space    used 9574K, capacity 10304K, committed 10368K, reserved 1048576K
}
Event: 26.618 GC heap before
{Heap before GC invocations=30 (full 0):
 garbage-first heap   total 189440K, used 150629K [0x0000000080000000, 0x0000000100000000)
  region size 1024K, 47 young (48128K), 4 survivors (4096K)
 Metaspace       used 75777K, capacity 77861K, committed 78000K, reserved 1116160K
  class space    used 9617K, capacity 10376K, committed 10496K, reserved 1048576K
}
Event: 26.640 GC heap after
{Heap after GC invocations=31 (full 0):
 garbage-first heap   total 189440K, used 109798K [0x0000000080000000, 0x0000000100000000)
  region size 1024K, 6 young (6144K), 6 survivors (6144K)
 Metaspace       used 75777K, capacity 77861K, committed 78000K, reserved 1116160K
  class space    used 9617K, capacity 10376K, committed 10496K, reserved 1048576K
}
Event: 27.806 GC heap before
{Heap before GC invocations=32 (full 0):
 garbage-first heap   total 189440K, used 152806K [0x0000000080000000, 0x0000000100000000)
  region size 1024K, 48 young (49152K), 6 survivors (6144K)
 Metaspace       used 80191K, capacity 82262K, committed 82480K, reserved 1120256K
  class space    used 10371K, capacity 11092K, committed 11136K, reserved 1048576K
}
Event: 27.823 GC heap after
{Heap after GC invocations=33 (full 0):
 garbage-first heap   total 189440K, used 111953K [0x0000000080000000, 0x0000000100000000)
  region size 1024K, 3 young (3072K), 3 survivors (3072K)
 Metaspace       used 80191K, capacity 82262K, committed 82480K, reserved 1120256K
  class space    used 10371K, capacity 11092K, committed 11136K, reserved 1048576K
}
Event: 28.961 GC heap before
{Heap before GC invocations=33 (full 0):
 garbage-first heap   total 189440K, used 147793K [0x0000000080000000, 0x0000000100000000)
  region size 1024K, 39 young (39936K), 3 survivors (3072K)
 Metaspace       used 83570K, capacity 85643K, committed 85808K, reserved 1124352K
  class space    used 10810K, capacity 11567K, committed 11648K, reserved 1048576K
}
Event: 28.975 GC heap after
{Heap after GC invocations=34 (full 0):
 garbage-first heap   total 227328K, used 114359K [0x0000000080000000, 0x0000000100000000)
  region size 1024K, 5 young (5120K), 5 survivors (5120K)
 Metaspace       used 83570K, capacity 85643K, committed 85808K, reserved 1124352K
  class space    used 10810K, capacity 11567K, committed 11648K, reserved 1048576K
}

Deoptimization events (20 events):
Event: 29.570 Thread 0x000001dc39f9e800 DEOPT PACKING pc=0x000001dc23f70860 sp=0x0000002ed73fed40
Event: 29.570 Thread 0x000001dc39f9e800 DEOPT UNPACKING pc=0x000001dc1c40a1af sp=0x0000002ed73fed28 mode 2
Event: 29.576 Thread 0x000001dc3545a800 Uncommon trap: trap_request=0xffffff7e fr.pc=0x000001dc243e76c8 relative=0x0000000000000088
Event: 29.576 Thread 0x000001dc3545a800 Uncommon trap: reason=predicate action=maybe_recompile pc=0x000001dc243e76c8 method=java.util.TimSort.binarySort([Ljava/lang/Object;IIILjava/util/Comparator;)V @ 34 c2
Event: 29.576 Thread 0x000001dc3545a800 DEOPT PACKING pc=0x000001dc243e76c8 sp=0x0000002ed35fc760
Event: 29.576 Thread 0x000001dc3545a800 DEOPT UNPACKING pc=0x000001dc1c40a1af sp=0x0000002ed35fc720 mode 2
Event: 29.605 Thread 0x000001dc34d69000 Uncommon trap: trap_request=0xffffffc6 fr.pc=0x000001dc24085c50 relative=0x00000000000008f0
Event: 29.605 Thread 0x000001dc34d69000 Uncommon trap: reason=bimorphic_or_optimized_type_check action=maybe_recompile pc=0x000001dc24085c50 method=java.lang.Throwable.<init>(Ljava/lang/String;Ljava/lang/Throwable;)V @ 24 c2
Event: 29.605 Thread 0x000001dc34d69000 DEOPT PACKING pc=0x000001dc24085c50 sp=0x0000002ed32fb7e0
Event: 29.605 Thread 0x000001dc34d69000 DEOPT UNPACKING pc=0x000001dc1c40a1af sp=0x0000002ed32fb7a8 mode 2
Event: 29.613 Thread 0x000001dc34d69000 Uncommon trap: trap_request=0xffffffc6 fr.pc=0x000001dc24085c50 relative=0x00000000000008f0
Event: 29.613 Thread 0x000001dc34d69000 Uncommon trap: reason=bimorphic_or_optimized_type_check action=maybe_recompile pc=0x000001dc24085c50 method=java.lang.Throwable.<init>(Ljava/lang/String;Ljava/lang/Throwable;)V @ 24 c2
Event: 29.613 Thread 0x000001dc34d69000 DEOPT PACKING pc=0x000001dc24085c50 sp=0x0000002ed32fb7e0
Event: 29.613 Thread 0x000001dc34d69000 DEOPT UNPACKING pc=0x000001dc1c40a1af sp=0x0000002ed32fb7a8 mode 2
Event: 29.667 Thread 0x000001dc34d69000 DEOPT PACKING pc=0x000001dc1d1ee4eb sp=0x0000002ed32fa290
Event: 29.667 Thread 0x000001dc34d69000 DEOPT UNPACKING pc=0x000001dc1c40a95e sp=0x0000002ed32f96f0 mode 0
Event: 30.131 Thread 0x000001dc34d69000 Uncommon trap: trap_request=0xffffff4d fr.pc=0x000001dc243556e0 relative=0x0000000000003f00
Event: 30.131 Thread 0x000001dc34d69000 Uncommon trap: reason=unstable_if action=reinterpret pc=0x000001dc243556e0 method=groovy.lang.MetaClassImpl.checkIfStdMethod(Lgroovy/lang/MetaMethod;)V @ 167 c2
Event: 30.131 Thread 0x000001dc34d69000 DEOPT PACKING pc=0x000001dc243556e0 sp=0x0000002ed32f9620
Event: 30.131 Thread 0x000001dc34d69000 DEOPT UNPACKING pc=0x000001dc1c40a1af sp=0x0000002ed32f9648 mode 2

Classes redefined (0 events):
No events

Internal exceptions (20 events):
Event: 29.655 Thread 0x000001dc34d69000 Exception <a 'java/lang/ClassNotFoundException'{0x000000008cd59158}: org/jetbrains/plugins/gradle/tooling/util/SourceSetCachedFinder$2BeanInfo> (0x000000008cd59158) thrown at [./src/hotspot/share/classfile/systemDictionary.cpp, line 231]
Event: 29.656 Thread 0x000001dc34d69000 Exception <a 'java/lang/ClassNotFoundException'{0x000000008cd6b678}: org/jetbrains/plugins/gradle/tooling/util/SourceSetCachedFinder$2Customizer> (0x000000008cd6b678) thrown at [./src/hotspot/share/classfile/systemDictionary.cpp, line 231]
Event: 29.661 Thread 0x000001dc34d69000 Exception <a 'java/lang/ClassNotFoundException'{0x000000008cdb79e8}: org/jetbrains/plugins/gradle/tooling/util/SourceSetCachedFinderBeanInfo> (0x000000008cdb79e8) thrown at [./src/hotspot/share/classfile/systemDictionary.cpp, line 231]
Event: 29.662 Thread 0x000001dc34d69000 Exception <a 'java/lang/ClassNotFoundException'{0x000000008cdc9630}: org/jetbrains/plugins/gradle/tooling/util/SourceSetCachedFinderCustomizer> (0x000000008cdc9630) thrown at [./src/hotspot/share/classfile/systemDictionary.cpp, line 231]
Event: 29.668 Thread 0x000001dc34d69000 Exception <a 'java/lang/ClassNotFoundException'{0x000000008cc2c600}: org/jetbrains/plugins/gradle/tooling/util/SourceSetCachedFinder$ArtifactsMapBeanInfo> (0x000000008cc2c600) thrown at [./src/hotspot/share/classfile/systemDictionary.cpp, line 231]
Event: 29.669 Thread 0x000001dc34d69000 Exception <a 'java/lang/ClassNotFoundException'{0x000000008cc40f68}: org/jetbrains/plugins/gradle/tooling/util/SourceSetCachedFinder$ArtifactsMapCustomizer> (0x000000008cc40f68) thrown at [./src/hotspot/share/classfile/systemDictionary.cpp, line 231]
Event: 30.111 Thread 0x000001dc34d69000 Exception <a 'java/lang/ClassNotFoundException'{0x000000008bcc82f8}: org/gradle/api/internal/artifacts/configurations/DefaultConfigurationContainer_DecoratedBeanInfo> (0x000000008bcc82f8) thrown at [./src/hotspot/share/classfile/systemDictionary.cpp, line 231]
Event: 30.112 Thread 0x000001dc34d69000 Exception <a 'java/lang/ClassNotFoundException'{0x000000008bcf3e08}: org/gradle/api/internal/artifacts/configurations/DefaultConfigurationContainerBeanInfo> (0x000000008bcf3e08) thrown at [./src/hotspot/share/classfile/systemDictionary.cpp, line 231]
Event: 30.113 Thread 0x000001dc34d69000 Exception <a 'java/lang/ClassNotFoundException'{0x000000008bb0e180}: org/gradle/api/internal/AbstractValidatingNamedDomainObjectContainerBeanInfo> (0x000000008bb0e180) thrown at [./src/hotspot/share/classfile/systemDictionary.cpp, line 231]
Event: 30.113 Thread 0x000001dc34d69000 Exception <a 'java/lang/ClassNotFoundException'{0x000000008bb28250}: org/gradle/api/internal/AbstractValidatingNamedDomainObjectContainerCustomizer> (0x000000008bb28250) thrown at [./src/hotspot/share/classfile/systemDictionary.cpp, line 231]
Event: 30.115 Thread 0x000001dc34d69000 Exception <a 'java/lang/ClassNotFoundException'{0x000000008bb5ec28}: org/gradle/api/internal/artifacts/configurations/DefaultConfigurationContainerCustomizer> (0x000000008bb5ec28) thrown at [./src/hotspot/share/classfile/systemDictionary.cpp, line 231]
Event: 30.118 Thread 0x000001dc34d69000 Exception <a 'java/lang/ClassNotFoundException'{0x000000008bba0ef0}: org/gradle/api/internal/artifacts/configurations/DefaultConfigurationContainer_DecoratedCustomizer> (0x000000008bba0ef0) thrown at [./src/hotspot/share/classfile/systemDictionary.cpp, line 231]
Event: 30.167 Thread 0x000001dc34d69000 Exception <a 'java/lang/ClassNotFoundException'{0x000000008b930148}: java/lang/IntegerBeanInfo> (0x000000008b930148) thrown at [./src/hotspot/share/classfile/systemDictionary.cpp, line 231]
Event: 30.167 Thread 0x000001dc34d69000 Exception <a 'java/lang/ClassNotFoundException'{0x000000008b939ea8}: java/lang/NumberBeanInfo> (0x000000008b939ea8) thrown at [./src/hotspot/share/classfile/systemDictionary.cpp, line 231]
Event: 30.168 Thread 0x000001dc34d69000 Exception <a 'java/lang/ClassNotFoundException'{0x000000008b944030}: java/lang/NumberCustomizer> (0x000000008b944030) thrown at [./src/hotspot/share/classfile/systemDictionary.cpp, line 231]
Event: 30.168 Thread 0x000001dc34d69000 Exception <a 'java/lang/ClassNotFoundException'{0x000000008b9510c0}: java/lang/IntegerCustomizer> (0x000000008b9510c0) thrown at [./src/hotspot/share/classfile/systemDictionary.cpp, line 231]
Event: 30.182 Thread 0x000001dc34d69000 Exception <a 'java/lang/ClassNotFoundException'{0x000000008b9b4d90}: org/gradle/internal/extensibility/DefaultConventionBeanInfo> (0x000000008b9b4d90) thrown at [./src/hotspot/share/classfile/systemDictionary.cpp, line 231]
Event: 30.182 Thread 0x000001dc34d69000 Exception <a 'java/lang/ClassNotFoundException'{0x000000008b9cc7a8}: org/gradle/internal/extensibility/DefaultConventionCustomizer> (0x000000008b9cc7a8) thrown at [./src/hotspot/share/classfile/systemDictionary.cpp, line 231]
Event: 30.196 Thread 0x000001dc34d69000 Exception <a 'java/lang/ClassNotFoundException'{0x000000008b8775c0}: org/gradle/internal/extensibility/DefaultExtensionsSchemaBeanInfo> (0x000000008b8775c0) thrown at [./src/hotspot/share/classfile/systemDictionary.cpp, line 231]
Event: 30.196 Thread 0x000001dc34d69000 Exception <a 'java/lang/ClassNotFoundException'{0x000000008b890598}: org/gradle/internal/extensibility/DefaultExtensionsSchemaCustomizer> (0x000000008b890598) thrown at [./src/hotspot/share/classfile/systemDictionary.cpp, line 231]

Events (20 events):
Event: 30.191 loading class groovy/runtime/metaclass/org/jetbrains/plugins/gradle/tooling/builder/ProjectExtensionsDataBuilderImpl$_buildAll_closure3MetaClass
Event: 30.191 loading class groovy/runtime/metaclass/org/jetbrains/plugins/gradle/tooling/builder/ProjectExtensionsDataBuilderImpl$_buildAll_closure3MetaClass done
Event: 30.192 loading class groovy/runtime/metaclass/org/gradle/internal/extensibility/DefaultExtensionsSchemaMetaClass
Event: 30.192 loading class groovy/runtime/metaclass/org/gradle/internal/extensibility/DefaultExtensionsSchemaMetaClass done
Event: 30.193 Executing VM operation: BulkRevokeBias
Event: 30.194 Executing VM operation: BulkRevokeBias done
Event: 30.195 loading class org/gradle/internal/extensibility/DefaultExtensionsSchemaBeanInfo
Event: 30.195 loading class org/gradle/internal/extensibility/DefaultExtensionsSchemaBeanInfo done
Event: 30.195 loading class org/gradle/internal/extensibility/DefaultExtensionsSchemaBeanInfo
Event: 30.195 loading class org/gradle/internal/extensibility/DefaultExtensionsSchemaBeanInfo done
Event: 30.195 loading class org/gradle/internal/extensibility/DefaultExtensionsSchemaBeanInfo
Event: 30.195 loading class org/gradle/internal/extensibility/DefaultExtensionsSchemaBeanInfo done
Event: 30.196 loading class org/gradle/internal/extensibility/DefaultExtensionsSchemaCustomizer
Event: 30.196 loading class org/gradle/internal/extensibility/DefaultExtensionsSchemaCustomizer done
Event: 30.196 loading class org/gradle/internal/extensibility/DefaultExtensionsSchemaCustomizer
Event: 30.196 loading class org/gradle/internal/extensibility/DefaultExtensionsSchemaCustomizer done
Event: 30.196 loading class org/gradle/internal/extensibility/DefaultExtensionsSchemaCustomizer
Event: 30.196 loading class org/gradle/internal/extensibility/DefaultExtensionsSchemaCustomizer done
Event: 30.198 loading class groovy/runtime/metaclass/org/gradle/internal/extensibility/ExtensionsStorage$ExtensionHolderMetaClass
Event: 30.198 loading class groovy/runtime/metaclass/org/gradle/internal/extensibility/ExtensionsStorage$ExtensionHolderMetaClass done


Dynamic libraries:
0x00007ff612a10000 - 0x00007ff612a1a000 	C:\Program Files\Android\Android Studio\jre\bin\java.exe
0x00007ff85a720000 - 0x00007ff85a929000 	C:\Windows\SYSTEM32\ntdll.dll
0x00007ff85a330000 - 0x00007ff85a3ee000 	C:\Windows\System32\KERNEL32.DLL
0x00007ff857ff0000 - 0x00007ff85836b000 	C:\Windows\System32\KERNELBASE.dll
0x00007ff857c60000 - 0x00007ff857d71000 	C:\Windows\System32\ucrtbase.dll
0x00007ff8468f0000 - 0x00007ff846909000 	C:\Program Files\Android\Android Studio\jre\bin\jli.dll
0x00007ff85a530000 - 0x00007ff85a6dd000 	C:\Windows\System32\USER32.dll
0x00007ff857fc0000 - 0x00007ff857fe6000 	C:\Windows\System32\win32u.dll
0x00007ff858da0000 - 0x00007ff858dc9000 	C:\Windows\System32\GDI32.dll
0x00007ff857d80000 - 0x00007ff857e98000 	C:\Windows\System32\gdi32full.dll
0x00007ff857f20000 - 0x00007ff857fbd000 	C:\Windows\System32\msvcp_win.dll
0x00007ff8466e0000 - 0x00007ff8466f7000 	C:\Program Files\Android\Android Studio\jre\bin\VCRUNTIME140.dll
0x00007ff842350000 - 0x00007ff8425f5000 	C:\Windows\WinSxS\amd64_microsoft.windows.common-controls_6595b64144ccf1df_6.0.22000.120_none_9d947278b86cc467\COMCTL32.dll
0x00007ff85a480000 - 0x00007ff85a523000 	C:\Windows\System32\msvcrt.dll
0x00007ff85a0b0000 - 0x00007ff85a0e2000 	C:\Windows\System32\IMM32.DLL
0x00007ff82c6b0000 - 0x00007ff82c74d000 	C:\Program Files\Android\Android Studio\jre\bin\msvcp140.dll
0x00007ff8039e0000 - 0x00007ff8044e2000 	C:\Program Files\Android\Android Studio\jre\bin\server\jvm.dll
0x00007ff85a000000 - 0x00007ff85a0ae000 	C:\Windows\System32\ADVAPI32.dll
0x00007ff858850000 - 0x00007ff8588ee000 	C:\Windows\System32\sechost.dll
0x00007ff858c80000 - 0x00007ff858da0000 	C:\Windows\System32\RPCRT4.dll
0x00007ff858690000 - 0x00007ff858698000 	C:\Windows\System32\PSAPI.DLL
0x00007ff850740000 - 0x00007ff850749000 	C:\Windows\SYSTEM32\WSOCK32.dll
0x00007ff8597a0000 - 0x00007ff85980f000 	C:\Windows\System32\WS2_32.dll
0x00007ff8501d0000 - 0x00007ff850203000 	C:\Windows\SYSTEM32\WINMM.dll
0x00007ff84ac80000 - 0x00007ff84ac8a000 	C:\Windows\SYSTEM32\VERSION.dll
0x00007ff856d60000 - 0x00007ff856d78000 	C:\Windows\SYSTEM32\kernel.appcore.dll
0x00007ff84d300000 - 0x00007ff84d311000 	C:\Program Files\Android\Android Studio\jre\bin\verify.dll
0x00007ff855770000 - 0x00007ff855991000 	C:\Windows\SYSTEM32\DBGHELP.DLL
0x00007ff848f30000 - 0x00007ff848f61000 	C:\Windows\SYSTEM32\dbgcore.DLL
0x00007ff857ea0000 - 0x00007ff857f1f000 	C:\Windows\System32\bcryptPrimitives.dll
0x00007ff848f00000 - 0x00007ff848f29000 	C:\Program Files\Android\Android Studio\jre\bin\java.dll
0x00007ff84d2f0000 - 0x00007ff84d2fb000 	C:\Program Files\Android\Android Studio\jre\bin\jimage.dll
0x00007ff849e40000 - 0x00007ff849e58000 	C:\Program Files\Android\Android Studio\jre\bin\zip.dll
0x00007ff858dd0000 - 0x00007ff859587000 	C:\Windows\System32\SHELL32.dll
0x00007ff855c20000 - 0x00007ff856485000 	C:\Windows\SYSTEM32\windows.storage.dll
0x00007ff858900000 - 0x00007ff858c78000 	C:\Windows\System32\combase.dll
0x00007ff8559a0000 - 0x00007ff855b06000 	C:\Windows\SYSTEM32\wintypes.dll
0x00007ff858760000 - 0x00007ff85884a000 	C:\Windows\System32\SHCORE.dll
0x00007ff859810000 - 0x00007ff85986d000 	C:\Windows\System32\shlwapi.dll
0x00007ff857b20000 - 0x00007ff857b41000 	C:\Windows\SYSTEM32\profapi.dll
0x00007ff8497a0000 - 0x00007ff8497ba000 	C:\Program Files\Android\Android Studio\jre\bin\net.dll
0x00007ff84fbc0000 - 0x00007ff84fcd4000 	C:\Windows\SYSTEM32\WINHTTP.dll
0x00007ff857200000 - 0x00007ff857267000 	C:\Windows\system32\mswsock.dll
0x00007ff848930000 - 0x00007ff848944000 	C:\Program Files\Android\Android Studio\jre\bin\nio.dll
0x00007ff8456b0000 - 0x00007ff8456d7000 	C:\Users\Administrator\.gradle\native\e1d6ef7f7dcc3fd88c89a11ec53ec762bb8ba0a96d01ffa2cd45eb1d1d8dd5c5\windows-amd64\native-platform.dll
0x00007ff823580000 - 0x00007ff8236c4000 	C:\Users\Administrator\.gradle\native\0d407fdbe67a94daf76414ababcb853783967236a71b16ec16e742cd7a986fd3\windows-amd64\native-platform-file-events.dll
0x00007ff849ea0000 - 0x00007ff849eaa000 	C:\Program Files\Android\Android Studio\jre\bin\management.dll
0x00007ff849d20000 - 0x00007ff849d2d000 	C:\Program Files\Android\Android Studio\jre\bin\management_ext.dll
0x00007ff857450000 - 0x00007ff857468000 	C:\Windows\SYSTEM32\CRYPTSP.dll
0x00007ff856cc0000 - 0x00007ff856cf5000 	C:\Windows\system32\rsaenh.dll
0x00007ff8572f0000 - 0x00007ff857319000 	C:\Windows\SYSTEM32\USERENV.dll
0x00007ff8575d0000 - 0x00007ff8575f7000 	C:\Windows\SYSTEM32\bcrypt.dll
0x00007ff857440000 - 0x00007ff85744c000 	C:\Windows\SYSTEM32\CRYPTBASE.dll
0x00007ff856890000 - 0x00007ff8568bd000 	C:\Windows\SYSTEM32\IPHLPAPI.DLL
0x00007ff859590000 - 0x00007ff859599000 	C:\Windows\System32\NSI.dll
0x00007ff84f380000 - 0x00007ff84f399000 	C:\Windows\SYSTEM32\dhcpcsvc6.DLL
0x00007ff850590000 - 0x00007ff8505ae000 	C:\Windows\SYSTEM32\dhcpcsvc.DLL
0x00007ff8568c0000 - 0x00007ff8569a8000 	C:\Windows\SYSTEM32\DNSAPI.dll

dbghelp: loaded successfully - version: 4.0.5 - missing functions: none
symbol engine: initialized successfully - sym options: 0x614 - pdb path: .;C:\Program Files\Android\Android Studio\jre\bin;C:\Windows\SYSTEM32;C:\Windows\WinSxS\amd64_microsoft.windows.common-controls_6595b64144ccf1df_6.0.22000.120_none_9d947278b86cc467;C:\Program Files\Android\Android Studio\jre\bin\server;C:\Users\Administrator\.gradle\native\e1d6ef7f7dcc3fd88c89a11ec53ec762bb8ba0a96d01ffa2cd45eb1d1d8dd5c5\windows-amd64;C:\Users\Administrator\.gradle\native\0d407fdbe67a94daf76414ababcb853783967236a71b16ec16e742cd7a986fd3\windows-amd64

VM Arguments:
jvm_args: --add-opens=java.base/java.util=ALL-UNNAMED --add-opens=java.base/java.lang=ALL-UNNAMED --add-opens=java.base/java.lang.invoke=ALL-UNNAMED --add-opens=java.base/java.util=ALL-UNNAMED --add-opens=java.prefs/java.util.prefs=ALL-UNNAMED --add-opens=java.prefs/java.util.prefs=ALL-UNNAMED --add-opens=java.base/java.nio.charset=ALL-UNNAMED --add-opens=java.base/java.net=ALL-UNNAMED --add-opens=java.base/java.util.concurrent.atomic=ALL-UNNAMED -Xmx2048m -Dfile.encoding=UTF-8 -Duser.country=US -Duser.language=en -Duser.variant 
java_command: org.gradle.launcher.daemon.bootstrap.GradleDaemon 7.4
java_class_path (initial): C:\Users\Administrator\.gradle\wrapper\dists\gradle-7.4-bin\c0gwcg53nkjbqw7r0h0umtfvt\gradle-7.4\lib\gradle-launcher-7.4.jar
Launcher Type: SUN_STANDARD

[Global flags]
     intx CICompilerCount                          = 3                                         {product} {ergonomic}
     uint ConcGCThreads                            = 1                                         {product} {ergonomic}
     uint G1ConcRefinementThreads                  = 4                                         {product} {ergonomic}
   size_t G1HeapRegionSize                         = 1048576                                   {product} {ergonomic}
    uintx GCDrainStackTargetSize                   = 64                                        {product} {ergonomic}
   size_t InitialHeapSize                          = 134217728                                 {product} {ergonomic}
   size_t MarkStackSize                            = 4194304                                   {product} {ergonomic}
   size_t MaxHeapSize                              = 2147483648                                {product} {command line}
   size_t MaxNewSize                               = 1287651328                                {product} {ergonomic}
   size_t MinHeapDeltaBytes                        = 1048576                                   {product} {ergonomic}
    uintx NonNMethodCodeHeapSize                   = 5830732                                {pd product} {ergonomic}
    uintx NonProfiledCodeHeapSize                  = 122913754                              {pd product} {ergonomic}
    uintx ProfiledCodeHeapSize                     = 122913754                              {pd product} {ergonomic}
    uintx ReservedCodeCacheSize                    = 251658240                              {pd product} {ergonomic}
     bool SegmentedCodeCache                       = true                                      {product} {ergonomic}
     bool UseCompressedClassPointers               = true                                 {lp64_product} {ergonomic}
     bool UseCompressedOops                        = true                                 {lp64_product} {ergonomic}
     bool UseG1GC                                  = true                                      {product} {ergonomic}
     bool UseLargePagesIndividualAllocation        = false                                  {pd product} {ergonomic}

Logging:
Log output configuration:
 #0: stdout all=warning uptime,level,tags
 #1: stderr all=off uptime,level,tags

Environment Variables:
PATH=C:\Program Files (x86)\Common Files\Oracle\Java\javapath;C:\Windows\system32;C:\Windows;C:\Windows\System32\Wbem;C:\Windows\System32\WindowsPowerShell\v1.0\;C:\Windows\System32\OpenSSH\;C:\Program Files\Git\cmd;C:\xampp\php;C:\ProgramData\ComposerSetup\bin;C:\Program Files (x86)\NVIDIA Corporation\PhysX\Common;C:\Program Files\NVIDIA Corporation\NVIDIA NvDLISR;C:\Program Files\nodejs\;C:\Program Files\dotnet\;C:\Users\Administrator\AppData\Local\Microsoft\WindowsApps;C:\Users\Administrator\AppData\Local\Programs\Microsoft VS Code\bin;C:\Users\Administrator\AppData\Roaming\Composer\vendor\bin;D:\xampp\php\php.exe;C:\Users\Administrator\AppData\Roaming\npm;C:\Program Files\Java\jdk-19.0.1\bin;
USERNAME=Administrator
OS=Windows_NT
PROCESSOR_IDENTIFIER=Intel64 Family 6 Model 142 Stepping 9, GenuineIntel



---------------  S Y S T E M  ---------------

OS: Windows 11 , 64 bit Build 22000 (10.0.22000.1335)
OS uptime: 2 days 1:55 hours

CPU:total 4 (initial active 4) (2 cores per cpu, 2 threads per core) family 6 model 142 stepping 9 microcode 0xde, cmov, cx8, fxsr, mmx, sse, sse2, sse3, ssse3, sse4.1, sse4.2, popcnt, avx, avx2, aes, clmul, erms, 3dnowpref, lzcnt, ht, tsc, tscinvbit, bmi1, bmi2, adx, fma

Memory: 4k page, system-wide physical 8073M (453M free)
TotalPageFile size 8073M (AvailPageFile size 5M)
current process WorkingSet (physical memory assigned to process): 481M, peak: 481M
current process commit charge ("private bytes"): 510M, peak: 512M

vm_info: OpenJDK 64-Bit Server VM (11.0.13+0-b1751.21-8125866) for windows-amd64 JRE (11.0.13+0-b1751.21-8125866), built on Feb  2 2022 03:00:22 by "builder" with MS VC++ 14.0 (VS2015)

END.
