#
# There is insufficient memory for the Java Runtime Environment to continue.
# Native memory allocation (malloc) failed to allocate 1375696 bytes for Chunk::new
# Possible reasons:
#   The system is out of physical RAM or swap space
#   The process is running with CompressedOops enabled, and the Java Heap may be blocking the growth of the native heap
# Possible solutions:
#   Reduce memory load on the system
#   Increase physical memory or swap space
#   Check if swap backing store is full
#   Decrease Java heap size (-Xmx/-Xms)
#   Decrease number of Java threads
#   Decrease Java thread stack sizes (-Xss)
#   Set larger code cache with -XX:ReservedCodeCacheSize=
#   JVM is running with Unscaled Compressed Oops mode in which the Java heap is
#     placed in the first 4GB address space. The Java Heap base address is the
#     maximum limit for the native heap growth. Please use -XX:HeapBaseMinAddress
#     to set the Java Heap base and to place the Java Heap above 4GB virtual address.
# This output file may be truncated or incomplete.
#
#  Out of Memory Error (./src/hotspot/share/memory/arena.cpp:197), pid=10916, tid=5640
#
# JRE version: OpenJDK Runtime Environment (11.0.13) (build 11.0.13+0-b1751.21-8125866)
# Java VM: OpenJDK 64-Bit Server VM (11.0.13+0-b1751.21-8125866, mixed mode, tiered, compressed oops, g1 gc, windows-amd64)
# No core dump will be written. Minidumps are not enabled by default on client versions of Windows
#

---------------  S U M M A R Y ------------

Command Line: --add-opens=java.base/java.util=ALL-UNNAMED --add-opens=java.base/java.lang=ALL-UNNAMED --add-opens=java.base/java.lang.invoke=ALL-UNNAMED --add-opens=java.base/java.util=ALL-UNNAMED --add-opens=java.prefs/java.util.prefs=ALL-UNNAMED --add-opens=java.prefs/java.util.prefs=ALL-UNNAMED --add-opens=java.base/java.nio.charset=ALL-UNNAMED --add-opens=java.base/java.net=ALL-UNNAMED --add-opens=java.base/java.util.concurrent.atomic=ALL-UNNAMED -Xmx2048m -Dfile.encoding=UTF-8 -Duser.country=US -Duser.language=en -Duser.variant org.gradle.launcher.daemon.bootstrap.GradleDaemon 7.4

Host: Intel(R) Core(TM) i3-7020U CPU @ 2.30GHz, 4 cores, 7G,  Windows 11 , 64 bit Build 22000 (10.0.22000.1335)
Time: Sun Jan  8 20:47:55 2023 SE Asia Standard Time elapsed time: 5.066442 seconds (0d 0h 0m 5s)

---------------  T H R E A D  ---------------

Current thread (0x000001651fdd8000):  JavaThread "C2 CompilerThread0" daemon [_thread_in_native, id=5640, stack(0x0000002b23c00000,0x0000002b23d00000)]


Current CompileTask:
C2:   5066 1994   !   4       java.lang.ClassLoader::loadClass (122 bytes)

Stack: [0x0000002b23c00000,0x0000002b23d00000]
Native frames: (J=compiled Java code, j=interpreted, Vv=VM code, C=native code)
V  [jvm.dll+0x6100fa]
V  [jvm.dll+0x747090]
V  [jvm.dll+0x7486ad]
V  [jvm.dll+0x748d83]
V  [jvm.dll+0x24ab48]
V  [jvm.dll+0xc04dc]
V  [jvm.dll+0xc0a0c]
V  [jvm.dll+0x35eb9d]
V  [jvm.dll+0x19d9bc]
V  [jvm.dll+0x2033be]
V  [jvm.dll+0x202437]
V  [jvm.dll+0x188e01]
V  [jvm.dll+0x21106b]
V  [jvm.dll+0x20f8c1]
V  [jvm.dll+0x70de0f]
V  [jvm.dll+0x706a75]
V  [jvm.dll+0x60ed66]
C  [ucrtbase.dll+0x26c0c]
C  [KERNEL32.DLL+0x155a0]
C  [ntdll.dll+0x485b]


---------------  P R O C E S S  ---------------

Threads class SMR info:
_java_thread_list=0x000001652342dd60, length=23, elements={
0x00000165061ad000, 0x000001651fdb2800, 0x000001651fdb3000, 0x0000016520742800,
0x000001651fdd2000, 0x000001651fdd5000, 0x000001651fdd8000, 0x000001651fdd9000,
0x0000016520764000, 0x0000016520877800, 0x000001652304a000, 0x0000016522839000,
0x0000016523dc4800, 0x0000016521fb7000, 0x0000016520b2f000, 0x000001652279d800,
0x0000016522ae6800, 0x00000165226c5000, 0x0000016521f62000, 0x0000016522dea800,
0x0000016522727000, 0x0000016522725800, 0x0000016522728000
}

Java Threads: ( => current thread )
  0x00000165061ad000 JavaThread "main" [_thread_blocked, id=8740, stack(0x0000002b23000000,0x0000002b23100000)]
  0x000001651fdb2800 JavaThread "Reference Handler" daemon [_thread_blocked, id=7008, stack(0x0000002b23700000,0x0000002b23800000)]
  0x000001651fdb3000 JavaThread "Finalizer" daemon [_thread_blocked, id=11700, stack(0x0000002b23800000,0x0000002b23900000)]
  0x0000016520742800 JavaThread "Signal Dispatcher" daemon [_thread_blocked, id=11712, stack(0x0000002b23900000,0x0000002b23a00000)]
  0x000001651fdd2000 JavaThread "Attach Listener" daemon [_thread_blocked, id=3820, stack(0x0000002b23a00000,0x0000002b23b00000)]
  0x000001651fdd5000 JavaThread "Service Thread" daemon [_thread_blocked, id=5704, stack(0x0000002b23b00000,0x0000002b23c00000)]
=>0x000001651fdd8000 JavaThread "C2 CompilerThread0" daemon [_thread_in_native, id=5640, stack(0x0000002b23c00000,0x0000002b23d00000)]
  0x000001651fdd9000 JavaThread "C1 CompilerThread0" daemon [_thread_blocked, id=4640, stack(0x0000002b23d00000,0x0000002b23e00000)]
  0x0000016520764000 JavaThread "Sweeper thread" daemon [_thread_blocked, id=6496, stack(0x0000002b23e00000,0x0000002b23f00000)]
  0x0000016520877800 JavaThread "Common-Cleaner" daemon [_thread_blocked, id=6176, stack(0x0000002b23f00000,0x0000002b24000000)]
  0x000001652304a000 JavaThread "Daemon health stats" [_thread_blocked, id=7848, stack(0x0000002b24400000,0x0000002b24500000)]
  0x0000016522839000 JavaThread "Incoming local TCP Connector on port 3099" [_thread_in_native, id=9372, stack(0x0000002b24100000,0x0000002b24200000)]
  0x0000016523dc4800 JavaThread "Daemon periodic checks" [_thread_blocked, id=3504, stack(0x0000002b24500000,0x0000002b24600000)]
  0x0000016521fb7000 JavaThread "Daemon" [_thread_blocked, id=1924, stack(0x0000002b24600000,0x0000002b24700000)]
  0x0000016520b2f000 JavaThread "Handler for socket connection from /127.0.0.1:3099 to /127.0.0.1:3100" [_thread_in_native, id=2924, stack(0x0000002b24700000,0x0000002b24800000)]
  0x000001652279d800 JavaThread "Cancel handler" [_thread_blocked, id=3548, stack(0x0000002b24800000,0x0000002b24900000)]
  0x0000016522ae6800 JavaThread "Daemon worker" [_thread_in_vm, id=136, stack(0x0000002b24900000,0x0000002b24a00000)]
  0x00000165226c5000 JavaThread "Asynchronous log dispatcher for DefaultDaemonConnection: socket connection from /127.0.0.1:3099 to /127.0.0.1:3100" [_thread_blocked, id=6708, stack(0x0000002b24a00000,0x0000002b24b00000)]
  0x0000016521f62000 JavaThread "Stdin handler" [_thread_blocked, id=11920, stack(0x0000002b24b00000,0x0000002b24c00000)]
  0x0000016522dea800 JavaThread "Daemon client event forwarder" [_thread_blocked, id=1904, stack(0x0000002b24c00000,0x0000002b24d00000)]
  0x0000016522727000 JavaThread "Cache worker for journal cache (C:\Users\Administrator\.gradle\caches\journal-1)" [_thread_blocked, id=2092, stack(0x0000002b24d00000,0x0000002b24e00000)]
  0x0000016522725800 JavaThread "File lock request listener" [_thread_in_native, id=3112, stack(0x0000002b24e00000,0x0000002b24f00000)]
  0x0000016522728000 JavaThread "Cache worker for file hash cache (C:\Users\Administrator\.gradle\caches\7.4\fileHashes)" [_thread_blocked, id=10316, stack(0x0000002b25000000,0x0000002b25100000)]

Other Threads:
  0x000001651fdae000 VMThread "VM Thread" [stack: 0x0000002b23600000,0x0000002b23700000] [id=10112]
  0x00000165208da800 WatcherThread [stack: 0x0000002b24000000,0x0000002b24100000] [id=5820]
  0x00000165061c8800 GCTaskThread "GC Thread#0" [stack: 0x0000002b23100000,0x0000002b23200000] [id=3948]
  0x000001652112b800 GCTaskThread "GC Thread#1" [stack: 0x0000002b24200000,0x0000002b24300000] [id=3688]
  0x000001652114a800 GCTaskThread "GC Thread#2" [stack: 0x0000002b24300000,0x0000002b24400000] [id=4672]
  0x0000016523ef0800 GCTaskThread "GC Thread#3" [stack: 0x0000002b24f00000,0x0000002b25000000] [id=3944]
  0x00000165061fa000 ConcurrentGCThread "G1 Main Marker" [stack: 0x0000002b23200000,0x0000002b23300000] [id=6712]
  0x00000165061fb000 ConcurrentGCThread "G1 Conc#0" [stack: 0x0000002b23300000,0x0000002b23400000] [id=7856]
  0x000001650628b000 ConcurrentGCThread "G1 Refine#0" [stack: 0x0000002b23400000,0x0000002b23500000] [id=3268]
  0x000001650628e000 ConcurrentGCThread "G1 Young RemSet Sampling" [stack: 0x0000002b23500000,0x0000002b23600000] [id=4516]

Threads with active compile tasks:
C2 CompilerThread0   5087 1994   !   4       java.lang.ClassLoader::loadClass (122 bytes)

VM state:not at safepoint (normal execution)

VM Mutex/Monitor currently owned by a thread: None

Heap address: 0x0000000080000000, size: 2048 MB, Compressed Oops mode: 32-bit
Narrow klass base: 0x0000000000000000, Narrow klass shift: 3
Compressed class space size: 1073741824 Address: 0x0000000100000000

Heap:
 garbage-first heap   total 131072K, used 33517K [0x0000000080000000, 0x0000000100000000)
  region size 1024K, 21 young (21504K), 4 survivors (4096K)
 Metaspace       used 22558K, capacity 23083K, committed 23216K, reserved 1069056K
  class space    used 2825K, capacity 3015K, committed 3072K, reserved 1048576K
Heap Regions: E=young(eden), S=young(survivor), O=old, HS=humongous(starts), HC=humongous(continues), CS=collection set, F=free, A=archive, TAMS=top-at-mark-start (previous, next)
|   0|0x0000000080000000, 0x0000000080100000, 0x0000000080100000|100%|HS|  |TAMS 0x0000000080100000, 0x0000000080000000| Complete 
|   1|0x0000000080100000, 0x0000000080200000, 0x0000000080200000|100%|HC|  |TAMS 0x0000000080200000, 0x0000000080100000| Complete 
|   2|0x0000000080200000, 0x0000000080300000, 0x0000000080300000|100%|HC|  |TAMS 0x0000000080300000, 0x0000000080200000| Complete 
|   3|0x0000000080300000, 0x0000000080400000, 0x0000000080400000|100%| O|  |TAMS 0x0000000080400000, 0x0000000080300000| Untracked 
|   4|0x0000000080400000, 0x0000000080500000, 0x0000000080500000|100%| O|  |TAMS 0x0000000080500000, 0x0000000080400000| Untracked 
|   5|0x0000000080500000, 0x0000000080600000, 0x0000000080600000|100%| O|  |TAMS 0x0000000080600000, 0x0000000080500000| Untracked 
|   6|0x0000000080600000, 0x0000000080700000, 0x0000000080700000|100%| O|  |TAMS 0x0000000080700000, 0x0000000080600000| Untracked 
|   7|0x0000000080700000, 0x0000000080800000, 0x0000000080800000|100%| O|  |TAMS 0x0000000080800000, 0x0000000080700000| Untracked 
|   8|0x0000000080800000, 0x0000000080900000, 0x0000000080900000|100%| O|  |TAMS 0x0000000080900000, 0x0000000080800000| Untracked 
|   9|0x0000000080900000, 0x0000000080a00000, 0x0000000080a00000|100%| O|  |TAMS 0x0000000080a00000, 0x0000000080900000| Untracked 
|  10|0x0000000080a00000, 0x0000000080b00000, 0x0000000080b00000|100%| O|  |TAMS 0x0000000080b00000, 0x0000000080a00000| Untracked 
|  11|0x0000000080b00000, 0x0000000080c00000, 0x0000000080c00000|100%| O|  |TAMS 0x0000000080c00000, 0x0000000080b00000| Untracked 
|  12|0x0000000080c00000, 0x0000000080d00000, 0x0000000080d00000|100%| O|  |TAMS 0x0000000080d00000, 0x0000000080c00000| Untracked 
|  13|0x0000000080d00000, 0x0000000080d4da00, 0x0000000080e00000| 30%| O|  |TAMS 0x0000000080d4da00, 0x0000000080d00000| Untracked 
|  14|0x0000000080e00000, 0x0000000080e00000, 0x0000000080f00000|  0%| F|  |TAMS 0x0000000080e00000, 0x0000000080e00000| Untracked 
|  15|0x0000000080f00000, 0x0000000080f00000, 0x0000000081000000|  0%| F|  |TAMS 0x0000000080f00000, 0x0000000080f00000| Untracked 
|  16|0x0000000081000000, 0x0000000081000000, 0x0000000081100000|  0%| F|  |TAMS 0x0000000081000000, 0x0000000081000000| Untracked 
|  17|0x0000000081100000, 0x0000000081100000, 0x0000000081200000|  0%| F|  |TAMS 0x0000000081100000, 0x0000000081100000| Untracked 
|  18|0x0000000081200000, 0x0000000081200000, 0x0000000081300000|  0%| F|  |TAMS 0x0000000081200000, 0x0000000081200000| Untracked 
|  19|0x0000000081300000, 0x0000000081300000, 0x0000000081400000|  0%| F|  |TAMS 0x0000000081300000, 0x0000000081300000| Untracked 
|  20|0x0000000081400000, 0x0000000081400000, 0x0000000081500000|  0%| F|  |TAMS 0x0000000081400000, 0x0000000081400000| Untracked 
|  21|0x0000000081500000, 0x0000000081500000, 0x0000000081600000|  0%| F|  |TAMS 0x0000000081500000, 0x0000000081500000| Untracked 
|  22|0x0000000081600000, 0x0000000081600000, 0x0000000081700000|  0%| F|  |TAMS 0x0000000081600000, 0x0000000081600000| Untracked 
|  23|0x0000000081700000, 0x0000000081700000, 0x0000000081800000|  0%| F|  |TAMS 0x0000000081700000, 0x0000000081700000| Untracked 
|  24|0x0000000081800000, 0x0000000081800000, 0x0000000081900000|  0%| F|  |TAMS 0x0000000081800000, 0x0000000081800000| Untracked 
|  25|0x0000000081900000, 0x0000000081900000, 0x0000000081a00000|  0%| F|  |TAMS 0x0000000081900000, 0x0000000081900000| Untracked 
|  26|0x0000000081a00000, 0x0000000081a00000, 0x0000000081b00000|  0%| F|  |TAMS 0x0000000081a00000, 0x0000000081a00000| Untracked 
|  27|0x0000000081b00000, 0x0000000081b00000, 0x0000000081c00000|  0%| F|  |TAMS 0x0000000081b00000, 0x0000000081b00000| Untracked 
|  28|0x0000000081c00000, 0x0000000081c00000, 0x0000000081d00000|  0%| F|  |TAMS 0x0000000081c00000, 0x0000000081c00000| Untracked 
|  29|0x0000000081d00000, 0x0000000081d00000, 0x0000000081e00000|  0%| F|  |TAMS 0x0000000081d00000, 0x0000000081d00000| Untracked 
|  30|0x0000000081e00000, 0x0000000081e00000, 0x0000000081f00000|  0%| F|  |TAMS 0x0000000081e00000, 0x0000000081e00000| Untracked 
|  31|0x0000000081f00000, 0x0000000081f00000, 0x0000000082000000|  0%| F|  |TAMS 0x0000000081f00000, 0x0000000081f00000| Untracked 
|  32|0x0000000082000000, 0x0000000082000000, 0x0000000082100000|  0%| F|  |TAMS 0x0000000082000000, 0x0000000082000000| Untracked 
|  33|0x0000000082100000, 0x0000000082100000, 0x0000000082200000|  0%| F|  |TAMS 0x0000000082100000, 0x0000000082100000| Untracked 
|  34|0x0000000082200000, 0x0000000082200000, 0x0000000082300000|  0%| F|  |TAMS 0x0000000082200000, 0x0000000082200000| Untracked 
|  35|0x0000000082300000, 0x0000000082300000, 0x0000000082400000|  0%| F|  |TAMS 0x0000000082300000, 0x0000000082300000| Untracked 
|  36|0x0000000082400000, 0x0000000082400000, 0x0000000082500000|  0%| F|  |TAMS 0x0000000082400000, 0x0000000082400000| Untracked 
|  37|0x0000000082500000, 0x0000000082500000, 0x0000000082600000|  0%| F|  |TAMS 0x0000000082500000, 0x0000000082500000| Untracked 
|  38|0x0000000082600000, 0x0000000082600000, 0x0000000082700000|  0%| F|  |TAMS 0x0000000082600000, 0x0000000082600000| Untracked 
|  39|0x0000000082700000, 0x0000000082700000, 0x0000000082800000|  0%| F|  |TAMS 0x0000000082700000, 0x0000000082700000| Untracked 
|  40|0x0000000082800000, 0x0000000082800000, 0x0000000082900000|  0%| F|  |TAMS 0x0000000082800000, 0x0000000082800000| Untracked 
|  41|0x0000000082900000, 0x0000000082900000, 0x0000000082a00000|  0%| F|  |TAMS 0x0000000082900000, 0x0000000082900000| Untracked 
|  42|0x0000000082a00000, 0x0000000082a00000, 0x0000000082b00000|  0%| F|  |TAMS 0x0000000082a00000, 0x0000000082a00000| Untracked 
|  43|0x0000000082b00000, 0x0000000082b00000, 0x0000000082c00000|  0%| F|  |TAMS 0x0000000082b00000, 0x0000000082b00000| Untracked 
|  44|0x0000000082c00000, 0x0000000082c00000, 0x0000000082d00000|  0%| F|  |TAMS 0x0000000082c00000, 0x0000000082c00000| Untracked 
|  45|0x0000000082d00000, 0x0000000082d00000, 0x0000000082e00000|  0%| F|  |TAMS 0x0000000082d00000, 0x0000000082d00000| Untracked 
|  46|0x0000000082e00000, 0x0000000082e00000, 0x0000000082f00000|  0%| F|  |TAMS 0x0000000082e00000, 0x0000000082e00000| Untracked 
|  47|0x0000000082f00000, 0x0000000082f00000, 0x0000000083000000|  0%| F|  |TAMS 0x0000000082f00000, 0x0000000082f00000| Untracked 
|  48|0x0000000083000000, 0x0000000083000000, 0x0000000083100000|  0%| F|  |TAMS 0x0000000083000000, 0x0000000083000000| Untracked 
|  49|0x0000000083100000, 0x0000000083100000, 0x0000000083200000|  0%| F|  |TAMS 0x0000000083100000, 0x0000000083100000| Untracked 
|  50|0x0000000083200000, 0x0000000083200000, 0x0000000083300000|  0%| F|  |TAMS 0x0000000083200000, 0x0000000083200000| Untracked 
|  51|0x0000000083300000, 0x0000000083300000, 0x0000000083400000|  0%| F|  |TAMS 0x0000000083300000, 0x0000000083300000| Untracked 
|  52|0x0000000083400000, 0x0000000083400000, 0x0000000083500000|  0%| F|  |TAMS 0x0000000083400000, 0x0000000083400000| Untracked 
|  53|0x0000000083500000, 0x0000000083500000, 0x0000000083600000|  0%| F|  |TAMS 0x0000000083500000, 0x0000000083500000| Untracked 
|  54|0x0000000083600000, 0x0000000083600000, 0x0000000083700000|  0%| F|  |TAMS 0x0000000083600000, 0x0000000083600000| Untracked 
|  55|0x0000000083700000, 0x0000000083700000, 0x0000000083800000|  0%| F|  |TAMS 0x0000000083700000, 0x0000000083700000| Untracked 
|  56|0x0000000083800000, 0x0000000083800000, 0x0000000083900000|  0%| F|  |TAMS 0x0000000083800000, 0x0000000083800000| Untracked 
|  57|0x0000000083900000, 0x0000000083900000, 0x0000000083a00000|  0%| F|  |TAMS 0x0000000083900000, 0x0000000083900000| Untracked 
|  58|0x0000000083a00000, 0x0000000083a00000, 0x0000000083b00000|  0%| F|  |TAMS 0x0000000083a00000, 0x0000000083a00000| Untracked 
|  59|0x0000000083b00000, 0x0000000083b00000, 0x0000000083c00000|  0%| F|  |TAMS 0x0000000083b00000, 0x0000000083b00000| Untracked 
|  60|0x0000000083c00000, 0x0000000083c00000, 0x0000000083d00000|  0%| F|  |TAMS 0x0000000083c00000, 0x0000000083c00000| Untracked 
|  61|0x0000000083d00000, 0x0000000083d00000, 0x0000000083e00000|  0%| F|  |TAMS 0x0000000083d00000, 0x0000000083d00000| Untracked 
|  62|0x0000000083e00000, 0x0000000083e00000, 0x0000000083f00000|  0%| F|  |TAMS 0x0000000083e00000, 0x0000000083e00000| Untracked 
|  63|0x0000000083f00000, 0x0000000083f00000, 0x0000000084000000|  0%| F|  |TAMS 0x0000000083f00000, 0x0000000083f00000| Untracked 
|  64|0x0000000084000000, 0x0000000084000000, 0x0000000084100000|  0%| F|  |TAMS 0x0000000084000000, 0x0000000084000000| Untracked 
|  65|0x0000000084100000, 0x0000000084100000, 0x0000000084200000|  0%| F|  |TAMS 0x0000000084100000, 0x0000000084100000| Untracked 
|  66|0x0000000084200000, 0x0000000084200000, 0x0000000084300000|  0%| F|  |TAMS 0x0000000084200000, 0x0000000084200000| Untracked 
|  67|0x0000000084300000, 0x0000000084300000, 0x0000000084400000|  0%| F|  |TAMS 0x0000000084300000, 0x0000000084300000| Untracked 
|  68|0x0000000084400000, 0x0000000084400000, 0x0000000084500000|  0%| F|  |TAMS 0x0000000084400000, 0x0000000084400000| Untracked 
|  69|0x0000000084500000, 0x0000000084500000, 0x0000000084600000|  0%| F|  |TAMS 0x0000000084500000, 0x0000000084500000| Untracked 
|  70|0x0000000084600000, 0x0000000084600000, 0x0000000084700000|  0%| F|  |TAMS 0x0000000084600000, 0x0000000084600000| Untracked 
|  71|0x0000000084700000, 0x0000000084700000, 0x0000000084800000|  0%| F|  |TAMS 0x0000000084700000, 0x0000000084700000| Untracked 
|  72|0x0000000084800000, 0x0000000084800000, 0x0000000084900000|  0%| F|  |TAMS 0x0000000084800000, 0x0000000084800000| Untracked 
|  73|0x0000000084900000, 0x0000000084900000, 0x0000000084a00000|  0%| F|  |TAMS 0x0000000084900000, 0x0000000084900000| Untracked 
|  74|0x0000000084a00000, 0x0000000084a00000, 0x0000000084b00000|  0%| F|  |TAMS 0x0000000084a00000, 0x0000000084a00000| Untracked 
|  75|0x0000000084b00000, 0x0000000084b00000, 0x0000000084c00000|  0%| F|  |TAMS 0x0000000084b00000, 0x0000000084b00000| Untracked 
|  76|0x0000000084c00000, 0x0000000084c00000, 0x0000000084d00000|  0%| F|  |TAMS 0x0000000084c00000, 0x0000000084c00000| Untracked 
|  77|0x0000000084d00000, 0x0000000084d00000, 0x0000000084e00000|  0%| F|  |TAMS 0x0000000084d00000, 0x0000000084d00000| Untracked 
|  78|0x0000000084e00000, 0x0000000084e00000, 0x0000000084f00000|  0%| F|  |TAMS 0x0000000084e00000, 0x0000000084e00000| Untracked 
|  79|0x0000000084f00000, 0x0000000084f00000, 0x0000000085000000|  0%| F|  |TAMS 0x0000000084f00000, 0x0000000084f00000| Untracked 
|  80|0x0000000085000000, 0x0000000085000000, 0x0000000085100000|  0%| F|  |TAMS 0x0000000085000000, 0x0000000085000000| Untracked 
|  81|0x0000000085100000, 0x0000000085100000, 0x0000000085200000|  0%| F|  |TAMS 0x0000000085100000, 0x0000000085100000| Untracked 
|  82|0x0000000085200000, 0x0000000085200000, 0x0000000085300000|  0%| F|  |TAMS 0x0000000085200000, 0x0000000085200000| Untracked 
|  83|0x0000000085300000, 0x0000000085300000, 0x0000000085400000|  0%| F|  |TAMS 0x0000000085300000, 0x0000000085300000| Untracked 
|  84|0x0000000085400000, 0x0000000085400000, 0x0000000085500000|  0%| F|  |TAMS 0x0000000085400000, 0x0000000085400000| Untracked 
|  85|0x0000000085500000, 0x0000000085500000, 0x0000000085600000|  0%| F|  |TAMS 0x0000000085500000, 0x0000000085500000| Untracked 
|  86|0x0000000085600000, 0x0000000085600000, 0x0000000085700000|  0%| F|  |TAMS 0x0000000085600000, 0x0000000085600000| Untracked 
|  87|0x0000000085700000, 0x0000000085700000, 0x0000000085800000|  0%| F|  |TAMS 0x0000000085700000, 0x0000000085700000| Untracked 
|  88|0x0000000085800000, 0x0000000085800000, 0x0000000085900000|  0%| F|  |TAMS 0x0000000085800000, 0x0000000085800000| Untracked 
|  89|0x0000000085900000, 0x0000000085900000, 0x0000000085a00000|  0%| F|  |TAMS 0x0000000085900000, 0x0000000085900000| Untracked 
|  90|0x0000000085a00000, 0x0000000085a00000, 0x0000000085b00000|  0%| F|  |TAMS 0x0000000085a00000, 0x0000000085a00000| Untracked 
|  91|0x0000000085b00000, 0x0000000085b00000, 0x0000000085c00000|  0%| F|  |TAMS 0x0000000085b00000, 0x0000000085b00000| Untracked 
|  92|0x0000000085c00000, 0x0000000085c00000, 0x0000000085d00000|  0%| F|  |TAMS 0x0000000085c00000, 0x0000000085c00000| Untracked 
|  93|0x0000000085d00000, 0x0000000085d00000, 0x0000000085e00000|  0%| F|  |TAMS 0x0000000085d00000, 0x0000000085d00000| Untracked 
|  94|0x0000000085e00000, 0x0000000085e00000, 0x0000000085f00000|  0%| F|  |TAMS 0x0000000085e00000, 0x0000000085e00000| Untracked 
|  95|0x0000000085f00000, 0x0000000085f00000, 0x0000000086000000|  0%| F|  |TAMS 0x0000000085f00000, 0x0000000085f00000| Untracked 
|  96|0x0000000086000000, 0x0000000086000000, 0x0000000086100000|  0%| F|  |TAMS 0x0000000086000000, 0x0000000086000000| Untracked 
|  97|0x0000000086100000, 0x0000000086100000, 0x0000000086200000|  0%| F|  |TAMS 0x0000000086100000, 0x0000000086100000| Untracked 
|  98|0x0000000086200000, 0x0000000086200000, 0x0000000086300000|  0%| F|  |TAMS 0x0000000086200000, 0x0000000086200000| Untracked 
|  99|0x0000000086300000, 0x0000000086300000, 0x0000000086400000|  0%| F|  |TAMS 0x0000000086300000, 0x0000000086300000| Untracked 
| 100|0x0000000086400000, 0x0000000086400000, 0x0000000086500000|  0%| F|  |TAMS 0x0000000086400000, 0x0000000086400000| Untracked 
| 101|0x0000000086500000, 0x0000000086500000, 0x0000000086600000|  0%| F|  |TAMS 0x0000000086500000, 0x0000000086500000| Untracked 
| 102|0x0000000086600000, 0x0000000086600000, 0x0000000086700000|  0%| F|  |TAMS 0x0000000086600000, 0x0000000086600000| Untracked 
| 103|0x0000000086700000, 0x0000000086700000, 0x0000000086800000|  0%| F|  |TAMS 0x0000000086700000, 0x0000000086700000| Untracked 
| 104|0x0000000086800000, 0x0000000086800000, 0x0000000086900000|  0%| F|  |TAMS 0x0000000086800000, 0x0000000086800000| Untracked 
| 105|0x0000000086900000, 0x0000000086900000, 0x0000000086a00000|  0%| F|  |TAMS 0x0000000086900000, 0x0000000086900000| Untracked 
| 106|0x0000000086a00000, 0x0000000086a80800, 0x0000000086b00000| 50%| E|  |TAMS 0x0000000086a00000, 0x0000000086a00000| Complete 
| 107|0x0000000086b00000, 0x0000000086c00000, 0x0000000086c00000|100%| E|CS|TAMS 0x0000000086b00000, 0x0000000086b00000| Complete 
| 108|0x0000000086c00000, 0x0000000086d00000, 0x0000000086d00000|100%| E|CS|TAMS 0x0000000086c00000, 0x0000000086c00000| Complete 
| 109|0x0000000086d00000, 0x0000000086e00000, 0x0000000086e00000|100%| E|CS|TAMS 0x0000000086d00000, 0x0000000086d00000| Complete 
| 110|0x0000000086e00000, 0x0000000086f00000, 0x0000000086f00000|100%| E|CS|TAMS 0x0000000086e00000, 0x0000000086e00000| Complete 
| 111|0x0000000086f00000, 0x0000000087000000, 0x0000000087000000|100%| E|CS|TAMS 0x0000000086f00000, 0x0000000086f00000| Complete 
| 112|0x0000000087000000, 0x0000000087100000, 0x0000000087100000|100%| E|CS|TAMS 0x0000000087000000, 0x0000000087000000| Complete 
| 113|0x0000000087100000, 0x0000000087200000, 0x0000000087200000|100%| E|CS|TAMS 0x0000000087100000, 0x0000000087100000| Complete 
| 114|0x0000000087200000, 0x0000000087300000, 0x0000000087300000|100%| E|CS|TAMS 0x0000000087200000, 0x0000000087200000| Complete 
| 115|0x0000000087300000, 0x0000000087400000, 0x0000000087400000|100%| E|CS|TAMS 0x0000000087300000, 0x0000000087300000| Complete 
| 116|0x0000000087400000, 0x0000000087500000, 0x0000000087500000|100%| E|CS|TAMS 0x0000000087400000, 0x0000000087400000| Complete 
| 117|0x0000000087500000, 0x0000000087600000, 0x0000000087600000|100%| E|CS|TAMS 0x0000000087500000, 0x0000000087500000| Complete 
| 118|0x0000000087600000, 0x0000000087700000, 0x0000000087700000|100%| E|CS|TAMS 0x0000000087600000, 0x0000000087600000| Complete 
| 119|0x0000000087700000, 0x0000000087800000, 0x0000000087800000|100%| E|CS|TAMS 0x0000000087700000, 0x0000000087700000| Complete 
| 120|0x0000000087800000, 0x0000000087900000, 0x0000000087900000|100%| E|CS|TAMS 0x0000000087800000, 0x0000000087800000| Complete 
| 121|0x0000000087900000, 0x000000008796da58, 0x0000000087a00000| 42%| S|CS|TAMS 0x0000000087900000, 0x0000000087900000| Complete 
| 122|0x0000000087a00000, 0x0000000087b00000, 0x0000000087b00000|100%| S|CS|TAMS 0x0000000087a00000, 0x0000000087a00000| Complete 
| 123|0x0000000087b00000, 0x0000000087c00000, 0x0000000087c00000|100%| S|CS|TAMS 0x0000000087b00000, 0x0000000087b00000| Complete 
| 124|0x0000000087c00000, 0x0000000087d00000, 0x0000000087d00000|100%| S|CS|TAMS 0x0000000087c00000, 0x0000000087c00000| Complete 
| 125|0x0000000087d00000, 0x0000000087e00000, 0x0000000087e00000|100%| E|CS|TAMS 0x0000000087d00000, 0x0000000087d00000| Complete 
| 126|0x0000000087e00000, 0x0000000087f00000, 0x0000000087f00000|100%| E|CS|TAMS 0x0000000087e00000, 0x0000000087e00000| Complete 
| 127|0x0000000087f00000, 0x0000000088000000, 0x0000000088000000|100%| E|CS|TAMS 0x0000000087f00000, 0x0000000087f00000| Complete 

Card table byte_map: [0x00000165190d0000,0x00000165194d0000] _byte_map_base: 0x0000016518cd0000

Marking Bits (Prev, Next): (CMBitMap*) 0x00000165061f1390, (CMBitMap*) 0x00000165061f1358
 Prev Bits: [0x000001651b8d0000, 0x000001651d8d0000)
 Next Bits: [0x00000165198d0000, 0x000001651b8d0000)

Polling page: 0x0000016505990000

Metaspace:

Usage:
  Non-class:     19.60 MB capacity,    19.28 MB ( 98%) used,   281.91 KB (  1%) free+waste,    39.81 KB ( <1%) overhead. 
      Class:      2.94 MB capacity,     2.76 MB ( 94%) used,   166.73 KB (  6%) free+waste,    19.81 KB ( <1%) overhead. 
       Both:     22.54 MB capacity,    22.05 MB ( 98%) used,   448.63 KB (  2%) free+waste,    59.63 KB ( <1%) overhead. 

Virtual space:
  Non-class space:       20.00 MB reserved,      19.67 MB ( 98%) committed 
      Class space:        1.00 GB reserved,       3.00 MB ( <1%) committed 
             Both:        1.02 GB reserved,      22.67 MB (  2%) committed 

Chunk freelists:
   Non-Class:  28.00 KB
       Class:  25.00 KB
        Both:  53.00 KB

MaxMetaspaceSize: 17179869184.00 GB
CompressedClassSpaceSize: 1.00 GB
Initial GC threshold: 20.80 MB
Current GC threshold: 34.87 MB
CDS: off

CodeHeap 'non-profiled nmethods': size=120064Kb used=1026Kb max_used=1026Kb free=119037Kb
 bounds [0x0000016511790000, 0x0000016511a00000, 0x0000016518cd0000]
CodeHeap 'profiled nmethods': size=120000Kb used=4388Kb max_used=4388Kb free=115611Kb
 bounds [0x000001650a260000, 0x000001650a6b0000, 0x0000016511790000]
CodeHeap 'non-nmethods': size=5696Kb used=1206Kb max_used=1221Kb free=4489Kb
 bounds [0x0000016509cd0000, 0x0000016509f40000, 0x000001650a260000]
 total_blobs=2525 nmethods=2041 adapters=396
 compilation: enabled
              stopped_count=0, restarted_count=0
 full_count=0

Compilation events (20 events):
Event: 4.980 Thread 0x000001651fdd9000 2035   !   3       org.gradle.internal.classloader.TransformingClassLoader::findClass (203 bytes)
Event: 4.983 Thread 0x000001651fdd9000 nmethod 2035 0x000001650a69ae10 code [0x000001650a69b360, 0x000001650a69dc78]
Event: 4.983 Thread 0x000001651fdd9000 2036       3       org.gradle.initialization.MixInLegacyTypesClassLoader::shouldTransform (42 bytes)
Event: 4.983 Thread 0x000001651fdd9000 nmethod 2036 0x000001650a69ec90 code [0x000001650a69ee80, 0x000001650a69f278]
Event: 5.007 Thread 0x000001651fdd9000 2037       1       sun.reflect.generics.repository.AbstractRepository::getFactory (5 bytes)
Event: 5.007 Thread 0x000001651fdd9000 nmethod 2037 0x000001651188fe10 code [0x000001651188ffc0, 0x0000016511890078]
Event: 5.011 Thread 0x000001651fdd9000 2038       3       java.lang.reflect.Executable::getGenericParameterTypes (20 bytes)
Event: 5.012 Thread 0x000001651fdd9000 nmethod 2038 0x000001650a69f410 code [0x000001650a69f620, 0x000001650a69fd08]
Event: 5.013 Thread 0x000001651fdd9000 2040       3       java.lang.AbstractStringBuilder::append (33 bytes)
Event: 5.013 Thread 0x000001651fdd9000 nmethod 2040 0x000001650a69fe90 code [0x000001650a6a0060, 0x000001650a6a0248]
Event: 5.038 Thread 0x000001651fdd9000 2042       3       org.gradle.internal.service.DefaultServiceRegistry$SingletonService::getAll (23 bytes)
Event: 5.039 Thread 0x000001651fdd9000 nmethod 2042 0x000001650a6a0390 code [0x000001650a6a0560, 0x000001650a6a07e8]
Event: 5.053 Thread 0x000001651fdd9000 2044       3       jdk.internal.org.objectweb.asm.Type::getArgumentsAndReturnSizes (151 bytes)
Event: 5.055 Thread 0x000001651fdd9000 nmethod 2044 0x000001650a6a0910 code [0x000001650a6a0c80, 0x000001650a6a24f8]
Event: 5.056 Thread 0x000001651fdd9000 2046       3       java.lang.invoke.InvokerBytecodeGenerator::isStaticallyNameable (148 bytes)
Event: 5.058 Thread 0x000001651fdd9000 nmethod 2046 0x000001650a6a2d90 code [0x000001650a6a32a0, 0x000001650a6a5a38]
Event: 5.058 Thread 0x000001651fdd9000 2045       3       java.lang.invoke.InvokerBytecodeGenerator::emitStaticInvoke (258 bytes)
Event: 5.060 Thread 0x000001651fdd9000 nmethod 2045 0x000001650a6a6590 code [0x000001650a6a68a0, 0x000001650a6a76e8]
Event: 5.060 Thread 0x000001651fdd9000 2047       3       java.lang.invoke.InvokerBytecodeGenerator::refKindOpcode (112 bytes)
Event: 5.061 Thread 0x000001651fdd9000 nmethod 2047 0x000001650a6a7c90 code [0x000001650a6a7f00, 0x000001650a6a8918]

GC Heap History (8 events):
Event: 0.855 GC heap before
{Heap before GC invocations=0 (full 0):
 garbage-first heap   total 131072K, used 16384K [0x0000000080000000, 0x0000000100000000)
  region size 1024K, 14 young (14336K), 0 survivors (0K)
 Metaspace       used 6739K, capacity 6925K, committed 7168K, reserved 1056768K
  class space    used 572K, capacity 650K, committed 768K, reserved 1048576K
}
Event: 0.859 GC heap after
{Heap after GC invocations=1 (full 0):
 garbage-first heap   total 131072K, used 4515K [0x0000000080000000, 0x0000000100000000)
  region size 1024K, 2 young (2048K), 2 survivors (2048K)
 Metaspace       used 6739K, capacity 6925K, committed 7168K, reserved 1056768K
  class space    used 572K, capacity 650K, committed 768K, reserved 1048576K
}
Event: 2.435 GC heap before
{Heap before GC invocations=1 (full 0):
 garbage-first heap   total 131072K, used 63907K [0x0000000080000000, 0x0000000100000000)
  region size 1024K, 57 young (58368K), 2 survivors (2048K)
 Metaspace       used 11031K, capacity 11321K, committed 11520K, reserved 1058816K
  class space    used 1144K, capacity 1247K, committed 1280K, reserved 1048576K
}
Event: 2.453 GC heap after
{Heap after GC invocations=2 (full 0):
 garbage-first heap   total 131072K, used 13507K [0x0000000080000000, 0x0000000100000000)
  region size 1024K, 8 young (8192K), 8 survivors (8192K)
 Metaspace       used 11031K, capacity 11321K, committed 11520K, reserved 1058816K
  class space    used 1144K, capacity 1247K, committed 1280K, reserved 1048576K
}
Event: 4.656 GC heap before
{Heap before GC invocations=2 (full 0):
 garbage-first heap   total 131072K, used 68803K [0x0000000080000000, 0x0000000100000000)
  region size 1024K, 62 young (63488K), 8 survivors (8192K)
 Metaspace       used 20368K, capacity 20826K, committed 20864K, reserved 1067008K
  class space    used 2479K, capacity 2661K, committed 2688K, reserved 1048576K
}
Event: 4.670 GC heap after
{Heap after GC invocations=3 (full 0):
 garbage-first heap   total 131072K, used 17015K [0x0000000080000000, 0x0000000100000000)
  region size 1024K, 4 young (4096K), 4 survivors (4096K)
 Metaspace       used 20368K, capacity 20826K, committed 20864K, reserved 1067008K
  class space    used 2479K, capacity 2661K, committed 2688K, reserved 1048576K
}
Event: 4.733 GC heap before
{Heap before GC invocations=3 (full 0):
 garbage-first heap   total 131072K, used 19063K [0x0000000080000000, 0x0000000100000000)
  region size 1024K, 7 young (7168K), 4 survivors (4096K)
 Metaspace       used 20710K, capacity 21152K, committed 21296K, reserved 1069056K
  class space    used 2510K, capacity 2663K, committed 2688K, reserved 1048576K
}
Event: 4.740 GC heap after
{Heap after GC invocations=4 (full 0):
 garbage-first heap   total 131072K, used 17133K [0x0000000080000000, 0x0000000100000000)
  region size 1024K, 4 young (4096K), 4 survivors (4096K)
 Metaspace       used 20710K, capacity 21152K, committed 21296K, reserved 1069056K
  class space    used 2510K, capacity 2663K, committed 2688K, reserved 1048576K
}

Deoptimization events (20 events):
Event: 4.795 Thread 0x0000016522ae6800 Uncommon trap: trap_request=0xffffffc6 fr.pc=0x0000016511814ea4 relative=0x0000000000000084
Event: 4.795 Thread 0x0000016522ae6800 Uncommon trap: reason=bimorphic_or_optimized_type_check action=maybe_recompile pc=0x0000016511814ea4 method=java.util.AbstractList$Itr.hasNext()Z @ 8 c2
Event: 4.795 Thread 0x0000016522ae6800 DEOPT PACKING pc=0x0000016511814ea4 sp=0x0000002b249fad20
Event: 4.795 Thread 0x0000016522ae6800 DEOPT UNPACKING pc=0x0000016509d1a1af sp=0x0000002b249facb8 mode 2
Event: 4.795 Thread 0x0000016522ae6800 Uncommon trap: trap_request=0xffffffc6 fr.pc=0x0000016511815274 relative=0x0000000000000134
Event: 4.795 Thread 0x0000016522ae6800 Uncommon trap: reason=bimorphic_or_optimized_type_check action=maybe_recompile pc=0x0000016511815274 method=java.util.AbstractList$Itr.next()Ljava/lang/Object; @ 14 c2
Event: 4.795 Thread 0x0000016522ae6800 DEOPT PACKING pc=0x0000016511815274 sp=0x0000002b249fad10
Event: 4.795 Thread 0x0000016522ae6800 DEOPT UNPACKING pc=0x0000016509d1a1af sp=0x0000002b249faca8 mode 2
Event: 4.796 Thread 0x0000016522ae6800 Uncommon trap: trap_request=0xffffff4d fr.pc=0x0000016511809304 relative=0x00000000000005c4
Event: 4.797 Thread 0x0000016522ae6800 Uncommon trap: reason=unstable_if action=reinterpret pc=0x0000016511809304 method=java.io.File.getName()Ljava/lang/String; @ 16 c2
Event: 4.797 Thread 0x0000016522ae6800 DEOPT PACKING pc=0x0000016511809304 sp=0x0000002b249fb6f0
Event: 4.797 Thread 0x0000016522ae6800 DEOPT UNPACKING pc=0x0000016509d1a1af sp=0x0000002b249fb6c0 mode 2
Event: 4.797 Thread 0x0000016522ae6800 Uncommon trap: trap_request=0xffffff4d fr.pc=0x00000165118060b4 relative=0x0000000000000474
Event: 4.797 Thread 0x0000016522ae6800 Uncommon trap: reason=unstable_if action=reinterpret pc=0x00000165118060b4 method=java.lang.String.substring(I)Ljava/lang/String; @ 34 c2
Event: 4.797 Thread 0x0000016522ae6800 DEOPT PACKING pc=0x00000165118060b4 sp=0x0000002b249fb670
Event: 4.797 Thread 0x0000016522ae6800 DEOPT UNPACKING pc=0x0000016509d1a1af sp=0x0000002b249fb648 mode 2
Event: 4.954 Thread 0x0000016522ae6800 Uncommon trap: trap_request=0xffffff4d fr.pc=0x000001651187b818 relative=0x0000000000000398
Event: 4.954 Thread 0x0000016522ae6800 Uncommon trap: reason=unstable_if action=reinterpret pc=0x000001651187b818 method=jdk.internal.org.objectweb.asm.Type.getArgumentsAndReturnSizes(Ljava/lang/String;)I @ 88 c2
Event: 4.954 Thread 0x0000016522ae6800 DEOPT PACKING pc=0x000001651187b818 sp=0x0000002b249f9c40
Event: 4.954 Thread 0x0000016522ae6800 DEOPT UNPACKING pc=0x0000016509d1a1af sp=0x0000002b249f9bc8 mode 2

Classes redefined (0 events):
No events

Internal exceptions (20 events):
Event: 2.257 Thread 0x00000165061ad000 Exception <a 'java/security/PrivilegedActionException'{0x0000000084f747f8}> (0x0000000084f747f8) thrown at [./src/hotspot/share/prims/jvm.cpp, line 1306]
Event: 2.880 Thread 0x00000165061ad000 Exception <a 'java/lang/NoSuchMethodError'{0x000000008765e0f8}: 'java.lang.Object java.lang.invoke.DirectMethodHandle$Holder.invokeStaticInit(java.lang.Object, java.lang.Object, java.lang.Object)'> (0x000000008765e0f8) thrown at [./src/hotspot/share/interpreter/linkResolver.cpp, line 773]
Event: 3.410 Thread 0x00000165061ad000 Exception <a 'java/lang/NoSuchMethodError'{0x00000000870dd2e8}: 'java.lang.Object java.lang.invoke.DirectMethodHandle$Holder.invokeStaticInit(java.lang.Object, int, int, int, int)'> (0x00000000870dd2e8) thrown at [./src/hotspot/share/interpreter/linkResolver.cpp, line 773]
Event: 3.673 Thread 0x00000165061ad000 Exception <a 'java/lang/NoSuchMethodError'{0x0000000086fd5178}: 'java.lang.Object java.lang.invoke.DirectMethodHandle$Holder.invokeStaticInit(java.lang.Object, java.lang.Object, int, int, int, int)'> (0x0000000086fd5178) thrown at [./src/hotspot/share/interpreter/linkResolver.cpp, line 773]
Event: 4.040 Thread 0x00000165061ad000 Exception <a 'java/io/IOException'{0x0000000086c1df68}> (0x0000000086c1df68) thrown at [./src/hotspot/share/prims/jni.cpp, line 616]
Event: 4.122 Thread 0x0000016520b2f000 Exception <a 'java/lang/NoSuchMethodError'{0x0000000086aedd78}: <clinit>> (0x0000000086aedd78) thrown at [./src/hotspot/share/prims/jni.cpp, line 1366]
Event: 4.126 Thread 0x0000016520b2f000 Exception <a 'java/lang/NoSuchMethodError'{0x0000000086906050}: <clinit>> (0x0000000086906050) thrown at [./src/hotspot/share/prims/jni.cpp, line 1366]
Event: 4.128 Thread 0x0000016520b2f000 Exception <a 'java/lang/NoSuchMethodError'{0x000000008690fa18}: <clinit>> (0x000000008690fa18) thrown at [./src/hotspot/share/prims/jni.cpp, line 1366]
Event: 4.135 Thread 0x0000016520b2f000 Exception <a 'java/lang/NoSuchMethodError'{0x0000000086924dd8}: <clinit>> (0x0000000086924dd8) thrown at [./src/hotspot/share/prims/jni.cpp, line 1366]
Event: 4.233 Thread 0x0000016522ae6800 Exception <a 'java/lang/NoSuchMethodError'{0x00000000866e3998}: 'long java.lang.invoke.DirectMethodHandle$Holder.invokeInterface(java.lang.Object, java.lang.Object)'> (0x00000000866e3998) thrown at [./src/hotspot/share/interpreter/linkResolver.cpp, line 773]
Event: 4.236 Thread 0x0000016522ae6800 Exception <a 'java/lang/NoSuchMethodError'{0x00000000866f0a38}: 'void java.lang.invoke.DelegatingMethodHandle$Holder.reinvoke_L(java.lang.Object, java.lang.Object, java.lang.Object, java.lang.Object, java.lang.Object, java.lang.Object, java.lang.Object)'> (0x00000000866f0a38) thrown at [./src/hotspot/share/interpreter/linkResolver.cpp, line 773]
Event: 4.623 Thread 0x0000016522ae6800 Exception <a 'java/lang/NoSuchMethodError'{0x0000000084b4bf58}: 'void java.lang.invoke.DirectMethodHandle$Holder.invokeStaticInit(java.lang.Object)'> (0x0000000084b4bf58) thrown at [./src/hotspot/share/interpreter/linkResolver.cpp, line 773]
Event: 4.640 Thread 0x0000016522ae6800 Exception <a 'java/lang/NoSuchMethodError'{0x0000000084bf8c90}: 'java.lang.Object java.lang.invoke.DirectMethodHandle$Holder.invokeStatic(java.lang.Object, java.lang.Object, java.lang.Object, int)'> (0x0000000084bf8c90) thrown at [./src/hotspot/share/interpreter/linkResolver.cpp, line 773]
Event: 4.640 Thread 0x0000016522ae6800 Exception <a 'java/lang/NoSuchMethodError'{0x0000000084bfd3a8}: 'java.lang.Object java.lang.invoke.DirectMethodHandle$Holder.invokeSpecial(java.lang.Object, java.lang.Object, java.lang.Object, java.lang.Object, int)'> (0x0000000084bfd3a8) thrown at [./src/hotspot/share/interpreter/linkResolver.cpp, line 773]
Event: 4.641 Thread 0x0000016522ae6800 Exception <a 'java/lang/NoSuchMethodError'{0x0000000084a01d28}: 'java.lang.Object java.lang.invoke.Invokers$Holder.linkToTargetMethod(java.lang.Object, java.lang.Object, int, java.lang.Object)'> (0x0000000084a01d28) thrown at [./src/hotspot/share/interpreter/linkResolver.cpp, line 773]
Event: 4.865 Thread 0x0000016522ae6800 Exception <a 'java/lang/NoSuchMethodError'{0x00000000878ed908}: 'int java.lang.invoke.DirectMethodHandle$Holder.invokeSpecialIFC(java.lang.Object, java.lang.Object, java.lang.Object, java.lang.Object)'> (0x00000000878ed908) thrown at [./src/hotspot/share/interpreter/linkResolver.cpp, line 773]
Event: 4.867 Thread 0x0000016522ae6800 Exception <a 'java/lang/NoSuchMethodError'{0x00000000878fb8c0}: 'java.lang.Object java.lang.invoke.DirectMethodHandle$Holder.invokeInterface(java.lang.Object, java.lang.Object, java.lang.Object)'> (0x00000000878fb8c0) thrown at [./src/hotspot/share/interpreter/linkResolver.cpp, line 773]
Event: 4.867 Thread 0x0000016522ae6800 Exception <a 'java/lang/IncompatibleClassChangeError'{0x00000000878fed98}: Found class java.lang.Object, but interface was expected> (0x00000000878fed98) thrown at [./src/hotspot/share/interpreter/linkResolver.cpp, line 839]
Event: 5.013 Thread 0x0000016522ae6800 Exception <a 'java/lang/NoSuchMethodError'{0x0000000087094568}: 'void java.lang.invoke.DirectMethodHandle$Holder.invokeSpecial(java.lang.Object, java.lang.Object, java.lang.Object, java.lang.Object, java.lang.Object)'> (0x0000000087094568) thrown at [./src/hotspot/share/interpreter/linkResolver.cpp, line 773]
Event: 5.053 Thread 0x0000016522ae6800 Exception <a 'java/lang/NoSuchMethodError'{0x0000000086eb8ee0}: 'java.lang.Object java.lang.invoke.DirectMethodHandle$Holder.invokeSpecial(java.lang.Object, java.lang.Object, java.lang.Object, java.lang.Object, java.lang.Object, java.lang.Object, java.lang.Object, java.lang.Object, java.lang.Object)'> (0x0000000086eb8ee0) thrown at [./src/hotspot/share/interpreter/linkResolver.cpp, line 773]

Events (20 events):
Event: 5.059 loading class org/gradle/internal/resource/TextUriResourceLoader
Event: 5.059 loading class org/gradle/internal/resource/TextUriResourceLoader done
Event: 5.059 loading class org/gradle/internal/resource/cached/ExternalResourceFileStore
Event: 5.059 loading class org/gradle/internal/resource/cached/ExternalResourceFileStore done
Event: 5.060 loading class org/gradle/api/internal/artifacts/ivyservice/modulecache/artifacts/ModuleArtifactCache
Event: 5.060 loading class org/gradle/api/internal/artifacts/ivyservice/modulecache/artifacts/ModuleArtifactCache done
Event: 5.060 loading class org/gradle/api/internal/artifacts/ivyservice/modulecache/artifacts/AbstractArtifactsCache
Event: 5.060 loading class org/gradle/api/internal/artifacts/ivyservice/modulecache/artifacts/AbstractArtifactsCache done
Event: 5.061 loading class org/gradle/api/internal/artifacts/ivyservice/modulecache/artifacts/ModuleArtifactsCache
Event: 5.061 loading class org/gradle/api/internal/artifacts/ivyservice/modulecache/artifacts/ModuleArtifactsCache done
Event: 5.062 loading class org/gradle/api/internal/artifacts/ivyservice/modulecache/artifacts/InMemoryModuleArtifactsCache
Event: 5.062 loading class org/gradle/api/internal/artifacts/ivyservice/modulecache/artifacts/InMemoryModuleArtifactsCache done
Event: 5.063 loading class org/gradle/api/internal/artifacts/ivyservice/modulecache/AbstractModuleMetadataCache
Event: 5.063 loading class org/gradle/api/internal/artifacts/ivyservice/modulecache/AbstractModuleMetadataCache done
Event: 5.064 loading class org/gradle/api/internal/artifacts/ivyservice/modulecache/ModuleMetadataCache
Event: 5.064 loading class org/gradle/api/internal/artifacts/ivyservice/modulecache/ModuleMetadataCache done
Event: 5.064 loading class org/gradle/api/internal/artifacts/ivyservice/modulecache/InMemoryModuleMetadataCache
Event: 5.064 loading class org/gradle/api/internal/artifacts/ivyservice/modulecache/InMemoryModuleMetadataCache done
Event: 5.065 loading class org/gradle/api/internal/artifacts/ivyservice/modulecache/dynamicversions/AbstractModuleVersionsCache
Event: 5.065 loading class org/gradle/api/internal/artifacts/ivyservice/modulecache/dynamicversions/AbstractModuleVersionsCache done


Dynamic libraries:
0x00007ff770760000 - 0x00007ff77076a000 	C:\Program Files\Android\Android Studio\jre\bin\java.exe
0x00007ffcbd080000 - 0x00007ffcbd289000 	C:\Windows\SYSTEM32\ntdll.dll
0x00007ffcbb9e0000 - 0x00007ffcbba9e000 	C:\Windows\System32\KERNEL32.DLL
0x00007ffcba550000 - 0x00007ffcba8cb000 	C:\Windows\System32\KERNELBASE.dll
0x00007ffcba940000 - 0x00007ffcbaa51000 	C:\Windows\System32\ucrtbase.dll
0x00007ffca9ae0000 - 0x00007ffca9af9000 	C:\Program Files\Android\Android Studio\jre\bin\jli.dll
0x00007ffca9ac0000 - 0x00007ffca9ad7000 	C:\Program Files\Android\Android Studio\jre\bin\VCRUNTIME140.dll
0x00007ffcbb140000 - 0x00007ffcbb2ed000 	C:\Windows\System32\USER32.dll
0x00007ffcbae10000 - 0x00007ffcbae36000 	C:\Windows\System32\win32u.dll
0x00007ffca4340000 - 0x00007ffca45e5000 	C:\Windows\WinSxS\amd64_microsoft.windows.common-controls_6595b64144ccf1df_6.0.22000.120_none_9d947278b86cc467\COMCTL32.dll
0x00007ffcbb450000 - 0x00007ffcbb479000 	C:\Windows\System32\GDI32.dll
0x00007ffcbaa60000 - 0x00007ffcbab78000 	C:\Windows\System32\gdi32full.dll
0x00007ffcbcf90000 - 0x00007ffcbd033000 	C:\Windows\System32\msvcrt.dll
0x00007ffcbac00000 - 0x00007ffcbac9d000 	C:\Windows\System32\msvcp_win.dll
0x00007ffcbb2f0000 - 0x00007ffcbb322000 	C:\Windows\System32\IMM32.DLL
0x00007ffc97890000 - 0x00007ffc9792d000 	C:\Program Files\Android\Android Studio\jre\bin\msvcp140.dll
0x00007ffc4e040000 - 0x00007ffc4eb42000 	C:\Program Files\Android\Android Studio\jre\bin\server\jvm.dll
0x00007ffcbb390000 - 0x00007ffcbb43e000 	C:\Windows\System32\ADVAPI32.dll
0x00007ffcbcd80000 - 0x00007ffcbce1e000 	C:\Windows\System32\sechost.dll
0x00007ffcbb660000 - 0x00007ffcbb780000 	C:\Windows\System32\RPCRT4.dll
0x00007ffcbb950000 - 0x00007ffcbb958000 	C:\Windows\System32\PSAPI.DLL
0x00007ffcb6440000 - 0x00007ffcb6449000 	C:\Windows\SYSTEM32\WSOCK32.dll
0x00007ffcb40e0000 - 0x00007ffcb4113000 	C:\Windows\SYSTEM32\WINMM.dll
0x00007ffcbc400000 - 0x00007ffcbc46f000 	C:\Windows\System32\WS2_32.dll
0x00007ffcb28f0000 - 0x00007ffcb28fa000 	C:\Windows\SYSTEM32\VERSION.dll
0x00007ffcb9650000 - 0x00007ffcb9668000 	C:\Windows\SYSTEM32\kernel.appcore.dll
0x00007ffcb63f0000 - 0x00007ffcb6401000 	C:\Program Files\Android\Android Studio\jre\bin\verify.dll
0x00007ffcb8100000 - 0x00007ffcb8321000 	C:\Windows\SYSTEM32\DBGHELP.DLL
0x00007ffca3b30000 - 0x00007ffca3b61000 	C:\Windows\SYSTEM32\dbgcore.DLL
0x00007ffcbab80000 - 0x00007ffcbabff000 	C:\Windows\System32\bcryptPrimitives.dll
0x00007ffcb6330000 - 0x00007ffcb6359000 	C:\Program Files\Android\Android Studio\jre\bin\java.dll
0x00007ffcb63e0000 - 0x00007ffcb63eb000 	C:\Program Files\Android\Android Studio\jre\bin\jimage.dll
0x00007ffcb4e70000 - 0x00007ffcb4e88000 	C:\Program Files\Android\Android Studio\jre\bin\zip.dll
0x00007ffcbbaa0000 - 0x00007ffcbc257000 	C:\Windows\System32\SHELL32.dll
0x00007ffcb8640000 - 0x00007ffcb8ea5000 	C:\Windows\SYSTEM32\windows.storage.dll
0x00007ffcbc490000 - 0x00007ffcbc808000 	C:\Windows\System32\combase.dll
0x00007ffcb84d0000 - 0x00007ffcb8636000 	C:\Windows\SYSTEM32\wintypes.dll
0x00007ffcbaf70000 - 0x00007ffcbb05a000 	C:\Windows\System32\SHCORE.dll
0x00007ffcbc810000 - 0x00007ffcbc86d000 	C:\Windows\System32\shlwapi.dll
0x00007ffcba480000 - 0x00007ffcba4a1000 	C:\Windows\SYSTEM32\profapi.dll
0x00007ffcb4e50000 - 0x00007ffcb4e6a000 	C:\Program Files\Android\Android Studio\jre\bin\net.dll
0x00007ffcb3d80000 - 0x00007ffcb3e94000 	C:\Windows\SYSTEM32\WINHTTP.dll
0x00007ffcb9b60000 - 0x00007ffcb9bc7000 	C:\Windows\system32\mswsock.dll
0x00007ffcb4e30000 - 0x00007ffcb4e44000 	C:\Program Files\Android\Android Studio\jre\bin\nio.dll
0x00007ffcaae10000 - 0x00007ffcaae37000 	C:\Users\Administrator\.gradle\native\e1d6ef7f7dcc3fd88c89a11ec53ec762bb8ba0a96d01ffa2cd45eb1d1d8dd5c5\windows-amd64\native-platform.dll
0x00007ffc61840000 - 0x00007ffc61984000 	C:\Users\Administrator\.gradle\native\0d407fdbe67a94daf76414ababcb853783967236a71b16ec16e742cd7a986fd3\windows-amd64\native-platform-file-events.dll
0x00007ffcb6390000 - 0x00007ffcb639a000 	C:\Program Files\Android\Android Studio\jre\bin\management.dll
0x00007ffcb6320000 - 0x00007ffcb632d000 	C:\Program Files\Android\Android Studio\jre\bin\management_ext.dll
0x00007ffcb9db0000 - 0x00007ffcb9dc8000 	C:\Windows\SYSTEM32\CRYPTSP.dll
0x00007ffcb95a0000 - 0x00007ffcb95d5000 	C:\Windows\system32\rsaenh.dll
0x00007ffcb9c50000 - 0x00007ffcb9c79000 	C:\Windows\SYSTEM32\USERENV.dll
0x00007ffcb9f30000 - 0x00007ffcb9f57000 	C:\Windows\SYSTEM32\bcrypt.dll
0x00007ffcb9da0000 - 0x00007ffcb9dac000 	C:\Windows\SYSTEM32\CRYPTBASE.dll
0x00007ffcb9100000 - 0x00007ffcb912d000 	C:\Windows\SYSTEM32\IPHLPAPI.DLL
0x00007ffcbb940000 - 0x00007ffcbb949000 	C:\Windows\System32\NSI.dll
0x00007ffcb4b80000 - 0x00007ffcb4b99000 	C:\Windows\SYSTEM32\dhcpcsvc6.DLL
0x00007ffcb4540000 - 0x00007ffcb455e000 	C:\Windows\SYSTEM32\dhcpcsvc.DLL
0x00007ffcb9130000 - 0x00007ffcb9218000 	C:\Windows\SYSTEM32\DNSAPI.dll

dbghelp: loaded successfully - version: 4.0.5 - missing functions: none
symbol engine: initialized successfully - sym options: 0x614 - pdb path: .;C:\Program Files\Android\Android Studio\jre\bin;C:\Windows\SYSTEM32;C:\Windows\WinSxS\amd64_microsoft.windows.common-controls_6595b64144ccf1df_6.0.22000.120_none_9d947278b86cc467;C:\Program Files\Android\Android Studio\jre\bin\server;C:\Users\Administrator\.gradle\native\e1d6ef7f7dcc3fd88c89a11ec53ec762bb8ba0a96d01ffa2cd45eb1d1d8dd5c5\windows-amd64;C:\Users\Administrator\.gradle\native\0d407fdbe67a94daf76414ababcb853783967236a71b16ec16e742cd7a986fd3\windows-amd64

VM Arguments:
jvm_args: --add-opens=java.base/java.util=ALL-UNNAMED --add-opens=java.base/java.lang=ALL-UNNAMED --add-opens=java.base/java.lang.invoke=ALL-UNNAMED --add-opens=java.base/java.util=ALL-UNNAMED --add-opens=java.prefs/java.util.prefs=ALL-UNNAMED --add-opens=java.prefs/java.util.prefs=ALL-UNNAMED --add-opens=java.base/java.nio.charset=ALL-UNNAMED --add-opens=java.base/java.net=ALL-UNNAMED --add-opens=java.base/java.util.concurrent.atomic=ALL-UNNAMED -Xmx2048m -Dfile.encoding=UTF-8 -Duser.country=US -Duser.language=en -Duser.variant 
java_command: org.gradle.launcher.daemon.bootstrap.GradleDaemon 7.4
java_class_path (initial): C:\Users\Administrator\.gradle\wrapper\dists\gradle-7.4-bin\c0gwcg53nkjbqw7r0h0umtfvt\gradle-7.4\lib\gradle-launcher-7.4.jar
Launcher Type: SUN_STANDARD

[Global flags]
     intx CICompilerCount                          = 3                                         {product} {ergonomic}
     uint ConcGCThreads                            = 1                                         {product} {ergonomic}
     uint G1ConcRefinementThreads                  = 4                                         {product} {ergonomic}
   size_t G1HeapRegionSize                         = 1048576                                   {product} {ergonomic}
    uintx GCDrainStackTargetSize                   = 64                                        {product} {ergonomic}
   size_t InitialHeapSize                          = 134217728                                 {product} {ergonomic}
   size_t MarkStackSize                            = 4194304                                   {product} {ergonomic}
   size_t MaxHeapSize                              = 2147483648                                {product} {command line}
   size_t MaxNewSize                               = 1287651328                                {product} {ergonomic}
   size_t MinHeapDeltaBytes                        = 1048576                                   {product} {ergonomic}
    uintx NonNMethodCodeHeapSize                   = 5830732                                {pd product} {ergonomic}
    uintx NonProfiledCodeHeapSize                  = 122913754                              {pd product} {ergonomic}
    uintx ProfiledCodeHeapSize                     = 122913754                              {pd product} {ergonomic}
    uintx ReservedCodeCacheSize                    = 251658240                              {pd product} {ergonomic}
     bool SegmentedCodeCache                       = true                                      {product} {ergonomic}
     bool UseCompressedClassPointers               = true                                 {lp64_product} {ergonomic}
     bool UseCompressedOops                        = true                                 {lp64_product} {ergonomic}
     bool UseG1GC                                  = true                                      {product} {ergonomic}
     bool UseLargePagesIndividualAllocation        = false                                  {pd product} {ergonomic}

Logging:
Log output configuration:
 #0: stdout all=warning uptime,level,tags
 #1: stderr all=off uptime,level,tags

Environment Variables:
PATH=C:\Windows\system32;C:\Windows;C:\Windows\System32\Wbem;C:\Windows\System32\WindowsPowerShell\v1.0\;C:\Windows\System32\OpenSSH\;C:\Program Files\Git\cmd;C:\laragon\bin\php\php-8.1.10-Win32-vs16-x64\;C:\ProgramData\ComposerSetup\bin;C:\Program Files (x86)\NVIDIA Corporation\PhysX\Common;C:\Program Files\NVIDIA Corporation\NVIDIA NvDLISR;C:\Program Files\dotnet\;C:\Users\Administrator\AppData\Local\Microsoft\WindowsApps;C:\Users\Administrator\AppData\Local\Programs\Microsoft VS Code\bin;C:\Users\Administrator\AppData\Roaming\Composer\vendor\bin;C:\laragon\bin\php\php-8.1.10-Win32-vs16-x64\php.exe;C:\Program Files\Java\jdk-19.0.1\bin;
USERNAME=Administrator
OS=Windows_NT
PROCESSOR_IDENTIFIER=Intel64 Family 6 Model 142 Stepping 9, GenuineIntel



---------------  S Y S T E M  ---------------

OS: Windows 11 , 64 bit Build 22000 (10.0.22000.1335)
OS uptime: 0 days 1:13 hours

CPU:total 4 (initial active 4) (2 cores per cpu, 2 threads per core) family 6 model 142 stepping 9 microcode 0xde, cmov, cx8, fxsr, mmx, sse, sse2, sse3, ssse3, sse4.1, sse4.2, popcnt, avx, avx2, aes, clmul, erms, 3dnowpref, lzcnt, ht, tsc, tscinvbit, bmi1, bmi2, adx, fma

Memory: 4k page, system-wide physical 8073M (686M free)
TotalPageFile size 8073M (AvailPageFile size 5M)
current process WorkingSet (physical memory assigned to process): 189M, peak: 191M
current process commit charge ("private bytes"): 268M, peak: 269M

vm_info: OpenJDK 64-Bit Server VM (11.0.13+0-b1751.21-8125866) for windows-amd64 JRE (11.0.13+0-b1751.21-8125866), built on Feb  2 2022 03:00:22 by "builder" with MS VC++ 14.0 (VS2015)

END.
