#
# There is insufficient memory for the Java Runtime Environment to continue.
# Native memory allocation (malloc) failed to allocate 1147696 bytes for Chunk::new
# Possible reasons:
#   The system is out of physical RAM or swap space
#   The process is running with CompressedOops enabled, and the Java Heap may be blocking the growth of the native heap
# Possible solutions:
#   Reduce memory load on the system
#   Increase physical memory or swap space
#   Check if swap backing store is full
#   Decrease Java heap size (-Xmx/-Xms)
#   Decrease number of Java threads
#   Decrease Java thread stack sizes (-Xss)
#   Set larger code cache with -XX:ReservedCodeCacheSize=
#   JVM is running with Unscaled Compressed Oops mode in which the Java heap is
#     placed in the first 4GB address space. The Java Heap base address is the
#     maximum limit for the native heap growth. Please use -XX:HeapBaseMinAddress
#     to set the Java Heap base and to place the Java Heap above 4GB virtual address.
# This output file may be truncated or incomplete.
#
#  Out of Memory Error (./src/hotspot/share/memory/arena.cpp:197), pid=6116, tid=4692
#
# JRE version: OpenJDK Runtime Environment (11.0.13) (build 11.0.13+0-b1751.21-8125866)
# Java VM: OpenJDK 64-Bit Server VM (11.0.13+0-b1751.21-8125866, mixed mode, tiered, compressed oops, g1 gc, windows-amd64)
# No core dump will be written. Minidumps are not enabled by default on client versions of Windows
#

---------------  S U M M A R Y ------------

Command Line: --add-opens=java.base/java.util=ALL-UNNAMED --add-opens=java.base/java.lang=ALL-UNNAMED --add-opens=java.base/java.lang.invoke=ALL-UNNAMED --add-opens=java.base/java.util=ALL-UNNAMED --add-opens=java.prefs/java.util.prefs=ALL-UNNAMED --add-opens=java.prefs/java.util.prefs=ALL-UNNAMED --add-opens=java.base/java.nio.charset=ALL-UNNAMED --add-opens=java.base/java.net=ALL-UNNAMED --add-opens=java.base/java.util.concurrent.atomic=ALL-UNNAMED -Xmx2048m -Dfile.encoding=UTF-8 -Duser.country=US -Duser.language=en -Duser.variant org.gradle.launcher.daemon.bootstrap.GradleDaemon 7.4

Host: Intel(R) Core(TM) i3-7020U CPU @ 2.30GHz, 4 cores, 7G,  Windows 11 , 64 bit Build 22000 (10.0.22000.1335)
Time: Sat Jan  7 23:38:35 2023 SE Asia Standard Time elapsed time: 33.674735 seconds (0d 0h 0m 33s)

---------------  T H R E A D  ---------------

Current thread (0x000001a957f37000):  JavaThread "C2 CompilerThread1" daemon [_thread_in_native, id=4692, stack(0x000000841c900000,0x000000841ca00000)]


Current CompileTask:
C2:  33674 11816       4       java.lang.reflect.AccessibleObject::verifyAccess (84 bytes)

Stack: [0x000000841c900000,0x000000841ca00000]
Native frames: (J=compiled Java code, j=interpreted, Vv=VM code, C=native code)
V  [jvm.dll+0x6100fa]
V  [jvm.dll+0x747090]
V  [jvm.dll+0x7486ad]
V  [jvm.dll+0x748d83]
V  [jvm.dll+0x24ab48]
V  [jvm.dll+0xc04dc]
V  [jvm.dll+0xc0a0c]
V  [jvm.dll+0x35eb5b]
V  [jvm.dll+0x32b833]
V  [jvm.dll+0x32ad2a]
V  [jvm.dll+0x2032b2]
V  [jvm.dll+0x202437]
V  [jvm.dll+0x188e01]
V  [jvm.dll+0x21106b]
V  [jvm.dll+0x20f8c1]
V  [jvm.dll+0x70de0f]
V  [jvm.dll+0x706a75]
V  [jvm.dll+0x60ed66]
C  [ucrtbase.dll+0x26c0c]
C  [KERNEL32.DLL+0x155a0]
C  [ntdll.dll+0x485b]


---------------  P R O C E S S  ---------------

Threads class SMR info:
_java_thread_list=0x000001a961b21f50, length=88, elements={
0x000001a93be5c800, 0x000001a955a64000, 0x000001a955a65000, 0x000001a9563f2800,
0x000001a955a82800, 0x000001a955a85800, 0x000001a955a88800, 0x000001a955a89800,
0x000001a955a8d000, 0x000001a956528800, 0x000001a95914e800, 0x000001a9598c2000,
0x000001a959985000, 0x000001a9582e3000, 0x000001a95793e800, 0x000001a9583e3800,
0x000001a957711000, 0x000001a95782c000, 0x000001a95782d000, 0x000001a958ddb000,
0x000001a958695000, 0x000001a958694000, 0x000001a958696000, 0x000001a958696800,
0x000001a958697800, 0x000001a958698000, 0x000001a958699000, 0x000001a958693800,
0x000001a95869a000, 0x000001a958c6c000, 0x000001a958c6d800, 0x000001a958c6b000,
0x000001a958c71000, 0x000001a958c70000, 0x000001a958c6e800, 0x000001a958c72000,
0x000001a958c79000, 0x000001a958c77800, 0x000001a958c78800, 0x000001a958c76000,
0x000001a958c73800, 0x000001a958c75000, 0x000001a958c76800, 0x000001a958c7a000,
0x000001a958c74000, 0x000001a95991d800, 0x000001a959920800, 0x000001a959920000,
0x000001a95991b000, 0x000001a95991e000, 0x000001a959921800, 0x000001a95991c800,
0x000001a95991f000, 0x000001a95991b800, 0x000001a959924800, 0x000001a959926800,
0x000001a959922000, 0x000001a959923000, 0x000001a959929000, 0x000001a959927000,
0x000001a959928000, 0x000001a959929800, 0x000001a959924000, 0x000001a959925800,
0x000001a95735c000, 0x000001a95735d800, 0x000001a95735e800, 0x000001a95735d000,
0x000001a95735b000, 0x000001a95735a800, 0x000001a957358800, 0x000001a95735f000,
0x000001a957359800, 0x000001a957360000, 0x000001a957364000, 0x000001a957363800,
0x000001a957365000, 0x000001a957362800, 0x000001a957366000, 0x000001a957367800,
0x000001a957361800, 0x000001a9606f5000, 0x000001a9606f4000, 0x000001a9606f6000,
0x000001a957f37000, 0x000001a9606f2800, 0x000001a9606f0000, 0x000001a9606f6800
}

Java Threads: ( => current thread )
  0x000001a93be5c800 JavaThread "main" [_thread_blocked, id=5948, stack(0x000000841a800000,0x000000841a900000)]
  0x000001a955a64000 JavaThread "Reference Handler" daemon [_thread_blocked, id=12740, stack(0x000000841af00000,0x000000841b000000)]
  0x000001a955a65000 JavaThread "Finalizer" daemon [_thread_blocked, id=9780, stack(0x000000841b000000,0x000000841b100000)]
  0x000001a9563f2800 JavaThread "Signal Dispatcher" daemon [_thread_blocked, id=8728, stack(0x000000841b100000,0x000000841b200000)]
  0x000001a955a82800 JavaThread "Attach Listener" daemon [_thread_blocked, id=9908, stack(0x000000841b200000,0x000000841b300000)]
  0x000001a955a85800 JavaThread "Service Thread" daemon [_thread_blocked, id=11460, stack(0x000000841b300000,0x000000841b400000)]
  0x000001a955a88800 JavaThread "C2 CompilerThread0" daemon [_thread_in_native, id=13008, stack(0x000000841b400000,0x000000841b500000)]
  0x000001a955a89800 JavaThread "C1 CompilerThread0" daemon [_thread_blocked, id=4104, stack(0x000000841b500000,0x000000841b600000)]
  0x000001a955a8d000 JavaThread "Sweeper thread" daemon [_thread_blocked, id=12568, stack(0x000000841b600000,0x000000841b700000)]
  0x000001a956528800 JavaThread "Common-Cleaner" daemon [_thread_blocked, id=10028, stack(0x000000841b700000,0x000000841b800000)]
  0x000001a95914e800 JavaThread "Daemon health stats" [_thread_blocked, id=2452, stack(0x000000841bc00000,0x000000841bd00000)]
  0x000001a9598c2000 JavaThread "Incoming local TCP Connector on port 4211" [_thread_in_native, id=8732, stack(0x000000841b900000,0x000000841ba00000)]
  0x000001a959985000 JavaThread "Daemon periodic checks" [_thread_blocked, id=13660, stack(0x000000841be00000,0x000000841bf00000)]
  0x000001a9582e3000 JavaThread "Daemon" [_thread_blocked, id=11544, stack(0x000000841bf00000,0x000000841c000000)]
  0x000001a95793e800 JavaThread "Handler for socket connection from /127.0.0.1:4211 to /127.0.0.1:4212" [_thread_in_native, id=3448, stack(0x000000841c000000,0x000000841c100000)]
  0x000001a9583e3800 JavaThread "Cancel handler" [_thread_blocked, id=12732, stack(0x000000841c100000,0x000000841c200000)]
  0x000001a957711000 JavaThread "Daemon worker" [_thread_blocked, id=7644, stack(0x000000841c200000,0x000000841c300000)]
  0x000001a95782c000 JavaThread "Asynchronous log dispatcher for DefaultDaemonConnection: socket connection from /127.0.0.1:4211 to /127.0.0.1:4212" [_thread_blocked, id=9224, stack(0x000000841c300000,0x000000841c400000)]
  0x000001a95782d000 JavaThread "Stdin handler" [_thread_blocked, id=12540, stack(0x000000841c400000,0x000000841c500000)]
  0x000001a958ddb000 JavaThread "Daemon client event forwarder" [_thread_in_native, id=1744, stack(0x000000841c500000,0x000000841c600000)]
  0x000001a958695000 JavaThread "Cache worker for journal cache (C:\Users\Administrator\.gradle\caches\journal-1)" [_thread_blocked, id=13744, stack(0x000000841c600000,0x000000841c700000)]
  0x000001a958694000 JavaThread "File lock request listener" [_thread_in_native, id=8236, stack(0x000000841c700000,0x000000841c800000)]
  0x000001a958696000 JavaThread "Cache worker for file hash cache (C:\Users\Administrator\.gradle\caches\7.4\fileHashes)" [_thread_blocked, id=12384, stack(0x000000841c800000,0x000000841c900000)]
  0x000001a958696800 JavaThread "File watcher server" daemon [_thread_in_native, id=6728, stack(0x000000841ca00000,0x000000841cb00000)]
  0x000001a958697800 JavaThread "File watcher consumer" daemon [_thread_blocked, id=9804, stack(0x000000841cb00000,0x000000841cc00000)]
  0x000001a958698000 JavaThread "Cache worker for checksums cache (D:\SETIK\findbarber\.gradle\7.4\checksums)" [_thread_blocked, id=6940, stack(0x000000841cc00000,0x000000841cd00000)]
  0x000001a958699000 JavaThread "Cache worker for cache directory md-rule (C:\Users\Administrator\.gradle\caches\7.4\md-rule)" [_thread_blocked, id=3952, stack(0x000000841cd00000,0x000000841ce00000)]
  0x000001a958693800 JavaThread "Cache worker for file hash cache (D:\SETIK\findbarber\.gradle\7.4\fileHashes)" [_thread_blocked, id=8488, stack(0x000000841ce00000,0x000000841cf00000)]
  0x000001a95869a000 JavaThread "Cache worker for cache directory md-supplier (C:\Users\Administrator\.gradle\caches\7.4\md-supplier)" [_thread_blocked, id=5292, stack(0x000000841cf00000,0x000000841d000000)]
  0x000001a958c6c000 JavaThread "Cache worker for execution history cache (C:\Users\Administrator\.gradle\caches\7.4\executionHistory)" [_thread_blocked, id=5416, stack(0x000000841d000000,0x000000841d100000)]
  0x000001a958c6d800 JavaThread "jar transforms" [_thread_blocked, id=5244, stack(0x000000841d100000,0x000000841d200000)]
  0x000001a958c6b000 JavaThread "Cache worker for file content cache (C:\Users\Administrator\.gradle\caches\7.4\fileContent)" [_thread_blocked, id=1496, stack(0x000000841d200000,0x000000841d300000)]
  0x000001a958c71000 JavaThread "jar transforms Thread 2" [_thread_blocked, id=6908, stack(0x000000841d300000,0x000000841d400000)]
  0x000001a958c70000 JavaThread "Cache worker for dependencies-accessors (D:\SETIK\findbarber\.gradle\7.4\dependencies-accessors)" [_thread_blocked, id=10136, stack(0x000000841d400000,0x000000841d500000)]
  0x000001a958c6e800 JavaThread "jar transforms Thread 3" [_thread_blocked, id=7048, stack(0x000000841d500000,0x000000841d600000)]
  0x000001a958c72000 JavaThread "Cache worker for Build Output Cleanup Cache (D:\SETIK\findbarber\.gradle\buildOutputCleanup)" [_thread_blocked, id=2092, stack(0x000000841d600000,0x000000841d700000)]
  0x000001a958c79000 JavaThread "Unconstrained build operations" [_thread_blocked, id=11288, stack(0x000000841d700000,0x000000841d800000)]
  0x000001a958c77800 JavaThread "Unconstrained build operations Thread 2" [_thread_blocked, id=13676, stack(0x000000841d800000,0x000000841d900000)]
  0x000001a958c78800 JavaThread "Unconstrained build operations Thread 3" [_thread_blocked, id=4968, stack(0x000000841d900000,0x000000841da00000)]
  0x000001a958c76000 JavaThread "Unconstrained build operations Thread 4" [_thread_blocked, id=3572, stack(0x000000841da00000,0x000000841db00000)]
  0x000001a958c73800 JavaThread "Unconstrained build operations Thread 5" [_thread_blocked, id=7264, stack(0x000000841db00000,0x000000841dc00000)]
  0x000001a958c75000 JavaThread "Unconstrained build operations Thread 6" [_thread_blocked, id=11140, stack(0x000000841dc00000,0x000000841dd00000)]
  0x000001a958c76800 JavaThread "Unconstrained build operations Thread 7" [_thread_blocked, id=1892, stack(0x000000841dd00000,0x000000841de00000)]
  0x000001a958c7a000 JavaThread "Unconstrained build operations Thread 8" [_thread_blocked, id=5188, stack(0x000000841de00000,0x000000841df00000)]
  0x000001a958c74000 JavaThread "Unconstrained build operations Thread 9" [_thread_blocked, id=11688, stack(0x000000841df00000,0x000000841e000000)]
  0x000001a95991d800 JavaThread "Unconstrained build operations Thread 10" [_thread_blocked, id=7128, stack(0x000000841e000000,0x000000841e100000)]
  0x000001a959920800 JavaThread "Unconstrained build operations Thread 11" [_thread_blocked, id=1080, stack(0x000000841e100000,0x000000841e200000)]
  0x000001a959920000 JavaThread "Unconstrained build operations Thread 12" [_thread_blocked, id=10516, stack(0x000000841e200000,0x000000841e300000)]
  0x000001a95991b000 JavaThread "Unconstrained build operations Thread 13" [_thread_blocked, id=7316, stack(0x000000841e300000,0x000000841e400000)]
  0x000001a95991e000 JavaThread "Unconstrained build operations Thread 14" [_thread_blocked, id=12560, stack(0x000000841e400000,0x000000841e500000)]
  0x000001a959921800 JavaThread "Unconstrained build operations Thread 15" [_thread_blocked, id=6108, stack(0x000000841e500000,0x000000841e600000)]
  0x000001a95991c800 JavaThread "Unconstrained build operations Thread 16" [_thread_blocked, id=5316, stack(0x000000841e600000,0x000000841e700000)]
  0x000001a95991f000 JavaThread "Unconstrained build operations Thread 17" [_thread_blocked, id=15148, stack(0x000000841e700000,0x000000841e800000)]
  0x000001a95991b800 JavaThread "Unconstrained build operations Thread 18" [_thread_blocked, id=12736, stack(0x000000841e800000,0x000000841e900000)]
  0x000001a959924800 JavaThread "Unconstrained build operations Thread 19" [_thread_blocked, id=14420, stack(0x000000841e900000,0x000000841ea00000)]
  0x000001a959926800 JavaThread "Unconstrained build operations Thread 20" [_thread_blocked, id=9284, stack(0x000000841ea00000,0x000000841eb00000)]
  0x000001a959922000 JavaThread "Unconstrained build operations Thread 21" [_thread_blocked, id=13204, stack(0x000000841eb00000,0x000000841ec00000)]
  0x000001a959923000 JavaThread "Unconstrained build operations Thread 22" [_thread_blocked, id=15084, stack(0x000000841ec00000,0x000000841ed00000)]
  0x000001a959929000 JavaThread "Unconstrained build operations Thread 23" [_thread_blocked, id=12828, stack(0x000000841ed00000,0x000000841ee00000)]
  0x000001a959927000 JavaThread "Unconstrained build operations Thread 24" [_thread_blocked, id=13836, stack(0x000000841ee00000,0x000000841ef00000)]
  0x000001a959928000 JavaThread "Unconstrained build operations Thread 25" [_thread_blocked, id=12488, stack(0x000000841ef00000,0x000000841f000000)]
  0x000001a959929800 JavaThread "Unconstrained build operations Thread 26" [_thread_blocked, id=11112, stack(0x000000841f000000,0x000000841f100000)]
  0x000001a959924000 JavaThread "Unconstrained build operations Thread 27" [_thread_blocked, id=7144, stack(0x000000841f100000,0x000000841f200000)]
  0x000001a959925800 JavaThread "Unconstrained build operations Thread 28" [_thread_blocked, id=5824, stack(0x000000841f200000,0x000000841f300000)]
  0x000001a95735c000 JavaThread "Unconstrained build operations Thread 29" [_thread_blocked, id=8684, stack(0x000000841f300000,0x000000841f400000)]
  0x000001a95735d800 JavaThread "Unconstrained build operations Thread 30" [_thread_blocked, id=14100, stack(0x000000841f400000,0x000000841f500000)]
  0x000001a95735e800 JavaThread "Unconstrained build operations Thread 31" [_thread_blocked, id=6828, stack(0x000000841f500000,0x000000841f600000)]
  0x000001a95735d000 JavaThread "Unconstrained build operations Thread 32" [_thread_blocked, id=12144, stack(0x000000841f600000,0x000000841f700000)]
  0x000001a95735b000 JavaThread "Unconstrained build operations Thread 33" [_thread_blocked, id=4784, stack(0x000000841f700000,0x000000841f800000)]
  0x000001a95735a800 JavaThread "Unconstrained build operations Thread 34" [_thread_blocked, id=9336, stack(0x000000841f800000,0x000000841f900000)]
  0x000001a957358800 JavaThread "Unconstrained build operations Thread 35" [_thread_blocked, id=7240, stack(0x000000841f900000,0x000000841fa00000)]
  0x000001a95735f000 JavaThread "Unconstrained build operations Thread 36" [_thread_blocked, id=9932, stack(0x000000841fa00000,0x000000841fb00000)]
  0x000001a957359800 JavaThread "Unconstrained build operations Thread 37" [_thread_blocked, id=13264, stack(0x000000841fb00000,0x000000841fc00000)]
  0x000001a957360000 JavaThread "Unconstrained build operations Thread 38" [_thread_blocked, id=5760, stack(0x000000841fc00000,0x000000841fd00000)]
  0x000001a957364000 JavaThread "Unconstrained build operations Thread 39" [_thread_blocked, id=6600, stack(0x000000841fd00000,0x000000841fe00000)]
  0x000001a957363800 JavaThread "Unconstrained build operations Thread 40" [_thread_blocked, id=992, stack(0x000000841fe00000,0x000000841ff00000)]
  0x000001a957365000 JavaThread "jar transforms Thread 4" [_thread_blocked, id=2528, stack(0x000000841ff00000,0x0000008420000000)]
  0x000001a957362800 JavaThread "Memory manager" [_thread_blocked, id=7028, stack(0x0000008420000000,0x0000008420100000)]
  0x000001a957366000 JavaThread "build event listener" [_thread_blocked, id=11504, stack(0x0000008420100000,0x0000008420200000)]
  0x000001a957367800 JavaThread "included builds" [_thread_blocked, id=5128, stack(0x0000008420200000,0x0000008420300000)]
  0x000001a957361800 JavaThread "Execution worker for ':'" [_thread_blocked, id=5856, stack(0x0000008420300000,0x0000008420400000)]
  0x000001a9606f5000 JavaThread "Execution worker for ':' Thread 2" [_thread_in_Java, id=9332, stack(0x0000008420400000,0x0000008420500000)]
  0x000001a9606f4000 JavaThread "Execution worker for ':' Thread 3" [_thread_blocked, id=4120, stack(0x0000008420500000,0x0000008420600000)]
  0x000001a9606f6000 JavaThread "Cache worker for execution history cache (D:\SETIK\findbarber\.gradle\7.4\executionHistory)" [_thread_blocked, id=7480, stack(0x0000008420600000,0x0000008420700000)]
=>0x000001a957f37000 JavaThread "C2 CompilerThread1" daemon [_thread_in_native, id=4692, stack(0x000000841c900000,0x000000841ca00000)]
  0x000001a9606f2800 JavaThread "WorkerExecutor Queue" [_thread_blocked, id=12132, stack(0x0000008420700000,0x0000008420800000)]
  0x000001a9606f0000 JavaThread "Thread-72" [_thread_in_native, id=13388, stack(0x0000008420800000,0x0000008420900000)]
  0x000001a9606f6800 JavaThread "WorkerExecutor Queue Thread 2" [_thread_in_Java, id=9184, stack(0x0000008420b00000,0x0000008420c00000)]

Other Threads:
  0x000001a955a5f800 VMThread "VM Thread" [stack: 0x000000841ae00000,0x000000841af00000] [id=13396]
  0x000001a95653d800 WatcherThread [stack: 0x000000841b800000,0x000000841b900000] [id=6236]
  0x000001a93be76000 GCTaskThread "GC Thread#0" [stack: 0x000000841a900000,0x000000841aa00000] [id=3240]
  0x000001a95686e800 GCTaskThread "GC Thread#1" [stack: 0x000000841ba00000,0x000000841bb00000] [id=2616]
  0x000001a956b9e800 GCTaskThread "GC Thread#2" [stack: 0x000000841bb00000,0x000000841bc00000] [id=13940]
  0x000001a9584ba800 GCTaskThread "GC Thread#3" [stack: 0x000000841bd00000,0x000000841be00000] [id=7468]
  0x000001a93bea9000 ConcurrentGCThread "G1 Main Marker" [stack: 0x000000841aa00000,0x000000841ab00000] [id=6876]
  0x000001a93beab000 ConcurrentGCThread "G1 Conc#0" [stack: 0x000000841ab00000,0x000000841ac00000] [id=3128]
  0x000001a93bf3b800 ConcurrentGCThread "G1 Refine#0" [stack: 0x000000841ac00000,0x000000841ad00000] [id=2668]
  0x000001a9558b0800 ConcurrentGCThread "G1 Young RemSet Sampling" [stack: 0x000000841ad00000,0x000000841ae00000] [id=3064]

Threads with active compile tasks:
C2 CompilerThread0  33713 11821   !   4       org.gradle.internal.classloader.FilteringClassLoader::loadClass (62 bytes)
C2 CompilerThread1  33713 11816       4       java.lang.reflect.AccessibleObject::verifyAccess (84 bytes)

VM state:not at safepoint (normal execution)

VM Mutex/Monitor currently owned by a thread: None

Heap address: 0x0000000080000000, size: 2048 MB, Compressed Oops mode: 32-bit
Narrow klass base: 0x0000000000000000, Narrow klass shift: 3
Compressed class space size: 1073741824 Address: 0x0000000100000000

Heap:
 garbage-first heap   total 227328K, used 171357K [0x0000000080000000, 0x0000000100000000)
  region size 1024K, 95 young (97280K), 12 survivors (12288K)
 Metaspace       used 95831K, capacity 98046K, committed 98384K, reserved 1134592K
  class space    used 12267K, capacity 13107K, committed 13216K, reserved 1048576K
Heap Regions: E=young(eden), S=young(survivor), O=old, HS=humongous(starts), HC=humongous(continues), CS=collection set, F=free, A=archive, TAMS=top-at-mark-start (previous, next)
|   0|0x0000000080000000, 0x0000000080100000, 0x0000000080100000|100%|HS|  |TAMS 0x0000000080100000, 0x0000000080000000| Complete 
|   1|0x0000000080100000, 0x0000000080200000, 0x0000000080200000|100%|HC|  |TAMS 0x0000000080200000, 0x0000000080100000| Complete 
|   2|0x0000000080200000, 0x0000000080300000, 0x0000000080300000|100%|HC|  |TAMS 0x0000000080300000, 0x0000000080200000| Complete 
|   3|0x0000000080300000, 0x0000000080400000, 0x0000000080400000|100%| O|  |TAMS 0x0000000080400000, 0x0000000080300000| Untracked 
|   4|0x0000000080400000, 0x0000000080500000, 0x0000000080500000|100%| O|  |TAMS 0x0000000080500000, 0x0000000080400000| Untracked 
|   5|0x0000000080500000, 0x0000000080600000, 0x0000000080600000|100%| O|  |TAMS 0x0000000080600000, 0x0000000080500000| Untracked 
|   6|0x0000000080600000, 0x0000000080700000, 0x0000000080700000|100%| O|  |TAMS 0x0000000080700000, 0x0000000080600000| Untracked 
|   7|0x0000000080700000, 0x0000000080800000, 0x0000000080800000|100%| O|  |TAMS 0x0000000080800000, 0x0000000080700000| Untracked 
|   8|0x0000000080800000, 0x0000000080900000, 0x0000000080900000|100%| O|  |TAMS 0x0000000080900000, 0x0000000080800000| Untracked 
|   9|0x0000000080900000, 0x0000000080a00000, 0x0000000080a00000|100%| O|  |TAMS 0x0000000080a00000, 0x0000000080900000| Untracked 
|  10|0x0000000080a00000, 0x0000000080b00000, 0x0000000080b00000|100%| O|  |TAMS 0x0000000080b00000, 0x0000000080a00000| Untracked 
|  11|0x0000000080b00000, 0x0000000080c00000, 0x0000000080c00000|100%| O|  |TAMS 0x0000000080c00000, 0x0000000080b00000| Untracked 
|  12|0x0000000080c00000, 0x0000000080d00000, 0x0000000080d00000|100%| O|  |TAMS 0x0000000080d00000, 0x0000000080c00000| Untracked 
|  13|0x0000000080d00000, 0x0000000080e00000, 0x0000000080e00000|100%| O|  |TAMS 0x0000000080e00000, 0x0000000080d00000| Untracked 
|  14|0x0000000080e00000, 0x0000000080f00000, 0x0000000080f00000|100%| O|  |TAMS 0x0000000080f00000, 0x0000000080e00000| Untracked 
|  15|0x0000000080f00000, 0x0000000081000000, 0x0000000081000000|100%| O|  |TAMS 0x0000000081000000, 0x0000000080f00000| Untracked 
|  16|0x0000000081000000, 0x0000000081100000, 0x0000000081100000|100%| O|  |TAMS 0x0000000081100000, 0x0000000081000000| Untracked 
|  17|0x0000000081100000, 0x0000000081200000, 0x0000000081200000|100%|HS|  |TAMS 0x0000000081200000, 0x0000000081100000| Complete 
|  18|0x0000000081200000, 0x0000000081300000, 0x0000000081300000|100%| O|  |TAMS 0x0000000081300000, 0x0000000081200000| Untracked 
|  19|0x0000000081300000, 0x0000000081400000, 0x0000000081400000|100%| O|  |TAMS 0x0000000081400000, 0x0000000081300000| Untracked 
|  20|0x0000000081400000, 0x0000000081500000, 0x0000000081500000|100%| O|  |TAMS 0x0000000081500000, 0x0000000081400000| Untracked 
|  21|0x0000000081500000, 0x0000000081600000, 0x0000000081600000|100%| O|  |TAMS 0x0000000081600000, 0x0000000081500000| Untracked 
|  22|0x0000000081600000, 0x0000000081700000, 0x0000000081700000|100%| O|  |TAMS 0x0000000081700000, 0x0000000081600000| Untracked 
|  23|0x0000000081700000, 0x0000000081800000, 0x0000000081800000|100%| O|  |TAMS 0x0000000081800000, 0x0000000081700000| Untracked 
|  24|0x0000000081800000, 0x0000000081900000, 0x0000000081900000|100%|HS|  |TAMS 0x0000000081900000, 0x0000000081800000| Complete 
|  25|0x0000000081900000, 0x0000000081a00000, 0x0000000081a00000|100%|HS|  |TAMS 0x0000000081a00000, 0x0000000081900000| Complete 
|  26|0x0000000081a00000, 0x0000000081b00000, 0x0000000081b00000|100%|HS|  |TAMS 0x0000000081b00000, 0x0000000081a00000| Complete 
|  27|0x0000000081b00000, 0x0000000081c00000, 0x0000000081c00000|100%|HC|  |TAMS 0x0000000081c00000, 0x0000000081b00000| Complete 
|  28|0x0000000081c00000, 0x0000000081d00000, 0x0000000081d00000|100%|HC|  |TAMS 0x0000000081d00000, 0x0000000081c00000| Complete 
|  29|0x0000000081d00000, 0x0000000081e00000, 0x0000000081e00000|100%|HC|  |TAMS 0x0000000081e00000, 0x0000000081d00000| Complete 
|  30|0x0000000081e00000, 0x0000000081f00000, 0x0000000081f00000|100%| O|  |TAMS 0x0000000081f00000, 0x0000000081e00000| Untracked 
|  31|0x0000000081f00000, 0x0000000082000000, 0x0000000082000000|100%|HS|  |TAMS 0x0000000082000000, 0x0000000081f00000| Complete 
|  32|0x0000000082000000, 0x0000000082100000, 0x0000000082100000|100%|HC|  |TAMS 0x0000000082100000, 0x0000000082000000| Complete 
|  33|0x0000000082100000, 0x0000000082200000, 0x0000000082200000|100%| O|  |TAMS 0x0000000082200000, 0x0000000082100000| Untracked 
|  34|0x0000000082200000, 0x0000000082300000, 0x0000000082300000|100%| O|  |TAMS 0x0000000082300000, 0x0000000082200000| Untracked 
|  35|0x0000000082300000, 0x0000000082400000, 0x0000000082400000|100%| O|  |TAMS 0x0000000082400000, 0x0000000082300000| Untracked 
|  36|0x0000000082400000, 0x0000000082500000, 0x0000000082500000|100%| O|  |TAMS 0x0000000082500000, 0x0000000082400000| Untracked 
|  37|0x0000000082500000, 0x0000000082600000, 0x0000000082600000|100%| O|  |TAMS 0x0000000082600000, 0x0000000082500000| Untracked 
|  38|0x0000000082600000, 0x0000000082700000, 0x0000000082700000|100%| O|  |TAMS 0x0000000082700000, 0x0000000082600000| Untracked 
|  39|0x0000000082700000, 0x0000000082800000, 0x0000000082800000|100%| O|  |TAMS 0x0000000082800000, 0x0000000082700000| Untracked 
|  40|0x0000000082800000, 0x0000000082900000, 0x0000000082900000|100%| O|  |TAMS 0x0000000082900000, 0x0000000082800000| Untracked 
|  41|0x0000000082900000, 0x0000000082a00000, 0x0000000082a00000|100%| O|  |TAMS 0x0000000082a00000, 0x0000000082900000| Untracked 
|  42|0x0000000082a00000, 0x0000000082b00000, 0x0000000082b00000|100%| O|  |TAMS 0x0000000082b00000, 0x0000000082a00000| Untracked 
|  43|0x0000000082b00000, 0x0000000082c00000, 0x0000000082c00000|100%| O|  |TAMS 0x0000000082c00000, 0x0000000082b00000| Untracked 
|  44|0x0000000082c00000, 0x0000000082d00000, 0x0000000082d00000|100%| O|  |TAMS 0x0000000082d00000, 0x0000000082c00000| Untracked 
|  45|0x0000000082d00000, 0x0000000082e00000, 0x0000000082e00000|100%| O|  |TAMS 0x0000000082e00000, 0x0000000082d00000| Untracked 
|  46|0x0000000082e00000, 0x0000000082f00000, 0x0000000082f00000|100%| O|  |TAMS 0x0000000082f00000, 0x0000000082e00000| Untracked 
|  47|0x0000000082f00000, 0x0000000083000000, 0x0000000083000000|100%| O|  |TAMS 0x0000000083000000, 0x0000000082f00000| Untracked 
|  48|0x0000000083000000, 0x0000000083100000, 0x0000000083100000|100%| O|  |TAMS 0x0000000083000000, 0x0000000083000000| Untracked 
|  49|0x0000000083100000, 0x0000000083200000, 0x0000000083200000|100%| O|  |TAMS 0x0000000083100000, 0x0000000083100000| Untracked 
|  50|0x0000000083200000, 0x0000000083300000, 0x0000000083300000|100%| O|  |TAMS 0x0000000083200000, 0x0000000083200000| Untracked 
|  51|0x0000000083300000, 0x0000000083400000, 0x0000000083400000|100%| O|  |TAMS 0x0000000083300000, 0x0000000083300000| Untracked 
|  52|0x0000000083400000, 0x0000000083500000, 0x0000000083500000|100%| O|  |TAMS 0x0000000083400000, 0x0000000083400000| Untracked 
|  53|0x0000000083500000, 0x0000000083600000, 0x0000000083600000|100%| O|  |TAMS 0x0000000083500000, 0x0000000083500000| Untracked 
|  54|0x0000000083600000, 0x0000000083700000, 0x0000000083700000|100%| O|  |TAMS 0x0000000083600000, 0x0000000083600000| Untracked 
|  55|0x0000000083700000, 0x0000000083800000, 0x0000000083800000|100%| O|  |TAMS 0x0000000083700000, 0x0000000083700000| Untracked 
|  56|0x0000000083800000, 0x0000000083900000, 0x0000000083900000|100%| O|  |TAMS 0x0000000083800000, 0x0000000083800000| Untracked 
|  57|0x0000000083900000, 0x0000000083a00000, 0x0000000083a00000|100%| O|  |TAMS 0x0000000083900000, 0x0000000083900000| Untracked 
|  58|0x0000000083a00000, 0x0000000083b00000, 0x0000000083b00000|100%| O|  |TAMS 0x0000000083a00000, 0x0000000083a00000| Untracked 
|  59|0x0000000083b00000, 0x0000000083c00000, 0x0000000083c00000|100%| O|  |TAMS 0x0000000083b00000, 0x0000000083b00000| Untracked 
|  60|0x0000000083c00000, 0x0000000083d00000, 0x0000000083d00000|100%| O|  |TAMS 0x0000000083c00000, 0x0000000083c00000| Untracked 
|  61|0x0000000083d00000, 0x0000000083e00000, 0x0000000083e00000|100%| O|  |TAMS 0x0000000083d00000, 0x0000000083d00000| Untracked 
|  62|0x0000000083e00000, 0x0000000083f00000, 0x0000000083f00000|100%| O|  |TAMS 0x0000000083e00000, 0x0000000083e00000| Untracked 
|  63|0x0000000083f00000, 0x0000000084000000, 0x0000000084000000|100%| O|  |TAMS 0x0000000083f00000, 0x0000000083f00000| Untracked 
|  64|0x0000000084000000, 0x0000000084100000, 0x0000000084100000|100%| O|  |TAMS 0x0000000084000000, 0x0000000084000000| Untracked 
|  65|0x0000000084100000, 0x0000000084200000, 0x0000000084200000|100%| O|  |TAMS 0x0000000084100000, 0x0000000084100000| Untracked 
|  66|0x0000000084200000, 0x0000000084300000, 0x0000000084300000|100%| O|  |TAMS 0x0000000084200000, 0x0000000084200000| Untracked 
|  67|0x0000000084300000, 0x0000000084400000, 0x0000000084400000|100%| O|  |TAMS 0x0000000084300000, 0x0000000084300000| Untracked 
|  68|0x0000000084400000, 0x0000000084500000, 0x0000000084500000|100%| O|  |TAMS 0x0000000084400000, 0x0000000084400000| Untracked 
|  69|0x0000000084500000, 0x0000000084600000, 0x0000000084600000|100%| O|  |TAMS 0x0000000084500000, 0x0000000084500000| Untracked 
|  70|0x0000000084600000, 0x0000000084700000, 0x0000000084700000|100%| O|  |TAMS 0x0000000084600000, 0x0000000084600000| Untracked 
|  71|0x0000000084700000, 0x0000000084800000, 0x0000000084800000|100%| O|  |TAMS 0x0000000084700000, 0x0000000084700000| Untracked 
|  72|0x0000000084800000, 0x0000000084900000, 0x0000000084900000|100%| O|  |TAMS 0x0000000084800000, 0x0000000084800000| Untracked 
|  73|0x0000000084900000, 0x0000000084a00000, 0x0000000084a00000|100%| O|  |TAMS 0x0000000084900000, 0x0000000084900000| Untracked 
|  74|0x0000000084a00000, 0x0000000084ad7400, 0x0000000084b00000| 84%| O|  |TAMS 0x0000000084a00000, 0x0000000084a00000| Untracked 
|  75|0x0000000084b00000, 0x0000000084b00000, 0x0000000084c00000|  0%| F|  |TAMS 0x0000000084b00000, 0x0000000084b00000| Untracked 
|  76|0x0000000084c00000, 0x0000000084c00000, 0x0000000084d00000|  0%| F|  |TAMS 0x0000000084c00000, 0x0000000084c00000| Untracked 
|  77|0x0000000084d00000, 0x0000000084d00000, 0x0000000084e00000|  0%| F|  |TAMS 0x0000000084d00000, 0x0000000084d00000| Untracked 
|  78|0x0000000084e00000, 0x0000000084e00000, 0x0000000084f00000|  0%| F|  |TAMS 0x0000000084e00000, 0x0000000084e00000| Untracked 
|  79|0x0000000084f00000, 0x0000000084f00000, 0x0000000085000000|  0%| F|  |TAMS 0x0000000084f00000, 0x0000000084f00000| Untracked 
|  80|0x0000000085000000, 0x0000000085000000, 0x0000000085100000|  0%| F|  |TAMS 0x0000000085000000, 0x0000000085000000| Untracked 
|  81|0x0000000085100000, 0x0000000085100000, 0x0000000085200000|  0%| F|  |TAMS 0x0000000085100000, 0x0000000085100000| Untracked 
|  82|0x0000000085200000, 0x0000000085200000, 0x0000000085300000|  0%| F|  |TAMS 0x0000000085200000, 0x0000000085200000| Untracked 
|  83|0x0000000085300000, 0x0000000085300000, 0x0000000085400000|  0%| F|  |TAMS 0x0000000085300000, 0x0000000085300000| Untracked 
|  84|0x0000000085400000, 0x0000000085400000, 0x0000000085500000|  0%| F|  |TAMS 0x0000000085400000, 0x0000000085400000| Untracked 
|  85|0x0000000085500000, 0x0000000085500000, 0x0000000085600000|  0%| F|  |TAMS 0x0000000085500000, 0x0000000085500000| Untracked 
|  86|0x0000000085600000, 0x0000000085600000, 0x0000000085700000|  0%| F|  |TAMS 0x0000000085600000, 0x0000000085600000| Untracked 
|  87|0x0000000085700000, 0x0000000085700000, 0x0000000085800000|  0%| F|  |TAMS 0x0000000085700000, 0x0000000085700000| Untracked 
|  88|0x0000000085800000, 0x0000000085800000, 0x0000000085900000|  0%| F|  |TAMS 0x0000000085800000, 0x0000000085800000| Untracked 
|  89|0x0000000085900000, 0x0000000085900000, 0x0000000085a00000|  0%| F|  |TAMS 0x0000000085900000, 0x0000000085900000| Untracked 
|  90|0x0000000085a00000, 0x0000000085a00000, 0x0000000085b00000|  0%| F|  |TAMS 0x0000000085a00000, 0x0000000085a00000| Untracked 
|  91|0x0000000085b00000, 0x0000000085b00000, 0x0000000085c00000|  0%| F|  |TAMS 0x0000000085b00000, 0x0000000085b00000| Untracked 
|  92|0x0000000085c00000, 0x0000000085c00000, 0x0000000085d00000|  0%| F|  |TAMS 0x0000000085c00000, 0x0000000085c00000| Untracked 
|  93|0x0000000085d00000, 0x0000000085d00000, 0x0000000085e00000|  0%| F|  |TAMS 0x0000000085d00000, 0x0000000085d00000| Untracked 
|  94|0x0000000085e00000, 0x0000000085e00000, 0x0000000085f00000|  0%| F|  |TAMS 0x0000000085e00000, 0x0000000085e00000| Untracked 
|  95|0x0000000085f00000, 0x0000000085f00000, 0x0000000086000000|  0%| F|  |TAMS 0x0000000085f00000, 0x0000000085f00000| Untracked 
|  96|0x0000000086000000, 0x0000000086000000, 0x0000000086100000|  0%| F|  |TAMS 0x0000000086000000, 0x0000000086000000| Untracked 
|  97|0x0000000086100000, 0x0000000086100000, 0x0000000086200000|  0%| F|  |TAMS 0x0000000086100000, 0x0000000086100000| Untracked 
|  98|0x0000000086200000, 0x0000000086200000, 0x0000000086300000|  0%| F|  |TAMS 0x0000000086200000, 0x0000000086200000| Untracked 
|  99|0x0000000086300000, 0x0000000086300000, 0x0000000086400000|  0%| F|  |TAMS 0x0000000086300000, 0x0000000086300000| Untracked 
| 100|0x0000000086400000, 0x0000000086400000, 0x0000000086500000|  0%| F|  |TAMS 0x0000000086400000, 0x0000000086400000| Untracked 
| 101|0x0000000086500000, 0x0000000086500000, 0x0000000086600000|  0%| F|  |TAMS 0x0000000086500000, 0x0000000086500000| Untracked 
| 102|0x0000000086600000, 0x0000000086600000, 0x0000000086700000|  0%| F|  |TAMS 0x0000000086600000, 0x0000000086600000| Untracked 
| 103|0x0000000086700000, 0x0000000086700000, 0x0000000086800000|  0%| F|  |TAMS 0x0000000086700000, 0x0000000086700000| Untracked 
| 104|0x0000000086800000, 0x0000000086880000, 0x0000000086900000| 50%| S|CS|TAMS 0x0000000086800000, 0x0000000086800000| Complete 
| 105|0x0000000086900000, 0x0000000086a00000, 0x0000000086a00000|100%| S|CS|TAMS 0x0000000086900000, 0x0000000086900000| Complete 
| 106|0x0000000086a00000, 0x0000000086b00000, 0x0000000086b00000|100%| S|CS|TAMS 0x0000000086a00000, 0x0000000086a00000| Complete 
| 107|0x0000000086b00000, 0x0000000086c00000, 0x0000000086c00000|100%| S|CS|TAMS 0x0000000086b00000, 0x0000000086b00000| Complete 
| 108|0x0000000086c00000, 0x0000000086d00000, 0x0000000086d00000|100%| S|CS|TAMS 0x0000000086c00000, 0x0000000086c00000| Complete 
| 109|0x0000000086d00000, 0x0000000086e00000, 0x0000000086e00000|100%| S|CS|TAMS 0x0000000086d00000, 0x0000000086d00000| Complete 
| 110|0x0000000086e00000, 0x0000000086f00000, 0x0000000086f00000|100%| S|CS|TAMS 0x0000000086e00000, 0x0000000086e00000| Complete 
| 111|0x0000000086f00000, 0x0000000087000000, 0x0000000087000000|100%| S|CS|TAMS 0x0000000086f00000, 0x0000000086f00000| Complete 
| 112|0x0000000087000000, 0x0000000087100000, 0x0000000087100000|100%| S|CS|TAMS 0x0000000087000000, 0x0000000087000000| Complete 
| 113|0x0000000087100000, 0x0000000087200000, 0x0000000087200000|100%| S|CS|TAMS 0x0000000087100000, 0x0000000087100000| Complete 
| 114|0x0000000087200000, 0x0000000087300000, 0x0000000087300000|100%| S|CS|TAMS 0x0000000087200000, 0x0000000087200000| Complete 
| 115|0x0000000087300000, 0x0000000087400000, 0x0000000087400000|100%| S|CS|TAMS 0x0000000087300000, 0x0000000087300000| Complete 
| 116|0x0000000087400000, 0x0000000087400000, 0x0000000087500000|  0%| F|  |TAMS 0x0000000087400000, 0x0000000087400000| Untracked 
| 117|0x0000000087500000, 0x0000000087500000, 0x0000000087600000|  0%| F|  |TAMS 0x0000000087500000, 0x0000000087500000| Untracked 
| 118|0x0000000087600000, 0x0000000087600000, 0x0000000087700000|  0%| F|  |TAMS 0x0000000087600000, 0x0000000087600000| Untracked 
| 119|0x0000000087700000, 0x0000000087700000, 0x0000000087800000|  0%| F|  |TAMS 0x0000000087700000, 0x0000000087700000| Untracked 
| 120|0x0000000087800000, 0x0000000087800000, 0x0000000087900000|  0%| F|  |TAMS 0x0000000087800000, 0x0000000087800000| Untracked 
| 121|0x0000000087900000, 0x0000000087900000, 0x0000000087a00000|  0%| F|  |TAMS 0x0000000087900000, 0x0000000087900000| Untracked 
| 122|0x0000000087a00000, 0x0000000087a00000, 0x0000000087b00000|  0%| F|  |TAMS 0x0000000087a00000, 0x0000000087a00000| Untracked 
| 123|0x0000000087b00000, 0x0000000087b00000, 0x0000000087c00000|  0%| F|  |TAMS 0x0000000087b00000, 0x0000000087b00000| Untracked 
| 124|0x0000000087c00000, 0x0000000087c00000, 0x0000000087d00000|  0%| F|  |TAMS 0x0000000087c00000, 0x0000000087c00000| Untracked 
| 125|0x0000000087d00000, 0x0000000087d00000, 0x0000000087e00000|  0%| F|  |TAMS 0x0000000087d00000, 0x0000000087d00000| Untracked 
| 126|0x0000000087e00000, 0x0000000087e00000, 0x0000000087f00000|  0%| F|  |TAMS 0x0000000087e00000, 0x0000000087e00000| Untracked 
| 127|0x0000000087f00000, 0x0000000087f00000, 0x0000000088000000|  0%| F|  |TAMS 0x0000000087f00000, 0x0000000087f00000| Untracked 
| 128|0x0000000088000000, 0x0000000088000000, 0x0000000088100000|  0%| F|  |TAMS 0x0000000088000000, 0x0000000088000000| Untracked 
| 129|0x0000000088100000, 0x0000000088100000, 0x0000000088200000|  0%| F|  |TAMS 0x0000000088100000, 0x0000000088100000| Untracked 
| 130|0x0000000088200000, 0x0000000088200000, 0x0000000088300000|  0%| F|  |TAMS 0x0000000088200000, 0x0000000088200000| Untracked 
| 131|0x0000000088300000, 0x0000000088300000, 0x0000000088400000|  0%| F|  |TAMS 0x0000000088300000, 0x0000000088300000| Untracked 
| 132|0x0000000088400000, 0x0000000088400000, 0x0000000088500000|  0%| F|  |TAMS 0x0000000088400000, 0x0000000088400000| Untracked 
| 133|0x0000000088500000, 0x0000000088500000, 0x0000000088600000|  0%| F|  |TAMS 0x0000000088500000, 0x0000000088500000| Untracked 
| 134|0x0000000088600000, 0x0000000088600000, 0x0000000088700000|  0%| F|  |TAMS 0x0000000088600000, 0x0000000088600000| Untracked 
| 135|0x0000000088700000, 0x0000000088700000, 0x0000000088800000|  0%| F|  |TAMS 0x0000000088700000, 0x0000000088700000| Untracked 
| 136|0x0000000088800000, 0x0000000088800000, 0x0000000088900000|  0%| F|  |TAMS 0x0000000088800000, 0x0000000088800000| Untracked 
| 137|0x0000000088900000, 0x0000000088900000, 0x0000000088a00000|  0%| F|  |TAMS 0x0000000088900000, 0x0000000088900000| Untracked 
| 138|0x0000000088a00000, 0x0000000088a175b8, 0x0000000088b00000|  9%| E|  |TAMS 0x0000000088a00000, 0x0000000088a00000| Complete 
| 139|0x0000000088b00000, 0x0000000088c00000, 0x0000000088c00000|100%| E|CS|TAMS 0x0000000088b00000, 0x0000000088b00000| Complete 
| 140|0x0000000088c00000, 0x0000000088d00000, 0x0000000088d00000|100%| E|CS|TAMS 0x0000000088c00000, 0x0000000088c00000| Complete 
| 141|0x0000000088d00000, 0x0000000088e00000, 0x0000000088e00000|100%| E|CS|TAMS 0x0000000088d00000, 0x0000000088d00000| Complete 
| 142|0x0000000088e00000, 0x0000000088f00000, 0x0000000088f00000|100%| E|CS|TAMS 0x0000000088e00000, 0x0000000088e00000| Complete 
| 143|0x0000000088f00000, 0x0000000089000000, 0x0000000089000000|100%| E|  |TAMS 0x0000000088f00000, 0x0000000088f00000| Complete 
| 144|0x0000000089000000, 0x0000000089100000, 0x0000000089100000|100%| E|CS|TAMS 0x0000000089000000, 0x0000000089000000| Complete 
| 145|0x0000000089100000, 0x0000000089200000, 0x0000000089200000|100%| E|CS|TAMS 0x0000000089100000, 0x0000000089100000| Complete 
| 146|0x0000000089200000, 0x0000000089300000, 0x0000000089300000|100%| E|CS|TAMS 0x0000000089200000, 0x0000000089200000| Complete 
| 147|0x0000000089300000, 0x0000000089400000, 0x0000000089400000|100%| E|CS|TAMS 0x0000000089300000, 0x0000000089300000| Complete 
| 148|0x0000000089400000, 0x0000000089500000, 0x0000000089500000|100%| E|CS|TAMS 0x0000000089400000, 0x0000000089400000| Complete 
| 149|0x0000000089500000, 0x0000000089600000, 0x0000000089600000|100%| E|CS|TAMS 0x0000000089500000, 0x0000000089500000| Complete 
| 150|0x0000000089600000, 0x0000000089700000, 0x0000000089700000|100%| E|CS|TAMS 0x0000000089600000, 0x0000000089600000| Complete 
| 151|0x0000000089700000, 0x0000000089800000, 0x0000000089800000|100%| E|CS|TAMS 0x0000000089700000, 0x0000000089700000| Complete 
| 152|0x0000000089800000, 0x0000000089900000, 0x0000000089900000|100%| E|CS|TAMS 0x0000000089800000, 0x0000000089800000| Complete 
| 153|0x0000000089900000, 0x0000000089a00000, 0x0000000089a00000|100%| E|CS|TAMS 0x0000000089900000, 0x0000000089900000| Complete 
| 154|0x0000000089a00000, 0x0000000089b00000, 0x0000000089b00000|100%| E|CS|TAMS 0x0000000089a00000, 0x0000000089a00000| Complete 
| 155|0x0000000089b00000, 0x0000000089c00000, 0x0000000089c00000|100%| E|CS|TAMS 0x0000000089b00000, 0x0000000089b00000| Complete 
| 156|0x0000000089c00000, 0x0000000089d00000, 0x0000000089d00000|100%| E|CS|TAMS 0x0000000089c00000, 0x0000000089c00000| Complete 
| 157|0x0000000089d00000, 0x0000000089e00000, 0x0000000089e00000|100%| E|CS|TAMS 0x0000000089d00000, 0x0000000089d00000| Complete 
| 158|0x0000000089e00000, 0x0000000089f00000, 0x0000000089f00000|100%| E|CS|TAMS 0x0000000089e00000, 0x0000000089e00000| Complete 
| 159|0x0000000089f00000, 0x000000008a000000, 0x000000008a000000|100%| E|CS|TAMS 0x0000000089f00000, 0x0000000089f00000| Complete 
| 160|0x000000008a000000, 0x000000008a100000, 0x000000008a100000|100%| E|CS|TAMS 0x000000008a000000, 0x000000008a000000| Complete 
| 161|0x000000008a100000, 0x000000008a200000, 0x000000008a200000|100%| E|CS|TAMS 0x000000008a100000, 0x000000008a100000| Complete 
| 162|0x000000008a200000, 0x000000008a300000, 0x000000008a300000|100%| E|CS|TAMS 0x000000008a200000, 0x000000008a200000| Complete 
| 163|0x000000008a300000, 0x000000008a400000, 0x000000008a400000|100%| E|CS|TAMS 0x000000008a300000, 0x000000008a300000| Complete 
| 164|0x000000008a400000, 0x000000008a500000, 0x000000008a500000|100%| E|CS|TAMS 0x000000008a400000, 0x000000008a400000| Complete 
| 165|0x000000008a500000, 0x000000008a600000, 0x000000008a600000|100%| E|CS|TAMS 0x000000008a500000, 0x000000008a500000| Complete 
| 166|0x000000008a600000, 0x000000008a700000, 0x000000008a700000|100%| E|CS|TAMS 0x000000008a600000, 0x000000008a600000| Complete 
| 167|0x000000008a700000, 0x000000008a800000, 0x000000008a800000|100%| E|CS|TAMS 0x000000008a700000, 0x000000008a700000| Complete 
| 168|0x000000008a800000, 0x000000008a900000, 0x000000008a900000|100%| E|CS|TAMS 0x000000008a800000, 0x000000008a800000| Complete 
| 169|0x000000008a900000, 0x000000008aa00000, 0x000000008aa00000|100%| E|CS|TAMS 0x000000008a900000, 0x000000008a900000| Complete 
| 170|0x000000008aa00000, 0x000000008ab00000, 0x000000008ab00000|100%| E|CS|TAMS 0x000000008aa00000, 0x000000008aa00000| Complete 
| 171|0x000000008ab00000, 0x000000008ac00000, 0x000000008ac00000|100%| E|CS|TAMS 0x000000008ab00000, 0x000000008ab00000| Complete 
| 172|0x000000008ac00000, 0x000000008ad00000, 0x000000008ad00000|100%| E|CS|TAMS 0x000000008ac00000, 0x000000008ac00000| Complete 
| 173|0x000000008ad00000, 0x000000008ae00000, 0x000000008ae00000|100%| E|CS|TAMS 0x000000008ad00000, 0x000000008ad00000| Complete 
| 174|0x000000008ae00000, 0x000000008af00000, 0x000000008af00000|100%| E|CS|TAMS 0x000000008ae00000, 0x000000008ae00000| Complete 
| 175|0x000000008af00000, 0x000000008b000000, 0x000000008b000000|100%| E|CS|TAMS 0x000000008af00000, 0x000000008af00000| Complete 
| 176|0x000000008b000000, 0x000000008b100000, 0x000000008b100000|100%| E|CS|TAMS 0x000000008b000000, 0x000000008b000000| Complete 
| 177|0x000000008b100000, 0x000000008b200000, 0x000000008b200000|100%| E|CS|TAMS 0x000000008b100000, 0x000000008b100000| Complete 
| 178|0x000000008b200000, 0x000000008b300000, 0x000000008b300000|100%| E|CS|TAMS 0x000000008b200000, 0x000000008b200000| Complete 
| 179|0x000000008b300000, 0x000000008b400000, 0x000000008b400000|100%| E|CS|TAMS 0x000000008b300000, 0x000000008b300000| Complete 
| 180|0x000000008b400000, 0x000000008b500000, 0x000000008b500000|100%| E|CS|TAMS 0x000000008b400000, 0x000000008b400000| Complete 
| 181|0x000000008b500000, 0x000000008b600000, 0x000000008b600000|100%| E|CS|TAMS 0x000000008b500000, 0x000000008b500000| Complete 
| 182|0x000000008b600000, 0x000000008b700000, 0x000000008b700000|100%| E|CS|TAMS 0x000000008b600000, 0x000000008b600000| Complete 
| 183|0x000000008b700000, 0x000000008b800000, 0x000000008b800000|100%| E|CS|TAMS 0x000000008b700000, 0x000000008b700000| Complete 
| 184|0x000000008b800000, 0x000000008b900000, 0x000000008b900000|100%| E|CS|TAMS 0x000000008b800000, 0x000000008b800000| Complete 
| 185|0x000000008b900000, 0x000000008ba00000, 0x000000008ba00000|100%| E|CS|TAMS 0x000000008b900000, 0x000000008b900000| Complete 
| 186|0x000000008ba00000, 0x000000008bb00000, 0x000000008bb00000|100%| E|CS|TAMS 0x000000008ba00000, 0x000000008ba00000| Complete 
| 187|0x000000008bb00000, 0x000000008bc00000, 0x000000008bc00000|100%| E|CS|TAMS 0x000000008bb00000, 0x000000008bb00000| Complete 
| 188|0x000000008bc00000, 0x000000008bd00000, 0x000000008bd00000|100%| E|CS|TAMS 0x000000008bc00000, 0x000000008bc00000| Complete 
| 189|0x000000008bd00000, 0x000000008be00000, 0x000000008be00000|100%| E|CS|TAMS 0x000000008bd00000, 0x000000008bd00000| Complete 
| 190|0x000000008be00000, 0x000000008bf00000, 0x000000008bf00000|100%| E|CS|TAMS 0x000000008be00000, 0x000000008be00000| Complete 
| 191|0x000000008bf00000, 0x000000008c000000, 0x000000008c000000|100%| E|CS|TAMS 0x000000008bf00000, 0x000000008bf00000| Complete 
| 192|0x000000008c000000, 0x000000008c100000, 0x000000008c100000|100%| E|CS|TAMS 0x000000008c000000, 0x000000008c000000| Complete 
| 193|0x000000008c100000, 0x000000008c200000, 0x000000008c200000|100%| E|CS|TAMS 0x000000008c100000, 0x000000008c100000| Complete 
| 194|0x000000008c200000, 0x000000008c300000, 0x000000008c300000|100%| E|CS|TAMS 0x000000008c200000, 0x000000008c200000| Complete 
| 195|0x000000008c300000, 0x000000008c400000, 0x000000008c400000|100%| E|CS|TAMS 0x000000008c300000, 0x000000008c300000| Complete 
| 196|0x000000008c400000, 0x000000008c500000, 0x000000008c500000|100%| E|CS|TAMS 0x000000008c400000, 0x000000008c400000| Complete 
| 197|0x000000008c500000, 0x000000008c600000, 0x000000008c600000|100%| E|CS|TAMS 0x000000008c500000, 0x000000008c500000| Complete 
| 198|0x000000008c600000, 0x000000008c700000, 0x000000008c700000|100%| E|CS|TAMS 0x000000008c600000, 0x000000008c600000| Complete 
| 199|0x000000008c700000, 0x000000008c800000, 0x000000008c800000|100%| E|CS|TAMS 0x000000008c700000, 0x000000008c700000| Complete 
| 200|0x000000008c800000, 0x000000008c900000, 0x000000008c900000|100%| E|CS|TAMS 0x000000008c800000, 0x000000008c800000| Complete 
| 201|0x000000008c900000, 0x000000008ca00000, 0x000000008ca00000|100%| E|CS|TAMS 0x000000008c900000, 0x000000008c900000| Complete 
| 202|0x000000008ca00000, 0x000000008cb00000, 0x000000008cb00000|100%| E|CS|TAMS 0x000000008ca00000, 0x000000008ca00000| Complete 
| 203|0x000000008cb00000, 0x000000008cc00000, 0x000000008cc00000|100%| E|CS|TAMS 0x000000008cb00000, 0x000000008cb00000| Complete 
| 204|0x000000008cc00000, 0x000000008cd00000, 0x000000008cd00000|100%| E|CS|TAMS 0x000000008cc00000, 0x000000008cc00000| Complete 
| 205|0x000000008cd00000, 0x000000008ce00000, 0x000000008ce00000|100%| E|CS|TAMS 0x000000008cd00000, 0x000000008cd00000| Complete 
| 206|0x000000008ce00000, 0x000000008cf00000, 0x000000008cf00000|100%| E|CS|TAMS 0x000000008ce00000, 0x000000008ce00000| Complete 
| 207|0x000000008cf00000, 0x000000008d000000, 0x000000008d000000|100%| E|CS|TAMS 0x000000008cf00000, 0x000000008cf00000| Complete 
| 208|0x000000008d000000, 0x000000008d100000, 0x000000008d100000|100%| E|CS|TAMS 0x000000008d000000, 0x000000008d000000| Complete 
| 209|0x000000008d100000, 0x000000008d200000, 0x000000008d200000|100%| E|CS|TAMS 0x000000008d100000, 0x000000008d100000| Complete 
| 210|0x000000008d200000, 0x000000008d300000, 0x000000008d300000|100%| E|CS|TAMS 0x000000008d200000, 0x000000008d200000| Complete 
| 211|0x000000008d300000, 0x000000008d400000, 0x000000008d400000|100%| E|CS|TAMS 0x000000008d300000, 0x000000008d300000| Complete 
| 212|0x000000008d400000, 0x000000008d500000, 0x000000008d500000|100%| E|CS|TAMS 0x000000008d400000, 0x000000008d400000| Complete 
| 213|0x000000008d500000, 0x000000008d600000, 0x000000008d600000|100%| E|CS|TAMS 0x000000008d500000, 0x000000008d500000| Complete 
| 214|0x000000008d600000, 0x000000008d700000, 0x000000008d700000|100%| E|CS|TAMS 0x000000008d600000, 0x000000008d600000| Complete 
| 215|0x000000008d700000, 0x000000008d800000, 0x000000008d800000|100%| E|CS|TAMS 0x000000008d700000, 0x000000008d700000| Complete 
| 216|0x000000008d800000, 0x000000008d900000, 0x000000008d900000|100%| E|CS|TAMS 0x000000008d800000, 0x000000008d800000| Complete 
| 217|0x000000008d900000, 0x000000008da00000, 0x000000008da00000|100%| E|CS|TAMS 0x000000008d900000, 0x000000008d900000| Complete 
| 218|0x000000008da00000, 0x000000008db00000, 0x000000008db00000|100%| E|CS|TAMS 0x000000008da00000, 0x000000008da00000| Complete 
| 219|0x000000008db00000, 0x000000008dc00000, 0x000000008dc00000|100%| E|CS|TAMS 0x000000008db00000, 0x000000008db00000| Complete 
| 220|0x000000008dc00000, 0x000000008dd00000, 0x000000008dd00000|100%| E|CS|TAMS 0x000000008dc00000, 0x000000008dc00000| Complete 
| 221|0x000000008dd00000, 0x000000008de00000, 0x000000008de00000|100%| E|CS|TAMS 0x000000008dd00000, 0x000000008dd00000| Complete 

Card table byte_map: [0x000001a94ed80000,0x000001a94f180000] _byte_map_base: 0x000001a94e980000

Marking Bits (Prev, Next): (CMBitMap*) 0x000001a93bea0150, (CMBitMap*) 0x000001a93bea0118
 Prev Bits: [0x000001a951580000, 0x000001a953580000)
 Next Bits: [0x000001a94f580000, 0x000001a951580000)

Polling page: 0x000001a93b640000

Metaspace:

Usage:
  Non-class:     82.95 MB capacity,    81.61 MB ( 98%) used,     1.08 MB (  1%) free+waste,   267.56 KB ( <1%) overhead. 
      Class:     12.80 MB capacity,    11.98 MB ( 94%) used,   721.51 KB (  6%) free+waste,   118.06 KB ( <1%) overhead. 
       Both:     95.75 MB capacity,    93.59 MB ( 98%) used,     1.79 MB (  2%) free+waste,   385.63 KB ( <1%) overhead. 

Virtual space:
  Non-class space:       84.00 MB reserved,      83.17 MB (>99%) committed 
      Class space:        1.00 GB reserved,      12.91 MB (  1%) committed 
             Both:        1.08 GB reserved,      96.08 MB (  9%) committed 

Chunk freelists:
   Non-Class:  37.00 KB
       Class:  13.00 KB
        Both:  50.00 KB

MaxMetaspaceSize: 17179869184.00 GB
CompressedClassSpaceSize: 1.00 GB
Initial GC threshold: 20.80 MB
Current GC threshold: 99.02 MB
CDS: off

CodeHeap 'non-profiled nmethods': size=120064Kb used=7151Kb max_used=7151Kb free=112912Kb
 bounds [0x000001a947440000, 0x000001a947b40000, 0x000001a94e980000]
CodeHeap 'profiled nmethods': size=120000Kb used=26109Kb max_used=26109Kb free=93891Kb
 bounds [0x000001a93ff10000, 0x000001a941890000, 0x000001a947440000]
CodeHeap 'non-nmethods': size=5696Kb used=2397Kb max_used=2449Kb free=3299Kb
 bounds [0x000001a93f980000, 0x000001a93fbf0000, 0x000001a93ff10000]
 total_blobs=12702 nmethods=11777 adapters=837
 compilation: enabled
              stopped_count=0, restarted_count=0
 full_count=0

Compilation events (20 events):
Event: 33.654 Thread 0x000001a955a89800 11829       3       org.gradle.api.internal.tasks.properties.DefaultInputFilePropertySpec::getValue (10 bytes)
Event: 33.654 Thread 0x000001a955a89800 nmethod 11829 0x000001a941889510 code [0x000001a9418896c0, 0x000001a941889888]
Event: 33.654 Thread 0x000001a955a89800 11830       3       org.gradle.api.internal.tasks.execution.TaskExecution$$Lambda$903/0x0000000100b6e440::get$Lambda (9 bytes)
Event: 33.654 Thread 0x000001a955a89800 nmethod 11830 0x000001a941889990 code [0x000001a941889b60, 0x000001a941889db8]
Event: 33.654 Thread 0x000001a955a89800 11831       3       org.gradle.api.internal.tasks.execution.TaskExecution$$Lambda$903/0x0000000100b6e440::<init> (10 bytes)
Event: 33.655 Thread 0x000001a955a89800 nmethod 11831 0x000001a941889e90 code [0x000001a94188a040, 0x000001a94188a1f8]
Event: 33.658 Thread 0x000001a955a89800 11833       2       com.google.common.collect.ImmutableMultimap$1::<init> (39 bytes)
Event: 33.658 Thread 0x000001a955a89800 nmethod 11833 0x000001a94188a290 code [0x000001a94188a460, 0x000001a94188a718]
Event: 33.658 Thread 0x000001a955a89800 11834       3       org.gradle.api.internal.tasks.properties.AbstractValidatingProperty::cleanupValue (1 bytes)
Event: 33.659 Thread 0x000001a955a89800 nmethod 11834 0x000001a94188a810 code [0x000001a94188a9c0, 0x000001a94188aab8]
Event: 33.660 Thread 0x000001a955a89800 11835       3       org.gradle.tooling.internal.provider.runner.OperationDependenciesResolver$$Lambda$901/0x0000000100b6f440::apply (12 bytes)
Event: 33.660 Thread 0x000001a955a89800 nmethod 11835 0x000001a94188ab90 code [0x000001a94188ad60, 0x000001a94188b088]
Event: 33.660 Thread 0x000001a955a89800 11836       3       org.gradle.tooling.internal.provider.runner.OperationDependenciesResolver$$Lambda$902/0x0000000100b6e840::test (8 bytes)
Event: 33.660 Thread 0x000001a955a89800 nmethod 11836 0x000001a94188b190 code [0x000001a94188b360, 0x000001a94188b618]
Event: 33.660 Thread 0x000001a955a89800 11837       3       org.gradle.api.internal.provider.AbstractProperty::implicitFinalizeValue (15 bytes)
Event: 33.661 Thread 0x000001a955a89800 nmethod 11837 0x000001a94188b710 code [0x000001a94188b8e0, 0x000001a94188bb78]
Event: 33.661 Thread 0x000001a955a89800 11838       3       sun.nio.fs.WindowsPath::compareTo (118 bytes)
Event: 33.663 Thread 0x000001a955a89800 nmethod 11838 0x000001a94188bc90 code [0x000001a94188bfe0, 0x000001a94188d4a8]
Event: 33.664 Thread 0x000001a955a89800 11839       3       sun.nio.fs.WindowsPath::equals (30 bytes)
Event: 33.665 Thread 0x000001a955a89800 nmethod 11839 0x000001a94188de90 code [0x000001a94188e060, 0x000001a94188e4e8]

GC Heap History (20 events):
Event: 11.479 GC heap before
{Heap before GC invocations=11 (full 0):
 garbage-first heap   total 157696K, used 100070K [0x0000000080000000, 0x0000000100000000)
  region size 1024K, 79 young (80896K), 8 survivors (8192K)
 Metaspace       used 46376K, capacity 47493K, committed 47696K, reserved 1091584K
  class space    used 5871K, capacity 6297K, committed 6304K, reserved 1048576K
}
Event: 11.499 GC heap after
{Heap after GC invocations=12 (full 0):
 garbage-first heap   total 157696K, used 29863K [0x0000000080000000, 0x0000000100000000)
  region size 1024K, 7 young (7168K), 7 survivors (7168K)
 Metaspace       used 46376K, capacity 47493K, committed 47696K, reserved 1091584K
  class space    used 5871K, capacity 6297K, committed 6304K, reserved 1048576K
}
Event: 13.739 GC heap before
{Heap before GC invocations=12 (full 0):
 garbage-first heap   total 157696K, used 113831K [0x0000000080000000, 0x0000000100000000)
  region size 1024K, 80 young (81920K), 7 survivors (7168K)
 Metaspace       used 50205K, capacity 51506K, committed 51536K, reserved 1093632K
  class space    used 6316K, capacity 6788K, committed 6816K, reserved 1048576K
}
Event: 13.760 GC heap after
{Heap after GC invocations=13 (full 0):
 garbage-first heap   total 157696K, used 48425K [0x0000000080000000, 0x0000000100000000)
  region size 1024K, 10 young (10240K), 10 survivors (10240K)
 Metaspace       used 50205K, capacity 51506K, committed 51536K, reserved 1093632K
  class space    used 6316K, capacity 6788K, committed 6816K, reserved 1048576K
}
Event: 15.512 GC heap before
{Heap before GC invocations=13 (full 0):
 garbage-first heap   total 157696K, used 110889K [0x0000000080000000, 0x0000000100000000)
  region size 1024K, 72 young (73728K), 10 survivors (10240K)
 Metaspace       used 59028K, capacity 60478K, committed 60508K, reserved 1101824K
  class space    used 7432K, capacity 7963K, committed 7968K, reserved 1048576K
}
Event: 15.533 GC heap after
{Heap after GC invocations=14 (full 0):
 garbage-first heap   total 157696K, used 51910K [0x0000000080000000, 0x0000000100000000)
  region size 1024K, 3 young (3072K), 3 survivors (3072K)
 Metaspace       used 59028K, capacity 60478K, committed 60508K, reserved 1101824K
  class space    used 7432K, capacity 7963K, committed 7968K, reserved 1048576K
}
Event: 17.371 GC heap before
{Heap before GC invocations=15 (full 0):
 garbage-first heap   total 157696K, used 122566K [0x0000000080000000, 0x0000000100000000)
  region size 1024K, 66 young (67584K), 3 survivors (3072K)
 Metaspace       used 63942K, capacity 65470K, committed 65744K, reserved 1105920K
  class space    used 8011K, capacity 8615K, committed 8736K, reserved 1048576K
}
Event: 17.390 GC heap after
{Heap after GC invocations=16 (full 0):
 garbage-first heap   total 189440K, used 57519K [0x0000000080000000, 0x0000000100000000)
  region size 1024K, 9 young (9216K), 9 survivors (9216K)
 Metaspace       used 63942K, capacity 65470K, committed 65744K, reserved 1105920K
  class space    used 8011K, capacity 8615K, committed 8736K, reserved 1048576K
}
Event: 19.210 GC heap before
{Heap before GC invocations=16 (full 0):
 garbage-first heap   total 189440K, used 133295K [0x0000000080000000, 0x0000000100000000)
  region size 1024K, 82 young (83968K), 9 survivors (9216K)
 Metaspace       used 68008K, capacity 69550K, committed 69840K, reserved 1110016K
  class space    used 8547K, capacity 9174K, committed 9248K, reserved 1048576K
}
Event: 19.232 GC heap after
{Heap after GC invocations=17 (full 0):
 garbage-first heap   total 189440K, used 62403K [0x0000000080000000, 0x0000000100000000)
  region size 1024K, 5 young (5120K), 5 survivors (5120K)
 Metaspace       used 68008K, capacity 69550K, committed 69840K, reserved 1110016K
  class space    used 8547K, capacity 9174K, committed 9248K, reserved 1048576K
}
Event: 21.262 GC heap before
{Heap before GC invocations=17 (full 0):
 garbage-first heap   total 189440K, used 138179K [0x0000000080000000, 0x0000000100000000)
  region size 1024K, 79 young (80896K), 5 survivors (5120K)
 Metaspace       used 74512K, capacity 76105K, committed 76240K, reserved 1116160K
  class space    used 9542K, capacity 10154K, committed 10272K, reserved 1048576K
}
Event: 21.288 GC heap after
{Heap after GC invocations=18 (full 0):
 garbage-first heap   total 189440K, used 66208K [0x0000000080000000, 0x0000000100000000)
  region size 1024K, 9 young (9216K), 9 survivors (9216K)
 Metaspace       used 74512K, capacity 76105K, committed 76240K, reserved 1116160K
  class space    used 9542K, capacity 10154K, committed 10272K, reserved 1048576K
}
Event: 23.752 GC heap before
{Heap before GC invocations=18 (full 0):
 garbage-first heap   total 189440K, used 141984K [0x0000000080000000, 0x0000000100000000)
  region size 1024K, 83 young (84992K), 9 survivors (9216K)
 Metaspace       used 81878K, capacity 83654K, committed 83920K, reserved 1122304K
  class space    used 10558K, capacity 11232K, committed 11296K, reserved 1048576K
}
Event: 23.779 GC heap after
{Heap after GC invocations=19 (full 0):
 garbage-first heap   total 189440K, used 71194K [0x0000000080000000, 0x0000000100000000)
  region size 1024K, 10 young (10240K), 10 survivors (10240K)
 Metaspace       used 81878K, capacity 83654K, committed 83920K, reserved 1122304K
  class space    used 10558K, capacity 11232K, committed 11296K, reserved 1048576K
}
Event: 26.415 GC heap before
{Heap before GC invocations=19 (full 0):
 garbage-first heap   total 189440K, used 143898K [0x0000000080000000, 0x0000000100000000)
  region size 1024K, 82 young (83968K), 10 survivors (10240K)
 Metaspace       used 85914K, capacity 87935K, committed 88144K, reserved 1126400K
  class space    used 11147K, capacity 11928K, committed 11936K, reserved 1048576K
}
Event: 26.446 GC heap after
{Heap after GC invocations=20 (full 0):
 garbage-first heap   total 227328K, used 76906K [0x0000000080000000, 0x0000000100000000)
  region size 1024K, 11 young (11264K), 11 survivors (11264K)
 Metaspace       used 85914K, capacity 87935K, committed 88144K, reserved 1126400K
  class space    used 11147K, capacity 11928K, committed 11936K, reserved 1048576K
}
Event: 28.980 GC heap before
{Heap before GC invocations=20 (full 0):
 garbage-first heap   total 227328K, used 165994K [0x0000000080000000, 0x0000000100000000)
  region size 1024K, 99 young (101376K), 11 survivors (11264K)
 Metaspace       used 86841K, capacity 88890K, committed 89040K, reserved 1126400K
  class space    used 11201K, capacity 11992K, committed 12064K, reserved 1048576K
}
Event: 29.023 GC heap after
{Heap after GC invocations=21 (full 0):
 garbage-first heap   total 227328K, used 83829K [0x0000000080000000, 0x0000000100000000)
  region size 1024K, 13 young (13312K), 13 survivors (13312K)
 Metaspace       used 86841K, capacity 88890K, committed 89040K, reserved 1126400K
  class space    used 11201K, capacity 11992K, committed 12064K, reserved 1048576K
}
Event: 31.363 GC heap before
{Heap before GC invocations=21 (full 0):
 garbage-first heap   total 227328K, used 178037K [0x0000000080000000, 0x0000000100000000)
  region size 1024K, 106 young (108544K), 13 survivors (13312K)
 Metaspace       used 92722K, capacity 94843K, committed 95184K, reserved 1132544K
  class space    used 11909K, capacity 12705K, committed 12832K, reserved 1048576K
}
Event: 31.396 GC heap after
{Heap after GC invocations=22 (full 0):
 garbage-first heap   total 227328K, used 88413K [0x0000000080000000, 0x0000000100000000)
  region size 1024K, 12 young (12288K), 12 survivors (12288K)
 Metaspace       used 92722K, capacity 94843K, committed 95184K, reserved 1132544K
  class space    used 11909K, capacity 12705K, committed 12832K, reserved 1048576K
}

Deoptimization events (20 events):
Event: 33.127 Thread 0x000001a959925800 DEOPT PACKING pc=0x000001a9411f28f6 sp=0x000000841f2fdd70
Event: 33.127 Thread 0x000001a959925800 DEOPT UNPACKING pc=0x000001a93f9ca95e sp=0x000000841f2fd290 mode 0
Event: 33.145 Thread 0x000001a959925800 Uncommon trap: trap_request=0xffffffde fr.pc=0x000001a9479e9124 relative=0x0000000000000264
Event: 33.145 Thread 0x000001a959925800 Uncommon trap: reason=class_check action=maybe_recompile pc=0x000001a9479e9124 method=java.util.concurrent.ConcurrentHashMap.get(Ljava/lang/Object;)Ljava/lang/Object; @ 93 c2
Event: 33.145 Thread 0x000001a959925800 DEOPT PACKING pc=0x000001a9479e9124 sp=0x000000841f2fdc40
Event: 33.145 Thread 0x000001a959925800 DEOPT UNPACKING pc=0x000001a93f9ca1af sp=0x000000841f2fdb98 mode 2
Event: 33.355 Thread 0x000001a959929000 Uncommon trap: trap_request=0xffffff4d fr.pc=0x000001a94794aab0 relative=0x0000000000000350
Event: 33.355 Thread 0x000001a959929000 Uncommon trap: reason=unstable_if action=reinterpret pc=0x000001a94794aab0 method=java.util.concurrent.ConcurrentHashMap.addCount(JI)V @ 97 c2
Event: 33.355 Thread 0x000001a959929000 DEOPT PACKING pc=0x000001a94794aab0 sp=0x000000841edfdf80
Event: 33.355 Thread 0x000001a959929000 DEOPT UNPACKING pc=0x000001a93f9ca1af sp=0x000000841edfdec0 mode 2
Event: 33.422 Thread 0x000001a957367800 Uncommon trap: trap_request=0xffffffd6 fr.pc=0x000001a947ae61b4 relative=0x0000000000000af4
Event: 33.422 Thread 0x000001a957367800 Uncommon trap: reason=array_check action=maybe_recompile pc=0x000001a947ae61b4 method=com.google.common.collect.RegularImmutableMap.fromEntryArray(I[Ljava/util/Map$Entry;)Lcom/google/common/collect/ImmutableMap; @ 157 c2
Event: 33.422 Thread 0x000001a957367800 DEOPT PACKING pc=0x000001a947ae61b4 sp=0x00000084202fba60
Event: 33.422 Thread 0x000001a957367800 DEOPT UNPACKING pc=0x000001a93f9ca1af sp=0x00000084202fba10 mode 2
Event: 33.448 Thread 0x000001a957367800 DEOPT PACKING pc=0x000001a9414fb6b4 sp=0x00000084202fc350
Event: 33.448 Thread 0x000001a957367800 DEOPT UNPACKING pc=0x000001a93f9ca95e sp=0x00000084202fb760 mode 0
Event: 33.587 Thread 0x000001a957367800 Uncommon trap: trap_request=0xffffff4d fr.pc=0x000001a94752bf44 relative=0x00000000000008e4
Event: 33.588 Thread 0x000001a957367800 Uncommon trap: reason=unstable_if action=reinterpret pc=0x000001a94752bf44 method=java.lang.Integer.stringSize(I)I @ 19 c2
Event: 33.588 Thread 0x000001a957367800 DEOPT PACKING pc=0x000001a94752bf44 sp=0x00000084202f9850
Event: 33.588 Thread 0x000001a957367800 DEOPT UNPACKING pc=0x000001a93f9ca1af sp=0x00000084202f97a8 mode 2

Classes redefined (0 events):
No events

Internal exceptions (20 events):
Event: 25.709 Thread 0x000001a958c73800 Exception <a 'java/lang/NoSuchMethodError'{0x0000000088464420}: 'java.lang.Object java.lang.invoke.DirectMethodHandle$Holder.invokeSpecialIFC(java.lang.Object, java.lang.Object, java.lang.Object)'> (0x0000000088464420) thrown at [./src/hotspot/share/interpreter/linkResolver.cpp, line 773]
Event: 25.709 Thread 0x000001a957367800 Exception <a 'java/lang/NoSuchMethodError'{0x00000000884277b0}: 'java.lang.Object java.lang.invoke.DirectMethodHandle$Holder.invokeSpecialIFC(java.lang.Object, java.lang.Object, java.lang.Object)'> (0x00000000884277b0) thrown at [./src/hotspot/share/interpreter/linkResolver.cpp, line 773]
Event: 26.143 Thread 0x000001a958c76000 Exception <a 'java/lang/NoSuchMethodError'{0x0000000087ae6220}: 'void java.lang.invoke.DirectMethodHandle$Holder.invokeVirtual(java.lang.Object, java.lang.Object)'> (0x0000000087ae6220) thrown at [./src/hotspot/share/interpreter/linkResolver.cpp, line 773]
Event: 27.481 Thread 0x000001a957367800 Exception <a 'java/lang/NoSuchMethodError'{0x000000008b47ac80}: 'void java.lang.invoke.DirectMethodHandle$Holder.invokeInterface(java.lang.Object, java.lang.Object, java.lang.Object, java.lang.Object)'> (0x000000008b47ac80) thrown at [./src/hotspot/share/interpreter/linkResolver.cpp, line 773]
Event: 28.164 Thread 0x000001a957367800 Exception <a 'java/lang/NoSuchMethodError'{0x0000000089ff7b60}: <clinit>> (0x0000000089ff7b60) thrown at [./src/hotspot/share/prims/jni.cpp, line 1366]
Event: 28.164 Thread 0x000001a957367800 Exception <a 'java/lang/NoSuchMethodError'{0x0000000089ff9410}: <clinit>> (0x0000000089ff9410) thrown at [./src/hotspot/share/prims/jni.cpp, line 1366]
Event: 28.165 Thread 0x000001a957367800 Exception <a 'java/lang/NoSuchMethodError'{0x0000000089ffc2b8}: <clinit>> (0x0000000089ffc2b8) thrown at [./src/hotspot/share/prims/jni.cpp, line 1366]
Event: 28.168 Thread 0x000001a957367800 Exception <a 'java/lang/NoSuchMethodError'{0x0000000089e16d80}: <clinit>> (0x0000000089e16d80) thrown at [./src/hotspot/share/prims/jni.cpp, line 1366]
Event: 28.168 Thread 0x000001a957367800 Exception <a 'java/lang/NoSuchMethodError'{0x0000000089e18260}: <clinit>> (0x0000000089e18260) thrown at [./src/hotspot/share/prims/jni.cpp, line 1366]
Event: 31.570 Thread 0x000001a9606f4000 Implicit null exception at 0x000001a947651c2c to 0x000001a947651c6b
Event: 31.909 Thread 0x000001a9606f4000 Implicit null exception at 0x000001a9477bd094 to 0x000001a9477bd684
Event: 32.041 Thread 0x000001a9606f4000 Exception <a 'java/lang/NoSuchMethodError'{0x000000008c9f3ff0}: <clinit>> (0x000000008c9f3ff0) thrown at [./src/hotspot/share/prims/jni.cpp, line 1366]
Event: 32.043 Thread 0x000001a9606f4000 Exception <a 'java/lang/NoSuchMethodError'{0x000000008c817ee0}: <clinit>> (0x000000008c817ee0) thrown at [./src/hotspot/share/prims/jni.cpp, line 1366]
Event: 32.043 Thread 0x000001a9606f4000 Exception <a 'java/lang/NoSuchMethodError'{0x000000008c819758}: <clinit>> (0x000000008c819758) thrown at [./src/hotspot/share/prims/jni.cpp, line 1366]
Event: 32.049 Thread 0x000001a9606f4000 Exception <a 'java/lang/NoSuchMethodError'{0x000000008c86fe70}: <clinit>> (0x000000008c86fe70) thrown at [./src/hotspot/share/prims/jni.cpp, line 1366]
Event: 32.843 Thread 0x000001a9606f2800 Exception <a 'java/lang/NoSuchMethodError'{0x000000008a30d570}: 'void java.lang.invoke.DirectMethodHandle$Holder.invokeStatic(java.lang.Object, long)'> (0x000000008a30d570) thrown at [./src/hotspot/share/interpreter/linkResolver.cpp, line 773]
Event: 32.845 Thread 0x000001a9606f2800 Exception <a 'java/lang/NoSuchMethodError'{0x000000008a312a30}: 'java.lang.Object java.lang.invoke.DirectMethodHandle$Holder.invokeStatic(java.lang.Object, long)'> (0x000000008a312a30) thrown at [./src/hotspot/share/interpreter/linkResolver.cpp, line 773]
Event: 32.850 Thread 0x000001a9606f2800 Exception <a 'java/lang/NoSuchMethodError'{0x000000008a321c68}: 'java.lang.Object java.lang.invoke.DirectMethodHandle$Holder.invokeStaticInit(java.lang.Object, java.lang.Object, long, java.lang.Object)'> (0x000000008a321c68) thrown at [./src/hotspot/share/interpreter/linkResolver.cpp, line 773]
Event: 32.860 Thread 0x000001a9606f2800 Exception <a 'java/lang/NoSuchMethodError'{0x000000008a328060}: 'java.lang.Object java.lang.invoke.DirectMethodHandle$Holder.invokeStatic(java.lang.Object, java.lang.Object, long)'> (0x000000008a328060) thrown at [./src/hotspot/share/interpreter/linkResolver.cpp, line 773]
Event: 32.862 Thread 0x000001a9606f2800 Exception <a 'java/lang/NoSuchMethodError'{0x000000008a32e820}: 'java.lang.Object java.lang.invoke.Invokers$Holder.linkToTargetMethod(java.lang.Object, long, java.lang.Object)'> (0x000000008a32e820) thrown at [./src/hotspot/share/interpreter/linkResolver.cpp, line 773]

Events (20 events):
Event: 33.653 Executing VM operation: RevokeBias
Event: 33.653 Executing VM operation: RevokeBias done
Event: 33.653 Executing VM operation: RevokeBias
Event: 33.653 Executing VM operation: RevokeBias done
Event: 33.653 Executing VM operation: RevokeBias
Event: 33.653 Executing VM operation: RevokeBias done
Event: 33.653 Executing VM operation: RevokeBias
Event: 33.653 Executing VM operation: RevokeBias done
Event: 33.653 Executing VM operation: RevokeBias
Event: 33.654 Executing VM operation: RevokeBias done
Event: 33.654 loading class java/nio/file/FileTreeIterator
Event: 33.658 loading class java/nio/file/FileTreeIterator done
Event: 33.659 loading class com/android/builder/dexing/DexUtilsKt$getSortedFilesInDir$2$1
Event: 33.659 loading class com/android/builder/dexing/DexUtilsKt$getSortedFilesInDir$2$1 done
Event: 33.659 loading class kotlin/streams/jdk8/StreamsKt
Event: 33.659 loading class kotlin/streams/jdk8/StreamsKt done
Event: 33.660 loading class kotlin/streams/jdk8/StreamsKt
Event: 33.660 loading class kotlin/streams/jdk8/StreamsKt done
Event: 33.662 loading class com/android/builder/dexing/DexUtilsKt$getSortedFilesInDir$2$2
Event: 33.662 loading class com/android/builder/dexing/DexUtilsKt$getSortedFilesInDir$2$2 done


Dynamic libraries:
0x00007ff612a10000 - 0x00007ff612a1a000 	C:\Program Files\Android\Android Studio\jre\bin\java.exe
0x00007ff85a720000 - 0x00007ff85a929000 	C:\Windows\SYSTEM32\ntdll.dll
0x00007ff85a330000 - 0x00007ff85a3ee000 	C:\Windows\System32\KERNEL32.DLL
0x00007ff857ff0000 - 0x00007ff85836b000 	C:\Windows\System32\KERNELBASE.dll
0x00007ff857c60000 - 0x00007ff857d71000 	C:\Windows\System32\ucrtbase.dll
0x00007ff848d20000 - 0x00007ff848d39000 	C:\Program Files\Android\Android Studio\jre\bin\jli.dll
0x00007ff85a530000 - 0x00007ff85a6dd000 	C:\Windows\System32\USER32.dll
0x00007ff857fc0000 - 0x00007ff857fe6000 	C:\Windows\System32\win32u.dll
0x00007ff858da0000 - 0x00007ff858dc9000 	C:\Windows\System32\GDI32.dll
0x00007ff857d80000 - 0x00007ff857e98000 	C:\Windows\System32\gdi32full.dll
0x00007ff848d00000 - 0x00007ff848d17000 	C:\Program Files\Android\Android Studio\jre\bin\VCRUNTIME140.dll
0x00007ff842350000 - 0x00007ff8425f5000 	C:\Windows\WinSxS\amd64_microsoft.windows.common-controls_6595b64144ccf1df_6.0.22000.120_none_9d947278b86cc467\COMCTL32.dll
0x00007ff85a480000 - 0x00007ff85a523000 	C:\Windows\System32\msvcrt.dll
0x00007ff857f20000 - 0x00007ff857fbd000 	C:\Windows\System32\msvcp_win.dll
0x00007ff85a0b0000 - 0x00007ff85a0e2000 	C:\Windows\System32\IMM32.DLL
0x00007ff823da0000 - 0x00007ff823e3d000 	C:\Program Files\Android\Android Studio\jre\bin\msvcp140.dll
0x00007ff81b010000 - 0x00007ff81bb12000 	C:\Program Files\Android\Android Studio\jre\bin\server\jvm.dll
0x00007ff85a000000 - 0x00007ff85a0ae000 	C:\Windows\System32\ADVAPI32.dll
0x00007ff858850000 - 0x00007ff8588ee000 	C:\Windows\System32\sechost.dll
0x00007ff858c80000 - 0x00007ff858da0000 	C:\Windows\System32\RPCRT4.dll
0x00007ff858690000 - 0x00007ff858698000 	C:\Windows\System32\PSAPI.DLL
0x00007ff853d70000 - 0x00007ff853d79000 	C:\Windows\SYSTEM32\WSOCK32.dll
0x00007ff8597a0000 - 0x00007ff85980f000 	C:\Windows\System32\WS2_32.dll
0x00007ff8501d0000 - 0x00007ff850203000 	C:\Windows\SYSTEM32\WINMM.dll
0x00007ff84ac80000 - 0x00007ff84ac8a000 	C:\Windows\SYSTEM32\VERSION.dll
0x00007ff856d60000 - 0x00007ff856d78000 	C:\Windows\SYSTEM32\kernel.appcore.dll
0x00007ff849e40000 - 0x00007ff849e51000 	C:\Program Files\Android\Android Studio\jre\bin\verify.dll
0x00007ff855770000 - 0x00007ff855991000 	C:\Windows\SYSTEM32\DBGHELP.DLL
0x00007ff848f30000 - 0x00007ff848f61000 	C:\Windows\SYSTEM32\dbgcore.DLL
0x00007ff857ea0000 - 0x00007ff857f1f000 	C:\Windows\System32\bcryptPrimitives.dll
0x00007ff848f00000 - 0x00007ff848f29000 	C:\Program Files\Android\Android Studio\jre\bin\java.dll
0x00007ff851c40000 - 0x00007ff851c4b000 	C:\Program Files\Android\Android Studio\jre\bin\jimage.dll
0x00007ff8497a0000 - 0x00007ff8497b8000 	C:\Program Files\Android\Android Studio\jre\bin\zip.dll
0x00007ff858dd0000 - 0x00007ff859587000 	C:\Windows\System32\SHELL32.dll
0x00007ff855c20000 - 0x00007ff856485000 	C:\Windows\SYSTEM32\windows.storage.dll
0x00007ff858900000 - 0x00007ff858c78000 	C:\Windows\System32\combase.dll
0x00007ff8559a0000 - 0x00007ff855b06000 	C:\Windows\SYSTEM32\wintypes.dll
0x00007ff858760000 - 0x00007ff85884a000 	C:\Windows\System32\SHCORE.dll
0x00007ff859810000 - 0x00007ff85986d000 	C:\Windows\System32\shlwapi.dll
0x00007ff857b20000 - 0x00007ff857b41000 	C:\Windows\SYSTEM32\profapi.dll
0x00007ff848930000 - 0x00007ff84894a000 	C:\Program Files\Android\Android Studio\jre\bin\net.dll
0x00007ff84fbc0000 - 0x00007ff84fcd4000 	C:\Windows\SYSTEM32\WINHTTP.dll
0x00007ff857200000 - 0x00007ff857267000 	C:\Windows\system32\mswsock.dll
0x00007ff8488d0000 - 0x00007ff8488e4000 	C:\Program Files\Android\Android Studio\jre\bin\nio.dll
0x00007ff8456b0000 - 0x00007ff8456d7000 	C:\Users\Administrator\.gradle\native\e1d6ef7f7dcc3fd88c89a11ec53ec762bb8ba0a96d01ffa2cd45eb1d1d8dd5c5\windows-amd64\native-platform.dll
0x00007ff820fb0000 - 0x00007ff8210f4000 	C:\Users\Administrator\.gradle\native\0d407fdbe67a94daf76414ababcb853783967236a71b16ec16e742cd7a986fd3\windows-amd64\native-platform-file-events.dll
0x00007ff850c90000 - 0x00007ff850c9a000 	C:\Program Files\Android\Android Studio\jre\bin\management.dll
0x00007ff850740000 - 0x00007ff85074d000 	C:\Program Files\Android\Android Studio\jre\bin\management_ext.dll
0x00007ff857450000 - 0x00007ff857468000 	C:\Windows\SYSTEM32\CRYPTSP.dll
0x00007ff856cc0000 - 0x00007ff856cf5000 	C:\Windows\system32\rsaenh.dll
0x00007ff8572f0000 - 0x00007ff857319000 	C:\Windows\SYSTEM32\USERENV.dll
0x00007ff8575d0000 - 0x00007ff8575f7000 	C:\Windows\SYSTEM32\bcrypt.dll
0x00007ff857440000 - 0x00007ff85744c000 	C:\Windows\SYSTEM32\CRYPTBASE.dll
0x00007ff856890000 - 0x00007ff8568bd000 	C:\Windows\SYSTEM32\IPHLPAPI.DLL
0x00007ff859590000 - 0x00007ff859599000 	C:\Windows\System32\NSI.dll
0x00007ff84f380000 - 0x00007ff84f399000 	C:\Windows\SYSTEM32\dhcpcsvc6.DLL
0x00007ff850590000 - 0x00007ff8505ae000 	C:\Windows\SYSTEM32\dhcpcsvc.DLL
0x00007ff8568c0000 - 0x00007ff8569a8000 	C:\Windows\SYSTEM32\DNSAPI.dll
0x00007ff846910000 - 0x00007ff84692e000 	C:\Users\Administrator\AppData\Local\Temp\native-platform14971174866583830543dir\native-platform.dll

dbghelp: loaded successfully - version: 4.0.5 - missing functions: none
symbol engine: initialized successfully - sym options: 0x614 - pdb path: .;C:\Program Files\Android\Android Studio\jre\bin;C:\Windows\SYSTEM32;C:\Windows\WinSxS\amd64_microsoft.windows.common-controls_6595b64144ccf1df_6.0.22000.120_none_9d947278b86cc467;C:\Program Files\Android\Android Studio\jre\bin\server;C:\Users\Administrator\.gradle\native\e1d6ef7f7dcc3fd88c89a11ec53ec762bb8ba0a96d01ffa2cd45eb1d1d8dd5c5\windows-amd64;C:\Users\Administrator\.gradle\native\0d407fdbe67a94daf76414ababcb853783967236a71b16ec16e742cd7a986fd3\windows-amd64;C:\Users\Administrator\AppData\Local\Temp\native-platform14971174866583830543dir

VM Arguments:
jvm_args: --add-opens=java.base/java.util=ALL-UNNAMED --add-opens=java.base/java.lang=ALL-UNNAMED --add-opens=java.base/java.lang.invoke=ALL-UNNAMED --add-opens=java.base/java.util=ALL-UNNAMED --add-opens=java.prefs/java.util.prefs=ALL-UNNAMED --add-opens=java.prefs/java.util.prefs=ALL-UNNAMED --add-opens=java.base/java.nio.charset=ALL-UNNAMED --add-opens=java.base/java.net=ALL-UNNAMED --add-opens=java.base/java.util.concurrent.atomic=ALL-UNNAMED -Xmx2048m -Dfile.encoding=UTF-8 -Duser.country=US -Duser.language=en -Duser.variant 
java_command: org.gradle.launcher.daemon.bootstrap.GradleDaemon 7.4
java_class_path (initial): C:\Users\Administrator\.gradle\wrapper\dists\gradle-7.4-bin\c0gwcg53nkjbqw7r0h0umtfvt\gradle-7.4\lib\gradle-launcher-7.4.jar
Launcher Type: SUN_STANDARD

[Global flags]
     intx CICompilerCount                          = 3                                         {product} {ergonomic}
     uint ConcGCThreads                            = 1                                         {product} {ergonomic}
     uint G1ConcRefinementThreads                  = 4                                         {product} {ergonomic}
   size_t G1HeapRegionSize                         = 1048576                                   {product} {ergonomic}
    uintx GCDrainStackTargetSize                   = 64                                        {product} {ergonomic}
   size_t InitialHeapSize                          = 134217728                                 {product} {ergonomic}
   size_t MarkStackSize                            = 4194304                                   {product} {ergonomic}
   size_t MaxHeapSize                              = 2147483648                                {product} {command line}
   size_t MaxNewSize                               = 1287651328                                {product} {ergonomic}
   size_t MinHeapDeltaBytes                        = 1048576                                   {product} {ergonomic}
    uintx NonNMethodCodeHeapSize                   = 5830732                                {pd product} {ergonomic}
    uintx NonProfiledCodeHeapSize                  = 122913754                              {pd product} {ergonomic}
    uintx ProfiledCodeHeapSize                     = 122913754                              {pd product} {ergonomic}
    uintx ReservedCodeCacheSize                    = 251658240                              {pd product} {ergonomic}
     bool SegmentedCodeCache                       = true                                      {product} {ergonomic}
     bool UseCompressedClassPointers               = true                                 {lp64_product} {ergonomic}
     bool UseCompressedOops                        = true                                 {lp64_product} {ergonomic}
     bool UseG1GC                                  = true                                      {product} {ergonomic}
     bool UseLargePagesIndividualAllocation        = false                                  {pd product} {ergonomic}

Logging:
Log output configuration:
 #0: stdout all=warning uptime,level,tags
 #1: stderr all=off uptime,level,tags

Environment Variables:
PATH=C:\Program Files (x86)\Common Files\Oracle\Java\javapath;C:\Windows\system32;C:\Windows;C:\Windows\System32\Wbem;C:\Windows\System32\WindowsPowerShell\v1.0\;C:\Windows\System32\OpenSSH\;C:\Program Files\Git\cmd;C:\xampp\php;C:\ProgramData\ComposerSetup\bin;C:\Program Files (x86)\NVIDIA Corporation\PhysX\Common;C:\Program Files\NVIDIA Corporation\NVIDIA NvDLISR;C:\Program Files\nodejs\;C:\Program Files\dotnet\;C:\Users\Administrator\AppData\Local\Microsoft\WindowsApps;C:\Users\Administrator\AppData\Local\Programs\Microsoft VS Code\bin;C:\Users\Administrator\AppData\Roaming\Composer\vendor\bin;D:\xampp\php\php.exe;C:\Users\Administrator\AppData\Roaming\npm;C:\Program Files\Java\jdk-19.0.1\bin;
USERNAME=Administrator
OS=Windows_NT
PROCESSOR_IDENTIFIER=Intel64 Family 6 Model 142 Stepping 9, GenuineIntel



---------------  S Y S T E M  ---------------

OS: Windows 11 , 64 bit Build 22000 (10.0.22000.1335)
OS uptime: 2 days 2:15 hours

CPU:total 4 (initial active 4) (2 cores per cpu, 2 threads per core) family 6 model 142 stepping 9 microcode 0xde, cmov, cx8, fxsr, mmx, sse, sse2, sse3, ssse3, sse4.1, sse4.2, popcnt, avx, avx2, aes, clmul, erms, 3dnowpref, lzcnt, ht, tsc, tscinvbit, bmi1, bmi2, adx, fma

Memory: 4k page, system-wide physical 8073M (602M free)
TotalPageFile size 8073M (AvailPageFile size 5M)
current process WorkingSet (physical memory assigned to process): 500M, peak: 503M
current process commit charge ("private bytes"): 530M, peak: 532M

vm_info: OpenJDK 64-Bit Server VM (11.0.13+0-b1751.21-8125866) for windows-amd64 JRE (11.0.13+0-b1751.21-8125866), built on Feb  2 2022 03:00:22 by "builder" with MS VC++ 14.0 (VS2015)

END.
