#
# There is insufficient memory for the Java Runtime Environment to continue.
# Native memory allocation (malloc) failed to allocate 2136976 bytes for Chunk::new
# Possible reasons:
#   The system is out of physical RAM or swap space
#   The process is running with CompressedOops enabled, and the Java Heap may be blocking the growth of the native heap
# Possible solutions:
#   Reduce memory load on the system
#   Increase physical memory or swap space
#   Check if swap backing store is full
#   Decrease Java heap size (-Xmx/-Xms)
#   Decrease number of Java threads
#   Decrease Java thread stack sizes (-Xss)
#   Set larger code cache with -XX:ReservedCodeCacheSize=
#   JVM is running with Unscaled Compressed Oops mode in which the Java heap is
#     placed in the first 4GB address space. The Java Heap base address is the
#     maximum limit for the native heap growth. Please use -XX:HeapBaseMinAddress
#     to set the Java Heap base and to place the Java Heap above 4GB virtual address.
# This output file may be truncated or incomplete.
#
#  Out of Memory Error (./src/hotspot/share/memory/arena.cpp:197), pid=8780, tid=12880
#
# JRE version: OpenJDK Runtime Environment (11.0.13) (build 11.0.13+0-b1751.21-8125866)
# Java VM: OpenJDK 64-Bit Server VM (11.0.13+0-b1751.21-8125866, mixed mode, tiered, compressed oops, g1 gc, windows-amd64)
# No core dump will be written. Minidumps are not enabled by default on client versions of Windows
#

---------------  S U M M A R Y ------------

Command Line: org.jetbrains.kotlin.cli.jvm.K2JVMCompiler @D:\SETIK\findbarber\app\build\20230106_14338723543869831763.compiler.options

Host: Intel(R) Core(TM) i3-7020U CPU @ 2.30GHz, 4 cores, 7G,  Windows 11 , 64 bit Build 22000 (10.0.22000.1335)
Time: Fri Jan  6 20:49:41 2023 SE Asia Standard Time elapsed time: 9.792751 seconds (0d 0h 0m 9s)

---------------  T H R E A D  ---------------

Current thread (0x00000290234f0800):  JavaThread "C2 CompilerThread1" daemon [_thread_in_native, id=12880, stack(0x000000ce7f600000,0x000000ce7f700000)]


Current CompileTask:
C2:   9792 7529   !   4       org.jetbrains.kotlin.metadata.ProtoBuf$Function::<init> (1410 bytes)

Stack: [0x000000ce7f600000,0x000000ce7f700000]
Native frames: (J=compiled Java code, j=interpreted, Vv=VM code, C=native code)
V  [jvm.dll+0x6100fa]
V  [jvm.dll+0x747090]
V  [jvm.dll+0x7486ad]
V  [jvm.dll+0x748d83]
V  [jvm.dll+0x24ab48]
V  [jvm.dll+0xc04dc]
V  [jvm.dll+0xc0a0c]
V  [jvm.dll+0x35eb5b]
V  [jvm.dll+0x32b833]
V  [jvm.dll+0x32ad2a]
V  [jvm.dll+0x2032b2]
V  [jvm.dll+0x202437]
V  [jvm.dll+0x188e01]
V  [jvm.dll+0x21106b]
V  [jvm.dll+0x20f8c1]
V  [jvm.dll+0x70de0f]
V  [jvm.dll+0x706a75]
V  [jvm.dll+0x60ed66]
C  [ucrtbase.dll+0x26c0c]
C  [KERNEL32.DLL+0x155a0]
C  [ntdll.dll+0x485b]


---------------  P R O C E S S  ---------------

Threads class SMR info:
_java_thread_list=0x000002902860e7c0, length=11, elements={
0x0000029006e2e000, 0x0000029022a17000, 0x0000029022a18800, 0x0000029022a3c000,
0x0000029022a3d000, 0x0000029022a3e000, 0x0000029022a40000, 0x0000029022a4c800,
0x0000029022a4f800, 0x00000290234fb000, 0x00000290234f0800
}

Java Threads: ( => current thread )
  0x0000029006e2e000 JavaThread "main" [_thread_in_vm, id=14436, stack(0x000000ce7e500000,0x000000ce7e600000)]
  0x0000029022a17000 JavaThread "Reference Handler" daemon [_thread_blocked, id=3420, stack(0x000000ce7ec00000,0x000000ce7ed00000)]
  0x0000029022a18800 JavaThread "Finalizer" daemon [_thread_blocked, id=13336, stack(0x000000ce7ed00000,0x000000ce7ee00000)]
  0x0000029022a3c000 JavaThread "Signal Dispatcher" daemon [_thread_blocked, id=13964, stack(0x000000ce7ee00000,0x000000ce7ef00000)]
  0x0000029022a3d000 JavaThread "Attach Listener" daemon [_thread_blocked, id=4332, stack(0x000000ce7ef00000,0x000000ce7f000000)]
  0x0000029022a3e000 JavaThread "Service Thread" daemon [_thread_blocked, id=6380, stack(0x000000ce7f000000,0x000000ce7f100000)]
  0x0000029022a40000 JavaThread "C2 CompilerThread0" daemon [_thread_in_native, id=2680, stack(0x000000ce7f100000,0x000000ce7f200000)]
  0x0000029022a4c800 JavaThread "C1 CompilerThread0" daemon [_thread_blocked, id=10540, stack(0x000000ce7f200000,0x000000ce7f300000)]
  0x0000029022a4f800 JavaThread "Sweeper thread" daemon [_thread_blocked, id=5268, stack(0x000000ce7f300000,0x000000ce7f400000)]
  0x00000290234fb000 JavaThread "Common-Cleaner" daemon [_thread_blocked, id=3120, stack(0x000000ce7f500000,0x000000ce7f600000)]
=>0x00000290234f0800 JavaThread "C2 CompilerThread1" daemon [_thread_in_native, id=12880, stack(0x000000ce7f600000,0x000000ce7f700000)]

Other Threads:
  0x0000029022a15000 VMThread "VM Thread" [stack: 0x000000ce7eb00000,0x000000ce7ec00000] [id=13816]
  0x00000290234ed800 WatcherThread [stack: 0x000000ce7f400000,0x000000ce7f500000] [id=10036]
  0x0000029008f04800 GCTaskThread "GC Thread#0" [stack: 0x000000ce7e600000,0x000000ce7e700000] [id=8988]
  0x0000029023971800 GCTaskThread "GC Thread#1" [stack: 0x000000ce7f700000,0x000000ce7f800000] [id=5580]
  0x0000029023972000 GCTaskThread "GC Thread#2" [stack: 0x000000ce7f800000,0x000000ce7f900000] [id=13768]
  0x000002902456a000 GCTaskThread "GC Thread#3" [stack: 0x000000ce7fb00000,0x000000ce7fc00000] [id=12932]
  0x0000029008f35000 ConcurrentGCThread "G1 Main Marker" [stack: 0x000000ce7e700000,0x000000ce7e800000] [id=1716]
  0x0000029008f37000 ConcurrentGCThread "G1 Conc#0" [stack: 0x000000ce7e800000,0x000000ce7e900000] [id=14052]
  0x0000029008fca800 ConcurrentGCThread "G1 Refine#0" [stack: 0x000000ce7e900000,0x000000ce7ea00000] [id=13936]
  0x000002902352a800 ConcurrentGCThread "G1 Refine#1" [stack: 0x000000ce7f900000,0x000000ce7fa00000] [id=9984]
  0x000002902352b000 ConcurrentGCThread "G1 Refine#2" [stack: 0x000000ce7fa00000,0x000000ce7fb00000] [id=9032]
  0x0000029008fcd800 ConcurrentGCThread "G1 Young RemSet Sampling" [stack: 0x000000ce7ea00000,0x000000ce7eb00000] [id=14160]

Threads with active compile tasks:
C2 CompilerThread0   9825 7573       4       org.jetbrains.org.objectweb.asm.ClassReader::readMethod (1061 bytes)
C2 CompilerThread1   9825 7529   !   4       org.jetbrains.kotlin.metadata.ProtoBuf$Function::<init> (1410 bytes)

VM state:not at safepoint (normal execution)

VM Mutex/Monitor currently owned by a thread: None

Heap address: 0x0000000081c00000, size: 2020 MB, Compressed Oops mode: 32-bit
Narrow klass base: 0x0000000000000000, Narrow klass shift: 3
Compressed class space size: 1073741824 Address: 0x0000000100000000

Heap:
 garbage-first heap   total 198656K, used 55417K [0x0000000081c00000, 0x0000000100000000)
  region size 1024K, 4 young (4096K), 3 survivors (3072K)
 Metaspace       used 62403K, capacity 63094K, committed 63476K, reserved 1114112K
  class space    used 6908K, capacity 7197K, committed 7296K, reserved 1048576K
Heap Regions: E=young(eden), S=young(survivor), O=old, HS=humongous(starts), HC=humongous(continues), CS=collection set, F=free, A=archive, TAMS=top-at-mark-start (previous, next)
|   0|0x0000000081c00000, 0x0000000081d00000, 0x0000000081d00000|100%|HS|  |TAMS 0x0000000081d00000, 0x0000000081d00000| Complete 
|   1|0x0000000081d00000, 0x0000000081e00000, 0x0000000081e00000|100%|HC|  |TAMS 0x0000000081e00000, 0x0000000081e00000| Complete 
|   2|0x0000000081e00000, 0x0000000081f00000, 0x0000000081f00000|100%|HC|  |TAMS 0x0000000081f00000, 0x0000000081f00000| Complete 
|   3|0x0000000081f00000, 0x0000000082000000, 0x0000000082000000|100%|HC|  |TAMS 0x0000000082000000, 0x0000000082000000| Complete 
|   4|0x0000000082000000, 0x0000000082100000, 0x0000000082100000|100%| O|  |TAMS 0x0000000082100000, 0x0000000082100000| Untracked 
|   5|0x0000000082100000, 0x0000000082200000, 0x0000000082200000|100%| O|  |TAMS 0x0000000082200000, 0x0000000082200000| Untracked 
|   6|0x0000000082200000, 0x0000000082300000, 0x0000000082300000|100%|HS|  |TAMS 0x0000000082300000, 0x0000000082300000| Complete 
|   7|0x0000000082300000, 0x0000000082400000, 0x0000000082400000|100%|HC|  |TAMS 0x0000000082400000, 0x0000000082400000| Complete 
|   8|0x0000000082400000, 0x0000000082500000, 0x0000000082500000|100%|HC|  |TAMS 0x0000000082500000, 0x0000000082500000| Complete 
|   9|0x0000000082500000, 0x0000000082600000, 0x0000000082600000|100%|HC|  |TAMS 0x0000000082600000, 0x0000000082600000| Complete 
|  10|0x0000000082600000, 0x0000000082700000, 0x0000000082700000|100%| O|  |TAMS 0x0000000082700000, 0x0000000082700000| Untracked 
|  11|0x0000000082700000, 0x0000000082800000, 0x0000000082800000|100%| O|  |TAMS 0x0000000082800000, 0x0000000082800000| Untracked 
|  12|0x0000000082800000, 0x0000000082900000, 0x0000000082900000|100%| O|  |TAMS 0x0000000082900000, 0x0000000082900000| Untracked 
|  13|0x0000000082900000, 0x0000000082a00000, 0x0000000082a00000|100%| O|  |TAMS 0x0000000082a00000, 0x0000000082a00000| Untracked 
|  14|0x0000000082a00000, 0x0000000082b00000, 0x0000000082b00000|100%| O|  |TAMS 0x0000000082b00000, 0x0000000082b00000| Untracked 
|  15|0x0000000082b00000, 0x0000000082c00000, 0x0000000082c00000|100%| O|  |TAMS 0x0000000082c00000, 0x0000000082c00000| Untracked 
|  16|0x0000000082c00000, 0x0000000082d00000, 0x0000000082d00000|100%| O|  |TAMS 0x0000000082d00000, 0x0000000082d00000| Untracked 
|  17|0x0000000082d00000, 0x0000000082e00000, 0x0000000082e00000|100%| O|  |TAMS 0x0000000082e00000, 0x0000000082e00000| Untracked 
|  18|0x0000000082e00000, 0x0000000082f00000, 0x0000000082f00000|100%| O|  |TAMS 0x0000000082f00000, 0x0000000082f00000| Untracked 
|  19|0x0000000082f00000, 0x0000000083000000, 0x0000000083000000|100%| O|  |TAMS 0x0000000083000000, 0x0000000083000000| Untracked 
|  20|0x0000000083000000, 0x0000000083100000, 0x0000000083100000|100%| O|  |TAMS 0x0000000083100000, 0x0000000083100000| Untracked 
|  21|0x0000000083100000, 0x0000000083200000, 0x0000000083200000|100%| O|  |TAMS 0x0000000083200000, 0x0000000083200000| Untracked 
|  22|0x0000000083200000, 0x0000000083300000, 0x0000000083300000|100%| O|  |TAMS 0x0000000083300000, 0x0000000083300000| Untracked 
|  23|0x0000000083300000, 0x0000000083400000, 0x0000000083400000|100%|HS|  |TAMS 0x0000000083400000, 0x0000000083400000| Complete 
|  24|0x0000000083400000, 0x0000000083500000, 0x0000000083500000|100%|HC|  |TAMS 0x0000000083500000, 0x0000000083500000| Complete 
|  25|0x0000000083500000, 0x0000000083600000, 0x0000000083600000|100%| O|  |TAMS 0x0000000083600000, 0x0000000083600000| Untracked 
|  26|0x0000000083600000, 0x0000000083700000, 0x0000000083700000|100%| O|  |TAMS 0x0000000083700000, 0x0000000083700000| Untracked 
|  27|0x0000000083700000, 0x0000000083800000, 0x0000000083800000|100%| O|  |TAMS 0x0000000083800000, 0x0000000083800000| Untracked 
|  28|0x0000000083800000, 0x0000000083900000, 0x0000000083900000|100%| O|  |TAMS 0x0000000083900000, 0x0000000083900000| Untracked 
|  29|0x0000000083900000, 0x0000000083a00000, 0x0000000083a00000|100%| O|  |TAMS 0x0000000083a00000, 0x0000000083a00000| Untracked 
|  30|0x0000000083a00000, 0x0000000083b00000, 0x0000000083b00000|100%| O|  |TAMS 0x0000000083b00000, 0x0000000083b00000| Untracked 
|  31|0x0000000083b00000, 0x0000000083c00000, 0x0000000083c00000|100%| O|  |TAMS 0x0000000083c00000, 0x0000000083c00000| Untracked 
|  32|0x0000000083c00000, 0x0000000083d00000, 0x0000000083d00000|100%| O|  |TAMS 0x0000000083d00000, 0x0000000083d00000| Untracked 
|  33|0x0000000083d00000, 0x0000000083e00000, 0x0000000083e00000|100%| O|  |TAMS 0x0000000083e00000, 0x0000000083e00000| Untracked 
|  34|0x0000000083e00000, 0x0000000083f00000, 0x0000000083f00000|100%| O|  |TAMS 0x0000000083f00000, 0x0000000083f00000| Untracked 
|  35|0x0000000083f00000, 0x0000000084000000, 0x0000000084000000|100%| O|  |TAMS 0x0000000084000000, 0x0000000084000000| Untracked 
|  36|0x0000000084000000, 0x0000000084100000, 0x0000000084100000|100%| O|  |TAMS 0x0000000084100000, 0x0000000084100000| Untracked 
|  37|0x0000000084100000, 0x0000000084200000, 0x0000000084200000|100%| O|  |TAMS 0x0000000084200000, 0x0000000084200000| Untracked 
|  38|0x0000000084200000, 0x0000000084300000, 0x0000000084300000|100%| O|  |TAMS 0x0000000084300000, 0x0000000084300000| Untracked 
|  39|0x0000000084300000, 0x0000000084400000, 0x0000000084400000|100%| O|  |TAMS 0x0000000084400000, 0x0000000084400000| Untracked 
|  40|0x0000000084400000, 0x0000000084500000, 0x0000000084500000|100%| O|  |TAMS 0x0000000084500000, 0x0000000084500000| Untracked 
|  41|0x0000000084500000, 0x0000000084600000, 0x0000000084600000|100%| O|  |TAMS 0x0000000084600000, 0x0000000084600000| Untracked 
|  42|0x0000000084600000, 0x0000000084700000, 0x0000000084700000|100%| O|  |TAMS 0x0000000084700000, 0x0000000084700000| Untracked 
|  43|0x0000000084700000, 0x0000000084800000, 0x0000000084800000|100%| O|  |TAMS 0x0000000084800000, 0x0000000084800000| Untracked 
|  44|0x0000000084800000, 0x0000000084900000, 0x0000000084900000|100%| O|  |TAMS 0x0000000084900000, 0x0000000084900000| Untracked 
|  45|0x0000000084900000, 0x0000000084a00000, 0x0000000084a00000|100%| O|  |TAMS 0x0000000084a00000, 0x0000000084a00000| Untracked 
|  46|0x0000000084a00000, 0x0000000084b00000, 0x0000000084b00000|100%| O|  |TAMS 0x0000000084b00000, 0x0000000084b00000| Untracked 
|  47|0x0000000084b00000, 0x0000000084c00000, 0x0000000084c00000|100%| O|  |TAMS 0x0000000084c00000, 0x0000000084c00000| Untracked 
|  48|0x0000000084c00000, 0x0000000084d00000, 0x0000000084d00000|100%| O|  |TAMS 0x0000000084d00000, 0x0000000084d00000| Untracked 
|  49|0x0000000084d00000, 0x0000000084e00000, 0x0000000084e00000|100%| O|  |TAMS 0x0000000084e00000, 0x0000000084e00000| Untracked 
|  50|0x0000000084e00000, 0x0000000084f00000, 0x0000000084f00000|100%| O|  |TAMS 0x0000000084f00000, 0x0000000084f00000| Untracked 
|  51|0x0000000084f00000, 0x0000000084f5dc00, 0x0000000085000000| 36%| O|  |TAMS 0x0000000084f5dc00, 0x0000000084f5dc00| Untracked 
|  52|0x0000000085000000, 0x0000000085000000, 0x0000000085100000|  0%| F|  |TAMS 0x0000000085000000, 0x0000000085000000| Untracked 
|  53|0x0000000085100000, 0x0000000085100000, 0x0000000085200000|  0%| F|  |TAMS 0x0000000085100000, 0x0000000085100000| Untracked 
|  54|0x0000000085200000, 0x0000000085200000, 0x0000000085300000|  0%| F|  |TAMS 0x0000000085200000, 0x0000000085200000| Untracked 
|  55|0x0000000085300000, 0x0000000085300000, 0x0000000085400000|  0%| F|  |TAMS 0x0000000085300000, 0x0000000085300000| Untracked 
|  56|0x0000000085400000, 0x0000000085400000, 0x0000000085500000|  0%| F|  |TAMS 0x0000000085400000, 0x0000000085400000| Untracked 
|  57|0x0000000085500000, 0x0000000085500000, 0x0000000085600000|  0%| F|  |TAMS 0x0000000085500000, 0x0000000085500000| Untracked 
|  58|0x0000000085600000, 0x0000000085600000, 0x0000000085700000|  0%| F|  |TAMS 0x0000000085600000, 0x0000000085600000| Untracked 
|  59|0x0000000085700000, 0x0000000085700000, 0x0000000085800000|  0%| F|  |TAMS 0x0000000085700000, 0x0000000085700000| Untracked 
|  60|0x0000000085800000, 0x0000000085800000, 0x0000000085900000|  0%| F|  |TAMS 0x0000000085800000, 0x0000000085800000| Untracked 
|  61|0x0000000085900000, 0x0000000085900000, 0x0000000085a00000|  0%| F|  |TAMS 0x0000000085900000, 0x0000000085900000| Untracked 
|  62|0x0000000085a00000, 0x0000000085a00000, 0x0000000085b00000|  0%| F|  |TAMS 0x0000000085a00000, 0x0000000085a00000| Untracked 
|  63|0x0000000085b00000, 0x0000000085b00000, 0x0000000085c00000|  0%| F|  |TAMS 0x0000000085b00000, 0x0000000085b00000| Untracked 
|  64|0x0000000085c00000, 0x0000000085c00000, 0x0000000085d00000|  0%| F|  |TAMS 0x0000000085c00000, 0x0000000085c00000| Untracked 
|  65|0x0000000085d00000, 0x0000000085d00000, 0x0000000085e00000|  0%| F|  |TAMS 0x0000000085d00000, 0x0000000085d00000| Untracked 
|  66|0x0000000085e00000, 0x0000000085e00000, 0x0000000085f00000|  0%| F|  |TAMS 0x0000000085e00000, 0x0000000085e00000| Untracked 
|  67|0x0000000085f00000, 0x0000000085f00000, 0x0000000086000000|  0%| F|  |TAMS 0x0000000085f00000, 0x0000000085f00000| Untracked 
|  68|0x0000000086000000, 0x0000000086000000, 0x0000000086100000|  0%| F|  |TAMS 0x0000000086000000, 0x0000000086000000| Untracked 
|  69|0x0000000086100000, 0x0000000086100000, 0x0000000086200000|  0%| F|  |TAMS 0x0000000086100000, 0x0000000086100000| Untracked 
|  70|0x0000000086200000, 0x0000000086200000, 0x0000000086300000|  0%| F|  |TAMS 0x0000000086200000, 0x0000000086200000| Untracked 
|  71|0x0000000086300000, 0x0000000086300000, 0x0000000086400000|  0%| F|  |TAMS 0x0000000086300000, 0x0000000086300000| Untracked 
|  72|0x0000000086400000, 0x0000000086400000, 0x0000000086500000|  0%| F|  |TAMS 0x0000000086400000, 0x0000000086400000| Untracked 
|  73|0x0000000086500000, 0x0000000086500000, 0x0000000086600000|  0%| F|  |TAMS 0x0000000086500000, 0x0000000086500000| Untracked 
|  74|0x0000000086600000, 0x0000000086600000, 0x0000000086700000|  0%| F|  |TAMS 0x0000000086600000, 0x0000000086600000| Untracked 
|  75|0x0000000086700000, 0x0000000086700000, 0x0000000086800000|  0%| F|  |TAMS 0x0000000086700000, 0x0000000086700000| Untracked 
|  76|0x0000000086800000, 0x0000000086800000, 0x0000000086900000|  0%| F|  |TAMS 0x0000000086800000, 0x0000000086800000| Untracked 
|  77|0x0000000086900000, 0x0000000086900000, 0x0000000086a00000|  0%| F|  |TAMS 0x0000000086900000, 0x0000000086900000| Untracked 
|  78|0x0000000086a00000, 0x0000000086a00000, 0x0000000086b00000|  0%| F|  |TAMS 0x0000000086a00000, 0x0000000086a00000| Untracked 
|  79|0x0000000086b00000, 0x0000000086b00000, 0x0000000086c00000|  0%| F|  |TAMS 0x0000000086b00000, 0x0000000086b00000| Untracked 
|  80|0x0000000086c00000, 0x0000000086c00000, 0x0000000086d00000|  0%| F|  |TAMS 0x0000000086c00000, 0x0000000086c00000| Untracked 
|  81|0x0000000086d00000, 0x0000000086d00000, 0x0000000086e00000|  0%| F|  |TAMS 0x0000000086d00000, 0x0000000086d00000| Untracked 
|  82|0x0000000086e00000, 0x0000000086e00000, 0x0000000086f00000|  0%| F|  |TAMS 0x0000000086e00000, 0x0000000086e00000| Untracked 
|  83|0x0000000086f00000, 0x0000000086f00000, 0x0000000087000000|  0%| F|  |TAMS 0x0000000086f00000, 0x0000000086f00000| Untracked 
|  84|0x0000000087000000, 0x0000000087000000, 0x0000000087100000|  0%| F|  |TAMS 0x0000000087000000, 0x0000000087000000| Untracked 
|  85|0x0000000087100000, 0x0000000087100000, 0x0000000087200000|  0%| F|  |TAMS 0x0000000087100000, 0x0000000087100000| Untracked 
|  86|0x0000000087200000, 0x0000000087200000, 0x0000000087300000|  0%| F|  |TAMS 0x0000000087200000, 0x0000000087200000| Untracked 
|  87|0x0000000087300000, 0x0000000087300000, 0x0000000087400000|  0%| F|  |TAMS 0x0000000087300000, 0x0000000087300000| Untracked 
|  88|0x0000000087400000, 0x0000000087400000, 0x0000000087500000|  0%| F|  |TAMS 0x0000000087400000, 0x0000000087400000| Untracked 
|  89|0x0000000087500000, 0x0000000087500000, 0x0000000087600000|  0%| F|  |TAMS 0x0000000087500000, 0x0000000087500000| Untracked 
|  90|0x0000000087600000, 0x0000000087600000, 0x0000000087700000|  0%| F|  |TAMS 0x0000000087600000, 0x0000000087600000| Untracked 
|  91|0x0000000087700000, 0x0000000087700000, 0x0000000087800000|  0%| F|  |TAMS 0x0000000087700000, 0x0000000087700000| Untracked 
|  92|0x0000000087800000, 0x0000000087800000, 0x0000000087900000|  0%| F|  |TAMS 0x0000000087800000, 0x0000000087800000| Untracked 
|  93|0x0000000087900000, 0x0000000087900000, 0x0000000087a00000|  0%| F|  |TAMS 0x0000000087900000, 0x0000000087900000| Untracked 
|  94|0x0000000087a00000, 0x0000000087a00000, 0x0000000087b00000|  0%| F|  |TAMS 0x0000000087a00000, 0x0000000087a00000| Untracked 
|  95|0x0000000087b00000, 0x0000000087b00000, 0x0000000087c00000|  0%| F|  |TAMS 0x0000000087b00000, 0x0000000087b00000| Untracked 
|  96|0x0000000087c00000, 0x0000000087c00000, 0x0000000087d00000|  0%| F|  |TAMS 0x0000000087c00000, 0x0000000087c00000| Untracked 
|  97|0x0000000087d00000, 0x0000000087d00000, 0x0000000087e00000|  0%| F|  |TAMS 0x0000000087d00000, 0x0000000087d00000| Untracked 
|  98|0x0000000087e00000, 0x0000000087e00000, 0x0000000087f00000|  0%| F|  |TAMS 0x0000000087e00000, 0x0000000087e00000| Untracked 
|  99|0x0000000087f00000, 0x0000000087f00000, 0x0000000088000000|  0%| F|  |TAMS 0x0000000087f00000, 0x0000000087f00000| Untracked 
| 100|0x0000000088000000, 0x0000000088000000, 0x0000000088100000|  0%| F|  |TAMS 0x0000000088000000, 0x0000000088000000| Untracked 
| 101|0x0000000088100000, 0x0000000088100000, 0x0000000088200000|  0%| F|  |TAMS 0x0000000088100000, 0x0000000088100000| Untracked 
| 102|0x0000000088200000, 0x0000000088200000, 0x0000000088300000|  0%| F|  |TAMS 0x0000000088200000, 0x0000000088200000| Untracked 
| 103|0x0000000088300000, 0x0000000088300000, 0x0000000088400000|  0%| F|  |TAMS 0x0000000088300000, 0x0000000088300000| Untracked 
| 104|0x0000000088400000, 0x0000000088400000, 0x0000000088500000|  0%| F|  |TAMS 0x0000000088400000, 0x0000000088400000| Untracked 
| 105|0x0000000088500000, 0x0000000088500000, 0x0000000088600000|  0%| F|  |TAMS 0x0000000088500000, 0x0000000088500000| Untracked 
| 106|0x0000000088600000, 0x0000000088600000, 0x0000000088700000|  0%| F|  |TAMS 0x0000000088600000, 0x0000000088600000| Untracked 
| 107|0x0000000088700000, 0x0000000088700000, 0x0000000088800000|  0%| F|  |TAMS 0x0000000088700000, 0x0000000088700000| Untracked 
| 108|0x0000000088800000, 0x0000000088800000, 0x0000000088900000|  0%| F|  |TAMS 0x0000000088800000, 0x0000000088800000| Untracked 
| 109|0x0000000088900000, 0x0000000088900000, 0x0000000088a00000|  0%| F|  |TAMS 0x0000000088900000, 0x0000000088900000| Untracked 
| 110|0x0000000088a00000, 0x0000000088a00000, 0x0000000088b00000|  0%| F|  |TAMS 0x0000000088a00000, 0x0000000088a00000| Untracked 
| 111|0x0000000088b00000, 0x0000000088b00000, 0x0000000088c00000|  0%| F|  |TAMS 0x0000000088b00000, 0x0000000088b00000| Untracked 
| 112|0x0000000088c00000, 0x0000000088c00000, 0x0000000088d00000|  0%| F|  |TAMS 0x0000000088c00000, 0x0000000088c00000| Untracked 
| 113|0x0000000088d00000, 0x0000000088d00000, 0x0000000088e00000|  0%| F|  |TAMS 0x0000000088d00000, 0x0000000088d00000| Untracked 
| 114|0x0000000088e00000, 0x0000000088e00000, 0x0000000088f00000|  0%| F|  |TAMS 0x0000000088e00000, 0x0000000088e00000| Untracked 
| 115|0x0000000088f00000, 0x0000000088f00000, 0x0000000089000000|  0%| F|  |TAMS 0x0000000088f00000, 0x0000000088f00000| Untracked 
| 116|0x0000000089000000, 0x0000000089000000, 0x0000000089100000|  0%| F|  |TAMS 0x0000000089000000, 0x0000000089000000| Untracked 
| 117|0x0000000089100000, 0x0000000089100000, 0x0000000089200000|  0%| F|  |TAMS 0x0000000089100000, 0x0000000089100000| Untracked 
| 118|0x0000000089200000, 0x0000000089200000, 0x0000000089300000|  0%| F|  |TAMS 0x0000000089200000, 0x0000000089200000| Untracked 
| 119|0x0000000089300000, 0x0000000089300000, 0x0000000089400000|  0%| F|  |TAMS 0x0000000089300000, 0x0000000089300000| Untracked 
| 120|0x0000000089400000, 0x0000000089400000, 0x0000000089500000|  0%| F|  |TAMS 0x0000000089400000, 0x0000000089400000| Untracked 
| 121|0x0000000089500000, 0x0000000089500000, 0x0000000089600000|  0%| F|  |TAMS 0x0000000089500000, 0x0000000089500000| Untracked 
| 122|0x0000000089600000, 0x0000000089600000, 0x0000000089700000|  0%| F|  |TAMS 0x0000000089600000, 0x0000000089600000| Untracked 
| 123|0x0000000089700000, 0x0000000089700000, 0x0000000089800000|  0%| F|  |TAMS 0x0000000089700000, 0x0000000089700000| Untracked 
| 124|0x0000000089800000, 0x0000000089800000, 0x0000000089900000|  0%| F|  |TAMS 0x0000000089800000, 0x0000000089800000| Untracked 
| 125|0x0000000089900000, 0x0000000089900000, 0x0000000089a00000|  0%| F|  |TAMS 0x0000000089900000, 0x0000000089900000| Untracked 
| 126|0x0000000089a00000, 0x0000000089a00000, 0x0000000089b00000|  0%| F|  |TAMS 0x0000000089a00000, 0x0000000089a00000| Untracked 
| 127|0x0000000089b00000, 0x0000000089b00000, 0x0000000089c00000|  0%| F|  |TAMS 0x0000000089b00000, 0x0000000089b00000| Untracked 
| 128|0x0000000089c00000, 0x0000000089c00000, 0x0000000089d00000|  0%| F|  |TAMS 0x0000000089c00000, 0x0000000089c00000| Untracked 
| 129|0x0000000089d00000, 0x0000000089d00000, 0x0000000089e00000|  0%| F|  |TAMS 0x0000000089d00000, 0x0000000089d00000| Untracked 
| 130|0x0000000089e00000, 0x0000000089e00000, 0x0000000089f00000|  0%| F|  |TAMS 0x0000000089e00000, 0x0000000089e00000| Untracked 
| 131|0x0000000089f00000, 0x0000000089f00000, 0x000000008a000000|  0%| F|  |TAMS 0x0000000089f00000, 0x0000000089f00000| Untracked 
| 132|0x000000008a000000, 0x000000008a000000, 0x000000008a100000|  0%| F|  |TAMS 0x000000008a000000, 0x000000008a000000| Untracked 
| 133|0x000000008a100000, 0x000000008a100000, 0x000000008a200000|  0%| F|  |TAMS 0x000000008a100000, 0x000000008a100000| Untracked 
| 134|0x000000008a200000, 0x000000008a200000, 0x000000008a300000|  0%| F|  |TAMS 0x000000008a200000, 0x000000008a200000| Untracked 
| 135|0x000000008a300000, 0x000000008a300000, 0x000000008a400000|  0%| F|  |TAMS 0x000000008a300000, 0x000000008a300000| Untracked 
| 136|0x000000008a400000, 0x000000008a400000, 0x000000008a500000|  0%| F|  |TAMS 0x000000008a400000, 0x000000008a400000| Untracked 
| 137|0x000000008a500000, 0x000000008a500000, 0x000000008a600000|  0%| F|  |TAMS 0x000000008a500000, 0x000000008a500000| Untracked 
| 138|0x000000008a600000, 0x000000008a600000, 0x000000008a700000|  0%| F|  |TAMS 0x000000008a600000, 0x000000008a600000| Untracked 
| 139|0x000000008a700000, 0x000000008a700000, 0x000000008a800000|  0%| F|  |TAMS 0x000000008a700000, 0x000000008a700000| Untracked 
| 140|0x000000008a800000, 0x000000008a800000, 0x000000008a900000|  0%| F|  |TAMS 0x000000008a800000, 0x000000008a800000| Untracked 
| 141|0x000000008a900000, 0x000000008a900000, 0x000000008aa00000|  0%| F|  |TAMS 0x000000008a900000, 0x000000008a900000| Untracked 
| 142|0x000000008aa00000, 0x000000008aa00000, 0x000000008ab00000|  0%| F|  |TAMS 0x000000008aa00000, 0x000000008aa00000| Untracked 
| 143|0x000000008ab00000, 0x000000008ab00000, 0x000000008ac00000|  0%| F|  |TAMS 0x000000008ab00000, 0x000000008ab00000| Untracked 
| 144|0x000000008ac00000, 0x000000008ac00000, 0x000000008ad00000|  0%| F|  |TAMS 0x000000008ac00000, 0x000000008ac00000| Untracked 
| 145|0x000000008ad00000, 0x000000008ad00000, 0x000000008ae00000|  0%| F|  |TAMS 0x000000008ad00000, 0x000000008ad00000| Untracked 
| 146|0x000000008ae00000, 0x000000008ae00000, 0x000000008af00000|  0%| F|  |TAMS 0x000000008ae00000, 0x000000008ae00000| Untracked 
| 147|0x000000008af00000, 0x000000008af00000, 0x000000008b000000|  0%| F|  |TAMS 0x000000008af00000, 0x000000008af00000| Untracked 
| 148|0x000000008b000000, 0x000000008b000000, 0x000000008b100000|  0%| F|  |TAMS 0x000000008b000000, 0x000000008b000000| Untracked 
| 149|0x000000008b100000, 0x000000008b100000, 0x000000008b200000|  0%| F|  |TAMS 0x000000008b100000, 0x000000008b100000| Untracked 
| 150|0x000000008b200000, 0x000000008b200000, 0x000000008b300000|  0%| F|  |TAMS 0x000000008b200000, 0x000000008b200000| Untracked 
| 151|0x000000008b300000, 0x000000008b300000, 0x000000008b400000|  0%| F|  |TAMS 0x000000008b300000, 0x000000008b300000| Untracked 
| 152|0x000000008b400000, 0x000000008b400000, 0x000000008b500000|  0%| F|  |TAMS 0x000000008b400000, 0x000000008b400000| Untracked 
| 153|0x000000008b500000, 0x000000008b500000, 0x000000008b600000|  0%| F|  |TAMS 0x000000008b500000, 0x000000008b500000| Untracked 
| 154|0x000000008b600000, 0x000000008b600000, 0x000000008b700000|  0%| F|  |TAMS 0x000000008b600000, 0x000000008b600000| Untracked 
| 155|0x000000008b700000, 0x000000008b700000, 0x000000008b800000|  0%| F|  |TAMS 0x000000008b700000, 0x000000008b700000| Untracked 
| 156|0x000000008b800000, 0x000000008b800000, 0x000000008b900000|  0%| F|  |TAMS 0x000000008b800000, 0x000000008b800000| Untracked 
| 157|0x000000008b900000, 0x000000008b900000, 0x000000008ba00000|  0%| F|  |TAMS 0x000000008b900000, 0x000000008b900000| Untracked 
| 158|0x000000008ba00000, 0x000000008ba00000, 0x000000008bb00000|  0%| F|  |TAMS 0x000000008ba00000, 0x000000008ba00000| Untracked 
| 159|0x000000008bb00000, 0x000000008bb00000, 0x000000008bc00000|  0%| F|  |TAMS 0x000000008bb00000, 0x000000008bb00000| Untracked 
| 160|0x000000008bc00000, 0x000000008bc00000, 0x000000008bd00000|  0%| F|  |TAMS 0x000000008bc00000, 0x000000008bc00000| Untracked 
| 161|0x000000008bd00000, 0x000000008bd00000, 0x000000008be00000|  0%| F|  |TAMS 0x000000008bd00000, 0x000000008bd00000| Untracked 
| 162|0x000000008be00000, 0x000000008be00000, 0x000000008bf00000|  0%| F|  |TAMS 0x000000008be00000, 0x000000008be00000| Untracked 
| 163|0x000000008bf00000, 0x000000008bf00000, 0x000000008c000000|  0%| F|  |TAMS 0x000000008bf00000, 0x000000008bf00000| Untracked 
| 164|0x000000008c000000, 0x000000008c000000, 0x000000008c100000|  0%| F|  |TAMS 0x000000008c000000, 0x000000008c000000| Untracked 
| 165|0x000000008c100000, 0x000000008c100000, 0x000000008c200000|  0%| F|  |TAMS 0x000000008c100000, 0x000000008c100000| Untracked 
| 166|0x000000008c200000, 0x000000008c200000, 0x000000008c300000|  0%| F|  |TAMS 0x000000008c200000, 0x000000008c200000| Untracked 
| 167|0x000000008c300000, 0x000000008c300000, 0x000000008c400000|  0%| F|  |TAMS 0x000000008c300000, 0x000000008c300000| Untracked 
| 168|0x000000008c400000, 0x000000008c400000, 0x000000008c500000|  0%| F|  |TAMS 0x000000008c400000, 0x000000008c400000| Untracked 
| 169|0x000000008c500000, 0x000000008c500000, 0x000000008c600000|  0%| F|  |TAMS 0x000000008c500000, 0x000000008c500000| Untracked 
| 170|0x000000008c600000, 0x000000008c600000, 0x000000008c700000|  0%| F|  |TAMS 0x000000008c600000, 0x000000008c600000| Untracked 
| 171|0x000000008c700000, 0x000000008c700000, 0x000000008c800000|  0%| F|  |TAMS 0x000000008c700000, 0x000000008c700000| Untracked 
| 172|0x000000008c800000, 0x000000008c800000, 0x000000008c900000|  0%| F|  |TAMS 0x000000008c800000, 0x000000008c800000| Untracked 
| 173|0x000000008c900000, 0x000000008c900000, 0x000000008ca00000|  0%| F|  |TAMS 0x000000008c900000, 0x000000008c900000| Untracked 
| 174|0x000000008ca00000, 0x000000008ca00000, 0x000000008cb00000|  0%| F|  |TAMS 0x000000008ca00000, 0x000000008ca00000| Untracked 
| 175|0x000000008cb00000, 0x000000008cb00000, 0x000000008cc00000|  0%| F|  |TAMS 0x000000008cb00000, 0x000000008cb00000| Untracked 
| 176|0x000000008cc00000, 0x000000008cc00000, 0x000000008cd00000|  0%| F|  |TAMS 0x000000008cc00000, 0x000000008cc00000| Untracked 
| 177|0x000000008cd00000, 0x000000008cd00000, 0x000000008ce00000|  0%| F|  |TAMS 0x000000008cd00000, 0x000000008cd00000| Untracked 
| 178|0x000000008ce00000, 0x000000008cec0a80, 0x000000008cf00000| 75%| S|CS|TAMS 0x000000008ce00000, 0x000000008ce00000| Complete 
| 179|0x000000008cf00000, 0x000000008d000000, 0x000000008d000000|100%| S|CS|TAMS 0x000000008cf00000, 0x000000008cf00000| Complete 
| 180|0x000000008d000000, 0x000000008d100000, 0x000000008d100000|100%| S|CS|TAMS 0x000000008d000000, 0x000000008d000000| Complete 
| 181|0x000000008d100000, 0x000000008d100000, 0x000000008d200000|  0%| F|  |TAMS 0x000000008d100000, 0x000000008d100000| Untracked 
| 182|0x000000008d200000, 0x000000008d200000, 0x000000008d300000|  0%| F|  |TAMS 0x000000008d200000, 0x000000008d200000| Untracked 
| 183|0x000000008d300000, 0x000000008d300000, 0x000000008d400000|  0%| F|  |TAMS 0x000000008d300000, 0x000000008d300000| Untracked 
| 184|0x000000008d400000, 0x000000008d400000, 0x000000008d500000|  0%| F|  |TAMS 0x000000008d400000, 0x000000008d400000| Untracked 
| 185|0x000000008d500000, 0x000000008d500000, 0x000000008d600000|  0%| F|  |TAMS 0x000000008d500000, 0x000000008d500000| Untracked 
| 186|0x000000008d600000, 0x000000008d600000, 0x000000008d700000|  0%| F|  |TAMS 0x000000008d600000, 0x000000008d600000| Untracked 
| 187|0x000000008d700000, 0x000000008d700000, 0x000000008d800000|  0%| F|  |TAMS 0x000000008d700000, 0x000000008d700000| Untracked 
| 188|0x000000008d800000, 0x000000008d800000, 0x000000008d900000|  0%| F|  |TAMS 0x000000008d800000, 0x000000008d800000| Untracked 
| 189|0x000000008d900000, 0x000000008d900000, 0x000000008da00000|  0%| F|  |TAMS 0x000000008d900000, 0x000000008d900000| Untracked 
| 190|0x000000008da00000, 0x000000008da00000, 0x000000008db00000|  0%| F|  |TAMS 0x000000008da00000, 0x000000008da00000| Untracked 
| 191|0x000000008db00000, 0x000000008db00000, 0x000000008dc00000|  0%| F|  |TAMS 0x000000008db00000, 0x000000008db00000| Untracked 
| 192|0x000000008dc00000, 0x000000008dc00000, 0x000000008dd00000|  0%| F|  |TAMS 0x000000008dc00000, 0x000000008dc00000| Untracked 
| 193|0x000000008dd00000, 0x000000008dd80000, 0x000000008de00000| 50%| E|  |TAMS 0x000000008dd00000, 0x000000008dd00000| Complete 

Card table byte_map: [0x000002901be10000,0x000002901c210000] _byte_map_base: 0x000002901ba02000

Marking Bits (Prev, Next): (CMBitMap*) 0x0000029008f2c590, (CMBitMap*) 0x0000029008f2c558
 Prev Bits: [0x000002901e5a0000, 0x0000029020530000)
 Next Bits: [0x000002901c610000, 0x000002901e5a0000)

Polling page: 0x0000029006d10000

Metaspace:

Usage:
  Non-class:     54.65 MB capacity,    54.24 MB (>99%) used,   323.37 KB ( <1%) free+waste,    93.38 KB ( <1%) overhead. 
      Class:      7.03 MB capacity,     6.75 MB ( 96%) used,   245.13 KB (  3%) free+waste,    39.31 KB ( <1%) overhead. 
       Both:     61.68 MB capacity,    60.99 MB ( 99%) used,   568.49 KB ( <1%) free+waste,   132.69 KB ( <1%) overhead. 

Virtual space:
  Non-class space:       64.00 MB reserved,      54.86 MB ( 86%) committed 
      Class space:        1.00 GB reserved,       7.13 MB ( <1%) committed 
             Both:        1.06 GB reserved,      61.99 MB (  6%) committed 

Chunk freelists:
   Non-Class:  91.00 KB
       Class:  3.00 KB
        Both:  94.00 KB

MaxMetaspaceSize: 17179869184.00 GB
CompressedClassSpaceSize: 1.00 GB
Initial GC threshold: 20.80 MB
Current GC threshold: 101.35 MB
CDS: off

CodeHeap 'non-profiled nmethods': size=120064Kb used=3357Kb max_used=3357Kb free=116706Kb
 bounds [0x00000290144d0000, 0x0000029014820000, 0x000002901ba10000]
CodeHeap 'profiled nmethods': size=120000Kb used=19981Kb max_used=19981Kb free=100018Kb
 bounds [0x000002900cfa0000, 0x000002900e330000, 0x00000290144d0000]
CodeHeap 'non-nmethods': size=5696Kb used=1333Kb max_used=1354Kb free=4362Kb
 bounds [0x000002900ca10000, 0x000002900cc80000, 0x000002900cfa0000]
 total_blobs=8148 nmethods=7522 adapters=536
 compilation: enabled
              stopped_count=0, restarted_count=0
 full_count=0

Compilation events (20 events):
Event: 9.682 Thread 0x0000029022a4c800 7571       3       org.jetbrains.kotlin.metadata.deserialization.VersionSpecificBehaviorKt::isVersionRequirementTableWrittenCorrectly (11 bytes)
Event: 9.683 Thread 0x0000029022a4c800 nmethod 7571 0x000002900e31a090 code [0x000002900e31a340, 0x000002900e31ae58]
Event: 9.683 Thread 0x0000029022a4c800 7572       1       org.jetbrains.kotlin.serialization.SerializerExtensionProtocol::getTypeAnnotation (5 bytes)
Event: 9.683 Thread 0x0000029022a4c800 nmethod 7572 0x0000029014811390 code [0x0000029014811540, 0x00000290148115f8]
Event: 9.686 Thread 0x0000029022a4c800 7574       3       org.jetbrains.kotlin.load.java.lazy.descriptors.LazyJavaClassDescriptor$scopeHolder$1::invoke (9 bytes)
Event: 9.686 Thread 0x0000029022a4c800 nmethod 7574 0x000002900e31b210 code [0x000002900e31b3e0, 0x000002900e31b608]
Event: 9.689 Thread 0x0000029022a4c800 7575       3       org.jetbrains.kotlin.resolve.jvm.JavaDescriptorResolver::resolveClass (170 bytes)
Event: 9.693 Thread 0x0000029022a4c800 nmethod 7575 0x000002900e31b710 code [0x000002900e31bce0, 0x000002900e31e998]
Event: 9.707 Thread 0x0000029022a40000 nmethod 7512 0x0000029014811690 code [0x0000029014811b20, 0x0000029014814cb0]
Event: 9.707 Thread 0x0000029022a40000 7573       4       org.jetbrains.org.objectweb.asm.ClassReader::readMethod (1061 bytes)
Event: 9.763 Thread 0x0000029022a4c800 7576       3       java.lang.invoke.Invokers$Holder::invokeExact_MT (32 bytes)
Event: 9.763 Thread 0x0000029022a4c800 nmethod 7576 0x000002900e31f790 code [0x000002900e31f9a0, 0x000002900e320278]
Event: 9.763 Thread 0x0000029022a4c800 7579       3       jdk.internal.org.objectweb.asm.ClassWriter::visit (121 bytes)
Event: 9.764 Thread 0x0000029022a4c800 nmethod 7579 0x000002900e320490 code [0x000002900e3206c0, 0x000002900e320e18]
Event: 9.764 Thread 0x0000029022a4c800 7578       3       jdk.internal.org.objectweb.asm.ClassVisitor::<init> (35 bytes)
Event: 9.765 Thread 0x0000029022a4c800 nmethod 7578 0x000002900e321190 code [0x000002900e321360, 0x000002900e321648]
Event: 9.765 Thread 0x0000029022a4c800 7577       3       java.lang.invoke.LambdaMetafactory::metafactory (35 bytes)
Event: 9.765 Thread 0x0000029022a4c800 nmethod 7577 0x000002900e321790 code [0x000002900e321960, 0x000002900e321c08]
Event: 9.772 Thread 0x0000029022a4c800 7582       1       org.jetbrains.kotlin.ir.symbols.impl.IrBindableSymbolBase::getSignature (2 bytes)
Event: 9.772 Thread 0x0000029022a4c800 nmethod 7582 0x0000029014816e10 code [0x0000029014816fc0, 0x0000029014817078]

GC Heap History (18 events):
Event: 0.534 GC heap before
{Heap before GC invocations=0 (full 0):
 garbage-first heap   total 131072K, used 18432K [0x0000000081c00000, 0x0000000100000000)
  region size 1024K, 14 young (14336K), 0 survivors (0K)
 Metaspace       used 9729K, capacity 9839K, committed 10112K, reserved 1058816K
  class space    used 813K, capacity 852K, committed 896K, reserved 1048576K
}
Event: 0.538 GC heap after
{Heap after GC invocations=1 (full 0):
 garbage-first heap   total 131072K, used 6263K [0x0000000081c00000, 0x0000000100000000)
  region size 1024K, 2 young (2048K), 2 survivors (2048K)
 Metaspace       used 9729K, capacity 9839K, committed 10112K, reserved 1058816K
  class space    used 813K, capacity 852K, committed 896K, reserved 1048576K
}
Event: 1.685 GC heap before
{Heap before GC invocations=1 (full 0):
 garbage-first heap   total 131072K, used 53367K [0x0000000081c00000, 0x0000000100000000)
  region size 1024K, 49 young (50176K), 2 survivors (2048K)
 Metaspace       used 20971K, capacity 21189K, committed 21248K, reserved 1069056K
  class space    used 2218K, capacity 2301K, committed 2304K, reserved 1048576K
}
Event: 1.698 GC heap after
{Heap after GC invocations=2 (full 0):
 garbage-first heap   total 131072K, used 10867K [0x0000000081c00000, 0x0000000100000000)
  region size 1024K, 7 young (7168K), 7 survivors (7168K)
 Metaspace       used 20971K, capacity 21189K, committed 21248K, reserved 1069056K
  class space    used 2218K, capacity 2301K, committed 2304K, reserved 1048576K
}
Event: 2.912 GC heap before
{Heap before GC invocations=3 (full 0):
 garbage-first heap   total 131072K, used 65139K [0x0000000081c00000, 0x0000000100000000)
  region size 1024K, 54 young (55296K), 7 survivors (7168K)
 Metaspace       used 32198K, capacity 32660K, committed 32892K, reserved 1077248K
  class space    used 3987K, capacity 4185K, committed 4224K, reserved 1048576K
}
Event: 2.937 GC heap after
{Heap after GC invocations=4 (full 0):
 garbage-first heap   total 131072K, used 23395K [0x0000000081c00000, 0x0000000100000000)
  region size 1024K, 7 young (7168K), 7 survivors (7168K)
 Metaspace       used 32198K, capacity 32660K, committed 32892K, reserved 1077248K
  class space    used 3987K, capacity 4185K, committed 4224K, reserved 1048576K
}
Event: 3.273 GC heap before
{Heap before GC invocations=4 (full 0):
 garbage-first heap   total 131072K, used 38755K [0x0000000081c00000, 0x0000000100000000)
  region size 1024K, 23 young (23552K), 7 survivors (7168K)
 Metaspace       used 35441K, capacity 35897K, committed 36048K, reserved 1081344K
  class space    used 4344K, capacity 4539K, committed 4608K, reserved 1048576K
}
Event: 3.288 GC heap after
{Heap after GC invocations=5 (full 0):
 garbage-first heap   total 131072K, used 25760K [0x0000000081c00000, 0x0000000100000000)
  region size 1024K, 3 young (3072K), 3 survivors (3072K)
 Metaspace       used 35441K, capacity 35897K, committed 36048K, reserved 1081344K
  class space    used 4344K, capacity 4539K, committed 4608K, reserved 1048576K
}
Event: 4.665 GC heap before
{Heap before GC invocations=6 (full 0):
 garbage-first heap   total 131072K, used 84128K [0x0000000081c00000, 0x0000000100000000)
  region size 1024K, 58 young (59392K), 3 survivors (3072K)
 Metaspace       used 47253K, capacity 47853K, committed 48080K, reserved 1091584K
  class space    used 5558K, capacity 5811K, committed 5888K, reserved 1048576K
}
Event: 4.681 GC heap after
{Heap after GC invocations=7 (full 0):
 garbage-first heap   total 157696K, used 30685K [0x0000000081c00000, 0x0000000100000000)
  region size 1024K, 8 young (8192K), 8 survivors (8192K)
 Metaspace       used 47253K, capacity 47853K, committed 48080K, reserved 1091584K
  class space    used 5558K, capacity 5811K, committed 5888K, reserved 1048576K
}
Event: 6.948 GC heap before
{Heap before GC invocations=7 (full 0):
 garbage-first heap   total 157696K, used 117725K [0x0000000081c00000, 0x0000000100000000)
  region size 1024K, 92 young (94208K), 8 survivors (8192K)
 Metaspace       used 53359K, capacity 54015K, committed 54224K, reserved 1097728K
  class space    used 6045K, capacity 6301K, committed 6400K, reserved 1048576K
}
Event: 6.983 GC heap after
{Heap after GC invocations=8 (full 0):
 garbage-first heap   total 157696K, used 41792K [0x0000000081c00000, 0x0000000100000000)
  region size 1024K, 12 young (12288K), 12 survivors (12288K)
 Metaspace       used 53359K, capacity 54015K, committed 54224K, reserved 1097728K
  class space    used 6045K, capacity 6301K, committed 6400K, reserved 1048576K
}
Event: 7.454 GC heap before
{Heap before GC invocations=8 (full 0):
 garbage-first heap   total 157696K, used 78656K [0x0000000081c00000, 0x0000000100000000)
  region size 1024K, 48 young (49152K), 12 survivors (12288K)
 Metaspace       used 53813K, capacity 54416K, committed 54736K, reserved 1097728K
  class space    used 6065K, capacity 6305K, committed 6400K, reserved 1048576K
}
Event: 7.493 GC heap after
{Heap after GC invocations=9 (full 0):
 garbage-first heap   total 157696K, used 47423K [0x0000000081c00000, 0x0000000100000000)
  region size 1024K, 5 young (5120K), 5 survivors (5120K)
 Metaspace       used 53813K, capacity 54416K, committed 54736K, reserved 1097728K
  class space    used 6065K, capacity 6305K, committed 6400K, reserved 1048576K
}
Event: 8.664 GC heap before
{Heap before GC invocations=9 (full 0):
 garbage-first heap   total 157696K, used 102719K [0x0000000081c00000, 0x0000000100000000)
  region size 1024K, 59 young (60416K), 5 survivors (5120K)
 Metaspace       used 57350K, capacity 57987K, committed 58192K, reserved 1101824K
  class space    used 6434K, capacity 6683K, committed 6784K, reserved 1048576K
}
Event: 8.692 GC heap after
{Heap after GC invocations=10 (full 0):
 garbage-first heap   total 157696K, used 52987K [0x0000000081c00000, 0x0000000100000000)
  region size 1024K, 6 young (6144K), 6 survivors (6144K)
 Metaspace       used 57350K, capacity 57987K, committed 58192K, reserved 1101824K
  class space    used 6434K, capacity 6683K, committed 6784K, reserved 1048576K
}
Event: 9.366 GC heap before
{Heap before GC invocations=10 (full 0):
 garbage-first heap   total 157696K, used 68347K [0x0000000081c00000, 0x0000000100000000)
  region size 1024K, 22 young (22528K), 6 survivors (6144K)
 Metaspace       used 59735K, capacity 60413K, committed 60496K, reserved 1103872K
  class space    used 6662K, capacity 6963K, committed 7040K, reserved 1048576K
}
Event: 9.383 GC heap after
{Heap after GC invocations=11 (full 0):
 garbage-first heap   total 198656K, used 54996K [0x0000000081c00000, 0x0000000100000000)
  region size 1024K, 3 young (3072K), 3 survivors (3072K)
 Metaspace       used 59735K, capacity 60413K, committed 60496K, reserved 1103872K
  class space    used 6662K, capacity 6963K, committed 7040K, reserved 1048576K
}

Deoptimization events (20 events):
Event: 9.640 Thread 0x0000029006e2e000 Uncommon trap: trap_request=0xffffffc6 fr.pc=0x0000029014724070 relative=0x00000000000004d0
Event: 9.640 Thread 0x0000029006e2e000 Uncommon trap: reason=bimorphic_or_optimized_type_check action=maybe_recompile pc=0x0000029014724070 method=org.jetbrains.kotlin.types.TypeConstructorSubstitution$Companion$createByConstructorsMap$1.isEmpty()Z @ 4 c2
Event: 9.640 Thread 0x0000029006e2e000 DEOPT PACKING pc=0x0000029014724070 sp=0x000000ce7e5fdad0
Event: 9.640 Thread 0x0000029006e2e000 DEOPT UNPACKING pc=0x000002900ca5a1af sp=0x000000ce7e5fd908 mode 2
Event: 9.646 Thread 0x0000029006e2e000 Uncommon trap: trap_request=0xffffffc6 fr.pc=0x00000290147a502c relative=0x000000000000068c
Event: 9.646 Thread 0x0000029006e2e000 Uncommon trap: reason=bimorphic_or_optimized_type_check action=maybe_recompile pc=0x00000290147a502c method=org.jetbrains.kotlin.storage.LockBasedStorageManager$LockBasedLazyValue.invoke()Ljava/lang/Object; @ 24 c2
Event: 9.646 Thread 0x0000029006e2e000 DEOPT PACKING pc=0x00000290147a502c sp=0x000000ce7e5fe7a0
Event: 9.646 Thread 0x0000029006e2e000 DEOPT UNPACKING pc=0x000002900ca5a1af sp=0x000000ce7e5fe6f0 mode 2
Event: 9.647 Thread 0x0000029006e2e000 Uncommon trap: trap_request=0xffffffc6 fr.pc=0x00000290147a502c relative=0x000000000000068c
Event: 9.647 Thread 0x0000029006e2e000 Uncommon trap: reason=bimorphic_or_optimized_type_check action=maybe_recompile pc=0x00000290147a502c method=org.jetbrains.kotlin.storage.LockBasedStorageManager$LockBasedLazyValue.invoke()Ljava/lang/Object; @ 24 c2
Event: 9.647 Thread 0x0000029006e2e000 DEOPT PACKING pc=0x00000290147a502c sp=0x000000ce7e5fe3d0
Event: 9.647 Thread 0x0000029006e2e000 DEOPT UNPACKING pc=0x000002900ca5a1af sp=0x000000ce7e5fe328 mode 2
Event: 9.659 Thread 0x0000029006e2e000 Uncommon trap: trap_request=0xffffffc6 fr.pc=0x0000029014724070 relative=0x00000000000004d0
Event: 9.660 Thread 0x0000029006e2e000 Uncommon trap: reason=bimorphic_or_optimized_type_check action=maybe_recompile pc=0x0000029014724070 method=org.jetbrains.kotlin.types.TypeConstructorSubstitution$Companion$createByConstructorsMap$1.isEmpty()Z @ 4 c2
Event: 9.660 Thread 0x0000029006e2e000 DEOPT PACKING pc=0x0000029014724070 sp=0x000000ce7e5fdae0
Event: 9.660 Thread 0x0000029006e2e000 DEOPT UNPACKING pc=0x000002900ca5a1af sp=0x000000ce7e5fd918 mode 2
Event: 9.689 Thread 0x0000029006e2e000 Uncommon trap: trap_request=0xffffffc6 fr.pc=0x0000029014724070 relative=0x00000000000004d0
Event: 9.689 Thread 0x0000029006e2e000 Uncommon trap: reason=bimorphic_or_optimized_type_check action=maybe_recompile pc=0x0000029014724070 method=org.jetbrains.kotlin.types.TypeConstructorSubstitution$Companion$createByConstructorsMap$1.isEmpty()Z @ 4 c2
Event: 9.689 Thread 0x0000029006e2e000 DEOPT PACKING pc=0x0000029014724070 sp=0x000000ce7e5fda10
Event: 9.689 Thread 0x0000029006e2e000 DEOPT UNPACKING pc=0x000002900ca5a1af sp=0x000000ce7e5fd848 mode 2

Classes redefined (0 events):
No events

Internal exceptions (20 events):
Event: 4.217 Thread 0x0000029006e2e000 Exception <a 'java/lang/NoSuchMethodError'{0x0000000086e0bd28}: 'java.lang.Object java.lang.invoke.Invokers$Holder.linkToTargetMethod(java.lang.Object, int, java.lang.Object)'> (0x0000000086e0bd28) thrown at [./src/hotspot/share/interpreter/linkResolver.cpp, line 773]
Event: 4.337 Thread 0x0000029006e2e000 Exception <a 'java/lang/NoSuchMethodError'{0x0000000086dfb360}: 'java.lang.Object java.lang.invoke.DirectMethodHandle$Holder.invokeStatic(java.lang.Object, java.lang.Object, java.lang.Object, int)'> (0x0000000086dfb360) thrown at [./src/hotspot/share/interpreter/linkResolver.cpp, line 773]
Event: 4.338 Thread 0x0000029006e2e000 Exception <a 'java/lang/NoSuchMethodError'{0x0000000086dfefd0}: 'java.lang.Object java.lang.invoke.DirectMethodHandle$Holder.invokeSpecial(java.lang.Object, java.lang.Object, java.lang.Object, java.lang.Object, int)'> (0x0000000086dfefd0) thrown at [./src/hotspot/share/interpreter/linkResolver.cpp, line 773]
Event: 4.338 Thread 0x0000029006e2e000 Exception <a 'java/lang/NoSuchMethodError'{0x0000000086c02b10}: 'java.lang.Object java.lang.invoke.Invokers$Holder.linkToTargetMethod(java.lang.Object, java.lang.Object, int, java.lang.Object)'> (0x0000000086c02b10) thrown at [./src/hotspot/share/interpreter/linkResolver.cpp, line 773]
Event: 5.643 Thread 0x0000029006e2e000 Exception <a 'java/lang/NoSuchMethodError'{0x0000000088582ea8}: 'java.lang.Object java.lang.invoke.DirectMethodHandle$Holder.invokeStaticInit(java.lang.Object, java.lang.Object, java.lang.Object)'> (0x0000000088582ea8) thrown at [./src/hotspot/share/interpreter/linkResolver.cpp, line 773]
Event: 5.660 Thread 0x0000029006e2e000 Exception <a 'java/lang/NoSuchMethodError'{0x00000000885c2a50}: 'java.lang.Object java.lang.invoke.DirectMethodHandle$Holder.invokeStatic(java.lang.Object, int, java.lang.Object, java.lang.Object)'> (0x00000000885c2a50) thrown at [./src/hotspot/share/interpreter/linkResolver.cpp, line 773]
Event: 5.662 Thread 0x0000029006e2e000 Exception <a 'java/lang/NoSuchMethodError'{0x00000000885ccef0}: 'int java.lang.invoke.DirectMethodHandle$Holder.invokeInterface(java.lang.Object, java.lang.Object)'> (0x00000000885ccef0) thrown at [./src/hotspot/share/interpreter/linkResolver.cpp, line 773]
Event: 5.780 Thread 0x0000029006e2e000 Implicit null exception at 0x0000029014575275 to 0x0000029014575448
Event: 5.780 Thread 0x0000029006e2e000 Implicit null exception at 0x00000290145062af to 0x000002901450631d
Event: 7.618 Thread 0x0000029006e2e000 Exception <a 'java/lang/NoSuchMethodError'{0x000000008a18d530}: 'java.lang.Object java.lang.invoke.Invokers$Holder.linkToTargetMethod(java.lang.Object, java.lang.Object, java.lang.Object, int, int, java.lang.Object)'> (0x000000008a18d530) thrown at [./src/hotspot/share/interpreter/linkResolver.cpp, line 773]
Event: 7.630 Thread 0x0000029006e2e000 Implicit null exception at 0x000002901471a219 to 0x000002901471a5fb
Event: 7.643 Thread 0x0000029006e2e000 Exception <a 'java/lang/NoSuchMethodError'{0x000000008a01bca0}: 'java.lang.Object java.lang.invoke.Invokers$Holder.linkToTargetMethod(java.lang.Object, java.lang.Object, java.lang.Object, java.lang.Object, java.lang.Object, java.lang.Object)'> (0x000000008a01bca0) thrown at [./src/hotspot/share/interpreter/linkResolver.cpp, line 773]
Event: 7.852 Thread 0x0000029006e2e000 Implicit null exception at 0x000002901460c34c to 0x000002901460c428
Event: 8.038 Thread 0x0000029006e2e000 Implicit null exception at 0x0000029014536e5e to 0x00000290145375ca
Event: 8.085 Thread 0x0000029006e2e000 Exception <a 'java/lang/NoSuchMethodError'{0x00000000889cf180}: 'java.lang.Object java.lang.invoke.DirectMethodHandle$Holder.invokeInterface(java.lang.Object, java.lang.Object, java.lang.Object)'> (0x00000000889cf180) thrown at [./src/hotspot/share/interpreter/linkResolver.cpp, line 773]
Event: 8.086 Thread 0x0000029006e2e000 Exception <a 'java/lang/IncompatibleClassChangeError'{0x00000000889d23b0}: Found class java.lang.Object, but interface was expected> (0x00000000889d23b0) thrown at [./src/hotspot/share/interpreter/linkResolver.cpp, line 839]
Event: 8.167 Thread 0x0000029006e2e000 Implicit null exception at 0x000002901470023c to 0x00000290147012d8
Event: 9.066 Thread 0x0000029006e2e000 Implicit null exception at 0x0000029014532f75 to 0x0000029014533134
Event: 9.349 Thread 0x0000029006e2e000 Exception <a 'java/lang/NoSuchMethodError'{0x000000008a646ad0}: 'java.lang.Object java.lang.invoke.DirectMethodHandle$Holder.invokeStaticInit(java.lang.Object, java.lang.Object, java.lang.Object, java.lang.Object)'> (0x000000008a646ad0) thrown at [./src/hotspot/share/interpreter/linkResolver.cpp, line 773]
Event: 9.762 Thread 0x0000029006e2e000 Exception <a 'java/lang/NoSuchMethodError'{0x000000008d393838}: 'int java.lang.invoke.DirectMethodHandle$Holder.invokeStaticInit(java.lang.Object, java.lang.Object, java.lang.Object, java.lang.Object)'> (0x000000008d393838) thrown at [./src/hotspot/share/interpreter/linkResolver.cpp, line 773]

Events (20 events):
Event: 9.787 loading class org/jetbrains/kotlin/ir/symbols/impl/IrFileSymbolImpl
Event: 9.787 loading class org/jetbrains/kotlin/ir/symbols/impl/IrFileSymbolImpl done
Event: 9.787 loading class org/jetbrains/kotlin/ir/symbols/IrFileSymbol
Event: 9.787 loading class org/jetbrains/kotlin/ir/symbols/IrFileSymbol done
Event: 9.787 loading class org/jetbrains/kotlin/ir/declarations/DescriptorMetadataSource$File
Event: 9.787 loading class org/jetbrains/kotlin/ir/declarations/DescriptorMetadataSource$File done
Event: 9.787 loading class org/jetbrains/kotlin/ir/declarations/MetadataSource$File
Event: 9.787 loading class org/jetbrains/kotlin/ir/declarations/MetadataSource$File done
Event: 9.788 loading class org/jetbrains/kotlin/ir/declarations/MetadataSource
Event: 9.788 loading class org/jetbrains/kotlin/ir/declarations/MetadataSource done
Event: 9.788 loading class org/jetbrains/kotlin/ir/declarations/DescriptorMetadataSource
Event: 9.788 loading class org/jetbrains/kotlin/ir/declarations/DescriptorMetadataSource done
Event: 9.788 loading class org/jetbrains/kotlin/backend/common/CodegenUtil
Event: 9.788 loading class org/jetbrains/kotlin/backend/common/CodegenUtil done
Event: 9.790 loading class org/jetbrains/kotlin/psi/KtFile
Event: 9.790 loading class org/jetbrains/kotlin/psi/KtFile done
Event: 9.790 loading class org/jetbrains/kotlin/psi/KtFile
Event: 9.790 loading class org/jetbrains/kotlin/psi/KtFile done
Event: 9.791 loading class org/jetbrains/kotlin/psi2ir/generators/ClassGenerator
Event: 9.791 loading class org/jetbrains/kotlin/psi2ir/generators/ClassGenerator done


Dynamic libraries:
0x00007ff71cbf0000 - 0x00007ff71cbfa000 	C:\Program Files\Android\Android Studio\jre\bin\java.exe
0x00007ff85a720000 - 0x00007ff85a929000 	C:\Windows\SYSTEM32\ntdll.dll
0x00007ff85a330000 - 0x00007ff85a3ee000 	C:\Windows\System32\KERNEL32.DLL
0x00007ff857ff0000 - 0x00007ff85836b000 	C:\Windows\System32\KERNELBASE.dll
0x00007ff857c60000 - 0x00007ff857d71000 	C:\Windows\System32\ucrtbase.dll
0x00007ff841a80000 - 0x00007ff841a97000 	C:\Program Files\Android\Android Studio\jre\bin\VCRUNTIME140.dll
0x00007ff842b50000 - 0x00007ff842b69000 	C:\Program Files\Android\Android Studio\jre\bin\jli.dll
0x00007ff85a530000 - 0x00007ff85a6dd000 	C:\Windows\System32\USER32.dll
0x00007ff857fc0000 - 0x00007ff857fe6000 	C:\Windows\System32\win32u.dll
0x00007ff842350000 - 0x00007ff8425f5000 	C:\Windows\WinSxS\amd64_microsoft.windows.common-controls_6595b64144ccf1df_6.0.22000.120_none_9d947278b86cc467\COMCTL32.dll
0x00007ff85a480000 - 0x00007ff85a523000 	C:\Windows\System32\msvcrt.dll
0x00007ff858da0000 - 0x00007ff858dc9000 	C:\Windows\System32\GDI32.dll
0x00007ff857d80000 - 0x00007ff857e98000 	C:\Windows\System32\gdi32full.dll
0x00007ff857f20000 - 0x00007ff857fbd000 	C:\Windows\System32\msvcp_win.dll
0x00007ff85a0b0000 - 0x00007ff85a0e2000 	C:\Windows\System32\IMM32.DLL
0x00007ff82a3e0000 - 0x00007ff82a47d000 	C:\Program Files\Android\Android Studio\jre\bin\msvcp140.dll
0x00007ff825150000 - 0x00007ff825c52000 	C:\Program Files\Android\Android Studio\jre\bin\server\jvm.dll
0x00007ff85a000000 - 0x00007ff85a0ae000 	C:\Windows\System32\ADVAPI32.dll
0x00007ff858850000 - 0x00007ff8588ee000 	C:\Windows\System32\sechost.dll
0x00007ff858c80000 - 0x00007ff858da0000 	C:\Windows\System32\RPCRT4.dll
0x00007ff858690000 - 0x00007ff858698000 	C:\Windows\System32\PSAPI.DLL
0x00007ff8501d0000 - 0x00007ff850203000 	C:\Windows\SYSTEM32\WINMM.dll
0x00007ff84ac80000 - 0x00007ff84ac8a000 	C:\Windows\SYSTEM32\VERSION.dll
0x00007ff854aa0000 - 0x00007ff854aa9000 	C:\Windows\SYSTEM32\WSOCK32.dll
0x00007ff8597a0000 - 0x00007ff85980f000 	C:\Windows\System32\WS2_32.dll
0x00007ff856d60000 - 0x00007ff856d78000 	C:\Windows\SYSTEM32\kernel.appcore.dll
0x00007ff84a8f0000 - 0x00007ff84a901000 	C:\Program Files\Android\Android Studio\jre\bin\verify.dll
0x00007ff855770000 - 0x00007ff855991000 	C:\Windows\SYSTEM32\DBGHELP.DLL
0x00007ff845ed0000 - 0x00007ff845f01000 	C:\Windows\SYSTEM32\dbgcore.DLL
0x00007ff857ea0000 - 0x00007ff857f1f000 	C:\Windows\System32\bcryptPrimitives.dll
0x00007ff842660000 - 0x00007ff842689000 	C:\Program Files\Android\Android Studio\jre\bin\java.dll
0x00007ff854a90000 - 0x00007ff854a9b000 	C:\Program Files\Android\Android Studio\jre\bin\jimage.dll
0x00007ff849ea0000 - 0x00007ff849eb8000 	C:\Program Files\Android\Android Studio\jre\bin\zip.dll
0x00007ff858dd0000 - 0x00007ff859587000 	C:\Windows\System32\SHELL32.dll
0x00007ff855c20000 - 0x00007ff856485000 	C:\Windows\SYSTEM32\windows.storage.dll
0x00007ff858900000 - 0x00007ff858c78000 	C:\Windows\System32\combase.dll
0x00007ff8559a0000 - 0x00007ff855b06000 	C:\Windows\SYSTEM32\wintypes.dll
0x00007ff858760000 - 0x00007ff85884a000 	C:\Windows\System32\SHCORE.dll
0x00007ff859810000 - 0x00007ff85986d000 	C:\Windows\System32\shlwapi.dll
0x00007ff857b20000 - 0x00007ff857b41000 	C:\Windows\SYSTEM32\profapi.dll
0x00007ff8482d0000 - 0x00007ff8482ea000 	C:\Program Files\Android\Android Studio\jre\bin\net.dll
0x00007ff84fbc0000 - 0x00007ff84fcd4000 	C:\Windows\SYSTEM32\WINHTTP.dll
0x00007ff857200000 - 0x00007ff857267000 	C:\Windows\system32\mswsock.dll
0x00007ff846700000 - 0x00007ff846714000 	C:\Program Files\Android\Android Studio\jre\bin\nio.dll

dbghelp: loaded successfully - version: 4.0.5 - missing functions: none
symbol engine: initialized successfully - sym options: 0x614 - pdb path: .;C:\Program Files\Android\Android Studio\jre\bin;C:\Windows\SYSTEM32;C:\Windows\WinSxS\amd64_microsoft.windows.common-controls_6595b64144ccf1df_6.0.22000.120_none_9d947278b86cc467;C:\Program Files\Android\Android Studio\jre\bin\server

VM Arguments:
java_command: org.jetbrains.kotlin.cli.jvm.K2JVMCompiler @D:\SETIK\findbarber\app\build\20230106_14338723543869831763.compiler.options
java_class_path (initial): C:\Users\Administrator\.gradle\caches\modules-2\files-2.1\org.jetbrains.kotlin\kotlin-compiler-embeddable\1.7.20\8db18559a581dd2c36ddfd5046af145650f5b126\kotlin-compiler-embeddable-1.7.20.jar;C:\Users\Administrator\.gradle\caches\modules-2\files-2.1\org.jetbrains.kotlin\kotlin-reflect\1.7.20\12b2501e33bb6373e8e347c86d85481863629381\kotlin-reflect-1.7.20.jar;C:\Users\Administrator\.gradle\caches\modules-2\files-2.1\org.jetbrains.kotlin\kotlin-stdlib\1.7.20\726594ea9ba2beb2ee113647fefa9a10f9fabe52\kotlin-stdlib-1.7.20.jar;C:\Users\Administrator\.gradle\caches\modules-2\files-2.1\org.jetbrains.kotlin\kotlin-script-runtime\1.7.20\bcd1cc6f865e632550357fcc59f5ffd532615a8\kotlin-script-runtime-1.7.20.jar;C:\Users\Administrator\.gradle\caches\modules-2\files-2.1\org.jetbrains.kotlin\kotlin-daemon-embeddable\1.7.20\1e24355adad8d529d75d5b19eab55484057431ba\kotlin-daemon-embeddable-1.7.20.jar;C:\Users\Administrator\.gradle\caches\modules-2\files-2.1\org.jetbrains.intellij.deps\trove4j\1.0.20200330\3afb14d5f9ceb459d724e907a21145e8ff394f02\trove4j-1.0.20200330.jar;C:\Users\Administrator\.gradle\caches\modules-2\files-2.1\net.java.dev.jna\jna\5.6.0\330f2244e9030119ab3030fc3fededc86713d9cc\jna-5.6.0.jar;C:\Users\Administrator\.gradle\caches\modules-2\files-2.1\org.jetbrains.kotlin\kotlin-stdlib-common\1.7.20\e15351bdaf9fa06f009be5da7a202e4184f00ae3\kotlin-stdlib-common-1.7.20.jar;C:\Users\Administrator\.gradle\caches\modules-2\files-2.1\org.jetbrains\annotations\13.0\919f0dfe192fb4e063e7dacadee7f8bb9a2672a9\annotations-13.0.jar
Launcher Type: SUN_STANDARD

[Global flags]
     intx CICompilerCount                          = 3                                         {product} {ergonomic}
     uint ConcGCThreads                            = 1                                         {product} {ergonomic}
     uint G1ConcRefinementThreads                  = 4                                         {product} {ergonomic}
   size_t G1HeapRegionSize                         = 1048576                                   {product} {ergonomic}
    uintx GCDrainStackTargetSize                   = 64                                        {product} {ergonomic}
   size_t InitialHeapSize                          = 134217728                                 {product} {ergonomic}
   size_t MarkStackSize                            = 4194304                                   {product} {ergonomic}
   size_t MaxHeapSize                              = 2118123520                                {product} {ergonomic}
   size_t MaxNewSize                               = 1270874112                                {product} {ergonomic}
   size_t MinHeapDeltaBytes                        = 1048576                                   {product} {ergonomic}
    uintx NonNMethodCodeHeapSize                   = 5830732                                {pd product} {ergonomic}
    uintx NonProfiledCodeHeapSize                  = 122913754                              {pd product} {ergonomic}
    uintx ProfiledCodeHeapSize                     = 122913754                              {pd product} {ergonomic}
    uintx ReservedCodeCacheSize                    = 251658240                              {pd product} {ergonomic}
     bool SegmentedCodeCache                       = true                                      {product} {ergonomic}
     bool UseCompressedClassPointers               = true                                 {lp64_product} {ergonomic}
     bool UseCompressedOops                        = true                                 {lp64_product} {ergonomic}
     bool UseG1GC                                  = true                                      {product} {ergonomic}
     bool UseLargePagesIndividualAllocation        = false                                  {pd product} {ergonomic}

Logging:
Log output configuration:
 #0: stdout all=warning uptime,level,tags
 #1: stderr all=off uptime,level,tags

Environment Variables:
PATH=C:\Program Files (x86)\Common Files\Oracle\Java\javapath;C:\Windows\system32;C:\Windows;C:\Windows\System32\Wbem;C:\Windows\System32\WindowsPowerShell\v1.0\;C:\Windows\System32\OpenSSH\;C:\Program Files\Git\cmd;C:\xampp\php;C:\ProgramData\ComposerSetup\bin;C:\Program Files (x86)\NVIDIA Corporation\PhysX\Common;C:\Program Files\NVIDIA Corporation\NVIDIA NvDLISR;C:\Program Files\nodejs\;C:\Program Files\dotnet\;C:\Users\Administrator\AppData\Local\Microsoft\WindowsApps;C:\Users\Administrator\AppData\Local\Programs\Microsoft VS Code\bin;C:\Users\Administrator\AppData\Roaming\Composer\vendor\bin;D:\xampp\php\php.exe;C:\Users\Administrator\AppData\Roaming\npm;
USERNAME=Administrator
OS=Windows_NT
PROCESSOR_IDENTIFIER=Intel64 Family 6 Model 142 Stepping 9, GenuineIntel



---------------  S Y S T E M  ---------------

OS: Windows 11 , 64 bit Build 22000 (10.0.22000.1335)
OS uptime: 0 days 23:26 hours

CPU:total 4 (initial active 4) (2 cores per cpu, 2 threads per core) family 6 model 142 stepping 9 microcode 0xde, cmov, cx8, fxsr, mmx, sse, sse2, sse3, ssse3, sse4.1, sse4.2, popcnt, avx, avx2, aes, clmul, erms, 3dnowpref, lzcnt, ht, tsc, tscinvbit, bmi1, bmi2, adx, fma

Memory: 4k page, system-wide physical 8073M (554M free)
TotalPageFile size 8073M (AvailPageFile size 5M)
current process WorkingSet (physical memory assigned to process): 344M, peak: 344M
current process commit charge ("private bytes"): 401M, peak: 402M

vm_info: OpenJDK 64-Bit Server VM (11.0.13+0-b1751.21-8125866) for windows-amd64 JRE (11.0.13+0-b1751.21-8125866), built on Feb  2 2022 03:00:22 by "builder" with MS VC++ 14.0 (VS2015)

END.
