#
# There is insufficient memory for the Java Runtime Environment to continue.
# Native memory allocation (malloc) failed to allocate 1532656 bytes for Chunk::new
# Possible reasons:
#   The system is out of physical RAM or swap space
#   The process is running with CompressedOops enabled, and the Java Heap may be blocking the growth of the native heap
# Possible solutions:
#   Reduce memory load on the system
#   Increase physical memory or swap space
#   Check if swap backing store is full
#   Decrease Java heap size (-Xmx/-Xms)
#   Decrease number of Java threads
#   Decrease Java thread stack sizes (-Xss)
#   Set larger code cache with -XX:ReservedCodeCacheSize=
#   JVM is running with Unscaled Compressed Oops mode in which the Java heap is
#     placed in the first 4GB address space. The Java Heap base address is the
#     maximum limit for the native heap growth. Please use -XX:HeapBaseMinAddress
#     to set the Java Heap base and to place the Java Heap above 4GB virtual address.
# This output file may be truncated or incomplete.
#
#  Out of Memory Error (./src/hotspot/share/memory/arena.cpp:197), pid=2668, tid=2264
#
# JRE version: OpenJDK Runtime Environment (11.0.13) (build 11.0.13+0-b1751.21-8125866)
# Java VM: OpenJDK 64-Bit Server VM (11.0.13+0-b1751.21-8125866, mixed mode, tiered, compressed oops, g1 gc, windows-amd64)
# No core dump will be written. Minidumps are not enabled by default on client versions of Windows
#

---------------  S U M M A R Y ------------

Command Line: --add-opens=java.base/java.util=ALL-UNNAMED --add-opens=java.base/java.lang=ALL-UNNAMED --add-opens=java.base/java.lang.invoke=ALL-UNNAMED --add-opens=java.base/java.util=ALL-UNNAMED --add-opens=java.prefs/java.util.prefs=ALL-UNNAMED --add-opens=java.prefs/java.util.prefs=ALL-UNNAMED --add-opens=java.base/java.nio.charset=ALL-UNNAMED --add-opens=java.base/java.net=ALL-UNNAMED --add-opens=java.base/java.util.concurrent.atomic=ALL-UNNAMED -Xmx2048m -Dfile.encoding=UTF-8 -Duser.country=US -Duser.language=en -Duser.variant org.gradle.launcher.daemon.bootstrap.GradleDaemon 7.4

Host: Intel(R) Core(TM) i3-7020U CPU @ 2.30GHz, 4 cores, 7G,  Windows 11 , 64 bit Build 22000 (10.0.22000.1335)
Time: Sat Jan  7 23:17:01 2023 SE Asia Standard Time elapsed time: 2640.464076 seconds (0d 0h 44m 0s)

---------------  T H R E A D  ---------------

Current thread (0x00000222c4df8000):  JavaThread "C2 CompilerThread0" daemon [_thread_in_native, id=2264, stack(0x0000004e9dd00000,0x0000004e9de00000)]


Current CompileTask:
C2:2640464 14708       4       org.gradle.internal.instantiation.generator.ParamsMatchingConstructorSelector::forParams (481 bytes)

Stack: [0x0000004e9dd00000,0x0000004e9de00000]
Native frames: (J=compiled Java code, j=interpreted, Vv=VM code, C=native code)
V  [jvm.dll+0x6100fa]
V  [jvm.dll+0x747090]
V  [jvm.dll+0x7486ad]
V  [jvm.dll+0x748d83]
V  [jvm.dll+0x24ab48]
V  [jvm.dll+0xc04dc]
V  [jvm.dll+0xc0a0c]
V  [jvm.dll+0x35eb5b]
V  [jvm.dll+0x32b833]
V  [jvm.dll+0x32ad2a]
V  [jvm.dll+0x2032b2]
V  [jvm.dll+0x202437]
V  [jvm.dll+0x188e01]
V  [jvm.dll+0x21106b]
V  [jvm.dll+0x20f8c1]
V  [jvm.dll+0x70de0f]
V  [jvm.dll+0x706a75]
V  [jvm.dll+0x60ed66]
C  [ucrtbase.dll+0x26c0c]
C  [KERNEL32.DLL+0x155a0]
C  [ntdll.dll+0x485b]


---------------  P R O C E S S  ---------------

Threads class SMR info:
_java_thread_list=0x00000222d21047f0, length=81, elements={
0x00000222ab1cd000, 0x00000222c4dd3800, 0x00000222c4dd4800, 0x00000222c5762800,
0x00000222c4def800, 0x00000222c4df2000, 0x00000222c4df8000, 0x00000222c4e02000,
0x00000222c4e0c000, 0x00000222c58b0800, 0x00000222c7b22800, 0x00000222c794c800,
0x00000222c6e47000, 0x00000222c7a6b000, 0x00000222c7a6e000, 0x00000222c7a6c000,
0x00000222c7a6f000, 0x00000222c7a6c800, 0x00000222c8280800, 0x00000222c827f000,
0x00000222c8282000, 0x00000222c8281800, 0x00000222c8288800, 0x00000222c7c5b000,
0x00000222c7c5c800, 0x00000222c7c57000, 0x00000222c7c51800, 0x00000222c7c58000,
0x00000222c7c56000, 0x00000222c7c52000, 0x00000222c7c58800, 0x00000222c7c53000,
0x00000222c7c53800, 0x00000222c7c5a800, 0x00000222c7c59800, 0x00000222c7c54800,
0x00000222c7c55800, 0x00000222c7c5c000, 0x00000222c7c5d800, 0x00000222c7c5e800,
0x00000222c7c60000, 0x00000222c7c5f000, 0x00000222c827c800, 0x00000222c8283000,
0x00000222c8289800, 0x00000222c8286000, 0x00000222c8287000, 0x00000222c8283800,
0x00000222c8288000, 0x00000222c8284800, 0x00000222c828b000, 0x00000222c828a800,
0x00000222c8285800, 0x00000222c7a69800, 0x00000222c7a6d800, 0x00000222c7a70000,
0x00000222c7a6a000, 0x00000222ccb3c800, 0x00000222ccb3e000, 0x00000222ccb42000,
0x00000222ccb41000, 0x00000222ccb3d000, 0x00000222ccb3f800, 0x00000222ccb44800,
0x00000222ccb40800, 0x00000222ccb3e800, 0x00000222ccb48800, 0x00000222ccb45800,
0x00000222ccb47800, 0x00000222ccb43800, 0x00000222ccb43000, 0x00000222ccb47000,
0x00000222ccb49800, 0x00000222ccb4a000, 0x00000222ccb46000, 0x00000222ccb4b000,
0x00000222c9602000, 0x00000222c95ff800, 0x00000222c9600800, 0x00000222c9603800,
0x00000222cfb22800
}

Java Threads: ( => current thread )
  0x00000222ab1cd000 JavaThread "main" [_thread_blocked, id=12764, stack(0x0000004e9d100000,0x0000004e9d200000)]
  0x00000222c4dd3800 JavaThread "Reference Handler" daemon [_thread_blocked, id=10032, stack(0x0000004e9d800000,0x0000004e9d900000)]
  0x00000222c4dd4800 JavaThread "Finalizer" daemon [_thread_blocked, id=9824, stack(0x0000004e9d900000,0x0000004e9da00000)]
  0x00000222c5762800 JavaThread "Signal Dispatcher" daemon [_thread_blocked, id=2808, stack(0x0000004e9da00000,0x0000004e9db00000)]
  0x00000222c4def800 JavaThread "Attach Listener" daemon [_thread_blocked, id=13628, stack(0x0000004e9db00000,0x0000004e9dc00000)]
  0x00000222c4df2000 JavaThread "Service Thread" daemon [_thread_blocked, id=6140, stack(0x0000004e9dc00000,0x0000004e9dd00000)]
=>0x00000222c4df8000 JavaThread "C2 CompilerThread0" daemon [_thread_in_native, id=2264, stack(0x0000004e9dd00000,0x0000004e9de00000)]
  0x00000222c4e02000 JavaThread "C1 CompilerThread0" daemon [_thread_in_vm, id=14968, stack(0x0000004e9de00000,0x0000004e9df00000)]
  0x00000222c4e0c000 JavaThread "Sweeper thread" daemon [_thread_blocked, id=1748, stack(0x0000004e9df00000,0x0000004e9e000000)]
  0x00000222c58b0800 JavaThread "Common-Cleaner" daemon [_thread_blocked, id=11140, stack(0x0000004e9e000000,0x0000004e9e100000)]
  0x00000222c7b22800 JavaThread "Daemon health stats" [_thread_blocked, id=8236, stack(0x0000004e9e500000,0x0000004e9e600000)]
  0x00000222c794c800 JavaThread "Incoming local TCP Connector on port 14105" [_thread_in_native, id=13624, stack(0x0000004e9e200000,0x0000004e9e300000)]
  0x00000222c6e47000 JavaThread "Daemon periodic checks" [_thread_blocked, id=9472, stack(0x0000004e9e600000,0x0000004e9e700000)]
  0x00000222c7a6b000 JavaThread "Cache worker for journal cache (C:\Users\Administrator\.gradle\caches\journal-1)" [_thread_blocked, id=9708, stack(0x0000004e9ef00000,0x0000004e9f000000)]
  0x00000222c7a6e000 JavaThread "File lock request listener" [_thread_in_native, id=12760, stack(0x0000004e9f000000,0x0000004e9f100000)]
  0x00000222c7a6c000 JavaThread "Cache worker for file hash cache (C:\Users\Administrator\.gradle\caches\7.4\fileHashes)" [_thread_blocked, id=4316, stack(0x0000004e9f100000,0x0000004e9f200000)]
  0x00000222c7a6f000 JavaThread "File watcher server" daemon [_thread_in_native, id=8108, stack(0x0000004e9f300000,0x0000004e9f400000)]
  0x00000222c7a6c800 JavaThread "File watcher consumer" daemon [_thread_blocked, id=6116, stack(0x0000004e9f400000,0x0000004e9f500000)]
  0x00000222c8280800 JavaThread "Cache worker for execution history cache (C:\Users\Administrator\.gradle\caches\7.4\executionHistory)" [_thread_blocked, id=6800, stack(0x0000004e9f900000,0x0000004e9fa00000)]
  0x00000222c827f000 JavaThread "jar transforms" [_thread_blocked, id=9332, stack(0x0000004e9fa00000,0x0000004e9fb00000)]
  0x00000222c8282000 JavaThread "Cache worker for file content cache (C:\Users\Administrator\.gradle\caches\7.4\fileContent)" [_thread_blocked, id=76, stack(0x0000004e9fb00000,0x0000004e9fc00000)]
  0x00000222c8281800 JavaThread "jar transforms Thread 2" [_thread_blocked, id=6264, stack(0x0000004e9fc00000,0x0000004e9fd00000)]
  0x00000222c8288800 JavaThread "jar transforms Thread 3" [_thread_blocked, id=9660, stack(0x0000004e9fe00000,0x0000004e9ff00000)]
  0x00000222c7c5b000 JavaThread "jar transforms Thread 4" [_thread_blocked, id=14072, stack(0x0000004ea2800000,0x0000004ea2900000)]
  0x00000222c7c5c800 JavaThread "Memory manager" [_thread_blocked, id=3888, stack(0x0000004ea2900000,0x0000004ea2a00000)]
  0x00000222c7c57000 JavaThread "Daemon Thread 2" [_thread_blocked, id=10740, stack(0x0000004e9cf00000,0x0000004e9d000000)]
  0x00000222c7c51800 JavaThread "Handler for socket connection from /127.0.0.1:14105 to /127.0.0.1:2364" [_thread_in_native, id=14276, stack(0x0000004e9d000000,0x0000004e9d100000)]
  0x00000222c7c58000 JavaThread "Cancel handler" [_thread_blocked, id=7884, stack(0x0000004e9e700000,0x0000004e9e800000)]
  0x00000222c7c56000 JavaThread "Daemon worker Thread 2" [_thread_in_vm, id=5992, stack(0x0000004e9e800000,0x0000004e9e900000)]
  0x00000222c7c52000 JavaThread "Asynchronous log dispatcher for DefaultDaemonConnection: socket connection from /127.0.0.1:14105 to /127.0.0.1:2364" [_thread_blocked, id=1552, stack(0x0000004e9e900000,0x0000004e9ea00000)]
  0x00000222c7c58800 JavaThread "Stdin handler" [_thread_blocked, id=8720, stack(0x0000004e9ea00000,0x0000004e9eb00000)]
  0x00000222c7c53000 JavaThread "Daemon client event forwarder" [_thread_blocked, id=5728, stack(0x0000004e9eb00000,0x0000004e9ec00000)]
  0x00000222c7c53800 JavaThread "Cache worker for checksums cache (D:\SETIK\findbarber\.gradle\7.4\checksums)" [_thread_blocked, id=6128, stack(0x0000004e9ec00000,0x0000004e9ed00000)]
  0x00000222c7c5a800 JavaThread "Cache worker for cache directory md-rule (C:\Users\Administrator\.gradle\caches\7.4\md-rule)" [_thread_blocked, id=12800, stack(0x0000004e9ed00000,0x0000004e9ee00000)]
  0x00000222c7c59800 JavaThread "Cache worker for file hash cache (D:\SETIK\findbarber\.gradle\7.4\fileHashes)" [_thread_blocked, id=2848, stack(0x0000004e9f200000,0x0000004e9f300000)]
  0x00000222c7c54800 JavaThread "Cache worker for cache directory md-supplier (C:\Users\Administrator\.gradle\caches\7.4\md-supplier)" [_thread_blocked, id=6400, stack(0x0000004e9f500000,0x0000004e9f600000)]
  0x00000222c7c55800 JavaThread "Cache worker for dependencies-accessors (D:\SETIK\findbarber\.gradle\7.4\dependencies-accessors)" [_thread_blocked, id=2388, stack(0x0000004e9f700000,0x0000004e9f800000)]
  0x00000222c7c5c000 JavaThread "Cache worker for Build Output Cleanup Cache (D:\SETIK\findbarber\.gradle\buildOutputCleanup)" [_thread_blocked, id=9164, stack(0x0000004e9f800000,0x0000004e9f900000)]
  0x00000222c7c5d800 JavaThread "Unconstrained build operations" [_thread_blocked, id=3296, stack(0x0000004e9fd00000,0x0000004e9fe00000)]
  0x00000222c7c5e800 JavaThread "Unconstrained build operations Thread 2" [_thread_blocked, id=14676, stack(0x0000004e9ff00000,0x0000004ea0000000)]
  0x00000222c7c60000 JavaThread "Unconstrained build operations Thread 3" [_thread_blocked, id=7900, stack(0x0000004ea0000000,0x0000004ea0100000)]
  0x00000222c7c5f000 JavaThread "Unconstrained build operations Thread 4" [_thread_blocked, id=7048, stack(0x0000004ea0100000,0x0000004ea0200000)]
  0x00000222c827c800 JavaThread "Unconstrained build operations Thread 5" [_thread_blocked, id=12936, stack(0x0000004ea0200000,0x0000004ea0300000)]
  0x00000222c8283000 JavaThread "Unconstrained build operations Thread 6" [_thread_blocked, id=13876, stack(0x0000004ea0300000,0x0000004ea0400000)]
  0x00000222c8289800 JavaThread "Unconstrained build operations Thread 7" [_thread_blocked, id=7856, stack(0x0000004ea0400000,0x0000004ea0500000)]
  0x00000222c8286000 JavaThread "Unconstrained build operations Thread 8" [_thread_blocked, id=6856, stack(0x0000004ea0500000,0x0000004ea0600000)]
  0x00000222c8287000 JavaThread "Unconstrained build operations Thread 9" [_thread_blocked, id=14628, stack(0x0000004ea0600000,0x0000004ea0700000)]
  0x00000222c8283800 JavaThread "Unconstrained build operations Thread 10" [_thread_blocked, id=2612, stack(0x0000004ea0700000,0x0000004ea0800000)]
  0x00000222c8288000 JavaThread "Unconstrained build operations Thread 11" [_thread_blocked, id=13888, stack(0x0000004ea0800000,0x0000004ea0900000)]
  0x00000222c8284800 JavaThread "Unconstrained build operations Thread 12" [_thread_blocked, id=10224, stack(0x0000004ea0900000,0x0000004ea0a00000)]
  0x00000222c828b000 JavaThread "Unconstrained build operations Thread 13" [_thread_blocked, id=5504, stack(0x0000004ea0a00000,0x0000004ea0b00000)]
  0x00000222c828a800 JavaThread "Unconstrained build operations Thread 14" [_thread_blocked, id=1124, stack(0x0000004ea0b00000,0x0000004ea0c00000)]
  0x00000222c8285800 JavaThread "Unconstrained build operations Thread 15" [_thread_blocked, id=1688, stack(0x0000004ea0c00000,0x0000004ea0d00000)]
  0x00000222c7a69800 JavaThread "Unconstrained build operations Thread 16" [_thread_blocked, id=14948, stack(0x0000004ea0d00000,0x0000004ea0e00000)]
  0x00000222c7a6d800 JavaThread "Unconstrained build operations Thread 17" [_thread_blocked, id=10976, stack(0x0000004ea0e00000,0x0000004ea0f00000)]
  0x00000222c7a70000 JavaThread "Unconstrained build operations Thread 18" [_thread_blocked, id=1736, stack(0x0000004ea0f00000,0x0000004ea1000000)]
  0x00000222c7a6a000 JavaThread "Unconstrained build operations Thread 19" [_thread_blocked, id=7772, stack(0x0000004ea1000000,0x0000004ea1100000)]
  0x00000222ccb3c800 JavaThread "Unconstrained build operations Thread 20" [_thread_blocked, id=15028, stack(0x0000004ea1100000,0x0000004ea1200000)]
  0x00000222ccb3e000 JavaThread "Unconstrained build operations Thread 21" [_thread_blocked, id=10040, stack(0x0000004ea1200000,0x0000004ea1300000)]
  0x00000222ccb42000 JavaThread "Unconstrained build operations Thread 22" [_thread_blocked, id=8652, stack(0x0000004ea1300000,0x0000004ea1400000)]
  0x00000222ccb41000 JavaThread "Unconstrained build operations Thread 23" [_thread_blocked, id=14016, stack(0x0000004ea1400000,0x0000004ea1500000)]
  0x00000222ccb3d000 JavaThread "Unconstrained build operations Thread 24" [_thread_blocked, id=13840, stack(0x0000004ea1500000,0x0000004ea1600000)]
  0x00000222ccb3f800 JavaThread "Unconstrained build operations Thread 25" [_thread_blocked, id=9008, stack(0x0000004ea1600000,0x0000004ea1700000)]
  0x00000222ccb44800 JavaThread "Unconstrained build operations Thread 26" [_thread_blocked, id=8308, stack(0x0000004ea1700000,0x0000004ea1800000)]
  0x00000222ccb40800 JavaThread "Unconstrained build operations Thread 27" [_thread_blocked, id=4836, stack(0x0000004ea1800000,0x0000004ea1900000)]
  0x00000222ccb3e800 JavaThread "Unconstrained build operations Thread 28" [_thread_blocked, id=8152, stack(0x0000004ea1900000,0x0000004ea1a00000)]
  0x00000222ccb48800 JavaThread "Unconstrained build operations Thread 29" [_thread_blocked, id=7516, stack(0x0000004ea1a00000,0x0000004ea1b00000)]
  0x00000222ccb45800 JavaThread "Unconstrained build operations Thread 30" [_thread_blocked, id=5512, stack(0x0000004ea1b00000,0x0000004ea1c00000)]
  0x00000222ccb47800 JavaThread "Unconstrained build operations Thread 31" [_thread_blocked, id=5292, stack(0x0000004ea1c00000,0x0000004ea1d00000)]
  0x00000222ccb43800 JavaThread "Unconstrained build operations Thread 32" [_thread_blocked, id=10668, stack(0x0000004ea1d00000,0x0000004ea1e00000)]
  0x00000222ccb43000 JavaThread "Unconstrained build operations Thread 33" [_thread_blocked, id=5212, stack(0x0000004ea1e00000,0x0000004ea1f00000)]
  0x00000222ccb47000 JavaThread "Unconstrained build operations Thread 34" [_thread_blocked, id=3960, stack(0x0000004ea1f00000,0x0000004ea2000000)]
  0x00000222ccb49800 JavaThread "Unconstrained build operations Thread 35" [_thread_blocked, id=5672, stack(0x0000004ea2000000,0x0000004ea2100000)]
  0x00000222ccb4a000 JavaThread "Unconstrained build operations Thread 36" [_thread_blocked, id=5656, stack(0x0000004ea2100000,0x0000004ea2200000)]
  0x00000222ccb46000 JavaThread "Unconstrained build operations Thread 37" [_thread_blocked, id=1448, stack(0x0000004ea2200000,0x0000004ea2300000)]
  0x00000222ccb4b000 JavaThread "Unconstrained build operations Thread 38" [_thread_blocked, id=12648, stack(0x0000004ea2300000,0x0000004ea2400000)]
  0x00000222c9602000 JavaThread "Unconstrained build operations Thread 39" [_thread_blocked, id=9668, stack(0x0000004ea2400000,0x0000004ea2500000)]
  0x00000222c95ff800 JavaThread "Unconstrained build operations Thread 40" [_thread_blocked, id=3848, stack(0x0000004ea2500000,0x0000004ea2600000)]
  0x00000222c9600800 JavaThread "included builds" [_thread_blocked, id=7796, stack(0x0000004ea2700000,0x0000004ea2800000)]
  0x00000222c9603800 JavaThread "Cache worker for execution history cache (D:\SETIK\findbarber\.gradle\7.4\executionHistory)" [_thread_blocked, id=7916, stack(0x0000004ea2d00000,0x0000004ea2e00000)]
  0x00000222cfb22800 JavaThread "C2 CompilerThread1" daemon [_thread_in_native, id=9704, stack(0x0000004e9f600000,0x0000004e9f700000)]

Other Threads:
  0x00000222c4dce000 VMThread "VM Thread" [stack: 0x0000004e9d700000,0x0000004e9d800000] [id=11376]
  0x00000222c58db800 WatcherThread [stack: 0x0000004e9e100000,0x0000004e9e200000] [id=7628]
  0x00000222ab1e7000 GCTaskThread "GC Thread#0" [stack: 0x0000004e9d200000,0x0000004e9d300000] [id=3500]
  0x00000222c5d1e800 GCTaskThread "GC Thread#1" [stack: 0x0000004e9e300000,0x0000004e9e400000] [id=2120]
  0x00000222c5b16800 GCTaskThread "GC Thread#2" [stack: 0x0000004e9e400000,0x0000004e9e500000] [id=12464]
  0x00000222c7aa1800 GCTaskThread "GC Thread#3" [stack: 0x0000004e9ee00000,0x0000004e9ef00000] [id=14548]
  0x00000222ab218800 ConcurrentGCThread "G1 Main Marker" [stack: 0x0000004e9d300000,0x0000004e9d400000] [id=15148]
  0x00000222ab21a800 ConcurrentGCThread "G1 Conc#0" [stack: 0x0000004e9d400000,0x0000004e9d500000] [id=12212]
  0x00000222ab2a9000 ConcurrentGCThread "G1 Refine#0" [stack: 0x0000004e9d500000,0x0000004e9d600000] [id=5256]
  0x00000222c7cb5800 ConcurrentGCThread "G1 Refine#1" [stack: 0x0000004ea2600000,0x0000004ea2700000] [id=9700]
  0x00000222ab2ac000 ConcurrentGCThread "G1 Young RemSet Sampling" [stack: 0x0000004e9d600000,0x0000004e9d700000] [id=6492]

Threads with active compile tasks:
C2 CompilerThread02640520 14708       4       org.gradle.internal.instantiation.generator.ParamsMatchingConstructorSelector::forParams (481 bytes)
C2 CompilerThread12640520 14795       4       java.lang.invoke.InvokerBytecodeGenerator::emitImplicitConversion (159 bytes)

VM state:not at safepoint (normal execution)

VM Mutex/Monitor currently owned by a thread: None

Heap address: 0x0000000080000000, size: 2048 MB, Compressed Oops mode: 32-bit
Narrow klass base: 0x0000000000000000, Narrow klass shift: 3
Compressed class space size: 1073741824 Address: 0x0000000100000000

Heap:
 garbage-first heap   total 227328K, used 166216K [0x0000000080000000, 0x0000000100000000)
  region size 1024K, 6 young (6144K), 2 survivors (2048K)
 Metaspace       used 109998K, capacity 112716K, committed 112848K, reserved 1157120K
  class space    used 13996K, capacity 14986K, committed 15104K, reserved 1048576K
Heap Regions: E=young(eden), S=young(survivor), O=old, HS=humongous(starts), HC=humongous(continues), CS=collection set, F=free, A=archive, TAMS=top-at-mark-start (previous, next)
|   0|0x0000000080000000, 0x0000000080100000, 0x0000000080100000|100%|HS|  |TAMS 0x0000000080100000, 0x0000000080000000| Complete 
|   1|0x0000000080100000, 0x0000000080200000, 0x0000000080200000|100%|HC|  |TAMS 0x0000000080200000, 0x0000000080100000| Complete 
|   2|0x0000000080200000, 0x0000000080300000, 0x0000000080300000|100%|HC|  |TAMS 0x0000000080300000, 0x0000000080200000| Complete 
|   3|0x0000000080300000, 0x0000000080400000, 0x0000000080400000|100%| O|  |TAMS 0x0000000080400000, 0x0000000080300000| Untracked 
|   4|0x0000000080400000, 0x0000000080500000, 0x0000000080500000|100%| O|  |TAMS 0x0000000080500000, 0x0000000080400000| Untracked 
|   5|0x0000000080500000, 0x0000000080600000, 0x0000000080600000|100%| O|  |TAMS 0x0000000080600000, 0x0000000080500000| Untracked 
|   6|0x0000000080600000, 0x0000000080700000, 0x0000000080700000|100%| O|  |TAMS 0x0000000080700000, 0x0000000080600000| Untracked 
|   7|0x0000000080700000, 0x0000000080800000, 0x0000000080800000|100%| O|  |TAMS 0x0000000080800000, 0x0000000080700000| Untracked 
|   8|0x0000000080800000, 0x0000000080900000, 0x0000000080900000|100%| O|  |TAMS 0x0000000080900000, 0x0000000080800000| Untracked 
|   9|0x0000000080900000, 0x0000000080a00000, 0x0000000080a00000|100%| O|  |TAMS 0x0000000080a00000, 0x0000000080900000| Untracked 
|  10|0x0000000080a00000, 0x0000000080b00000, 0x0000000080b00000|100%| O|  |TAMS 0x0000000080b00000, 0x0000000080a00000| Untracked 
|  11|0x0000000080b00000, 0x0000000080c00000, 0x0000000080c00000|100%| O|  |TAMS 0x0000000080c00000, 0x0000000080b00000| Untracked 
|  12|0x0000000080c00000, 0x0000000080d00000, 0x0000000080d00000|100%| O|  |TAMS 0x0000000080d00000, 0x0000000080c00000| Untracked 
|  13|0x0000000080d00000, 0x0000000080e00000, 0x0000000080e00000|100%| O|  |TAMS 0x0000000080e00000, 0x0000000080d00000| Untracked 
|  14|0x0000000080e00000, 0x0000000080f00000, 0x0000000080f00000|100%| O|  |TAMS 0x0000000080f00000, 0x0000000080e00000| Untracked 
|  15|0x0000000080f00000, 0x0000000081000000, 0x0000000081000000|100%| O|  |TAMS 0x0000000081000000, 0x0000000080f00000| Untracked 
|  16|0x0000000081000000, 0x0000000081100000, 0x0000000081100000|100%| O|  |TAMS 0x0000000081100000, 0x0000000081000000| Untracked 
|  17|0x0000000081100000, 0x0000000081200000, 0x0000000081200000|100%|HS|  |TAMS 0x0000000081200000, 0x0000000081100000| Complete 
|  18|0x0000000081200000, 0x0000000081300000, 0x0000000081300000|100%| O|  |TAMS 0x0000000081300000, 0x0000000081200000| Untracked 
|  19|0x0000000081300000, 0x0000000081400000, 0x0000000081400000|100%| O|  |TAMS 0x0000000081400000, 0x0000000081300000| Untracked 
|  20|0x0000000081400000, 0x0000000081500000, 0x0000000081500000|100%| O|  |TAMS 0x0000000081500000, 0x0000000081400000| Untracked 
|  21|0x0000000081500000, 0x0000000081600000, 0x0000000081600000|100%| O|  |TAMS 0x0000000081600000, 0x0000000081500000| Untracked 
|  22|0x0000000081600000, 0x0000000081700000, 0x0000000081700000|100%| O|  |TAMS 0x0000000081700000, 0x0000000081600000| Untracked 
|  23|0x0000000081700000, 0x0000000081800000, 0x0000000081800000|100%| O|  |TAMS 0x0000000081800000, 0x0000000081700000| Untracked 
|  24|0x0000000081800000, 0x0000000081900000, 0x0000000081900000|100%|HS|  |TAMS 0x0000000081900000, 0x0000000081800000| Complete 
|  25|0x0000000081900000, 0x0000000081a00000, 0x0000000081a00000|100%|HS|  |TAMS 0x0000000081a00000, 0x0000000081900000| Complete 
|  26|0x0000000081a00000, 0x0000000081b00000, 0x0000000081b00000|100%|HS|  |TAMS 0x0000000081b00000, 0x0000000081a00000| Complete 
|  27|0x0000000081b00000, 0x0000000081c00000, 0x0000000081c00000|100%|HC|  |TAMS 0x0000000081c00000, 0x0000000081b00000| Complete 
|  28|0x0000000081c00000, 0x0000000081d00000, 0x0000000081d00000|100%|HC|  |TAMS 0x0000000081d00000, 0x0000000081c00000| Complete 
|  29|0x0000000081d00000, 0x0000000081e00000, 0x0000000081e00000|100%|HC|  |TAMS 0x0000000081e00000, 0x0000000081d00000| Complete 
|  30|0x0000000081e00000, 0x0000000081f00000, 0x0000000081f00000|100%| O|  |TAMS 0x0000000081f00000, 0x0000000081e00000| Untracked 
|  31|0x0000000081f00000, 0x0000000082000000, 0x0000000082000000|100%|HS|  |TAMS 0x0000000082000000, 0x0000000081f00000| Complete 
|  32|0x0000000082000000, 0x0000000082100000, 0x0000000082100000|100%|HC|  |TAMS 0x0000000082100000, 0x0000000082000000| Complete 
|  33|0x0000000082100000, 0x0000000082200000, 0x0000000082200000|100%| O|  |TAMS 0x0000000082200000, 0x0000000082100000| Untracked 
|  34|0x0000000082200000, 0x0000000082300000, 0x0000000082300000|100%| O|  |TAMS 0x0000000082300000, 0x0000000082200000| Untracked 
|  35|0x0000000082300000, 0x0000000082400000, 0x0000000082400000|100%| O|  |TAMS 0x0000000082400000, 0x0000000082300000| Untracked 
|  36|0x0000000082400000, 0x0000000082500000, 0x0000000082500000|100%| O|  |TAMS 0x0000000082500000, 0x0000000082400000| Untracked 
|  37|0x0000000082500000, 0x0000000082600000, 0x0000000082600000|100%|HS|  |TAMS 0x0000000082600000, 0x0000000082500000| Complete 
|  38|0x0000000082600000, 0x0000000082700000, 0x0000000082700000|100%| O|  |TAMS 0x0000000082700000, 0x0000000082600000| Untracked 
|  39|0x0000000082700000, 0x0000000082800000, 0x0000000082800000|100%| O|  |TAMS 0x0000000082800000, 0x0000000082700000| Untracked 
|  40|0x0000000082800000, 0x0000000082900000, 0x0000000082900000|100%| O|  |TAMS 0x0000000082900000, 0x0000000082800000| Untracked 
|  41|0x0000000082900000, 0x0000000082a00000, 0x0000000082a00000|100%| O|  |TAMS 0x0000000082a00000, 0x0000000082900000| Untracked 
|  42|0x0000000082a00000, 0x0000000082b00000, 0x0000000082b00000|100%| O|  |TAMS 0x0000000082b00000, 0x0000000082a00000| Untracked 
|  43|0x0000000082b00000, 0x0000000082c00000, 0x0000000082c00000|100%| O|  |TAMS 0x0000000082c00000, 0x0000000082b00000| Untracked 
|  44|0x0000000082c00000, 0x0000000082d00000, 0x0000000082d00000|100%| O|  |TAMS 0x0000000082d00000, 0x0000000082c00000| Untracked 
|  45|0x0000000082d00000, 0x0000000082e00000, 0x0000000082e00000|100%| O|  |TAMS 0x0000000082e00000, 0x0000000082d00000| Untracked 
|  46|0x0000000082e00000, 0x0000000082f00000, 0x0000000082f00000|100%| O|  |TAMS 0x0000000082f00000, 0x0000000082e00000| Untracked 
|  47|0x0000000082f00000, 0x0000000083000000, 0x0000000083000000|100%|HS|  |TAMS 0x0000000083000000, 0x0000000082f00000| Complete 
|  48|0x0000000083000000, 0x0000000083100000, 0x0000000083100000|100%|HC|  |TAMS 0x0000000083100000, 0x0000000083000000| Complete 
|  49|0x0000000083100000, 0x0000000083200000, 0x0000000083200000|100%| O|  |TAMS 0x0000000083200000, 0x0000000083100000| Untracked 
|  50|0x0000000083200000, 0x0000000083300000, 0x0000000083300000|100%| O|  |TAMS 0x0000000083300000, 0x0000000083200000| Untracked 
|  51|0x0000000083300000, 0x0000000083400000, 0x0000000083400000|100%| O|  |TAMS 0x0000000083400000, 0x0000000083300000| Untracked 
|  52|0x0000000083400000, 0x0000000083500000, 0x0000000083500000|100%| O|  |TAMS 0x0000000083500000, 0x0000000083400000| Untracked 
|  53|0x0000000083500000, 0x0000000083600000, 0x0000000083600000|100%| O|  |TAMS 0x0000000083600000, 0x0000000083500000| Untracked 
|  54|0x0000000083600000, 0x0000000083700000, 0x0000000083700000|100%| O|  |TAMS 0x0000000083700000, 0x0000000083600000| Untracked 
|  55|0x0000000083700000, 0x0000000083800000, 0x0000000083800000|100%| O|  |TAMS 0x0000000083800000, 0x0000000083700000| Untracked 
|  56|0x0000000083800000, 0x0000000083900000, 0x0000000083900000|100%| O|  |TAMS 0x0000000083900000, 0x0000000083800000| Untracked 
|  57|0x0000000083900000, 0x0000000083a00000, 0x0000000083a00000|100%| O|  |TAMS 0x0000000083a00000, 0x0000000083900000| Untracked 
|  58|0x0000000083a00000, 0x0000000083b00000, 0x0000000083b00000|100%| O|  |TAMS 0x0000000083b00000, 0x0000000083a00000| Untracked 
|  59|0x0000000083b00000, 0x0000000083c00000, 0x0000000083c00000|100%| O|  |TAMS 0x0000000083c00000, 0x0000000083b00000| Untracked 
|  60|0x0000000083c00000, 0x0000000083d00000, 0x0000000083d00000|100%| O|  |TAMS 0x0000000083d00000, 0x0000000083c00000| Untracked 
|  61|0x0000000083d00000, 0x0000000083e00000, 0x0000000083e00000|100%| O|  |TAMS 0x0000000083e00000, 0x0000000083d00000| Untracked 
|  62|0x0000000083e00000, 0x0000000083f00000, 0x0000000083f00000|100%| O|  |TAMS 0x0000000083f00000, 0x0000000083e00000| Untracked 
|  63|0x0000000083f00000, 0x0000000084000000, 0x0000000084000000|100%| O|  |TAMS 0x0000000084000000, 0x0000000083f00000| Untracked 
|  64|0x0000000084000000, 0x0000000084000000, 0x0000000084100000|  0%| F|  |TAMS 0x0000000084000000, 0x0000000084000000| Untracked 
|  65|0x0000000084100000, 0x0000000084200000, 0x0000000084200000|100%|HS|  |TAMS 0x0000000084200000, 0x0000000084100000| Complete 
|  66|0x0000000084200000, 0x0000000084300000, 0x0000000084300000|100%|HC|  |TAMS 0x0000000084300000, 0x0000000084200000| Complete 
|  67|0x0000000084300000, 0x0000000084400000, 0x0000000084400000|100%|HC|  |TAMS 0x0000000084400000, 0x0000000084300000| Complete 
|  68|0x0000000084400000, 0x0000000084500000, 0x0000000084500000|100%| O|  |TAMS 0x0000000084500000, 0x0000000084400000| Untracked 
|  69|0x0000000084500000, 0x0000000084600000, 0x0000000084600000|100%| O|  |TAMS 0x0000000084600000, 0x0000000084500000| Untracked 
|  70|0x0000000084600000, 0x0000000084700000, 0x0000000084700000|100%| O|  |TAMS 0x0000000084700000, 0x0000000084600000| Untracked 
|  71|0x0000000084700000, 0x0000000084800000, 0x0000000084800000|100%| O|  |TAMS 0x0000000084800000, 0x0000000084700000| Untracked 
|  72|0x0000000084800000, 0x0000000084900000, 0x0000000084900000|100%| O|  |TAMS 0x0000000084900000, 0x0000000084800000| Untracked 
|  73|0x0000000084900000, 0x0000000084a00000, 0x0000000084a00000|100%| O|  |TAMS 0x0000000084a00000, 0x0000000084900000| Untracked 
|  74|0x0000000084a00000, 0x0000000084b00000, 0x0000000084b00000|100%| O|  |TAMS 0x0000000084b00000, 0x0000000084a00000| Untracked 
|  75|0x0000000084b00000, 0x0000000084c00000, 0x0000000084c00000|100%| O|  |TAMS 0x0000000084c00000, 0x0000000084b00000| Untracked 
|  76|0x0000000084c00000, 0x0000000084d00000, 0x0000000084d00000|100%| O|  |TAMS 0x0000000084d00000, 0x0000000084c00000| Untracked 
|  77|0x0000000084d00000, 0x0000000084e00000, 0x0000000084e00000|100%| O|  |TAMS 0x0000000084e00000, 0x0000000084d00000| Untracked 
|  78|0x0000000084e00000, 0x0000000084f00000, 0x0000000084f00000|100%| O|  |TAMS 0x0000000084f00000, 0x0000000084e00000| Untracked 
|  79|0x0000000084f00000, 0x0000000085000000, 0x0000000085000000|100%| O|  |TAMS 0x0000000085000000, 0x0000000084f00000| Untracked 
|  80|0x0000000085000000, 0x0000000085100000, 0x0000000085100000|100%| O|  |TAMS 0x0000000085100000, 0x0000000085000000| Untracked 
|  81|0x0000000085100000, 0x0000000085200000, 0x0000000085200000|100%| O|  |TAMS 0x0000000085200000, 0x0000000085100000| Untracked 
|  82|0x0000000085200000, 0x0000000085300000, 0x0000000085300000|100%| O|  |TAMS 0x0000000085300000, 0x0000000085200000| Untracked 
|  83|0x0000000085300000, 0x0000000085400000, 0x0000000085400000|100%|HS|  |TAMS 0x0000000085400000, 0x0000000085300000| Complete 
|  84|0x0000000085400000, 0x0000000085500000, 0x0000000085500000|100%|HC|  |TAMS 0x0000000085500000, 0x0000000085400000| Complete 
|  85|0x0000000085500000, 0x0000000085600000, 0x0000000085600000|100%|HS|  |TAMS 0x0000000085600000, 0x0000000085500000| Complete 
|  86|0x0000000085600000, 0x0000000085700000, 0x0000000085700000|100%|HC|  |TAMS 0x0000000085700000, 0x0000000085600000| Complete 
|  87|0x0000000085700000, 0x0000000085800000, 0x0000000085800000|100%|HC|  |TAMS 0x0000000085800000, 0x0000000085700000| Complete 
|  88|0x0000000085800000, 0x0000000085900000, 0x0000000085900000|100%|HS|  |TAMS 0x0000000085900000, 0x0000000085800000| Complete 
|  89|0x0000000085900000, 0x0000000085a00000, 0x0000000085a00000|100%|HC|  |TAMS 0x0000000085a00000, 0x0000000085900000| Complete 
|  90|0x0000000085a00000, 0x0000000085b00000, 0x0000000085b00000|100%|HC|  |TAMS 0x0000000085b00000, 0x0000000085a00000| Complete 
|  91|0x0000000085b00000, 0x0000000085c00000, 0x0000000085c00000|100%|HS|  |TAMS 0x0000000085c00000, 0x0000000085b00000| Complete 
|  92|0x0000000085c00000, 0x0000000085d00000, 0x0000000085d00000|100%|HC|  |TAMS 0x0000000085d00000, 0x0000000085c00000| Complete 
|  93|0x0000000085d00000, 0x0000000085e00000, 0x0000000085e00000|100%|HC|  |TAMS 0x0000000085e00000, 0x0000000085d00000| Complete 
|  94|0x0000000085e00000, 0x0000000085f00000, 0x0000000085f00000|100%|HC|  |TAMS 0x0000000085f00000, 0x0000000085e00000| Complete 
|  95|0x0000000085f00000, 0x0000000086000000, 0x0000000086000000|100%|HS|  |TAMS 0x0000000086000000, 0x0000000085f00000| Complete 
|  96|0x0000000086000000, 0x0000000086100000, 0x0000000086100000|100%|HC|  |TAMS 0x0000000086100000, 0x0000000086000000| Complete 
|  97|0x0000000086100000, 0x0000000086200000, 0x0000000086200000|100%|HC|  |TAMS 0x0000000086200000, 0x0000000086100000| Complete 
|  98|0x0000000086200000, 0x0000000086300000, 0x0000000086300000|100%|HC|  |TAMS 0x0000000086300000, 0x0000000086200000| Complete 
|  99|0x0000000086300000, 0x0000000086400000, 0x0000000086400000|100%|HC|  |TAMS 0x0000000086400000, 0x0000000086300000| Complete 
| 100|0x0000000086400000, 0x0000000086500000, 0x0000000086500000|100%| O|  |TAMS 0x0000000086500000, 0x0000000086400000| Untracked 
| 101|0x0000000086500000, 0x0000000086600000, 0x0000000086600000|100%| O|  |TAMS 0x0000000086600000, 0x0000000086500000| Untracked 
| 102|0x0000000086600000, 0x0000000086700000, 0x0000000086700000|100%| O|  |TAMS 0x0000000086700000, 0x0000000086600000| Untracked 
| 103|0x0000000086700000, 0x0000000086800000, 0x0000000086800000|100%| O|  |TAMS 0x0000000086800000, 0x0000000086700000| Untracked 
| 104|0x0000000086800000, 0x0000000086900000, 0x0000000086900000|100%| O|  |TAMS 0x0000000086900000, 0x0000000086800000| Untracked 
| 105|0x0000000086900000, 0x0000000086a00000, 0x0000000086a00000|100%| O|  |TAMS 0x0000000086918a00, 0x0000000086900000| Untracked 
| 106|0x0000000086a00000, 0x0000000086b00000, 0x0000000086b00000|100%|HS|  |TAMS 0x0000000086b00000, 0x0000000086a00000| Complete 
| 107|0x0000000086b00000, 0x0000000086c00000, 0x0000000086c00000|100%|HS|  |TAMS 0x0000000086c00000, 0x0000000086b00000| Complete 
| 108|0x0000000086c00000, 0x0000000086d00000, 0x0000000086d00000|100%|HC|  |TAMS 0x0000000086d00000, 0x0000000086c00000| Complete 
| 109|0x0000000086d00000, 0x0000000086e00000, 0x0000000086e00000|100%|HC|  |TAMS 0x0000000086e00000, 0x0000000086d00000| Complete 
| 110|0x0000000086e00000, 0x0000000086f00000, 0x0000000086f00000|100%|HC|  |TAMS 0x0000000086f00000, 0x0000000086e00000| Complete 
| 111|0x0000000086f00000, 0x0000000087000000, 0x0000000087000000|100%|HS|  |TAMS 0x0000000087000000, 0x0000000086f00000| Complete 
| 112|0x0000000087000000, 0x0000000087100000, 0x0000000087100000|100%|HC|  |TAMS 0x0000000087100000, 0x0000000087000000| Complete 
| 113|0x0000000087100000, 0x0000000087200000, 0x0000000087200000|100%|HC|  |TAMS 0x0000000087200000, 0x0000000087100000| Complete 
| 114|0x0000000087200000, 0x0000000087300000, 0x0000000087300000|100%|HS|  |TAMS 0x0000000087300000, 0x0000000087200000| Complete 
| 115|0x0000000087300000, 0x0000000087400000, 0x0000000087400000|100%|HC|  |TAMS 0x0000000087400000, 0x0000000087300000| Complete 
| 116|0x0000000087400000, 0x0000000087500000, 0x0000000087500000|100%|HS|  |TAMS 0x0000000087500000, 0x0000000087400000| Complete 
| 117|0x0000000087500000, 0x0000000087600000, 0x0000000087600000|100%|HC|  |TAMS 0x0000000087600000, 0x0000000087500000| Complete 
| 118|0x0000000087600000, 0x0000000087700000, 0x0000000087700000|100%|HC|  |TAMS 0x0000000087700000, 0x0000000087600000| Complete 
| 119|0x0000000087700000, 0x0000000087800000, 0x0000000087800000|100%|HS|  |TAMS 0x0000000087800000, 0x0000000087700000| Complete 
| 120|0x0000000087800000, 0x0000000087900000, 0x0000000087900000|100%|HC|  |TAMS 0x0000000087900000, 0x0000000087800000| Complete 
| 121|0x0000000087900000, 0x0000000087a00000, 0x0000000087a00000|100%|HC|  |TAMS 0x0000000087a00000, 0x0000000087900000| Complete 
| 122|0x0000000087a00000, 0x0000000087b00000, 0x0000000087b00000|100%|HC|  |TAMS 0x0000000087b00000, 0x0000000087a00000| Complete 
| 123|0x0000000087b00000, 0x0000000087c00000, 0x0000000087c00000|100%|HC|  |TAMS 0x0000000087c00000, 0x0000000087b00000| Complete 
| 124|0x0000000087c00000, 0x0000000087d00000, 0x0000000087d00000|100%| O|  |TAMS 0x0000000087d00000, 0x0000000087c00000| Untracked 
| 125|0x0000000087d00000, 0x0000000087e00000, 0x0000000087e00000|100%| O|  |TAMS 0x0000000087e00000, 0x0000000087d00000| Untracked 
| 126|0x0000000087e00000, 0x0000000087e00000, 0x0000000087f00000|  0%| F|  |TAMS 0x0000000087e00000, 0x0000000087e00000| Untracked 
| 127|0x0000000087f00000, 0x0000000088000000, 0x0000000088000000|100%| O|  |TAMS 0x0000000088000000, 0x0000000087f00000| Untracked 
| 128|0x0000000088000000, 0x0000000088100000, 0x0000000088100000|100%| O|  |TAMS 0x0000000088100000, 0x0000000088000000| Untracked 
| 129|0x0000000088100000, 0x0000000088200000, 0x0000000088200000|100%| O|  |TAMS 0x0000000088100000, 0x0000000088100000| Untracked 
| 130|0x0000000088200000, 0x00000000882f7200, 0x0000000088300000| 96%| O|  |TAMS 0x0000000088200000, 0x0000000088200000| Untracked 
| 131|0x0000000088300000, 0x0000000088400000, 0x0000000088400000|100%| O|  |TAMS 0x0000000088400000, 0x0000000088300000| Untracked 
| 132|0x0000000088400000, 0x0000000088500000, 0x0000000088500000|100%| O|  |TAMS 0x0000000088500000, 0x0000000088400000| Untracked 
| 133|0x0000000088500000, 0x0000000088600000, 0x0000000088600000|100%| O|  |TAMS 0x0000000088600000, 0x0000000088500000| Untracked 
| 134|0x0000000088600000, 0x0000000088700000, 0x0000000088700000|100%| O|  |TAMS 0x0000000088700000, 0x0000000088600000| Untracked 
| 135|0x0000000088700000, 0x0000000088800000, 0x0000000088800000|100%| O|  |TAMS 0x0000000088800000, 0x0000000088700000| Untracked 
| 136|0x0000000088800000, 0x0000000088900000, 0x0000000088900000|100%| O|  |TAMS 0x0000000088900000, 0x0000000088800000| Untracked 
| 137|0x0000000088900000, 0x0000000088a00000, 0x0000000088a00000|100%| O|  |TAMS 0x0000000088a00000, 0x0000000088900000| Untracked 
| 138|0x0000000088a00000, 0x0000000088b00000, 0x0000000088b00000|100%| O|  |TAMS 0x0000000088b00000, 0x0000000088a00000| Untracked 
| 139|0x0000000088b00000, 0x0000000088c00000, 0x0000000088c00000|100%| O|  |TAMS 0x0000000088c00000, 0x0000000088b00000| Untracked 
| 140|0x0000000088c00000, 0x0000000088d00000, 0x0000000088d00000|100%| O|  |TAMS 0x0000000088d00000, 0x0000000088c00000| Untracked 
| 141|0x0000000088d00000, 0x0000000088e00000, 0x0000000088e00000|100%| O|  |TAMS 0x0000000088e00000, 0x0000000088d00000| Untracked 
| 142|0x0000000088e00000, 0x0000000088f00000, 0x0000000088f00000|100%| O|  |TAMS 0x0000000088f00000, 0x0000000088e00000| Untracked 
| 143|0x0000000088f00000, 0x0000000089000000, 0x0000000089000000|100%| O|  |TAMS 0x0000000089000000, 0x0000000088f00000| Untracked 
| 144|0x0000000089000000, 0x0000000089100000, 0x0000000089100000|100%| O|  |TAMS 0x0000000089100000, 0x0000000089000000| Untracked 
| 145|0x0000000089100000, 0x0000000089200000, 0x0000000089200000|100%| O|  |TAMS 0x0000000089200000, 0x0000000089100000| Untracked 
| 146|0x0000000089200000, 0x0000000089300000, 0x0000000089300000|100%| O|  |TAMS 0x0000000089300000, 0x0000000089200000| Untracked 
| 147|0x0000000089300000, 0x0000000089400000, 0x0000000089400000|100%| O|  |TAMS 0x0000000089400000, 0x0000000089300000| Untracked 
| 148|0x0000000089400000, 0x0000000089400000, 0x0000000089500000|  0%| F|  |TAMS 0x0000000089400000, 0x0000000089400000| Untracked 
| 149|0x0000000089500000, 0x0000000089500000, 0x0000000089600000|  0%| F|  |TAMS 0x0000000089500000, 0x0000000089500000| Untracked 
| 150|0x0000000089600000, 0x0000000089700000, 0x0000000089700000|100%|HS|  |TAMS 0x0000000089700000, 0x0000000089600000| Complete 
| 151|0x0000000089700000, 0x0000000089800000, 0x0000000089800000|100%|HC|  |TAMS 0x0000000089800000, 0x0000000089700000| Complete 
| 152|0x0000000089800000, 0x0000000089900000, 0x0000000089900000|100%|HC|  |TAMS 0x0000000089900000, 0x0000000089800000| Complete 
| 153|0x0000000089900000, 0x0000000089a00000, 0x0000000089a00000|100%|HS|  |TAMS 0x0000000089a00000, 0x0000000089900000| Complete 
| 154|0x0000000089a00000, 0x0000000089b00000, 0x0000000089b00000|100%|HC|  |TAMS 0x0000000089b00000, 0x0000000089a00000| Complete 
| 155|0x0000000089b00000, 0x0000000089c00000, 0x0000000089c00000|100%|HC|  |TAMS 0x0000000089c00000, 0x0000000089b00000| Complete 
| 156|0x0000000089c00000, 0x0000000089d00000, 0x0000000089d00000|100%|HC|  |TAMS 0x0000000089d00000, 0x0000000089c00000| Complete 
| 157|0x0000000089d00000, 0x0000000089e00000, 0x0000000089e00000|100%|HS|  |TAMS 0x0000000089e00000, 0x0000000089d00000| Complete 
| 158|0x0000000089e00000, 0x0000000089f00000, 0x0000000089f00000|100%|HC|  |TAMS 0x0000000089f00000, 0x0000000089e00000| Complete 
| 159|0x0000000089f00000, 0x000000008a000000, 0x000000008a000000|100%|HC|  |TAMS 0x000000008a000000, 0x0000000089f00000| Complete 
| 160|0x000000008a000000, 0x000000008a100000, 0x000000008a100000|100%|HC|  |TAMS 0x000000008a100000, 0x000000008a000000| Complete 
| 161|0x000000008a100000, 0x000000008a200000, 0x000000008a200000|100%|HC|  |TAMS 0x000000008a200000, 0x000000008a100000| Complete 
| 162|0x000000008a200000, 0x000000008a200000, 0x000000008a300000|  0%| F|  |TAMS 0x000000008a200000, 0x000000008a200000| Untracked 
| 163|0x000000008a300000, 0x000000008a300000, 0x000000008a400000|  0%| F|  |TAMS 0x000000008a300000, 0x000000008a300000| Untracked 
| 164|0x000000008a400000, 0x000000008a400000, 0x000000008a500000|  0%| F|  |TAMS 0x000000008a400000, 0x000000008a400000| Untracked 
| 165|0x000000008a500000, 0x000000008a500000, 0x000000008a600000|  0%| F|  |TAMS 0x000000008a500000, 0x000000008a500000| Untracked 
| 166|0x000000008a600000, 0x000000008a600000, 0x000000008a700000|  0%| F|  |TAMS 0x000000008a600000, 0x000000008a600000| Untracked 
| 167|0x000000008a700000, 0x000000008a700000, 0x000000008a800000|  0%| F|  |TAMS 0x000000008a700000, 0x000000008a700000| Untracked 
| 168|0x000000008a800000, 0x000000008a800000, 0x000000008a900000|  0%| F|  |TAMS 0x000000008a800000, 0x000000008a800000| Untracked 
| 169|0x000000008a900000, 0x000000008a900000, 0x000000008aa00000|  0%| F|  |TAMS 0x000000008a900000, 0x000000008a900000| Untracked 
| 170|0x000000008aa00000, 0x000000008aa00000, 0x000000008ab00000|  0%| F|  |TAMS 0x000000008aa00000, 0x000000008aa00000| Untracked 
| 171|0x000000008ab00000, 0x000000008ab00000, 0x000000008ac00000|  0%| F|  |TAMS 0x000000008ab00000, 0x000000008ab00000| Untracked 
| 172|0x000000008ac00000, 0x000000008ac00000, 0x000000008ad00000|  0%| F|  |TAMS 0x000000008ac00000, 0x000000008ac00000| Untracked 
| 173|0x000000008ad00000, 0x000000008ad00000, 0x000000008ae00000|  0%| F|  |TAMS 0x000000008ad00000, 0x000000008ad00000| Untracked 
| 174|0x000000008ae00000, 0x000000008ae00000, 0x000000008af00000|  0%| F|  |TAMS 0x000000008ae00000, 0x000000008ae00000| Untracked 
| 175|0x000000008af00000, 0x000000008af00000, 0x000000008b000000|  0%| F|  |TAMS 0x000000008af00000, 0x000000008af00000| Untracked 
| 176|0x000000008b000000, 0x000000008b000000, 0x000000008b100000|  0%| F|  |TAMS 0x000000008b000000, 0x000000008b000000| Untracked 
| 177|0x000000008b100000, 0x000000008b100000, 0x000000008b200000|  0%| F|  |TAMS 0x000000008b100000, 0x000000008b100000| Untracked 
| 178|0x000000008b200000, 0x000000008b200000, 0x000000008b300000|  0%| F|  |TAMS 0x000000008b200000, 0x000000008b200000| Untracked 
| 179|0x000000008b300000, 0x000000008b300000, 0x000000008b400000|  0%| F|  |TAMS 0x000000008b300000, 0x000000008b300000| Untracked 
| 180|0x000000008b400000, 0x000000008b400000, 0x000000008b500000|  0%| F|  |TAMS 0x000000008b400000, 0x000000008b400000| Untracked 
| 181|0x000000008b500000, 0x000000008b500000, 0x000000008b600000|  0%| F|  |TAMS 0x000000008b500000, 0x000000008b500000| Untracked 
| 182|0x000000008b600000, 0x000000008b600000, 0x000000008b700000|  0%| F|  |TAMS 0x000000008b600000, 0x000000008b600000| Untracked 
| 183|0x000000008b700000, 0x000000008b700000, 0x000000008b800000|  0%| F|  |TAMS 0x000000008b700000, 0x000000008b700000| Untracked 
| 184|0x000000008b800000, 0x000000008b800000, 0x000000008b900000|  0%| F|  |TAMS 0x000000008b800000, 0x000000008b800000| Untracked 
| 185|0x000000008b900000, 0x000000008b900000, 0x000000008ba00000|  0%| F|  |TAMS 0x000000008b900000, 0x000000008b900000| Untracked 
| 186|0x000000008ba00000, 0x000000008ba00000, 0x000000008bb00000|  0%| F|  |TAMS 0x000000008ba00000, 0x000000008ba00000| Untracked 
| 187|0x000000008bb00000, 0x000000008bb00000, 0x000000008bc00000|  0%| F|  |TAMS 0x000000008bb00000, 0x000000008bb00000| Untracked 
| 188|0x000000008bc00000, 0x000000008bc00000, 0x000000008bd00000|  0%| F|  |TAMS 0x000000008bc00000, 0x000000008bc00000| Untracked 
| 189|0x000000008bd00000, 0x000000008bd00000, 0x000000008be00000|  0%| F|  |TAMS 0x000000008bd00000, 0x000000008bd00000| Untracked 
| 190|0x000000008be00000, 0x000000008be00000, 0x000000008bf00000|  0%| F|  |TAMS 0x000000008be00000, 0x000000008be00000| Untracked 
| 191|0x000000008bf00000, 0x000000008bf00000, 0x000000008c000000|  0%| F|  |TAMS 0x000000008bf00000, 0x000000008bf00000| Untracked 
| 192|0x000000008c000000, 0x000000008c000000, 0x000000008c100000|  0%| F|  |TAMS 0x000000008c000000, 0x000000008c000000| Untracked 
| 193|0x000000008c100000, 0x000000008c100000, 0x000000008c200000|  0%| F|  |TAMS 0x000000008c100000, 0x000000008c100000| Untracked 
| 194|0x000000008c200000, 0x000000008c200000, 0x000000008c300000|  0%| F|  |TAMS 0x000000008c200000, 0x000000008c200000| Untracked 
| 195|0x000000008c300000, 0x000000008c300000, 0x000000008c400000|  0%| F|  |TAMS 0x000000008c300000, 0x000000008c300000| Untracked 
| 196|0x000000008c400000, 0x000000008c400000, 0x000000008c500000|  0%| F|  |TAMS 0x000000008c400000, 0x000000008c400000| Untracked 
| 197|0x000000008c500000, 0x000000008c500000, 0x000000008c600000|  0%| F|  |TAMS 0x000000008c500000, 0x000000008c500000| Untracked 
| 198|0x000000008c600000, 0x000000008c600000, 0x000000008c700000|  0%| F|  |TAMS 0x000000008c600000, 0x000000008c600000| Untracked 
| 199|0x000000008c700000, 0x000000008c700000, 0x000000008c800000|  0%| F|  |TAMS 0x000000008c700000, 0x000000008c700000| Untracked 
| 200|0x000000008c800000, 0x000000008c800000, 0x000000008c900000|  0%| F|  |TAMS 0x000000008c800000, 0x000000008c800000| Untracked 
| 201|0x000000008c900000, 0x000000008c900000, 0x000000008ca00000|  0%| F|  |TAMS 0x000000008c900000, 0x000000008c900000| Untracked 
| 202|0x000000008ca00000, 0x000000008ca00000, 0x000000008cb00000|  0%| F|  |TAMS 0x000000008ca00000, 0x000000008ca00000| Untracked 
| 203|0x000000008cb00000, 0x000000008cb00000, 0x000000008cc00000|  0%| F|  |TAMS 0x000000008cb00000, 0x000000008cb00000| Untracked 
| 204|0x000000008cc00000, 0x000000008cc00000, 0x000000008cd00000|  0%| F|  |TAMS 0x000000008cc00000, 0x000000008cc00000| Untracked 
| 205|0x000000008cd00000, 0x000000008cd00000, 0x000000008ce00000|  0%| F|  |TAMS 0x000000008cd00000, 0x000000008cd00000| Untracked 
| 206|0x000000008ce00000, 0x000000008ce00000, 0x000000008cf00000|  0%| F|  |TAMS 0x000000008ce00000, 0x000000008ce00000| Untracked 
| 207|0x000000008cf00000, 0x000000008cf00000, 0x000000008d000000|  0%| F|  |TAMS 0x000000008cf00000, 0x000000008cf00000| Untracked 
| 208|0x000000008d000000, 0x000000008d000000, 0x000000008d100000|  0%| F|  |TAMS 0x000000008d000000, 0x000000008d000000| Untracked 
| 209|0x000000008d100000, 0x000000008d100000, 0x000000008d200000|  0%| F|  |TAMS 0x000000008d100000, 0x000000008d100000| Untracked 
| 210|0x000000008d200000, 0x000000008d200000, 0x000000008d300000|  0%| F|  |TAMS 0x000000008d200000, 0x000000008d200000| Untracked 
| 211|0x000000008d300000, 0x000000008d300000, 0x000000008d400000|  0%| F|  |TAMS 0x000000008d300000, 0x000000008d300000| Untracked 
| 212|0x000000008d400000, 0x000000008d45afa0, 0x000000008d500000| 35%| S|CS|TAMS 0x000000008d400000, 0x000000008d400000| Complete 
| 213|0x000000008d500000, 0x000000008d600000, 0x000000008d600000|100%| S|CS|TAMS 0x000000008d500000, 0x000000008d500000| Complete 
| 214|0x000000008d600000, 0x000000008d600000, 0x000000008d700000|  0%| F|  |TAMS 0x000000008d600000, 0x000000008d600000| Untracked 
| 215|0x000000008d700000, 0x000000008d700000, 0x000000008d800000|  0%| F|  |TAMS 0x000000008d700000, 0x000000008d700000| Untracked 
| 216|0x000000008d800000, 0x000000008d800000, 0x000000008d900000|  0%| F|  |TAMS 0x000000008d800000, 0x000000008d800000| Untracked 
| 217|0x000000008d900000, 0x000000008d900000, 0x000000008da00000|  0%| F|  |TAMS 0x000000008d900000, 0x000000008d900000| Untracked 
| 218|0x000000008da00000, 0x000000008db00000, 0x000000008db00000|100%| E|  |TAMS 0x000000008da00000, 0x000000008da00000| Complete 
| 219|0x000000008db00000, 0x000000008dc00000, 0x000000008dc00000|100%| E|CS|TAMS 0x000000008db00000, 0x000000008db00000| Complete 
| 220|0x000000008dc00000, 0x000000008dd00000, 0x000000008dd00000|100%| E|CS|TAMS 0x000000008dc00000, 0x000000008dc00000| Complete 
| 221|0x000000008dd00000, 0x000000008de00000, 0x000000008de00000|100%| E|CS|TAMS 0x000000008dd00000, 0x000000008dd00000| Complete 

Card table byte_map: [0x00000222be0f0000,0x00000222be4f0000] _byte_map_base: 0x00000222bdcf0000

Marking Bits (Prev, Next): (CMBitMap*) 0x00000222ab20fd40, (CMBitMap*) 0x00000222ab20fd08
 Prev Bits: [0x00000222c08f0000, 0x00000222c28f0000)
 Next Bits: [0x00000222be8f0000, 0x00000222c08f0000)

Polling page: 0x00000222a8ff0000

Metaspace:

Usage:
  Non-class:     95.44 MB capacity,    93.75 MB ( 98%) used,     1.39 MB (  1%) free+waste,   305.75 KB ( <1%) overhead. 
      Class:     14.63 MB capacity,    13.67 MB ( 93%) used,   855.64 KB (  6%) free+waste,   133.56 KB ( <1%) overhead. 
       Both:    110.07 MB capacity,   107.42 MB ( 98%) used,     2.22 MB (  2%) free+waste,   439.31 KB ( <1%) overhead. 

Virtual space:
  Non-class space:      106.00 MB reserved,      95.45 MB ( 90%) committed 
      Class space:        1.00 GB reserved,      14.75 MB (  1%) committed 
             Both:        1.10 GB reserved,     110.20 MB ( 10%) committed 

Chunk freelists:
   Non-Class:  14.00 KB
       Class:  22.00 KB
        Both:  36.00 KB

MaxMetaspaceSize: 17179869184.00 GB
CompressedClassSpaceSize: 1.00 GB
Initial GC threshold: 20.80 MB
Current GC threshold: 177.01 MB
CDS: off

CodeHeap 'non-profiled nmethods': size=120064Kb used=9468Kb max_used=9468Kb free=110595Kb
 bounds [0x00000222b67b0000, 0x00000222b70f0000, 0x00000222bdcf0000]
CodeHeap 'profiled nmethods': size=120000Kb used=33197Kb max_used=33197Kb free=86802Kb
 bounds [0x00000222af280000, 0x00000222b12f0000, 0x00000222b67b0000]
CodeHeap 'non-nmethods': size=5696Kb used=2410Kb max_used=2454Kb free=3285Kb
 bounds [0x00000222aecf0000, 0x00000222aef60000, 0x00000222af280000]
 total_blobs=15681 nmethods=14737 adapters=856
 compilation: enabled
              stopped_count=0, restarted_count=0
 full_count=0

Compilation events (20 events):
Event: 2640.385 Thread 0x00000222cfb22800 nmethod 14790 0x00000222b70ee790 code [0x00000222b70ee920, 0x00000222b70ee998]
Event: 2640.388 Thread 0x00000222c4e02000 14794       1       java.lang.invoke.LambdaForm::arity (5 bytes)
Event: 2640.388 Thread 0x00000222c4e02000 nmethod 14794 0x00000222b70eea90 code [0x00000222b70eec40, 0x00000222b70eecf8]
Event: 2640.395 Thread 0x00000222cfb22800 14795       4       java.lang.invoke.InvokerBytecodeGenerator::emitImplicitConversion (159 bytes)
Event: 2640.413 Thread 0x00000222c4e02000 14797       3       com.sun.org.apache.xerces.internal.util.SymbolTable::addSymbol0 (103 bytes)
Event: 2640.414 Thread 0x00000222c4e02000 nmethod 14797 0x00000222b12cd390 code [0x00000222b12cd5e0, 0x00000222b12cde18]
Event: 2640.417 Thread 0x00000222c4e02000 14798       3       com.sun.org.apache.xerces.internal.impl.XMLEntityScanner::scanChar (236 bytes)
Event: 2640.418 Thread 0x00000222c4e02000 nmethod 14798 0x00000222b12ce190 code [0x00000222b12ce3a0, 0x00000222b12ce918]
Event: 2640.419 Thread 0x00000222c4e02000 14799       3       com.sun.org.apache.xerces.internal.impl.XMLEntityScanner::checkLimit (253 bytes)
Event: 2640.424 Thread 0x00000222c4e02000 nmethod 14799 0x00000222b12ceb90 code [0x00000222b12cf0e0, 0x00000222b12d2328]
Event: 2640.424 Thread 0x00000222c4e02000 14804   !   3       com.sun.org.apache.xerces.internal.impl.XMLDocumentFragmentScannerImpl$FragmentContentDriver::next (2329 bytes)
Event: 2640.439 Thread 0x00000222c4e02000 nmethod 14804 0x00000222b12d3690 code [0x00000222b12d4040, 0x00000222b12da198]
Event: 2640.439 Thread 0x00000222c4e02000 14802       3       com.sun.org.apache.xerces.internal.impl.XMLNSDocumentScannerImpl::next (39 bytes)
Event: 2640.439 Thread 0x00000222c4e02000 nmethod 14802 0x00000222b12de510 code [0x00000222b12de6e0, 0x00000222b12dea88]
Event: 2640.439 Thread 0x00000222c4e02000 14803       3       com.sun.org.apache.xerces.internal.impl.XMLDocumentScannerImpl::next (10 bytes)
Event: 2640.440 Thread 0x00000222c4e02000 nmethod 14803 0x00000222b12dec10 code [0x00000222b12dedc0, 0x00000222b12def88]
Event: 2640.440 Thread 0x00000222c4e02000 14801       3       com.sun.org.apache.xerces.internal.impl.XMLDocumentFragmentScannerImpl::seekCloseOfStartTag (136 bytes)
Event: 2640.442 Thread 0x00000222c4e02000 nmethod 14801 0x00000222b12df090 code [0x00000222b12df340, 0x00000222b12e0228]
Event: 2640.442 Thread 0x00000222c4e02000 14800       3       javax.xml.namespace.QName::hashCode (16 bytes)
Event: 2640.443 Thread 0x00000222c4e02000 nmethod 14800 0x00000222b12e0690 code [0x00000222b12e0860, 0x00000222b12e09f8]

GC Heap History (20 events):
Event: 2635.718 GC heap before
{Heap before GC invocations=27 (full 0):
 garbage-first heap   total 227328K, used 189196K [0x0000000080000000, 0x0000000100000000)
  region size 1024K, 49 young (50176K), 1 survivors (1024K)
 Metaspace       used 101713K, capacity 104096K, committed 104272K, reserved 1140736K
  class space    used 13056K, capacity 13910K, committed 13952K, reserved 1048576K
}
Event: 2635.733 GC heap after
{Heap after GC invocations=28 (full 0):
 garbage-first heap   total 227328K, used 142576K [0x0000000080000000, 0x0000000100000000)
  region size 1024K, 4 young (4096K), 4 survivors (4096K)
 Metaspace       used 101713K, capacity 104096K, committed 104272K, reserved 1140736K
  class space    used 13056K, capacity 13910K, committed 13952K, reserved 1048576K
}
Event: 2636.968 GC heap before
{Heap before GC invocations=29 (full 0):
 garbage-first heap   total 227328K, used 190704K [0x0000000080000000, 0x0000000100000000)
  region size 1024K, 51 young (52224K), 4 survivors (4096K)
 Metaspace       used 102136K, capacity 104706K, committed 104912K, reserved 1140736K
  class space    used 13095K, capacity 14023K, committed 14080K, reserved 1048576K
}
Event: 2636.987 GC heap after
{Heap after GC invocations=30 (full 0):
 garbage-first heap   total 227328K, used 144992K [0x0000000080000000, 0x0000000100000000)
  region size 1024K, 6 young (6144K), 6 survivors (6144K)
 Metaspace       used 102136K, capacity 104706K, committed 104912K, reserved 1140736K
  class space    used 13095K, capacity 14023K, committed 14080K, reserved 1048576K
}
Event: 2637.021 GC heap before
{Heap before GC invocations=30 (full 0):
 garbage-first heap   total 227328K, used 150112K [0x0000000080000000, 0x0000000100000000)
  region size 1024K, 11 young (11264K), 6 survivors (6144K)
 Metaspace       used 102145K, capacity 104706K, committed 104912K, reserved 1140736K
  class space    used 13096K, capacity 14023K, committed 14080K, reserved 1048576K
}
Event: 2637.053 GC heap after
{Heap after GC invocations=31 (full 0):
 garbage-first heap   total 227328K, used 134580K [0x0000000080000000, 0x0000000100000000)
  region size 1024K, 1 young (1024K), 1 survivors (1024K)
 Metaspace       used 102145K, capacity 104706K, committed 104912K, reserved 1140736K
  class space    used 13096K, capacity 14023K, committed 14080K, reserved 1048576K
}
Event: 2637.620 GC heap before
{Heap before GC invocations=31 (full 0):
 garbage-first heap   total 227328K, used 148916K [0x0000000080000000, 0x0000000100000000)
  region size 1024K, 16 young (16384K), 1 survivors (1024K)
 Metaspace       used 103005K, capacity 105512K, committed 105808K, reserved 1140736K
  class space    used 13198K, capacity 14096K, committed 14208K, reserved 1048576K
}
Event: 2637.631 GC heap after
{Heap after GC invocations=32 (full 0):
 garbage-first heap   total 227328K, used 136253K [0x0000000080000000, 0x0000000100000000)
  region size 1024K, 3 young (3072K), 3 survivors (3072K)
 Metaspace       used 103005K, capacity 105512K, committed 105808K, reserved 1140736K
  class space    used 13198K, capacity 14096K, committed 14208K, reserved 1048576K
}
Event: 2638.837 GC heap before
{Heap before GC invocations=33 (full 0):
 garbage-first heap   total 227328K, used 203837K [0x0000000080000000, 0x0000000100000000)
  region size 1024K, 52 young (53248K), 3 survivors (3072K)
 Metaspace       used 104325K, capacity 106879K, committed 106960K, reserved 1142784K
  class space    used 13365K, capacity 14286K, committed 14336K, reserved 1048576K
}
Event: 2638.854 GC heap after
{Heap after GC invocations=34 (full 0):
 garbage-first heap   total 227328K, used 161570K [0x0000000080000000, 0x0000000100000000)
  region size 1024K, 7 young (7168K), 7 survivors (7168K)
 Metaspace       used 104325K, capacity 106879K, committed 106960K, reserved 1142784K
  class space    used 13365K, capacity 14286K, committed 14336K, reserved 1048576K
}
Event: 2638.917 GC heap before
{Heap before GC invocations=34 (full 0):
 garbage-first heap   total 227328K, used 165666K [0x0000000080000000, 0x0000000100000000)
  region size 1024K, 11 young (11264K), 7 survivors (7168K)
 Metaspace       used 104410K, capacity 106943K, committed 107216K, reserved 1142784K
  class space    used 13376K, capacity 14286K, committed 14336K, reserved 1048576K
}
Event: 2638.940 GC heap after
{Heap after GC invocations=35 (full 0):
 garbage-first heap   total 227328K, used 161366K [0x0000000080000000, 0x0000000100000000)
  region size 1024K, 1 young (1024K), 1 survivors (1024K)
 Metaspace       used 104410K, capacity 106943K, committed 107216K, reserved 1142784K
  class space    used 13376K, capacity 14286K, committed 14336K, reserved 1048576K
}
Event: 2639.208 GC heap before
{Heap before GC invocations=35 (full 0):
 garbage-first heap   total 227328K, used 193110K [0x0000000080000000, 0x0000000100000000)
  region size 1024K, 32 young (32768K), 1 survivors (1024K)
 Metaspace       used 105358K, capacity 107913K, committed 108112K, reserved 1142784K
  class space    used 13494K, capacity 14390K, committed 14464K, reserved 1048576K
}
Event: 2639.216 GC heap after
{Heap after GC invocations=36 (full 0):
 garbage-first heap   total 227328K, used 161340K [0x0000000080000000, 0x0000000100000000)
  region size 1024K, 1 young (1024K), 1 survivors (1024K)
 Metaspace       used 105358K, capacity 107913K, committed 108112K, reserved 1142784K
  class space    used 13494K, capacity 14390K, committed 14464K, reserved 1048576K
}
Event: 2639.705 GC heap before
{Heap before GC invocations=36 (full 0):
 garbage-first heap   total 227328K, used 194108K [0x0000000080000000, 0x0000000100000000)
  region size 1024K, 33 young (33792K), 1 survivors (1024K)
 Metaspace       used 106344K, capacity 108986K, committed 109136K, reserved 1144832K
  class space    used 13647K, capacity 14598K, committed 14720K, reserved 1048576K
}
Event: 2639.713 GC heap after
{Heap after GC invocations=37 (full 0):
 garbage-first heap   total 227328K, used 162725K [0x0000000080000000, 0x0000000100000000)
  region size 1024K, 2 young (2048K), 2 survivors (2048K)
 Metaspace       used 106344K, capacity 108986K, committed 109136K, reserved 1144832K
  class space    used 13647K, capacity 14598K, committed 14720K, reserved 1048576K
}
Event: 2640.016 GC heap before
{Heap before GC invocations=38 (full 0):
 garbage-first heap   total 227328K, used 195493K [0x0000000080000000, 0x0000000100000000)
  region size 1024K, 34 young (34816K), 2 survivors (2048K)
 Metaspace       used 108641K, capacity 111325K, committed 111568K, reserved 1146880K
  class space    used 13843K, capacity 14823K, committed 14848K, reserved 1048576K
}
Event: 2640.021 GC heap after
{Heap after GC invocations=39 (full 0):
 garbage-first heap   total 227328K, used 163054K [0x0000000080000000, 0x0000000100000000)
  region size 1024K, 3 young (3072K), 3 survivors (3072K)
 Metaspace       used 108641K, capacity 111325K, committed 111568K, reserved 1146880K
  class space    used 13843K, capacity 14823K, committed 14848K, reserved 1048576K
}
Event: 2640.326 GC heap before
{Heap before GC invocations=39 (full 0):
 garbage-first heap   total 227328K, used 170222K [0x0000000080000000, 0x0000000100000000)
  region size 1024K, 11 young (11264K), 3 survivors (3072K)
 Metaspace       used 109598K, capacity 112243K, committed 112464K, reserved 1150976K
  class space    used 13940K, capacity 14892K, committed 14976K, reserved 1048576K
}
Event: 2640.337 GC heap after
{Heap after GC invocations=40 (full 0):
 garbage-first heap   total 227328K, used 163144K [0x0000000080000000, 0x0000000100000000)
  region size 1024K, 2 young (2048K), 2 survivors (2048K)
 Metaspace       used 109598K, capacity 112243K, committed 112464K, reserved 1150976K
  class space    used 13940K, capacity 14892K, committed 14976K, reserved 1048576K
}

Deoptimization events (20 events):
Event: 2639.614 Thread 0x00000222c7c56000 DEOPT PACKING pc=0x00000222b6c64980 sp=0x0000004e9e8fb190
Event: 2639.614 Thread 0x00000222c7c56000 DEOPT UNPACKING pc=0x00000222aed3a1af sp=0x0000004e9e8fb0d8 mode 2
Event: 2639.615 Thread 0x00000222c7c56000 Uncommon trap: trap_request=0xffffffde fr.pc=0x00000222b6c64980 relative=0x0000000000000560
Event: 2639.615 Thread 0x00000222c7c56000 Uncommon trap: reason=class_check action=maybe_recompile pc=0x00000222b6c64980 method=java.util.regex.Matcher.search(I)Z @ 121 c2
Event: 2639.615 Thread 0x00000222c7c56000 DEOPT PACKING pc=0x00000222b6c64980 sp=0x0000004e9e8fb420
Event: 2639.615 Thread 0x00000222c7c56000 DEOPT UNPACKING pc=0x00000222aed3a1af sp=0x0000004e9e8fb368 mode 2
Event: 2639.615 Thread 0x00000222c7c56000 Uncommon trap: trap_request=0xffffffde fr.pc=0x00000222b6c64980 relative=0x0000000000000560
Event: 2639.615 Thread 0x00000222c7c56000 Uncommon trap: reason=class_check action=maybe_recompile pc=0x00000222b6c64980 method=java.util.regex.Matcher.search(I)Z @ 121 c2
Event: 2639.615 Thread 0x00000222c7c56000 DEOPT PACKING pc=0x00000222b6c64980 sp=0x0000004e9e8fb180
Event: 2639.615 Thread 0x00000222c7c56000 DEOPT UNPACKING pc=0x00000222aed3a1af sp=0x0000004e9e8fb0c8 mode 2
Event: 2639.961 Thread 0x00000222c7c56000 Uncommon trap: trap_request=0xffffffde fr.pc=0x00000222b6c64980 relative=0x0000000000000560
Event: 2639.961 Thread 0x00000222c7c56000 Uncommon trap: reason=class_check action=maybe_recompile pc=0x00000222b6c64980 method=java.util.regex.Matcher.search(I)Z @ 121 c2
Event: 2639.961 Thread 0x00000222c7c56000 DEOPT PACKING pc=0x00000222b6c64980 sp=0x0000004e9e8fb0d0
Event: 2639.961 Thread 0x00000222c7c56000 DEOPT UNPACKING pc=0x00000222aed3a1af sp=0x0000004e9e8fb018 mode 2
Event: 2639.961 Thread 0x00000222c7c56000 Uncommon trap: trap_request=0xffffffde fr.pc=0x00000222b6be9fd8 relative=0x0000000000000538
Event: 2639.961 Thread 0x00000222c7c56000 Uncommon trap: reason=class_check action=maybe_recompile pc=0x00000222b6be9fd8 method=java.util.regex.Matcher.search(I)Z @ 121 c2
Event: 2639.961 Thread 0x00000222c7c56000 DEOPT PACKING pc=0x00000222b6be9fd8 sp=0x0000004e9e8fb2f0
Event: 2639.961 Thread 0x00000222c7c56000 DEOPT UNPACKING pc=0x00000222aed3a1af sp=0x0000004e9e8fb2b0 mode 2
Event: 2640.184 Thread 0x00000222c7c56000 DEOPT PACKING pc=0x00000222af738311 sp=0x0000004e9e8f8420
Event: 2640.184 Thread 0x00000222c7c56000 DEOPT UNPACKING pc=0x00000222aed3a95e sp=0x0000004e9e8f78f8 mode 0

Classes redefined (0 events):
No events

Internal exceptions (20 events):
Event: 2639.333 Thread 0x00000222c7c56000 Exception <a 'java/lang/ClassNotFoundException'{0x000000008d4def80}: java/util/AbstractListBeanInfo> (0x000000008d4def80) thrown at [./src/hotspot/share/classfile/systemDictionary.cpp, line 231]
Event: 2639.333 Thread 0x00000222c7c56000 Exception <a 'java/lang/ClassNotFoundException'{0x000000008d4e8bb0}: java/util/AbstractListCustomizer> (0x000000008d4e8bb0) thrown at [./src/hotspot/share/classfile/systemDictionary.cpp, line 231]
Event: 2639.336 Thread 0x00000222c7c56000 Exception <a 'java/lang/ClassNotFoundException'{0x000000008d303e90}: java/util/ArrayListCustomizer> (0x000000008d303e90) thrown at [./src/hotspot/share/classfile/systemDictionary.cpp, line 231]
Event: 2639.348 Thread 0x00000222c7c56000 Exception <a 'java/lang/ClassNotFoundException'{0x000000008d3b6168}: java/util/CollectionBeanInfo> (0x000000008d3b6168) thrown at [./src/hotspot/share/classfile/systemDictionary.cpp, line 231]
Event: 2639.349 Thread 0x00000222c7c56000 Exception <a 'java/lang/ClassNotFoundException'{0x000000008d3bfd58}: java/util/CollectionCustomizer> (0x000000008d3bfd58) thrown at [./src/hotspot/share/classfile/systemDictionary.cpp, line 231]
Event: 2639.366 Thread 0x00000222c7c56000 Exception <a 'java/lang/ClassNotFoundException'{0x000000008d24bf40}: org/gradle/api/tasks/SourceSetBeanInfo> (0x000000008d24bf40) thrown at [./src/hotspot/share/classfile/systemDictionary.cpp, line 231]
Event: 2639.367 Thread 0x00000222c7c56000 Exception <a 'java/lang/ClassNotFoundException'{0x000000008d26ab38}: org/gradle/api/tasks/SourceSetCustomizer> (0x000000008d26ab38) thrown at [./src/hotspot/share/classfile/systemDictionary.cpp, line 231]
Event: 2639.373 Thread 0x00000222c7c56000 Exception <a 'java/lang/ClassNotFoundException'{0x000000008d2eb518}: java/util/LinkedHashMapBeanInfo> (0x000000008d2eb518) thrown at [./src/hotspot/share/classfile/systemDictionary.cpp, line 231]
Event: 2639.374 Thread 0x00000222c7c56000 Exception <a 'java/lang/ClassNotFoundException'{0x000000008d2f4828}: java/util/HashMapBeanInfo> (0x000000008d2f4828) thrown at [./src/hotspot/share/classfile/systemDictionary.cpp, line 231]
Event: 2639.374 Thread 0x00000222c7c56000 Exception <a 'java/lang/ClassNotFoundException'{0x000000008d2feb98}: java/util/AbstractMapBeanInfo> (0x000000008d2feb98) thrown at [./src/hotspot/share/classfile/systemDictionary.cpp, line 231]
Event: 2639.375 Thread 0x00000222c7c56000 Exception <a 'java/lang/ClassNotFoundException'{0x000000008d108cb8}: java/util/AbstractMapCustomizer> (0x000000008d108cb8) thrown at [./src/hotspot/share/classfile/systemDictionary.cpp, line 231]
Event: 2639.376 Thread 0x00000222c7c56000 Exception <a 'java/lang/ClassNotFoundException'{0x000000008d11c400}: java/util/HashMapCustomizer> (0x000000008d11c400) thrown at [./src/hotspot/share/classfile/systemDictionary.cpp, line 231]
Event: 2639.377 Thread 0x00000222c7c56000 Exception <a 'java/lang/ClassNotFoundException'{0x000000008d13d150}: java/util/LinkedHashMapCustomizer> (0x000000008d13d150) thrown at [./src/hotspot/share/classfile/systemDictionary.cpp, line 231]
Event: 2640.103 Thread 0x00000222c7c56000 Exception <a 'sun/nio/fs/WindowsException'{0x000000008dbcb5a8}> (0x000000008dbcb5a8) thrown at [./src/hotspot/share/prims/jni.cpp, line 616]
Event: 2640.135 Thread 0x00000222c7c56000 Exception <a 'sun/nio/fs/WindowsException'{0x000000008da71518}> (0x000000008da71518) thrown at [./src/hotspot/share/prims/jni.cpp, line 616]
Event: 2640.135 Thread 0x00000222c7c56000 Exception <a 'sun/nio/fs/WindowsException'{0x000000008da728c0}> (0x000000008da728c0) thrown at [./src/hotspot/share/prims/jni.cpp, line 616]
Event: 2640.135 Thread 0x00000222c7c56000 Exception <a 'sun/nio/fs/WindowsException'{0x000000008da73cb8}> (0x000000008da73cb8) thrown at [./src/hotspot/share/prims/jni.cpp, line 616]
Event: 2640.135 Thread 0x00000222c7c56000 Exception <a 'sun/nio/fs/WindowsException'{0x000000008da750b0}> (0x000000008da750b0) thrown at [./src/hotspot/share/prims/jni.cpp, line 616]
Event: 2640.223 Thread 0x00000222c7c56000 Exception <a 'java/lang/NoSuchMethodError'{0x000000008d74aa18}: 'int java.lang.invoke.DirectMethodHandle$Holder.invokeSpecialIFC(java.lang.Object, java.lang.Object, java.lang.Object)'> (0x000000008d74aa18) thrown at [./src/hotspot/share/interpreter/linkResolver.cpp, line 773]
Event: 2640.393 Thread 0x00000222c7c56000 Exception <a 'java/lang/NoSuchMethodError'{0x000000008dc52c48}: 'java.lang.Object java.lang.invoke.DelegatingMethodHandle$Holder.reinvoke_L(java.lang.Object, int, int, java.lang.Object, java.lang.Object, java.lang.Object)'> (0x000000008dc52c48) thrown at [./src/hotspot/share/interpreter/linkResolver.cpp, line 773]

Events (20 events):
Event: 2640.434 loading class com/android/build/gradle/internal/utils/DesugarLibUtils$getDesugaredMethods$1
Event: 2640.434 loading class com/android/build/gradle/internal/utils/DesugarLibUtils$getDesugaredMethods$1 done
Event: 2640.437 Executing VM operation: RevokeBias
Event: 2640.437 Executing VM operation: RevokeBias done
Event: 2640.438 loading class com/android/tools/r8/Version
Event: 2640.438 loading class com/android/tools/r8/Version done
Event: 2640.446 loading class com/android/tools/r8/internal/j2
Event: 2640.446 loading class com/android/tools/r8/internal/j2 done
Event: 2640.449 loading class com/android/tools/r8/internal/L20
Event: 2640.449 loading class com/android/tools/r8/internal/L20 done
Event: 2640.451 Executing VM operation: RevokeBias
Event: 2640.451 Executing VM operation: RevokeBias done
Event: 2640.451 loading class com/android/build/gradle/internal/utils/D8BackportedMethodsGenerator
Event: 2640.451 loading class com/android/build/gradle/internal/utils/D8BackportedMethodsGenerator done
Event: 2640.453 loading class com/android/build/gradle/internal/utils/DesugarLibUtils$registerD8BackportedMethodsTransform$1
Event: 2640.453 loading class com/android/build/gradle/internal/utils/DesugarLibUtils$registerD8BackportedMethodsTransform$1 done
Event: 2640.455 loading class com/android/build/gradle/internal/utils/D8BackportedMethodsGenerator$Parameters
Event: 2640.455 loading class com/android/build/gradle/internal/utils/D8BackportedMethodsGenerator$Parameters done
Event: 2640.461 loading class com/android/build/gradle/internal/utils/DesugarLibUtils$registerD8BackportedMethodsTransform$1$1
Event: 2640.461 loading class com/android/build/gradle/internal/utils/DesugarLibUtils$registerD8BackportedMethodsTransform$1$1 done


Dynamic libraries:
0x00007ff612a10000 - 0x00007ff612a1a000 	C:\Program Files\Android\Android Studio\jre\bin\java.exe
0x00007ff85a720000 - 0x00007ff85a929000 	C:\Windows\SYSTEM32\ntdll.dll
0x00007ff85a330000 - 0x00007ff85a3ee000 	C:\Windows\System32\KERNEL32.DLL
0x00007ff857ff0000 - 0x00007ff85836b000 	C:\Windows\System32\KERNELBASE.dll
0x00007ff857c60000 - 0x00007ff857d71000 	C:\Windows\System32\ucrtbase.dll
0x00007ff844020000 - 0x00007ff844039000 	C:\Program Files\Android\Android Studio\jre\bin\jli.dll
0x00007ff840810000 - 0x00007ff840827000 	C:\Program Files\Android\Android Studio\jre\bin\VCRUNTIME140.dll
0x00007ff85a530000 - 0x00007ff85a6dd000 	C:\Windows\System32\USER32.dll
0x00007ff857fc0000 - 0x00007ff857fe6000 	C:\Windows\System32\win32u.dll
0x00007ff842350000 - 0x00007ff8425f5000 	C:\Windows\WinSxS\amd64_microsoft.windows.common-controls_6595b64144ccf1df_6.0.22000.120_none_9d947278b86cc467\COMCTL32.dll
0x00007ff858da0000 - 0x00007ff858dc9000 	C:\Windows\System32\GDI32.dll
0x00007ff85a480000 - 0x00007ff85a523000 	C:\Windows\System32\msvcrt.dll
0x00007ff857d80000 - 0x00007ff857e98000 	C:\Windows\System32\gdi32full.dll
0x00007ff857f20000 - 0x00007ff857fbd000 	C:\Windows\System32\msvcp_win.dll
0x00007ff85a0b0000 - 0x00007ff85a0e2000 	C:\Windows\System32\IMM32.DLL
0x00007ff82c6b0000 - 0x00007ff82c74d000 	C:\Program Files\Android\Android Studio\jre\bin\msvcp140.dll
0x00007ff8039e0000 - 0x00007ff8044e2000 	C:\Program Files\Android\Android Studio\jre\bin\server\jvm.dll
0x00007ff85a000000 - 0x00007ff85a0ae000 	C:\Windows\System32\ADVAPI32.dll
0x00007ff858850000 - 0x00007ff8588ee000 	C:\Windows\System32\sechost.dll
0x00007ff858c80000 - 0x00007ff858da0000 	C:\Windows\System32\RPCRT4.dll
0x00007ff858690000 - 0x00007ff858698000 	C:\Windows\System32\PSAPI.DLL
0x00007ff850740000 - 0x00007ff850749000 	C:\Windows\SYSTEM32\WSOCK32.dll
0x00007ff8597a0000 - 0x00007ff85980f000 	C:\Windows\System32\WS2_32.dll
0x00007ff8501d0000 - 0x00007ff850203000 	C:\Windows\SYSTEM32\WINMM.dll
0x00007ff84ac80000 - 0x00007ff84ac8a000 	C:\Windows\SYSTEM32\VERSION.dll
0x00007ff856d60000 - 0x00007ff856d78000 	C:\Windows\SYSTEM32\kernel.appcore.dll
0x00007ff84d300000 - 0x00007ff84d311000 	C:\Program Files\Android\Android Studio\jre\bin\verify.dll
0x00007ff855770000 - 0x00007ff855991000 	C:\Windows\SYSTEM32\DBGHELP.DLL
0x00007ff848f30000 - 0x00007ff848f61000 	C:\Windows\SYSTEM32\dbgcore.DLL
0x00007ff857ea0000 - 0x00007ff857f1f000 	C:\Windows\System32\bcryptPrimitives.dll
0x00007ff848f00000 - 0x00007ff848f29000 	C:\Program Files\Android\Android Studio\jre\bin\java.dll
0x00007ff84d2f0000 - 0x00007ff84d2fb000 	C:\Program Files\Android\Android Studio\jre\bin\jimage.dll
0x00007ff849e40000 - 0x00007ff849e58000 	C:\Program Files\Android\Android Studio\jre\bin\zip.dll
0x00007ff858dd0000 - 0x00007ff859587000 	C:\Windows\System32\SHELL32.dll
0x00007ff855c20000 - 0x00007ff856485000 	C:\Windows\SYSTEM32\windows.storage.dll
0x00007ff858900000 - 0x00007ff858c78000 	C:\Windows\System32\combase.dll
0x00007ff8559a0000 - 0x00007ff855b06000 	C:\Windows\SYSTEM32\wintypes.dll
0x00007ff858760000 - 0x00007ff85884a000 	C:\Windows\System32\SHCORE.dll
0x00007ff859810000 - 0x00007ff85986d000 	C:\Windows\System32\shlwapi.dll
0x00007ff857b20000 - 0x00007ff857b41000 	C:\Windows\SYSTEM32\profapi.dll
0x00007ff8497a0000 - 0x00007ff8497ba000 	C:\Program Files\Android\Android Studio\jre\bin\net.dll
0x00007ff84fbc0000 - 0x00007ff84fcd4000 	C:\Windows\SYSTEM32\WINHTTP.dll
0x00007ff857200000 - 0x00007ff857267000 	C:\Windows\system32\mswsock.dll
0x00007ff848930000 - 0x00007ff848944000 	C:\Program Files\Android\Android Studio\jre\bin\nio.dll
0x00007ff8456b0000 - 0x00007ff8456d7000 	C:\Users\Administrator\.gradle\native\e1d6ef7f7dcc3fd88c89a11ec53ec762bb8ba0a96d01ffa2cd45eb1d1d8dd5c5\windows-amd64\native-platform.dll
0x00007ff823520000 - 0x00007ff823664000 	C:\Users\Administrator\.gradle\native\0d407fdbe67a94daf76414ababcb853783967236a71b16ec16e742cd7a986fd3\windows-amd64\native-platform-file-events.dll
0x00007ff849ea0000 - 0x00007ff849eaa000 	C:\Program Files\Android\Android Studio\jre\bin\management.dll
0x00007ff849d20000 - 0x00007ff849d2d000 	C:\Program Files\Android\Android Studio\jre\bin\management_ext.dll
0x00007ff857450000 - 0x00007ff857468000 	C:\Windows\SYSTEM32\CRYPTSP.dll
0x00007ff856cc0000 - 0x00007ff856cf5000 	C:\Windows\system32\rsaenh.dll
0x00007ff8572f0000 - 0x00007ff857319000 	C:\Windows\SYSTEM32\USERENV.dll
0x00007ff8575d0000 - 0x00007ff8575f7000 	C:\Windows\SYSTEM32\bcrypt.dll
0x00007ff857440000 - 0x00007ff85744c000 	C:\Windows\SYSTEM32\CRYPTBASE.dll
0x00007ff856890000 - 0x00007ff8568bd000 	C:\Windows\SYSTEM32\IPHLPAPI.DLL
0x00007ff859590000 - 0x00007ff859599000 	C:\Windows\System32\NSI.dll
0x00007ff84f380000 - 0x00007ff84f399000 	C:\Windows\SYSTEM32\dhcpcsvc6.DLL
0x00007ff850590000 - 0x00007ff8505ae000 	C:\Windows\SYSTEM32\dhcpcsvc.DLL
0x00007ff8568c0000 - 0x00007ff8569a8000 	C:\Windows\SYSTEM32\DNSAPI.dll

dbghelp: loaded successfully - version: 4.0.5 - missing functions: none
symbol engine: initialized successfully - sym options: 0x614 - pdb path: .;C:\Program Files\Android\Android Studio\jre\bin;C:\Windows\SYSTEM32;C:\Windows\WinSxS\amd64_microsoft.windows.common-controls_6595b64144ccf1df_6.0.22000.120_none_9d947278b86cc467;C:\Program Files\Android\Android Studio\jre\bin\server;C:\Users\Administrator\.gradle\native\e1d6ef7f7dcc3fd88c89a11ec53ec762bb8ba0a96d01ffa2cd45eb1d1d8dd5c5\windows-amd64;C:\Users\Administrator\.gradle\native\0d407fdbe67a94daf76414ababcb853783967236a71b16ec16e742cd7a986fd3\windows-amd64

VM Arguments:
jvm_args: --add-opens=java.base/java.util=ALL-UNNAMED --add-opens=java.base/java.lang=ALL-UNNAMED --add-opens=java.base/java.lang.invoke=ALL-UNNAMED --add-opens=java.base/java.util=ALL-UNNAMED --add-opens=java.prefs/java.util.prefs=ALL-UNNAMED --add-opens=java.prefs/java.util.prefs=ALL-UNNAMED --add-opens=java.base/java.nio.charset=ALL-UNNAMED --add-opens=java.base/java.net=ALL-UNNAMED --add-opens=java.base/java.util.concurrent.atomic=ALL-UNNAMED -Xmx2048m -Dfile.encoding=UTF-8 -Duser.country=US -Duser.language=en -Duser.variant 
java_command: org.gradle.launcher.daemon.bootstrap.GradleDaemon 7.4
java_class_path (initial): C:\Users\Administrator\.gradle\wrapper\dists\gradle-7.4-bin\c0gwcg53nkjbqw7r0h0umtfvt\gradle-7.4\lib\gradle-launcher-7.4.jar
Launcher Type: SUN_STANDARD

[Global flags]
     intx CICompilerCount                          = 3                                         {product} {ergonomic}
     uint ConcGCThreads                            = 1                                         {product} {ergonomic}
     uint G1ConcRefinementThreads                  = 4                                         {product} {ergonomic}
   size_t G1HeapRegionSize                         = 1048576                                   {product} {ergonomic}
    uintx GCDrainStackTargetSize                   = 64                                        {product} {ergonomic}
   size_t InitialHeapSize                          = 134217728                                 {product} {ergonomic}
   size_t MarkStackSize                            = 4194304                                   {product} {ergonomic}
   size_t MaxHeapSize                              = 2147483648                                {product} {command line}
   size_t MaxNewSize                               = 1287651328                                {product} {ergonomic}
   size_t MinHeapDeltaBytes                        = 1048576                                   {product} {ergonomic}
    uintx NonNMethodCodeHeapSize                   = 5830732                                {pd product} {ergonomic}
    uintx NonProfiledCodeHeapSize                  = 122913754                              {pd product} {ergonomic}
    uintx ProfiledCodeHeapSize                     = 122913754                              {pd product} {ergonomic}
    uintx ReservedCodeCacheSize                    = 251658240                              {pd product} {ergonomic}
     bool SegmentedCodeCache                       = true                                      {product} {ergonomic}
     bool UseCompressedClassPointers               = true                                 {lp64_product} {ergonomic}
     bool UseCompressedOops                        = true                                 {lp64_product} {ergonomic}
     bool UseG1GC                                  = true                                      {product} {ergonomic}
     bool UseLargePagesIndividualAllocation        = false                                  {pd product} {ergonomic}

Logging:
Log output configuration:
 #0: stdout all=warning uptime,level,tags
 #1: stderr all=off uptime,level,tags

Environment Variables:
PATH=C:\Program Files (x86)\Common Files\Oracle\Java\javapath;C:\Windows\system32;C:\Windows;C:\Windows\System32\Wbem;C:\Windows\System32\WindowsPowerShell\v1.0\;C:\Windows\System32\OpenSSH\;C:\Program Files\Git\cmd;C:\xampp\php;C:\ProgramData\ComposerSetup\bin;C:\Program Files (x86)\NVIDIA Corporation\PhysX\Common;C:\Program Files\NVIDIA Corporation\NVIDIA NvDLISR;C:\Program Files\nodejs\;C:\Program Files\dotnet\;C:\Users\Administrator\AppData\Local\Microsoft\WindowsApps;C:\Users\Administrator\AppData\Local\Programs\Microsoft VS Code\bin;C:\Users\Administrator\AppData\Roaming\Composer\vendor\bin;D:\xampp\php\php.exe;C:\Users\Administrator\AppData\Roaming\npm;C:\Program Files\Java\jdk-19.0.1\bin;
USERNAME=Administrator
OS=Windows_NT
PROCESSOR_IDENTIFIER=Intel64 Family 6 Model 142 Stepping 9, GenuineIntel



---------------  S Y S T E M  ---------------

OS: Windows 11 , 64 bit Build 22000 (10.0.22000.1335)
OS uptime: 2 days 1:53 hours

CPU:total 4 (initial active 4) (2 cores per cpu, 2 threads per core) family 6 model 142 stepping 9 microcode 0xde, cmov, cx8, fxsr, mmx, sse, sse2, sse3, ssse3, sse4.1, sse4.2, popcnt, avx, avx2, aes, clmul, erms, 3dnowpref, lzcnt, ht, tsc, tscinvbit, bmi1, bmi2, adx, fma

Memory: 4k page, system-wide physical 8073M (413M free)
TotalPageFile size 8073M (AvailPageFile size 3M)
current process WorkingSet (physical memory assigned to process): 485M, peak: 489M
current process commit charge ("private bytes"): 548M, peak: 549M

vm_info: OpenJDK 64-Bit Server VM (11.0.13+0-b1751.21-8125866) for windows-amd64 JRE (11.0.13+0-b1751.21-8125866), built on Feb  2 2022 03:00:22 by "builder" with MS VC++ 14.0 (VS2015)

END.
