#
# There is insufficient memory for the Java Runtime Environment to continue.
# Native memory allocation (malloc) failed to allocate 1347056 bytes for Chunk::new
# Possible reasons:
#   The system is out of physical RAM or swap space
#   The process is running with CompressedOops enabled, and the Java Heap may be blocking the growth of the native heap
# Possible solutions:
#   Reduce memory load on the system
#   Increase physical memory or swap space
#   Check if swap backing store is full
#   Decrease Java heap size (-Xmx/-Xms)
#   Decrease number of Java threads
#   Decrease Java thread stack sizes (-Xss)
#   Set larger code cache with -XX:ReservedCodeCacheSize=
#   JVM is running with Unscaled Compressed Oops mode in which the Java heap is
#     placed in the first 4GB address space. The Java Heap base address is the
#     maximum limit for the native heap growth. Please use -XX:HeapBaseMinAddress
#     to set the Java Heap base and to place the Java Heap above 4GB virtual address.
# This output file may be truncated or incomplete.
#
#  Out of Memory Error (./src/hotspot/share/memory/arena.cpp:197), pid=4168, tid=9576
#
# JRE version: OpenJDK Runtime Environment (11.0.13) (build 11.0.13+0-b1751.21-8125866)
# Java VM: OpenJDK 64-Bit Server VM (11.0.13+0-b1751.21-8125866, mixed mode, tiered, compressed oops, g1 gc, windows-amd64)
# No core dump will be written. Minidumps are not enabled by default on client versions of Windows
#

---------------  S U M M A R Y ------------

Command Line: --add-opens=java.base/java.util=ALL-UNNAMED --add-opens=java.base/java.lang=ALL-UNNAMED --add-opens=java.base/java.lang.invoke=ALL-UNNAMED --add-opens=java.base/java.util=ALL-UNNAMED --add-opens=java.prefs/java.util.prefs=ALL-UNNAMED --add-opens=java.prefs/java.util.prefs=ALL-UNNAMED --add-opens=java.base/java.nio.charset=ALL-UNNAMED --add-opens=java.base/java.net=ALL-UNNAMED --add-opens=java.base/java.util.concurrent.atomic=ALL-UNNAMED -Xmx2048m -Dfile.encoding=UTF-8 -Duser.country=US -Duser.language=en -Duser.variant org.gradle.launcher.daemon.bootstrap.GradleDaemon 7.4

Host: Intel(R) Core(TM) i3-7020U CPU @ 2.30GHz, 4 cores, 7G,  Windows 11 , 64 bit Build 22000 (10.0.22000.1335)
Time: Sun Jan  8 20:46:31 2023 SE Asia Standard Time elapsed time: 5.292171 seconds (0d 0h 0m 5s)

---------------  T H R E A D  ---------------

Current thread (0x00000168c5976800):  JavaThread "C2 CompilerThread0" daemon [_thread_in_native, id=9576, stack(0x0000004124c00000,0x0000004124d00000)]


Current CompileTask:
C2:   5292 2022   !   4       java.lang.ClassLoader::loadClass (122 bytes)

Stack: [0x0000004124c00000,0x0000004124d00000]
Native frames: (J=compiled Java code, j=interpreted, Vv=VM code, C=native code)
V  [jvm.dll+0x6100fa]
V  [jvm.dll+0x747090]
V  [jvm.dll+0x7486ad]
V  [jvm.dll+0x748d83]
V  [jvm.dll+0x24ab48]
V  [jvm.dll+0xc04dc]
V  [jvm.dll+0xc0a0c]
V  [jvm.dll+0x35eb5b]
V  [jvm.dll+0x32b833]
V  [jvm.dll+0x32ad2a]
V  [jvm.dll+0x2032b2]
V  [jvm.dll+0x202437]
V  [jvm.dll+0x188e01]
V  [jvm.dll+0x21106b]
V  [jvm.dll+0x20f8c1]
V  [jvm.dll+0x70de0f]
V  [jvm.dll+0x706a75]
V  [jvm.dll+0x60ed66]
C  [ucrtbase.dll+0x26c0c]
C  [KERNEL32.DLL+0x155a0]
C  [ntdll.dll+0x485b]


---------------  P R O C E S S  ---------------

Threads class SMR info:
_java_thread_list=0x00000168c88b94b0, length=23, elements={
0x00000168abd3d000, 0x00000168c5950800, 0x00000168c5951800, 0x00000168c62e2800,
0x00000168c62e3800, 0x00000168c5975000, 0x00000168c5976800, 0x00000168c5978000,
0x00000168c599a800, 0x00000168c6419800, 0x00000168c890f800, 0x00000168c941a800,
0x00000168c9435800, 0x00000168c8b20800, 0x00000168c8c1f000, 0x00000168c7150000,
0x00000168c717d000, 0x00000168c7953000, 0x00000168c817d000, 0x00000168c817e000,
0x00000168c89a2000, 0x00000168c89a3000, 0x00000168c89a7000
}

Java Threads: ( => current thread )
  0x00000168abd3d000 JavaThread "main" [_thread_blocked, id=5384, stack(0x0000004124000000,0x0000004124100000)]
  0x00000168c5950800 JavaThread "Reference Handler" daemon [_thread_blocked, id=11632, stack(0x0000004124700000,0x0000004124800000)]
  0x00000168c5951800 JavaThread "Finalizer" daemon [_thread_blocked, id=4592, stack(0x0000004124800000,0x0000004124900000)]
  0x00000168c62e2800 JavaThread "Signal Dispatcher" daemon [_thread_blocked, id=6868, stack(0x0000004124900000,0x0000004124a00000)]
  0x00000168c62e3800 JavaThread "Attach Listener" daemon [_thread_blocked, id=6088, stack(0x0000004124a00000,0x0000004124b00000)]
  0x00000168c5975000 JavaThread "Service Thread" daemon [_thread_blocked, id=9256, stack(0x0000004124b00000,0x0000004124c00000)]
=>0x00000168c5976800 JavaThread "C2 CompilerThread0" daemon [_thread_in_native, id=9576, stack(0x0000004124c00000,0x0000004124d00000)]
  0x00000168c5978000 JavaThread "C1 CompilerThread0" daemon [_thread_blocked, id=9656, stack(0x0000004124d00000,0x0000004124e00000)]
  0x00000168c599a800 JavaThread "Sweeper thread" daemon [_thread_blocked, id=836, stack(0x0000004124e00000,0x0000004124f00000)]
  0x00000168c6419800 JavaThread "Common-Cleaner" daemon [_thread_blocked, id=7572, stack(0x0000004124f00000,0x0000004125000000)]
  0x00000168c890f800 JavaThread "Daemon health stats" [_thread_blocked, id=88, stack(0x0000004125500000,0x0000004125600000)]
  0x00000168c941a800 JavaThread "Incoming local TCP Connector on port 3089" [_thread_in_native, id=4292, stack(0x0000004125200000,0x0000004125300000)]
  0x00000168c9435800 JavaThread "Daemon periodic checks" [_thread_blocked, id=5356, stack(0x0000004125600000,0x0000004125700000)]
  0x00000168c8b20800 JavaThread "Daemon" [_thread_blocked, id=11092, stack(0x0000004125700000,0x0000004125800000)]
  0x00000168c8c1f000 JavaThread "Handler for socket connection from /127.0.0.1:3089 to /127.0.0.1:3090" [_thread_in_native, id=8592, stack(0x0000004125800000,0x0000004125900000)]
  0x00000168c7150000 JavaThread "Cancel handler" [_thread_blocked, id=10720, stack(0x0000004125a00000,0x0000004125b00000)]
  0x00000168c717d000 JavaThread "Daemon worker" [_thread_in_vm, id=7204, stack(0x0000004125b00000,0x0000004125c00000)]
  0x00000168c7953000 JavaThread "Asynchronous log dispatcher for DefaultDaemonConnection: socket connection from /127.0.0.1:3089 to /127.0.0.1:3090" [_thread_blocked, id=11044, stack(0x0000004125c00000,0x0000004125d00000)]
  0x00000168c817d000 JavaThread "Stdin handler" [_thread_blocked, id=9192, stack(0x0000004125d00000,0x0000004125e00000)]
  0x00000168c817e000 JavaThread "Daemon client event forwarder" [_thread_blocked, id=3892, stack(0x0000004125e00000,0x0000004125f00000)]
  0x00000168c89a2000 JavaThread "Cache worker for journal cache (C:\Users\Administrator\.gradle\caches\journal-1)" [_thread_blocked, id=9828, stack(0x0000004125f00000,0x0000004126000000)]
  0x00000168c89a3000 JavaThread "File lock request listener" [_thread_in_native, id=2424, stack(0x0000004126000000,0x0000004126100000)]
  0x00000168c89a7000 JavaThread "Cache worker for file hash cache (C:\Users\Administrator\.gradle\caches\7.4\fileHashes)" [_thread_blocked, id=11540, stack(0x0000004126100000,0x0000004126200000)]

Other Threads:
  0x00000168c594c800 VMThread "VM Thread" [stack: 0x0000004124600000,0x0000004124700000] [id=6876]
  0x00000168c642c000 WatcherThread [stack: 0x0000004125000000,0x0000004125100000] [id=6212]
  0x00000168abd57000 GCTaskThread "GC Thread#0" [stack: 0x0000004124100000,0x0000004124200000] [id=8244]
  0x00000168c6661800 GCTaskThread "GC Thread#1" [stack: 0x0000004125300000,0x0000004125400000] [id=10228]
  0x00000168c6662000 GCTaskThread "GC Thread#2" [stack: 0x0000004125400000,0x0000004125500000] [id=6716]
  0x00000168c7e68800 GCTaskThread "GC Thread#3" [stack: 0x0000004125900000,0x0000004125a00000] [id=492]
  0x00000168abd88000 ConcurrentGCThread "G1 Main Marker" [stack: 0x0000004124200000,0x0000004124300000] [id=1832]
  0x00000168abd8a000 ConcurrentGCThread "G1 Conc#0" [stack: 0x0000004124300000,0x0000004124400000] [id=1640]
  0x00000168abe18800 ConcurrentGCThread "G1 Refine#0" [stack: 0x0000004124400000,0x0000004124500000] [id=4764]
  0x00000168abe1c000 ConcurrentGCThread "G1 Young RemSet Sampling" [stack: 0x0000004124500000,0x0000004124600000] [id=1752]

Threads with active compile tasks:
C2 CompilerThread0   5331 2022   !   4       java.lang.ClassLoader::loadClass (122 bytes)
C1 CompilerThread0   5331 2059       3       java.lang.reflect.ProxyGenerator::getParameterDescriptors (47 bytes)

VM state:not at safepoint (normal execution)

VM Mutex/Monitor currently owned by a thread: None

Heap address: 0x0000000080000000, size: 2048 MB, Compressed Oops mode: 32-bit
Narrow klass base: 0x0000000000000000, Narrow klass shift: 3
Compressed class space size: 1073741824 Address: 0x0000000100000000

Heap:
 garbage-first heap   total 131072K, used 45234K [0x0000000080000000, 0x0000000100000000)
  region size 1024K, 30 young (30720K), 2 survivors (2048K)
 Metaspace       used 23449K, capacity 23982K, committed 24192K, reserved 1071104K
  class space    used 2966K, capacity 3184K, committed 3200K, reserved 1048576K
Heap Regions: E=young(eden), S=young(survivor), O=old, HS=humongous(starts), HC=humongous(continues), CS=collection set, F=free, A=archive, TAMS=top-at-mark-start (previous, next)
|   0|0x0000000080000000, 0x0000000080100000, 0x0000000080100000|100%|HS|  |TAMS 0x0000000080100000, 0x0000000080000000| Complete 
|   1|0x0000000080100000, 0x0000000080200000, 0x0000000080200000|100%|HC|  |TAMS 0x0000000080200000, 0x0000000080100000| Complete 
|   2|0x0000000080200000, 0x0000000080300000, 0x0000000080300000|100%|HC|  |TAMS 0x0000000080300000, 0x0000000080200000| Complete 
|   3|0x0000000080300000, 0x0000000080400000, 0x0000000080400000|100%| O|  |TAMS 0x0000000080400000, 0x0000000080300000| Untracked 
|   4|0x0000000080400000, 0x0000000080500000, 0x0000000080500000|100%| O|  |TAMS 0x0000000080500000, 0x0000000080400000| Untracked 
|   5|0x0000000080500000, 0x0000000080600000, 0x0000000080600000|100%| O|  |TAMS 0x0000000080600000, 0x0000000080500000| Untracked 
|   6|0x0000000080600000, 0x0000000080700000, 0x0000000080700000|100%| O|  |TAMS 0x0000000080700000, 0x0000000080600000| Untracked 
|   7|0x0000000080700000, 0x0000000080800000, 0x0000000080800000|100%| O|  |TAMS 0x0000000080800000, 0x0000000080700000| Untracked 
|   8|0x0000000080800000, 0x0000000080900000, 0x0000000080900000|100%| O|  |TAMS 0x0000000080900000, 0x0000000080800000| Untracked 
|   9|0x0000000080900000, 0x0000000080a00000, 0x0000000080a00000|100%| O|  |TAMS 0x0000000080a00000, 0x0000000080900000| Untracked 
|  10|0x0000000080a00000, 0x0000000080b00000, 0x0000000080b00000|100%| O|  |TAMS 0x0000000080b00000, 0x0000000080a00000| Untracked 
|  11|0x0000000080b00000, 0x0000000080c00000, 0x0000000080c00000|100%| O|  |TAMS 0x0000000080c00000, 0x0000000080b00000| Untracked 
|  12|0x0000000080c00000, 0x0000000080d00000, 0x0000000080d00000|100%| O|  |TAMS 0x0000000080d00000, 0x0000000080c00000| Untracked 
|  13|0x0000000080d00000, 0x0000000080e00000, 0x0000000080e00000|100%| O|  |TAMS 0x0000000080e00000, 0x0000000080d00000| Untracked 
|  14|0x0000000080e00000, 0x0000000080f00000, 0x0000000080f00000|100%| O|  |TAMS 0x0000000080f00000, 0x0000000080e00000| Untracked 
|  15|0x0000000080f00000, 0x0000000080fa4600, 0x0000000081000000| 64%| O|  |TAMS 0x0000000080fa4600, 0x0000000080f00000| Untracked 
|  16|0x0000000081000000, 0x0000000081000000, 0x0000000081100000|  0%| F|  |TAMS 0x0000000081000000, 0x0000000081000000| Untracked 
|  17|0x0000000081100000, 0x0000000081100000, 0x0000000081200000|  0%| F|  |TAMS 0x0000000081100000, 0x0000000081100000| Untracked 
|  18|0x0000000081200000, 0x0000000081200000, 0x0000000081300000|  0%| F|  |TAMS 0x0000000081200000, 0x0000000081200000| Untracked 
|  19|0x0000000081300000, 0x0000000081300000, 0x0000000081400000|  0%| F|  |TAMS 0x0000000081300000, 0x0000000081300000| Untracked 
|  20|0x0000000081400000, 0x0000000081400000, 0x0000000081500000|  0%| F|  |TAMS 0x0000000081400000, 0x0000000081400000| Untracked 
|  21|0x0000000081500000, 0x0000000081500000, 0x0000000081600000|  0%| F|  |TAMS 0x0000000081500000, 0x0000000081500000| Untracked 
|  22|0x0000000081600000, 0x0000000081600000, 0x0000000081700000|  0%| F|  |TAMS 0x0000000081600000, 0x0000000081600000| Untracked 
|  23|0x0000000081700000, 0x0000000081700000, 0x0000000081800000|  0%| F|  |TAMS 0x0000000081700000, 0x0000000081700000| Untracked 
|  24|0x0000000081800000, 0x0000000081800000, 0x0000000081900000|  0%| F|  |TAMS 0x0000000081800000, 0x0000000081800000| Untracked 
|  25|0x0000000081900000, 0x0000000081900000, 0x0000000081a00000|  0%| F|  |TAMS 0x0000000081900000, 0x0000000081900000| Untracked 
|  26|0x0000000081a00000, 0x0000000081a00000, 0x0000000081b00000|  0%| F|  |TAMS 0x0000000081a00000, 0x0000000081a00000| Untracked 
|  27|0x0000000081b00000, 0x0000000081b00000, 0x0000000081c00000|  0%| F|  |TAMS 0x0000000081b00000, 0x0000000081b00000| Untracked 
|  28|0x0000000081c00000, 0x0000000081c00000, 0x0000000081d00000|  0%| F|  |TAMS 0x0000000081c00000, 0x0000000081c00000| Untracked 
|  29|0x0000000081d00000, 0x0000000081d00000, 0x0000000081e00000|  0%| F|  |TAMS 0x0000000081d00000, 0x0000000081d00000| Untracked 
|  30|0x0000000081e00000, 0x0000000081e00000, 0x0000000081f00000|  0%| F|  |TAMS 0x0000000081e00000, 0x0000000081e00000| Untracked 
|  31|0x0000000081f00000, 0x0000000081f00000, 0x0000000082000000|  0%| F|  |TAMS 0x0000000081f00000, 0x0000000081f00000| Untracked 
|  32|0x0000000082000000, 0x0000000082000000, 0x0000000082100000|  0%| F|  |TAMS 0x0000000082000000, 0x0000000082000000| Untracked 
|  33|0x0000000082100000, 0x0000000082100000, 0x0000000082200000|  0%| F|  |TAMS 0x0000000082100000, 0x0000000082100000| Untracked 
|  34|0x0000000082200000, 0x0000000082200000, 0x0000000082300000|  0%| F|  |TAMS 0x0000000082200000, 0x0000000082200000| Untracked 
|  35|0x0000000082300000, 0x0000000082300000, 0x0000000082400000|  0%| F|  |TAMS 0x0000000082300000, 0x0000000082300000| Untracked 
|  36|0x0000000082400000, 0x0000000082400000, 0x0000000082500000|  0%| F|  |TAMS 0x0000000082400000, 0x0000000082400000| Untracked 
|  37|0x0000000082500000, 0x0000000082500000, 0x0000000082600000|  0%| F|  |TAMS 0x0000000082500000, 0x0000000082500000| Untracked 
|  38|0x0000000082600000, 0x0000000082600000, 0x0000000082700000|  0%| F|  |TAMS 0x0000000082600000, 0x0000000082600000| Untracked 
|  39|0x0000000082700000, 0x0000000082700000, 0x0000000082800000|  0%| F|  |TAMS 0x0000000082700000, 0x0000000082700000| Untracked 
|  40|0x0000000082800000, 0x0000000082800000, 0x0000000082900000|  0%| F|  |TAMS 0x0000000082800000, 0x0000000082800000| Untracked 
|  41|0x0000000082900000, 0x0000000082900000, 0x0000000082a00000|  0%| F|  |TAMS 0x0000000082900000, 0x0000000082900000| Untracked 
|  42|0x0000000082a00000, 0x0000000082a00000, 0x0000000082b00000|  0%| F|  |TAMS 0x0000000082a00000, 0x0000000082a00000| Untracked 
|  43|0x0000000082b00000, 0x0000000082b00000, 0x0000000082c00000|  0%| F|  |TAMS 0x0000000082b00000, 0x0000000082b00000| Untracked 
|  44|0x0000000082c00000, 0x0000000082c00000, 0x0000000082d00000|  0%| F|  |TAMS 0x0000000082c00000, 0x0000000082c00000| Untracked 
|  45|0x0000000082d00000, 0x0000000082d00000, 0x0000000082e00000|  0%| F|  |TAMS 0x0000000082d00000, 0x0000000082d00000| Untracked 
|  46|0x0000000082e00000, 0x0000000082e00000, 0x0000000082f00000|  0%| F|  |TAMS 0x0000000082e00000, 0x0000000082e00000| Untracked 
|  47|0x0000000082f00000, 0x0000000082f00000, 0x0000000083000000|  0%| F|  |TAMS 0x0000000082f00000, 0x0000000082f00000| Untracked 
|  48|0x0000000083000000, 0x0000000083000000, 0x0000000083100000|  0%| F|  |TAMS 0x0000000083000000, 0x0000000083000000| Untracked 
|  49|0x0000000083100000, 0x0000000083100000, 0x0000000083200000|  0%| F|  |TAMS 0x0000000083100000, 0x0000000083100000| Untracked 
|  50|0x0000000083200000, 0x0000000083200000, 0x0000000083300000|  0%| F|  |TAMS 0x0000000083200000, 0x0000000083200000| Untracked 
|  51|0x0000000083300000, 0x0000000083300000, 0x0000000083400000|  0%| F|  |TAMS 0x0000000083300000, 0x0000000083300000| Untracked 
|  52|0x0000000083400000, 0x0000000083400000, 0x0000000083500000|  0%| F|  |TAMS 0x0000000083400000, 0x0000000083400000| Untracked 
|  53|0x0000000083500000, 0x0000000083500000, 0x0000000083600000|  0%| F|  |TAMS 0x0000000083500000, 0x0000000083500000| Untracked 
|  54|0x0000000083600000, 0x0000000083600000, 0x0000000083700000|  0%| F|  |TAMS 0x0000000083600000, 0x0000000083600000| Untracked 
|  55|0x0000000083700000, 0x0000000083700000, 0x0000000083800000|  0%| F|  |TAMS 0x0000000083700000, 0x0000000083700000| Untracked 
|  56|0x0000000083800000, 0x0000000083800000, 0x0000000083900000|  0%| F|  |TAMS 0x0000000083800000, 0x0000000083800000| Untracked 
|  57|0x0000000083900000, 0x0000000083900000, 0x0000000083a00000|  0%| F|  |TAMS 0x0000000083900000, 0x0000000083900000| Untracked 
|  58|0x0000000083a00000, 0x0000000083a00000, 0x0000000083b00000|  0%| F|  |TAMS 0x0000000083a00000, 0x0000000083a00000| Untracked 
|  59|0x0000000083b00000, 0x0000000083b00000, 0x0000000083c00000|  0%| F|  |TAMS 0x0000000083b00000, 0x0000000083b00000| Untracked 
|  60|0x0000000083c00000, 0x0000000083c00000, 0x0000000083d00000|  0%| F|  |TAMS 0x0000000083c00000, 0x0000000083c00000| Untracked 
|  61|0x0000000083d00000, 0x0000000083d00000, 0x0000000083e00000|  0%| F|  |TAMS 0x0000000083d00000, 0x0000000083d00000| Untracked 
|  62|0x0000000083e00000, 0x0000000083e00000, 0x0000000083f00000|  0%| F|  |TAMS 0x0000000083e00000, 0x0000000083e00000| Untracked 
|  63|0x0000000083f00000, 0x0000000083f00000, 0x0000000084000000|  0%| F|  |TAMS 0x0000000083f00000, 0x0000000083f00000| Untracked 
|  64|0x0000000084000000, 0x0000000084000000, 0x0000000084100000|  0%| F|  |TAMS 0x0000000084000000, 0x0000000084000000| Untracked 
|  65|0x0000000084100000, 0x0000000084100000, 0x0000000084200000|  0%| F|  |TAMS 0x0000000084100000, 0x0000000084100000| Untracked 
|  66|0x0000000084200000, 0x0000000084200000, 0x0000000084300000|  0%| F|  |TAMS 0x0000000084200000, 0x0000000084200000| Untracked 
|  67|0x0000000084300000, 0x0000000084300000, 0x0000000084400000|  0%| F|  |TAMS 0x0000000084300000, 0x0000000084300000| Untracked 
|  68|0x0000000084400000, 0x0000000084400000, 0x0000000084500000|  0%| F|  |TAMS 0x0000000084400000, 0x0000000084400000| Untracked 
|  69|0x0000000084500000, 0x0000000084500000, 0x0000000084600000|  0%| F|  |TAMS 0x0000000084500000, 0x0000000084500000| Untracked 
|  70|0x0000000084600000, 0x0000000084600000, 0x0000000084700000|  0%| F|  |TAMS 0x0000000084600000, 0x0000000084600000| Untracked 
|  71|0x0000000084700000, 0x0000000084700000, 0x0000000084800000|  0%| F|  |TAMS 0x0000000084700000, 0x0000000084700000| Untracked 
|  72|0x0000000084800000, 0x0000000084800000, 0x0000000084900000|  0%| F|  |TAMS 0x0000000084800000, 0x0000000084800000| Untracked 
|  73|0x0000000084900000, 0x0000000084900000, 0x0000000084a00000|  0%| F|  |TAMS 0x0000000084900000, 0x0000000084900000| Untracked 
|  74|0x0000000084a00000, 0x0000000084a00000, 0x0000000084b00000|  0%| F|  |TAMS 0x0000000084a00000, 0x0000000084a00000| Untracked 
|  75|0x0000000084b00000, 0x0000000084b00000, 0x0000000084c00000|  0%| F|  |TAMS 0x0000000084b00000, 0x0000000084b00000| Untracked 
|  76|0x0000000084c00000, 0x0000000084c00000, 0x0000000084d00000|  0%| F|  |TAMS 0x0000000084c00000, 0x0000000084c00000| Untracked 
|  77|0x0000000084d00000, 0x0000000084d00000, 0x0000000084e00000|  0%| F|  |TAMS 0x0000000084d00000, 0x0000000084d00000| Untracked 
|  78|0x0000000084e00000, 0x0000000084e00000, 0x0000000084f00000|  0%| F|  |TAMS 0x0000000084e00000, 0x0000000084e00000| Untracked 
|  79|0x0000000084f00000, 0x0000000084f00000, 0x0000000085000000|  0%| F|  |TAMS 0x0000000084f00000, 0x0000000084f00000| Untracked 
|  80|0x0000000085000000, 0x0000000085000000, 0x0000000085100000|  0%| F|  |TAMS 0x0000000085000000, 0x0000000085000000| Untracked 
|  81|0x0000000085100000, 0x0000000085100000, 0x0000000085200000|  0%| F|  |TAMS 0x0000000085100000, 0x0000000085100000| Untracked 
|  82|0x0000000085200000, 0x0000000085200000, 0x0000000085300000|  0%| F|  |TAMS 0x0000000085200000, 0x0000000085200000| Untracked 
|  83|0x0000000085300000, 0x0000000085300000, 0x0000000085400000|  0%| F|  |TAMS 0x0000000085300000, 0x0000000085300000| Untracked 
|  84|0x0000000085400000, 0x0000000085400000, 0x0000000085500000|  0%| F|  |TAMS 0x0000000085400000, 0x0000000085400000| Untracked 
|  85|0x0000000085500000, 0x0000000085500000, 0x0000000085600000|  0%| F|  |TAMS 0x0000000085500000, 0x0000000085500000| Untracked 
|  86|0x0000000085600000, 0x0000000085600000, 0x0000000085700000|  0%| F|  |TAMS 0x0000000085600000, 0x0000000085600000| Untracked 
|  87|0x0000000085700000, 0x0000000085700000, 0x0000000085800000|  0%| F|  |TAMS 0x0000000085700000, 0x0000000085700000| Untracked 
|  88|0x0000000085800000, 0x0000000085800000, 0x0000000085900000|  0%| F|  |TAMS 0x0000000085800000, 0x0000000085800000| Untracked 
|  89|0x0000000085900000, 0x0000000085900000, 0x0000000085a00000|  0%| F|  |TAMS 0x0000000085900000, 0x0000000085900000| Untracked 
|  90|0x0000000085a00000, 0x0000000085a00000, 0x0000000085b00000|  0%| F|  |TAMS 0x0000000085a00000, 0x0000000085a00000| Untracked 
|  91|0x0000000085b00000, 0x0000000085b88360, 0x0000000085c00000| 53%| S|CS|TAMS 0x0000000085b00000, 0x0000000085b00000| Complete 
|  92|0x0000000085c00000, 0x0000000085d00000, 0x0000000085d00000|100%| S|CS|TAMS 0x0000000085c00000, 0x0000000085c00000| Complete 
|  93|0x0000000085d00000, 0x0000000085d00000, 0x0000000085e00000|  0%| F|  |TAMS 0x0000000085d00000, 0x0000000085d00000| Untracked 
|  94|0x0000000085e00000, 0x0000000085e00000, 0x0000000085f00000|  0%| F|  |TAMS 0x0000000085e00000, 0x0000000085e00000| Untracked 
|  95|0x0000000085f00000, 0x0000000085f00000, 0x0000000086000000|  0%| F|  |TAMS 0x0000000085f00000, 0x0000000085f00000| Untracked 
|  96|0x0000000086000000, 0x0000000086000000, 0x0000000086100000|  0%| F|  |TAMS 0x0000000086000000, 0x0000000086000000| Untracked 
|  97|0x0000000086100000, 0x0000000086100000, 0x0000000086200000|  0%| F|  |TAMS 0x0000000086100000, 0x0000000086100000| Untracked 
|  98|0x0000000086200000, 0x0000000086200000, 0x0000000086300000|  0%| F|  |TAMS 0x0000000086200000, 0x0000000086200000| Untracked 
|  99|0x0000000086300000, 0x0000000086300000, 0x0000000086400000|  0%| F|  |TAMS 0x0000000086300000, 0x0000000086300000| Untracked 
| 100|0x0000000086400000, 0x0000000086500000, 0x0000000086500000|100%| E|  |TAMS 0x0000000086400000, 0x0000000086400000| Complete 
| 101|0x0000000086500000, 0x0000000086600000, 0x0000000086600000|100%| E|CS|TAMS 0x0000000086500000, 0x0000000086500000| Complete 
| 102|0x0000000086600000, 0x0000000086700000, 0x0000000086700000|100%| E|CS|TAMS 0x0000000086600000, 0x0000000086600000| Complete 
| 103|0x0000000086700000, 0x0000000086800000, 0x0000000086800000|100%| E|CS|TAMS 0x0000000086700000, 0x0000000086700000| Complete 
| 104|0x0000000086800000, 0x0000000086900000, 0x0000000086900000|100%| E|CS|TAMS 0x0000000086800000, 0x0000000086800000| Complete 
| 105|0x0000000086900000, 0x0000000086a00000, 0x0000000086a00000|100%| E|CS|TAMS 0x0000000086900000, 0x0000000086900000| Complete 
| 106|0x0000000086a00000, 0x0000000086b00000, 0x0000000086b00000|100%| E|CS|TAMS 0x0000000086a00000, 0x0000000086a00000| Complete 
| 107|0x0000000086b00000, 0x0000000086c00000, 0x0000000086c00000|100%| E|CS|TAMS 0x0000000086b00000, 0x0000000086b00000| Complete 
| 108|0x0000000086c00000, 0x0000000086d00000, 0x0000000086d00000|100%| E|CS|TAMS 0x0000000086c00000, 0x0000000086c00000| Complete 
| 109|0x0000000086d00000, 0x0000000086e00000, 0x0000000086e00000|100%| E|CS|TAMS 0x0000000086d00000, 0x0000000086d00000| Complete 
| 110|0x0000000086e00000, 0x0000000086f00000, 0x0000000086f00000|100%| E|CS|TAMS 0x0000000086e00000, 0x0000000086e00000| Complete 
| 111|0x0000000086f00000, 0x0000000087000000, 0x0000000087000000|100%| E|CS|TAMS 0x0000000086f00000, 0x0000000086f00000| Complete 
| 112|0x0000000087000000, 0x0000000087100000, 0x0000000087100000|100%| E|CS|TAMS 0x0000000087000000, 0x0000000087000000| Complete 
| 113|0x0000000087100000, 0x0000000087200000, 0x0000000087200000|100%| E|CS|TAMS 0x0000000087100000, 0x0000000087100000| Complete 
| 114|0x0000000087200000, 0x0000000087300000, 0x0000000087300000|100%| E|CS|TAMS 0x0000000087200000, 0x0000000087200000| Complete 
| 115|0x0000000087300000, 0x0000000087400000, 0x0000000087400000|100%| E|CS|TAMS 0x0000000087300000, 0x0000000087300000| Complete 
| 116|0x0000000087400000, 0x0000000087500000, 0x0000000087500000|100%| E|CS|TAMS 0x0000000087400000, 0x0000000087400000| Complete 
| 117|0x0000000087500000, 0x0000000087600000, 0x0000000087600000|100%| E|CS|TAMS 0x0000000087500000, 0x0000000087500000| Complete 
| 118|0x0000000087600000, 0x0000000087700000, 0x0000000087700000|100%| E|CS|TAMS 0x0000000087600000, 0x0000000087600000| Complete 
| 119|0x0000000087700000, 0x0000000087800000, 0x0000000087800000|100%| E|CS|TAMS 0x0000000087700000, 0x0000000087700000| Complete 
| 120|0x0000000087800000, 0x0000000087900000, 0x0000000087900000|100%| E|CS|TAMS 0x0000000087800000, 0x0000000087800000| Complete 
| 121|0x0000000087900000, 0x0000000087a00000, 0x0000000087a00000|100%| E|CS|TAMS 0x0000000087900000, 0x0000000087900000| Complete 
| 122|0x0000000087a00000, 0x0000000087b00000, 0x0000000087b00000|100%| E|CS|TAMS 0x0000000087a00000, 0x0000000087a00000| Complete 
| 123|0x0000000087b00000, 0x0000000087c00000, 0x0000000087c00000|100%| E|CS|TAMS 0x0000000087b00000, 0x0000000087b00000| Complete 
| 124|0x0000000087c00000, 0x0000000087d00000, 0x0000000087d00000|100%| E|CS|TAMS 0x0000000087c00000, 0x0000000087c00000| Complete 
| 125|0x0000000087d00000, 0x0000000087e00000, 0x0000000087e00000|100%| E|CS|TAMS 0x0000000087d00000, 0x0000000087d00000| Complete 
| 126|0x0000000087e00000, 0x0000000087f00000, 0x0000000087f00000|100%| E|CS|TAMS 0x0000000087e00000, 0x0000000087e00000| Complete 
| 127|0x0000000087f00000, 0x0000000088000000, 0x0000000088000000|100%| E|CS|TAMS 0x0000000087f00000, 0x0000000087f00000| Complete 

Card table byte_map: [0x00000168bec60000,0x00000168bf060000] _byte_map_base: 0x00000168be860000

Marking Bits (Prev, Next): (CMBitMap*) 0x00000168abd7f350, (CMBitMap*) 0x00000168abd7f318
 Prev Bits: [0x00000168c1460000, 0x00000168c3460000)
 Next Bits: [0x00000168bf460000, 0x00000168c1460000)

Polling page: 0x00000168a9b90000

Metaspace:

Usage:
  Non-class:     20.37 MB capacity,    20.01 MB ( 98%) used,   329.29 KB (  2%) free+waste,    41.63 KB ( <1%) overhead. 
      Class:      3.11 MB capacity,     2.90 MB ( 93%) used,   196.30 KB (  6%) free+waste,    20.69 KB ( <1%) overhead. 
       Both:     23.48 MB capacity,    22.91 MB ( 98%) used,   525.59 KB (  2%) free+waste,    62.31 KB ( <1%) overhead. 

Virtual space:
  Non-class space:       22.00 MB reserved,      20.50 MB ( 93%) committed 
      Class space:        1.00 GB reserved,       3.13 MB ( <1%) committed 
             Both:        1.02 GB reserved,      23.63 MB (  2%) committed 

Chunk freelists:
   Non-Class:  1.00 KB
       Class:  15.00 KB
        Both:  16.00 KB

MaxMetaspaceSize: 17179869184.00 GB
CompressedClassSpaceSize: 1.00 GB
Initial GC threshold: 20.80 MB
Current GC threshold: 35.20 MB
CDS: off

CodeHeap 'non-profiled nmethods': size=120064Kb used=997Kb max_used=997Kb free=119066Kb
 bounds [0x00000168b7320000, 0x00000168b7590000, 0x00000168be860000]
CodeHeap 'profiled nmethods': size=120000Kb used=4370Kb max_used=4370Kb free=115629Kb
 bounds [0x00000168afdf0000, 0x00000168b0240000, 0x00000168b7320000]
CodeHeap 'non-nmethods': size=5696Kb used=1207Kb max_used=1222Kb free=4488Kb
 bounds [0x00000168af860000, 0x00000168afad0000, 0x00000168afdf0000]
 total_blobs=2544 nmethods=2060 adapters=396
 compilation: enabled
              stopped_count=0, restarted_count=0
 full_count=0

Compilation events (20 events):
Event: 5.252 Thread 0x00000168c5978000 2039       3       java.lang.invoke.MethodHandleNatives::canBeCalledVirtual (93 bytes)
Event: 5.252 Thread 0x00000168c5978000 nmethod 2039 0x00000168b0223f10 code [0x00000168b0224120, 0x00000168b0224698]
Event: 5.263 Thread 0x00000168c5978000 2040       3       java.util.concurrent.locks.ReentrantLock::unlock (10 bytes)
Event: 5.263 Thread 0x00000168c5978000 nmethod 2040 0x00000168b0224890 code [0x00000168b0224a60, 0x00000168b0224d98]
Event: 5.265 Thread 0x00000168c5978000 2041       3       sun.invoke.util.VerifyAccess::isMemberAccessible (313 bytes)
Event: 5.269 Thread 0x00000168c5978000 nmethod 2041 0x00000168b0224f10 code [0x00000168b02253e0, 0x00000168b0227588]
Event: 5.269 Thread 0x00000168c5978000 2043       3       sun.reflect.annotation.AnnotationParser::parseSig (61 bytes)
Event: 5.270 Thread 0x00000168c5978000 nmethod 2043 0x00000168b0228010 code [0x00000168b0228300, 0x00000168b0229418]
Event: 5.270 Thread 0x00000168c5978000 2045       3       sun.reflect.annotation.AnnotationType::getInstance (65 bytes)
Event: 5.271 Thread 0x00000168c5978000 nmethod 2045 0x00000168b0229990 code [0x00000168b0229ba0, 0x00000168b022a188]
Event: 5.271 Thread 0x00000168c5978000 2044       3       java.lang.reflect.Constructor::newInstance (76 bytes)
Event: 5.271 Thread 0x00000168c5978000 nmethod 2044 0x00000168b022a410 code [0x00000168b022a620, 0x00000168b022aa58]
Event: 5.271 Thread 0x00000168c5978000 2042       3       java.lang.invoke.TypeConvertingMethodAdapter::cast (42 bytes)
Event: 5.272 Thread 0x00000168c5978000 nmethod 2042 0x00000168b022ac10 code [0x00000168b022ae20, 0x00000168b022b288]
Event: 5.272 Thread 0x00000168c5978000 2046       3       java.util.Objects::hashCode (13 bytes)
Event: 5.272 Thread 0x00000168c5978000 nmethod 2046 0x00000168b022b410 code [0x00000168b022b5e0, 0x00000168b022b7e8]
Event: 5.273 Thread 0x00000168c5978000 2047       3       jdk.internal.loader.AbstractClassLoaderValue$Sub::hashCode (19 bytes)
Event: 5.273 Thread 0x00000168c5978000 nmethod 2047 0x00000168b022b890 code [0x00000168b022ba60, 0x00000168b022bdb8]
Event: 5.273 Thread 0x00000168c5978000 2048       1       jdk.internal.reflect.ClassFileAssembler::getStack (5 bytes)
Event: 5.273 Thread 0x00000168c5978000 nmethod 2048 0x00000168b7419390 code [0x00000168b7419540, 0x00000168b74195f8]

GC Heap History (10 events):
Event: 1.110 GC heap before
{Heap before GC invocations=0 (full 0):
 garbage-first heap   total 131072K, used 16384K [0x0000000080000000, 0x0000000100000000)
  region size 1024K, 14 young (14336K), 0 survivors (0K)
 Metaspace       used 6758K, capacity 6997K, committed 7168K, reserved 1056768K
  class space    used 572K, capacity 650K, committed 768K, reserved 1048576K
}
Event: 1.115 GC heap after
{Heap after GC invocations=1 (full 0):
 garbage-first heap   total 131072K, used 4112K [0x0000000080000000, 0x0000000100000000)
  region size 1024K, 2 young (2048K), 2 survivors (2048K)
 Metaspace       used 6758K, capacity 6997K, committed 7168K, reserved 1056768K
  class space    used 572K, capacity 650K, committed 768K, reserved 1048576K
}
Event: 1.621 GC heap before
{Heap before GC invocations=1 (full 0):
 garbage-first heap   total 131072K, used 18448K [0x0000000080000000, 0x0000000100000000)
  region size 1024K, 13 young (13312K), 2 survivors (2048K)
 Metaspace       used 9848K, capacity 10062K, committed 10112K, reserved 1058816K
  class space    used 1011K, capacity 1102K, committed 1152K, reserved 1048576K
}
Event: 1.626 GC heap after
{Heap after GC invocations=2 (full 0):
 garbage-first heap   total 131072K, used 9352K [0x0000000080000000, 0x0000000100000000)
  region size 1024K, 2 young (2048K), 2 survivors (2048K)
 Metaspace       used 9848K, capacity 10062K, committed 10112K, reserved 1058816K
  class space    used 1011K, capacity 1102K, committed 1152K, reserved 1048576K
}
Event: 2.411 GC heap before
{Heap before GC invocations=2 (full 0):
 garbage-first heap   total 131072K, used 35976K [0x0000000080000000, 0x0000000100000000)
  region size 1024K, 28 young (28672K), 2 survivors (2048K)
 Metaspace       used 10847K, capacity 11081K, committed 11264K, reserved 1058816K
  class space    used 1112K, capacity 1207K, committed 1280K, reserved 1048576K
}
Event: 2.415 GC heap after
{Heap after GC invocations=3 (full 0):
 garbage-first heap   total 131072K, used 9836K [0x0000000080000000, 0x0000000100000000)
  region size 1024K, 3 young (3072K), 3 survivors (3072K)
 Metaspace       used 10847K, capacity 11081K, committed 11264K, reserved 1058816K
  class space    used 1112K, capacity 1207K, committed 1280K, reserved 1048576K
}
Event: 4.073 GC heap before
{Heap before GC invocations=3 (full 0):
 garbage-first heap   total 131072K, used 49772K [0x0000000080000000, 0x0000000100000000)
  region size 1024K, 42 young (43008K), 3 survivors (3072K)
 Metaspace       used 16546K, capacity 16916K, committed 17152K, reserved 1064960K
  class space    used 1871K, capacity 2002K, committed 2048K, reserved 1048576K
}
Event: 4.098 GC heap after
{Heap after GC invocations=4 (full 0):
 garbage-first heap   total 131072K, used 15738K [0x0000000080000000, 0x0000000100000000)
  region size 1024K, 6 young (6144K), 6 survivors (6144K)
 Metaspace       used 16546K, capacity 16916K, committed 17152K, reserved 1064960K
  class space    used 1871K, capacity 2002K, committed 2048K, reserved 1048576K
}
Event: 4.771 GC heap before
{Heap before GC invocations=4 (full 0):
 garbage-first heap   total 131072K, used 50554K [0x0000000080000000, 0x0000000100000000)
  region size 1024K, 41 young (41984K), 6 survivors (6144K)
 Metaspace       used 20730K, capacity 21160K, committed 21296K, reserved 1069056K
  class space    used 2510K, capacity 2663K, committed 2688K, reserved 1048576K
}
Event: 4.783 GC heap after
{Heap after GC invocations=5 (full 0):
 garbage-first heap   total 131072K, used 17586K [0x0000000080000000, 0x0000000100000000)
  region size 1024K, 2 young (2048K), 2 survivors (2048K)
 Metaspace       used 20730K, capacity 21160K, committed 21296K, reserved 1069056K
  class space    used 2510K, capacity 2663K, committed 2688K, reserved 1048576K
}

Deoptimization events (20 events):
Event: 4.825 Thread 0x00000168c717d000 Uncommon trap: trap_request=0xffffffc6 fr.pc=0x00000168b739f4a4 relative=0x0000000000000084
Event: 4.825 Thread 0x00000168c717d000 Uncommon trap: reason=bimorphic_or_optimized_type_check action=maybe_recompile pc=0x00000168b739f4a4 method=java.util.AbstractList$Itr.hasNext()Z @ 8 c2
Event: 4.825 Thread 0x00000168c717d000 DEOPT PACKING pc=0x00000168b739f4a4 sp=0x0000004125bfae00
Event: 4.825 Thread 0x00000168c717d000 DEOPT UNPACKING pc=0x00000168af8aa1af sp=0x0000004125bfad98 mode 2
Event: 4.825 Thread 0x00000168c717d000 Uncommon trap: trap_request=0xffffffc6 fr.pc=0x00000168b739efd4 relative=0x0000000000000114
Event: 4.825 Thread 0x00000168c717d000 Uncommon trap: reason=bimorphic_or_optimized_type_check action=maybe_recompile pc=0x00000168b739efd4 method=java.util.AbstractList$Itr.next()Ljava/lang/Object; @ 14 c2
Event: 4.825 Thread 0x00000168c717d000 DEOPT PACKING pc=0x00000168b739efd4 sp=0x0000004125bfadf0
Event: 4.825 Thread 0x00000168c717d000 DEOPT UNPACKING pc=0x00000168af8aa1af sp=0x0000004125bfad88 mode 2
Event: 4.826 Thread 0x00000168c717d000 Uncommon trap: trap_request=0xffffff4d fr.pc=0x00000168b7398b84 relative=0x00000000000005c4
Event: 4.826 Thread 0x00000168c717d000 Uncommon trap: reason=unstable_if action=reinterpret pc=0x00000168b7398b84 method=java.io.File.getName()Ljava/lang/String; @ 16 c2
Event: 4.826 Thread 0x00000168c717d000 DEOPT PACKING pc=0x00000168b7398b84 sp=0x0000004125bfb7d0
Event: 4.826 Thread 0x00000168c717d000 DEOPT UNPACKING pc=0x00000168af8aa1af sp=0x0000004125bfb7a0 mode 2
Event: 4.826 Thread 0x00000168c717d000 Uncommon trap: trap_request=0xffffff4d fr.pc=0x00000168b7396bb4 relative=0x0000000000000474
Event: 4.826 Thread 0x00000168c717d000 Uncommon trap: reason=unstable_if action=reinterpret pc=0x00000168b7396bb4 method=java.lang.String.substring(I)Ljava/lang/String; @ 34 c2
Event: 4.826 Thread 0x00000168c717d000 DEOPT PACKING pc=0x00000168b7396bb4 sp=0x0000004125bfb750
Event: 4.826 Thread 0x00000168c717d000 DEOPT UNPACKING pc=0x00000168af8aa1af sp=0x0000004125bfb728 mode 2
Event: 5.013 Thread 0x00000168c717d000 Uncommon trap: trap_request=0xffffff4d fr.pc=0x00000168b7414930 relative=0x00000000000003b0
Event: 5.013 Thread 0x00000168c717d000 Uncommon trap: reason=unstable_if action=reinterpret pc=0x00000168b7414930 method=jdk.internal.org.objectweb.asm.Type.getArgumentsAndReturnSizes(Ljava/lang/String;)I @ 88 c2
Event: 5.013 Thread 0x00000168c717d000 DEOPT PACKING pc=0x00000168b7414930 sp=0x0000004125bf9d20
Event: 5.013 Thread 0x00000168c717d000 DEOPT UNPACKING pc=0x00000168af8aa1af sp=0x0000004125bf9ca8 mode 2

Classes redefined (0 events):
No events

Internal exceptions (20 events):
Event: 3.011 Thread 0x00000168abd3d000 Exception <a 'java/lang/NoSuchMethodError'{0x0000000086418350}: 'java.lang.Object java.lang.invoke.DirectMethodHandle$Holder.invokeStaticInit(java.lang.Object, java.lang.Object, java.lang.Object)'> (0x0000000086418350) thrown at [./src/hotspot/share/interpreter/linkResolver.cpp, line 773]
Event: 3.338 Thread 0x00000168abd3d000 Exception <a 'java/lang/NoSuchMethodError'{0x0000000085b9fac8}: 'java.lang.Object java.lang.invoke.DirectMethodHandle$Holder.invokeStaticInit(java.lang.Object, int, int, int, int)'> (0x0000000085b9fac8) thrown at [./src/hotspot/share/interpreter/linkResolver.cpp, line 773]
Event: 3.582 Thread 0x00000168abd3d000 Exception <a 'java/lang/NoSuchMethodError'{0x0000000085a98410}: 'java.lang.Object java.lang.invoke.DirectMethodHandle$Holder.invokeStaticInit(java.lang.Object, java.lang.Object, int, int, int, int)'> (0x0000000085a98410) thrown at [./src/hotspot/share/interpreter/linkResolver.cpp, line 773]
Event: 4.014 Thread 0x00000168abd3d000 Exception <a 'java/io/IOException'{0x00000000858c5068}> (0x00000000858c5068) thrown at [./src/hotspot/share/prims/jni.cpp, line 616]
Event: 4.133 Thread 0x00000168c8c1f000 Exception <a 'java/lang/NoSuchMethodError'{0x0000000087ff7dc0}: <clinit>> (0x0000000087ff7dc0) thrown at [./src/hotspot/share/prims/jni.cpp, line 1366]
Event: 4.137 Thread 0x00000168c8c1f000 Exception <a 'java/lang/NoSuchMethodError'{0x0000000087e106f0}: <clinit>> (0x0000000087e106f0) thrown at [./src/hotspot/share/prims/jni.cpp, line 1366]
Event: 4.139 Thread 0x00000168c8c1f000 Exception <a 'java/lang/NoSuchMethodError'{0x0000000087e1a0b8}: <clinit>> (0x0000000087e1a0b8) thrown at [./src/hotspot/share/prims/jni.cpp, line 1366]
Event: 4.143 Thread 0x00000168c8c1f000 Exception <a 'java/lang/NoSuchMethodError'{0x0000000087e2f478}: <clinit>> (0x0000000087e2f478) thrown at [./src/hotspot/share/prims/jni.cpp, line 1366]
Event: 4.243 Thread 0x00000168c717d000 Exception <a 'java/lang/NoSuchMethodError'{0x0000000087be49b8}: 'long java.lang.invoke.DirectMethodHandle$Holder.invokeInterface(java.lang.Object, java.lang.Object)'> (0x0000000087be49b8) thrown at [./src/hotspot/share/interpreter/linkResolver.cpp, line 773]
Event: 4.246 Thread 0x00000168c717d000 Exception <a 'java/lang/NoSuchMethodError'{0x0000000087bf1a58}: 'void java.lang.invoke.DelegatingMethodHandle$Holder.reinvoke_L(java.lang.Object, java.lang.Object, java.lang.Object, java.lang.Object, java.lang.Object, java.lang.Object, java.lang.Object)'> (0x0000000087bf1a58) thrown at [./src/hotspot/share/interpreter/linkResolver.cpp, line 773]
Event: 4.676 Thread 0x00000168c717d000 Exception <a 'java/lang/NoSuchMethodError'{0x0000000086018b18}: 'void java.lang.invoke.DirectMethodHandle$Holder.invokeStaticInit(java.lang.Object)'> (0x0000000086018b18) thrown at [./src/hotspot/share/interpreter/linkResolver.cpp, line 773]
Event: 4.693 Thread 0x00000168c717d000 Exception <a 'java/lang/NoSuchMethodError'{0x00000000860c5ad8}: 'java.lang.Object java.lang.invoke.DirectMethodHandle$Holder.invokeStatic(java.lang.Object, java.lang.Object, java.lang.Object, int)'> (0x00000000860c5ad8) thrown at [./src/hotspot/share/interpreter/linkResolver.cpp, line 773]
Event: 4.694 Thread 0x00000168c717d000 Exception <a 'java/lang/NoSuchMethodError'{0x0000000085f04808}: 'java.lang.Object java.lang.invoke.DirectMethodHandle$Holder.invokeSpecial(java.lang.Object, java.lang.Object, java.lang.Object, java.lang.Object, int)'> (0x0000000085f04808) thrown at [./src/hotspot/share/interpreter/linkResolver.cpp, line 773]
Event: 4.694 Thread 0x00000168c717d000 Exception <a 'java/lang/NoSuchMethodError'{0x0000000085f08740}: 'java.lang.Object java.lang.invoke.Invokers$Holder.linkToTargetMethod(java.lang.Object, java.lang.Object, int, java.lang.Object)'> (0x0000000085f08740) thrown at [./src/hotspot/share/interpreter/linkResolver.cpp, line 773]
Event: 4.894 Thread 0x00000168c717d000 Exception <a 'java/lang/NoSuchMethodError'{0x0000000087cd70c0}: 'int java.lang.invoke.DirectMethodHandle$Holder.invokeSpecialIFC(java.lang.Object, java.lang.Object, java.lang.Object, java.lang.Object)'> (0x0000000087cd70c0) thrown at [./src/hotspot/share/interpreter/linkResolver.cpp, line 773]
Event: 4.898 Thread 0x00000168c717d000 Exception <a 'java/lang/NoSuchMethodError'{0x0000000087ce5078}: 'java.lang.Object java.lang.invoke.DirectMethodHandle$Holder.invokeInterface(java.lang.Object, java.lang.Object, java.lang.Object)'> (0x0000000087ce5078) thrown at [./src/hotspot/share/interpreter/linkResolver.cpp, line 773]
Event: 4.898 Thread 0x00000168c717d000 Exception <a 'java/lang/IncompatibleClassChangeError'{0x0000000087ce8550}: Found class java.lang.Object, but interface was expected> (0x0000000087ce8550) thrown at [./src/hotspot/share/interpreter/linkResolver.cpp, line 839]
Event: 5.095 Thread 0x00000168c717d000 Exception <a 'java/lang/NoSuchMethodError'{0x0000000087437248}: 'void java.lang.invoke.DirectMethodHandle$Holder.invokeSpecial(java.lang.Object, java.lang.Object, java.lang.Object, java.lang.Object, java.lang.Object)'> (0x0000000087437248) thrown at [./src/hotspot/share/interpreter/linkResolver.cpp, line 773]
Event: 5.129 Thread 0x00000168c717d000 Exception <a 'java/lang/NoSuchMethodError'{0x000000008728b640}: 'java.lang.Object java.lang.invoke.DirectMethodHandle$Holder.invokeSpecial(java.lang.Object, java.lang.Object, java.lang.Object, java.lang.Object, java.lang.Object, java.lang.Object, java.lang.Object, java.lang.Object, java.lang.Object)'> (0x000000008728b640) thrown at [./src/hotspot/share/interpreter/linkResolver.cpp, line 773]
Event: 5.251 Thread 0x00000168c717d000 Exception <a 'java/lang/NoSuchMethodError'{0x000000008685d338}: 'java.lang.Object java.lang.invoke.DirectMethodHandle$Holder.invokeVirtual(java.lang.Object, java.lang.Object, java.lang.Object, java.lang.Object)'> (0x000000008685d338) thrown at [./src/hotspot/share/interpreter/linkResolver.cpp, line 773]

Events (20 events):
Event: 5.279 loading class org/gradle/internal/instantiation/generator/AbstractClassGenerator$InjectAnnotationPropertyHandler
Event: 5.279 loading class org/gradle/internal/instantiation/generator/AbstractClassGenerator$InjectAnnotationPropertyHandler done
Event: 5.280 loading class org/gradle/internal/instantiation/generator/AbstractClassGenerator$AbstractInjectedPropertyHandler
Event: 5.280 loading class org/gradle/internal/instantiation/generator/AbstractClassGenerator$AbstractInjectedPropertyHandler done
Event: 5.282 loading class org/gradle/internal/instantiation/generator/AbstractClassGenerator$PropertyTypePropertyHandler
Event: 5.282 loading class org/gradle/internal/instantiation/generator/AbstractClassGenerator$PropertyTypePropertyHandler done
Event: 5.282 loading class org/gradle/internal/instantiation/generator/AbstractClassGenerator$ManagedPropertiesHandler
Event: 5.282 loading class org/gradle/internal/instantiation/generator/AbstractClassGenerator$ManagedPropertiesHandler done
Event: 5.284 loading class org/gradle/internal/instantiation/generator/AbstractClassGenerator$NamePropertyHandler
Event: 5.284 loading class org/gradle/internal/instantiation/generator/AbstractClassGenerator$NamePropertyHandler done
Event: 5.284 loading class org/gradle/internal/instantiation/generator/AbstractClassGenerator$ExtensibleTypePropertyHandler
Event: 5.284 loading class org/gradle/internal/instantiation/generator/AbstractClassGenerator$ExtensibleTypePropertyHandler done
Event: 5.286 loading class org/gradle/internal/instantiation/generator/AbstractClassGenerator$DslMixInPropertyType
Event: 5.286 loading class org/gradle/internal/instantiation/generator/AbstractClassGenerator$DslMixInPropertyType done
Event: 5.288 loading class org/gradle/internal/reflect/MethodSet
Event: 5.288 loading class org/gradle/internal/reflect/MethodSet done
Event: 5.288 loading class com/google/common/collect/LinkedHashMultimap
Event: 5.288 loading class com/google/common/collect/LinkedHashMultimap done
Event: 5.290 loading class com/google/common/collect/LinkedHashMultimapGwtSerializationDependencies
Event: 5.290 loading class com/google/common/collect/LinkedHashMultimapGwtSerializationDependencies done


Dynamic libraries:
0x00007ff770760000 - 0x00007ff77076a000 	C:\Program Files\Android\Android Studio\jre\bin\java.exe
0x00007ffcbd080000 - 0x00007ffcbd289000 	C:\Windows\SYSTEM32\ntdll.dll
0x00007ffcbb9e0000 - 0x00007ffcbba9e000 	C:\Windows\System32\KERNEL32.DLL
0x00007ffcba550000 - 0x00007ffcba8cb000 	C:\Windows\System32\KERNELBASE.dll
0x00007ffcba940000 - 0x00007ffcbaa51000 	C:\Windows\System32\ucrtbase.dll
0x00007ffca9ae0000 - 0x00007ffca9af9000 	C:\Program Files\Android\Android Studio\jre\bin\jli.dll
0x00007ffcbb140000 - 0x00007ffcbb2ed000 	C:\Windows\System32\USER32.dll
0x00007ffcbae10000 - 0x00007ffcbae36000 	C:\Windows\System32\win32u.dll
0x00007ffcbb450000 - 0x00007ffcbb479000 	C:\Windows\System32\GDI32.dll
0x00007ffcbaa60000 - 0x00007ffcbab78000 	C:\Windows\System32\gdi32full.dll
0x00007ffcbac00000 - 0x00007ffcbac9d000 	C:\Windows\System32\msvcp_win.dll
0x00007ffca9ac0000 - 0x00007ffca9ad7000 	C:\Program Files\Android\Android Studio\jre\bin\VCRUNTIME140.dll
0x00007ffca4340000 - 0x00007ffca45e5000 	C:\Windows\WinSxS\amd64_microsoft.windows.common-controls_6595b64144ccf1df_6.0.22000.120_none_9d947278b86cc467\COMCTL32.dll
0x00007ffcbcf90000 - 0x00007ffcbd033000 	C:\Windows\System32\msvcrt.dll
0x00007ffcbb2f0000 - 0x00007ffcbb322000 	C:\Windows\System32\IMM32.DLL
0x00007ffc97890000 - 0x00007ffc9792d000 	C:\Program Files\Android\Android Studio\jre\bin\msvcp140.dll
0x00007ffc4e040000 - 0x00007ffc4eb42000 	C:\Program Files\Android\Android Studio\jre\bin\server\jvm.dll
0x00007ffcbb390000 - 0x00007ffcbb43e000 	C:\Windows\System32\ADVAPI32.dll
0x00007ffcbcd80000 - 0x00007ffcbce1e000 	C:\Windows\System32\sechost.dll
0x00007ffcbb660000 - 0x00007ffcbb780000 	C:\Windows\System32\RPCRT4.dll
0x00007ffcbb950000 - 0x00007ffcbb958000 	C:\Windows\System32\PSAPI.DLL
0x00007ffcb6440000 - 0x00007ffcb6449000 	C:\Windows\SYSTEM32\WSOCK32.dll
0x00007ffcbc400000 - 0x00007ffcbc46f000 	C:\Windows\System32\WS2_32.dll
0x00007ffcb40e0000 - 0x00007ffcb4113000 	C:\Windows\SYSTEM32\WINMM.dll
0x00007ffcb28f0000 - 0x00007ffcb28fa000 	C:\Windows\SYSTEM32\VERSION.dll
0x00007ffcb9650000 - 0x00007ffcb9668000 	C:\Windows\SYSTEM32\kernel.appcore.dll
0x00007ffcb63f0000 - 0x00007ffcb6401000 	C:\Program Files\Android\Android Studio\jre\bin\verify.dll
0x00007ffcb8100000 - 0x00007ffcb8321000 	C:\Windows\SYSTEM32\DBGHELP.DLL
0x00007ffca3b30000 - 0x00007ffca3b61000 	C:\Windows\SYSTEM32\dbgcore.DLL
0x00007ffcbab80000 - 0x00007ffcbabff000 	C:\Windows\System32\bcryptPrimitives.dll
0x00007ffcb6330000 - 0x00007ffcb6359000 	C:\Program Files\Android\Android Studio\jre\bin\java.dll
0x00007ffcb63e0000 - 0x00007ffcb63eb000 	C:\Program Files\Android\Android Studio\jre\bin\jimage.dll
0x00007ffcb4e70000 - 0x00007ffcb4e88000 	C:\Program Files\Android\Android Studio\jre\bin\zip.dll
0x00007ffcbbaa0000 - 0x00007ffcbc257000 	C:\Windows\System32\SHELL32.dll
0x00007ffcb8640000 - 0x00007ffcb8ea5000 	C:\Windows\SYSTEM32\windows.storage.dll
0x00007ffcbc490000 - 0x00007ffcbc808000 	C:\Windows\System32\combase.dll
0x00007ffcb84d0000 - 0x00007ffcb8636000 	C:\Windows\SYSTEM32\wintypes.dll
0x00007ffcbaf70000 - 0x00007ffcbb05a000 	C:\Windows\System32\SHCORE.dll
0x00007ffcbc810000 - 0x00007ffcbc86d000 	C:\Windows\System32\shlwapi.dll
0x00007ffcba480000 - 0x00007ffcba4a1000 	C:\Windows\SYSTEM32\profapi.dll
0x00007ffcb4e50000 - 0x00007ffcb4e6a000 	C:\Program Files\Android\Android Studio\jre\bin\net.dll
0x00007ffcb3d80000 - 0x00007ffcb3e94000 	C:\Windows\SYSTEM32\WINHTTP.dll
0x00007ffcb9b60000 - 0x00007ffcb9bc7000 	C:\Windows\system32\mswsock.dll
0x00007ffcb4e30000 - 0x00007ffcb4e44000 	C:\Program Files\Android\Android Studio\jre\bin\nio.dll
0x00007ffcaae10000 - 0x00007ffcaae37000 	C:\Users\Administrator\.gradle\native\e1d6ef7f7dcc3fd88c89a11ec53ec762bb8ba0a96d01ffa2cd45eb1d1d8dd5c5\windows-amd64\native-platform.dll
0x00007ffc61840000 - 0x00007ffc61984000 	C:\Users\Administrator\.gradle\native\0d407fdbe67a94daf76414ababcb853783967236a71b16ec16e742cd7a986fd3\windows-amd64\native-platform-file-events.dll
0x00007ffcb6390000 - 0x00007ffcb639a000 	C:\Program Files\Android\Android Studio\jre\bin\management.dll
0x00007ffcb6320000 - 0x00007ffcb632d000 	C:\Program Files\Android\Android Studio\jre\bin\management_ext.dll
0x00007ffcb9db0000 - 0x00007ffcb9dc8000 	C:\Windows\SYSTEM32\CRYPTSP.dll
0x00007ffcb95a0000 - 0x00007ffcb95d5000 	C:\Windows\system32\rsaenh.dll
0x00007ffcb9c50000 - 0x00007ffcb9c79000 	C:\Windows\SYSTEM32\USERENV.dll
0x00007ffcb9f30000 - 0x00007ffcb9f57000 	C:\Windows\SYSTEM32\bcrypt.dll
0x00007ffcb9da0000 - 0x00007ffcb9dac000 	C:\Windows\SYSTEM32\CRYPTBASE.dll
0x00007ffcb9100000 - 0x00007ffcb912d000 	C:\Windows\SYSTEM32\IPHLPAPI.DLL
0x00007ffcbb940000 - 0x00007ffcbb949000 	C:\Windows\System32\NSI.dll
0x00007ffcb4b80000 - 0x00007ffcb4b99000 	C:\Windows\SYSTEM32\dhcpcsvc6.DLL
0x00007ffcb4540000 - 0x00007ffcb455e000 	C:\Windows\SYSTEM32\dhcpcsvc.DLL
0x00007ffcb9130000 - 0x00007ffcb9218000 	C:\Windows\SYSTEM32\DNSAPI.dll

dbghelp: loaded successfully - version: 4.0.5 - missing functions: none
symbol engine: initialized successfully - sym options: 0x614 - pdb path: .;C:\Program Files\Android\Android Studio\jre\bin;C:\Windows\SYSTEM32;C:\Windows\WinSxS\amd64_microsoft.windows.common-controls_6595b64144ccf1df_6.0.22000.120_none_9d947278b86cc467;C:\Program Files\Android\Android Studio\jre\bin\server;C:\Users\Administrator\.gradle\native\e1d6ef7f7dcc3fd88c89a11ec53ec762bb8ba0a96d01ffa2cd45eb1d1d8dd5c5\windows-amd64;C:\Users\Administrator\.gradle\native\0d407fdbe67a94daf76414ababcb853783967236a71b16ec16e742cd7a986fd3\windows-amd64

VM Arguments:
jvm_args: --add-opens=java.base/java.util=ALL-UNNAMED --add-opens=java.base/java.lang=ALL-UNNAMED --add-opens=java.base/java.lang.invoke=ALL-UNNAMED --add-opens=java.base/java.util=ALL-UNNAMED --add-opens=java.prefs/java.util.prefs=ALL-UNNAMED --add-opens=java.prefs/java.util.prefs=ALL-UNNAMED --add-opens=java.base/java.nio.charset=ALL-UNNAMED --add-opens=java.base/java.net=ALL-UNNAMED --add-opens=java.base/java.util.concurrent.atomic=ALL-UNNAMED -Xmx2048m -Dfile.encoding=UTF-8 -Duser.country=US -Duser.language=en -Duser.variant 
java_command: org.gradle.launcher.daemon.bootstrap.GradleDaemon 7.4
java_class_path (initial): C:\Users\Administrator\.gradle\wrapper\dists\gradle-7.4-bin\c0gwcg53nkjbqw7r0h0umtfvt\gradle-7.4\lib\gradle-launcher-7.4.jar
Launcher Type: SUN_STANDARD

[Global flags]
     intx CICompilerCount                          = 3                                         {product} {ergonomic}
     uint ConcGCThreads                            = 1                                         {product} {ergonomic}
     uint G1ConcRefinementThreads                  = 4                                         {product} {ergonomic}
   size_t G1HeapRegionSize                         = 1048576                                   {product} {ergonomic}
    uintx GCDrainStackTargetSize                   = 64                                        {product} {ergonomic}
   size_t InitialHeapSize                          = 134217728                                 {product} {ergonomic}
   size_t MarkStackSize                            = 4194304                                   {product} {ergonomic}
   size_t MaxHeapSize                              = 2147483648                                {product} {command line}
   size_t MaxNewSize                               = 1287651328                                {product} {ergonomic}
   size_t MinHeapDeltaBytes                        = 1048576                                   {product} {ergonomic}
    uintx NonNMethodCodeHeapSize                   = 5830732                                {pd product} {ergonomic}
    uintx NonProfiledCodeHeapSize                  = 122913754                              {pd product} {ergonomic}
    uintx ProfiledCodeHeapSize                     = 122913754                              {pd product} {ergonomic}
    uintx ReservedCodeCacheSize                    = 251658240                              {pd product} {ergonomic}
     bool SegmentedCodeCache                       = true                                      {product} {ergonomic}
     bool UseCompressedClassPointers               = true                                 {lp64_product} {ergonomic}
     bool UseCompressedOops                        = true                                 {lp64_product} {ergonomic}
     bool UseG1GC                                  = true                                      {product} {ergonomic}
     bool UseLargePagesIndividualAllocation        = false                                  {pd product} {ergonomic}

Logging:
Log output configuration:
 #0: stdout all=warning uptime,level,tags
 #1: stderr all=off uptime,level,tags

Environment Variables:
PATH=C:\Windows\system32;C:\Windows;C:\Windows\System32\Wbem;C:\Windows\System32\WindowsPowerShell\v1.0\;C:\Windows\System32\OpenSSH\;C:\Program Files\Git\cmd;C:\laragon\bin\php\php-8.1.10-Win32-vs16-x64\;C:\ProgramData\ComposerSetup\bin;C:\Program Files (x86)\NVIDIA Corporation\PhysX\Common;C:\Program Files\NVIDIA Corporation\NVIDIA NvDLISR;C:\Program Files\dotnet\;C:\Users\Administrator\AppData\Local\Microsoft\WindowsApps;C:\Users\Administrator\AppData\Local\Programs\Microsoft VS Code\bin;C:\Users\Administrator\AppData\Roaming\Composer\vendor\bin;C:\laragon\bin\php\php-8.1.10-Win32-vs16-x64\php.exe;C:\Program Files\Java\jdk-19.0.1\bin;
USERNAME=Administrator
OS=Windows_NT
PROCESSOR_IDENTIFIER=Intel64 Family 6 Model 142 Stepping 9, GenuineIntel



---------------  S Y S T E M  ---------------

OS: Windows 11 , 64 bit Build 22000 (10.0.22000.1335)
OS uptime: 0 days 1:12 hours

CPU:total 4 (initial active 4) (2 cores per cpu, 2 threads per core) family 6 model 142 stepping 9 microcode 0xde, cmov, cx8, fxsr, mmx, sse, sse2, sse3, ssse3, sse4.1, sse4.2, popcnt, avx, avx2, aes, clmul, erms, 3dnowpref, lzcnt, ht, tsc, tscinvbit, bmi1, bmi2, adx, fma

Memory: 4k page, system-wide physical 8073M (690M free)
TotalPageFile size 8073M (AvailPageFile size 5M)
current process WorkingSet (physical memory assigned to process): 170M, peak: 170M
current process commit charge ("private bytes"): 265M, peak: 266M

vm_info: OpenJDK 64-Bit Server VM (11.0.13+0-b1751.21-8125866) for windows-amd64 JRE (11.0.13+0-b1751.21-8125866), built on Feb  2 2022 03:00:22 by "builder" with MS VC++ 14.0 (VS2015)

END.
