#
# There is insufficient memory for the Java Runtime Environment to continue.
# Native memory allocation (malloc) failed to allocate 32744 bytes for ChunkPool::allocate
# Possible reasons:
#   The system is out of physical RAM or swap space
#   The process is running with CompressedOops enabled, and the Java Heap may be blocking the growth of the native heap
# Possible solutions:
#   Reduce memory load on the system
#   Increase physical memory or swap space
#   Check if swap backing store is full
#   Decrease Java heap size (-Xmx/-Xms)
#   Decrease number of Java threads
#   Decrease Java thread stack sizes (-Xss)
#   Set larger code cache with -XX:ReservedCodeCacheSize=
#   JVM is running with Unscaled Compressed Oops mode in which the Java heap is
#     placed in the first 4GB address space. The Java Heap base address is the
#     maximum limit for the native heap growth. Please use -XX:HeapBaseMinAddress
#     to set the Java Heap base and to place the Java Heap above 4GB virtual address.
# This output file may be truncated or incomplete.
#
#  Out of Memory Error (./src/hotspot/share/memory/arena.cpp:81), pid=9472, tid=12740
#
# JRE version: OpenJDK Runtime Environment (11.0.13) (build 11.0.13+0-b1751.21-8125866)
# Java VM: OpenJDK 64-Bit Server VM (11.0.13+0-b1751.21-8125866, mixed mode, tiered, compressed oops, g1 gc, windows-amd64)
# No core dump will be written. Minidumps are not enabled by default on client versions of Windows
#

---------------  S U M M A R Y ------------

Command Line: --add-opens=java.base/java.util=ALL-UNNAMED --add-opens=java.base/java.lang=ALL-UNNAMED --add-opens=java.base/java.lang.invoke=ALL-UNNAMED --add-opens=java.base/java.util=ALL-UNNAMED --add-opens=java.prefs/java.util.prefs=ALL-UNNAMED --add-opens=java.prefs/java.util.prefs=ALL-UNNAMED --add-opens=java.base/java.nio.charset=ALL-UNNAMED --add-opens=java.base/java.net=ALL-UNNAMED --add-opens=java.base/java.util.concurrent.atomic=ALL-UNNAMED -Xmx2048m -Dfile.encoding=UTF-8 -Duser.country=US -Duser.language=en -Duser.variant org.gradle.launcher.daemon.bootstrap.GradleDaemon 7.4

Host: Intel(R) Core(TM) i3-7020U CPU @ 2.30GHz, 4 cores, 7G,  Windows 11 , 64 bit Build 22000 (10.0.22000.1335)
Time: Sat Jan  7 23:42:31 2023 SE Asia Standard Time elapsed time: 46.656569 seconds (0d 0h 0m 46s)

---------------  T H R E A D  ---------------

Current thread (0x000002b8a76d9000):  JavaThread "C2 CompilerThread0" daemon [_thread_in_native, id=12740, stack(0x000000da00c00000,0x000000da00d00000)]


Current CompileTask:
C2:  46656 16148 %     4       com.android.tools.r8.ir.regalloc.b::c @ 1373 (4031 bytes)

Stack: [0x000000da00c00000,0x000000da00d00000]
Native frames: (J=compiled Java code, j=interpreted, Vv=VM code, C=native code)
V  [jvm.dll+0x6100fa]
V  [jvm.dll+0x747090]
V  [jvm.dll+0x7486ad]
V  [jvm.dll+0x748d83]
V  [jvm.dll+0x24ab48]
V  [jvm.dll+0xc075b]
V  [jvm.dll+0xc0a0c]
V  [jvm.dll+0x3644c6]
V  [jvm.dll+0x363d41]
V  [jvm.dll+0x363d84]
V  [jvm.dll+0x507db4]
V  [jvm.dll+0x50893a]
V  [jvm.dll+0x32b862]
V  [jvm.dll+0x32ad2a]
V  [jvm.dll+0x2032b2]
V  [jvm.dll+0x202437]
V  [jvm.dll+0x188e01]
V  [jvm.dll+0x21106b]
V  [jvm.dll+0x20f8c1]
V  [jvm.dll+0x70de0f]
V  [jvm.dll+0x706a75]
V  [jvm.dll+0x60ed66]
C  [ucrtbase.dll+0x26c0c]
C  [KERNEL32.DLL+0x155a0]
C  [ntdll.dll+0x485b]


---------------  P R O C E S S  ---------------

Threads class SMR info:
_java_thread_list=0x000002b8a8ce1140, length=86, elements={
0x000002b88dab3800, 0x000002b8a76b1000, 0x000002b8a76b2800, 0x000002b8a8042800,
0x000002b8a76d1000, 0x000002b8a76d4000, 0x000002b8a76d9000, 0x000002b8a76dc800,
0x000002b8a76e0000, 0x000002b8a8173800, 0x000002b8aa5ad000, 0x000002b8aa735000,
0x000002b8a9ae6000, 0x000002b8a9f6f800, 0x000002b8ab2ce800, 0x000002b8ab5af000,
0x000002b8a9019000, 0x000002b8ab5ce800, 0x000002b8a98fb000, 0x000002b8aa1f8800,
0x000002b8ab5c6000, 0x000002b8ab5c7800, 0x000002b8ab5c4800, 0x000002b8ab5c7000,
0x000002b8ab5c2000, 0x000002b8ab5c8800, 0x000002b8ab5c3000, 0x000002b8ab5c5000,
0x000002b8ab5c3800, 0x000002b8ab70d000, 0x000002b8ab70a800, 0x000002b8ab70c800,
0x000002b8ab70e000, 0x000002b8ab70f800, 0x000002b8ab70f000, 0x000002b8ab710800,
0x000002b8ab711000, 0x000002b8a86dc800, 0x000002b8a86e2000, 0x000002b8a86e3000,
0x000002b8a86e0800, 0x000002b8a86de000, 0x000002b8a86df800, 0x000002b8a86dd000,
0x000002b8a86e4800, 0x000002b8a86e1800, 0x000002b8a86e4000, 0x000002b8a86df000,
0x000002b8a86e7000, 0x000002b8a86e8800, 0x000002b8a86e8000, 0x000002b8a86eb000,
0x000002b8a86e5800, 0x000002b8a86ea800, 0x000002b8a86e6000, 0x000002b8a86e9800,
0x000002b8aa911000, 0x000002b8aa910800, 0x000002b8aa913800, 0x000002b8aa918000,
0x000002b8aa912000, 0x000002b8aa918800, 0x000002b8aa914800, 0x000002b8aa917000,
0x000002b8aa915800, 0x000002b8aa913000, 0x000002b8aa91c000, 0x000002b8aa919800,
0x000002b8aa91b000, 0x000002b8aa916000, 0x000002b8aa91e800, 0x000002b8aa91c800,
0x000002b8aa91f000, 0x000002b8aa91a000, 0x000002b8aa91d800, 0x000002b8abc8b000,
0x000002b8abc8d800, 0x000002b8abc8c800, 0x000002b8abc90800, 0x000002b8abc8f000,
0x000002b8abc90000, 0x000002b8abc8c000, 0x000002b8abc93000, 0x000002b8abc91800,
0x000002b8ad6ee800, 0x000002b8abc8e000
}

Java Threads: ( => current thread )
  0x000002b88dab3800 JavaThread "main" [_thread_blocked, id=13444, stack(0x000000da00000000,0x000000da00100000)]
  0x000002b8a76b1000 JavaThread "Reference Handler" daemon [_thread_blocked, id=6876, stack(0x000000da00700000,0x000000da00800000)]
  0x000002b8a76b2800 JavaThread "Finalizer" daemon [_thread_blocked, id=3128, stack(0x000000da00800000,0x000000da00900000)]
  0x000002b8a8042800 JavaThread "Signal Dispatcher" daemon [_thread_blocked, id=2668, stack(0x000000da00900000,0x000000da00a00000)]
  0x000002b8a76d1000 JavaThread "Attach Listener" daemon [_thread_blocked, id=3064, stack(0x000000da00a00000,0x000000da00b00000)]
  0x000002b8a76d4000 JavaThread "Service Thread" daemon [_thread_blocked, id=13396, stack(0x000000da00b00000,0x000000da00c00000)]
=>0x000002b8a76d9000 JavaThread "C2 CompilerThread0" daemon [_thread_in_native, id=12740, stack(0x000000da00c00000,0x000000da00d00000)]
  0x000002b8a76dc800 JavaThread "C1 CompilerThread0" daemon [_thread_blocked, id=9780, stack(0x000000da00d00000,0x000000da00e00000)]
  0x000002b8a76e0000 JavaThread "Sweeper thread" daemon [_thread_blocked, id=8728, stack(0x000000da00e00000,0x000000da00f00000)]
  0x000002b8a8173800 JavaThread "Common-Cleaner" daemon [_thread_blocked, id=9908, stack(0x000000da00f00000,0x000000da01000000)]
  0x000002b8aa5ad000 JavaThread "Daemon health stats" [_thread_blocked, id=14692, stack(0x000000da01400000,0x000000da01500000)]
  0x000002b8aa735000 JavaThread "Incoming local TCP Connector on port 4227" [_thread_in_native, id=8236, stack(0x000000da01100000,0x000000da01200000)]
  0x000002b8a9ae6000 JavaThread "Daemon periodic checks" [_thread_blocked, id=12384, stack(0x000000da01500000,0x000000da01600000)]
  0x000002b8a9f6f800 JavaThread "Daemon" [_thread_blocked, id=6728, stack(0x000000da01600000,0x000000da01700000)]
  0x000002b8ab2ce800 JavaThread "Handler for socket connection from /127.0.0.1:4227 to /127.0.0.1:4228" [_thread_in_native, id=9804, stack(0x000000da01700000,0x000000da01800000)]
  0x000002b8ab5af000 JavaThread "Cancel handler" [_thread_blocked, id=6940, stack(0x000000da01800000,0x000000da01900000)]
  0x000002b8a9019000 JavaThread "Daemon worker" [_thread_blocked, id=3952, stack(0x000000da01900000,0x000000da01a00000)]
  0x000002b8ab5ce800 JavaThread "Asynchronous log dispatcher for DefaultDaemonConnection: socket connection from /127.0.0.1:4227 to /127.0.0.1:4228" [_thread_blocked, id=5416, stack(0x000000da01a00000,0x000000da01b00000)]
  0x000002b8a98fb000 JavaThread "Stdin handler" [_thread_blocked, id=5244, stack(0x000000da01b00000,0x000000da01c00000)]
  0x000002b8aa1f8800 JavaThread "Daemon client event forwarder" [_thread_blocked, id=1496, stack(0x000000da01c00000,0x000000da01d00000)]
  0x000002b8ab5c6000 JavaThread "Cache worker for journal cache (C:\Users\Administrator\.gradle\caches\journal-1)" [_thread_blocked, id=10136, stack(0x000000da01e00000,0x000000da01f00000)]
  0x000002b8ab5c7800 JavaThread "File lock request listener" [_thread_in_native, id=1744, stack(0x000000da01f00000,0x000000da02000000)]
  0x000002b8ab5c4800 JavaThread "Cache worker for file hash cache (C:\Users\Administrator\.gradle\caches\7.4\fileHashes)" [_thread_blocked, id=7048, stack(0x000000da02000000,0x000000da02100000)]
  0x000002b8ab5c7000 JavaThread "File watcher server" daemon [_thread_in_native, id=4968, stack(0x000000da02200000,0x000000da02300000)]
  0x000002b8ab5c2000 JavaThread "File watcher consumer" daemon [_thread_blocked, id=3572, stack(0x000000da02300000,0x000000da02400000)]
  0x000002b8ab5c8800 JavaThread "Cache worker for checksums cache (D:\SETIK\findbarber\.gradle\7.4\checksums)" [_thread_blocked, id=1892, stack(0x000000da02100000,0x000000da02200000)]
  0x000002b8ab5c3000 JavaThread "Cache worker for cache directory md-rule (C:\Users\Administrator\.gradle\caches\7.4\md-rule)" [_thread_blocked, id=5188, stack(0x000000da02400000,0x000000da02500000)]
  0x000002b8ab5c5000 JavaThread "Cache worker for file hash cache (D:\SETIK\findbarber\.gradle\7.4\fileHashes)" [_thread_blocked, id=7128, stack(0x000000da02600000,0x000000da02700000)]
  0x000002b8ab5c3800 JavaThread "Cache worker for cache directory md-supplier (C:\Users\Administrator\.gradle\caches\7.4\md-supplier)" [_thread_blocked, id=1080, stack(0x000000da02700000,0x000000da02800000)]
  0x000002b8ab70d000 JavaThread "Cache worker for execution history cache (C:\Users\Administrator\.gradle\caches\7.4\executionHistory)" [_thread_blocked, id=10516, stack(0x000000da02800000,0x000000da02900000)]
  0x000002b8ab70a800 JavaThread "jar transforms" [_thread_blocked, id=5316, stack(0x000000da02900000,0x000000da02a00000)]
  0x000002b8ab70c800 JavaThread "Cache worker for file content cache (C:\Users\Administrator\.gradle\caches\7.4\fileContent)" [_thread_blocked, id=15148, stack(0x000000da02a00000,0x000000da02b00000)]
  0x000002b8ab70e000 JavaThread "jar transforms Thread 2" [_thread_blocked, id=12736, stack(0x000000da02b00000,0x000000da02c00000)]
  0x000002b8ab70f800 JavaThread "Cache worker for dependencies-accessors (D:\SETIK\findbarber\.gradle\7.4\dependencies-accessors)" [_thread_blocked, id=14420, stack(0x000000da02c00000,0x000000da02d00000)]
  0x000002b8ab70f000 JavaThread "jar transforms Thread 3" [_thread_blocked, id=9284, stack(0x000000da02d00000,0x000000da02e00000)]
  0x000002b8ab710800 JavaThread "Cache worker for Build Output Cleanup Cache (D:\SETIK\findbarber\.gradle\buildOutputCleanup)" [_thread_blocked, id=15084, stack(0x000000da02e00000,0x000000da02f00000)]
  0x000002b8ab711000 JavaThread "Unconstrained build operations" [_thread_blocked, id=13836, stack(0x000000da02f00000,0x000000da03000000)]
  0x000002b8a86dc800 JavaThread "Unconstrained build operations Thread 2" [_thread_blocked, id=12488, stack(0x000000da03000000,0x000000da03100000)]
  0x000002b8a86e2000 JavaThread "Unconstrained build operations Thread 3" [_thread_blocked, id=11112, stack(0x000000da03100000,0x000000da03200000)]
  0x000002b8a86e3000 JavaThread "Unconstrained build operations Thread 4" [_thread_blocked, id=7144, stack(0x000000da03200000,0x000000da03300000)]
  0x000002b8a86e0800 JavaThread "Unconstrained build operations Thread 5" [_thread_blocked, id=5824, stack(0x000000da03300000,0x000000da03400000)]
  0x000002b8a86de000 JavaThread "Unconstrained build operations Thread 6" [_thread_blocked, id=8684, stack(0x000000da03400000,0x000000da03500000)]
  0x000002b8a86df800 JavaThread "Unconstrained build operations Thread 7" [_thread_blocked, id=14100, stack(0x000000da03500000,0x000000da03600000)]
  0x000002b8a86dd000 JavaThread "Unconstrained build operations Thread 8" [_thread_blocked, id=6828, stack(0x000000da03600000,0x000000da03700000)]
  0x000002b8a86e4800 JavaThread "Unconstrained build operations Thread 9" [_thread_blocked, id=12144, stack(0x000000da03700000,0x000000da03800000)]
  0x000002b8a86e1800 JavaThread "Unconstrained build operations Thread 10" [_thread_blocked, id=4784, stack(0x000000da03800000,0x000000da03900000)]
  0x000002b8a86e4000 JavaThread "Unconstrained build operations Thread 11" [_thread_blocked, id=9336, stack(0x000000da03900000,0x000000da03a00000)]
  0x000002b8a86df000 JavaThread "Unconstrained build operations Thread 12" [_thread_blocked, id=7240, stack(0x000000da03a00000,0x000000da03b00000)]
  0x000002b8a86e7000 JavaThread "Unconstrained build operations Thread 13" [_thread_blocked, id=9932, stack(0x000000da03b00000,0x000000da03c00000)]
  0x000002b8a86e8800 JavaThread "Unconstrained build operations Thread 14" [_thread_blocked, id=13264, stack(0x000000da03c00000,0x000000da03d00000)]
  0x000002b8a86e8000 JavaThread "Unconstrained build operations Thread 15" [_thread_blocked, id=5760, stack(0x000000da03d00000,0x000000da03e00000)]
  0x000002b8a86eb000 JavaThread "Unconstrained build operations Thread 16" [_thread_blocked, id=6600, stack(0x000000da03e00000,0x000000da03f00000)]
  0x000002b8a86e5800 JavaThread "Unconstrained build operations Thread 17" [_thread_in_Java, id=992, stack(0x000000da03f00000,0x000000da04000000)]
  0x000002b8a86ea800 JavaThread "Unconstrained build operations Thread 18" [_thread_blocked, id=2528, stack(0x000000da04000000,0x000000da04100000)]
  0x000002b8a86e6000 JavaThread "Unconstrained build operations Thread 19" [_thread_blocked, id=7028, stack(0x000000da04100000,0x000000da04200000)]
  0x000002b8a86e9800 JavaThread "Unconstrained build operations Thread 20" [_thread_blocked, id=12132, stack(0x000000da04200000,0x000000da04300000)]
  0x000002b8aa911000 JavaThread "Unconstrained build operations Thread 21" [_thread_blocked, id=11504, stack(0x000000da04300000,0x000000da04400000)]
  0x000002b8aa910800 JavaThread "Unconstrained build operations Thread 22" [_thread_blocked, id=5128, stack(0x000000da04400000,0x000000da04500000)]
  0x000002b8aa913800 JavaThread "Unconstrained build operations Thread 23" [_thread_blocked, id=5856, stack(0x000000da04500000,0x000000da04600000)]
  0x000002b8aa918000 JavaThread "Unconstrained build operations Thread 24" [_thread_blocked, id=9332, stack(0x000000da04600000,0x000000da04700000)]
  0x000002b8aa912000 JavaThread "Unconstrained build operations Thread 25" [_thread_blocked, id=4120, stack(0x000000da04700000,0x000000da04800000)]
  0x000002b8aa918800 JavaThread "Unconstrained build operations Thread 26" [_thread_blocked, id=7480, stack(0x000000da04800000,0x000000da04900000)]
  0x000002b8aa914800 JavaThread "Unconstrained build operations Thread 27" [_thread_in_Java, id=4692, stack(0x000000da04900000,0x000000da04a00000)]
  0x000002b8aa917000 JavaThread "Unconstrained build operations Thread 28" [_thread_blocked, id=8208, stack(0x000000da04a00000,0x000000da04b00000)]
  0x000002b8aa915800 JavaThread "Unconstrained build operations Thread 29" [_thread_blocked, id=9184, stack(0x000000da04b00000,0x000000da04c00000)]
  0x000002b8aa913000 JavaThread "Unconstrained build operations Thread 30" [_thread_blocked, id=13388, stack(0x000000da04c00000,0x000000da04d00000)]
  0x000002b8aa91c000 JavaThread "Unconstrained build operations Thread 31" [_thread_in_Java, id=9388, stack(0x000000da04d00000,0x000000da04e00000)]
  0x000002b8aa919800 JavaThread "Unconstrained build operations Thread 32" [_thread_blocked, id=6552, stack(0x000000da04e00000,0x000000da04f00000)]
  0x000002b8aa91b000 JavaThread "Unconstrained build operations Thread 33" [_thread_blocked, id=12848, stack(0x000000da04f00000,0x000000da05000000)]
  0x000002b8aa916000 JavaThread "Unconstrained build operations Thread 34" [_thread_blocked, id=9220, stack(0x000000da05000000,0x000000da05100000)]
  0x000002b8aa91e800 JavaThread "Unconstrained build operations Thread 35" [_thread_blocked, id=10412, stack(0x000000da05100000,0x000000da05200000)]
  0x000002b8aa91c800 JavaThread "Unconstrained build operations Thread 36" [_thread_blocked, id=15008, stack(0x000000da05200000,0x000000da05300000)]
  0x000002b8aa91f000 JavaThread "Unconstrained build operations Thread 37" [_thread_blocked, id=13308, stack(0x000000da05300000,0x000000da05400000)]
  0x000002b8aa91a000 JavaThread "Unconstrained build operations Thread 38" [_thread_blocked, id=14164, stack(0x000000da05400000,0x000000da05500000)]
  0x000002b8aa91d800 JavaThread "Unconstrained build operations Thread 39" [_thread_blocked, id=2244, stack(0x000000da05500000,0x000000da05600000)]
  0x000002b8abc8b000 JavaThread "Unconstrained build operations Thread 40" [_thread_blocked, id=9288, stack(0x000000da05600000,0x000000da05700000)]
  0x000002b8abc8d800 JavaThread "jar transforms Thread 4" [_thread_blocked, id=5728, stack(0x000000da05700000,0x000000da05800000)]
  0x000002b8abc8c800 JavaThread "Memory manager" [_thread_blocked, id=9872, stack(0x000000da05800000,0x000000da05900000)]
  0x000002b8abc90800 JavaThread "build event listener" [_thread_blocked, id=12924, stack(0x000000da05900000,0x000000da05a00000)]
  0x000002b8abc8f000 JavaThread "included builds" [_thread_in_native, id=2540, stack(0x000000da05a00000,0x000000da05b00000)]
  0x000002b8abc90000 JavaThread "Execution worker for ':'" [_thread_blocked, id=8316, stack(0x000000da05b00000,0x000000da05c00000)]
  0x000002b8abc8c000 JavaThread "Execution worker for ':' Thread 2" [_thread_blocked, id=4904, stack(0x000000da05c00000,0x000000da05d00000)]
  0x000002b8abc93000 JavaThread "Execution worker for ':' Thread 3" [_thread_blocked, id=11364, stack(0x000000da05d00000,0x000000da05e00000)]
  0x000002b8abc91800 JavaThread "Cache worker for execution history cache (D:\SETIK\findbarber\.gradle\7.4\executionHistory)" [_thread_blocked, id=13508, stack(0x000000da05e00000,0x000000da05f00000)]
  0x000002b8ad6ee800 JavaThread "C2 CompilerThread1" daemon [_thread_in_native, id=1932, stack(0x000000da02500000,0x000000da02600000)]
  0x000002b8abc8e000 JavaThread "WorkerExecutor Queue" [_thread_blocked, id=2260, stack(0x000000da05f00000,0x000000da06000000)]

Other Threads:
  0x000002b8a76ac000 VMThread "VM Thread" [stack: 0x000000da00600000,0x000000da00700000] [id=3240]
  0x000002b8a8189000 WatcherThread [stack: 0x000000da01000000,0x000000da01100000] [id=11460]
  0x000002b88ba5e800 GCTaskThread "GC Thread#0" [stack: 0x000000da00100000,0x000000da00200000] [id=9660]
  0x000002b8a865c000 GCTaskThread "GC Thread#1" [stack: 0x000000da01200000,0x000000da01300000] [id=4104]
  0x000002b8a8590800 GCTaskThread "GC Thread#2" [stack: 0x000000da01300000,0x000000da01400000] [id=12568]
  0x000002b8ab592800 GCTaskThread "GC Thread#3" [stack: 0x000000da01d00000,0x000000da01e00000] [id=6908]
  0x000002b88daf9800 ConcurrentGCThread "G1 Main Marker" [stack: 0x000000da00200000,0x000000da00300000] [id=6180]
  0x000002b88dafc000 ConcurrentGCThread "G1 Conc#0" [stack: 0x000000da00300000,0x000000da00400000] [id=10296]
  0x000002b88db8b800 ConcurrentGCThread "G1 Refine#0" [stack: 0x000000da00400000,0x000000da00500000] [id=7620]
  0x000002b88db8e800 ConcurrentGCThread "G1 Young RemSet Sampling" [stack: 0x000000da00500000,0x000000da00600000] [id=7980]

Threads with active compile tasks:
C2 CompilerThread0  46705 16148 %     4       com.android.tools.r8.ir.regalloc.b::c @ 1373 (4031 bytes)
C2 CompilerThread1  46705 16120 %     4       com.android.tools.r8.ir.regalloc.b::a @ 14 (1831 bytes)

VM state:not at safepoint (normal execution)

VM Mutex/Monitor currently owned by a thread: None

Heap address: 0x0000000080000000, size: 2048 MB, Compressed Oops mode: 32-bit
Narrow klass base: 0x0000000000000000, Narrow klass shift: 3
Compressed class space size: 1073741824 Address: 0x0000000100000000

Heap:
 garbage-first heap   total 274432K, used 171611K [0x0000000080000000, 0x0000000100000000)
  region size 1024K, 23 young (23552K), 9 survivors (9216K)
 Metaspace       used 108867K, capacity 111694K, committed 111844K, reserved 1146880K
  class space    used 13909K, capacity 15032K, committed 15084K, reserved 1048576K
Heap Regions: E=young(eden), S=young(survivor), O=old, HS=humongous(starts), HC=humongous(continues), CS=collection set, F=free, A=archive, TAMS=top-at-mark-start (previous, next)
|   0|0x0000000080000000, 0x0000000080100000, 0x0000000080100000|100%|HS|  |TAMS 0x0000000080100000, 0x0000000080000000| Complete 
|   1|0x0000000080100000, 0x0000000080200000, 0x0000000080200000|100%|HC|  |TAMS 0x0000000080200000, 0x0000000080100000| Complete 
|   2|0x0000000080200000, 0x0000000080300000, 0x0000000080300000|100%|HC|  |TAMS 0x0000000080300000, 0x0000000080200000| Complete 
|   3|0x0000000080300000, 0x0000000080400000, 0x0000000080400000|100%| O|  |TAMS 0x0000000080400000, 0x0000000080300000| Untracked 
|   4|0x0000000080400000, 0x0000000080500000, 0x0000000080500000|100%| O|  |TAMS 0x0000000080500000, 0x0000000080400000| Untracked 
|   5|0x0000000080500000, 0x0000000080600000, 0x0000000080600000|100%| O|  |TAMS 0x0000000080600000, 0x0000000080500000| Untracked 
|   6|0x0000000080600000, 0x0000000080700000, 0x0000000080700000|100%| O|  |TAMS 0x0000000080700000, 0x0000000080600000| Untracked 
|   7|0x0000000080700000, 0x0000000080800000, 0x0000000080800000|100%| O|  |TAMS 0x0000000080800000, 0x0000000080700000| Untracked 
|   8|0x0000000080800000, 0x0000000080900000, 0x0000000080900000|100%| O|  |TAMS 0x0000000080900000, 0x0000000080800000| Untracked 
|   9|0x0000000080900000, 0x0000000080a00000, 0x0000000080a00000|100%| O|  |TAMS 0x0000000080a00000, 0x0000000080900000| Untracked 
|  10|0x0000000080a00000, 0x0000000080b00000, 0x0000000080b00000|100%| O|  |TAMS 0x0000000080b00000, 0x0000000080a00000| Untracked 
|  11|0x0000000080b00000, 0x0000000080c00000, 0x0000000080c00000|100%| O|  |TAMS 0x0000000080c00000, 0x0000000080b00000| Untracked 
|  12|0x0000000080c00000, 0x0000000080d00000, 0x0000000080d00000|100%| O|  |TAMS 0x0000000080d00000, 0x0000000080c00000| Untracked 
|  13|0x0000000080d00000, 0x0000000080e00000, 0x0000000080e00000|100%| O|  |TAMS 0x0000000080e00000, 0x0000000080d00000| Untracked 
|  14|0x0000000080e00000, 0x0000000080f00000, 0x0000000080f00000|100%| O|  |TAMS 0x0000000080f00000, 0x0000000080e00000| Untracked 
|  15|0x0000000080f00000, 0x0000000081000000, 0x0000000081000000|100%| O|  |TAMS 0x0000000081000000, 0x0000000080f00000| Untracked 
|  16|0x0000000081000000, 0x0000000081100000, 0x0000000081100000|100%| O|  |TAMS 0x0000000081100000, 0x0000000081000000| Untracked 
|  17|0x0000000081100000, 0x0000000081200000, 0x0000000081200000|100%|HS|  |TAMS 0x0000000081200000, 0x0000000081100000| Complete 
|  18|0x0000000081200000, 0x0000000081300000, 0x0000000081300000|100%| O|  |TAMS 0x0000000081300000, 0x0000000081200000| Untracked 
|  19|0x0000000081300000, 0x0000000081400000, 0x0000000081400000|100%| O|  |TAMS 0x0000000081400000, 0x0000000081300000| Untracked 
|  20|0x0000000081400000, 0x0000000081500000, 0x0000000081500000|100%| O|  |TAMS 0x0000000081500000, 0x0000000081400000| Untracked 
|  21|0x0000000081500000, 0x0000000081600000, 0x0000000081600000|100%| O|  |TAMS 0x0000000081600000, 0x0000000081500000| Untracked 
|  22|0x0000000081600000, 0x0000000081700000, 0x0000000081700000|100%| O|  |TAMS 0x0000000081700000, 0x0000000081600000| Untracked 
|  23|0x0000000081700000, 0x0000000081800000, 0x0000000081800000|100%| O|  |TAMS 0x0000000081800000, 0x0000000081700000| Untracked 
|  24|0x0000000081800000, 0x0000000081900000, 0x0000000081900000|100%|HS|  |TAMS 0x0000000081900000, 0x0000000081800000| Complete 
|  25|0x0000000081900000, 0x0000000081a00000, 0x0000000081a00000|100%|HS|  |TAMS 0x0000000081a00000, 0x0000000081900000| Complete 
|  26|0x0000000081a00000, 0x0000000081b00000, 0x0000000081b00000|100%|HS|  |TAMS 0x0000000081b00000, 0x0000000081a00000| Complete 
|  27|0x0000000081b00000, 0x0000000081c00000, 0x0000000081c00000|100%|HC|  |TAMS 0x0000000081c00000, 0x0000000081b00000| Complete 
|  28|0x0000000081c00000, 0x0000000081d00000, 0x0000000081d00000|100%|HC|  |TAMS 0x0000000081d00000, 0x0000000081c00000| Complete 
|  29|0x0000000081d00000, 0x0000000081e00000, 0x0000000081e00000|100%|HC|  |TAMS 0x0000000081e00000, 0x0000000081d00000| Complete 
|  30|0x0000000081e00000, 0x0000000081f00000, 0x0000000081f00000|100%| O|  |TAMS 0x0000000081f00000, 0x0000000081e00000| Untracked 
|  31|0x0000000081f00000, 0x0000000082000000, 0x0000000082000000|100%|HS|  |TAMS 0x0000000082000000, 0x0000000081f00000| Complete 
|  32|0x0000000082000000, 0x0000000082100000, 0x0000000082100000|100%|HC|  |TAMS 0x0000000082100000, 0x0000000082000000| Complete 
|  33|0x0000000082100000, 0x0000000082200000, 0x0000000082200000|100%| O|  |TAMS 0x0000000082200000, 0x0000000082100000| Untracked 
|  34|0x0000000082200000, 0x0000000082300000, 0x0000000082300000|100%| O|  |TAMS 0x0000000082300000, 0x0000000082200000| Untracked 
|  35|0x0000000082300000, 0x0000000082400000, 0x0000000082400000|100%| O|  |TAMS 0x0000000082400000, 0x0000000082300000| Untracked 
|  36|0x0000000082400000, 0x0000000082500000, 0x0000000082500000|100%| O|  |TAMS 0x0000000082500000, 0x0000000082400000| Untracked 
|  37|0x0000000082500000, 0x0000000082600000, 0x0000000082600000|100%| O|  |TAMS 0x0000000082600000, 0x0000000082500000| Untracked 
|  38|0x0000000082600000, 0x0000000082700000, 0x0000000082700000|100%| O|  |TAMS 0x0000000082700000, 0x0000000082600000| Untracked 
|  39|0x0000000082700000, 0x0000000082800000, 0x0000000082800000|100%| O|  |TAMS 0x0000000082800000, 0x0000000082700000| Untracked 
|  40|0x0000000082800000, 0x0000000082900000, 0x0000000082900000|100%| O|  |TAMS 0x0000000082900000, 0x0000000082800000| Untracked 
|  41|0x0000000082900000, 0x0000000082a00000, 0x0000000082a00000|100%| O|  |TAMS 0x0000000082a00000, 0x0000000082900000| Untracked 
|  42|0x0000000082a00000, 0x0000000082b00000, 0x0000000082b00000|100%| O|  |TAMS 0x0000000082b00000, 0x0000000082a00000| Untracked 
|  43|0x0000000082b00000, 0x0000000082c00000, 0x0000000082c00000|100%| O|  |TAMS 0x0000000082c00000, 0x0000000082b00000| Untracked 
|  44|0x0000000082c00000, 0x0000000082d00000, 0x0000000082d00000|100%| O|  |TAMS 0x0000000082d00000, 0x0000000082c00000| Untracked 
|  45|0x0000000082d00000, 0x0000000082e00000, 0x0000000082e00000|100%| O|  |TAMS 0x0000000082e00000, 0x0000000082d00000| Untracked 
|  46|0x0000000082e00000, 0x0000000082f00000, 0x0000000082f00000|100%| O|  |TAMS 0x0000000082f00000, 0x0000000082e00000| Untracked 
|  47|0x0000000082f00000, 0x0000000083000000, 0x0000000083000000|100%| O|  |TAMS 0x0000000083000000, 0x0000000082f00000| Untracked 
|  48|0x0000000083000000, 0x0000000083100000, 0x0000000083100000|100%| O|  |TAMS 0x0000000083100000, 0x0000000083000000| Untracked 
|  49|0x0000000083100000, 0x0000000083200000, 0x0000000083200000|100%| O|  |TAMS 0x0000000083200000, 0x0000000083100000| Untracked 
|  50|0x0000000083200000, 0x0000000083300000, 0x0000000083300000|100%| O|  |TAMS 0x0000000083300000, 0x0000000083200000| Untracked 
|  51|0x0000000083300000, 0x0000000083400000, 0x0000000083400000|100%| O|  |TAMS 0x0000000083400000, 0x0000000083300000| Untracked 
|  52|0x0000000083400000, 0x0000000083500000, 0x0000000083500000|100%| O|  |TAMS 0x0000000083500000, 0x0000000083400000| Untracked 
|  53|0x0000000083500000, 0x0000000083600000, 0x0000000083600000|100%| O|  |TAMS 0x0000000083600000, 0x0000000083500000| Untracked 
|  54|0x0000000083600000, 0x0000000083700000, 0x0000000083700000|100%| O|  |TAMS 0x0000000083700000, 0x0000000083600000| Untracked 
|  55|0x0000000083700000, 0x0000000083800000, 0x0000000083800000|100%| O|  |TAMS 0x0000000083800000, 0x0000000083700000| Untracked 
|  56|0x0000000083800000, 0x0000000083900000, 0x0000000083900000|100%| O|  |TAMS 0x0000000083900000, 0x0000000083800000| Untracked 
|  57|0x0000000083900000, 0x0000000083a00000, 0x0000000083a00000|100%| O|  |TAMS 0x0000000083a00000, 0x0000000083900000| Untracked 
|  58|0x0000000083a00000, 0x0000000083b00000, 0x0000000083b00000|100%| O|  |TAMS 0x0000000083b00000, 0x0000000083a00000| Untracked 
|  59|0x0000000083b00000, 0x0000000083c00000, 0x0000000083c00000|100%| O|  |TAMS 0x0000000083c00000, 0x0000000083b00000| Untracked 
|  60|0x0000000083c00000, 0x0000000083d00000, 0x0000000083d00000|100%| O|  |TAMS 0x0000000083d00000, 0x0000000083c00000| Untracked 
|  61|0x0000000083d00000, 0x0000000083e00000, 0x0000000083e00000|100%| O|  |TAMS 0x0000000083e00000, 0x0000000083d00000| Untracked 
|  62|0x0000000083e00000, 0x0000000083f00000, 0x0000000083f00000|100%| O|  |TAMS 0x0000000083f00000, 0x0000000083e00000| Untracked 
|  63|0x0000000083f00000, 0x0000000084000000, 0x0000000084000000|100%| O|  |TAMS 0x0000000084000000, 0x0000000083f00000| Untracked 
|  64|0x0000000084000000, 0x0000000084100000, 0x0000000084100000|100%| O|  |TAMS 0x0000000084100000, 0x0000000084000000| Untracked 
|  65|0x0000000084100000, 0x0000000084200000, 0x0000000084200000|100%| O|  |TAMS 0x0000000084200000, 0x0000000084100000| Untracked 
|  66|0x0000000084200000, 0x0000000084300000, 0x0000000084300000|100%| O|  |TAMS 0x0000000084300000, 0x0000000084200000| Untracked 
|  67|0x0000000084300000, 0x0000000084400000, 0x0000000084400000|100%| O|  |TAMS 0x0000000084400000, 0x0000000084300000| Untracked 
|  68|0x0000000084400000, 0x0000000084500000, 0x0000000084500000|100%| O|  |TAMS 0x0000000084500000, 0x0000000084400000| Untracked 
|  69|0x0000000084500000, 0x0000000084600000, 0x0000000084600000|100%| O|  |TAMS 0x0000000084600000, 0x0000000084500000| Untracked 
|  70|0x0000000084600000, 0x0000000084700000, 0x0000000084700000|100%| O|  |TAMS 0x0000000084700000, 0x0000000084600000| Untracked 
|  71|0x0000000084700000, 0x0000000084800000, 0x0000000084800000|100%| O|  |TAMS 0x0000000084800000, 0x0000000084700000| Untracked 
|  72|0x0000000084800000, 0x0000000084900000, 0x0000000084900000|100%| O|  |TAMS 0x0000000084900000, 0x0000000084800000| Untracked 
|  73|0x0000000084900000, 0x0000000084a00000, 0x0000000084a00000|100%| O|  |TAMS 0x0000000084a00000, 0x0000000084900000| Untracked 
|  74|0x0000000084a00000, 0x0000000084b00000, 0x0000000084b00000|100%| O|  |TAMS 0x0000000084b00000, 0x0000000084a00000| Untracked 
|  75|0x0000000084b00000, 0x0000000084c00000, 0x0000000084c00000|100%| O|  |TAMS 0x0000000084c00000, 0x0000000084b00000| Untracked 
|  76|0x0000000084c00000, 0x0000000084d00000, 0x0000000084d00000|100%| O|  |TAMS 0x0000000084d00000, 0x0000000084c00000| Untracked 
|  77|0x0000000084d00000, 0x0000000084e00000, 0x0000000084e00000|100%| O|  |TAMS 0x0000000084e00000, 0x0000000084d00000| Untracked 
|  78|0x0000000084e00000, 0x0000000084f00000, 0x0000000084f00000|100%| O|  |TAMS 0x0000000084f00000, 0x0000000084e00000| Untracked 
|  79|0x0000000084f00000, 0x0000000085000000, 0x0000000085000000|100%| O|  |TAMS 0x0000000085000000, 0x0000000084f00000| Untracked 
|  80|0x0000000085000000, 0x0000000085100000, 0x0000000085100000|100%| O|  |TAMS 0x0000000085100000, 0x0000000085000000| Untracked 
|  81|0x0000000085100000, 0x0000000085200000, 0x0000000085200000|100%| O|  |TAMS 0x0000000085200000, 0x0000000085100000| Untracked 
|  82|0x0000000085200000, 0x0000000085300000, 0x0000000085300000|100%|HS|  |TAMS 0x0000000085300000, 0x0000000085200000| Complete 
|  83|0x0000000085300000, 0x0000000085400000, 0x0000000085400000|100%|HC|  |TAMS 0x0000000085400000, 0x0000000085300000| Complete 
|  84|0x0000000085400000, 0x0000000085500000, 0x0000000085500000|100%| O|  |TAMS 0x0000000085500000, 0x0000000085400000| Untracked 
|  85|0x0000000085500000, 0x0000000085600000, 0x0000000085600000|100%| O|  |TAMS 0x0000000085600000, 0x0000000085500000| Untracked 
|  86|0x0000000085600000, 0x0000000085700000, 0x0000000085700000|100%| O|  |TAMS 0x0000000085700000, 0x0000000085600000| Untracked 
|  87|0x0000000085700000, 0x0000000085800000, 0x0000000085800000|100%| O|  |TAMS 0x0000000085800000, 0x0000000085700000| Untracked 
|  88|0x0000000085800000, 0x0000000085900000, 0x0000000085900000|100%| O|  |TAMS 0x0000000085900000, 0x0000000085800000| Untracked 
|  89|0x0000000085900000, 0x0000000085a00000, 0x0000000085a00000|100%| O|  |TAMS 0x0000000085a00000, 0x0000000085900000| Untracked 
|  90|0x0000000085a00000, 0x0000000085b00000, 0x0000000085b00000|100%| O|  |TAMS 0x0000000085b00000, 0x0000000085a00000| Untracked 
|  91|0x0000000085b00000, 0x0000000085c00000, 0x0000000085c00000|100%| O|  |TAMS 0x0000000085c00000, 0x0000000085b00000| Untracked 
|  92|0x0000000085c00000, 0x0000000085d00000, 0x0000000085d00000|100%| O|  |TAMS 0x0000000085d00000, 0x0000000085c00000| Untracked 
|  93|0x0000000085d00000, 0x0000000085e00000, 0x0000000085e00000|100%| O|  |TAMS 0x0000000085e00000, 0x0000000085d00000| Untracked 
|  94|0x0000000085e00000, 0x0000000085f00000, 0x0000000085f00000|100%| O|  |TAMS 0x0000000085f00000, 0x0000000085e00000| Untracked 
|  95|0x0000000085f00000, 0x0000000086000000, 0x0000000086000000|100%| O|  |TAMS 0x0000000086000000, 0x0000000085f00000| Untracked 
|  96|0x0000000086000000, 0x0000000086100000, 0x0000000086100000|100%| O|  |TAMS 0x0000000086100000, 0x0000000086000000| Untracked 
|  97|0x0000000086100000, 0x0000000086200000, 0x0000000086200000|100%| O|  |TAMS 0x0000000086200000, 0x0000000086100000| Untracked 
|  98|0x0000000086200000, 0x0000000086300000, 0x0000000086300000|100%| O|  |TAMS 0x0000000086300000, 0x0000000086200000| Untracked 
|  99|0x0000000086300000, 0x0000000086400000, 0x0000000086400000|100%| O|  |TAMS 0x0000000086400000, 0x0000000086300000| Untracked 
| 100|0x0000000086400000, 0x0000000086500000, 0x0000000086500000|100%| O|  |TAMS 0x0000000086500000, 0x0000000086400000| Untracked 
| 101|0x0000000086500000, 0x0000000086600000, 0x0000000086600000|100%| O|  |TAMS 0x0000000086600000, 0x0000000086500000| Untracked 
| 102|0x0000000086600000, 0x0000000086700000, 0x0000000086700000|100%| O|  |TAMS 0x0000000086700000, 0x0000000086600000| Untracked 
| 103|0x0000000086700000, 0x0000000086800000, 0x0000000086800000|100%| O|  |TAMS 0x0000000086800000, 0x0000000086700000| Untracked 
| 104|0x0000000086800000, 0x0000000086900000, 0x0000000086900000|100%| O|  |TAMS 0x0000000086900000, 0x0000000086800000| Untracked 
| 105|0x0000000086900000, 0x0000000086a00000, 0x0000000086a00000|100%| O|  |TAMS 0x0000000086a00000, 0x0000000086900000| Untracked 
| 106|0x0000000086a00000, 0x0000000086b00000, 0x0000000086b00000|100%| O|  |TAMS 0x0000000086b00000, 0x0000000086a00000| Untracked 
| 107|0x0000000086b00000, 0x0000000086c00000, 0x0000000086c00000|100%| O|  |TAMS 0x0000000086c00000, 0x0000000086b00000| Untracked 
| 108|0x0000000086c00000, 0x0000000086d00000, 0x0000000086d00000|100%| O|  |TAMS 0x0000000086d00000, 0x0000000086c00000| Untracked 
| 109|0x0000000086d00000, 0x0000000086e00000, 0x0000000086e00000|100%| O|  |TAMS 0x0000000086e00000, 0x0000000086d00000| Untracked 
| 110|0x0000000086e00000, 0x0000000086f00000, 0x0000000086f00000|100%| O|  |TAMS 0x0000000086f00000, 0x0000000086e00000| Untracked 
| 111|0x0000000086f00000, 0x0000000087000000, 0x0000000087000000|100%| O|  |TAMS 0x0000000087000000, 0x0000000086f00000| Untracked 
| 112|0x0000000087000000, 0x0000000087100000, 0x0000000087100000|100%| O|  |TAMS 0x0000000087100000, 0x0000000087000000| Untracked 
| 113|0x0000000087100000, 0x0000000087200000, 0x0000000087200000|100%| O|  |TAMS 0x0000000087200000, 0x0000000087100000| Untracked 
| 114|0x0000000087200000, 0x0000000087300000, 0x0000000087300000|100%| O|  |TAMS 0x0000000087300000, 0x0000000087200000| Untracked 
| 115|0x0000000087300000, 0x0000000087400000, 0x0000000087400000|100%| O|  |TAMS 0x0000000087400000, 0x0000000087300000| Untracked 
| 116|0x0000000087400000, 0x0000000087500000, 0x0000000087500000|100%| O|  |TAMS 0x0000000087500000, 0x0000000087400000| Untracked 
| 117|0x0000000087500000, 0x0000000087600000, 0x0000000087600000|100%| O|  |TAMS 0x0000000087600000, 0x0000000087500000| Untracked 
| 118|0x0000000087600000, 0x0000000087700000, 0x0000000087700000|100%| O|  |TAMS 0x0000000087700000, 0x0000000087600000| Untracked 
| 119|0x0000000087700000, 0x0000000087800000, 0x0000000087800000|100%| O|  |TAMS 0x0000000087800000, 0x0000000087700000| Untracked 
| 120|0x0000000087800000, 0x0000000087900000, 0x0000000087900000|100%| O|  |TAMS 0x0000000087900000, 0x0000000087800000| Untracked 
| 121|0x0000000087900000, 0x0000000087a00000, 0x0000000087a00000|100%| O|  |TAMS 0x0000000087a00000, 0x0000000087900000| Untracked 
| 122|0x0000000087a00000, 0x0000000087b00000, 0x0000000087b00000|100%| O|  |TAMS 0x0000000087b00000, 0x0000000087a00000| Untracked 
| 123|0x0000000087b00000, 0x0000000087c00000, 0x0000000087c00000|100%| O|  |TAMS 0x0000000087c00000, 0x0000000087b00000| Untracked 
| 124|0x0000000087c00000, 0x0000000087d00000, 0x0000000087d00000|100%| O|  |TAMS 0x0000000087d00000, 0x0000000087c00000| Untracked 
| 125|0x0000000087d00000, 0x0000000087e00000, 0x0000000087e00000|100%| O|  |TAMS 0x0000000087e00000, 0x0000000087d00000| Untracked 
| 126|0x0000000087e00000, 0x0000000087f00000, 0x0000000087f00000|100%| O|  |TAMS 0x0000000087f00000, 0x0000000087e00000| Untracked 
| 127|0x0000000087f00000, 0x0000000088000000, 0x0000000088000000|100%| O|  |TAMS 0x0000000088000000, 0x0000000087f00000| Untracked 
| 128|0x0000000088000000, 0x0000000088100000, 0x0000000088100000|100%| O|  |TAMS 0x0000000088100000, 0x0000000088000000| Untracked 
| 129|0x0000000088100000, 0x0000000088200000, 0x0000000088200000|100%| O|  |TAMS 0x0000000088200000, 0x0000000088100000| Untracked 
| 130|0x0000000088200000, 0x0000000088300000, 0x0000000088300000|100%| O|  |TAMS 0x0000000088300000, 0x0000000088200000| Untracked 
| 131|0x0000000088300000, 0x0000000088400000, 0x0000000088400000|100%| O|  |TAMS 0x0000000088400000, 0x0000000088300000| Untracked 
| 132|0x0000000088400000, 0x0000000088500000, 0x0000000088500000|100%| O|  |TAMS 0x0000000088500000, 0x0000000088400000| Untracked 
| 133|0x0000000088500000, 0x0000000088600000, 0x0000000088600000|100%| O|  |TAMS 0x0000000088600000, 0x0000000088500000| Untracked 
| 134|0x0000000088600000, 0x0000000088700000, 0x0000000088700000|100%| O|  |TAMS 0x0000000088700000, 0x0000000088600000| Untracked 
| 135|0x0000000088700000, 0x0000000088800000, 0x0000000088800000|100%| O|  |TAMS 0x0000000088800000, 0x0000000088700000| Untracked 
| 136|0x0000000088800000, 0x0000000088900000, 0x0000000088900000|100%| O|  |TAMS 0x0000000088900000, 0x0000000088800000| Untracked 
| 137|0x0000000088900000, 0x0000000088a00000, 0x0000000088a00000|100%| O|  |TAMS 0x0000000088a00000, 0x0000000088900000| Untracked 
| 138|0x0000000088a00000, 0x0000000088b00000, 0x0000000088b00000|100%| O|  |TAMS 0x0000000088b00000, 0x0000000088a00000| Untracked 
| 139|0x0000000088b00000, 0x0000000088c00000, 0x0000000088c00000|100%| O|  |TAMS 0x0000000088c00000, 0x0000000088b00000| Untracked 
| 140|0x0000000088c00000, 0x0000000088d00000, 0x0000000088d00000|100%| O|  |TAMS 0x0000000088d00000, 0x0000000088c00000| Untracked 
| 141|0x0000000088d00000, 0x0000000088e00000, 0x0000000088e00000|100%| O|  |TAMS 0x0000000088d55a00, 0x0000000088d00000| Untracked 
| 142|0x0000000088e00000, 0x0000000088f00000, 0x0000000088f00000|100%| O|  |TAMS 0x0000000088e00000, 0x0000000088e00000| Untracked 
| 143|0x0000000088f00000, 0x0000000089000000, 0x0000000089000000|100%| O|  |TAMS 0x0000000088f00000, 0x0000000088f00000| Untracked 
| 144|0x0000000089000000, 0x0000000089100000, 0x0000000089100000|100%| O|  |TAMS 0x0000000089000000, 0x0000000089000000| Untracked 
| 145|0x0000000089100000, 0x0000000089196e00, 0x0000000089200000| 58%| O|  |TAMS 0x0000000089100000, 0x0000000089100000| Untracked 
| 146|0x0000000089200000, 0x0000000089200000, 0x0000000089300000|  0%| F|  |TAMS 0x0000000089200000, 0x0000000089200000| Untracked 
| 147|0x0000000089300000, 0x0000000089300000, 0x0000000089400000|  0%| F|  |TAMS 0x0000000089300000, 0x0000000089300000| Untracked 
| 148|0x0000000089400000, 0x0000000089400000, 0x0000000089500000|  0%| F|  |TAMS 0x0000000089400000, 0x0000000089400000| Untracked 
| 149|0x0000000089500000, 0x0000000089500000, 0x0000000089600000|  0%| F|  |TAMS 0x0000000089500000, 0x0000000089500000| Untracked 
| 150|0x0000000089600000, 0x0000000089600000, 0x0000000089700000|  0%| F|  |TAMS 0x0000000089600000, 0x0000000089600000| Untracked 
| 151|0x0000000089700000, 0x0000000089700000, 0x0000000089800000|  0%| F|  |TAMS 0x0000000089700000, 0x0000000089700000| Untracked 
| 152|0x0000000089800000, 0x0000000089800000, 0x0000000089900000|  0%| F|  |TAMS 0x0000000089800000, 0x0000000089800000| Untracked 
| 153|0x0000000089900000, 0x0000000089900000, 0x0000000089a00000|  0%| F|  |TAMS 0x0000000089900000, 0x0000000089900000| Untracked 
| 154|0x0000000089a00000, 0x0000000089a00000, 0x0000000089b00000|  0%| F|  |TAMS 0x0000000089a00000, 0x0000000089a00000| Untracked 
| 155|0x0000000089b00000, 0x0000000089b00000, 0x0000000089c00000|  0%| F|  |TAMS 0x0000000089b00000, 0x0000000089b00000| Untracked 
| 156|0x0000000089c00000, 0x0000000089c00000, 0x0000000089d00000|  0%| F|  |TAMS 0x0000000089c00000, 0x0000000089c00000| Untracked 
| 157|0x0000000089d00000, 0x0000000089d00000, 0x0000000089e00000|  0%| F|  |TAMS 0x0000000089d00000, 0x0000000089d00000| Untracked 
| 158|0x0000000089e00000, 0x0000000089e00000, 0x0000000089f00000|  0%| F|  |TAMS 0x0000000089e00000, 0x0000000089e00000| Untracked 
| 159|0x0000000089f00000, 0x0000000089f00000, 0x000000008a000000|  0%| F|  |TAMS 0x0000000089f00000, 0x0000000089f00000| Untracked 
| 160|0x000000008a000000, 0x000000008a000000, 0x000000008a100000|  0%| F|  |TAMS 0x000000008a000000, 0x000000008a000000| Untracked 
| 161|0x000000008a100000, 0x000000008a100000, 0x000000008a200000|  0%| F|  |TAMS 0x000000008a100000, 0x000000008a100000| Untracked 
| 162|0x000000008a200000, 0x000000008a200000, 0x000000008a300000|  0%| F|  |TAMS 0x000000008a200000, 0x000000008a200000| Untracked 
| 163|0x000000008a300000, 0x000000008a300000, 0x000000008a400000|  0%| F|  |TAMS 0x000000008a300000, 0x000000008a300000| Untracked 
| 164|0x000000008a400000, 0x000000008a400000, 0x000000008a500000|  0%| F|  |TAMS 0x000000008a400000, 0x000000008a400000| Untracked 
| 165|0x000000008a500000, 0x000000008a500000, 0x000000008a600000|  0%| F|  |TAMS 0x000000008a500000, 0x000000008a500000| Untracked 
| 166|0x000000008a600000, 0x000000008a600000, 0x000000008a700000|  0%| F|  |TAMS 0x000000008a600000, 0x000000008a600000| Untracked 
| 167|0x000000008a700000, 0x000000008a700000, 0x000000008a800000|  0%| F|  |TAMS 0x000000008a700000, 0x000000008a700000| Untracked 
| 168|0x000000008a800000, 0x000000008a800000, 0x000000008a900000|  0%| F|  |TAMS 0x000000008a800000, 0x000000008a800000| Untracked 
| 169|0x000000008a900000, 0x000000008a900000, 0x000000008aa00000|  0%| F|  |TAMS 0x000000008a900000, 0x000000008a900000| Untracked 
| 170|0x000000008aa00000, 0x000000008aa00000, 0x000000008ab00000|  0%| F|  |TAMS 0x000000008aa00000, 0x000000008aa00000| Untracked 
| 171|0x000000008ab00000, 0x000000008ab00000, 0x000000008ac00000|  0%| F|  |TAMS 0x000000008ab00000, 0x000000008ab00000| Untracked 
| 172|0x000000008ac00000, 0x000000008ac00000, 0x000000008ad00000|  0%| F|  |TAMS 0x000000008ac00000, 0x000000008ac00000| Untracked 
| 173|0x000000008ad00000, 0x000000008ad00000, 0x000000008ae00000|  0%| F|  |TAMS 0x000000008ad00000, 0x000000008ad00000| Untracked 
| 174|0x000000008ae00000, 0x000000008ae00000, 0x000000008af00000|  0%| F|  |TAMS 0x000000008ae00000, 0x000000008ae00000| Untracked 
| 175|0x000000008af00000, 0x000000008af00000, 0x000000008b000000|  0%| F|  |TAMS 0x000000008af00000, 0x000000008af00000| Untracked 
| 176|0x000000008b000000, 0x000000008b000000, 0x000000008b100000|  0%| F|  |TAMS 0x000000008b000000, 0x000000008b000000| Untracked 
| 177|0x000000008b100000, 0x000000008b100000, 0x000000008b200000|  0%| F|  |TAMS 0x000000008b100000, 0x000000008b100000| Untracked 
| 178|0x000000008b200000, 0x000000008b200000, 0x000000008b300000|  0%| F|  |TAMS 0x000000008b200000, 0x000000008b200000| Untracked 
| 179|0x000000008b300000, 0x000000008b300000, 0x000000008b400000|  0%| F|  |TAMS 0x000000008b300000, 0x000000008b300000| Untracked 
| 180|0x000000008b400000, 0x000000008b400000, 0x000000008b500000|  0%| F|  |TAMS 0x000000008b400000, 0x000000008b400000| Untracked 
| 181|0x000000008b500000, 0x000000008b500000, 0x000000008b600000|  0%| F|  |TAMS 0x000000008b500000, 0x000000008b500000| Untracked 
| 182|0x000000008b600000, 0x000000008b700000, 0x000000008b700000|100%| S|CS|TAMS 0x000000008b600000, 0x000000008b600000| Complete 
| 183|0x000000008b700000, 0x000000008b800000, 0x000000008b800000|100%| S|CS|TAMS 0x000000008b700000, 0x000000008b700000| Complete 
| 184|0x000000008b800000, 0x000000008b900000, 0x000000008b900000|100%| S|CS|TAMS 0x000000008b800000, 0x000000008b800000| Complete 
| 185|0x000000008b900000, 0x000000008ba00000, 0x000000008ba00000|100%| S|CS|TAMS 0x000000008b900000, 0x000000008b900000| Complete 
| 186|0x000000008ba00000, 0x000000008ba00000, 0x000000008bb00000|  0%| F|  |TAMS 0x000000008ba00000, 0x000000008ba00000| Untracked 
| 187|0x000000008bb00000, 0x000000008bb00000, 0x000000008bc00000|  0%| F|  |TAMS 0x000000008bb00000, 0x000000008bb00000| Untracked 
| 188|0x000000008bc00000, 0x000000008bd00000, 0x000000008bd00000|100%| S|CS|TAMS 0x000000008bc00000, 0x000000008bc00000| Complete 
| 189|0x000000008bd00000, 0x000000008be00000, 0x000000008be00000|100%| S|CS|TAMS 0x000000008bd00000, 0x000000008bd00000| Complete 
| 190|0x000000008be00000, 0x000000008bf00000, 0x000000008bf00000|100%| S|CS|TAMS 0x000000008be00000, 0x000000008be00000| Complete 
| 191|0x000000008bf00000, 0x000000008c000000, 0x000000008c000000|100%| S|CS|TAMS 0x000000008bf00000, 0x000000008bf00000| Complete 
| 192|0x000000008c000000, 0x000000008c100000, 0x000000008c100000|100%| S|CS|TAMS 0x000000008c000000, 0x000000008c000000| Complete 
| 193|0x000000008c100000, 0x000000008c100000, 0x000000008c200000|  0%| F|  |TAMS 0x000000008c100000, 0x000000008c100000| Untracked 
| 194|0x000000008c200000, 0x000000008c200000, 0x000000008c300000|  0%| F|  |TAMS 0x000000008c200000, 0x000000008c200000| Untracked 
| 195|0x000000008c300000, 0x000000008c300000, 0x000000008c400000|  0%| F|  |TAMS 0x000000008c300000, 0x000000008c300000| Untracked 
| 196|0x000000008c400000, 0x000000008c400000, 0x000000008c500000|  0%| F|  |TAMS 0x000000008c400000, 0x000000008c400000| Untracked 
| 197|0x000000008c500000, 0x000000008c500000, 0x000000008c600000|  0%| F|  |TAMS 0x000000008c500000, 0x000000008c500000| Untracked 
| 198|0x000000008c600000, 0x000000008c600000, 0x000000008c700000|  0%| F|  |TAMS 0x000000008c600000, 0x000000008c600000| Untracked 
| 199|0x000000008c700000, 0x000000008c700000, 0x000000008c800000|  0%| F|  |TAMS 0x000000008c700000, 0x000000008c700000| Untracked 
| 200|0x000000008c800000, 0x000000008c800000, 0x000000008c900000|  0%| F|  |TAMS 0x000000008c800000, 0x000000008c800000| Untracked 
| 201|0x000000008c900000, 0x000000008c900000, 0x000000008ca00000|  0%| F|  |TAMS 0x000000008c900000, 0x000000008c900000| Untracked 
| 202|0x000000008ca00000, 0x000000008ca00000, 0x000000008cb00000|  0%| F|  |TAMS 0x000000008ca00000, 0x000000008ca00000| Untracked 
| 203|0x000000008cb00000, 0x000000008cb00000, 0x000000008cc00000|  0%| F|  |TAMS 0x000000008cb00000, 0x000000008cb00000| Untracked 
| 204|0x000000008cc00000, 0x000000008cc00000, 0x000000008cd00000|  0%| F|  |TAMS 0x000000008cc00000, 0x000000008cc00000| Untracked 
| 205|0x000000008cd00000, 0x000000008cd00000, 0x000000008ce00000|  0%| F|  |TAMS 0x000000008cd00000, 0x000000008cd00000| Untracked 
| 206|0x000000008ce00000, 0x000000008ce00000, 0x000000008cf00000|  0%| F|  |TAMS 0x000000008ce00000, 0x000000008ce00000| Untracked 
| 207|0x000000008cf00000, 0x000000008cf00000, 0x000000008d000000|  0%| F|  |TAMS 0x000000008cf00000, 0x000000008cf00000| Untracked 
| 208|0x000000008d000000, 0x000000008d000000, 0x000000008d100000|  0%| F|  |TAMS 0x000000008d000000, 0x000000008d000000| Untracked 
| 209|0x000000008d100000, 0x000000008d100000, 0x000000008d200000|  0%| F|  |TAMS 0x000000008d100000, 0x000000008d100000| Untracked 
| 210|0x000000008d200000, 0x000000008d200000, 0x000000008d300000|  0%| F|  |TAMS 0x000000008d200000, 0x000000008d200000| Untracked 
| 211|0x000000008d300000, 0x000000008d300000, 0x000000008d400000|  0%| F|  |TAMS 0x000000008d300000, 0x000000008d300000| Untracked 
| 212|0x000000008d400000, 0x000000008d400000, 0x000000008d500000|  0%| F|  |TAMS 0x000000008d400000, 0x000000008d400000| Untracked 
| 213|0x000000008d500000, 0x000000008d500000, 0x000000008d600000|  0%| F|  |TAMS 0x000000008d500000, 0x000000008d500000| Untracked 
| 214|0x000000008d600000, 0x000000008d600000, 0x000000008d700000|  0%| F|  |TAMS 0x000000008d600000, 0x000000008d600000| Untracked 
| 215|0x000000008d700000, 0x000000008d700000, 0x000000008d800000|  0%| F|  |TAMS 0x000000008d700000, 0x000000008d700000| Untracked 
| 216|0x000000008d800000, 0x000000008d800000, 0x000000008d900000|  0%| F|  |TAMS 0x000000008d800000, 0x000000008d800000| Untracked 
| 217|0x000000008d900000, 0x000000008d900000, 0x000000008da00000|  0%| F|  |TAMS 0x000000008d900000, 0x000000008d900000| Untracked 
| 218|0x000000008da00000, 0x000000008da00000, 0x000000008db00000|  0%| F|  |TAMS 0x000000008da00000, 0x000000008da00000| Untracked 
| 219|0x000000008db00000, 0x000000008db00000, 0x000000008dc00000|  0%| F|  |TAMS 0x000000008db00000, 0x000000008db00000| Untracked 
| 220|0x000000008dc00000, 0x000000008dc00000, 0x000000008dd00000|  0%| F|  |TAMS 0x000000008dc00000, 0x000000008dc00000| Untracked 
| 221|0x000000008dd00000, 0x000000008dd00000, 0x000000008de00000|  0%| F|  |TAMS 0x000000008dd00000, 0x000000008dd00000| Untracked 
| 222|0x000000008de00000, 0x000000008de00000, 0x000000008df00000|  0%| F|  |TAMS 0x000000008de00000, 0x000000008de00000| Untracked 
| 223|0x000000008df00000, 0x000000008df00000, 0x000000008e000000|  0%| F|  |TAMS 0x000000008df00000, 0x000000008df00000| Untracked 
| 224|0x000000008e000000, 0x000000008e000000, 0x000000008e100000|  0%| F|  |TAMS 0x000000008e000000, 0x000000008e000000| Untracked 
| 225|0x000000008e100000, 0x000000008e100000, 0x000000008e200000|  0%| F|  |TAMS 0x000000008e100000, 0x000000008e100000| Untracked 
| 226|0x000000008e200000, 0x000000008e200000, 0x000000008e300000|  0%| F|  |TAMS 0x000000008e200000, 0x000000008e200000| Untracked 
| 227|0x000000008e300000, 0x000000008e300000, 0x000000008e400000|  0%| F|  |TAMS 0x000000008e300000, 0x000000008e300000| Untracked 
| 228|0x000000008e400000, 0x000000008e400000, 0x000000008e500000|  0%| F|  |TAMS 0x000000008e400000, 0x000000008e400000| Untracked 
| 229|0x000000008e500000, 0x000000008e500000, 0x000000008e600000|  0%| F|  |TAMS 0x000000008e500000, 0x000000008e500000| Untracked 
| 230|0x000000008e600000, 0x000000008e600000, 0x000000008e700000|  0%| F|  |TAMS 0x000000008e600000, 0x000000008e600000| Untracked 
| 231|0x000000008e700000, 0x000000008e700000, 0x000000008e800000|  0%| F|  |TAMS 0x000000008e700000, 0x000000008e700000| Untracked 
| 232|0x000000008e800000, 0x000000008e800000, 0x000000008e900000|  0%| F|  |TAMS 0x000000008e800000, 0x000000008e800000| Untracked 
| 233|0x000000008e900000, 0x000000008e900000, 0x000000008ea00000|  0%| F|  |TAMS 0x000000008e900000, 0x000000008e900000| Untracked 
| 234|0x000000008ea00000, 0x000000008ea00000, 0x000000008eb00000|  0%| F|  |TAMS 0x000000008ea00000, 0x000000008ea00000| Untracked 
| 235|0x000000008eb00000, 0x000000008eb00000, 0x000000008ec00000|  0%| F|  |TAMS 0x000000008eb00000, 0x000000008eb00000| Untracked 
| 236|0x000000008ec00000, 0x000000008ec00000, 0x000000008ed00000|  0%| F|  |TAMS 0x000000008ec00000, 0x000000008ec00000| Untracked 
| 237|0x000000008ed00000, 0x000000008ed00000, 0x000000008ee00000|  0%| F|  |TAMS 0x000000008ed00000, 0x000000008ed00000| Untracked 
| 238|0x000000008ee00000, 0x000000008ee00000, 0x000000008ef00000|  0%| F|  |TAMS 0x000000008ee00000, 0x000000008ee00000| Untracked 
| 239|0x000000008ef00000, 0x000000008ef00000, 0x000000008f000000|  0%| F|  |TAMS 0x000000008ef00000, 0x000000008ef00000| Untracked 
| 240|0x000000008f000000, 0x000000008f000000, 0x000000008f100000|  0%| F|  |TAMS 0x000000008f000000, 0x000000008f000000| Untracked 
| 241|0x000000008f100000, 0x000000008f100000, 0x000000008f200000|  0%| F|  |TAMS 0x000000008f100000, 0x000000008f100000| Untracked 
| 242|0x000000008f200000, 0x000000008f200000, 0x000000008f300000|  0%| F|  |TAMS 0x000000008f200000, 0x000000008f200000| Untracked 
| 243|0x000000008f300000, 0x000000008f300000, 0x000000008f400000|  0%| F|  |TAMS 0x000000008f300000, 0x000000008f300000| Untracked 
| 244|0x000000008f400000, 0x000000008f400000, 0x000000008f500000|  0%| F|  |TAMS 0x000000008f400000, 0x000000008f400000| Untracked 
| 245|0x000000008f500000, 0x000000008f500000, 0x000000008f600000|  0%| F|  |TAMS 0x000000008f500000, 0x000000008f500000| Untracked 
| 246|0x000000008f600000, 0x000000008f600000, 0x000000008f700000|  0%| F|  |TAMS 0x000000008f600000, 0x000000008f600000| Untracked 
| 247|0x000000008f700000, 0x000000008f700000, 0x000000008f800000|  0%| F|  |TAMS 0x000000008f700000, 0x000000008f700000| Untracked 
| 248|0x000000008f800000, 0x000000008f800000, 0x000000008f900000|  0%| F|  |TAMS 0x000000008f800000, 0x000000008f800000| Untracked 
| 249|0x000000008f900000, 0x000000008f900000, 0x000000008fa00000|  0%| F|  |TAMS 0x000000008f900000, 0x000000008f900000| Untracked 
| 250|0x000000008fa00000, 0x000000008fa00000, 0x000000008fb00000|  0%| F|  |TAMS 0x000000008fa00000, 0x000000008fa00000| Untracked 
| 251|0x000000008fb00000, 0x000000008fb00000, 0x000000008fc00000|  0%| F|  |TAMS 0x000000008fb00000, 0x000000008fb00000| Untracked 
| 252|0x000000008fc00000, 0x000000008fc00000, 0x000000008fd00000|  0%| F|  |TAMS 0x000000008fc00000, 0x000000008fc00000| Untracked 
| 253|0x000000008fd00000, 0x000000008fd00000, 0x000000008fe00000|  0%| F|  |TAMS 0x000000008fd00000, 0x000000008fd00000| Untracked 
| 254|0x000000008fe00000, 0x000000008ff00000, 0x000000008ff00000|100%| E|  |TAMS 0x000000008fe00000, 0x000000008fe00000| Complete 
| 255|0x000000008ff00000, 0x0000000090000000, 0x0000000090000000|100%| E|CS|TAMS 0x000000008ff00000, 0x000000008ff00000| Complete 
| 256|0x0000000090000000, 0x0000000090100000, 0x0000000090100000|100%| E|CS|TAMS 0x0000000090000000, 0x0000000090000000| Complete 
| 257|0x0000000090100000, 0x0000000090200000, 0x0000000090200000|100%| E|CS|TAMS 0x0000000090100000, 0x0000000090100000| Complete 
| 258|0x0000000090200000, 0x0000000090300000, 0x0000000090300000|100%| E|CS|TAMS 0x0000000090200000, 0x0000000090200000| Complete 
| 259|0x0000000090300000, 0x0000000090400000, 0x0000000090400000|100%| E|CS|TAMS 0x0000000090300000, 0x0000000090300000| Complete 
| 260|0x0000000090400000, 0x0000000090500000, 0x0000000090500000|100%| E|CS|TAMS 0x0000000090400000, 0x0000000090400000| Complete 
| 261|0x0000000090500000, 0x0000000090600000, 0x0000000090600000|100%| E|CS|TAMS 0x0000000090500000, 0x0000000090500000| Complete 
| 262|0x0000000090600000, 0x0000000090700000, 0x0000000090700000|100%| E|CS|TAMS 0x0000000090600000, 0x0000000090600000| Complete 
| 263|0x0000000090700000, 0x0000000090800000, 0x0000000090800000|100%| E|CS|TAMS 0x0000000090700000, 0x0000000090700000| Complete 
| 264|0x0000000090800000, 0x0000000090900000, 0x0000000090900000|100%| E|CS|TAMS 0x0000000090800000, 0x0000000090800000| Complete 
| 265|0x0000000090900000, 0x0000000090a00000, 0x0000000090a00000|100%| E|CS|TAMS 0x0000000090900000, 0x0000000090900000| Complete 
| 266|0x0000000090a00000, 0x0000000090b00000, 0x0000000090b00000|100%| E|CS|TAMS 0x0000000090a00000, 0x0000000090a00000| Complete 
| 267|0x0000000090b00000, 0x0000000090c00000, 0x0000000090c00000|100%| E|CS|TAMS 0x0000000090b00000, 0x0000000090b00000| Complete 

Card table byte_map: [0x000002b8a09d0000,0x000002b8a0dd0000] _byte_map_base: 0x000002b8a05d0000

Marking Bits (Prev, Next): (CMBitMap*) 0x000002b88daf0dd8, (CMBitMap*) 0x000002b88daf0e10
 Prev Bits: [0x000002b8a11d0000, 0x000002b8a31d0000)
 Next Bits: [0x000002b8a31d0000, 0x000002b8a51d0000)

Polling page: 0x000002b88ba60000

Metaspace:

Usage:
  Non-class:     94.40 MB capacity,    92.73 MB ( 98%) used,     1.30 MB (  1%) free+waste,   366.31 KB ( <1%) overhead. 
      Class:     14.68 MB capacity,    13.58 MB ( 93%) used,   960.17 KB (  6%) free+waste,   162.81 KB (  1%) overhead. 
       Both:    109.08 MB capacity,   106.32 MB ( 97%) used,     2.24 MB (  2%) free+waste,   529.13 KB ( <1%) overhead. 

Virtual space:
  Non-class space:       96.00 MB reserved,      94.49 MB ( 98%) committed 
      Class space:        1.00 GB reserved,      14.73 MB (  1%) committed 
             Both:        1.09 GB reserved,     109.22 MB ( 10%) committed 

Chunk freelists:
   Non-Class:  34.00 KB
       Class:  8.00 KB
        Both:  42.00 KB

MaxMetaspaceSize: 17179869184.00 GB
CompressedClassSpaceSize: 1.00 GB
Initial GC threshold: 20.80 MB
Current GC threshold: 182.04 MB
CDS: off

CodeHeap 'non-profiled nmethods': size=120064Kb used=9905Kb max_used=9905Kb free=110159Kb
 bounds [0x000002b899090000, 0x000002b899a40000, 0x000002b8a05d0000]
CodeHeap 'profiled nmethods': size=120000Kb used=38202Kb max_used=38202Kb free=81797Kb
 bounds [0x000002b891b60000, 0x000002b8940b0000, 0x000002b899090000]
CodeHeap 'non-nmethods': size=5696Kb used=2401Kb max_used=2465Kb free=3294Kb
 bounds [0x000002b8915d0000, 0x000002b891840000, 0x000002b891b60000]
 total_blobs=16997 nmethods=16066 adapters=842
 compilation: enabled
              stopped_count=0, restarted_count=0
 full_count=0

Compilation events (20 events):
Event: 46.583 Thread 0x000002b8a76dc800 16241       1       com.android.tools.r8.code.o2::v (3 bytes)
Event: 46.583 Thread 0x000002b8a76dc800 nmethod 16241 0x000002b899a3c110 code [0x000002b899a3c2c0, 0x000002b899a3c378]
Event: 46.584 Thread 0x000002b8a76dc800 16243       2       com.android.tools.r8.internal.m2::a (14 bytes)
Event: 46.585 Thread 0x000002b8a76dc800 nmethod 16243 0x000002b8940a9e90 code [0x000002b8940aa040, 0x000002b8940aa168]
Event: 46.585 Thread 0x000002b8a76dc800 16244       2       com.android.tools.r8.graph.b1::a (6 bytes)
Event: 46.585 Thread 0x000002b8a76dc800 nmethod 16244 0x000002b8940aa210 code [0x000002b8940aa3c0, 0x000002b8940aa4e8]
Event: 46.585 Thread 0x000002b8a76dc800 16245       2       com.android.tools.r8.code.Y::a (57 bytes)
Event: 46.586 Thread 0x000002b8a76dc800 nmethod 16245 0x000002b8940aa610 code [0x000002b8940aa800, 0x000002b8940aaab8]
Event: 46.586 Thread 0x000002b8a76dc800 16246       2       com.android.tools.r8.code.s1::a (38 bytes)
Event: 46.586 Thread 0x000002b8a76dc800 nmethod 16246 0x000002b8940aac90 code [0x000002b8940aae80, 0x000002b8940ab138]
Event: 46.586 Thread 0x000002b8a76dc800 16247       2       com.android.tools.r8.internal.Rk::a (118 bytes)
Event: 46.588 Thread 0x000002b8a76dc800 nmethod 16247 0x000002b8940ab390 code [0x000002b8940ab5e0, 0x000002b8940abc98]
Event: 46.588 Thread 0x000002b8a76dc800 16248       2       com.android.tools.r8.internal.Rk$$Lambda$1902/0x0000000100e98040::get$Lambda (9 bytes)
Event: 46.588 Thread 0x000002b8a76dc800 nmethod 16248 0x000002b8940ac190 code [0x000002b8940ac340, 0x000002b8940ac4b8]
Event: 46.590 Thread 0x000002b8a76dc800 16250       2       java.util.Collections::nCopies (41 bytes)
Event: 46.590 Thread 0x000002b8a76dc800 nmethod 16250 0x000002b8940ac590 code [0x000002b8940ac7a0, 0x000002b8940acc38]
Event: 46.590 Thread 0x000002b8a76dc800 16251       2       java.util.Collections$CopiesList::<init> (33 bytes)
Event: 46.591 Thread 0x000002b8a76dc800 nmethod 16251 0x000002b8940ace90 code [0x000002b8940ad040, 0x000002b8940ad198]
Event: 46.651 Thread 0x000002b8a76dc800 16252       2       com.android.tools.r8.internal.w20::a (27 bytes)
Event: 46.652 Thread 0x000002b8a76dc800 nmethod 16252 0x000002b8940ad210 code [0x000002b8940ad3c0, 0x000002b8940ad4f8]

GC Heap History (20 events):
Event: 34.230 GC heap before
{Heap before GC invocations=22 (full 0):
 garbage-first heap   total 227328K, used 182689K [0x0000000080000000, 0x0000000100000000)
  region size 1024K, 94 young (96256K), 6 survivors (6144K)
 Metaspace       used 94931K, capacity 97169K, committed 97320K, reserved 1134592K
  class space    used 12154K, capacity 12964K, committed 13036K, reserved 1048576K
}
Event: 34.254 GC heap after
{Heap after GC invocations=23 (full 0):
 garbage-first heap   total 227328K, used 100264K [0x0000000080000000, 0x0000000100000000)
  region size 1024K, 12 young (12288K), 12 survivors (12288K)
 Metaspace       used 94931K, capacity 97169K, committed 97320K, reserved 1134592K
  class space    used 12154K, capacity 12964K, committed 13036K, reserved 1048576K
}
Event: 35.297 GC heap before
{Heap before GC invocations=23 (full 0):
 garbage-first heap   total 227328K, used 172968K [0x0000000080000000, 0x0000000100000000)
  region size 1024K, 85 young (87040K), 12 survivors (12288K)
 Metaspace       used 98853K, capacity 101200K, committed 101288K, reserved 1136640K
  class space    used 12682K, capacity 13588K, committed 13676K, reserved 1048576K
}
Event: 35.345 GC heap after
{Heap after GC invocations=24 (full 0):
 garbage-first heap   total 227328K, used 112640K [0x0000000080000000, 0x0000000100000000)
  region size 1024K, 12 young (12288K), 12 survivors (12288K)
 Metaspace       used 98853K, capacity 101200K, committed 101288K, reserved 1136640K
  class space    used 12682K, capacity 13588K, committed 13676K, reserved 1048576K
}
Event: 36.481 GC heap before
{Heap before GC invocations=25 (full 0):
 garbage-first heap   total 227328K, used 179200K [0x0000000080000000, 0x0000000100000000)
  region size 1024K, 78 young (79872K), 12 survivors (12288K)
 Metaspace       used 101101K, capacity 103549K, committed 103908K, reserved 1138688K
  class space    used 12966K, capacity 13934K, committed 14060K, reserved 1048576K
}
Event: 36.559 GC heap after
{Heap after GC invocations=26 (full 0):
 garbage-first heap   total 227328K, used 122338K [0x0000000080000000, 0x0000000100000000)
  region size 1024K, 10 young (10240K), 10 survivors (10240K)
 Metaspace       used 101101K, capacity 103549K, committed 103908K, reserved 1138688K
  class space    used 12966K, capacity 13934K, committed 14060K, reserved 1048576K
}
Event: 37.562 GC heap before
{Heap before GC invocations=27 (full 0):
 garbage-first heap   total 227328K, used 179682K [0x0000000080000000, 0x0000000100000000)
  region size 1024K, 67 young (68608K), 10 survivors (10240K)
 Metaspace       used 103018K, capacity 105526K, committed 105700K, reserved 1140736K
  class space    used 13277K, capacity 14230K, committed 14316K, reserved 1048576K
}
Event: 37.620 GC heap after
{Heap after GC invocations=28 (full 0):
 garbage-first heap   total 227328K, used 133120K [0x0000000080000000, 0x0000000100000000)
  region size 1024K, 9 young (9216K), 9 survivors (9216K)
 Metaspace       used 103018K, capacity 105526K, committed 105700K, reserved 1140736K
  class space    used 13277K, capacity 14230K, committed 14316K, reserved 1048576K
}
Event: 38.927 GC heap before
{Heap before GC invocations=28 (full 0):
 garbage-first heap   total 227328K, used 183296K [0x0000000080000000, 0x0000000100000000)
  region size 1024K, 58 young (59392K), 9 survivors (9216K)
 Metaspace       used 104564K, capacity 107087K, committed 107236K, reserved 1142784K
  class space    used 13488K, capacity 14483K, committed 14572K, reserved 1048576K
}
Event: 38.977 GC heap after
{Heap after GC invocations=29 (full 0):
 garbage-first heap   total 227328K, used 141771K [0x0000000080000000, 0x0000000100000000)
  region size 1024K, 8 young (8192K), 8 survivors (8192K)
 Metaspace       used 104564K, capacity 107087K, committed 107236K, reserved 1142784K
  class space    used 13488K, capacity 14483K, committed 14572K, reserved 1048576K
}
Event: 40.399 GC heap before
{Heap before GC invocations=30 (full 0):
 garbage-first heap   total 227328K, used 184779K [0x0000000080000000, 0x0000000100000000)
  region size 1024K, 51 young (52224K), 8 survivors (8192K)
 Metaspace       used 105463K, capacity 107981K, committed 108260K, reserved 1142784K
  class space    used 13508K, capacity 14462K, committed 14572K, reserved 1048576K
}
Event: 40.429 GC heap after
{Heap after GC invocations=31 (full 0):
 garbage-first heap   total 274432K, used 145213K [0x0000000080000000, 0x0000000100000000)
  region size 1024K, 5 young (5120K), 5 survivors (5120K)
 Metaspace       used 105463K, capacity 107981K, committed 108260K, reserved 1142784K
  class space    used 13508K, capacity 14462K, committed 14572K, reserved 1048576K
}
Event: 41.941 GC heap before
{Heap before GC invocations=31 (full 0):
 garbage-first heap   total 274432K, used 211773K [0x0000000080000000, 0x0000000100000000)
  region size 1024K, 70 young (71680K), 5 survivors (5120K)
 Metaspace       used 106372K, capacity 108920K, committed 109156K, reserved 1144832K
  class space    used 13581K, capacity 14553K, committed 14700K, reserved 1048576K
}
Event: 41.958 GC heap after
{Heap after GC invocations=32 (full 0):
 garbage-first heap   total 274432K, used 147132K [0x0000000080000000, 0x0000000100000000)
  region size 1024K, 7 young (7168K), 7 survivors (7168K)
 Metaspace       used 106372K, capacity 108920K, committed 109156K, reserved 1144832K
  class space    used 13581K, capacity 14553K, committed 14700K, reserved 1048576K
}
Event: 44.164 GC heap before
{Heap before GC invocations=33 (full 0):
 garbage-first heap   total 274432K, used 214716K [0x0000000080000000, 0x0000000100000000)
  region size 1024K, 74 young (75776K), 7 survivors (7168K)
 Metaspace       used 108548K, capacity 111347K, committed 111588K, reserved 1146880K
  class space    used 13879K, capacity 14986K, committed 15084K, reserved 1048576K
}
Event: 44.208 GC heap after
{Heap after GC invocations=34 (full 0):
 garbage-first heap   total 274432K, used 150160K [0x0000000080000000, 0x0000000100000000)
  region size 1024K, 6 young (6144K), 6 survivors (6144K)
 Metaspace       used 108548K, capacity 111347K, committed 111588K, reserved 1146880K
  class space    used 13879K, capacity 14986K, committed 15084K, reserved 1048576K
}
Event: 45.337 GC heap before
{Heap before GC invocations=34 (full 0):
 garbage-first heap   total 274432K, used 218768K [0x0000000080000000, 0x0000000100000000)
  region size 1024K, 74 young (75776K), 6 survivors (6144K)
 Metaspace       used 108800K, capacity 111614K, committed 111844K, reserved 1146880K
  class space    used 13906K, capacity 15029K, committed 15084K, reserved 1048576K
}
Event: 45.358 GC heap after
{Heap after GC invocations=35 (full 0):
 garbage-first heap   total 274432K, used 152377K [0x0000000080000000, 0x0000000100000000)
  region size 1024K, 8 young (8192K), 8 survivors (8192K)
 Metaspace       used 108800K, capacity 111614K, committed 111844K, reserved 1146880K
  class space    used 13906K, capacity 15029K, committed 15084K, reserved 1048576K
}
Event: 46.541 GC heap before
{Heap before GC invocations=36 (full 0):
 garbage-first heap   total 274432K, used 223033K [0x0000000080000000, 0x0000000100000000)
  region size 1024K, 77 young (78848K), 8 survivors (8192K)
 Metaspace       used 108855K, capacity 111692K, committed 111844K, reserved 1146880K
  class space    used 13908K, capacity 15032K, committed 15084K, reserved 1048576K
}
Event: 46.573 GC heap after
{Heap after GC invocations=37 (full 0):
 garbage-first heap   total 274432K, used 158299K [0x0000000080000000, 0x0000000100000000)
  region size 1024K, 9 young (9216K), 9 survivors (9216K)
 Metaspace       used 108855K, capacity 111692K, committed 111844K, reserved 1146880K
  class space    used 13908K, capacity 15032K, committed 15084K, reserved 1048576K
}

Deoptimization events (20 events):
Event: 44.949 Thread 0x000002b8abc8f000 DEOPT PACKING pc=0x000002b8999ca80c sp=0x000000da05af5ff0
Event: 44.949 Thread 0x000002b8abc8f000 DEOPT UNPACKING pc=0x000002b89161a1af sp=0x000000da05af5f60 mode 2
Event: 45.227 Thread 0x000002b8aa91c000 DEOPT PACKING pc=0x000002b893a5828a sp=0x000000da04df9d50
Event: 45.227 Thread 0x000002b8aa91c000 DEOPT UNPACKING pc=0x000002b89161a95e sp=0x000000da04df9270 mode 0
Event: 46.135 Thread 0x000002b8aa914800 DEOPT PACKING pc=0x000002b893a64cb2 sp=0x000000da049f9630
Event: 46.135 Thread 0x000002b8aa914800 DEOPT UNPACKING pc=0x000002b89161a95e sp=0x000000da049f8bf8 mode 0
Event: 46.178 Thread 0x000002b8abc8f000 DEOPT PACKING pc=0x000002b893a61feb sp=0x000000da05af54c0
Event: 46.178 Thread 0x000002b8abc8f000 DEOPT UNPACKING pc=0x000002b89161a95e sp=0x000000da05af4ab8 mode 0
Event: 46.261 Thread 0x000002b8aa914800 DEOPT PACKING pc=0x000002b893a5c899 sp=0x000000da049f9540
Event: 46.261 Thread 0x000002b8aa914800 DEOPT UNPACKING pc=0x000002b89161a95e sp=0x000000da049f8bc8 mode 0
Event: 46.298 Thread 0x000002b8abc8f000 Uncommon trap: trap_request=0xffffff4d fr.pc=0x000002b89997393c relative=0x00000000000008bc
Event: 46.298 Thread 0x000002b8abc8f000 Uncommon trap: reason=unstable_if action=reinterpret pc=0x000002b89997393c method=com.android.tools.r8.internal.FW.b(Lcom/android/tools/r8/internal/Xq;)V @ 147 c2
Event: 46.298 Thread 0x000002b8abc8f000 DEOPT PACKING pc=0x000002b89997393c sp=0x000000da05af54c0
Event: 46.298 Thread 0x000002b8abc8f000 DEOPT UNPACKING pc=0x000002b89161a1af sp=0x000000da05af54c0 mode 2
Event: 46.581 Thread 0x000002b8abc8f000 Uncommon trap: trap_request=0xffffffdc fr.pc=0x000002b8996d3710 relative=0x00000000000002d0
Event: 46.581 Thread 0x000002b8abc8f000 Uncommon trap: reason=class_check action=make_not_entrant pc=0x000002b8996d3710 method=java.util.ArrayList$SubList.toArray([Ljava/lang/Object;)[Ljava/lang/Object; @ 37 c2
Event: 46.581 Thread 0x000002b8abc8f000 DEOPT PACKING pc=0x000002b8996d3710 sp=0x000000da05af5fd0
Event: 46.581 Thread 0x000002b8abc8f000 DEOPT UNPACKING pc=0x000002b89161a1af sp=0x000000da05af5f98 mode 2
Event: 46.584 Thread 0x000002b8a86e5800 DEOPT PACKING pc=0x000002b89377124a sp=0x000000da03ff9fe0
Event: 46.584 Thread 0x000002b8a86e5800 DEOPT UNPACKING pc=0x000002b89161a95e sp=0x000000da03ff9560 mode 0

Classes redefined (0 events):
No events

Internal exceptions (20 events):
Event: 36.419 Thread 0x000002b8abc8f000 Exception <a 'java/lang/IncompatibleClassChangeError'{0x000000008a1550f0}: Found class java.lang.Object, but interface was expected> (0x000000008a1550f0) thrown at [./src/hotspot/share/interpreter/linkResolver.cpp, line 839]
Event: 37.189 Thread 0x000002b8abc8f000 Exception <a 'java/lang/NoSuchMethodError'{0x000000008c1ef458}: 'void java.lang.invoke.DirectMethodHandle$Holder.invokeSpecial(java.lang.Object, java.lang.Object, int, java.lang.Object)'> (0x000000008c1ef458) thrown at [./src/hotspot/share/interpreter/linkResolver.cpp, line 773]
Event: 37.302 Thread 0x000002b8abc8f000 Exception <a 'java/lang/NoSuchMethodError'{0x000000008b98b738}: 'long java.lang.invoke.DirectMethodHandle$Holder.invokeStatic(java.lang.Object, java.lang.Object)'> (0x000000008b98b738) thrown at [./src/hotspot/share/interpreter/linkResolver.cpp, line 773]
Event: 38.833 Thread 0x000002b8aa91c000 Exception <a 'java/lang/NoSuchMethodError'{0x000000008b33cd78}: 'java.lang.Object java.lang.invoke.DirectMethodHandle$Holder.invokeInterface(java.lang.Object, java.lang.Object, int)'> (0x000000008b33cd78) thrown at [./src/hotspot/share/interpreter/linkResolver.cpp, line 773]
Event: 40.746 Thread 0x000002b8a86e5800 Exception <a 'java/lang/NoSuchMethodError'{0x000000009030e568}: 'java.lang.Object java.lang.invoke.DirectMethodHandle$Holder.invokeSpecial(java.lang.Object, java.lang.Object, java.lang.Object, java.lang.Object, java.lang.Object, java.lang.Object, java.lang.Object, java.lang.Object, java.lang.Object, java.lang.Object, java.lang.Object)'> (0x000000009030e568) thrown at [./src/hotspot/share/interpreter/linkResolver.cpp, line 773]
Event: 40.748 Thread 0x000002b8a86e5800 Exception <a 'java/lang/NoSuchMethodError'{0x0000000090319f08}: 'java.lang.Object java.lang.invoke.Invokers$Holder.linkToTargetMethod(java.lang.Object, java.lang.Object, java.lang.Object, java.lang.Object, java.lang.Object, java.lang.Object, java.lang.Object, java.lang.Object, java.lang.Object, java.lang.Object)'> (0x0000000090319f08) thrown at [./src/hotspot/share/interpreter/linkResolver.cpp, line 773]
Event: 40.816 Thread 0x000002b8a86e5800 Exception <a 'java/lang/IncompatibleClassChangeError'{0x000000008fd9c3c8}: Found class java.lang.Object, but interface was expected> (0x000000008fd9c3c8) thrown at [./src/hotspot/share/interpreter/linkResolver.cpp, line 839]
Event: 42.784 Thread 0x000002b8a86e5800 Exception <a 'java/lang/NoSuchMethodError'{0x000000008fcc4170}: 'java.lang.Object java.lang.invoke.Invokers$Holder.linkToTargetMethod(java.lang.Object, int, java.lang.Object, java.lang.Object, java.lang.Object, java.lang.Object)'> (0x000000008fcc4170) thrown at [./src/hotspot/share/interpreter/linkResolver.cpp, line 773]
Event: 43.036 Thread 0x000002b8a86e5800 Exception <a 'java/lang/NoSuchMethodError'{0x000000008f888b58}: 'void java.lang.invoke.DirectMethodHandle$Holder.invokeStatic(java.lang.Object, java.lang.Object, java.lang.Object, java.lang.Object, java.lang.Object, java.lang.Object, java.lang.Object, java.lang.Object)'> (0x000000008f888b58) thrown at [./src/hotspot/share/interpreter/linkResolver.cpp, line 773]
Event: 43.629 Thread 0x000002b8abc8f000 Exception <a 'java/lang/IncompatibleClassChangeError'{0x000000008dfe6040}: Found class java.lang.Object, but interface was expected> (0x000000008dfe6040) thrown at [./src/hotspot/share/interpreter/linkResolver.cpp, line 839]
Event: 43.916 Thread 0x000002b8abc8f000 Exception <a 'java/lang/NoSuchMethodError'{0x000000008d091348}: 'void java.lang.invoke.DirectMethodHandle$Holder.invokeSpecial(java.lang.Object, java.lang.Object, int)'> (0x000000008d091348) thrown at [./src/hotspot/share/interpreter/linkResolver.cpp, line 773]
Event: 44.155 Thread 0x000002b8a86e5800 Exception <a 'sun/nio/fs/WindowsException'{0x000000008cc2ff68}> (0x000000008cc2ff68) thrown at [./src/hotspot/share/prims/jni.cpp, line 616]
Event: 44.158 Thread 0x000002b8abc8f000 Exception <a 'sun/nio/fs/WindowsException'{0x000000008cdeea68}> (0x000000008cdeea68) thrown at [./src/hotspot/share/prims/jni.cpp, line 616]
Event: 44.760 Thread 0x000002b8abc8f000 Exception <a 'sun/nio/fs/WindowsException'{0x000000008e670270}> (0x000000008e670270) thrown at [./src/hotspot/share/prims/jni.cpp, line 616]
Event: 44.910 Thread 0x000002b8a86e5800 Exception <a 'sun/nio/fs/WindowsException'{0x000000008daf46a8}> (0x000000008daf46a8) thrown at [./src/hotspot/share/prims/jni.cpp, line 616]
Event: 44.938 Thread 0x000002b8a86e5800 Exception <a 'sun/nio/fs/WindowsException'{0x000000008d8b8f10}> (0x000000008d8b8f10) thrown at [./src/hotspot/share/prims/jni.cpp, line 616]
Event: 44.962 Thread 0x000002b8abc8f000 Exception <a 'sun/nio/fs/WindowsException'{0x000000008d6a81c0}> (0x000000008d6a81c0) thrown at [./src/hotspot/share/prims/jni.cpp, line 616]
Event: 46.155 Thread 0x000002b8abc8f000 Exception <a 'sun/nio/fs/WindowsException'{0x000000008ed2bfa0}> (0x000000008ed2bfa0) thrown at [./src/hotspot/share/prims/jni.cpp, line 616]
Event: 46.182 Thread 0x000002b8a86e5800 Exception <a 'sun/nio/fs/WindowsException'{0x000000008e329e80}> (0x000000008e329e80) thrown at [./src/hotspot/share/prims/jni.cpp, line 616]
Event: 46.587 Thread 0x000002b8abc8f000 Exception <a 'sun/nio/fs/WindowsException'{0x0000000090abf230}> (0x0000000090abf230) thrown at [./src/hotspot/share/prims/jni.cpp, line 616]

Events (20 events):
Event: 45.335 Executing VM operation: G1CollectForAllocation
Event: 45.358 Executing VM operation: G1CollectForAllocation done
Event: 45.549 loading class com/android/tools/r8/code/H0
Event: 45.549 loading class com/android/tools/r8/code/H0 done
Event: 45.549 loading class com/android/tools/r8/code/H0
Event: 45.549 loading class com/android/tools/r8/code/H0 done
Event: 45.984 Executing VM operation: CGC_Operation
Event: 46.009 Executing VM operation: CGC_Operation done
Event: 46.380 Executing VM operation: CGC_Operation
Event: 46.389 Executing VM operation: CGC_Operation done
Event: 46.537 loading class com/android/tools/r8/naming/Q
Event: 46.537 loading class com/android/tools/r8/naming/Q done
Event: 46.537 loading class com/android/tools/r8/graph/l0
Event: 46.537 loading class com/android/tools/r8/graph/l0 done
Event: 46.537 loading class com/android/tools/r8/naming/Q
Event: 46.537 loading class com/android/tools/r8/naming/Q done
Event: 46.541 Executing VM operation: G1CollectForAllocation
Event: 46.573 Executing VM operation: G1CollectForAllocation done
Event: 46.654 loading class com/android/tools/r8/internal/p0
Event: 46.654 loading class com/android/tools/r8/internal/p0 done


Dynamic libraries:
0x00007ff612a10000 - 0x00007ff612a1a000 	C:\Program Files\Android\Android Studio\jre\bin\java.exe
0x00007ff85a720000 - 0x00007ff85a929000 	C:\Windows\SYSTEM32\ntdll.dll
0x00007ff85a330000 - 0x00007ff85a3ee000 	C:\Windows\System32\KERNEL32.DLL
0x00007ff857ff0000 - 0x00007ff85836b000 	C:\Windows\System32\KERNELBASE.dll
0x00007ff848d10000 - 0x00007ff848d27000 	C:\Program Files\Android\Android Studio\jre\bin\VCRUNTIME140.dll
0x00007ff857c60000 - 0x00007ff857d71000 	C:\Windows\System32\ucrtbase.dll
0x00007ff846910000 - 0x00007ff846929000 	C:\Program Files\Android\Android Studio\jre\bin\jli.dll
0x00007ff842350000 - 0x00007ff8425f5000 	C:\Windows\WinSxS\amd64_microsoft.windows.common-controls_6595b64144ccf1df_6.0.22000.120_none_9d947278b86cc467\COMCTL32.dll
0x00007ff85a480000 - 0x00007ff85a523000 	C:\Windows\System32\msvcrt.dll
0x00007ff858da0000 - 0x00007ff858dc9000 	C:\Windows\System32\GDI32.dll
0x00007ff85a530000 - 0x00007ff85a6dd000 	C:\Windows\System32\USER32.dll
0x00007ff857fc0000 - 0x00007ff857fe6000 	C:\Windows\System32\win32u.dll
0x00007ff857d80000 - 0x00007ff857e98000 	C:\Windows\System32\gdi32full.dll
0x00007ff857f20000 - 0x00007ff857fbd000 	C:\Windows\System32\msvcp_win.dll
0x00007ff85a0b0000 - 0x00007ff85a0e2000 	C:\Windows\System32\IMM32.DLL
0x00007ff823da0000 - 0x00007ff823e3d000 	C:\Program Files\Android\Android Studio\jre\bin\msvcp140.dll
0x00007ff81b010000 - 0x00007ff81bb12000 	C:\Program Files\Android\Android Studio\jre\bin\server\jvm.dll
0x00007ff85a000000 - 0x00007ff85a0ae000 	C:\Windows\System32\ADVAPI32.dll
0x00007ff858850000 - 0x00007ff8588ee000 	C:\Windows\System32\sechost.dll
0x00007ff858c80000 - 0x00007ff858da0000 	C:\Windows\System32\RPCRT4.dll
0x00007ff858690000 - 0x00007ff858698000 	C:\Windows\System32\PSAPI.DLL
0x00007ff84ac80000 - 0x00007ff84ac8a000 	C:\Windows\SYSTEM32\VERSION.dll
0x00007ff8501d0000 - 0x00007ff850203000 	C:\Windows\SYSTEM32\WINMM.dll
0x00007ff853d70000 - 0x00007ff853d79000 	C:\Windows\SYSTEM32\WSOCK32.dll
0x00007ff8597a0000 - 0x00007ff85980f000 	C:\Windows\System32\WS2_32.dll
0x00007ff856d60000 - 0x00007ff856d78000 	C:\Windows\SYSTEM32\kernel.appcore.dll
0x00007ff849e40000 - 0x00007ff849e51000 	C:\Program Files\Android\Android Studio\jre\bin\verify.dll
0x00007ff855770000 - 0x00007ff855991000 	C:\Windows\SYSTEM32\DBGHELP.DLL
0x00007ff848f30000 - 0x00007ff848f61000 	C:\Windows\SYSTEM32\dbgcore.DLL
0x00007ff857ea0000 - 0x00007ff857f1f000 	C:\Windows\System32\bcryptPrimitives.dll
0x00007ff848f00000 - 0x00007ff848f29000 	C:\Program Files\Android\Android Studio\jre\bin\java.dll
0x00007ff851c40000 - 0x00007ff851c4b000 	C:\Program Files\Android\Android Studio\jre\bin\jimage.dll
0x00007ff8497a0000 - 0x00007ff8497b8000 	C:\Program Files\Android\Android Studio\jre\bin\zip.dll
0x00007ff858dd0000 - 0x00007ff859587000 	C:\Windows\System32\SHELL32.dll
0x00007ff855c20000 - 0x00007ff856485000 	C:\Windows\SYSTEM32\windows.storage.dll
0x00007ff858900000 - 0x00007ff858c78000 	C:\Windows\System32\combase.dll
0x00007ff8559a0000 - 0x00007ff855b06000 	C:\Windows\SYSTEM32\wintypes.dll
0x00007ff858760000 - 0x00007ff85884a000 	C:\Windows\System32\SHCORE.dll
0x00007ff859810000 - 0x00007ff85986d000 	C:\Windows\System32\shlwapi.dll
0x00007ff857b20000 - 0x00007ff857b41000 	C:\Windows\SYSTEM32\profapi.dll
0x00007ff848930000 - 0x00007ff84894a000 	C:\Program Files\Android\Android Studio\jre\bin\net.dll
0x00007ff84fbc0000 - 0x00007ff84fcd4000 	C:\Windows\SYSTEM32\WINHTTP.dll
0x00007ff857200000 - 0x00007ff857267000 	C:\Windows\system32\mswsock.dll
0x00007ff8488d0000 - 0x00007ff8488e4000 	C:\Program Files\Android\Android Studio\jre\bin\nio.dll
0x00007ff8456b0000 - 0x00007ff8456d7000 	C:\Users\Administrator\.gradle\native\e1d6ef7f7dcc3fd88c89a11ec53ec762bb8ba0a96d01ffa2cd45eb1d1d8dd5c5\windows-amd64\native-platform.dll
0x00007ff8204d0000 - 0x00007ff820614000 	C:\Users\Administrator\.gradle\native\0d407fdbe67a94daf76414ababcb853783967236a71b16ec16e742cd7a986fd3\windows-amd64\native-platform-file-events.dll
0x00007ff850c90000 - 0x00007ff850c9a000 	C:\Program Files\Android\Android Studio\jre\bin\management.dll
0x00007ff850740000 - 0x00007ff85074d000 	C:\Program Files\Android\Android Studio\jre\bin\management_ext.dll
0x00007ff857450000 - 0x00007ff857468000 	C:\Windows\SYSTEM32\CRYPTSP.dll
0x00007ff856cc0000 - 0x00007ff856cf5000 	C:\Windows\system32\rsaenh.dll
0x00007ff8572f0000 - 0x00007ff857319000 	C:\Windows\SYSTEM32\USERENV.dll
0x00007ff8575d0000 - 0x00007ff8575f7000 	C:\Windows\SYSTEM32\bcrypt.dll
0x00007ff857440000 - 0x00007ff85744c000 	C:\Windows\SYSTEM32\CRYPTBASE.dll
0x00007ff856890000 - 0x00007ff8568bd000 	C:\Windows\SYSTEM32\IPHLPAPI.DLL
0x00007ff859590000 - 0x00007ff859599000 	C:\Windows\System32\NSI.dll
0x00007ff84f380000 - 0x00007ff84f399000 	C:\Windows\SYSTEM32\dhcpcsvc6.DLL
0x00007ff850590000 - 0x00007ff8505ae000 	C:\Windows\SYSTEM32\dhcpcsvc.DLL
0x00007ff8568c0000 - 0x00007ff8569a8000 	C:\Windows\SYSTEM32\DNSAPI.dll

dbghelp: loaded successfully - version: 4.0.5 - missing functions: none
symbol engine: initialized successfully - sym options: 0x614 - pdb path: .;C:\Program Files\Android\Android Studio\jre\bin;C:\Windows\SYSTEM32;C:\Windows\WinSxS\amd64_microsoft.windows.common-controls_6595b64144ccf1df_6.0.22000.120_none_9d947278b86cc467;C:\Program Files\Android\Android Studio\jre\bin\server;C:\Users\Administrator\.gradle\native\e1d6ef7f7dcc3fd88c89a11ec53ec762bb8ba0a96d01ffa2cd45eb1d1d8dd5c5\windows-amd64;C:\Users\Administrator\.gradle\native\0d407fdbe67a94daf76414ababcb853783967236a71b16ec16e742cd7a986fd3\windows-amd64

VM Arguments:
jvm_args: --add-opens=java.base/java.util=ALL-UNNAMED --add-opens=java.base/java.lang=ALL-UNNAMED --add-opens=java.base/java.lang.invoke=ALL-UNNAMED --add-opens=java.base/java.util=ALL-UNNAMED --add-opens=java.prefs/java.util.prefs=ALL-UNNAMED --add-opens=java.prefs/java.util.prefs=ALL-UNNAMED --add-opens=java.base/java.nio.charset=ALL-UNNAMED --add-opens=java.base/java.net=ALL-UNNAMED --add-opens=java.base/java.util.concurrent.atomic=ALL-UNNAMED -Xmx2048m -Dfile.encoding=UTF-8 -Duser.country=US -Duser.language=en -Duser.variant 
java_command: org.gradle.launcher.daemon.bootstrap.GradleDaemon 7.4
java_class_path (initial): C:\Users\Administrator\.gradle\wrapper\dists\gradle-7.4-bin\c0gwcg53nkjbqw7r0h0umtfvt\gradle-7.4\lib\gradle-launcher-7.4.jar
Launcher Type: SUN_STANDARD

[Global flags]
     intx CICompilerCount                          = 3                                         {product} {ergonomic}
     uint ConcGCThreads                            = 1                                         {product} {ergonomic}
     uint G1ConcRefinementThreads                  = 4                                         {product} {ergonomic}
   size_t G1HeapRegionSize                         = 1048576                                   {product} {ergonomic}
    uintx GCDrainStackTargetSize                   = 64                                        {product} {ergonomic}
   size_t InitialHeapSize                          = 134217728                                 {product} {ergonomic}
   size_t MarkStackSize                            = 4194304                                   {product} {ergonomic}
   size_t MaxHeapSize                              = 2147483648                                {product} {command line}
   size_t MaxNewSize                               = 1287651328                                {product} {ergonomic}
   size_t MinHeapDeltaBytes                        = 1048576                                   {product} {ergonomic}
    uintx NonNMethodCodeHeapSize                   = 5830732                                {pd product} {ergonomic}
    uintx NonProfiledCodeHeapSize                  = 122913754                              {pd product} {ergonomic}
    uintx ProfiledCodeHeapSize                     = 122913754                              {pd product} {ergonomic}
    uintx ReservedCodeCacheSize                    = 251658240                              {pd product} {ergonomic}
     bool SegmentedCodeCache                       = true                                      {product} {ergonomic}
     bool UseCompressedClassPointers               = true                                 {lp64_product} {ergonomic}
     bool UseCompressedOops                        = true                                 {lp64_product} {ergonomic}
     bool UseG1GC                                  = true                                      {product} {ergonomic}
     bool UseLargePagesIndividualAllocation        = false                                  {pd product} {ergonomic}

Logging:
Log output configuration:
 #0: stdout all=warning uptime,level,tags
 #1: stderr all=off uptime,level,tags

Environment Variables:
PATH=C:\Program Files (x86)\Common Files\Oracle\Java\javapath;C:\Windows\system32;C:\Windows;C:\Windows\System32\Wbem;C:\Windows\System32\WindowsPowerShell\v1.0\;C:\Windows\System32\OpenSSH\;C:\Program Files\Git\cmd;C:\xampp\php;C:\ProgramData\ComposerSetup\bin;C:\Program Files (x86)\NVIDIA Corporation\PhysX\Common;C:\Program Files\NVIDIA Corporation\NVIDIA NvDLISR;C:\Program Files\nodejs\;C:\Program Files\dotnet\;C:\Users\Administrator\AppData\Local\Microsoft\WindowsApps;C:\Users\Administrator\AppData\Local\Programs\Microsoft VS Code\bin;C:\Users\Administrator\AppData\Roaming\Composer\vendor\bin;D:\xampp\php\php.exe;C:\Users\Administrator\AppData\Roaming\npm;C:\Program Files\Java\jdk-19.0.1\bin;
USERNAME=Administrator
OS=Windows_NT
PROCESSOR_IDENTIFIER=Intel64 Family 6 Model 142 Stepping 9, GenuineIntel



---------------  S Y S T E M  ---------------

OS: Windows 11 , 64 bit Build 22000 (10.0.22000.1335)
OS uptime: 2 days 2:19 hours

CPU:total 4 (initial active 4) (2 cores per cpu, 2 threads per core) family 6 model 142 stepping 9 microcode 0xde, cmov, cx8, fxsr, mmx, sse, sse2, sse3, ssse3, sse4.1, sse4.2, popcnt, avx, avx2, aes, clmul, erms, 3dnowpref, lzcnt, ht, tsc, tscinvbit, bmi1, bmi2, adx, fma

Memory: 4k page, system-wide physical 8073M (457M free)
TotalPageFile size 8073M (AvailPageFile size 2M)
current process WorkingSet (physical memory assigned to process): 626M, peak: 626M
current process commit charge ("private bytes"): 670M, peak: 670M

vm_info: OpenJDK 64-Bit Server VM (11.0.13+0-b1751.21-8125866) for windows-amd64 JRE (11.0.13+0-b1751.21-8125866), built on Feb  2 2022 03:00:22 by "builder" with MS VC++ 14.0 (VS2015)

END.
