#
# There is insufficient memory for the Java Runtime Environment to continue.
# Native memory allocation (malloc) failed to allocate 1031536 bytes for Chunk::new
# Possible reasons:
#   The system is out of physical RAM or swap space
#   The process is running with CompressedOops enabled, and the Java Heap may be blocking the growth of the native heap
# Possible solutions:
#   Reduce memory load on the system
#   Increase physical memory or swap space
#   Check if swap backing store is full
#   Decrease Java heap size (-Xmx/-Xms)
#   Decrease number of Java threads
#   Decrease Java thread stack sizes (-Xss)
#   Set larger code cache with -XX:ReservedCodeCacheSize=
#   JVM is running with Unscaled Compressed Oops mode in which the Java heap is
#     placed in the first 4GB address space. The Java Heap base address is the
#     maximum limit for the native heap growth. Please use -XX:HeapBaseMinAddress
#     to set the Java Heap base and to place the Java Heap above 4GB virtual address.
# This output file may be truncated or incomplete.
#
#  Out of Memory Error (./src/hotspot/share/memory/arena.cpp:197), pid=9492, tid=14052
#
# JRE version: OpenJDK Runtime Environment (11.0.13) (build 11.0.13+0-b1751.21-8125866)
# Java VM: OpenJDK 64-Bit Server VM (11.0.13+0-b1751.21-8125866, mixed mode, tiered, compressed oops, g1 gc, windows-amd64)
# No core dump will be written. Minidumps are not enabled by default on client versions of Windows
#

---------------  S U M M A R Y ------------

Command Line: org.jetbrains.kotlin.cli.jvm.K2JVMCompiler @D:\SETIK\findbarber\app\build\20230107_14878489409954676205.compiler.options

Host: Intel(R) Core(TM) i3-7020U CPU @ 2.30GHz, 4 cores, 7G,  Windows 11 , 64 bit Build 22000 (10.0.22000.1335)
Time: Sat Jan  7 23:55:50 2023 SE Asia Standard Time elapsed time: 14.713695 seconds (0d 0h 0m 14s)

---------------  T H R E A D  ---------------

Current thread (0x000001da6c6f0000):  JavaThread "C2 CompilerThread0" daemon [_thread_in_native, id=14052, stack(0x000000ceebb00000,0x000000ceebc00000)]


Current CompileTask:
C2:  14713 8795       4       org.jetbrains.kotlin.types.DescriptorSubstitutor::substituteTypeParameters (389 bytes)

Stack: [0x000000ceebb00000,0x000000ceebc00000]
Native frames: (J=compiled Java code, j=interpreted, Vv=VM code, C=native code)
V  [jvm.dll+0x6100fa]
V  [jvm.dll+0x747090]
V  [jvm.dll+0x7486ad]
V  [jvm.dll+0x748d83]
V  [jvm.dll+0x24ab48]
V  [jvm.dll+0xc04dc]
V  [jvm.dll+0xc0a0c]
V  [jvm.dll+0x35eb5b]
V  [jvm.dll+0x32b833]
V  [jvm.dll+0x32ad2a]
V  [jvm.dll+0x2032b2]
V  [jvm.dll+0x202437]
V  [jvm.dll+0x188e01]
V  [jvm.dll+0x21106b]
V  [jvm.dll+0x20f8c1]
V  [jvm.dll+0x70de0f]
V  [jvm.dll+0x706a75]
V  [jvm.dll+0x60ed66]
C  [ucrtbase.dll+0x26c0c]
C  [KERNEL32.DLL+0x155a0]
C  [ntdll.dll+0x485b]


---------------  P R O C E S S  ---------------

Threads class SMR info:
_java_thread_list=0x000001da70117210, length=11, elements={
0x000001da509be000, 0x000001da6c6c9800, 0x000001da6c6cc800, 0x000001da6c6e7000,
0x000001da6c6ea800, 0x000001da6c6eb800, 0x000001da6c6f0000, 0x000001da6c6f4800,
0x000001da6c6fd800, 0x000001da6d1c7800, 0x000001da6ffc2800
}

Java Threads: ( => current thread )
  0x000001da509be000 JavaThread "main" [_thread_in_Java, id=9052, stack(0x000000ceeaf00000,0x000000ceeb000000)]
  0x000001da6c6c9800 JavaThread "Reference Handler" daemon [_thread_blocked, id=9364, stack(0x000000ceeb600000,0x000000ceeb700000)]
  0x000001da6c6cc800 JavaThread "Finalizer" daemon [_thread_blocked, id=11644, stack(0x000000ceeb700000,0x000000ceeb800000)]
  0x000001da6c6e7000 JavaThread "Signal Dispatcher" daemon [_thread_blocked, id=13216, stack(0x000000ceeb800000,0x000000ceeb900000)]
  0x000001da6c6ea800 JavaThread "Attach Listener" daemon [_thread_blocked, id=1460, stack(0x000000ceeb900000,0x000000ceeba00000)]
  0x000001da6c6eb800 JavaThread "Service Thread" daemon [_thread_blocked, id=7756, stack(0x000000ceeba00000,0x000000ceebb00000)]
=>0x000001da6c6f0000 JavaThread "C2 CompilerThread0" daemon [_thread_in_native, id=14052, stack(0x000000ceebb00000,0x000000ceebc00000)]
  0x000001da6c6f4800 JavaThread "C1 CompilerThread0" daemon [_thread_blocked, id=8064, stack(0x000000ceebc00000,0x000000ceebd00000)]
  0x000001da6c6fd800 JavaThread "Sweeper thread" daemon [_thread_blocked, id=2340, stack(0x000000ceebd00000,0x000000ceebe00000)]
  0x000001da6d1c7800 JavaThread "Common-Cleaner" daemon [_thread_blocked, id=13812, stack(0x000000ceebf00000,0x000000ceec000000)]
  0x000001da6ffc2800 JavaThread "C2 CompilerThread1" daemon [_thread_in_native, id=13736, stack(0x000000ceec000000,0x000000ceec100000)]

Other Threads:
  0x000001da6c6c5800 VMThread "VM Thread" [stack: 0x000000ceeb500000,0x000000ceeb600000] [id=9032]
  0x000001da6d1bd800 WatcherThread [stack: 0x000000ceebe00000,0x000000ceebf00000] [id=13016]
  0x000001da52ba6000 GCTaskThread "GC Thread#0" [stack: 0x000000ceeb000000,0x000000ceeb100000] [id=8668]
  0x000001da6d64b800 GCTaskThread "GC Thread#1" [stack: 0x000000ceec100000,0x000000ceec200000] [id=7548]
  0x000001da6d58a800 GCTaskThread "GC Thread#2" [stack: 0x000000ceec200000,0x000000ceec300000] [id=8744]
  0x000001da52bd5800 ConcurrentGCThread "G1 Main Marker" [stack: 0x000000ceeb100000,0x000000ceeb200000] [id=2492]
  0x000001da52bd8000 ConcurrentGCThread "G1 Conc#0" [stack: 0x000000ceeb200000,0x000000ceeb300000] [id=14936]
  0x000001da52c68800 ConcurrentGCThread "G1 Refine#0" [stack: 0x000000ceeb300000,0x000000ceeb400000] [id=9372]
  0x000001da52c6b800 ConcurrentGCThread "G1 Young RemSet Sampling" [stack: 0x000000ceeb400000,0x000000ceeb500000] [id=6560]

Threads with active compile tasks:
C2 CompilerThread0  14731 8795       4       org.jetbrains.kotlin.types.DescriptorSubstitutor::substituteTypeParameters (389 bytes)
C2 CompilerThread1  14731 8574       4       org.jetbrains.kotlin.cli.jvm.index.JvmDependenciesIndexImpl::travelPath (157 bytes)

VM state:not at safepoint (normal execution)

VM Mutex/Monitor currently owned by a thread: None

Heap address: 0x0000000081c00000, size: 2020 MB, Compressed Oops mode: 32-bit
Narrow klass base: 0x0000000000000000, Narrow klass shift: 3
Compressed class space size: 1073741824 Address: 0x0000000100000000

Heap:
 garbage-first heap   total 157696K, used 61952K [0x0000000081c00000, 0x0000000100000000)
  region size 1024K, 13 young (13312K), 8 survivors (8192K)
 Metaspace       used 68220K, capacity 69079K, committed 69376K, reserved 1110016K
  class space    used 7496K, capacity 7840K, committed 7936K, reserved 1048576K
Heap Regions: E=young(eden), S=young(survivor), O=old, HS=humongous(starts), HC=humongous(continues), CS=collection set, F=free, A=archive, TAMS=top-at-mark-start (previous, next)
|   0|0x0000000081c00000, 0x0000000081d00000, 0x0000000081d00000|100%|HS|  |TAMS 0x0000000081d00000, 0x0000000081c00000| Complete 
|   1|0x0000000081d00000, 0x0000000081e00000, 0x0000000081e00000|100%|HC|  |TAMS 0x0000000081e00000, 0x0000000081d00000| Complete 
|   2|0x0000000081e00000, 0x0000000081f00000, 0x0000000081f00000|100%|HC|  |TAMS 0x0000000081f00000, 0x0000000081e00000| Complete 
|   3|0x0000000081f00000, 0x0000000082000000, 0x0000000082000000|100%|HC|  |TAMS 0x0000000082000000, 0x0000000081f00000| Complete 
|   4|0x0000000082000000, 0x0000000082100000, 0x0000000082100000|100%| O|  |TAMS 0x0000000082100000, 0x0000000082000000| Untracked 
|   5|0x0000000082100000, 0x0000000082200000, 0x0000000082200000|100%| O|  |TAMS 0x0000000082200000, 0x0000000082100000| Untracked 
|   6|0x0000000082200000, 0x0000000082300000, 0x0000000082300000|100%|HS|  |TAMS 0x0000000082300000, 0x0000000082200000| Complete 
|   7|0x0000000082300000, 0x0000000082400000, 0x0000000082400000|100%|HC|  |TAMS 0x0000000082400000, 0x0000000082300000| Complete 
|   8|0x0000000082400000, 0x0000000082500000, 0x0000000082500000|100%|HC|  |TAMS 0x0000000082500000, 0x0000000082400000| Complete 
|   9|0x0000000082500000, 0x0000000082600000, 0x0000000082600000|100%|HC|  |TAMS 0x0000000082600000, 0x0000000082500000| Complete 
|  10|0x0000000082600000, 0x0000000082700000, 0x0000000082700000|100%|HS|  |TAMS 0x0000000082700000, 0x0000000082600000| Complete 
|  11|0x0000000082700000, 0x0000000082800000, 0x0000000082800000|100%|HC|  |TAMS 0x0000000082800000, 0x0000000082700000| Complete 
|  12|0x0000000082800000, 0x0000000082900000, 0x0000000082900000|100%| O|  |TAMS 0x0000000082900000, 0x0000000082800000| Untracked 
|  13|0x0000000082900000, 0x0000000082a00000, 0x0000000082a00000|100%| O|  |TAMS 0x0000000082a00000, 0x0000000082900000| Untracked 
|  14|0x0000000082a00000, 0x0000000082b00000, 0x0000000082b00000|100%| O|  |TAMS 0x0000000082b00000, 0x0000000082a00000| Untracked 
|  15|0x0000000082b00000, 0x0000000082c00000, 0x0000000082c00000|100%| O|  |TAMS 0x0000000082c00000, 0x0000000082b00000| Untracked 
|  16|0x0000000082c00000, 0x0000000082d00000, 0x0000000082d00000|100%| O|  |TAMS 0x0000000082d00000, 0x0000000082c00000| Untracked 
|  17|0x0000000082d00000, 0x0000000082e00000, 0x0000000082e00000|100%| O|  |TAMS 0x0000000082e00000, 0x0000000082d00000| Untracked 
|  18|0x0000000082e00000, 0x0000000082f00000, 0x0000000082f00000|100%| O|  |TAMS 0x0000000082f00000, 0x0000000082e00000| Untracked 
|  19|0x0000000082f00000, 0x0000000083000000, 0x0000000083000000|100%| O|  |TAMS 0x0000000083000000, 0x0000000082f00000| Untracked 
|  20|0x0000000083000000, 0x0000000083100000, 0x0000000083100000|100%| O|  |TAMS 0x0000000083100000, 0x0000000083000000| Untracked 
|  21|0x0000000083100000, 0x0000000083200000, 0x0000000083200000|100%| O|  |TAMS 0x0000000083200000, 0x0000000083100000| Untracked 
|  22|0x0000000083200000, 0x0000000083300000, 0x0000000083300000|100%| O|  |TAMS 0x0000000083300000, 0x0000000083200000| Untracked 
|  23|0x0000000083300000, 0x0000000083400000, 0x0000000083400000|100%| O|  |TAMS 0x0000000083400000, 0x0000000083300000| Untracked 
|  24|0x0000000083400000, 0x0000000083500000, 0x0000000083500000|100%| O|  |TAMS 0x0000000083500000, 0x0000000083400000| Untracked 
|  25|0x0000000083500000, 0x0000000083600000, 0x0000000083600000|100%| O|  |TAMS 0x0000000083600000, 0x0000000083500000| Untracked 
|  26|0x0000000083600000, 0x0000000083700000, 0x0000000083700000|100%| O|  |TAMS 0x0000000083700000, 0x0000000083600000| Untracked 
|  27|0x0000000083700000, 0x0000000083800000, 0x0000000083800000|100%| O|  |TAMS 0x0000000083800000, 0x0000000083700000| Untracked 
|  28|0x0000000083800000, 0x0000000083900000, 0x0000000083900000|100%| O|  |TAMS 0x0000000083900000, 0x0000000083800000| Untracked 
|  29|0x0000000083900000, 0x0000000083a00000, 0x0000000083a00000|100%| O|  |TAMS 0x0000000083a00000, 0x0000000083900000| Untracked 
|  30|0x0000000083a00000, 0x0000000083b00000, 0x0000000083b00000|100%| O|  |TAMS 0x0000000083b00000, 0x0000000083a00000| Untracked 
|  31|0x0000000083b00000, 0x0000000083c00000, 0x0000000083c00000|100%| O|  |TAMS 0x0000000083c00000, 0x0000000083b00000| Untracked 
|  32|0x0000000083c00000, 0x0000000083d00000, 0x0000000083d00000|100%| O|  |TAMS 0x0000000083d00000, 0x0000000083c00000| Untracked 
|  33|0x0000000083d00000, 0x0000000083e00000, 0x0000000083e00000|100%| O|  |TAMS 0x0000000083e00000, 0x0000000083d00000| Untracked 
|  34|0x0000000083e00000, 0x0000000083f00000, 0x0000000083f00000|100%| O|  |TAMS 0x0000000083f00000, 0x0000000083e00000| Untracked 
|  35|0x0000000083f00000, 0x0000000084000000, 0x0000000084000000|100%| O|  |TAMS 0x0000000084000000, 0x0000000083f00000| Untracked 
|  36|0x0000000084000000, 0x0000000084100000, 0x0000000084100000|100%| O|  |TAMS 0x0000000084100000, 0x0000000084000000| Untracked 
|  37|0x0000000084100000, 0x0000000084200000, 0x0000000084200000|100%| O|  |TAMS 0x0000000084200000, 0x0000000084100000| Untracked 
|  38|0x0000000084200000, 0x0000000084300000, 0x0000000084300000|100%| O|  |TAMS 0x0000000084300000, 0x0000000084200000| Untracked 
|  39|0x0000000084300000, 0x0000000084400000, 0x0000000084400000|100%| O|  |TAMS 0x0000000084400000, 0x0000000084300000| Untracked 
|  40|0x0000000084400000, 0x0000000084500000, 0x0000000084500000|100%| O|  |TAMS 0x0000000084500000, 0x0000000084400000| Untracked 
|  41|0x0000000084500000, 0x0000000084600000, 0x0000000084600000|100%| O|  |TAMS 0x0000000084600000, 0x0000000084500000| Untracked 
|  42|0x0000000084600000, 0x0000000084700000, 0x0000000084700000|100%| O|  |TAMS 0x0000000084700000, 0x0000000084600000| Untracked 
|  43|0x0000000084700000, 0x0000000084800000, 0x0000000084800000|100%| O|  |TAMS 0x0000000084800000, 0x0000000084700000| Untracked 
|  44|0x0000000084800000, 0x0000000084900000, 0x0000000084900000|100%| O|  |TAMS 0x0000000084900000, 0x0000000084800000| Untracked 
|  45|0x0000000084900000, 0x0000000084a00000, 0x0000000084a00000|100%| O|  |TAMS 0x0000000084a00000, 0x0000000084900000| Untracked 
|  46|0x0000000084a00000, 0x0000000084b00000, 0x0000000084b00000|100%| O|  |TAMS 0x0000000084a63400, 0x0000000084a00000| Untracked 
|  47|0x0000000084b00000, 0x0000000084c00000, 0x0000000084c00000|100%| O|  |TAMS 0x0000000084b00000, 0x0000000084b00000| Untracked 
|  48|0x0000000084c00000, 0x0000000084c80000, 0x0000000084d00000| 50%| O|  |TAMS 0x0000000084c00000, 0x0000000084c00000| Untracked 
|  49|0x0000000084d00000, 0x0000000084d00000, 0x0000000084e00000|  0%| F|  |TAMS 0x0000000084d00000, 0x0000000084d00000| Untracked 
|  50|0x0000000084e00000, 0x0000000084e00000, 0x0000000084f00000|  0%| F|  |TAMS 0x0000000084e00000, 0x0000000084e00000| Untracked 
|  51|0x0000000084f00000, 0x0000000084f00000, 0x0000000085000000|  0%| F|  |TAMS 0x0000000084f00000, 0x0000000084f00000| Untracked 
|  52|0x0000000085000000, 0x0000000085000000, 0x0000000085100000|  0%| F|  |TAMS 0x0000000085000000, 0x0000000085000000| Untracked 
|  53|0x0000000085100000, 0x0000000085100000, 0x0000000085200000|  0%| F|  |TAMS 0x0000000085100000, 0x0000000085100000| Untracked 
|  54|0x0000000085200000, 0x0000000085200000, 0x0000000085300000|  0%| F|  |TAMS 0x0000000085200000, 0x0000000085200000| Untracked 
|  55|0x0000000085300000, 0x0000000085300000, 0x0000000085400000|  0%| F|  |TAMS 0x0000000085300000, 0x0000000085300000| Untracked 
|  56|0x0000000085400000, 0x0000000085400000, 0x0000000085500000|  0%| F|  |TAMS 0x0000000085400000, 0x0000000085400000| Untracked 
|  57|0x0000000085500000, 0x0000000085500000, 0x0000000085600000|  0%| F|  |TAMS 0x0000000085500000, 0x0000000085500000| Untracked 
|  58|0x0000000085600000, 0x0000000085600000, 0x0000000085700000|  0%| F|  |TAMS 0x0000000085600000, 0x0000000085600000| Untracked 
|  59|0x0000000085700000, 0x0000000085700000, 0x0000000085800000|  0%| F|  |TAMS 0x0000000085700000, 0x0000000085700000| Untracked 
|  60|0x0000000085800000, 0x0000000085800000, 0x0000000085900000|  0%| F|  |TAMS 0x0000000085800000, 0x0000000085800000| Untracked 
|  61|0x0000000085900000, 0x0000000085900000, 0x0000000085a00000|  0%| F|  |TAMS 0x0000000085900000, 0x0000000085900000| Untracked 
|  62|0x0000000085a00000, 0x0000000085a00000, 0x0000000085b00000|  0%| F|  |TAMS 0x0000000085a00000, 0x0000000085a00000| Untracked 
|  63|0x0000000085b00000, 0x0000000085b00000, 0x0000000085c00000|  0%| F|  |TAMS 0x0000000085b00000, 0x0000000085b00000| Untracked 
|  64|0x0000000085c00000, 0x0000000085c00000, 0x0000000085d00000|  0%| F|  |TAMS 0x0000000085c00000, 0x0000000085c00000| Untracked 
|  65|0x0000000085d00000, 0x0000000085d00000, 0x0000000085e00000|  0%| F|  |TAMS 0x0000000085d00000, 0x0000000085d00000| Untracked 
|  66|0x0000000085e00000, 0x0000000085e00000, 0x0000000085f00000|  0%| F|  |TAMS 0x0000000085e00000, 0x0000000085e00000| Untracked 
|  67|0x0000000085f00000, 0x0000000085f00000, 0x0000000086000000|  0%| F|  |TAMS 0x0000000085f00000, 0x0000000085f00000| Untracked 
|  68|0x0000000086000000, 0x0000000086000000, 0x0000000086100000|  0%| F|  |TAMS 0x0000000086000000, 0x0000000086000000| Untracked 
|  69|0x0000000086100000, 0x0000000086100000, 0x0000000086200000|  0%| F|  |TAMS 0x0000000086100000, 0x0000000086100000| Untracked 
|  70|0x0000000086200000, 0x0000000086200000, 0x0000000086300000|  0%| F|  |TAMS 0x0000000086200000, 0x0000000086200000| Untracked 
|  71|0x0000000086300000, 0x0000000086300000, 0x0000000086400000|  0%| F|  |TAMS 0x0000000086300000, 0x0000000086300000| Untracked 
|  72|0x0000000086400000, 0x0000000086400000, 0x0000000086500000|  0%| F|  |TAMS 0x0000000086400000, 0x0000000086400000| Untracked 
|  73|0x0000000086500000, 0x0000000086500000, 0x0000000086600000|  0%| F|  |TAMS 0x0000000086500000, 0x0000000086500000| Untracked 
|  74|0x0000000086600000, 0x0000000086600000, 0x0000000086700000|  0%| F|  |TAMS 0x0000000086600000, 0x0000000086600000| Untracked 
|  75|0x0000000086700000, 0x0000000086700000, 0x0000000086800000|  0%| F|  |TAMS 0x0000000086700000, 0x0000000086700000| Untracked 
|  76|0x0000000086800000, 0x0000000086800000, 0x0000000086900000|  0%| F|  |TAMS 0x0000000086800000, 0x0000000086800000| Untracked 
|  77|0x0000000086900000, 0x0000000086900000, 0x0000000086a00000|  0%| F|  |TAMS 0x0000000086900000, 0x0000000086900000| Untracked 
|  78|0x0000000086a00000, 0x0000000086a00000, 0x0000000086b00000|  0%| F|  |TAMS 0x0000000086a00000, 0x0000000086a00000| Untracked 
|  79|0x0000000086b00000, 0x0000000086b00000, 0x0000000086c00000|  0%| F|  |TAMS 0x0000000086b00000, 0x0000000086b00000| Untracked 
|  80|0x0000000086c00000, 0x0000000086c00000, 0x0000000086d00000|  0%| F|  |TAMS 0x0000000086c00000, 0x0000000086c00000| Untracked 
|  81|0x0000000086d00000, 0x0000000086d00000, 0x0000000086e00000|  0%| F|  |TAMS 0x0000000086d00000, 0x0000000086d00000| Untracked 
|  82|0x0000000086e00000, 0x0000000086e00000, 0x0000000086f00000|  0%| F|  |TAMS 0x0000000086e00000, 0x0000000086e00000| Untracked 
|  83|0x0000000086f00000, 0x0000000086f00000, 0x0000000087000000|  0%| F|  |TAMS 0x0000000086f00000, 0x0000000086f00000| Untracked 
|  84|0x0000000087000000, 0x0000000087000000, 0x0000000087100000|  0%| F|  |TAMS 0x0000000087000000, 0x0000000087000000| Untracked 
|  85|0x0000000087100000, 0x0000000087200000, 0x0000000087200000|100%| S|CS|TAMS 0x0000000087100000, 0x0000000087100000| Complete 
|  86|0x0000000087200000, 0x0000000087300000, 0x0000000087300000|100%| S|CS|TAMS 0x0000000087200000, 0x0000000087200000| Complete 
|  87|0x0000000087300000, 0x0000000087400000, 0x0000000087400000|100%| S|CS|TAMS 0x0000000087300000, 0x0000000087300000| Complete 
|  88|0x0000000087400000, 0x0000000087500000, 0x0000000087500000|100%| S|CS|TAMS 0x0000000087400000, 0x0000000087400000| Complete 
|  89|0x0000000087500000, 0x0000000087600000, 0x0000000087600000|100%| S|CS|TAMS 0x0000000087500000, 0x0000000087500000| Complete 
|  90|0x0000000087600000, 0x0000000087700000, 0x0000000087700000|100%| S|CS|TAMS 0x0000000087600000, 0x0000000087600000| Complete 
|  91|0x0000000087700000, 0x0000000087800000, 0x0000000087800000|100%| S|CS|TAMS 0x0000000087700000, 0x0000000087700000| Complete 
|  92|0x0000000087800000, 0x0000000087900000, 0x0000000087900000|100%| S|CS|TAMS 0x0000000087800000, 0x0000000087800000| Complete 
|  93|0x0000000087900000, 0x0000000087900000, 0x0000000087a00000|  0%| F|  |TAMS 0x0000000087900000, 0x0000000087900000| Untracked 
|  94|0x0000000087a00000, 0x0000000087a00000, 0x0000000087b00000|  0%| F|  |TAMS 0x0000000087a00000, 0x0000000087a00000| Untracked 
|  95|0x0000000087b00000, 0x0000000087b00000, 0x0000000087c00000|  0%| F|  |TAMS 0x0000000087b00000, 0x0000000087b00000| Untracked 
|  96|0x0000000087c00000, 0x0000000087c00000, 0x0000000087d00000|  0%| F|  |TAMS 0x0000000087c00000, 0x0000000087c00000| Untracked 
|  97|0x0000000087d00000, 0x0000000087d00000, 0x0000000087e00000|  0%| F|  |TAMS 0x0000000087d00000, 0x0000000087d00000| Untracked 
|  98|0x0000000087e00000, 0x0000000087e00000, 0x0000000087f00000|  0%| F|  |TAMS 0x0000000087e00000, 0x0000000087e00000| Untracked 
|  99|0x0000000087f00000, 0x0000000087f00000, 0x0000000088000000|  0%| F|  |TAMS 0x0000000087f00000, 0x0000000087f00000| Untracked 
| 100|0x0000000088000000, 0x0000000088000000, 0x0000000088100000|  0%| F|  |TAMS 0x0000000088000000, 0x0000000088000000| Untracked 
| 101|0x0000000088100000, 0x0000000088100000, 0x0000000088200000|  0%| F|  |TAMS 0x0000000088100000, 0x0000000088100000| Untracked 
| 102|0x0000000088200000, 0x0000000088200000, 0x0000000088300000|  0%| F|  |TAMS 0x0000000088200000, 0x0000000088200000| Untracked 
| 103|0x0000000088300000, 0x0000000088300000, 0x0000000088400000|  0%| F|  |TAMS 0x0000000088300000, 0x0000000088300000| Untracked 
| 104|0x0000000088400000, 0x0000000088400000, 0x0000000088500000|  0%| F|  |TAMS 0x0000000088400000, 0x0000000088400000| Untracked 
| 105|0x0000000088500000, 0x0000000088500000, 0x0000000088600000|  0%| F|  |TAMS 0x0000000088500000, 0x0000000088500000| Untracked 
| 106|0x0000000088600000, 0x0000000088600000, 0x0000000088700000|  0%| F|  |TAMS 0x0000000088600000, 0x0000000088600000| Untracked 
| 107|0x0000000088700000, 0x0000000088700000, 0x0000000088800000|  0%| F|  |TAMS 0x0000000088700000, 0x0000000088700000| Untracked 
| 108|0x0000000088800000, 0x0000000088800000, 0x0000000088900000|  0%| F|  |TAMS 0x0000000088800000, 0x0000000088800000| Untracked 
| 109|0x0000000088900000, 0x0000000088900000, 0x0000000088a00000|  0%| F|  |TAMS 0x0000000088900000, 0x0000000088900000| Untracked 
| 110|0x0000000088a00000, 0x0000000088a00000, 0x0000000088b00000|  0%| F|  |TAMS 0x0000000088a00000, 0x0000000088a00000| Untracked 
| 111|0x0000000088b00000, 0x0000000088b00000, 0x0000000088c00000|  0%| F|  |TAMS 0x0000000088b00000, 0x0000000088b00000| Untracked 
| 112|0x0000000088c00000, 0x0000000088c00000, 0x0000000088d00000|  0%| F|  |TAMS 0x0000000088c00000, 0x0000000088c00000| Untracked 
| 113|0x0000000088d00000, 0x0000000088d00000, 0x0000000088e00000|  0%| F|  |TAMS 0x0000000088d00000, 0x0000000088d00000| Untracked 
| 114|0x0000000088e00000, 0x0000000088e00000, 0x0000000088f00000|  0%| F|  |TAMS 0x0000000088e00000, 0x0000000088e00000| Untracked 
| 115|0x0000000088f00000, 0x0000000088f00000, 0x0000000089000000|  0%| F|  |TAMS 0x0000000088f00000, 0x0000000088f00000| Untracked 
| 116|0x0000000089000000, 0x0000000089000000, 0x0000000089100000|  0%| F|  |TAMS 0x0000000089000000, 0x0000000089000000| Untracked 
| 117|0x0000000089100000, 0x0000000089100000, 0x0000000089200000|  0%| F|  |TAMS 0x0000000089100000, 0x0000000089100000| Untracked 
| 118|0x0000000089200000, 0x0000000089200000, 0x0000000089300000|  0%| F|  |TAMS 0x0000000089200000, 0x0000000089200000| Untracked 
| 119|0x0000000089300000, 0x0000000089300000, 0x0000000089400000|  0%| F|  |TAMS 0x0000000089300000, 0x0000000089300000| Untracked 
| 120|0x0000000089400000, 0x0000000089400000, 0x0000000089500000|  0%| F|  |TAMS 0x0000000089400000, 0x0000000089400000| Untracked 
| 121|0x0000000089500000, 0x0000000089500000, 0x0000000089600000|  0%| F|  |TAMS 0x0000000089500000, 0x0000000089500000| Untracked 
| 122|0x0000000089600000, 0x0000000089600000, 0x0000000089700000|  0%| F|  |TAMS 0x0000000089600000, 0x0000000089600000| Untracked 
| 123|0x0000000089700000, 0x0000000089700000, 0x0000000089800000|  0%| F|  |TAMS 0x0000000089700000, 0x0000000089700000| Untracked 
| 124|0x0000000089800000, 0x0000000089800000, 0x0000000089900000|  0%| F|  |TAMS 0x0000000089800000, 0x0000000089800000| Untracked 
| 125|0x0000000089900000, 0x0000000089900000, 0x0000000089a00000|  0%| F|  |TAMS 0x0000000089900000, 0x0000000089900000| Untracked 
| 126|0x0000000089a00000, 0x0000000089a00000, 0x0000000089b00000|  0%| F|  |TAMS 0x0000000089a00000, 0x0000000089a00000| Untracked 
| 127|0x0000000089b00000, 0x0000000089b00000, 0x0000000089c00000|  0%| F|  |TAMS 0x0000000089b00000, 0x0000000089b00000| Untracked 
| 128|0x0000000089c00000, 0x0000000089c00000, 0x0000000089d00000|  0%| F|  |TAMS 0x0000000089c00000, 0x0000000089c00000| Untracked 
| 129|0x0000000089d00000, 0x0000000089d00000, 0x0000000089e00000|  0%| F|  |TAMS 0x0000000089d00000, 0x0000000089d00000| Untracked 
| 130|0x0000000089e00000, 0x0000000089e00000, 0x0000000089f00000|  0%| F|  |TAMS 0x0000000089e00000, 0x0000000089e00000| Untracked 
| 131|0x0000000089f00000, 0x0000000089f00000, 0x000000008a000000|  0%| F|  |TAMS 0x0000000089f00000, 0x0000000089f00000| Untracked 
| 132|0x000000008a000000, 0x000000008a000000, 0x000000008a100000|  0%| F|  |TAMS 0x000000008a000000, 0x000000008a000000| Untracked 
| 133|0x000000008a100000, 0x000000008a100000, 0x000000008a200000|  0%| F|  |TAMS 0x000000008a100000, 0x000000008a100000| Untracked 
| 134|0x000000008a200000, 0x000000008a200000, 0x000000008a300000|  0%| F|  |TAMS 0x000000008a200000, 0x000000008a200000| Untracked 
| 135|0x000000008a300000, 0x000000008a300000, 0x000000008a400000|  0%| F|  |TAMS 0x000000008a300000, 0x000000008a300000| Untracked 
| 136|0x000000008a400000, 0x000000008a400000, 0x000000008a500000|  0%| F|  |TAMS 0x000000008a400000, 0x000000008a400000| Untracked 
| 137|0x000000008a500000, 0x000000008a500000, 0x000000008a600000|  0%| F|  |TAMS 0x000000008a500000, 0x000000008a500000| Untracked 
| 138|0x000000008a600000, 0x000000008a600000, 0x000000008a700000|  0%| F|  |TAMS 0x000000008a600000, 0x000000008a600000| Untracked 
| 139|0x000000008a700000, 0x000000008a700000, 0x000000008a800000|  0%| F|  |TAMS 0x000000008a700000, 0x000000008a700000| Untracked 
| 140|0x000000008a800000, 0x000000008a800000, 0x000000008a900000|  0%| F|  |TAMS 0x000000008a800000, 0x000000008a800000| Untracked 
| 141|0x000000008a900000, 0x000000008a900000, 0x000000008aa00000|  0%| F|  |TAMS 0x000000008a900000, 0x000000008a900000| Untracked 
| 142|0x000000008aa00000, 0x000000008aa00000, 0x000000008ab00000|  0%| F|  |TAMS 0x000000008aa00000, 0x000000008aa00000| Untracked 
| 143|0x000000008ab00000, 0x000000008ab00000, 0x000000008ac00000|  0%| F|  |TAMS 0x000000008ab00000, 0x000000008ab00000| Untracked 
| 144|0x000000008ac00000, 0x000000008ac00000, 0x000000008ad00000|  0%| F|  |TAMS 0x000000008ac00000, 0x000000008ac00000| Untracked 
| 145|0x000000008ad00000, 0x000000008ad00000, 0x000000008ae00000|  0%| F|  |TAMS 0x000000008ad00000, 0x000000008ad00000| Untracked 
| 146|0x000000008ae00000, 0x000000008ae00000, 0x000000008af00000|  0%| F|  |TAMS 0x000000008ae00000, 0x000000008ae00000| Untracked 
| 147|0x000000008af00000, 0x000000008af00000, 0x000000008b000000|  0%| F|  |TAMS 0x000000008af00000, 0x000000008af00000| Untracked 
| 148|0x000000008b000000, 0x000000008b000000, 0x000000008b100000|  0%| F|  |TAMS 0x000000008b000000, 0x000000008b000000| Untracked 
| 149|0x000000008b100000, 0x000000008b180800, 0x000000008b200000| 50%| E|  |TAMS 0x000000008b100000, 0x000000008b100000| Complete 
| 150|0x000000008b200000, 0x000000008b300000, 0x000000008b300000|100%| E|CS|TAMS 0x000000008b200000, 0x000000008b200000| Complete 
| 151|0x000000008b300000, 0x000000008b400000, 0x000000008b400000|100%| E|CS|TAMS 0x000000008b300000, 0x000000008b300000| Complete 
| 152|0x000000008b400000, 0x000000008b500000, 0x000000008b500000|100%| E|CS|TAMS 0x000000008b400000, 0x000000008b400000| Complete 
| 153|0x000000008b500000, 0x000000008b600000, 0x000000008b600000|100%| E|CS|TAMS 0x000000008b500000, 0x000000008b500000| Complete 

Card table byte_map: [0x000001da65ab0000,0x000001da65eb0000] _byte_map_base: 0x000001da656a2000

Marking Bits (Prev, Next): (CMBitMap*) 0x000001da52bccd30, (CMBitMap*) 0x000001da52bcccf8
 Prev Bits: [0x000001da68240000, 0x000001da6a1d0000)
 Next Bits: [0x000001da662b0000, 0x000001da68240000)

Polling page: 0x000001da50b50000

Metaspace:

Usage:
  Non-class:     59.80 MB capacity,    59.30 MB (>99%) used,   404.88 KB ( <1%) free+waste,   110.31 KB ( <1%) overhead. 
      Class:      7.66 MB capacity,     7.32 MB ( 96%) used,   294.57 KB (  4%) free+waste,    48.50 KB ( <1%) overhead. 
       Both:     67.46 MB capacity,    66.62 MB ( 99%) used,   699.45 KB (  1%) free+waste,   158.81 KB ( <1%) overhead. 

Virtual space:
  Non-class space:       60.00 MB reserved,      60.00 MB (100%) committed 
      Class space:        1.00 GB reserved,       7.75 MB ( <1%) committed 
             Both:        1.06 GB reserved,      67.75 MB (  6%) committed 

Chunk freelists:
   Non-Class:  9.00 KB
       Class:  0 bytes
        Both:  9.00 KB

MaxMetaspaceSize: 17179869184.00 GB
CompressedClassSpaceSize: 1.00 GB
Initial GC threshold: 20.80 MB
Current GC threshold: 98.34 MB
CDS: off

CodeHeap 'non-profiled nmethods': size=120064Kb used=4208Kb max_used=4208Kb free=115855Kb
 bounds [0x000001da5e170000, 0x000001da5e590000, 0x000001da656b0000]
CodeHeap 'profiled nmethods': size=120000Kb used=25265Kb max_used=25265Kb free=94734Kb
 bounds [0x000001da56c40000, 0x000001da584f0000, 0x000001da5e170000]
CodeHeap 'non-nmethods': size=5696Kb used=1359Kb max_used=1383Kb free=4336Kb
 bounds [0x000001da566b0000, 0x000001da56920000, 0x000001da56c40000]
 total_blobs=9463 nmethods=8801 adapters=571
 compilation: enabled
              stopped_count=0, restarted_count=0
 full_count=0

Compilation events (20 events):
Event: 14.649 Thread 0x000001da6c6f4800 8829       3       org.jetbrains.kotlin.load.java.lazy.descriptors.LazyJavaStaticClassScope::computeNonDeclaredProperties (437 bytes)
Event: 14.655 Thread 0x000001da6c6f4800 nmethod 8829 0x000001da584dd110 code [0x000001da584dd7c0, 0x000001da584e1438]
Event: 14.655 Thread 0x000001da6c6f4800 8830       3       org.jetbrains.kotlin.descriptors.impl.VariableDescriptorWithInitializerImpl::setCompileTimeInitializer (78 bytes)
Event: 14.656 Thread 0x000001da6c6f4800 nmethod 8830 0x000001da584e2910 code [0x000001da584e2b00, 0x000001da584e2f78]
Event: 14.661 Thread 0x000001da6c6f4800 8832       3       org.jetbrains.kotlin.descriptors.impl.PropertyDescriptorImpl::copy (43 bytes)
Event: 14.662 Thread 0x000001da6c6f4800 nmethod 8832 0x000001da584e3090 code [0x000001da584e3300, 0x000001da584e3d68]
Event: 14.664 Thread 0x000001da6c6f4800 8833       3       org.jetbrains.kotlin.descriptors.impl.PropertyDescriptorImpl::getAccessors (56 bytes)
Event: 14.665 Thread 0x000001da6c6f4800 nmethod 8833 0x000001da584e4090 code [0x000001da584e4320, 0x000001da584e5068]
Event: 14.673 Thread 0x000001da6c6f4800 8835       1       org.jetbrains.kotlin.load.java.structure.impl.classFiles.BinaryJavaField::getInitializerValue (5 bytes)
Event: 14.673 Thread 0x000001da6c6f4800 nmethod 8835 0x000001da5e58bc10 code [0x000001da5e58bdc0, 0x000001da5e58be78]
Event: 14.675 Thread 0x000001da6c6f4800 8836       3       org.jetbrains.kotlin.builtins.UnsignedTypes::isUnsignedClass (61 bytes)
Event: 14.676 Thread 0x000001da6c6f4800 nmethod 8836 0x000001da584e5590 code [0x000001da584e5840, 0x000001da584e6588]
Event: 14.686 Thread 0x000001da6c6f4800 8837       3       org.jetbrains.kotlin.types.TypeUtils::makeNotNullable (14 bytes)
Event: 14.687 Thread 0x000001da6c6f4800 nmethod 8837 0x000001da584e6990 code [0x000001da584e6ba0, 0x000001da584e6fa8]
Event: 14.690 Thread 0x000001da6c6f4800 8838       1       org.jetbrains.kotlin.load.java.lazy.descriptors.LazyJavaStaticScope::getDispatchReceiverParameter (2 bytes)
Event: 14.690 Thread 0x000001da6c6f4800 nmethod 8838 0x000001da5e58bf10 code [0x000001da5e58c0c0, 0x000001da5e58c178]
Event: 14.694 Thread 0x000001da6c6f4800 8839       3       org.jetbrains.kotlin.load.java.lazy.descriptors.LazyJavaScope::resolveProperty (92 bytes)
Event: 14.695 Thread 0x000001da6c6f4800 nmethod 8839 0x000001da584e7110 code [0x000001da584e73a0, 0x000001da584e7f78]
Event: 14.706 Thread 0x000001da6c6f4800 8840       3       org.jetbrains.kotlin.serialization.deserialization.descriptors.DeserializedClassDescriptor::getStaticScope (8 bytes)
Event: 14.706 Thread 0x000001da6c6f4800 nmethod 8840 0x000001da584e8310 code [0x000001da584e84c0, 0x000001da584e85d8]

GC Heap History (18 events):
Event: 0.632 GC heap before
{Heap before GC invocations=0 (full 0):
 garbage-first heap   total 131072K, used 18432K [0x0000000081c00000, 0x0000000100000000)
  region size 1024K, 14 young (14336K), 0 survivors (0K)
 Metaspace       used 9513K, capacity 9615K, committed 9856K, reserved 1058816K
  class space    used 788K, capacity 820K, committed 896K, reserved 1048576K
}
Event: 0.636 GC heap after
{Heap after GC invocations=1 (full 0):
 garbage-first heap   total 131072K, used 6623K [0x0000000081c00000, 0x0000000100000000)
  region size 1024K, 2 young (2048K), 2 survivors (2048K)
 Metaspace       used 9513K, capacity 9615K, committed 9856K, reserved 1058816K
  class space    used 788K, capacity 820K, committed 896K, reserved 1048576K
}
Event: 2.151 GC heap before
{Heap before GC invocations=1 (full 0):
 garbage-first heap   total 131072K, used 55775K [0x0000000081c00000, 0x0000000100000000)
  region size 1024K, 51 young (52224K), 2 survivors (2048K)
 Metaspace       used 21014K, capacity 21189K, committed 21248K, reserved 1069056K
  class space    used 2214K, capacity 2301K, committed 2304K, reserved 1048576K
}
Event: 2.173 GC heap after
{Heap after GC invocations=2 (full 0):
 garbage-first heap   total 131072K, used 10888K [0x0000000081c00000, 0x0000000100000000)
  region size 1024K, 7 young (7168K), 7 survivors (7168K)
 Metaspace       used 21014K, capacity 21189K, committed 21248K, reserved 1069056K
  class space    used 2214K, capacity 2301K, committed 2304K, reserved 1048576K
}
Event: 3.800 GC heap before
{Heap before GC invocations=3 (full 0):
 garbage-first heap   total 131072K, used 67208K [0x0000000081c00000, 0x0000000100000000)
  region size 1024K, 56 young (57344K), 7 survivors (7168K)
 Metaspace       used 32704K, capacity 33175K, committed 33280K, reserved 1079296K
  class space    used 4049K, capacity 4251K, committed 4352K, reserved 1048576K
}
Event: 3.829 GC heap after
{Heap after GC invocations=4 (full 0):
 garbage-first heap   total 131072K, used 23881K [0x0000000081c00000, 0x0000000100000000)
  region size 1024K, 7 young (7168K), 7 survivors (7168K)
 Metaspace       used 32704K, capacity 33175K, committed 33280K, reserved 1079296K
  class space    used 4049K, capacity 4251K, committed 4352K, reserved 1048576K
}
Event: 4.092 GC heap before
{Heap before GC invocations=4 (full 0):
 garbage-first heap   total 131072K, used 35145K [0x0000000081c00000, 0x0000000100000000)
  region size 1024K, 19 young (19456K), 7 survivors (7168K)
 Metaspace       used 35304K, capacity 35767K, committed 35840K, reserved 1081344K
  class space    used 4331K, capacity 4539K, committed 4608K, reserved 1048576K
}
Event: 4.111 GC heap after
{Heap after GC invocations=5 (full 0):
 garbage-first heap   total 131072K, used 25610K [0x0000000081c00000, 0x0000000100000000)
  region size 1024K, 2 young (2048K), 2 survivors (2048K)
 Metaspace       used 35304K, capacity 35767K, committed 35840K, reserved 1081344K
  class space    used 4331K, capacity 4539K, committed 4608K, reserved 1048576K
}
Event: 5.846 GC heap before
{Heap before GC invocations=6 (full 0):
 garbage-first heap   total 131072K, used 80906K [0x0000000081c00000, 0x0000000100000000)
  region size 1024K, 56 young (57344K), 2 survivors (2048K)
 Metaspace       used 46708K, capacity 47315K, committed 47488K, reserved 1091584K
  class space    used 5484K, capacity 5715K, committed 5760K, reserved 1048576K
}
Event: 5.860 GC heap after
{Heap after GC invocations=7 (full 0):
 garbage-first heap   total 131072K, used 28199K [0x0000000081c00000, 0x0000000100000000)
  region size 1024K, 7 young (7168K), 7 survivors (7168K)
 Metaspace       used 46708K, capacity 47315K, committed 47488K, reserved 1091584K
  class space    used 5484K, capacity 5715K, committed 5760K, reserved 1048576K
}
Event: 7.498 GC heap before
{Heap before GC invocations=7 (full 0):
 garbage-first heap   total 131072K, used 88615K [0x0000000081c00000, 0x0000000100000000)
  region size 1024K, 63 young (64512K), 7 survivors (7168K)
 Metaspace       used 52575K, capacity 53250K, committed 53504K, reserved 1095680K
  class space    used 6119K, capacity 6400K, committed 6400K, reserved 1048576K
}
Event: 7.525 GC heap after
{Heap after GC invocations=8 (full 0):
 garbage-first heap   total 157696K, used 37147K [0x0000000081c00000, 0x0000000100000000)
  region size 1024K, 7 young (7168K), 7 survivors (7168K)
 Metaspace       used 52575K, capacity 53250K, committed 53504K, reserved 1095680K
  class space    used 6119K, capacity 6400K, committed 6400K, reserved 1048576K
}
Event: 10.066 GC heap before
{Heap before GC invocations=8 (full 0):
 garbage-first heap   total 157696K, used 111899K [0x0000000081c00000, 0x0000000100000000)
  region size 1024K, 80 young (81920K), 7 survivors (7168K)
 Metaspace       used 57302K, capacity 58000K, committed 58368K, reserved 1101824K
  class space    used 6505K, capacity 6789K, committed 6912K, reserved 1048576K
}
Event: 10.107 GC heap after
{Heap after GC invocations=9 (full 0):
 garbage-first heap   total 157696K, used 47104K [0x0000000081c00000, 0x0000000100000000)
  region size 1024K, 10 young (10240K), 10 survivors (10240K)
 Metaspace       used 57302K, capacity 58000K, committed 58368K, reserved 1101824K
  class space    used 6505K, capacity 6789K, committed 6912K, reserved 1048576K
}
Event: 11.175 GC heap before
{Heap before GC invocations=9 (full 0):
 garbage-first heap   total 157696K, used 95232K [0x0000000081c00000, 0x0000000100000000)
  region size 1024K, 58 young (59392K), 10 survivors (10240K)
 Metaspace       used 59420K, capacity 60090K, committed 60160K, reserved 1101824K
  class space    used 6749K, capacity 7037K, committed 7040K, reserved 1048576K
}
Event: 11.209 GC heap after
{Heap after GC invocations=10 (full 0):
 garbage-first heap   total 157696K, used 51085K [0x0000000081c00000, 0x0000000100000000)
  region size 1024K, 4 young (4096K), 4 survivors (4096K)
 Metaspace       used 59420K, capacity 60090K, committed 60160K, reserved 1101824K
  class space    used 6749K, capacity 7037K, committed 7040K, reserved 1048576K
}
Event: 14.539 GC heap before
{Heap before GC invocations=11 (full 0):
 garbage-first heap   total 157696K, used 109453K [0x0000000081c00000, 0x0000000100000000)
  region size 1024K, 61 young (62464K), 4 survivors (4096K)
 Metaspace       used 68181K, capacity 69015K, committed 69120K, reserved 1110016K
  class space    used 7496K, capacity 7840K, committed 7936K, reserved 1048576K
}
Event: 14.564 GC heap after
{Heap after GC invocations=12 (full 0):
 garbage-first heap   total 157696K, used 57856K [0x0000000081c00000, 0x0000000100000000)
  region size 1024K, 8 young (8192K), 8 survivors (8192K)
 Metaspace       used 68181K, capacity 69015K, committed 69120K, reserved 1110016K
  class space    used 7496K, capacity 7840K, committed 7936K, reserved 1048576K
}

Deoptimization events (20 events):
Event: 13.926 Thread 0x000001da509be000 Uncommon trap: trap_request=0xffffffc6 fr.pc=0x000001da5e40a6f0 relative=0x00000000000004d0
Event: 13.926 Thread 0x000001da509be000 Uncommon trap: reason=bimorphic_or_optimized_type_check action=maybe_recompile pc=0x000001da5e40a6f0 method=org.jetbrains.kotlin.types.TypeConstructorSubstitution$Companion$createByConstructorsMap$1.isEmpty()Z @ 4 c2
Event: 13.926 Thread 0x000001da509be000 DEOPT PACKING pc=0x000001da5e40a6f0 sp=0x000000ceeaffd5f0
Event: 13.926 Thread 0x000001da509be000 DEOPT UNPACKING pc=0x000001da566fa1af sp=0x000000ceeaffd428 mode 2
Event: 13.929 Thread 0x000001da509be000 Uncommon trap: trap_request=0xffffffc6 fr.pc=0x000001da5e4b9bc0 relative=0x0000000000000800
Event: 13.929 Thread 0x000001da509be000 Uncommon trap: reason=bimorphic_or_optimized_type_check action=maybe_recompile pc=0x000001da5e4b9bc0 method=org.jetbrains.kotlin.storage.LockBasedStorageManager$LockBasedLazyValue.invoke()Ljava/lang/Object; @ 24 c2
Event: 13.929 Thread 0x000001da509be000 DEOPT PACKING pc=0x000001da5e4b9bc0 sp=0x000000ceeaffe360
Event: 13.929 Thread 0x000001da509be000 DEOPT UNPACKING pc=0x000001da566fa1af sp=0x000000ceeaffe318 mode 2
Event: 13.929 Thread 0x000001da509be000 Uncommon trap: trap_request=0xffffffc6 fr.pc=0x000001da5e4b9bc0 relative=0x0000000000000800
Event: 13.929 Thread 0x000001da509be000 Uncommon trap: reason=bimorphic_or_optimized_type_check action=maybe_recompile pc=0x000001da5e4b9bc0 method=org.jetbrains.kotlin.storage.LockBasedStorageManager$LockBasedLazyValue.invoke()Ljava/lang/Object; @ 24 c2
Event: 13.929 Thread 0x000001da509be000 DEOPT PACKING pc=0x000001da5e4b9bc0 sp=0x000000ceeaffdf90
Event: 13.929 Thread 0x000001da509be000 DEOPT UNPACKING pc=0x000001da566fa1af sp=0x000000ceeaffdf48 mode 2
Event: 13.936 Thread 0x000001da509be000 Uncommon trap: trap_request=0xffffffc6 fr.pc=0x000001da5e3e50a8 relative=0x0000000000000088
Event: 13.936 Thread 0x000001da509be000 Uncommon trap: reason=bimorphic_or_optimized_type_check action=maybe_recompile pc=0x000001da5e3e50a8 method=org.jetbrains.kotlin.types.TypeConstructorSubstitution$Companion$createByConstructorsMap$1.isEmpty()Z @ 4 c2
Event: 13.936 Thread 0x000001da509be000 DEOPT PACKING pc=0x000001da5e3e50a8 sp=0x000000ceeaffd560
Event: 13.936 Thread 0x000001da509be000 DEOPT UNPACKING pc=0x000001da566fa1af sp=0x000000ceeaffd4e8 mode 2
Event: 14.175 Thread 0x000001da509be000 Uncommon trap: trap_request=0xffffffcc fr.pc=0x000001da5e571f4c relative=0x000000000000028c
Event: 14.175 Thread 0x000001da509be000 Uncommon trap: reason=intrinsic_or_type_checked_inlining action=make_not_entrant pc=0x000001da5e571f4c method=java.util.ArrayList.toArray([Ljava/lang/Object;)[Ljava/lang/Object; @ 36 c2
Event: 14.175 Thread 0x000001da509be000 DEOPT PACKING pc=0x000001da5e571f4c sp=0x000000ceeaffcf30
Event: 14.175 Thread 0x000001da509be000 DEOPT UNPACKING pc=0x000001da566fa1af sp=0x000000ceeaffced0 mode 2

Classes redefined (0 events):
No events

Internal exceptions (20 events):
Event: 10.338 Thread 0x000001da509be000 Implicit null exception at 0x000001da5e38298d to 0x000001da5e382c64
Event: 10.556 Thread 0x000001da509be000 Implicit null exception at 0x000001da5e2b64cc to 0x000001da5e2b65a8
Event: 10.736 Thread 0x000001da509be000 Implicit null exception at 0x000001da5e1d72de to 0x000001da5e1d7a4a
Event: 10.751 Thread 0x000001da509be000 Exception <a 'java/lang/NoSuchMethodError'{0x0000000088cdfa48}: 'int java.lang.invoke.DirectMethodHandle$Holder.invokeStaticInit(java.lang.Object, int)'> (0x0000000088cdfa48) thrown at [./src/hotspot/share/interpreter/linkResolver.cpp, line 773]
Event: 11.049 Thread 0x000001da509be000 Exception <a 'java/lang/NoSuchMethodError'{0x000000008871fd28}: 'java.lang.Object java.lang.invoke.DirectMethodHandle$Holder.invokeInterface(java.lang.Object, java.lang.Object, java.lang.Object)'> (0x000000008871fd28) thrown at [./src/hotspot/share/interpreter/linkResolver.cpp, line 773]
Event: 11.049 Thread 0x000001da509be000 Exception <a 'java/lang/IncompatibleClassChangeError'{0x0000000088722f58}: Found class java.lang.Object, but interface was expected> (0x0000000088722f58) thrown at [./src/hotspot/share/interpreter/linkResolver.cpp, line 839]
Event: 12.627 Thread 0x000001da509be000 Exception <a 'java/lang/NoSuchMethodError'{0x000000008a345fc0}: 'java.lang.Object java.lang.invoke.Invokers$Holder.linkToTargetMethod(java.lang.Object, java.lang.Object, java.lang.Object, java.lang.Object, java.lang.Object, java.lang.Object, java.lang.Object)'> (0x000000008a345fc0) thrown at [./src/hotspot/share/interpreter/linkResolver.cpp, line 773]
Event: 12.910 Thread 0x000001da509be000 Implicit null exception at 0x000001da5e1d27f5 to 0x000001da5e1d29b4
Event: 13.531 Thread 0x000001da509be000 Implicit null exception at 0x000001da5e3ea97b to 0x000001da5e3eac20
Event: 13.726 Thread 0x000001da509be000 Exception <a 'java/lang/NoSuchMethodError'{0x0000000089262b00}: 'java.lang.Object java.lang.invoke.DirectMethodHandle$Holder.invokeStaticInit(java.lang.Object, java.lang.Object, java.lang.Object, java.lang.Object)'> (0x0000000089262b00) thrown at [./src/hotspot/share/interpreter/linkResolver.cpp, line 773]
Event: 14.005 Thread 0x000001da509be000 Exception <a 'java/lang/NoSuchMethodError'{0x0000000088713ee8}: 'int java.lang.invoke.DirectMethodHandle$Holder.invokeStaticInit(java.lang.Object, java.lang.Object, java.lang.Object, java.lang.Object)'> (0x0000000088713ee8) thrown at [./src/hotspot/share/interpreter/linkResolver.cpp, line 773]
Event: 14.063 Thread 0x000001da509be000 Exception <a 'java/lang/NoSuchMethodError'{0x000000008818aa20}: 'java.lang.Object java.lang.invoke.DirectMethodHandle$Holder.invokeStatic(java.lang.Object, java.lang.Object, java.lang.Object, int, int, java.lang.Object, java.lang.Object, java.lang.Object)'> (0x000000008818aa20) thrown at [./src/hotspot/share/interpreter/linkResolver.cpp, line 773]
Event: 14.064 Thread 0x000001da509be000 Exception <a 'java/lang/NoSuchMethodError'{0x00000000881a2708}: 'java.lang.Object java.lang.invoke.DirectMethodHandle$Holder.invokeStatic(java.lang.Object, java.lang.Object, java.lang.Object, int, int)'> (0x00000000881a2708) thrown at [./src/hotspot/share/interpreter/linkResolver.cpp, line 773]
Event: 14.064 Thread 0x000001da509be000 Exception <a 'java/lang/NoSuchMethodError'{0x00000000881a5ee8}: 'java.lang.Object java.lang.invoke.DirectMethodHandle$Holder.invokeSpecial(java.lang.Object, java.lang.Object, java.lang.Object, java.lang.Object, int, int)'> (0x00000000881a5ee8) thrown at [./src/hotspot/share/interpreter/linkResolver.cpp, line 773]
Event: 14.064 Thread 0x000001da509be000 Exception <a 'java/lang/NoSuchMethodError'{0x00000000881a8ff0}: 'java.lang.Object java.lang.invoke.Invokers$Holder.linkToTargetMethod(java.lang.Object, java.lang.Object, int, int, java.lang.Object)'> (0x00000000881a8ff0) thrown at [./src/hotspot/share/interpreter/linkResolver.cpp, line 773]
Event: 14.079 Thread 0x000001da509be000 Exception <a 'java/lang/NoSuchMethodError'{0x000000008803fb70}: 'java.lang.Object java.lang.invoke.DirectMethodHandle$Holder.invokeStatic(java.lang.Object, java.lang.Object, java.lang.Object, int, int, java.lang.Object, java.lang.Object)'> (0x000000008803fb70) thrown at [./src/hotspot/share/interpreter/linkResolver.cpp, line 773]
Event: 14.080 Thread 0x000001da509be000 Exception <a 'java/lang/NoSuchMethodError'{0x0000000088043a30}: 'java.lang.Object java.lang.invoke.DirectMethodHandle$Holder.invokeSpecial(java.lang.Object, java.lang.Object, java.lang.Object, java.lang.Object, int, int, java.lang.Object, java.lang.Object)'> (0x0000000088043a30) thrown at [./src/hotspot/share/interpreter/linkResolver.cpp, line 773]
Event: 14.080 Thread 0x000001da509be000 Exception <a 'java/lang/NoSuchMethodError'{0x00000000880470e8}: 'java.lang.Object java.lang.invoke.Invokers$Holder.linkToTargetMethod(java.lang.Object, java.lang.Object, int, int, java.lang.Object, java.lang.Object, java.lang.Object)'> (0x00000000880470e8) thrown at [./src/hotspot/share/interpreter/linkResolver.cpp, line 773]
Event: 14.238 Thread 0x000001da509be000 Exception <a 'java/lang/NoSuchMethodError'{0x0000000087deb4e8}: 'java.lang.Object java.lang.invoke.DirectMethodHandle$Holder.invokeStatic(java.lang.Object, java.lang.Object, java.lang.Object, int, int, java.lang.Object, java.lang.Object, java.lang.Object, java.lang.Object)'> (0x0000000087deb4e8) thrown at [./src/hotspot/share/interpreter/linkResolver.cpp, line 773]
Event: 14.239 Thread 0x000001da509be000 Exception <a 'java/lang/NoSuchMethodError'{0x0000000087df32e0}: 'java.lang.Object java.lang.invoke.Invokers$Holder.linkToTargetMethod(java.lang.Object, java.lang.Object, int, int, java.lang.Object, java.lang.Object, java.lang.Object, java.lang.Object, java.lang.Object)'> (0x0000000087df32e0) thrown at [./src/hotspot/share/interpreter/linkResolver.cpp, line 773]

Events (20 events):
Event: 14.394 loading class org/jetbrains/kotlin/ir/expressions/IrWhen
Event: 14.394 loading class org/jetbrains/kotlin/ir/expressions/IrWhen done
Event: 14.395 loading class org/jetbrains/kotlin/ir/expressions/impl/IrBranchImpl
Event: 14.395 loading class org/jetbrains/kotlin/ir/expressions/impl/IrBranchImpl done
Event: 14.395 loading class org/jetbrains/kotlin/ir/expressions/IrBranch
Event: 14.395 loading class org/jetbrains/kotlin/ir/expressions/IrBranch done
Event: 14.396 loading class org/jetbrains/kotlin/ir/declarations/IrDeclarationOrigin$IR_TEMPORARY_VARIABLE
Event: 14.396 loading class org/jetbrains/kotlin/ir/declarations/IrDeclarationOrigin$IR_TEMPORARY_VARIABLE done
Event: 14.399 loading class org/jetbrains/kotlin/psi2ir/generators/SyntheticDeclarationsGenerator$visitFunctionDescriptor$1
Event: 14.399 loading class org/jetbrains/kotlin/psi2ir/generators/SyntheticDeclarationsGenerator$visitFunctionDescriptor$1 done
Event: 14.400 loading class org/jetbrains/kotlin/psi2ir/generators/StandaloneDeclarationGenerator$generateScopedTypeParameterDeclarations$1
Event: 14.400 loading class org/jetbrains/kotlin/psi2ir/generators/StandaloneDeclarationGenerator$generateScopedTypeParameterDeclarations$1 done
Event: 14.412 loading class org/jetbrains/kotlin/ir/descriptors/IrBasedVariableDescriptor
Event: 14.412 loading class org/jetbrains/kotlin/ir/descriptors/IrBasedVariableDescriptor done
Event: 14.458 loading class org/jetbrains/kotlin/ir/types/impl/IrStarProjectionImpl
Event: 14.458 loading class org/jetbrains/kotlin/ir/types/impl/IrStarProjectionImpl done
Event: 14.459 loading class org/jetbrains/kotlin/ir/types/IrStarProjection
Event: 14.459 loading class org/jetbrains/kotlin/ir/types/IrStarProjection done
Event: 14.539 Executing VM operation: G1CollectForAllocation
Event: 14.564 Executing VM operation: G1CollectForAllocation done


Dynamic libraries:
0x00007ff612a10000 - 0x00007ff612a1a000 	C:\Program Files\Android\Android Studio\jre\bin\java.exe
0x00007ff85a720000 - 0x00007ff85a929000 	C:\Windows\SYSTEM32\ntdll.dll
0x00007ff85a330000 - 0x00007ff85a3ee000 	C:\Windows\System32\KERNEL32.DLL
0x00007ff857ff0000 - 0x00007ff85836b000 	C:\Windows\System32\KERNELBASE.dll
0x00007ff857c60000 - 0x00007ff857d71000 	C:\Windows\System32\ucrtbase.dll
0x00007ff8488d0000 - 0x00007ff8488e7000 	C:\Program Files\Android\Android Studio\jre\bin\VCRUNTIME140.dll
0x00007ff845a00000 - 0x00007ff845a19000 	C:\Program Files\Android\Android Studio\jre\bin\jli.dll
0x00007ff842350000 - 0x00007ff8425f5000 	C:\Windows\WinSxS\amd64_microsoft.windows.common-controls_6595b64144ccf1df_6.0.22000.120_none_9d947278b86cc467\COMCTL32.dll
0x00007ff85a530000 - 0x00007ff85a6dd000 	C:\Windows\System32\USER32.dll
0x00007ff85a480000 - 0x00007ff85a523000 	C:\Windows\System32\msvcrt.dll
0x00007ff857fc0000 - 0x00007ff857fe6000 	C:\Windows\System32\win32u.dll
0x00007ff858da0000 - 0x00007ff858dc9000 	C:\Windows\System32\GDI32.dll
0x00007ff857d80000 - 0x00007ff857e98000 	C:\Windows\System32\gdi32full.dll
0x00007ff857f20000 - 0x00007ff857fbd000 	C:\Windows\System32\msvcp_win.dll
0x00007ff85a0b0000 - 0x00007ff85a0e2000 	C:\Windows\System32\IMM32.DLL
0x00007ff82c560000 - 0x00007ff82c5fd000 	C:\Program Files\Android\Android Studio\jre\bin\msvcp140.dll
0x00007ff81b010000 - 0x00007ff81bb12000 	C:\Program Files\Android\Android Studio\jre\bin\server\jvm.dll
0x00007ff85a000000 - 0x00007ff85a0ae000 	C:\Windows\System32\ADVAPI32.dll
0x00007ff858850000 - 0x00007ff8588ee000 	C:\Windows\System32\sechost.dll
0x00007ff858c80000 - 0x00007ff858da0000 	C:\Windows\System32\RPCRT4.dll
0x00007ff858690000 - 0x00007ff858698000 	C:\Windows\System32\PSAPI.DLL
0x00007ff8501d0000 - 0x00007ff850203000 	C:\Windows\SYSTEM32\WINMM.dll
0x00007ff853d70000 - 0x00007ff853d79000 	C:\Windows\SYSTEM32\WSOCK32.dll
0x00007ff8597a0000 - 0x00007ff85980f000 	C:\Windows\System32\WS2_32.dll
0x00007ff84ac80000 - 0x00007ff84ac8a000 	C:\Windows\SYSTEM32\VERSION.dll
0x00007ff856d60000 - 0x00007ff856d78000 	C:\Windows\SYSTEM32\kernel.appcore.dll
0x00007ff849e40000 - 0x00007ff849e51000 	C:\Program Files\Android\Android Studio\jre\bin\verify.dll
0x00007ff855770000 - 0x00007ff855991000 	C:\Windows\SYSTEM32\DBGHELP.DLL
0x00007ff848f30000 - 0x00007ff848f61000 	C:\Windows\SYSTEM32\dbgcore.DLL
0x00007ff857ea0000 - 0x00007ff857f1f000 	C:\Windows\System32\bcryptPrimitives.dll
0x00007ff848f00000 - 0x00007ff848f29000 	C:\Program Files\Android\Android Studio\jre\bin\java.dll
0x00007ff851c40000 - 0x00007ff851c4b000 	C:\Program Files\Android\Android Studio\jre\bin\jimage.dll
0x00007ff8497a0000 - 0x00007ff8497b8000 	C:\Program Files\Android\Android Studio\jre\bin\zip.dll
0x00007ff858dd0000 - 0x00007ff859587000 	C:\Windows\System32\SHELL32.dll
0x00007ff855c20000 - 0x00007ff856485000 	C:\Windows\SYSTEM32\windows.storage.dll
0x00007ff858900000 - 0x00007ff858c78000 	C:\Windows\System32\combase.dll
0x00007ff8559a0000 - 0x00007ff855b06000 	C:\Windows\SYSTEM32\wintypes.dll
0x00007ff858760000 - 0x00007ff85884a000 	C:\Windows\System32\SHCORE.dll
0x00007ff859810000 - 0x00007ff85986d000 	C:\Windows\System32\shlwapi.dll
0x00007ff857b20000 - 0x00007ff857b41000 	C:\Windows\SYSTEM32\profapi.dll
0x00007ff848d30000 - 0x00007ff848d4a000 	C:\Program Files\Android\Android Studio\jre\bin\net.dll
0x00007ff84fbc0000 - 0x00007ff84fcd4000 	C:\Windows\SYSTEM32\WINHTTP.dll
0x00007ff857200000 - 0x00007ff857267000 	C:\Windows\system32\mswsock.dll
0x00007ff848d10000 - 0x00007ff848d24000 	C:\Program Files\Android\Android Studio\jre\bin\nio.dll

dbghelp: loaded successfully - version: 4.0.5 - missing functions: none
symbol engine: initialized successfully - sym options: 0x614 - pdb path: .;C:\Program Files\Android\Android Studio\jre\bin;C:\Windows\SYSTEM32;C:\Windows\WinSxS\amd64_microsoft.windows.common-controls_6595b64144ccf1df_6.0.22000.120_none_9d947278b86cc467;C:\Program Files\Android\Android Studio\jre\bin\server

VM Arguments:
java_command: org.jetbrains.kotlin.cli.jvm.K2JVMCompiler @D:\SETIK\findbarber\app\build\20230107_14878489409954676205.compiler.options
java_class_path (initial): C:\Users\Administrator\.gradle\caches\modules-2\files-2.1\org.jetbrains.kotlin\kotlin-compiler-embeddable\1.7.20\8db18559a581dd2c36ddfd5046af145650f5b126\kotlin-compiler-embeddable-1.7.20.jar;C:\Users\Administrator\.gradle\caches\modules-2\files-2.1\org.jetbrains.kotlin\kotlin-reflect\1.7.20\12b2501e33bb6373e8e347c86d85481863629381\kotlin-reflect-1.7.20.jar;C:\Users\Administrator\.gradle\caches\modules-2\files-2.1\org.jetbrains.kotlin\kotlin-stdlib\1.7.20\726594ea9ba2beb2ee113647fefa9a10f9fabe52\kotlin-stdlib-1.7.20.jar;C:\Users\Administrator\.gradle\caches\modules-2\files-2.1\org.jetbrains.kotlin\kotlin-script-runtime\1.7.20\bcd1cc6f865e632550357fcc59f5ffd532615a8\kotlin-script-runtime-1.7.20.jar;C:\Users\Administrator\.gradle\caches\modules-2\files-2.1\org.jetbrains.kotlin\kotlin-daemon-embeddable\1.7.20\1e24355adad8d529d75d5b19eab55484057431ba\kotlin-daemon-embeddable-1.7.20.jar;C:\Users\Administrator\.gradle\caches\modules-2\files-2.1\org.jetbrains.intellij.deps\trove4j\1.0.20200330\3afb14d5f9ceb459d724e907a21145e8ff394f02\trove4j-1.0.20200330.jar;C:\Users\Administrator\.gradle\caches\modules-2\files-2.1\net.java.dev.jna\jna\5.6.0\330f2244e9030119ab3030fc3fededc86713d9cc\jna-5.6.0.jar;C:\Users\Administrator\.gradle\caches\modules-2\files-2.1\org.jetbrains.kotlin\kotlin-stdlib-common\1.7.20\e15351bdaf9fa06f009be5da7a202e4184f00ae3\kotlin-stdlib-common-1.7.20.jar;C:\Users\Administrator\.gradle\caches\modules-2\files-2.1\org.jetbrains\annotations\13.0\919f0dfe192fb4e063e7dacadee7f8bb9a2672a9\annotations-13.0.jar
Launcher Type: SUN_STANDARD

[Global flags]
     intx CICompilerCount                          = 3                                         {product} {ergonomic}
     uint ConcGCThreads                            = 1                                         {product} {ergonomic}
     uint G1ConcRefinementThreads                  = 4                                         {product} {ergonomic}
   size_t G1HeapRegionSize                         = 1048576                                   {product} {ergonomic}
    uintx GCDrainStackTargetSize                   = 64                                        {product} {ergonomic}
   size_t InitialHeapSize                          = 134217728                                 {product} {ergonomic}
   size_t MarkStackSize                            = 4194304                                   {product} {ergonomic}
   size_t MaxHeapSize                              = 2118123520                                {product} {ergonomic}
   size_t MaxNewSize                               = 1270874112                                {product} {ergonomic}
   size_t MinHeapDeltaBytes                        = 1048576                                   {product} {ergonomic}
    uintx NonNMethodCodeHeapSize                   = 5830732                                {pd product} {ergonomic}
    uintx NonProfiledCodeHeapSize                  = 122913754                              {pd product} {ergonomic}
    uintx ProfiledCodeHeapSize                     = 122913754                              {pd product} {ergonomic}
    uintx ReservedCodeCacheSize                    = 251658240                              {pd product} {ergonomic}
     bool SegmentedCodeCache                       = true                                      {product} {ergonomic}
     bool UseCompressedClassPointers               = true                                 {lp64_product} {ergonomic}
     bool UseCompressedOops                        = true                                 {lp64_product} {ergonomic}
     bool UseG1GC                                  = true                                      {product} {ergonomic}
     bool UseLargePagesIndividualAllocation        = false                                  {pd product} {ergonomic}

Logging:
Log output configuration:
 #0: stdout all=warning uptime,level,tags
 #1: stderr all=off uptime,level,tags

Environment Variables:
PATH=C:\Program Files (x86)\Common Files\Oracle\Java\javapath;C:\Windows\system32;C:\Windows;C:\Windows\System32\Wbem;C:\Windows\System32\WindowsPowerShell\v1.0\;C:\Windows\System32\OpenSSH\;C:\Program Files\Git\cmd;C:\xampp\php;C:\ProgramData\ComposerSetup\bin;C:\Program Files (x86)\NVIDIA Corporation\PhysX\Common;C:\Program Files\NVIDIA Corporation\NVIDIA NvDLISR;C:\Program Files\nodejs\;C:\Program Files\dotnet\;C:\Users\Administrator\AppData\Local\Microsoft\WindowsApps;C:\Users\Administrator\AppData\Local\Programs\Microsoft VS Code\bin;C:\Users\Administrator\AppData\Roaming\Composer\vendor\bin;D:\xampp\php\php.exe;C:\Users\Administrator\AppData\Roaming\npm;C:\Program Files\Java\jdk-19.0.1\bin;
USERNAME=Administrator
OS=Windows_NT
PROCESSOR_IDENTIFIER=Intel64 Family 6 Model 142 Stepping 9, GenuineIntel



---------------  S Y S T E M  ---------------

OS: Windows 11 , 64 bit Build 22000 (10.0.22000.1335)
OS uptime: 2 days 2:32 hours

CPU:total 4 (initial active 4) (2 cores per cpu, 2 threads per core) family 6 model 142 stepping 9 microcode 0xde, cmov, cx8, fxsr, mmx, sse, sse2, sse3, ssse3, sse4.1, sse4.2, popcnt, avx, avx2, aes, clmul, erms, 3dnowpref, lzcnt, ht, tsc, tscinvbit, bmi1, bmi2, adx, fma

Memory: 4k page, system-wide physical 8073M (602M free)
TotalPageFile size 8073M (AvailPageFile size 6M)
current process WorkingSet (physical memory assigned to process): 339M, peak: 341M
current process commit charge ("private bytes"): 380M, peak: 383M

vm_info: OpenJDK 64-Bit Server VM (11.0.13+0-b1751.21-8125866) for windows-amd64 JRE (11.0.13+0-b1751.21-8125866), built on Feb  2 2022 03:00:22 by "builder" with MS VC++ 14.0 (VS2015)

END.
