#
# There is insufficient memory for the Java Runtime Environment to continue.
# Native memory allocation (malloc) failed to allocate 133472 bytes for Chunk::new
# Possible reasons:
#   The system is out of physical RAM or swap space
#   The process is running with CompressedOops enabled, and the Java Heap may be blocking the growth of the native heap
# Possible solutions:
#   Reduce memory load on the system
#   Increase physical memory or swap space
#   Check if swap backing store is full
#   Decrease Java heap size (-Xmx/-Xms)
#   Decrease number of Java threads
#   Decrease Java thread stack sizes (-Xss)
#   Set larger code cache with -XX:ReservedCodeCacheSize=
#   JVM is running with Unscaled Compressed Oops mode in which the Java heap is
#     placed in the first 4GB address space. The Java Heap base address is the
#     maximum limit for the native heap growth. Please use -XX:HeapBaseMinAddress
#     to set the Java Heap base and to place the Java Heap above 4GB virtual address.
# This output file may be truncated or incomplete.
#
#  Out of Memory Error (./src/hotspot/share/memory/arena.cpp:197), pid=2052, tid=3924
#
# JRE version: OpenJDK Runtime Environment (11.0.13) (build 11.0.13+0-b1751.21-8125866)
# Java VM: OpenJDK 64-Bit Server VM (11.0.13+0-b1751.21-8125866, mixed mode, tiered, compressed oops, g1 gc, windows-amd64)
# No core dump will be written. Minidumps are not enabled by default on client versions of Windows
#

---------------  S U M M A R Y ------------

Command Line: --add-opens=java.base/java.util=ALL-UNNAMED --add-opens=java.base/java.lang=ALL-UNNAMED --add-opens=java.base/java.lang.invoke=ALL-UNNAMED --add-opens=java.base/java.util=ALL-UNNAMED --add-opens=java.prefs/java.util.prefs=ALL-UNNAMED --add-opens=java.prefs/java.util.prefs=ALL-UNNAMED --add-opens=java.base/java.nio.charset=ALL-UNNAMED --add-opens=java.base/java.net=ALL-UNNAMED --add-opens=java.base/java.util.concurrent.atomic=ALL-UNNAMED -Xmx2048m -Dfile.encoding=UTF-8 -Duser.country=US -Duser.language=en -Duser.variant org.gradle.launcher.daemon.bootstrap.GradleDaemon 7.4

Host: Intel(R) Core(TM) i3-7020U CPU @ 2.30GHz, 4 cores, 7G,  Windows 11 , 64 bit Build 22000 (10.0.22000.1335)
Time: Sat Jan  7 23:52:54 2023 SE Asia Standard Time elapsed time: 100.308166 seconds (0d 0h 1m 40s)

---------------  T H R E A D  ---------------

Current thread (0x0000017ee4889000):  JavaThread "C2 CompilerThread0" daemon [_thread_in_native, id=3924, stack(0x00000067c7a00000,0x00000067c7b00000)]


Current CompileTask:
C2: 100308 15439       4       java.lang.invoke.InvokerBytecodeGenerator::emitImplicitConversion (159 bytes)

Stack: [0x00000067c7a00000,0x00000067c7b00000]
Native frames: (J=compiled Java code, j=interpreted, Vv=VM code, C=native code)
V  [jvm.dll+0x6100fa]
V  [jvm.dll+0x747090]
V  [jvm.dll+0x7486ad]
V  [jvm.dll+0x748d83]
V  [jvm.dll+0x24ab48]
V  [jvm.dll+0xc04dc]
V  [jvm.dll+0xc0a0c]
V  [jvm.dll+0xc060c]
V  [jvm.dll+0x66c33c]
V  [jvm.dll+0x52b4f4]
V  [jvm.dll+0x697600]
V  [jvm.dll+0x6966b4]
V  [jvm.dll+0x534fe8]
V  [jvm.dll+0x534bb3]
V  [jvm.dll+0x524734]
V  [jvm.dll+0x20b193]
V  [jvm.dll+0x204ca0]
V  [jvm.dll+0x2023c2]
V  [jvm.dll+0x188e01]
V  [jvm.dll+0x21106b]
V  [jvm.dll+0x20f8c1]
V  [jvm.dll+0x70de0f]
V  [jvm.dll+0x706a75]
V  [jvm.dll+0x60ed66]
C  [ucrtbase.dll+0x26c0c]
C  [KERNEL32.DLL+0x155a0]
C  [ntdll.dll+0x485b]


---------------  P R O C E S S  ---------------

Threads class SMR info:
_java_thread_list=0x0000017eed2ffa60, length=96, elements={
0x0000017ecac5c800, 0x0000017ee4861800, 0x0000017ee4863000, 0x0000017ee51f2800,
0x0000017ee4882800, 0x0000017ee4887800, 0x0000017ee4889000, 0x0000017ee488e000,
0x0000017ee4892800, 0x0000017ee532c800, 0x0000017ee6a40800, 0x0000017ee5fb5800,
0x0000017ee8a51000, 0x0000017ee6d67000, 0x0000017ee7041800, 0x0000017ee7e39800,
0x0000017ee7e39000, 0x0000017ee7e3b800, 0x0000017ee7e3a800, 0x0000017ee7e35800,
0x0000017ee7e36800, 0x0000017ee7e37000, 0x0000017ee7e3c000, 0x0000017ee7e38000,
0x0000017ee895f000, 0x0000017ee8959800, 0x0000017ee60f6800, 0x0000017ee60f3800,
0x0000017ee60f2000, 0x0000017ee60f2800, 0x0000017ee60f6000, 0x0000017ee60f1000,
0x0000017ee60f4000, 0x0000017ee60f0000, 0x0000017ee60f7800, 0x0000017ee60fb000,
0x0000017ee60f8800, 0x0000017ee60f9000, 0x0000017ee60f5000, 0x0000017ee60fa000,
0x0000017ee60fb800, 0x0000017ee60fc800, 0x0000017ee60fd000, 0x0000017ee8960000,
0x0000017ee895e000, 0x0000017ee8960800, 0x0000017ee895d800, 0x0000017ee895b000,
0x0000017ee895b800, 0x0000017ee8964800, 0x0000017ee8965800, 0x0000017ee8964000,
0x0000017ee8966800, 0x0000017ee8967000, 0x0000017ee8968000, 0x0000017ee8962800,
0x0000017ee8963000, 0x0000017ee790e800, 0x0000017ee790c000, 0x0000017ee790f800,
0x0000017ee790d800, 0x0000017ee7910000, 0x0000017ee790a800, 0x0000017ee790d000,
0x0000017ee7911000, 0x0000017ee790b800, 0x0000017ee7917800, 0x0000017ee7916800,
0x0000017ee7912000, 0x0000017ee7914000, 0x0000017ee7912800, 0x0000017ee7918800,
0x0000017ee7916000, 0x0000017ee7919000, 0x0000017ee7913800, 0x0000017ee7915000,
0x0000017ee7613800, 0x0000017ee7614000, 0x0000017ee7615000, 0x0000017ee760f800,
0x0000017ee7612800, 0x0000017ee7616000, 0x0000017ee7611000, 0x0000017ee7610000,
0x0000017ee7611800, 0x0000017ee761c800, 0x0000017ee761b800, 0x0000017ee7617800,
0x0000017ee7618800, 0x0000017ee7616800, 0x0000017ee753b800, 0x0000017ee7619000,
0x0000017ee761a000, 0x0000017ee761d000, 0x0000017ee761e000, 0x0000017ee60fe000
}

Java Threads: ( => current thread )
  0x0000017ecac5c800 JavaThread "main" [_thread_blocked, id=14864, stack(0x00000067c6e00000,0x00000067c6f00000)]
  0x0000017ee4861800 JavaThread "Reference Handler" daemon [_thread_blocked, id=6108, stack(0x00000067c7500000,0x00000067c7600000)]
  0x0000017ee4863000 JavaThread "Finalizer" daemon [_thread_blocked, id=10308, stack(0x00000067c7600000,0x00000067c7700000)]
  0x0000017ee51f2800 JavaThread "Signal Dispatcher" daemon [_thread_blocked, id=10836, stack(0x00000067c7700000,0x00000067c7800000)]
  0x0000017ee4882800 JavaThread "Attach Listener" daemon [_thread_blocked, id=10628, stack(0x00000067c7800000,0x00000067c7900000)]
  0x0000017ee4887800 JavaThread "Service Thread" daemon [_thread_blocked, id=12968, stack(0x00000067c7900000,0x00000067c7a00000)]
=>0x0000017ee4889000 JavaThread "C2 CompilerThread0" daemon [_thread_in_native, id=3924, stack(0x00000067c7a00000,0x00000067c7b00000)]
  0x0000017ee488e000 JavaThread "C1 CompilerThread0" daemon [_thread_blocked, id=15352, stack(0x00000067c7b00000,0x00000067c7c00000)]
  0x0000017ee4892800 JavaThread "Sweeper thread" daemon [_thread_blocked, id=13148, stack(0x00000067c7c00000,0x00000067c7d00000)]
  0x0000017ee532c800 JavaThread "Common-Cleaner" daemon [_thread_blocked, id=8788, stack(0x00000067c7d00000,0x00000067c7e00000)]
  0x0000017ee6a40800 JavaThread "Daemon health stats" [_thread_blocked, id=2088, stack(0x00000067c8200000,0x00000067c8300000)]
  0x0000017ee5fb5800 JavaThread "Incoming local TCP Connector on port 4447" [_thread_in_native, id=13220, stack(0x00000067c7f00000,0x00000067c8000000)]
  0x0000017ee8a51000 JavaThread "Daemon periodic checks" [_thread_blocked, id=3500, stack(0x00000067c8300000,0x00000067c8400000)]
  0x0000017ee6d67000 JavaThread "Daemon" [_thread_blocked, id=12916, stack(0x00000067c8400000,0x00000067c8500000)]
  0x0000017ee7041800 JavaThread "Daemon worker" [_thread_blocked, id=11900, stack(0x00000067c8700000,0x00000067c8800000)]
  0x0000017ee7e39800 JavaThread "Cache worker for journal cache (C:\Users\Administrator\.gradle\caches\journal-1)" [_thread_blocked, id=3184, stack(0x00000067c8800000,0x00000067c8900000)]
  0x0000017ee7e39000 JavaThread "File lock request listener" [_thread_in_native, id=11840, stack(0x00000067c8d00000,0x00000067c8e00000)]
  0x0000017ee7e3b800 JavaThread "Cache worker for file hash cache (C:\Users\Administrator\.gradle\caches\7.4\fileHashes)" [_thread_blocked, id=9236, stack(0x00000067c8e00000,0x00000067c8f00000)]
  0x0000017ee7e3a800 JavaThread "File watcher server" daemon [_thread_in_native, id=12468, stack(0x00000067c9000000,0x00000067c9100000)]
  0x0000017ee7e35800 JavaThread "File watcher consumer" daemon [_thread_blocked, id=10472, stack(0x00000067c9100000,0x00000067c9200000)]
  0x0000017ee7e36800 JavaThread "jar transforms" [_thread_blocked, id=3108, stack(0x00000067c9200000,0x00000067c9300000)]
  0x0000017ee7e37000 JavaThread "jar transforms Thread 2" [_thread_blocked, id=13620, stack(0x00000067c9300000,0x00000067c9400000)]
  0x0000017ee7e3c000 JavaThread "jar transforms Thread 3" [_thread_blocked, id=14360, stack(0x00000067c9400000,0x00000067c9500000)]
  0x0000017ee7e38000 JavaThread "jar transforms Thread 4" [_thread_blocked, id=7724, stack(0x00000067c9500000,0x00000067c9600000)]
  0x0000017ee895f000 JavaThread "Cache worker for execution history cache (C:\Users\Administrator\.gradle\caches\7.4\executionHistory)" [_thread_blocked, id=6176, stack(0x00000067c8f00000,0x00000067c9000000)]
  0x0000017ee8959800 JavaThread "Cache worker for file content cache (C:\Users\Administrator\.gradle\caches\7.4\fileContent)" [_thread_blocked, id=10320, stack(0x00000067c9b00000,0x00000067c9c00000)]
  0x0000017ee60f6800 JavaThread "Memory manager" [_thread_blocked, id=10448, stack(0x00000067cc600000,0x00000067cc700000)]
  0x0000017ee60f3800 JavaThread "Handler for socket connection from /127.0.0.1:4447 to /127.0.0.1:4455" [_thread_in_native, id=15356, stack(0x00000067c6b00000,0x00000067c6c00000)]
  0x0000017ee60f2000 JavaThread "Cancel handler" [_thread_blocked, id=1384, stack(0x00000067c6d00000,0x00000067c6e00000)]
  0x0000017ee60f2800 JavaThread "Asynchronous log dispatcher for DefaultDaemonConnection: socket connection from /127.0.0.1:4447 to /127.0.0.1:4455" [_thread_blocked, id=13832, stack(0x00000067c8600000,0x00000067c8700000)]
  0x0000017ee60f6000 JavaThread "Stdin handler" [_thread_blocked, id=13924, stack(0x00000067c8900000,0x00000067c8a00000)]
  0x0000017ee60f1000 JavaThread "Daemon client event forwarder" [_thread_blocked, id=10660, stack(0x00000067c8a00000,0x00000067c8b00000)]
  0x0000017ee60f4000 JavaThread "Cache worker for checksums cache (D:\SETIK\findbarber\.gradle\7.4\checksums)" [_thread_blocked, id=11956, stack(0x00000067c8b00000,0x00000067c8c00000)]
  0x0000017ee60f0000 JavaThread "Cache worker for cache directory md-rule (C:\Users\Administrator\.gradle\caches\7.4\md-rule)" [_thread_blocked, id=1448, stack(0x00000067c9700000,0x00000067c9800000)]
  0x0000017ee60f7800 JavaThread "Cache worker for file hash cache (D:\SETIK\findbarber\.gradle\7.4\fileHashes)" [_thread_blocked, id=3852, stack(0x00000067c9800000,0x00000067c9900000)]
  0x0000017ee60fb000 JavaThread "Cache worker for cache directory md-supplier (C:\Users\Administrator\.gradle\caches\7.4\md-supplier)" [_thread_blocked, id=1556, stack(0x00000067c9900000,0x00000067c9a00000)]
  0x0000017ee60f8800 JavaThread "Cache worker for dependencies-accessors (D:\SETIK\findbarber\.gradle\7.4\dependencies-accessors)" [_thread_blocked, id=11268, stack(0x00000067c9a00000,0x00000067c9b00000)]
  0x0000017ee60f9000 JavaThread "Cache worker for Build Output Cleanup Cache (D:\SETIK\findbarber\.gradle\buildOutputCleanup)" [_thread_blocked, id=9384, stack(0x00000067c9c00000,0x00000067c9d00000)]
  0x0000017ee60f5000 JavaThread "Unconstrained build operations" [_thread_blocked, id=9592, stack(0x00000067c9d00000,0x00000067c9e00000)]
  0x0000017ee60fa000 JavaThread "Unconstrained build operations Thread 2" [_thread_blocked, id=9516, stack(0x00000067c9e00000,0x00000067c9f00000)]
  0x0000017ee60fb800 JavaThread "Unconstrained build operations Thread 3" [_thread_blocked, id=992, stack(0x00000067c9f00000,0x00000067ca000000)]
  0x0000017ee60fc800 JavaThread "Unconstrained build operations Thread 4" [_thread_blocked, id=12604, stack(0x00000067ca000000,0x00000067ca100000)]
  0x0000017ee60fd000 JavaThread "Unconstrained build operations Thread 5" [_thread_blocked, id=14832, stack(0x00000067ca100000,0x00000067ca200000)]
  0x0000017ee8960000 JavaThread "Unconstrained build operations Thread 6" [_thread_blocked, id=14724, stack(0x00000067ca200000,0x00000067ca300000)]
  0x0000017ee895e000 JavaThread "Unconstrained build operations Thread 7" [_thread_blocked, id=4156, stack(0x00000067ca300000,0x00000067ca400000)]
  0x0000017ee8960800 JavaThread "Unconstrained build operations Thread 8" [_thread_blocked, id=4292, stack(0x00000067ca400000,0x00000067ca500000)]
  0x0000017ee895d800 JavaThread "Unconstrained build operations Thread 9" [_thread_blocked, id=8124, stack(0x00000067ca500000,0x00000067ca600000)]
  0x0000017ee895b000 JavaThread "Unconstrained build operations Thread 10" [_thread_blocked, id=14744, stack(0x00000067ca600000,0x00000067ca700000)]
  0x0000017ee895b800 JavaThread "Unconstrained build operations Thread 11" [_thread_blocked, id=7620, stack(0x00000067ca700000,0x00000067ca800000)]
  0x0000017ee8964800 JavaThread "Unconstrained build operations Thread 12" [_thread_blocked, id=12720, stack(0x00000067ca800000,0x00000067ca900000)]
  0x0000017ee8965800 JavaThread "Unconstrained build operations Thread 13" [_thread_blocked, id=8044, stack(0x00000067ca900000,0x00000067caa00000)]
  0x0000017ee8964000 JavaThread "Unconstrained build operations Thread 14" [_thread_blocked, id=320, stack(0x00000067caa00000,0x00000067cab00000)]
  0x0000017ee8966800 JavaThread "Unconstrained build operations Thread 15" [_thread_blocked, id=5244, stack(0x00000067cab00000,0x00000067cac00000)]
  0x0000017ee8967000 JavaThread "Unconstrained build operations Thread 16" [_thread_blocked, id=12136, stack(0x00000067cac00000,0x00000067cad00000)]
  0x0000017ee8968000 JavaThread "Unconstrained build operations Thread 17" [_thread_blocked, id=11224, stack(0x00000067cad00000,0x00000067cae00000)]
  0x0000017ee8962800 JavaThread "Unconstrained build operations Thread 18" [_thread_blocked, id=2840, stack(0x00000067cae00000,0x00000067caf00000)]
  0x0000017ee8963000 JavaThread "Unconstrained build operations Thread 19" [_thread_blocked, id=14072, stack(0x00000067caf00000,0x00000067cb000000)]
  0x0000017ee790e800 JavaThread "Unconstrained build operations Thread 20" [_thread_blocked, id=11640, stack(0x00000067cb000000,0x00000067cb100000)]
  0x0000017ee790c000 JavaThread "Unconstrained build operations Thread 21" [_thread_blocked, id=12436, stack(0x00000067cb100000,0x00000067cb200000)]
  0x0000017ee790f800 JavaThread "Unconstrained build operations Thread 22" [_thread_blocked, id=2936, stack(0x00000067cb200000,0x00000067cb300000)]
  0x0000017ee790d800 JavaThread "Unconstrained build operations Thread 23" [_thread_blocked, id=5672, stack(0x00000067cb300000,0x00000067cb400000)]
  0x0000017ee7910000 JavaThread "Unconstrained build operations Thread 24" [_thread_blocked, id=13904, stack(0x00000067cb400000,0x00000067cb500000)]
  0x0000017ee790a800 JavaThread "Unconstrained build operations Thread 25" [_thread_blocked, id=8464, stack(0x00000067cb500000,0x00000067cb600000)]
  0x0000017ee790d000 JavaThread "Unconstrained build operations Thread 26" [_thread_blocked, id=13056, stack(0x00000067cb600000,0x00000067cb700000)]
  0x0000017ee7911000 JavaThread "Unconstrained build operations Thread 27" [_thread_blocked, id=8080, stack(0x00000067cb700000,0x00000067cb800000)]
  0x0000017ee790b800 JavaThread "Unconstrained build operations Thread 28" [_thread_blocked, id=7640, stack(0x00000067cb800000,0x00000067cb900000)]
  0x0000017ee7917800 JavaThread "Unconstrained build operations Thread 29" [_thread_blocked, id=10328, stack(0x00000067cb900000,0x00000067cba00000)]
  0x0000017ee7916800 JavaThread "Unconstrained build operations Thread 30" [_thread_blocked, id=15164, stack(0x00000067cba00000,0x00000067cbb00000)]
  0x0000017ee7912000 JavaThread "Unconstrained build operations Thread 31" [_thread_blocked, id=4852, stack(0x00000067cbb00000,0x00000067cbc00000)]
  0x0000017ee7914000 JavaThread "Unconstrained build operations Thread 32" [_thread_blocked, id=13272, stack(0x00000067cbc00000,0x00000067cbd00000)]
  0x0000017ee7912800 JavaThread "Unconstrained build operations Thread 33" [_thread_blocked, id=13072, stack(0x00000067cbd00000,0x00000067cbe00000)]
  0x0000017ee7918800 JavaThread "Unconstrained build operations Thread 34" [_thread_blocked, id=6268, stack(0x00000067cbe00000,0x00000067cbf00000)]
  0x0000017ee7916000 JavaThread "Unconstrained build operations Thread 35" [_thread_blocked, id=12820, stack(0x00000067cbf00000,0x00000067cc000000)]
  0x0000017ee7919000 JavaThread "Unconstrained build operations Thread 36" [_thread_blocked, id=8268, stack(0x00000067cc000000,0x00000067cc100000)]
  0x0000017ee7913800 JavaThread "Unconstrained build operations Thread 37" [_thread_blocked, id=13104, stack(0x00000067cc100000,0x00000067cc200000)]
  0x0000017ee7915000 JavaThread "Unconstrained build operations Thread 38" [_thread_blocked, id=1688, stack(0x00000067cc200000,0x00000067cc300000)]
  0x0000017ee7613800 JavaThread "Unconstrained build operations Thread 39" [_thread_blocked, id=5480, stack(0x00000067cc300000,0x00000067cc400000)]
  0x0000017ee7614000 JavaThread "Unconstrained build operations Thread 40" [_thread_blocked, id=12816, stack(0x00000067cc400000,0x00000067cc500000)]
  0x0000017ee7615000 JavaThread "build event listener" [_thread_blocked, id=8260, stack(0x00000067cc500000,0x00000067cc600000)]
  0x0000017ee760f800 JavaThread "included builds" [_thread_blocked, id=13152, stack(0x00000067cc800000,0x00000067cc900000)]
  0x0000017ee7612800 JavaThread "Execution worker for ':'" [_thread_blocked, id=11448, stack(0x00000067cc900000,0x00000067cca00000)]
  0x0000017ee7616000 JavaThread "Execution worker for ':' Thread 2" [_thread_blocked, id=2396, stack(0x00000067cca00000,0x00000067ccb00000)]
  0x0000017ee7611000 JavaThread "Execution worker for ':' Thread 3" [_thread_blocked, id=15136, stack(0x00000067ccb00000,0x00000067ccc00000)]
  0x0000017ee7610000 JavaThread "Cache worker for execution history cache (D:\SETIK\findbarber\.gradle\7.4\executionHistory)" [_thread_blocked, id=6764, stack(0x00000067ccc00000,0x00000067ccd00000)]
  0x0000017ee7611800 JavaThread "WorkerExecutor Queue" [_thread_in_native, id=5964, stack(0x00000067ccd00000,0x00000067cce00000)]
  0x0000017ee761c800 JavaThread "pool-4-thread-1" [_thread_blocked, id=8392, stack(0x00000067cce00000,0x00000067ccf00000)]
  0x0000017ee761b800 JavaThread "stderr" [_thread_in_native, id=2332, stack(0x00000067ccf00000,0x00000067cd000000)]
  0x0000017ee7617800 JavaThread "stdout" [_thread_in_native, id=2412, stack(0x00000067cd000000,0x00000067cd100000)]
  0x0000017ee7618800 JavaThread "WorkerExecutor Queue Thread 2" [_thread_blocked, id=2276, stack(0x00000067cc700000,0x00000067cc800000)]
  0x0000017ee7616800 JavaThread "RMI Scheduler(0)" daemon [_thread_blocked, id=1496, stack(0x00000067c9600000,0x00000067c9700000)]
  0x0000017ee753b800 JavaThread "C2 CompilerThread1" daemon [_thread_in_native, id=15312, stack(0x00000067cd100000,0x00000067cd200000)]
  0x0000017ee7619000 JavaThread "RMI RenewClean-[127.0.0.1:17628,org.jetbrains.kotlin.daemon.common.LoopbackNetworkInterface$ClientLoopbackSocketFactory@30eda633]" daemon [_thread_blocked, id=8720, stack(0x00000067cd200000,0x00000067cd300000)]
  0x0000017ee761a000 JavaThread "RMI GC Daemon" daemon [_thread_blocked, id=4504, stack(0x00000067cd300000,0x00000067cd400000)]
  0x0000017ee761d000 JavaThread "RMI TCP Accept-0" daemon [_thread_in_native, id=3340, stack(0x00000067cd400000,0x00000067cd500000)]
  0x0000017ee761e000 JavaThread "RMI Reaper" [_thread_blocked, id=10956, stack(0x00000067cd500000,0x00000067cd600000)]
  0x0000017ee60fe000 JavaThread "RMI TCP Connection(idle)" daemon [_thread_blocked, id=13836, stack(0x00000067cd600000,0x00000067cd700000)]

Other Threads:
  0x0000017ee485b800 VMThread "VM Thread" [stack: 0x00000067c7400000,0x00000067c7500000] [id=8836]
  0x0000017ee53a5800 WatcherThread [stack: 0x00000067c7e00000,0x00000067c7f00000] [id=6792]
  0x0000017ecac78000 GCTaskThread "GC Thread#0" [stack: 0x00000067c6f00000,0x00000067c7000000] [id=8652]
  0x0000017ee5ce9800 GCTaskThread "GC Thread#1" [stack: 0x00000067c8000000,0x00000067c8100000] [id=14164]
  0x0000017ee5cea800 GCTaskThread "GC Thread#2" [stack: 0x00000067c8100000,0x00000067c8200000] [id=13604]
  0x0000017ee6755800 GCTaskThread "GC Thread#3" [stack: 0x00000067c8c00000,0x00000067c8d00000] [id=588]
  0x0000017ecaca9800 ConcurrentGCThread "G1 Main Marker" [stack: 0x00000067c7000000,0x00000067c7100000] [id=8304]
  0x0000017ecacac000 ConcurrentGCThread "G1 Conc#0" [stack: 0x00000067c7100000,0x00000067c7200000] [id=504]
  0x0000017ecad3b000 ConcurrentGCThread "G1 Refine#0" [stack: 0x00000067c7200000,0x00000067c7300000] [id=3136]
  0x0000017ecad3e000 ConcurrentGCThread "G1 Young RemSet Sampling" [stack: 0x00000067c7300000,0x00000067c7400000] [id=6140]

Threads with active compile tasks:
C2 CompilerThread0 100337 15439       4       java.lang.invoke.InvokerBytecodeGenerator::emitImplicitConversion (159 bytes)
C2 CompilerThread1 100337 15449       4       java.lang.invoke.InvokerBytecodeGenerator::emitPushArgument (120 bytes)

VM state:not at safepoint (normal execution)

VM Mutex/Monitor currently owned by a thread: None

Heap address: 0x0000000080000000, size: 2048 MB, Compressed Oops mode: 32-bit
Narrow klass base: 0x0000000000000000, Narrow klass shift: 3
Compressed class space size: 1073741824 Address: 0x0000000100000000

Heap:
 garbage-first heap   total 328704K, used 197976K [0x0000000080000000, 0x0000000100000000)
  region size 1024K, 16 young (16384K), 6 survivors (6144K)
 Metaspace       used 114249K, capacity 117679K, committed 117876K, reserved 1150976K
  class space    used 14467K, capacity 15701K, committed 15820K, reserved 1048576K
Heap Regions: E=young(eden), S=young(survivor), O=old, HS=humongous(starts), HC=humongous(continues), CS=collection set, F=free, A=archive, TAMS=top-at-mark-start (previous, next)
|   0|0x0000000080000000, 0x0000000080100000, 0x0000000080100000|100%|HS|  |TAMS 0x0000000080100000, 0x0000000080000000| Complete 
|   1|0x0000000080100000, 0x0000000080200000, 0x0000000080200000|100%|HC|  |TAMS 0x0000000080200000, 0x0000000080100000| Complete 
|   2|0x0000000080200000, 0x0000000080300000, 0x0000000080300000|100%|HC|  |TAMS 0x0000000080300000, 0x0000000080200000| Complete 
|   3|0x0000000080300000, 0x0000000080400000, 0x0000000080400000|100%| O|  |TAMS 0x0000000080400000, 0x0000000080300000| Untracked 
|   4|0x0000000080400000, 0x0000000080500000, 0x0000000080500000|100%| O|  |TAMS 0x0000000080500000, 0x0000000080400000| Untracked 
|   5|0x0000000080500000, 0x0000000080600000, 0x0000000080600000|100%| O|  |TAMS 0x0000000080600000, 0x0000000080500000| Untracked 
|   6|0x0000000080600000, 0x0000000080700000, 0x0000000080700000|100%| O|  |TAMS 0x0000000080700000, 0x0000000080600000| Untracked 
|   7|0x0000000080700000, 0x0000000080800000, 0x0000000080800000|100%| O|  |TAMS 0x0000000080800000, 0x0000000080700000| Complete 
|   8|0x0000000080800000, 0x0000000080900000, 0x0000000080900000|100%| O|  |TAMS 0x0000000080900000, 0x0000000080800000| Untracked 
|   9|0x0000000080900000, 0x0000000080a00000, 0x0000000080a00000|100%| O|  |TAMS 0x0000000080a00000, 0x0000000080900000| Untracked 
|  10|0x0000000080a00000, 0x0000000080b00000, 0x0000000080b00000|100%| O|  |TAMS 0x0000000080b00000, 0x0000000080a00000| Untracked 
|  11|0x0000000080b00000, 0x0000000080c00000, 0x0000000080c00000|100%| O|  |TAMS 0x0000000080c00000, 0x0000000080b00000| Untracked 
|  12|0x0000000080c00000, 0x0000000080d00000, 0x0000000080d00000|100%| O|  |TAMS 0x0000000080d00000, 0x0000000080c00000| Untracked 
|  13|0x0000000080d00000, 0x0000000080e00000, 0x0000000080e00000|100%| O|  |TAMS 0x0000000080e00000, 0x0000000080d00000| Untracked 
|  14|0x0000000080e00000, 0x0000000080f00000, 0x0000000080f00000|100%| O|  |TAMS 0x0000000080f00000, 0x0000000080e00000| Untracked 
|  15|0x0000000080f00000, 0x0000000081000000, 0x0000000081000000|100%| O|  |TAMS 0x0000000081000000, 0x0000000080f00000| Untracked 
|  16|0x0000000081000000, 0x0000000081100000, 0x0000000081100000|100%|HS|  |TAMS 0x0000000081100000, 0x0000000081000000| Complete 
|  17|0x0000000081100000, 0x0000000081200000, 0x0000000081200000|100%|HC|  |TAMS 0x0000000081200000, 0x0000000081100000| Complete 
|  18|0x0000000081200000, 0x0000000081300000, 0x0000000081300000|100%|HS|  |TAMS 0x0000000081300000, 0x0000000081200000| Complete 
|  19|0x0000000081300000, 0x0000000081400000, 0x0000000081400000|100%|HC|  |TAMS 0x0000000081400000, 0x0000000081300000| Complete 
|  20|0x0000000081400000, 0x0000000081500000, 0x0000000081500000|100%|HC|  |TAMS 0x0000000081500000, 0x0000000081400000| Complete 
|  21|0x0000000081500000, 0x0000000081600000, 0x0000000081600000|100%|HS|  |TAMS 0x0000000081600000, 0x0000000081500000| Complete 
|  22|0x0000000081600000, 0x0000000081700000, 0x0000000081700000|100%|HC|  |TAMS 0x0000000081700000, 0x0000000081600000| Complete 
|  23|0x0000000081700000, 0x0000000081800000, 0x0000000081800000|100%|HC|  |TAMS 0x0000000081800000, 0x0000000081700000| Complete 
|  24|0x0000000081800000, 0x0000000081900000, 0x0000000081900000|100%|HC|  |TAMS 0x0000000081900000, 0x0000000081800000| Complete 
|  25|0x0000000081900000, 0x0000000081a00000, 0x0000000081a00000|100%|HC|  |TAMS 0x0000000081a00000, 0x0000000081900000| Complete 
|  26|0x0000000081a00000, 0x0000000081b00000, 0x0000000081b00000|100%|HS|  |TAMS 0x0000000081b00000, 0x0000000081a00000| Complete 
|  27|0x0000000081b00000, 0x0000000081c00000, 0x0000000081c00000|100%|HC|  |TAMS 0x0000000081c00000, 0x0000000081b00000| Complete 
|  28|0x0000000081c00000, 0x0000000081d00000, 0x0000000081d00000|100%|HC|  |TAMS 0x0000000081d00000, 0x0000000081c00000| Complete 
|  29|0x0000000081d00000, 0x0000000081e00000, 0x0000000081e00000|100%|HS|  |TAMS 0x0000000081e00000, 0x0000000081d00000| Complete 
|  30|0x0000000081e00000, 0x0000000081f00000, 0x0000000081f00000|100%| O|  |TAMS 0x0000000081f00000, 0x0000000081e00000| Complete 
|  31|0x0000000081f00000, 0x0000000082000000, 0x0000000082000000|100%| O|  |TAMS 0x0000000082000000, 0x0000000081f00000| Complete 
|  32|0x0000000082000000, 0x0000000082100000, 0x0000000082100000|100%| O|  |TAMS 0x0000000082100000, 0x0000000082000000| Complete 
|  33|0x0000000082100000, 0x0000000082200000, 0x0000000082200000|100%| O|  |TAMS 0x0000000082200000, 0x0000000082100000| Untracked 
|  34|0x0000000082200000, 0x0000000082300000, 0x0000000082300000|100%| O|  |TAMS 0x0000000082300000, 0x0000000082200000| Untracked 
|  35|0x0000000082300000, 0x0000000082400000, 0x0000000082400000|100%| O|  |TAMS 0x0000000082400000, 0x0000000082300000| Complete 
|  36|0x0000000082400000, 0x0000000082500000, 0x0000000082500000|100%| O|  |TAMS 0x0000000082500000, 0x0000000082400000| Untracked 
|  37|0x0000000082500000, 0x0000000082600000, 0x0000000082600000|100%| O|  |TAMS 0x0000000082600000, 0x0000000082500000| Complete 
|  38|0x0000000082600000, 0x0000000082700000, 0x0000000082700000|100%| O|  |TAMS 0x0000000082700000, 0x0000000082600000| Untracked 
|  39|0x0000000082700000, 0x0000000082800000, 0x0000000082800000|100%|HS|  |TAMS 0x0000000082800000, 0x0000000082700000| Complete 
|  40|0x0000000082800000, 0x0000000082900000, 0x0000000082900000|100%|HC|  |TAMS 0x0000000082900000, 0x0000000082800000| Complete 
|  41|0x0000000082900000, 0x0000000082a00000, 0x0000000082a00000|100%|HC|  |TAMS 0x0000000082a00000, 0x0000000082900000| Complete 
|  42|0x0000000082a00000, 0x0000000082b00000, 0x0000000082b00000|100%|HC|  |TAMS 0x0000000082b00000, 0x0000000082a00000| Complete 
|  43|0x0000000082b00000, 0x0000000082c00000, 0x0000000082c00000|100%|HS|  |TAMS 0x0000000082c00000, 0x0000000082b00000| Complete 
|  44|0x0000000082c00000, 0x0000000082d00000, 0x0000000082d00000|100%|HC|  |TAMS 0x0000000082d00000, 0x0000000082c00000| Complete 
|  45|0x0000000082d00000, 0x0000000082e00000, 0x0000000082e00000|100%|HC|  |TAMS 0x0000000082e00000, 0x0000000082d00000| Complete 
|  46|0x0000000082e00000, 0x0000000082f00000, 0x0000000082f00000|100%|HS|  |TAMS 0x0000000082f00000, 0x0000000082e00000| Complete 
|  47|0x0000000082f00000, 0x0000000083000000, 0x0000000083000000|100%|HC|  |TAMS 0x0000000083000000, 0x0000000082f00000| Complete 
|  48|0x0000000083000000, 0x0000000083100000, 0x0000000083100000|100%|HS|  |TAMS 0x0000000083100000, 0x0000000083000000| Complete 
|  49|0x0000000083100000, 0x0000000083200000, 0x0000000083200000|100%|HC|  |TAMS 0x0000000083200000, 0x0000000083100000| Complete 
|  50|0x0000000083200000, 0x0000000083300000, 0x0000000083300000|100%|HC|  |TAMS 0x0000000083300000, 0x0000000083200000| Complete 
|  51|0x0000000083300000, 0x0000000083400000, 0x0000000083400000|100%| O|  |TAMS 0x0000000083400000, 0x0000000083300000| Untracked 
|  52|0x0000000083400000, 0x0000000083500000, 0x0000000083500000|100%| O|  |TAMS 0x0000000083500000, 0x0000000083400000| Untracked 
|  53|0x0000000083500000, 0x0000000083600000, 0x0000000083600000|100%| O|  |TAMS 0x0000000083600000, 0x0000000083500000| Untracked 
|  54|0x0000000083600000, 0x0000000083700000, 0x0000000083700000|100%| O|  |TAMS 0x0000000083700000, 0x0000000083600000| Untracked 
|  55|0x0000000083700000, 0x0000000083800000, 0x0000000083800000|100%| O|  |TAMS 0x0000000083800000, 0x0000000083700000| Untracked 
|  56|0x0000000083800000, 0x0000000083900000, 0x0000000083900000|100%| O|  |TAMS 0x0000000083900000, 0x0000000083800000| Untracked 
|  57|0x0000000083900000, 0x0000000083a00000, 0x0000000083a00000|100%| O|  |TAMS 0x0000000083a00000, 0x0000000083900000| Complete 
|  58|0x0000000083a00000, 0x0000000083b00000, 0x0000000083b00000|100%|HS|  |TAMS 0x0000000083b00000, 0x0000000083a00000| Complete 
|  59|0x0000000083b00000, 0x0000000083c00000, 0x0000000083c00000|100%|HC|  |TAMS 0x0000000083c00000, 0x0000000083b00000| Complete 
|  60|0x0000000083c00000, 0x0000000083d00000, 0x0000000083d00000|100%|HC|  |TAMS 0x0000000083d00000, 0x0000000083c00000| Complete 
|  61|0x0000000083d00000, 0x0000000083e00000, 0x0000000083e00000|100%|HC|  |TAMS 0x0000000083e00000, 0x0000000083d00000| Complete 
|  62|0x0000000083e00000, 0x0000000083f00000, 0x0000000083f00000|100%|HC|  |TAMS 0x0000000083f00000, 0x0000000083e00000| Complete 
|  63|0x0000000083f00000, 0x0000000084000000, 0x0000000084000000|100%| O|  |TAMS 0x0000000084000000, 0x0000000083f00000| Untracked 
|  64|0x0000000084000000, 0x0000000084100000, 0x0000000084100000|100%| O|  |TAMS 0x0000000084100000, 0x0000000084000000| Untracked 
|  65|0x0000000084100000, 0x0000000084200000, 0x0000000084200000|100%| O|  |TAMS 0x0000000084200000, 0x0000000084100000| Complete 
|  66|0x0000000084200000, 0x0000000084300000, 0x0000000084300000|100%| O|  |TAMS 0x0000000084300000, 0x0000000084200000| Complete 
|  67|0x0000000084300000, 0x0000000084400000, 0x0000000084400000|100%|HS|  |TAMS 0x0000000084400000, 0x0000000084300000| Complete 
|  68|0x0000000084400000, 0x0000000084500000, 0x0000000084500000|100%|HS|  |TAMS 0x0000000084500000, 0x0000000084400000| Complete 
|  69|0x0000000084500000, 0x0000000084600000, 0x0000000084600000|100%|HS|  |TAMS 0x0000000084600000, 0x0000000084500000| Complete 
|  70|0x0000000084600000, 0x0000000084700000, 0x0000000084700000|100%|HS|  |TAMS 0x0000000084700000, 0x0000000084600000| Complete 
|  71|0x0000000084700000, 0x0000000084800000, 0x0000000084800000|100%|HC|  |TAMS 0x0000000084800000, 0x0000000084700000| Complete 
|  72|0x0000000084800000, 0x0000000084900000, 0x0000000084900000|100%|HC|  |TAMS 0x0000000084900000, 0x0000000084800000| Complete 
|  73|0x0000000084900000, 0x0000000084a00000, 0x0000000084a00000|100%|HC|  |TAMS 0x0000000084a00000, 0x0000000084900000| Complete 
|  74|0x0000000084a00000, 0x0000000084b00000, 0x0000000084b00000|100%| O|  |TAMS 0x0000000084b00000, 0x0000000084a00000| Untracked 
|  75|0x0000000084b00000, 0x0000000084c00000, 0x0000000084c00000|100%|HS|  |TAMS 0x0000000084c00000, 0x0000000084b00000| Complete 
|  76|0x0000000084c00000, 0x0000000084d00000, 0x0000000084d00000|100%|HC|  |TAMS 0x0000000084d00000, 0x0000000084c00000| Complete 
|  77|0x0000000084d00000, 0x0000000084e00000, 0x0000000084e00000|100%| O|  |TAMS 0x0000000084e00000, 0x0000000084d00000| Untracked 
|  78|0x0000000084e00000, 0x0000000084f00000, 0x0000000084f00000|100%| O|  |TAMS 0x0000000084f00000, 0x0000000084e00000| Untracked 
|  79|0x0000000084f00000, 0x0000000085000000, 0x0000000085000000|100%| O|  |TAMS 0x0000000085000000, 0x0000000084f00000| Untracked 
|  80|0x0000000085000000, 0x0000000085100000, 0x0000000085100000|100%| O|  |TAMS 0x0000000085100000, 0x0000000085000000| Complete 
|  81|0x0000000085100000, 0x0000000085200000, 0x0000000085200000|100%| O|  |TAMS 0x0000000085200000, 0x0000000085100000| Complete 
|  82|0x0000000085200000, 0x0000000085300000, 0x0000000085300000|100%| O|  |TAMS 0x0000000085300000, 0x0000000085200000| Untracked 
|  83|0x0000000085300000, 0x0000000085400000, 0x0000000085400000|100%| O|  |TAMS 0x0000000085400000, 0x0000000085300000| Complete 
|  84|0x0000000085400000, 0x0000000085500000, 0x0000000085500000|100%| O|  |TAMS 0x0000000085500000, 0x0000000085400000| Untracked 
|  85|0x0000000085500000, 0x0000000085600000, 0x0000000085600000|100%| O|  |TAMS 0x0000000085600000, 0x0000000085500000| Untracked 
|  86|0x0000000085600000, 0x0000000085700000, 0x0000000085700000|100%| O|  |TAMS 0x0000000085700000, 0x0000000085600000| Complete 
|  87|0x0000000085700000, 0x0000000085800000, 0x0000000085800000|100%| O|  |TAMS 0x0000000085800000, 0x0000000085700000| Untracked 
|  88|0x0000000085800000, 0x0000000085900000, 0x0000000085900000|100%| O|  |TAMS 0x0000000085900000, 0x0000000085800000| Untracked 
|  89|0x0000000085900000, 0x0000000085a00000, 0x0000000085a00000|100%| O|  |TAMS 0x0000000085a00000, 0x0000000085900000| Untracked 
|  90|0x0000000085a00000, 0x0000000085b00000, 0x0000000085b00000|100%| O|  |TAMS 0x0000000085b00000, 0x0000000085a00000| Untracked 
|  91|0x0000000085b00000, 0x0000000085c00000, 0x0000000085c00000|100%| O|  |TAMS 0x0000000085c00000, 0x0000000085b00000| Complete 
|  92|0x0000000085c00000, 0x0000000085d00000, 0x0000000085d00000|100%| O|  |TAMS 0x0000000085d00000, 0x0000000085c00000| Complete 
|  93|0x0000000085d00000, 0x0000000085e00000, 0x0000000085e00000|100%| O|  |TAMS 0x0000000085e00000, 0x0000000085d00000| Untracked 
|  94|0x0000000085e00000, 0x0000000085f00000, 0x0000000085f00000|100%| O|  |TAMS 0x0000000085f00000, 0x0000000085e00000| Untracked 
|  95|0x0000000085f00000, 0x0000000086000000, 0x0000000086000000|100%| O|  |TAMS 0x0000000086000000, 0x0000000085f00000| Complete 
|  96|0x0000000086000000, 0x0000000086100000, 0x0000000086100000|100%| O|  |TAMS 0x0000000086100000, 0x0000000086000000| Complete 
|  97|0x0000000086100000, 0x0000000086200000, 0x0000000086200000|100%| O|  |TAMS 0x0000000086200000, 0x0000000086100000| Untracked 
|  98|0x0000000086200000, 0x0000000086300000, 0x0000000086300000|100%| O|  |TAMS 0x0000000086300000, 0x0000000086200000| Untracked 
|  99|0x0000000086300000, 0x0000000086400000, 0x0000000086400000|100%| O|  |TAMS 0x0000000086400000, 0x0000000086300000| Untracked 
| 100|0x0000000086400000, 0x0000000086500000, 0x0000000086500000|100%| O|  |TAMS 0x0000000086500000, 0x0000000086400000| Complete 
| 101|0x0000000086500000, 0x0000000086600000, 0x0000000086600000|100%| O|  |TAMS 0x0000000086600000, 0x0000000086500000| Untracked 
| 102|0x0000000086600000, 0x0000000086700000, 0x0000000086700000|100%| O|  |TAMS 0x0000000086700000, 0x0000000086600000| Untracked 
| 103|0x0000000086700000, 0x0000000086800000, 0x0000000086800000|100%| O|  |TAMS 0x0000000086800000, 0x0000000086700000| Complete 
| 104|0x0000000086800000, 0x0000000086900000, 0x0000000086900000|100%|HS|  |TAMS 0x0000000086900000, 0x0000000086800000| Complete 
| 105|0x0000000086900000, 0x0000000086a00000, 0x0000000086a00000|100%|HC|  |TAMS 0x0000000086a00000, 0x0000000086900000| Complete 
| 106|0x0000000086a00000, 0x0000000086b00000, 0x0000000086b00000|100%|HC|  |TAMS 0x0000000086b00000, 0x0000000086a00000| Complete 
| 107|0x0000000086b00000, 0x0000000086c00000, 0x0000000086c00000|100%|HC|  |TAMS 0x0000000086c00000, 0x0000000086b00000| Complete 
| 108|0x0000000086c00000, 0x0000000086d00000, 0x0000000086d00000|100%|HS|  |TAMS 0x0000000086d00000, 0x0000000086c00000| Complete 
| 109|0x0000000086d00000, 0x0000000086e00000, 0x0000000086e00000|100%|HC|  |TAMS 0x0000000086e00000, 0x0000000086d00000| Complete 
| 110|0x0000000086e00000, 0x0000000086f00000, 0x0000000086f00000|100%|HS|  |TAMS 0x0000000086f00000, 0x0000000086e00000| Complete 
| 111|0x0000000086f00000, 0x0000000087000000, 0x0000000087000000|100%|HC|  |TAMS 0x0000000087000000, 0x0000000086f00000| Complete 
| 112|0x0000000087000000, 0x0000000087100000, 0x0000000087100000|100%|HC|  |TAMS 0x0000000087100000, 0x0000000087000000| Complete 
| 113|0x0000000087100000, 0x0000000087200000, 0x0000000087200000|100%|HS|  |TAMS 0x0000000087200000, 0x0000000087100000| Complete 
| 114|0x0000000087200000, 0x0000000087300000, 0x0000000087300000|100%|HC|  |TAMS 0x0000000087300000, 0x0000000087200000| Complete 
| 115|0x0000000087300000, 0x0000000087400000, 0x0000000087400000|100%|HC|  |TAMS 0x0000000087400000, 0x0000000087300000| Complete 
| 116|0x0000000087400000, 0x0000000087500000, 0x0000000087500000|100%|HC|  |TAMS 0x0000000087500000, 0x0000000087400000| Complete 
| 117|0x0000000087500000, 0x0000000087600000, 0x0000000087600000|100%|HC|  |TAMS 0x0000000087600000, 0x0000000087500000| Complete 
| 118|0x0000000087600000, 0x0000000087700000, 0x0000000087700000|100%|HS|  |TAMS 0x0000000087700000, 0x0000000087600000| Complete 
| 119|0x0000000087700000, 0x0000000087800000, 0x0000000087800000|100%|HC|  |TAMS 0x0000000087800000, 0x0000000087700000| Complete 
| 120|0x0000000087800000, 0x0000000087900000, 0x0000000087900000|100%|HC|  |TAMS 0x0000000087900000, 0x0000000087800000| Complete 
| 121|0x0000000087900000, 0x0000000087a00000, 0x0000000087a00000|100%|HS|  |TAMS 0x0000000087a00000, 0x0000000087900000| Complete 
| 122|0x0000000087a00000, 0x0000000087b00000, 0x0000000087b00000|100%|HS|  |TAMS 0x0000000087b00000, 0x0000000087a00000| Complete 
| 123|0x0000000087b00000, 0x0000000087c00000, 0x0000000087c00000|100%|HC|  |TAMS 0x0000000087c00000, 0x0000000087b00000| Complete 
| 124|0x0000000087c00000, 0x0000000087d00000, 0x0000000087d00000|100%|HC|  |TAMS 0x0000000087d00000, 0x0000000087c00000| Complete 
| 125|0x0000000087d00000, 0x0000000087e00000, 0x0000000087e00000|100%|HC|  |TAMS 0x0000000087e00000, 0x0000000087d00000| Complete 
| 126|0x0000000087e00000, 0x0000000087f00000, 0x0000000087f00000|100%| O|  |TAMS 0x0000000087f00000, 0x0000000087e00000| Complete 
| 127|0x0000000087f00000, 0x0000000088000000, 0x0000000088000000|100%| O|  |TAMS 0x0000000088000000, 0x0000000087f00000| Complete 
| 128|0x0000000088000000, 0x0000000088100000, 0x0000000088100000|100%| O|  |TAMS 0x0000000088100000, 0x0000000088000000| Complete 
| 129|0x0000000088100000, 0x0000000088200000, 0x0000000088200000|100%| O|  |TAMS 0x0000000088200000, 0x0000000088100000| Complete 
| 130|0x0000000088200000, 0x0000000088300000, 0x0000000088300000|100%| O|  |TAMS 0x0000000088300000, 0x0000000088200000| Complete 
| 131|0x0000000088300000, 0x0000000088400000, 0x0000000088400000|100%| O|  |TAMS 0x0000000088400000, 0x0000000088300000| Complete 
| 132|0x0000000088400000, 0x0000000088500000, 0x0000000088500000|100%| O|  |TAMS 0x0000000088500000, 0x0000000088400000| Untracked 
| 133|0x0000000088500000, 0x0000000088600000, 0x0000000088600000|100%| O|  |TAMS 0x0000000088600000, 0x0000000088500000| Untracked 
| 134|0x0000000088600000, 0x0000000088700000, 0x0000000088700000|100%| O|  |TAMS 0x0000000088700000, 0x0000000088600000| Untracked 
| 135|0x0000000088700000, 0x0000000088800000, 0x0000000088800000|100%| O|  |TAMS 0x0000000088800000, 0x0000000088700000| Untracked 
| 136|0x0000000088800000, 0x0000000088900000, 0x0000000088900000|100%| O|  |TAMS 0x0000000088900000, 0x0000000088800000| Untracked 
| 137|0x0000000088900000, 0x0000000088a00000, 0x0000000088a00000|100%| O|  |TAMS 0x0000000088a00000, 0x0000000088900000| Complete 
| 138|0x0000000088a00000, 0x0000000088b00000, 0x0000000088b00000|100%| O|  |TAMS 0x0000000088b00000, 0x0000000088a00000| Untracked 
| 139|0x0000000088b00000, 0x0000000088c00000, 0x0000000088c00000|100%| O|  |TAMS 0x0000000088c00000, 0x0000000088b00000| Untracked 
| 140|0x0000000088c00000, 0x0000000088d00000, 0x0000000088d00000|100%| O|  |TAMS 0x0000000088d00000, 0x0000000088c00000| Complete 
| 141|0x0000000088d00000, 0x0000000088e00000, 0x0000000088e00000|100%| O|  |TAMS 0x0000000088e00000, 0x0000000088d00000| Untracked 
| 142|0x0000000088e00000, 0x0000000088f00000, 0x0000000088f00000|100%| O|  |TAMS 0x0000000088f00000, 0x0000000088e00000| Complete 
| 143|0x0000000088f00000, 0x0000000089000000, 0x0000000089000000|100%| O|  |TAMS 0x0000000089000000, 0x0000000088f00000| Complete 
| 144|0x0000000089000000, 0x0000000089100000, 0x0000000089100000|100%| O|  |TAMS 0x0000000089100000, 0x0000000089000000| Untracked 
| 145|0x0000000089100000, 0x0000000089200000, 0x0000000089200000|100%| O|  |TAMS 0x0000000089200000, 0x0000000089100000| Untracked 
| 146|0x0000000089200000, 0x0000000089300000, 0x0000000089300000|100%| O|  |TAMS 0x0000000089300000, 0x0000000089200000| Complete 
| 147|0x0000000089300000, 0x0000000089400000, 0x0000000089400000|100%| O|  |TAMS 0x0000000089400000, 0x0000000089300000| Complete 
| 148|0x0000000089400000, 0x0000000089500000, 0x0000000089500000|100%| O|  |TAMS 0x0000000089500000, 0x0000000089400000| Complete 
| 149|0x0000000089500000, 0x0000000089600000, 0x0000000089600000|100%| O|  |TAMS 0x0000000089600000, 0x0000000089500000| Complete 
| 150|0x0000000089600000, 0x0000000089700000, 0x0000000089700000|100%| O|  |TAMS 0x0000000089700000, 0x0000000089600000| Complete 
| 151|0x0000000089700000, 0x0000000089800000, 0x0000000089800000|100%| O|  |TAMS 0x0000000089800000, 0x0000000089700000| Complete 
| 152|0x0000000089800000, 0x0000000089900000, 0x0000000089900000|100%| O|  |TAMS 0x0000000089900000, 0x0000000089800000| Complete 
| 153|0x0000000089900000, 0x0000000089a00000, 0x0000000089a00000|100%| O|  |TAMS 0x0000000089a00000, 0x0000000089900000| Complete 
| 154|0x0000000089a00000, 0x0000000089b00000, 0x0000000089b00000|100%| O|  |TAMS 0x0000000089b00000, 0x0000000089a00000| Complete 
| 155|0x0000000089b00000, 0x0000000089c00000, 0x0000000089c00000|100%| O|  |TAMS 0x0000000089c00000, 0x0000000089b00000| Complete 
| 156|0x0000000089c00000, 0x0000000089d00000, 0x0000000089d00000|100%| O|  |TAMS 0x0000000089d00000, 0x0000000089c00000| Untracked 
| 157|0x0000000089d00000, 0x0000000089e00000, 0x0000000089e00000|100%| O|  |TAMS 0x0000000089e00000, 0x0000000089d00000| Untracked 
| 158|0x0000000089e00000, 0x0000000089f00000, 0x0000000089f00000|100%| O|  |TAMS 0x0000000089f00000, 0x0000000089e00000| Complete 
| 159|0x0000000089f00000, 0x000000008a000000, 0x000000008a000000|100%| O|  |TAMS 0x000000008a000000, 0x0000000089f00000| Complete 
| 160|0x000000008a000000, 0x000000008a100000, 0x000000008a100000|100%| O|  |TAMS 0x000000008a100000, 0x000000008a000000| Untracked 
| 161|0x000000008a100000, 0x000000008a200000, 0x000000008a200000|100%| O|  |TAMS 0x000000008a200000, 0x000000008a100000| Untracked 
| 162|0x000000008a200000, 0x000000008a300000, 0x000000008a300000|100%| O|  |TAMS 0x000000008a300000, 0x000000008a200000| Untracked 
| 163|0x000000008a300000, 0x000000008a400000, 0x000000008a400000|100%| O|  |TAMS 0x000000008a400000, 0x000000008a300000| Untracked 
| 164|0x000000008a400000, 0x000000008a500000, 0x000000008a500000|100%| O|  |TAMS 0x000000008a500000, 0x000000008a400000| Untracked 
| 165|0x000000008a500000, 0x000000008a600000, 0x000000008a600000|100%| O|  |TAMS 0x000000008a600000, 0x000000008a500000| Untracked 
| 166|0x000000008a600000, 0x000000008a700000, 0x000000008a700000|100%| O|  |TAMS 0x000000008a700000, 0x000000008a600000| Untracked 
| 167|0x000000008a700000, 0x000000008a800000, 0x000000008a800000|100%| O|  |TAMS 0x000000008a800000, 0x000000008a700000| Untracked 
| 168|0x000000008a800000, 0x000000008a900000, 0x000000008a900000|100%| O|  |TAMS 0x000000008a900000, 0x000000008a800000| Untracked 
| 169|0x000000008a900000, 0x000000008aa00000, 0x000000008aa00000|100%| O|  |TAMS 0x000000008aa00000, 0x000000008a900000| Untracked 
| 170|0x000000008aa00000, 0x000000008ab00000, 0x000000008ab00000|100%| O|  |TAMS 0x000000008ab00000, 0x000000008aa00000| Untracked 
| 171|0x000000008ab00000, 0x000000008ac00000, 0x000000008ac00000|100%| O|  |TAMS 0x000000008ac00000, 0x000000008ab00000| Complete 
| 172|0x000000008ac00000, 0x000000008ad00000, 0x000000008ad00000|100%| O|  |TAMS 0x000000008ad00000, 0x000000008ac00000| Untracked 
| 173|0x000000008ad00000, 0x000000008ae00000, 0x000000008ae00000|100%| O|  |TAMS 0x000000008ae00000, 0x000000008ad00000| Untracked 
| 174|0x000000008ae00000, 0x000000008af00000, 0x000000008af00000|100%| O|  |TAMS 0x000000008af00000, 0x000000008ae00000| Untracked 
| 175|0x000000008af00000, 0x000000008b000000, 0x000000008b000000|100%| O|  |TAMS 0x000000008b000000, 0x000000008af00000| Untracked 
| 176|0x000000008b000000, 0x000000008b100000, 0x000000008b100000|100%| O|  |TAMS 0x000000008b100000, 0x000000008b000000| Complete 
| 177|0x000000008b100000, 0x000000008b200000, 0x000000008b200000|100%| O|  |TAMS 0x000000008b200000, 0x000000008b100000| Untracked 
| 178|0x000000008b200000, 0x000000008b2f6800, 0x000000008b300000| 96%| O|  |TAMS 0x000000008b2f6800, 0x000000008b200000| Untracked 
| 179|0x000000008b300000, 0x000000008b300000, 0x000000008b400000|  0%| F|  |TAMS 0x000000008b300000, 0x000000008b300000| Untracked 
| 180|0x000000008b400000, 0x000000008b400000, 0x000000008b500000|  0%| F|  |TAMS 0x000000008b400000, 0x000000008b400000| Untracked 
| 181|0x000000008b500000, 0x000000008b500000, 0x000000008b600000|  0%| F|  |TAMS 0x000000008b500000, 0x000000008b500000| Untracked 
| 182|0x000000008b600000, 0x000000008b600000, 0x000000008b700000|  0%| F|  |TAMS 0x000000008b600000, 0x000000008b600000| Untracked 
| 183|0x000000008b700000, 0x000000008b700000, 0x000000008b800000|  0%| F|  |TAMS 0x000000008b700000, 0x000000008b700000| Untracked 
| 184|0x000000008b800000, 0x000000008b800000, 0x000000008b900000|  0%| F|  |TAMS 0x000000008b800000, 0x000000008b800000| Untracked 
| 185|0x000000008b900000, 0x000000008b900000, 0x000000008ba00000|  0%| F|  |TAMS 0x000000008b900000, 0x000000008b900000| Untracked 
| 186|0x000000008ba00000, 0x000000008ba00000, 0x000000008bb00000|  0%| F|  |TAMS 0x000000008ba00000, 0x000000008ba00000| Untracked 
| 187|0x000000008bb00000, 0x000000008bb00000, 0x000000008bc00000|  0%| F|  |TAMS 0x000000008bb00000, 0x000000008bb00000| Untracked 
| 188|0x000000008bc00000, 0x000000008bc00000, 0x000000008bd00000|  0%| F|  |TAMS 0x000000008bc00000, 0x000000008bc00000| Untracked 
| 189|0x000000008bd00000, 0x000000008bd00000, 0x000000008be00000|  0%| F|  |TAMS 0x000000008bd00000, 0x000000008bd00000| Untracked 
| 190|0x000000008be00000, 0x000000008be00000, 0x000000008bf00000|  0%| F|  |TAMS 0x000000008be00000, 0x000000008be00000| Untracked 
| 191|0x000000008bf00000, 0x000000008bf00000, 0x000000008c000000|  0%| F|  |TAMS 0x000000008bf00000, 0x000000008bf00000| Untracked 
| 192|0x000000008c000000, 0x000000008c000000, 0x000000008c100000|  0%| F|  |TAMS 0x000000008c000000, 0x000000008c000000| Untracked 
| 193|0x000000008c100000, 0x000000008c100000, 0x000000008c200000|  0%| F|  |TAMS 0x000000008c100000, 0x000000008c100000| Untracked 
| 194|0x000000008c200000, 0x000000008c200000, 0x000000008c300000|  0%| F|  |TAMS 0x000000008c200000, 0x000000008c200000| Untracked 
| 195|0x000000008c300000, 0x000000008c300000, 0x000000008c400000|  0%| F|  |TAMS 0x000000008c300000, 0x000000008c300000| Untracked 
| 196|0x000000008c400000, 0x000000008c400000, 0x000000008c500000|  0%| F|  |TAMS 0x000000008c400000, 0x000000008c400000| Untracked 
| 197|0x000000008c500000, 0x000000008c500000, 0x000000008c600000|  0%| F|  |TAMS 0x000000008c500000, 0x000000008c500000| Untracked 
| 198|0x000000008c600000, 0x000000008c600000, 0x000000008c700000|  0%| F|  |TAMS 0x000000008c600000, 0x000000008c600000| Untracked 
| 199|0x000000008c700000, 0x000000008c700000, 0x000000008c800000|  0%| F|  |TAMS 0x000000008c700000, 0x000000008c700000| Untracked 
| 200|0x000000008c800000, 0x000000008c800000, 0x000000008c900000|  0%| F|  |TAMS 0x000000008c800000, 0x000000008c800000| Untracked 
| 201|0x000000008c900000, 0x000000008c900000, 0x000000008ca00000|  0%| F|  |TAMS 0x000000008c900000, 0x000000008c900000| Untracked 
| 202|0x000000008ca00000, 0x000000008ca00000, 0x000000008cb00000|  0%| F|  |TAMS 0x000000008ca00000, 0x000000008ca00000| Untracked 
| 203|0x000000008cb00000, 0x000000008cb00000, 0x000000008cc00000|  0%| F|  |TAMS 0x000000008cb00000, 0x000000008cb00000| Untracked 
| 204|0x000000008cc00000, 0x000000008cc00000, 0x000000008cd00000|  0%| F|  |TAMS 0x000000008cc00000, 0x000000008cc00000| Untracked 
| 205|0x000000008cd00000, 0x000000008cd00000, 0x000000008ce00000|  0%| F|  |TAMS 0x000000008cd00000, 0x000000008cd00000| Untracked 
| 206|0x000000008ce00000, 0x000000008ce00000, 0x000000008cf00000|  0%| F|  |TAMS 0x000000008ce00000, 0x000000008ce00000| Untracked 
| 207|0x000000008cf00000, 0x000000008cf00000, 0x000000008d000000|  0%| F|  |TAMS 0x000000008cf00000, 0x000000008cf00000| Untracked 
| 208|0x000000008d000000, 0x000000008d000000, 0x000000008d100000|  0%| F|  |TAMS 0x000000008d000000, 0x000000008d000000| Untracked 
| 209|0x000000008d100000, 0x000000008d100000, 0x000000008d200000|  0%| F|  |TAMS 0x000000008d100000, 0x000000008d100000| Untracked 
| 210|0x000000008d200000, 0x000000008d200000, 0x000000008d300000|  0%| F|  |TAMS 0x000000008d200000, 0x000000008d200000| Untracked 
| 211|0x000000008d300000, 0x000000008d300000, 0x000000008d400000|  0%| F|  |TAMS 0x000000008d300000, 0x000000008d300000| Untracked 
| 212|0x000000008d400000, 0x000000008d400000, 0x000000008d500000|  0%| F|  |TAMS 0x000000008d400000, 0x000000008d400000| Untracked 
| 213|0x000000008d500000, 0x000000008d500000, 0x000000008d600000|  0%| F|  |TAMS 0x000000008d500000, 0x000000008d500000| Untracked 
| 214|0x000000008d600000, 0x000000008d600000, 0x000000008d700000|  0%| F|  |TAMS 0x000000008d600000, 0x000000008d600000| Untracked 
| 215|0x000000008d700000, 0x000000008d700000, 0x000000008d800000|  0%| F|  |TAMS 0x000000008d700000, 0x000000008d700000| Untracked 
| 216|0x000000008d800000, 0x000000008d800000, 0x000000008d900000|  0%| F|  |TAMS 0x000000008d800000, 0x000000008d800000| Untracked 
| 217|0x000000008d900000, 0x000000008d900000, 0x000000008da00000|  0%| F|  |TAMS 0x000000008d900000, 0x000000008d900000| Untracked 
| 218|0x000000008da00000, 0x000000008da00000, 0x000000008db00000|  0%| F|  |TAMS 0x000000008da00000, 0x000000008da00000| Untracked 
| 219|0x000000008db00000, 0x000000008db00000, 0x000000008dc00000|  0%| F|  |TAMS 0x000000008db00000, 0x000000008db00000| Untracked 
| 220|0x000000008dc00000, 0x000000008dc00000, 0x000000008dd00000|  0%| F|  |TAMS 0x000000008dc00000, 0x000000008dc00000| Untracked 
| 221|0x000000008dd00000, 0x000000008dd00000, 0x000000008de00000|  0%| F|  |TAMS 0x000000008dd00000, 0x000000008dd00000| Untracked 
| 222|0x000000008de00000, 0x000000008de00000, 0x000000008df00000|  0%| F|  |TAMS 0x000000008de00000, 0x000000008de00000| Untracked 
| 223|0x000000008df00000, 0x000000008df00000, 0x000000008e000000|  0%| F|  |TAMS 0x000000008df00000, 0x000000008df00000| Untracked 
| 224|0x000000008e000000, 0x000000008e000000, 0x000000008e100000|  0%| F|  |TAMS 0x000000008e000000, 0x000000008e000000| Untracked 
| 225|0x000000008e100000, 0x000000008e100000, 0x000000008e200000|  0%| F|  |TAMS 0x000000008e100000, 0x000000008e100000| Untracked 
| 226|0x000000008e200000, 0x000000008e200000, 0x000000008e300000|  0%| F|  |TAMS 0x000000008e200000, 0x000000008e200000| Untracked 
| 227|0x000000008e300000, 0x000000008e300000, 0x000000008e400000|  0%| F|  |TAMS 0x000000008e300000, 0x000000008e300000| Untracked 
| 228|0x000000008e400000, 0x000000008e400000, 0x000000008e500000|  0%| F|  |TAMS 0x000000008e400000, 0x000000008e400000| Untracked 
| 229|0x000000008e500000, 0x000000008e500000, 0x000000008e600000|  0%| F|  |TAMS 0x000000008e500000, 0x000000008e500000| Untracked 
| 230|0x000000008e600000, 0x000000008e65fbe8, 0x000000008e700000| 37%| S|CS|TAMS 0x000000008e600000, 0x000000008e600000| Complete 
| 231|0x000000008e700000, 0x000000008e800000, 0x000000008e800000|100%| S|CS|TAMS 0x000000008e700000, 0x000000008e700000| Complete 
| 232|0x000000008e800000, 0x000000008e900000, 0x000000008e900000|100%| S|CS|TAMS 0x000000008e800000, 0x000000008e800000| Complete 
| 233|0x000000008e900000, 0x000000008ea00000, 0x000000008ea00000|100%| S|CS|TAMS 0x000000008e900000, 0x000000008e900000| Complete 
| 234|0x000000008ea00000, 0x000000008eb00000, 0x000000008eb00000|100%| S|CS|TAMS 0x000000008ea00000, 0x000000008ea00000| Complete 
| 235|0x000000008eb00000, 0x000000008eb00000, 0x000000008ec00000|  0%| F|  |TAMS 0x000000008eb00000, 0x000000008eb00000| Untracked 
| 236|0x000000008ec00000, 0x000000008ed00000, 0x000000008ed00000|100%| S|CS|TAMS 0x000000008ec00000, 0x000000008ec00000| Complete 
| 237|0x000000008ed00000, 0x000000008ed00000, 0x000000008ee00000|  0%| F|  |TAMS 0x000000008ed00000, 0x000000008ed00000| Untracked 
| 238|0x000000008ee00000, 0x000000008ee00000, 0x000000008ef00000|  0%| F|  |TAMS 0x000000008ee00000, 0x000000008ee00000| Untracked 
| 239|0x000000008ef00000, 0x000000008ef00000, 0x000000008f000000|  0%| F|  |TAMS 0x000000008ef00000, 0x000000008ef00000| Untracked 
| 240|0x000000008f000000, 0x000000008f000000, 0x000000008f100000|  0%| F|  |TAMS 0x000000008f000000, 0x000000008f000000| Untracked 
| 241|0x000000008f100000, 0x000000008f100000, 0x000000008f200000|  0%| F|  |TAMS 0x000000008f100000, 0x000000008f100000| Untracked 
| 242|0x000000008f200000, 0x000000008f200000, 0x000000008f300000|  0%| F|  |TAMS 0x000000008f200000, 0x000000008f200000| Untracked 
| 243|0x000000008f300000, 0x000000008f300000, 0x000000008f400000|  0%| F|  |TAMS 0x000000008f300000, 0x000000008f300000| Untracked 
| 244|0x000000008f400000, 0x000000008f400000, 0x000000008f500000|  0%| F|  |TAMS 0x000000008f400000, 0x000000008f400000| Untracked 
| 245|0x000000008f500000, 0x000000008f500000, 0x000000008f600000|  0%| F|  |TAMS 0x000000008f500000, 0x000000008f500000| Untracked 
| 246|0x000000008f600000, 0x000000008f600000, 0x000000008f700000|  0%| F|  |TAMS 0x000000008f600000, 0x000000008f600000| Untracked 
| 247|0x000000008f700000, 0x000000008f700000, 0x000000008f800000|  0%| F|  |TAMS 0x000000008f700000, 0x000000008f700000| Untracked 
| 248|0x000000008f800000, 0x000000008f800000, 0x000000008f900000|  0%| F|  |TAMS 0x000000008f800000, 0x000000008f800000| Untracked 
| 249|0x000000008f900000, 0x000000008f900000, 0x000000008fa00000|  0%| F|  |TAMS 0x000000008f900000, 0x000000008f900000| Untracked 
| 250|0x000000008fa00000, 0x000000008fa00000, 0x000000008fb00000|  0%| F|  |TAMS 0x000000008fa00000, 0x000000008fa00000| Untracked 
| 251|0x000000008fb00000, 0x000000008fb00000, 0x000000008fc00000|  0%| F|  |TAMS 0x000000008fb00000, 0x000000008fb00000| Untracked 
| 252|0x000000008fc00000, 0x000000008fc00000, 0x000000008fd00000|  0%| F|  |TAMS 0x000000008fc00000, 0x000000008fc00000| Untracked 
| 253|0x000000008fd00000, 0x000000008fd00000, 0x000000008fe00000|  0%| F|  |TAMS 0x000000008fd00000, 0x000000008fd00000| Untracked 
| 254|0x000000008fe00000, 0x000000008fe00000, 0x000000008ff00000|  0%| F|  |TAMS 0x000000008fe00000, 0x000000008fe00000| Untracked 
| 255|0x000000008ff00000, 0x000000008ff00000, 0x0000000090000000|  0%| F|  |TAMS 0x000000008ff00000, 0x000000008ff00000| Untracked 
| 256|0x0000000090000000, 0x0000000090000000, 0x0000000090100000|  0%| F|  |TAMS 0x0000000090000000, 0x0000000090000000| Untracked 
| 257|0x0000000090100000, 0x0000000090100000, 0x0000000090200000|  0%| F|  |TAMS 0x0000000090100000, 0x0000000090100000| Untracked 
| 258|0x0000000090200000, 0x0000000090200000, 0x0000000090300000|  0%| F|  |TAMS 0x0000000090200000, 0x0000000090200000| Untracked 
| 259|0x0000000090300000, 0x0000000090300000, 0x0000000090400000|  0%| F|  |TAMS 0x0000000090300000, 0x0000000090300000| Untracked 
| 260|0x0000000090400000, 0x0000000090400000, 0x0000000090500000|  0%| F|  |TAMS 0x0000000090400000, 0x0000000090400000| Untracked 
| 261|0x0000000090500000, 0x0000000090500000, 0x0000000090600000|  0%| F|  |TAMS 0x0000000090500000, 0x0000000090500000| Untracked 
| 262|0x0000000090600000, 0x0000000090600000, 0x0000000090700000|  0%| F|  |TAMS 0x0000000090600000, 0x0000000090600000| Untracked 
| 263|0x0000000090700000, 0x0000000090700000, 0x0000000090800000|  0%| F|  |TAMS 0x0000000090700000, 0x0000000090700000| Untracked 
| 264|0x0000000090800000, 0x0000000090800000, 0x0000000090900000|  0%| F|  |TAMS 0x0000000090800000, 0x0000000090800000| Untracked 
| 265|0x0000000090900000, 0x0000000090900000, 0x0000000090a00000|  0%| F|  |TAMS 0x0000000090900000, 0x0000000090900000| Untracked 
| 266|0x0000000090a00000, 0x0000000090a00000, 0x0000000090b00000|  0%| F|  |TAMS 0x0000000090a00000, 0x0000000090a00000| Untracked 
| 267|0x0000000090b00000, 0x0000000090b00000, 0x0000000090c00000|  0%| F|  |TAMS 0x0000000090b00000, 0x0000000090b00000| Untracked 
| 268|0x0000000090c00000, 0x0000000090c00000, 0x0000000090d00000|  0%| F|  |TAMS 0x0000000090c00000, 0x0000000090c00000| Untracked 
| 269|0x0000000090d00000, 0x0000000090d00000, 0x0000000090e00000|  0%| F|  |TAMS 0x0000000090d00000, 0x0000000090d00000| Untracked 
| 270|0x0000000090e00000, 0x0000000090e00000, 0x0000000090f00000|  0%| F|  |TAMS 0x0000000090e00000, 0x0000000090e00000| Untracked 
| 271|0x0000000090f00000, 0x0000000090f00000, 0x0000000091000000|  0%| F|  |TAMS 0x0000000090f00000, 0x0000000090f00000| Untracked 
| 272|0x0000000091000000, 0x0000000091000000, 0x0000000091100000|  0%| F|  |TAMS 0x0000000091000000, 0x0000000091000000| Untracked 
| 273|0x0000000091100000, 0x0000000091100000, 0x0000000091200000|  0%| F|  |TAMS 0x0000000091100000, 0x0000000091100000| Untracked 
| 274|0x0000000091200000, 0x0000000091200000, 0x0000000091300000|  0%| F|  |TAMS 0x0000000091200000, 0x0000000091200000| Untracked 
| 275|0x0000000091300000, 0x0000000091300000, 0x0000000091400000|  0%| F|  |TAMS 0x0000000091300000, 0x0000000091300000| Untracked 
| 276|0x0000000091400000, 0x0000000091400000, 0x0000000091500000|  0%| F|  |TAMS 0x0000000091400000, 0x0000000091400000| Untracked 
| 277|0x0000000091500000, 0x0000000091500000, 0x0000000091600000|  0%| F|  |TAMS 0x0000000091500000, 0x0000000091500000| Untracked 
| 278|0x0000000091600000, 0x0000000091600000, 0x0000000091700000|  0%| F|  |TAMS 0x0000000091600000, 0x0000000091600000| Untracked 
| 279|0x0000000091700000, 0x0000000091700000, 0x0000000091800000|  0%| F|  |TAMS 0x0000000091700000, 0x0000000091700000| Untracked 
| 280|0x0000000091800000, 0x0000000091800000, 0x0000000091900000|  0%| F|  |TAMS 0x0000000091800000, 0x0000000091800000| Untracked 
| 281|0x0000000091900000, 0x0000000091900000, 0x0000000091a00000|  0%| F|  |TAMS 0x0000000091900000, 0x0000000091900000| Untracked 
| 282|0x0000000091a00000, 0x0000000091a00000, 0x0000000091b00000|  0%| F|  |TAMS 0x0000000091a00000, 0x0000000091a00000| Untracked 
| 283|0x0000000091b00000, 0x0000000091b00000, 0x0000000091c00000|  0%| F|  |TAMS 0x0000000091b00000, 0x0000000091b00000| Untracked 
| 284|0x0000000091c00000, 0x0000000091c00000, 0x0000000091d00000|  0%| F|  |TAMS 0x0000000091c00000, 0x0000000091c00000| Untracked 
| 285|0x0000000091d00000, 0x0000000091d00000, 0x0000000091e00000|  0%| F|  |TAMS 0x0000000091d00000, 0x0000000091d00000| Untracked 
| 286|0x0000000091e00000, 0x0000000091e00000, 0x0000000091f00000|  0%| F|  |TAMS 0x0000000091e00000, 0x0000000091e00000| Untracked 
| 287|0x0000000091f00000, 0x0000000091f00000, 0x0000000092000000|  0%| F|  |TAMS 0x0000000091f00000, 0x0000000091f00000| Untracked 
| 288|0x0000000092000000, 0x0000000092000000, 0x0000000092100000|  0%| F|  |TAMS 0x0000000092000000, 0x0000000092000000| Untracked 
| 289|0x0000000092100000, 0x0000000092100000, 0x0000000092200000|  0%| F|  |TAMS 0x0000000092100000, 0x0000000092100000| Untracked 
| 290|0x0000000092200000, 0x0000000092200000, 0x0000000092300000|  0%| F|  |TAMS 0x0000000092200000, 0x0000000092200000| Untracked 
| 291|0x0000000092300000, 0x0000000092300000, 0x0000000092400000|  0%| F|  |TAMS 0x0000000092300000, 0x0000000092300000| Untracked 
| 292|0x0000000092400000, 0x0000000092400000, 0x0000000092500000|  0%| F|  |TAMS 0x0000000092400000, 0x0000000092400000| Untracked 
| 293|0x0000000092500000, 0x0000000092500000, 0x0000000092600000|  0%| F|  |TAMS 0x0000000092500000, 0x0000000092500000| Untracked 
| 294|0x0000000092600000, 0x0000000092600000, 0x0000000092700000|  0%| F|  |TAMS 0x0000000092600000, 0x0000000092600000| Untracked 
| 295|0x0000000092700000, 0x0000000092700000, 0x0000000092800000|  0%| F|  |TAMS 0x0000000092700000, 0x0000000092700000| Untracked 
| 296|0x0000000092800000, 0x0000000092800000, 0x0000000092900000|  0%| F|  |TAMS 0x0000000092800000, 0x0000000092800000| Untracked 
| 297|0x0000000092900000, 0x0000000092900000, 0x0000000092a00000|  0%| F|  |TAMS 0x0000000092900000, 0x0000000092900000| Untracked 
| 298|0x0000000092a00000, 0x0000000092a00000, 0x0000000092b00000|  0%| F|  |TAMS 0x0000000092a00000, 0x0000000092a00000| Untracked 
| 299|0x0000000092b00000, 0x0000000092b00000, 0x0000000092c00000|  0%| F|  |TAMS 0x0000000092b00000, 0x0000000092b00000| Untracked 
| 300|0x0000000092c00000, 0x0000000092c00000, 0x0000000092d00000|  0%| F|  |TAMS 0x0000000092c00000, 0x0000000092c00000| Untracked 
| 301|0x0000000092d00000, 0x0000000092d00000, 0x0000000092e00000|  0%| F|  |TAMS 0x0000000092d00000, 0x0000000092d00000| Untracked 
| 302|0x0000000092e00000, 0x0000000092e00000, 0x0000000092f00000|  0%| F|  |TAMS 0x0000000092e00000, 0x0000000092e00000| Untracked 
| 303|0x0000000092f00000, 0x0000000092f00000, 0x0000000093000000|  0%| F|  |TAMS 0x0000000092f00000, 0x0000000092f00000| Untracked 
| 304|0x0000000093000000, 0x0000000093000000, 0x0000000093100000|  0%| F|  |TAMS 0x0000000093000000, 0x0000000093000000| Untracked 
| 305|0x0000000093100000, 0x0000000093100000, 0x0000000093200000|  0%| F|  |TAMS 0x0000000093100000, 0x0000000093100000| Untracked 
| 306|0x0000000093200000, 0x0000000093200000, 0x0000000093300000|  0%| F|  |TAMS 0x0000000093200000, 0x0000000093200000| Untracked 
| 307|0x0000000093300000, 0x0000000093300000, 0x0000000093400000|  0%| F|  |TAMS 0x0000000093300000, 0x0000000093300000| Untracked 
| 308|0x0000000093400000, 0x0000000093400000, 0x0000000093500000|  0%| F|  |TAMS 0x0000000093400000, 0x0000000093400000| Untracked 
| 309|0x0000000093500000, 0x0000000093500000, 0x0000000093600000|  0%| F|  |TAMS 0x0000000093500000, 0x0000000093500000| Untracked 
| 310|0x0000000093600000, 0x0000000093600000, 0x0000000093700000|  0%| F|  |TAMS 0x0000000093600000, 0x0000000093600000| Untracked 
| 311|0x0000000093700000, 0x00000000937ec280, 0x0000000093800000| 92%| E|  |TAMS 0x0000000093700000, 0x0000000093700000| Complete 
| 312|0x0000000093800000, 0x0000000093900000, 0x0000000093900000|100%| E|CS|TAMS 0x0000000093800000, 0x0000000093800000| Complete 
| 313|0x0000000093900000, 0x0000000093a00000, 0x0000000093a00000|100%| E|CS|TAMS 0x0000000093900000, 0x0000000093900000| Complete 
| 314|0x0000000093a00000, 0x0000000093b00000, 0x0000000093b00000|100%| E|CS|TAMS 0x0000000093a00000, 0x0000000093a00000| Complete 
| 315|0x0000000093b00000, 0x0000000093c00000, 0x0000000093c00000|100%| E|CS|TAMS 0x0000000093b00000, 0x0000000093b00000| Complete 
| 316|0x0000000093c00000, 0x0000000093d00000, 0x0000000093d00000|100%| E|CS|TAMS 0x0000000093c00000, 0x0000000093c00000| Complete 
| 317|0x0000000093d00000, 0x0000000093e00000, 0x0000000093e00000|100%| E|CS|TAMS 0x0000000093d00000, 0x0000000093d00000| Complete 
| 318|0x0000000093e00000, 0x0000000093f00000, 0x0000000093f00000|100%| E|CS|TAMS 0x0000000093e00000, 0x0000000093e00000| Complete 
| 319|0x0000000093f00000, 0x0000000094000000, 0x0000000094000000|100%| E|CS|TAMS 0x0000000093f00000, 0x0000000093f00000| Complete 
| 320|0x0000000094000000, 0x0000000094100000, 0x0000000094100000|100%| E|CS|TAMS 0x0000000094000000, 0x0000000094000000| Complete 

Card table byte_map: [0x0000017eddb80000,0x0000017eddf80000] _byte_map_base: 0x0000017edd780000

Marking Bits (Prev, Next): (CMBitMap*) 0x0000017ecaca0e18, (CMBitMap*) 0x0000017ecaca0e50
 Prev Bits: [0x0000017ede380000, 0x0000017ee0380000)
 Next Bits: [0x0000017ee0380000, 0x0000017ee2380000)

Polling page: 0x0000017ec8e10000

Metaspace:

Usage:
  Non-class:     99.59 MB capacity,    97.44 MB ( 98%) used,     1.79 MB (  2%) free+waste,   368.38 KB ( <1%) overhead. 
      Class:     15.33 MB capacity,    14.13 MB ( 92%) used,     1.04 MB (  7%) free+waste,   165.06 KB (  1%) overhead. 
       Both:    114.92 MB capacity,   111.57 MB ( 97%) used,     2.83 MB (  2%) free+waste,   533.44 KB ( <1%) overhead. 

Virtual space:
  Non-class space:      100.00 MB reserved,      99.66 MB (>99%) committed 
      Class space:        1.00 GB reserved,      15.45 MB (  2%) committed 
             Both:        1.10 GB reserved,     115.11 MB ( 10%) committed 

Chunk freelists:
   Non-Class:  0 bytes
       Class:  11.00 KB
        Both:  11.00 KB

MaxMetaspaceSize: 17179869184.00 GB
CompressedClassSpaceSize: 1.00 GB
Initial GC threshold: 20.80 MB
Current GC threshold: 190.19 MB
CDS: off

CodeHeap 'non-profiled nmethods': size=120064Kb used=10557Kb max_used=10557Kb free=109506Kb
 bounds [0x0000017ed6240000, 0x0000017ed6c90000, 0x0000017edd780000]
CodeHeap 'profiled nmethods': size=120000Kb used=35170Kb max_used=35170Kb free=84829Kb
 bounds [0x0000017eced10000, 0x0000017ed0f70000, 0x0000017ed6240000]
CodeHeap 'non-nmethods': size=5696Kb used=2463Kb max_used=2510Kb free=3232Kb
 bounds [0x0000017ece780000, 0x0000017ecea00000, 0x0000017eced10000]
 total_blobs=16292 nmethods=15290 adapters=914
 compilation: enabled
              stopped_count=0, restarted_count=0
 full_count=0

Compilation events (20 events):
Event: 100.161 Thread 0x0000017ee488e000 nmethod 15433 0x0000017ed0f5f990 code [0x0000017ed0f5fb80, 0x0000017ed0f600f8]
Event: 100.201 Thread 0x0000017ee488e000 15434       3       java.lang.invoke.LambdaFormEditor::buffer (12 bytes)
Event: 100.202 Thread 0x0000017ee488e000 nmethod 15434 0x0000017ed0f60290 code [0x0000017ed0f60440, 0x0000017ed0f605e8]
Event: 100.203 Thread 0x0000017ee488e000 15435       3       java.lang.invoke.LambdaFormBuffer::<init> (89 bytes)
Event: 100.204 Thread 0x0000017ee488e000 nmethod 15435 0x0000017ed0f60690 code [0x0000017ed0f60860, 0x0000017ed0f60c38]
Event: 100.204 Thread 0x0000017ee488e000 15436       3       java.lang.invoke.LambdaFormBuffer::startEdit (247 bytes)
Event: 100.205 Thread 0x0000017ee488e000 nmethod 15436 0x0000017ed0f60d90 code [0x0000017ed0f60fe0, 0x0000017ed0f61bc8]
Event: 100.205 Thread 0x0000017ee488e000 15437   !   3       java.lang.invoke.LambdaFormEditor::putInCache (521 bytes)
Event: 100.205 Thread 0x0000017ee4889000 15438       4       jdk.internal.org.objectweb.asm.Frame::get (46 bytes)
Event: 100.207 Thread 0x0000017ee4889000 nmethod 15438 0x0000017ed6c82790 code [0x0000017ed6c82920, 0x0000017ed6c829f8]
Event: 100.210 Thread 0x0000017ee488e000 nmethod 15437 0x0000017ed0f61f10 code [0x0000017ed0f62380, 0x0000017ed0f655f8]
Event: 100.217 Thread 0x0000017ee4889000 15439       4       java.lang.invoke.InvokerBytecodeGenerator::emitImplicitConversion (159 bytes)
Event: 100.218 Thread 0x0000017ee488e000 15441       3       java.lang.invoke.InvokerBytecodeGenerator::<init> (108 bytes)
Event: 100.219 Thread 0x0000017ee488e000 nmethod 15441 0x0000017ed0f66810 code [0x0000017ed0f66a80, 0x0000017ed0f67598]
Event: 100.222 Thread 0x0000017ee488e000 15444       1       java.lang.Byte::byteValue (5 bytes)
Event: 100.222 Thread 0x0000017ee488e000 nmethod 15444 0x0000017ed6c83090 code [0x0000017ed6c83240, 0x0000017ed6c832f8]
Event: 100.231 Thread 0x0000017ee753b800 nmethod 15394 0x0000017ed6c83990 code [0x0000017ed6c84a80, 0x0000017ed6c8ae60]
Event: 100.232 Thread 0x0000017ee753b800 15440       4       java.lang.invoke.LambdaForm$Name::<init> (54 bytes)
Event: 100.236 Thread 0x0000017ee753b800 nmethod 15440 0x0000017ed6c8ed10 code [0x0000017ed6c8eea0, 0x0000017ed6c8f1b8]
Event: 100.236 Thread 0x0000017ee753b800 15449       4       java.lang.invoke.InvokerBytecodeGenerator::emitPushArgument (120 bytes)

GC Heap History (20 events):
Event: 24.161 GC heap before
{Heap before GC invocations=32 (full 0):
 garbage-first heap   total 227328K, used 191934K [0x0000000080000000, 0x0000000100000000)
  region size 1024K, 50 young (51200K), 3 survivors (3072K)
 Metaspace       used 91112K, capacity 93380K, committed 93684K, reserved 1130496K
  class space    used 11724K, capacity 12538K, committed 12620K, reserved 1048576K
}
Event: 24.175 GC heap after
{Heap after GC invocations=33 (full 0):
 garbage-first heap   total 227328K, used 144429K [0x0000000080000000, 0x0000000100000000)
  region size 1024K, 5 young (5120K), 5 survivors (5120K)
 Metaspace       used 91112K, capacity 93380K, committed 93684K, reserved 1130496K
  class space    used 11724K, capacity 12538K, committed 12620K, reserved 1048576K
}
Event: 25.376 GC heap before
{Heap before GC invocations=33 (full 0):
 garbage-first heap   total 227328K, used 190509K [0x0000000080000000, 0x0000000100000000)
  region size 1024K, 51 young (52224K), 5 survivors (5120K)
 Metaspace       used 95856K, capacity 98246K, committed 98420K, reserved 1134592K
  class space    used 12352K, capacity 13192K, committed 13260K, reserved 1048576K
}
Event: 25.394 GC heap after
{Heap after GC invocations=34 (full 0):
 garbage-first heap   total 227328K, used 147776K [0x0000000080000000, 0x0000000100000000)
  region size 1024K, 6 young (6144K), 6 survivors (6144K)
 Metaspace       used 95856K, capacity 98246K, committed 98420K, reserved 1134592K
  class space    used 12352K, capacity 13192K, committed 13260K, reserved 1048576K
}
Event: 26.794 GC heap before
{Heap before GC invocations=35 (full 0):
 garbage-first heap   total 227328K, used 191808K [0x0000000080000000, 0x0000000100000000)
  region size 1024K, 50 young (51200K), 6 survivors (6144K)
 Metaspace       used 96613K, capacity 99021K, committed 99188K, reserved 1134592K
  class space    used 12379K, capacity 13220K, committed 13260K, reserved 1048576K
}
Event: 26.821 GC heap after
{Heap after GC invocations=36 (full 0):
 garbage-first heap   total 273408K, used 151552K [0x0000000080000000, 0x0000000100000000)
  region size 1024K, 7 young (7168K), 7 survivors (7168K)
 Metaspace       used 96613K, capacity 99021K, committed 99188K, reserved 1134592K
  class space    used 12379K, capacity 13220K, committed 13260K, reserved 1048576K
}
Event: 28.333 GC heap before
{Heap before GC invocations=36 (full 0):
 garbage-first heap   total 273408K, used 215040K [0x0000000080000000, 0x0000000100000000)
  region size 1024K, 70 young (71680K), 7 survivors (7168K)
 Metaspace       used 97986K, capacity 100391K, committed 100596K, reserved 1136640K
  class space    used 12480K, capacity 13351K, committed 13388K, reserved 1048576K
}
Event: 28.360 GC heap after
{Heap after GC invocations=37 (full 0):
 garbage-first heap   total 273408K, used 155944K [0x0000000080000000, 0x0000000100000000)
  region size 1024K, 9 young (9216K), 9 survivors (9216K)
 Metaspace       used 97986K, capacity 100391K, committed 100596K, reserved 1136640K
  class space    used 12480K, capacity 13351K, committed 13388K, reserved 1048576K
}
Event: 29.531 GC heap before
{Heap before GC invocations=38 (full 0):
 garbage-first heap   total 273408K, used 219432K [0x0000000080000000, 0x0000000100000000)
  region size 1024K, 71 young (72704K), 9 survivors (9216K)
 Metaspace       used 99192K, capacity 101579K, committed 101876K, reserved 1138688K
  class space    used 12633K, capacity 13550K, committed 13644K, reserved 1048576K
}
Event: 29.554 GC heap after
{Heap after GC invocations=39 (full 0):
 garbage-first heap   total 273408K, used 159233K [0x0000000080000000, 0x0000000100000000)
  region size 1024K, 8 young (8192K), 8 survivors (8192K)
 Metaspace       used 99192K, capacity 101579K, committed 101876K, reserved 1138688K
  class space    used 12633K, capacity 13550K, committed 13644K, reserved 1048576K
}
Event: 30.799 GC heap before
{Heap before GC invocations=39 (full 0):
 garbage-first heap   total 273408K, used 222721K [0x0000000080000000, 0x0000000100000000)
  region size 1024K, 70 young (71680K), 8 survivors (8192K)
 Metaspace       used 103810K, capacity 106275K, committed 106484K, reserved 1142784K
  class space    used 13179K, capacity 14069K, committed 14156K, reserved 1048576K
}
Event: 30.835 GC heap after
{Heap after GC invocations=40 (full 0):
 garbage-first heap   total 273408K, used 162995K [0x0000000080000000, 0x0000000100000000)
  region size 1024K, 7 young (7168K), 7 survivors (7168K)
 Metaspace       used 103810K, capacity 106275K, committed 106484K, reserved 1142784K
  class space    used 13179K, capacity 14069K, committed 14156K, reserved 1048576K
}
Event: 69.624 GC heap before
{Heap before GC invocations=41 (full 0):
 garbage-first heap   total 273408K, used 225459K [0x0000000080000000, 0x0000000100000000)
  region size 1024K, 69 young (70656K), 7 survivors (7168K)
 Metaspace       used 106194K, capacity 109203K, committed 109428K, reserved 1144832K
  class space    used 13455K, capacity 14494K, committed 14540K, reserved 1048576K
}
Event: 69.662 GC heap after
{Heap after GC invocations=42 (full 0):
 garbage-first heap   total 328704K, used 168316K [0x0000000080000000, 0x0000000100000000)
  region size 1024K, 9 young (9216K), 9 survivors (9216K)
 Metaspace       used 106194K, capacity 109203K, committed 109428K, reserved 1144832K
  class space    used 13455K, capacity 14494K, committed 14540K, reserved 1048576K
}
Event: 76.487 GC heap before
{Heap before GC invocations=42 (full 0):
 garbage-first heap   total 328704K, used 255356K [0x0000000080000000, 0x0000000100000000)
  region size 1024K, 95 young (97280K), 9 survivors (9216K)
 Metaspace       used 108467K, capacity 111595K, committed 111860K, reserved 1146880K
  class space    used 13756K, capacity 14849K, committed 14924K, reserved 1048576K
}
Event: 76.544 GC heap after
{Heap after GC invocations=43 (full 0):
 garbage-first heap   total 328704K, used 176128K [0x0000000080000000, 0x0000000100000000)
  region size 1024K, 12 young (12288K), 12 survivors (12288K)
 Metaspace       used 108467K, capacity 111595K, committed 111860K, reserved 1146880K
  class space    used 13756K, capacity 14849K, committed 14924K, reserved 1048576K
}
Event: 79.735 GC heap before
{Heap before GC invocations=44 (full 0):
 garbage-first heap   total 328704K, used 262144K [0x0000000080000000, 0x0000000100000000)
  region size 1024K, 97 young (99328K), 12 survivors (12288K)
 Metaspace       used 110156K, capacity 113314K, committed 113524K, reserved 1148928K
  class space    used 13894K, capacity 14985K, committed 15052K, reserved 1048576K
}
Event: 79.778 GC heap after
{Heap after GC invocations=45 (full 0):
 garbage-first heap   total 328704K, used 183089K [0x0000000080000000, 0x0000000100000000)
  region size 1024K, 7 young (7168K), 7 survivors (7168K)
 Metaspace       used 110156K, capacity 113314K, committed 113524K, reserved 1148928K
  class space    used 13894K, capacity 14985K, committed 15052K, reserved 1048576K
}
Event: 91.659 GC heap before
{Heap before GC invocations=45 (full 0):
 garbage-first heap   total 328704K, used 268081K [0x0000000080000000, 0x0000000100000000)
  region size 1024K, 91 young (93184K), 7 survivors (7168K)
 Metaspace       used 113193K, capacity 116504K, committed 116852K, reserved 1150976K
  class space    used 14280K, capacity 15454K, committed 15564K, reserved 1048576K
}
Event: 91.686 GC heap after
{Heap after GC invocations=46 (full 0):
 garbage-first heap   total 328704K, used 188760K [0x0000000080000000, 0x0000000100000000)
  region size 1024K, 6 young (6144K), 6 survivors (6144K)
 Metaspace       used 113193K, capacity 116504K, committed 116852K, reserved 1150976K
  class space    used 14280K, capacity 15454K, committed 15564K, reserved 1048576K
}

Deoptimization events (20 events):
Event: 99.512 Thread 0x0000017ee7611800 DEOPT PACKING pc=0x0000017ed6346018 sp=0x00000067ccdfd530
Event: 99.512 Thread 0x0000017ee7611800 DEOPT UNPACKING pc=0x0000017ece7ca1af sp=0x00000067ccdfd4f8 mode 2
Event: 99.512 Thread 0x0000017ee7611800 Uncommon trap: trap_request=0xffffffde fr.pc=0x0000017ed6346018 relative=0x0000000000000258
Event: 99.512 Thread 0x0000017ee7611800 Uncommon trap: reason=class_check action=maybe_recompile pc=0x0000017ed6346018 method=java.io.DataOutputStream.write(I)V @ 5 c2
Event: 99.512 Thread 0x0000017ee7611800 DEOPT PACKING pc=0x0000017ed6346018 sp=0x00000067ccdfd530
Event: 99.512 Thread 0x0000017ee7611800 DEOPT UNPACKING pc=0x0000017ece7ca1af sp=0x00000067ccdfd4f8 mode 2
Event: 99.512 Thread 0x0000017ee7611800 Uncommon trap: trap_request=0xffffffde fr.pc=0x0000017ed6348658 relative=0x0000000000000f78
Event: 99.512 Thread 0x0000017ee7611800 Uncommon trap: reason=class_check action=maybe_recompile pc=0x0000017ed6348658 method=java.io.DataOutputStream.write(I)V @ 5 c2
Event: 99.512 Thread 0x0000017ee7611800 DEOPT PACKING pc=0x0000017ed6348658 sp=0x00000067ccdfd540
Event: 99.512 Thread 0x0000017ee7611800 DEOPT UNPACKING pc=0x0000017ece7ca1af sp=0x00000067ccdfd4d0 mode 2
Event: 99.716 Thread 0x0000017ee7611800 Uncommon trap: trap_request=0xffffffde fr.pc=0x0000017ed66b4aac relative=0x000000000000010c
Event: 99.716 Thread 0x0000017ee7611800 Uncommon trap: reason=class_check action=maybe_recompile pc=0x0000017ed66b4aac method=java.lang.reflect.Array.newInstance(Ljava/lang/Class;I)Ljava/lang/Object; @ 2 c2
Event: 99.716 Thread 0x0000017ee7611800 DEOPT PACKING pc=0x0000017ed66b4aac sp=0x00000067ccdfc760
Event: 99.716 Thread 0x0000017ee7611800 DEOPT UNPACKING pc=0x0000017ece7ca1af sp=0x00000067ccdfc6f8 mode 2
Event: 99.750 Thread 0x0000017ee7611800 Uncommon trap: trap_request=0xffffffd6 fr.pc=0x0000017ed6ba1538 relative=0x0000000000002598
Event: 99.750 Thread 0x0000017ee7611800 Uncommon trap: reason=array_check action=maybe_recompile pc=0x0000017ed6ba1538 method=java.util.TimSort.reverseRange([Ljava/lang/Object;II)V @ 27 c2
Event: 99.750 Thread 0x0000017ee7611800 DEOPT PACKING pc=0x0000017ed6ba1538 sp=0x00000067ccdfb180
Event: 99.750 Thread 0x0000017ee7611800 DEOPT UNPACKING pc=0x0000017ece7ca1af sp=0x00000067ccdfb058 mode 2
Event: 99.824 Thread 0x0000017ee7611800 DEOPT PACKING pc=0x0000017ed0f229fd sp=0x00000067ccdfd0c0
Event: 99.824 Thread 0x0000017ee7611800 DEOPT UNPACKING pc=0x0000017ece7ca95e sp=0x00000067ccdfc588 mode 0

Classes redefined (0 events):
No events

Internal exceptions (20 events):
Event: 97.441 Thread 0x0000017ee7611800 Exception <a 'java/net/ConnectException'{0x0000000093e39648}: Connection refused: connect> (0x0000000093e39648) thrown at [./src/hotspot/share/prims/jni.cpp, line 637]
Event: 99.507 Thread 0x0000017ee7611800 Exception <a 'java/net/ConnectException'{0x0000000093e3a378}: Connection refused: connect> (0x0000000093e3a378) thrown at [./src/hotspot/share/prims/jni.cpp, line 637]
Event: 99.608 Thread 0x0000017ee7611800 Exception <a 'java/lang/NoSuchMethodError'{0x0000000093da9d10}: <clinit>> (0x0000000093da9d10) thrown at [./src/hotspot/share/prims/jni.cpp, line 1366]
Event: 99.609 Thread 0x0000017ee7611800 Exception <a 'java/lang/NoSuchMethodError'{0x0000000093db5b50}: <clinit>> (0x0000000093db5b50) thrown at [./src/hotspot/share/prims/jni.cpp, line 1366]
Event: 99.638 Thread 0x0000017ee7611800 Exception <a 'java/lang/NoSuchMethodError'{0x0000000093c4f1f8}: 'java.lang.Object java.lang.invoke.DirectMethodHandle$Holder.invokeSpecial(java.lang.Object, java.lang.Object, int, int, java.lang.Object, int, java.lang.Object, java.lang.Object)'> (0x0000000093c4f1f8) thrown at [./src/hotspot/share/interpreter/linkResolver.cpp, line 773]
Event: 99.638 Thread 0x0000017ee7611800 Exception <a 'java/lang/NoSuchMethodError'{0x0000000093c52ae0}: 'java.lang.Object java.lang.invoke.DelegatingMethodHandle$Holder.reinvoke_L(java.lang.Object, int, int, java.lang.Object, int, java.lang.Object, java.lang.Object)'> (0x0000000093c52ae0) thrown at [./src/hotspot/share/interpreter/linkResolver.cpp, line 773]
Event: 99.642 Thread 0x0000017ee7611800 Exception <a 'java/lang/NoSuchMethodError'{0x0000000093c7dff0}: 'java.lang.Object java.lang.invoke.DirectMethodHandle$Holder.invokeStatic(java.lang.Object, java.lang.Object, java.lang.Object, java.lang.Object, java.lang.Object, java.lang.Object, java.lang.Object, java.lang.Object, int)'> (0x0000000093c7dff0) thrown at [./src/hotspot/share/interpreter/linkResolver.cpp, line 773]
Event: 99.646 Thread 0x0000017ee7611800 Exception <a 'java/lang/NoSuchMethodError'{0x0000000093c98a98}: 'java.lang.Object java.lang.invoke.DirectMethodHandle$Holder.invokeStatic(java.lang.Object, java.lang.Object, java.lang.Object, java.lang.Object, java.lang.Object, java.lang.Object, java.lang.Object, java.lang.Object, int, int)'> (0x0000000093c98a98) thrown at [./src/hotspot/share/interpreter/linkResolver.cpp, line 773]
Event: 99.649 Thread 0x0000017ee7611800 Exception <a 'java/lang/NoSuchMethodError'{0x0000000093cb4440}: 'java.lang.Object java.lang.invoke.DirectMethodHandle$Holder.invokeStatic(java.lang.Object, java.lang.Object, java.lang.Object, java.lang.Object, java.lang.Object, java.lang.Object, java.lang.Object, java.lang.Object, int, int, java.lang.Object)'> (0x0000000093cb4440) thrown at [./src/hotspot/share/interpreter/linkResolver.cpp, line 773]
Event: 99.653 Thread 0x0000017ee7611800 Exception <a 'java/lang/NoSuchMethodError'{0x0000000093cd1270}: 'java.lang.Object java.lang.invoke.DirectMethodHandle$Holder.invokeStatic(java.lang.Object, java.lang.Object, java.lang.Object, java.lang.Object, java.lang.Object, java.lang.Object, java.lang.Object, java.lang.Object, int, int, java.lang.Object, java.lang.Object)'> (0x0000000093cd1270) thrown at [./src/hotspot/share/interpreter/linkResolver.cpp, line 773]
Event: 99.691 Thread 0x0000017ee7611800 Exception <a 'java/lang/NoSuchMethodError'{0x0000000093b03628}: <clinit>> (0x0000000093b03628) thrown at [./src/hotspot/share/prims/jni.cpp, line 1366]
Event: 99.716 Thread 0x0000017ee7619000 Exception <a 'java/lang/InterruptedException'{0x0000000093b6fd00}> (0x0000000093b6fd00) thrown at [./src/hotspot/share/runtime/objectMonitor.cpp, line 1635]
Event: 99.718 Thread 0x0000017ee7619000 Exception <a 'java/lang/NoSuchMethodError'{0x0000000093b77d50}: 'java.lang.Object java.lang.invoke.DirectMethodHandle$Holder.invokeStatic(java.lang.Object, java.lang.Object, int, java.lang.Object, long)'> (0x0000000093b77d50) thrown at [./src/hotspot/share/interpreter/linkResolver.cpp, line 773]
Event: 99.750 Thread 0x0000017ee7611800 Exception <a 'java/lang/NoSuchMethodError'{0x0000000093b65a80}: <clinit>> (0x0000000093b65a80) thrown at [./src/hotspot/share/prims/jni.cpp, line 1366]
Event: 99.751 Thread 0x0000017ee7611800 Exception <a 'java/lang/NoSuchMethodError'{0x0000000093b90030}: <clinit>> (0x0000000093b90030) thrown at [./src/hotspot/share/prims/jni.cpp, line 1366]
Event: 99.753 Thread 0x0000017ee7611800 Exception <a 'java/lang/NoSuchMethodError'{0x0000000093b9ce68}: <clinit>> (0x0000000093b9ce68) thrown at [./src/hotspot/share/prims/jni.cpp, line 1366]
Event: 99.769 Thread 0x0000017ee7611800 Exception <a 'java/lang/NoSuchMethodError'{0x0000000093bb95b8}: <clinit>> (0x0000000093bb95b8) thrown at [./src/hotspot/share/prims/jni.cpp, line 1366]
Event: 99.848 Thread 0x0000017ee7611800 Exception <a 'java/lang/NoSuchMethodError'{0x000000009394af58}: <clinit>> (0x000000009394af58) thrown at [./src/hotspot/share/prims/jni.cpp, line 1366]
Event: 100.220 Thread 0x0000017ee60fe000 Exception <a 'java/lang/NoSuchMethodError'{0x00000000937274a0}: 'java.lang.Object java.lang.invoke.DirectMethodHandle$Holder.invokeStatic(java.lang.Object, java.lang.Object, java.lang.Object, java.lang.Object, java.lang.Object, java.lang.Object, java.lang.Object, java.lang.Object, java.lang.Object, java.lang.Object, java.lang.Object, java.lang.Object, java.lang.Object, int)'> (0x00000000937274a0) thrown at [./src/hotspot/share/interpreter/linkResolver.cpp, line 773]
Event: 100.230 Thread 0x0000017ee60fe000 Exception <a 'java/lang/NoSuchMethodError'{0x0000000093733f10}: 'java.lang.Object java.lang.invoke.DirectMethodHandle$Holder.invokeStatic(java.lang.Object, java.lang.Object, java.lang.Object, java.lang.Object, java.lang.Object, java.lang.Object, java.lang.Object, java.lang.Object, java.lang.Object, java.lang.Object, java.lang.Object, java.lang.Object, java.lang.Object, int, int)'> (0x0000000093733f10) thrown at [./src/hotspot/share/interpreter/linkResolver.cpp, line 773]

Events (20 events):
Event: 99.968 loading class sun/rmi/transport/DGCAckHandler$1 done
Event: 100.156 loading class sun/rmi/transport/tcp/TCPTransport$ConnectionHandler
Event: 100.156 loading class sun/rmi/transport/tcp/TCPTransport$ConnectionHandler done
Event: 100.157 Thread 0x0000017ee60fe000 Thread added: 0x0000017ee60fe000
Event: 100.158 Executing VM operation: RevokeBias
Event: 100.159 Executing VM operation: RevokeBias done
Event: 100.220 loading class java/lang/invoke/BoundMethodHandle$Species_LLLLLLLLLLI
Event: 100.220 loading class java/lang/invoke/BoundMethodHandle$Species_LLLLLLLLLLI done
Event: 100.224 loading class java/lang/invoke/BoundMethodHandle$Species_LLLLLLLLLLII
Event: 100.227 loading class java/lang/invoke/BoundMethodHandle$Species_LLLLLLLLLLII done
Event: 100.234 loading class java/lang/invoke/BoundMethodHandle$Species_LLLLLLLLLLIIL
Event: 100.234 loading class java/lang/invoke/BoundMethodHandle$Species_LLLLLLLLLLIIL done
Event: 100.236 Executing VM operation: RevokeBias
Event: 100.236 Executing VM operation: RevokeBias done
Event: 100.243 Executing VM operation: RevokeBias
Event: 100.244 Executing VM operation: RevokeBias done
Event: 100.244 Executing VM operation: RevokeBias
Event: 100.245 Executing VM operation: RevokeBias done
Event: 100.245 Executing VM operation: RevokeBias
Event: 100.245 Executing VM operation: RevokeBias done


Dynamic libraries:
0x00007ff612a10000 - 0x00007ff612a1a000 	C:\Program Files\Android\Android Studio\jre\bin\java.exe
0x00007ff85a720000 - 0x00007ff85a929000 	C:\Windows\SYSTEM32\ntdll.dll
0x00007ff85a330000 - 0x00007ff85a3ee000 	C:\Windows\System32\KERNEL32.DLL
0x00007ff857ff0000 - 0x00007ff85836b000 	C:\Windows\System32\KERNELBASE.dll
0x00007ff857c60000 - 0x00007ff857d71000 	C:\Windows\System32\ucrtbase.dll
0x00007ff8488d0000 - 0x00007ff8488e9000 	C:\Program Files\Android\Android Studio\jre\bin\jli.dll
0x00007ff85a530000 - 0x00007ff85a6dd000 	C:\Windows\System32\USER32.dll
0x00007ff845ab0000 - 0x00007ff845ac7000 	C:\Program Files\Android\Android Studio\jre\bin\VCRUNTIME140.dll
0x00007ff842350000 - 0x00007ff8425f5000 	C:\Windows\WinSxS\amd64_microsoft.windows.common-controls_6595b64144ccf1df_6.0.22000.120_none_9d947278b86cc467\COMCTL32.dll
0x00007ff857fc0000 - 0x00007ff857fe6000 	C:\Windows\System32\win32u.dll
0x00007ff85a480000 - 0x00007ff85a523000 	C:\Windows\System32\msvcrt.dll
0x00007ff858da0000 - 0x00007ff858dc9000 	C:\Windows\System32\GDI32.dll
0x00007ff857d80000 - 0x00007ff857e98000 	C:\Windows\System32\gdi32full.dll
0x00007ff857f20000 - 0x00007ff857fbd000 	C:\Windows\System32\msvcp_win.dll
0x00007ff85a0b0000 - 0x00007ff85a0e2000 	C:\Windows\System32\IMM32.DLL
0x00007ff82c560000 - 0x00007ff82c5fd000 	C:\Program Files\Android\Android Studio\jre\bin\msvcp140.dll
0x00007ff81b010000 - 0x00007ff81bb12000 	C:\Program Files\Android\Android Studio\jre\bin\server\jvm.dll
0x00007ff85a000000 - 0x00007ff85a0ae000 	C:\Windows\System32\ADVAPI32.dll
0x00007ff858850000 - 0x00007ff8588ee000 	C:\Windows\System32\sechost.dll
0x00007ff858c80000 - 0x00007ff858da0000 	C:\Windows\System32\RPCRT4.dll
0x00007ff858690000 - 0x00007ff858698000 	C:\Windows\System32\PSAPI.DLL
0x00007ff853d70000 - 0x00007ff853d79000 	C:\Windows\SYSTEM32\WSOCK32.dll
0x00007ff8501d0000 - 0x00007ff850203000 	C:\Windows\SYSTEM32\WINMM.dll
0x00007ff8597a0000 - 0x00007ff85980f000 	C:\Windows\System32\WS2_32.dll
0x00007ff84ac80000 - 0x00007ff84ac8a000 	C:\Windows\SYSTEM32\VERSION.dll
0x00007ff856d60000 - 0x00007ff856d78000 	C:\Windows\SYSTEM32\kernel.appcore.dll
0x00007ff849e40000 - 0x00007ff849e51000 	C:\Program Files\Android\Android Studio\jre\bin\verify.dll
0x00007ff855770000 - 0x00007ff855991000 	C:\Windows\SYSTEM32\DBGHELP.DLL
0x00007ff848f30000 - 0x00007ff848f61000 	C:\Windows\SYSTEM32\dbgcore.DLL
0x00007ff857ea0000 - 0x00007ff857f1f000 	C:\Windows\System32\bcryptPrimitives.dll
0x00007ff848f00000 - 0x00007ff848f29000 	C:\Program Files\Android\Android Studio\jre\bin\java.dll
0x00007ff851c40000 - 0x00007ff851c4b000 	C:\Program Files\Android\Android Studio\jre\bin\jimage.dll
0x00007ff8497a0000 - 0x00007ff8497b8000 	C:\Program Files\Android\Android Studio\jre\bin\zip.dll
0x00007ff858dd0000 - 0x00007ff859587000 	C:\Windows\System32\SHELL32.dll
0x00007ff855c20000 - 0x00007ff856485000 	C:\Windows\SYSTEM32\windows.storage.dll
0x00007ff858900000 - 0x00007ff858c78000 	C:\Windows\System32\combase.dll
0x00007ff8559a0000 - 0x00007ff855b06000 	C:\Windows\SYSTEM32\wintypes.dll
0x00007ff858760000 - 0x00007ff85884a000 	C:\Windows\System32\SHCORE.dll
0x00007ff859810000 - 0x00007ff85986d000 	C:\Windows\System32\shlwapi.dll
0x00007ff857b20000 - 0x00007ff857b41000 	C:\Windows\SYSTEM32\profapi.dll
0x00007ff848d70000 - 0x00007ff848d8a000 	C:\Program Files\Android\Android Studio\jre\bin\net.dll
0x00007ff84fbc0000 - 0x00007ff84fcd4000 	C:\Windows\SYSTEM32\WINHTTP.dll
0x00007ff857200000 - 0x00007ff857267000 	C:\Windows\system32\mswsock.dll
0x00007ff848d50000 - 0x00007ff848d64000 	C:\Program Files\Android\Android Studio\jre\bin\nio.dll
0x00007ff8466d0000 - 0x00007ff8466f7000 	C:\Users\Administrator\.gradle\native\e1d6ef7f7dcc3fd88c89a11ec53ec762bb8ba0a96d01ffa2cd45eb1d1d8dd5c5\windows-amd64\native-platform.dll
0x00007ff823580000 - 0x00007ff8236c4000 	C:\Users\Administrator\.gradle\native\0d407fdbe67a94daf76414ababcb853783967236a71b16ec16e742cd7a986fd3\windows-amd64\native-platform-file-events.dll
0x00007ff850c90000 - 0x00007ff850c9a000 	C:\Program Files\Android\Android Studio\jre\bin\management.dll
0x00007ff850740000 - 0x00007ff85074d000 	C:\Program Files\Android\Android Studio\jre\bin\management_ext.dll
0x00007ff857450000 - 0x00007ff857468000 	C:\Windows\SYSTEM32\CRYPTSP.dll
0x00007ff856cc0000 - 0x00007ff856cf5000 	C:\Windows\system32\rsaenh.dll
0x00007ff8572f0000 - 0x00007ff857319000 	C:\Windows\SYSTEM32\USERENV.dll
0x00007ff8575d0000 - 0x00007ff8575f7000 	C:\Windows\SYSTEM32\bcrypt.dll
0x00007ff857440000 - 0x00007ff85744c000 	C:\Windows\SYSTEM32\CRYPTBASE.dll
0x00007ff856890000 - 0x00007ff8568bd000 	C:\Windows\SYSTEM32\IPHLPAPI.DLL
0x00007ff859590000 - 0x00007ff859599000 	C:\Windows\System32\NSI.dll
0x00007ff84f380000 - 0x00007ff84f399000 	C:\Windows\SYSTEM32\dhcpcsvc6.DLL
0x00007ff850590000 - 0x00007ff8505ae000 	C:\Windows\SYSTEM32\dhcpcsvc.DLL
0x00007ff8568c0000 - 0x00007ff8569a8000 	C:\Windows\SYSTEM32\DNSAPI.dll
0x00007ff845a90000 - 0x00007ff845aae000 	C:\Users\Administrator\AppData\Local\Temp\native-platform8939111596033023703dir\native-platform.dll
0x00007ff8473e0000 - 0x00007ff8473e8000 	C:\Program Files\Android\Android Studio\jre\bin\rmi.dll

dbghelp: loaded successfully - version: 4.0.5 - missing functions: none
symbol engine: initialized successfully - sym options: 0x614 - pdb path: .;C:\Program Files\Android\Android Studio\jre\bin;C:\Windows\SYSTEM32;C:\Windows\WinSxS\amd64_microsoft.windows.common-controls_6595b64144ccf1df_6.0.22000.120_none_9d947278b86cc467;C:\Program Files\Android\Android Studio\jre\bin\server;C:\Users\Administrator\.gradle\native\e1d6ef7f7dcc3fd88c89a11ec53ec762bb8ba0a96d01ffa2cd45eb1d1d8dd5c5\windows-amd64;C:\Users\Administrator\.gradle\native\0d407fdbe67a94daf76414ababcb853783967236a71b16ec16e742cd7a986fd3\windows-amd64;C:\Users\Administrator\AppData\Local\Temp\native-platform8939111596033023703dir

VM Arguments:
jvm_args: --add-opens=java.base/java.util=ALL-UNNAMED --add-opens=java.base/java.lang=ALL-UNNAMED --add-opens=java.base/java.lang.invoke=ALL-UNNAMED --add-opens=java.base/java.util=ALL-UNNAMED --add-opens=java.prefs/java.util.prefs=ALL-UNNAMED --add-opens=java.prefs/java.util.prefs=ALL-UNNAMED --add-opens=java.base/java.nio.charset=ALL-UNNAMED --add-opens=java.base/java.net=ALL-UNNAMED --add-opens=java.base/java.util.concurrent.atomic=ALL-UNNAMED -Xmx2048m -Dfile.encoding=UTF-8 -Duser.country=US -Duser.language=en -Duser.variant 
java_command: org.gradle.launcher.daemon.bootstrap.GradleDaemon 7.4
java_class_path (initial): C:\Users\Administrator\.gradle\wrapper\dists\gradle-7.4-bin\c0gwcg53nkjbqw7r0h0umtfvt\gradle-7.4\lib\gradle-launcher-7.4.jar
Launcher Type: SUN_STANDARD

[Global flags]
     intx CICompilerCount                          = 3                                         {product} {ergonomic}
     uint ConcGCThreads                            = 1                                         {product} {ergonomic}
     uint G1ConcRefinementThreads                  = 4                                         {product} {ergonomic}
   size_t G1HeapRegionSize                         = 1048576                                   {product} {ergonomic}
    uintx GCDrainStackTargetSize                   = 64                                        {product} {ergonomic}
   size_t InitialHeapSize                          = 134217728                                 {product} {ergonomic}
   size_t MarkStackSize                            = 4194304                                   {product} {ergonomic}
   size_t MaxHeapSize                              = 2147483648                                {product} {command line}
   size_t MaxNewSize                               = 1287651328                                {product} {ergonomic}
   size_t MinHeapDeltaBytes                        = 1048576                                   {product} {ergonomic}
    uintx NonNMethodCodeHeapSize                   = 5830732                                {pd product} {ergonomic}
    uintx NonProfiledCodeHeapSize                  = 122913754                              {pd product} {ergonomic}
    uintx ProfiledCodeHeapSize                     = 122913754                              {pd product} {ergonomic}
    uintx ReservedCodeCacheSize                    = 251658240                              {pd product} {ergonomic}
     bool SegmentedCodeCache                       = true                                      {product} {ergonomic}
     bool UseCompressedClassPointers               = true                                 {lp64_product} {ergonomic}
     bool UseCompressedOops                        = true                                 {lp64_product} {ergonomic}
     bool UseG1GC                                  = true                                      {product} {ergonomic}
     bool UseLargePagesIndividualAllocation        = false                                  {pd product} {ergonomic}

Logging:
Log output configuration:
 #0: stdout all=warning uptime,level,tags
 #1: stderr all=off uptime,level,tags

Environment Variables:
PATH=C:\Program Files (x86)\Common Files\Oracle\Java\javapath;C:\Windows\system32;C:\Windows;C:\Windows\System32\Wbem;C:\Windows\System32\WindowsPowerShell\v1.0\;C:\Windows\System32\OpenSSH\;C:\Program Files\Git\cmd;C:\xampp\php;C:\ProgramData\ComposerSetup\bin;C:\Program Files (x86)\NVIDIA Corporation\PhysX\Common;C:\Program Files\NVIDIA Corporation\NVIDIA NvDLISR;C:\Program Files\nodejs\;C:\Program Files\dotnet\;C:\Users\Administrator\AppData\Local\Microsoft\WindowsApps;C:\Users\Administrator\AppData\Local\Programs\Microsoft VS Code\bin;C:\Users\Administrator\AppData\Roaming\Composer\vendor\bin;D:\xampp\php\php.exe;C:\Users\Administrator\AppData\Roaming\npm;C:\Program Files\Java\jdk-19.0.1\bin;
USERNAME=Administrator
OS=Windows_NT
PROCESSOR_IDENTIFIER=Intel64 Family 6 Model 142 Stepping 9, GenuineIntel



---------------  S Y S T E M  ---------------

OS: Windows 11 , 64 bit Build 22000 (10.0.22000.1335)
OS uptime: 2 days 2:29 hours

CPU:total 4 (initial active 4) (2 cores per cpu, 2 threads per core) family 6 model 142 stepping 9 microcode 0xde, cmov, cx8, fxsr, mmx, sse, sse2, sse3, ssse3, sse4.1, sse4.2, popcnt, avx, avx2, aes, clmul, erms, 3dnowpref, lzcnt, ht, tsc, tscinvbit, bmi1, bmi2, adx, fma

Memory: 4k page, system-wide physical 8073M (695M free)
TotalPageFile size 8073M (AvailPageFile size 221M)
current process WorkingSet (physical memory assigned to process): 636M, peak: 651M
current process commit charge ("private bytes"): 667M, peak: 683M

vm_info: OpenJDK 64-Bit Server VM (11.0.13+0-b1751.21-8125866) for windows-amd64 JRE (11.0.13+0-b1751.21-8125866), built on Feb  2 2022 03:00:22 by "builder" with MS VC++ 14.0 (VS2015)

END.
